-0.498 1.20877 0.70851
-0.496 1.43664 0.722699
-0.494 1.61332 0.721865
-0.492 1.73076 0.704989
-0.49 1.78357 0.671649
-0.488 1.76927 0.622061
-0.486 1.68842 0.557095
-0.484 1.54458 0.478256
-0.482 1.34414 0.387637
-0.48 1.09601 0.287844
-0.478 0.811182 0.181891
-0.476 0.502245 0.0730765
-0.474 0.182753 -0.0351541
-0.472 -0.133401 -0.139357
-0.47 -0.432634 -0.236238
-0.468 -0.70231 -0.322802
-0.466 -0.931317 -0.396478
-0.464 -1.11057 -0.455236
-0.462 -1.23343 -0.497675
-0.46 -1.29594 -0.523081
-0.458 -1.29703 -0.531457
-0.456 -1.23847 -0.52351
-0.454 -1.1248 -0.500617
-0.452 -0.962983 -0.464752
-0.45 -0.762104 -0.418384
-0.448 -0.532843 -0.364356
-0.446 -0.286933 -0.305742
-0.444 -0.0365696 -0.245701
-0.442 0.206213 -0.18732
-0.44 0.430133 -0.133466
-0.438 0.625212 -0.0866527
-0.436 0.783258 -0.0489195
-0.434 0.898237 -0.0217422
-0.432 0.966546 -0.00596959
-0.43 0.987138 -0.00179391
-0.428 0.961527 -0.00875474
-0.426 0.89365 -0.0257772
-0.424 0.789598 -0.0512413
-0.422 0.657244 -0.0830804
-0.42 0.50577 -0.118901
-0.418 0.345129 -0.156121
-0.416 0.185468 -0.192116
-0.414 0.0365415 -0.224369
-0.412 -0.0928467 -0.250614
-0.41 -0.195354 -0.268966
-0.408 -0.265525 -0.278029
-0.406 -0.30011 -0.276981
-0.404 -0.298269 -0.26563
-0.402 -0.261629 -0.24443
-0.4 -0.194216 -0.214466
-0.398 -0.102244 -0.177406
-0.396 0.00622181 -0.135418
-0.394 0.121706 -0.0910579
-0.392 0.233851 -0.0471377
-0.39 0.332007 -0.00657337
-0.388 0.405847 0.0277736
-0.386 0.445974 0.053257
-0.384 0.444501 0.067598
-0.382 0.395551 0.069023
-0.38 0.295673 0.0563774
-0.378 0.144131 0.0292113
-0.376 -0.0569366 -0.0121694
-0.374 -0.30251 -0.0666889
-0.372 -0.584824 -0.132526
-0.37 -0.893654 -0.207177
-0.368 -1.21674 -0.287555
-0.366 -1.5403 -0.370115
-0.364 -1.84969 -0.451017
-0.362 -2.13004 -0.526294
-0.36 -2.36703 -0.592035
-0.358 -2.54752 -0.644577
-0.356 -2.6603 -0.680673
-0.354 -2.6966 -0.697664
-0.352 -2.65062 -0.693607
-0.35 -2.51989 -0.667388
-0.348 -2.30542 -0.618789
-0.346 -2.01182 -0.548516
-0.344 -1.64708 -0.458192
-0.342 -1.22236 -0.350297
-0.34 -0.751504 -0.228079
-0.338 -0.250484 -0.0954223
-0.336 0.26329 0.0433114
-0.334 0.771715 0.183463
-0.332 1.25679 0.320273
-0.33 1.70142 0.449082
-0.328 2.09013 0.565529
-0.326 2.40983 0.665732
-0.324 2.65029 0.746457
-0.322 2.80466 0.805243
-0.32 2.86973 0.840507
-0.318 2.84604 0.8516
-0.316 2.73781 0.838822
-0.314 2.55274 0.803394
-0.312 2.30158 0.747395
-0.31 1.9976 0.673649
-0.308 1.65595 0.585588
-0.306 1.2929 0.487087
-0.304 0.925066 0.382278
-0.302 0.568609 0.27536
-0.3 0.238468 0.170404
-0.298 -0.0523402 0.0711711
-0.296 -0.293318 -0.0190532
-0.294 -0.476956 -0.0975954
-0.292 -0.599046 -0.162501
-0.29 -0.658831 -0.212603
-0.288 -0.658972 -0.247546
-0.286 -0.605351 -0.267778
-0.284 -0.50671 -0.274492
-0.282 -0.374139 -0.269536
-0.28 -0.220458 -0.255291
-0.278 -0.0595079 -0.234526
-0.276 0.0946091 -0.210228
-0.274 0.228299 -0.185437
-0.272 0.329218 -0.163066
-0.27 0.386951 -0.145746
-0.268 0.393585 -0.135678
-0.266 0.344166 -0.134513
-0.264 0.23699 -0.143272
-0.262 0.0737397 -0.162284
-0.26 -0.140567 -0.191182
-0.258 -0.397788 -0.228921
-0.256 -0.687044 -0.273844
-0.254 -0.995248 -0.323774
-0.252 -1.30775 -0.376141
-0.25 -1.60909 -0.428124
-0.248 -1.88377 -0.476814
-0.246 -2.1171 -0.519374
-0.244 -2.29596 -0.553205
-0.242 -2.40952 -0.576095
-0.24 -2.44987 -0.586346
-0.238 -2.41253 -0.582882
-0.236 -2.29672 -0.565316
-0.234 -2.10555 -0.533983
-0.232 -1.84595 -0.489941
-0.23 -1.52843 -0.434919
-0.228 -1.16665 -0.371241
-0.226 -0.776851 -0.30171
-0.224 -0.377047 -0.229466
-0.222 0.0137694 -0.157826
-0.22 0.376573 -0.0901029
-0.218 0.693252 -0.0294351
-0.216 0.947532 0.0213909
-0.214 1.12583 0.0600946
-0.212 1.21801 0.0850359
-0.21 1.21797 0.0953162
-0.208 1.12402 0.0908452
-0.206 0.939138 0.0723649
-0.204 0.670896 0.0414324
-0.202 0.331233 0.000359572
-0.2 -0.0640156 -0.0478866
-0.198 -0.495784 -0.0998201
-0.196 -0.942604 -0.1516
-0.194 -1.38157 -0.199218
-0.192 -1.78938 -0.238694
-0.19 -2.14342 -0.266281
-0.188 -2.42282 -0.278652
-0.186 -2.60947 -0.273082
-0.184 -2.68887 -0.247595
-0.182 -2.6509 -0.201079
-0.18 -2.49028 -0.133361
-0.178 -2.20693 -0.045243
-0.176 -1.80606 0.0615175
-0.174 -1.29795 0.184264
-0.172 -0.697587 0.319543
-0.17 -0.0240798 0.463246
-0.168 0.700161 0.610781
-0.166 1.45034 0.757267
-0.164 2.20034 0.897743
-0.162 2.92376 1.02738
-0.16 3.59511 1.1417
-0.158 4.19078 1.23674
-0.156 4.69006 1.30925
-0.154 5.07596 1.35679
-0.152 5.33591 1.37787
-0.15 5.46219 1.37196
-0.148 5.45222 1.3395
-0.146 5.30857 1.28187
-0.144 5.03882 1.20133
-0.142 4.65511 1.10083
-0.14 4.17356 0.983928
-0.138 3.61355 0.854564
-0.136 2.99678 0.716895
-0.134 2.34634 0.575083
-0.132 1.68572 0.433108
-0.13 1.03776 0.294594
-0.128 0.423717 0.16265
-0.126 -0.137575 0.0397528
-0.124 -0.63046 -0.0723359
-0.122 -1.04301 -0.172615
-0.12 -1.36744 -0.260839
-0.118 -1.60024 -0.337479
-0.116 -1.74222 -0.403636
-0.114 -1.7983 -0.460925
-0.112 -1.77707 -0.511329
-0.11 -1.69033 -0.557034
-0.108 -1.55235 -0.600255
-0.106 -1.37914 -0.64306
-0.104 -1.18762 -0.687209
-0.102 -0.994787 -0.734006
-0.1 -0.816878 -0.784184
-0.098 -0.668607 -0.837821
-0.096 -0.562484 -0.894304
-0.094 -0.508248 -0.952325
-0.092 -0.512438 -1.00993
-0.09 -0.578114 -1.0646
-0.088 -0.704757 -1.1134
-0.086 -0.888319 -1.1531
-0.084 -1.12146 -1.18038
-0.082 -1.39391 -1.19203
-0.08 -1.69303 -1.18512
-0.078 -2.00441 -1.15725
-0.076 -2.31264 -1.10667
-0.074 -2.60208 -1.03245
-0.072 -2.85762 -0.934583
-0.07 -3.06555 -0.81409
-0.068 -3.21416 -0.672997
-0.066 -3.29444 -0.514322
-0.064 -3.30046 -0.341995
-0.062 -3.22973 -0.160721
-0.06 -3.08327 0.0241884
-0.058 -2.86552 0.207034
-0.056 -2.58409 0.381964
-0.054 -2.24928 0.543225
-0.052 -1.87354 0.68543
-0.05 -1.47073 0.803798
-0.048 -1.05539 0.894389
-0.046 -0.641973 0.954297
-0.044 -0.244097 0.981805
-0.042 0.126116 0.976483
-0.04 0.458587 0.939234
-0.038 0.745688 0.872273
-0.036 0.982486 0.779055
-0.034 1.16682 0.664131
-0.032 1.29917 0.532961
-0.03 1.38247 0.391682
-0.028 1.42162 0.24683
-0.026 1.42307 0.105055
-0.024 1.39422 -0.0271815
-0.022 1.34287 -0.143907
-0.02 1.27663 -0.239909
-0.018 1.20244 -0.310982
-0.016 1.12618 -0.354125
-0.014 1.05237 -0.367686
-0.012 0.984046 -0.351439
-0.01 0.922668 -0.306601
-0.008 0.868256 -0.235774
-0.006 0.819542 -0.142824
-0.004 0.774205 -0.0326983
-0.002 0.729161 0.0888125
0 0.680861 0.215348
0.002 0.625652 0.340288
0.004 0.559943 0.457057
0.006 0.48065 0.559456
0.008 0.385452 0.64195
0.01 0.273083 0.699939
0.012 0.143586 0.729973
0.014 -0.00147617 0.729926
0.016 -0.158883 0.69909
0.018 -0.323722 0.638216
0.02 -0.489467 0.549475
0.022 -0.648191 0.43636
0.024 -0.790909 0.30352
0.026 -0.90804 0.156548
0.028 -0.989961 0.00172213
0.03 -1.02763 -0.154284
0.032 -1.01319 -0.304699
0.034 -0.940628 -0.442963
0.036 -0.806232 -0.56301
0.038 -0.609061 -0.659542
0.04 -0.351188 -0.728243
0.042 -0.0378044 -0.765966
0.044 0.322874 -0.770848
0.046 0.719877 -0.742375
0.048 1.13993 -0.681378
0.05 1.56804 -0.589973
0.052 1.98824 -0.471442
0.054 2.38438 -0.33006
0.056 2.74094 -0.17089
0.058 3.04385 0.000464361
0.06 3.28128 0.178112
0.062 3.44422 0.356142
0.064 3.52702 0.528882
0.066 3.52765 0.691131
0.068 3.44786 0.83837
0.07 3.29309 0.966926
0.072 3.07213 1.07409
0.074 2.79671 1.15819
0.076 2.48087 1.21858
0.078 2.14022 1.25567
0.08 1.79116 1.27073
0.082 1.45003 1.26586
0.084 1.1323 1.24376
0.086 0.851804 1.20758
0.088 0.620044 1.16067
0.09 0.445642 1.10642
0.092 0.333903 1.04799
0.094 0.286553 0.98822
0.096 0.301637 0.929388
0.098 0.373597 0.873143
0.1 0.493508 0.820416
0.102 0.649488 0.771388
0.104 0.827239 0.725514
0.106 1.01072 0.681581
0.108 1.18291 0.637813
0.11 1.32663 0.592015
0.112 1.4254 0.541733
0.114 1.46429 0.484442
0.116 1.4307 0.417739
0.118 1.31506 0.339528
0.12 1.11142 0.248195
0.122 0.817899 0.142759
0.124 0.436873 0.022985
0.126 -0.0249208 -0.110532
0.128 -0.556558 -0.25634
0.13 -1.14327 -0.412139
0.132 -1.76701 -0.574847
0.134 -2.4071 -0.7407
0.136 -3.04117 -0.905399
0.138 -3.64602 -1.06429
0.14 -4.19866 -1.21256
0.142 -4.67734 -1.34547
0.144 -5.0625 -1.45854
0.146 -5.33768 -1.54781
0.148 -5.49031 -1.60998
0.15 -5.5123 -1.64263
0.152 -5.40048 -1.64431
0.154 -5.15682 -1.61466
0.156 -4.78841 -1.55441
0.158 -4.30721 -1.46542
0.16 -3.72963 -1.35056
0.162 -3.07586 -1.21365
0.164 -2.36906 -1.0593
0.166 -1.63436 -0.892703
0.168 -0.897865 -0.719437
0.17 -0.185524 -0.545232
0.172 0.477968 -0.375728
0.174 1.07021 -0.216241
0.176 1.57205 -0.0715497
0.178 1.96837 0.0543046
0.18 2.24871 0.158172
0.182 2.40769 0.237915
0.184 2.44519 0.292477
0.186 2.36625 0.321904
0.188 2.18085 0.327315
0.19 1.90331 0.310829
0.192 1.55164 0.275435
0.194 1.14663 0.22484
0.196 0.710897 0.163274
0.198 0.267755 0.0952802
0.2 -0.159817 0.0254973
0.202 -0.550246 -0.041565
0.204 -0.88434 -0.101733
0.206 -1.14613 -0.151361
0.208 -1.32355 -0.187483
0.21 -1.40889 -0.207944
0.212 -1.39913 -0.211471
0.214 -1.29587 -0.197712
0.216 -1.10525 -0.167223
0.218 -0.837459 -0.121408
0.22 -0.506215 -0.0624233
0.222 -0.127982 0.00695626
0.224 0.278878 0.0834992
0.226 0.695032 0.163697
0.228 1.10114 0.243954
0.23 1.47878 0.320775
0.232 1.81131 0.390943
0.234 2.08465 0.451682
0.236 2.28786 0.500781
0.238 2.41361 0.5367
0.24 2.45842 0.558622
0.242 2.42275 0.56648
0.244 2.31082 0.560927
0.246 2.13036 0.543286
0.248 1.89208 0.515446
0.25 1.60908 0.479744
0.252 1.29613 0.438817
0.254 0.968866 0.395441
0.256 0.643016 0.352367
0.258 0.333558 0.312157
0.26 0.0540007 0.277035
0.262 -0.18429 0.248758
0.264 -0.372627 0.228515
0.266 -0.505398 0.216853
0.268 -0.580304 0.213648
0.27 -0.598419 0.218105
0.272 -0.564083 0.228806
0.274 -0.48462 0.243782
0.276 -0.369914 0.260628
0.278 -0.231849 0.276636
0.28 -0.0836449 0.288952
0.282 0.0608644 0.294743
0.284 0.187995 0.29136
0.286 0.284965 0.276509
0.288 0.340601 0.24839
0.29 0.345963 0.205822
0.292 0.294864 0.14834
0.294 0.184243 0.0762518
0.296 0.0143812 -0.0093446
0.298 -0.211048 -0.106578
0.3 -0.485105 -0.212866
0.302 -0.797874 -0.325012
0.304 -1.13691 -0.439336
0.306 -1.48781 -0.551832
0.308 -1.8349 -0.658344
0.31 -2.16198 -0.754754
0.312 -2.45311 -0.837166
0.314 -2.6934 -0.902096
0.316 -2.8697 -0.946628
0.318 -2.97131 -0.968556
0.32 -2.99051 -0.966498
0.322 -2.92293 -0.939962
0.324 -2.76784 -0.889381
0.326 -2.52819 -0.816104
0.328 -2.21055 -0.722349
0.33 -1.82481 -0.611107
0.332 -1.38373 -0.486028
0.334 -0.902462 -0.351263
0.336 -0.397776 -0.211293
0.338 0.112618 -0.0707407
0.34 0.610888 0.065819
0.342 1.07986 0.19405
0.344 1.50376 0.310028
0.346 1.86892 0.410398
0.348 2.16433 0.492504
0.35 2.38208 0.554478
0.352 2.51764 0.595306
0.354 2.57003 0.614841
0.356 2.54171 0.613785
0.358 2.43844 0.593631
0.36 2.26888 0.556569
0.362 2.04413 0.505362
0.364 1.77714 0.443204
0.366 1.48202 0.373553
0.368 1.17336 0.299967
0.37 0.865543 0.225932
0.372 0.572018 0.154706
0.374 0.304729 0.0891724
0.376 0.0735747 0.0317215
0.378 -0.113996 -0.0158385
0.38 -0.253253 -0.0523423
0.382 -0.34232 -0.0772899
0.384 -0.382149 -0.0908361
0.386 -0.376363 -0.0937447
0.388 -0.330955 -0.0873139
0.39 -0.253883 -0.0732743
0.392 -0.154556 -0.0536685
0.394 -0.0432689 -0.0307163
0.396 0.0694057 -0.00667588
0.398 0.173229 0.0162941
0.4 0.258877 0.0362628
0.402 0.318465 0.0516383
0.404 0.345985 0.0612584
0.406 0.337639 0.0644531
0.408 0.292044 0.0610789
0.41 0.210299 0.0515207
0.412 0.0959262 0.0366635
0.414 -0.0453372 0.017835
0.416 -0.20586 -0.00327841
0.418 -0.376549 -0.0247357
0.42 -0.547361 -0.0444613
0.422 -0.707871 -0.0603739
0.424 -0.847867 -0.0705163
0.426 -0.957933 -0.0731812
0.428 -1.03 -0.0670236
0.43 -1.05783 -0.0511556
0.432 -1.03739 -0.0252179
0.434 -0.967144 0.0105767
0.436 -0.848164 0.0554289
0.438 -0.684166 0.10797
0.44 -0.481358 0.166309
0.442 -0.248174 0.228108
0.444 0.00511375 0.290684
0.446 0.266881 0.351126
0.448 0.524718 0.406433
0.45 0.766042 0.453653
0.452 0.978722 0.490024
0.454 1.1517 0.513116
0.456 1.27555 0.520947
0.458 1.34297 0.51209
0.46 1.3492 0.485751
0.462 1.29225 0.441819
0.464 1.17309 0.380884
0.466 0.99558 0.304223
0.468 0.766404 0.213757
0.47 0.494724 0.111972
0.472 0.191802 0.00181854
0.474 -0.129517 -0.113412
0.476 -0.455395 -0.230226
0.478 -0.771644 -0.345075
0.48 -1.06439 -0.454505
0.482 -1.32071 -0.555302
0.484 -1.52928 -0.644622
0.486 -1.68085 -0.720102
0.488 -1.76877 -0.779956
0.49 -1.7892 -0.823028
0.492 -1.74141 -0.84883
0.494 -1.62771 -0.857536
0.496 -1.45344 -0.849955
0.498 -1.22665 -0.827468
0.4 0.0201253 0.0205191
0.8 0.020611 0.0207297
1.2 0.0214149 0.0210772
1.6 0.0225286 0.0215567
2 0.0239409 0.022161
2.4 0.0256372 0.0228815
2.8 0.0276002 0.0237078
3.2 0.0298099 0.0246282
3.6 0.0322442 0.0256298
4 0.0348786 0.0266988
4.4 0.0376869 0.0278207
4.8 0.0406417 0.0289806
5.2 0.043714 0.0301635
5.6 0.0468745 0.0313546
6 0.0500931 0.0325394
6.4 0.0533401 0.0337041
6.8 0.0565857 0.0348358
7.2 0.0598009 0.0359228
7.6 0.0629578 0.0369544
8 0.0660297 0.0379214
8.4 0.0689914 0.0388164
8.8 0.0718199 0.0396332
9.2 0.074494 0.0403675
9.6 0.076995 0.0410166
10 0.0793065 0.0415793
10.4 0.0814151 0.042056
10.8 0.0833097 0.0424488
11.2 0.0849822 0.0427608
11.6 0.0864275 0.0429963
12 0.0876429 0.0431608
12.4 0.0886287 0.0432604
12.8 0.0893879 0.043302
13.2 0.0899258 0.0432927
13.6 0.0902502 0.04324
14 0.090371 0.0431511
14.4 0.0903003 0.0430333
14.8 0.0900515 0.0428932
15.2 0.0896399 0.0427369
15.6 0.0890816 0.0425699
16 0.0883939 0.0423967
16.4 0.0875947 0.0422209
16.8 0.0867021 0.0420449
17.2 0.0857343 0.0418702
17.6 0.0847094 0.0416972
18 0.083645 0.0415251
18.4 0.0825578 0.041352
18.8 0.0814638 0.0411751
19.2 0.0803776 0.0409908
19.6 0.0793125 0.0407945
20 0.0782803 0.0405811
20.4 0.0772913 0.0403448
20.8 0.0763539 0.0400797
21.2 0.0754746 0.0397795
21.6 0.0746583 0.039438
22 0.0739079 0.039049
22.4 0.0732245 0.0386065
22.8 0.0726073 0.0381054
23.2 0.0720542 0.0375406
23.6 0.071561 0.0369081
24 0.0711224 0.0362046
24.4 0.0707318 0.0354277
24.8 0.0703813 0.034576
25.2 0.0700622 0.0336492
25.6 0.0697649 0.0326479
26 0.0694796 0.031574
26.4 0.0691959 0.0304302
26.8 0.0689033 0.0292204
27.2 0.0685916 0.0279494
27.6 0.0682508 0.0266229
28 0.0678713 0.0252474
28.4 0.0674444 0.0238301
28.8 0.0669621 0.0223788
29.2 0.0664174 0.0209018
29.6 0.0658046 0.0194076
30 0.065119 0.0179051
30.4 0.0643575 0.0164033
30.8 0.0635182 0.014911
31.2 0.0626007 0.0134369
31.6 0.0616059 0.0119896
32 0.0605363 0.010577
32.4 0.0593958 0.00920691
32.8 0.0581894 0.00788631
33.2 0.0569236 0.00662167
33.6 0.0556057 0.00541873
34 0.0542444 0.00428254
34.4 0.052849 0.00321736
34.8 0.0514294 0.00222666
35.2 0.0499964 0.00131314
35.6 0.048561 0.000478693
36 0.0471342 -0.000275563
36.4 0.0457273 -0.000949262
36.8 0.0443512 -0.00154276
37.2 0.0430167 -0.0020571
37.6 0.0417338 -0.00249396
38 0.040512 -0.00285563
38.4 0.0393599 -0.00314491
38.8 0.0382851 -0.00336512
39.2 0.0372942 -0.00351999
39.6 0.0363926 -0.00361364
40 0.0355843 -0.00365049
40.4 0.0348721 -0.00363525
40.8 0.0342575 -0.00357284
41.2 0.0337403 -0.00346832
41.6 0.0333193 -0.00332688
42 0.0329918 -0.00315378
42.4 0.0327536 -0.00295429
42.8 0.0325996 -0.00273365
43.2 0.0325233 -0.00249704
43.6 0.0325173 -0.00224952
44 0.0325732 -0.001996
44.4 0.0326819 -0.00174121
44.8 0.0328335 -0.00148963
45.2 0.0330178 -0.00124548
45.6 0.0332241 -0.00101268
46 0.0334416 -0.000794778
46.4 0.0336595 -0.000594968
46.8 0.0338672 -0.000416002
47.2 0.0340543 -0.000260183
47.6 0.0342108 -0.000129327
48 0.0343276 -2.47288e-05
48.4 0.0343959 5.28625e-05
48.8 0.034408 0.000103266
49.2 0.0343571 0.000126886
49.6 0.0342373 0.000124727
50 0.0340438 9.83947e-05
50.4 0.0337729 5.00956e-05
50.8 0.0334223 -1.73751e-05
51.2 0.0329904 -0.000100654
51.6 0.0324771 -0.000195839
52 0.0318834 -0.000298531
52.4 0.0312111 -0.000403884
52.8 0.0304633 -0.000506663
53.2 0.029644 -0.000601321
53.6 0.0287581 -0.000682072
54 0.0278113 -0.000742988
54.4 0.0268099 -0.000778087
54.8 0.025761 -0.000781444
55.2 0.0246719 -0.000747295
55.6 0.0235506 -0.000670147
56 0.0224053 -0.000544896
56.4 0.0212443 -0.000366934
56.8 0.0200761 -0.000132259
57.2 0.0189092 0.00016242
57.6 0.0177519 0.000519585
58 0.0166124 0.000940829
58.4 0.0154988 0.00142677
58.8 0.0144187 0.00197701
59.2 0.0133796 0.00259006
59.6 0.0123883 0.00326334
60 0.0114515 0.00399314
60.4 0.0105753 0.00477468
60.8 0.00976534 0.00560207
61.2 0.00902685 0.00646843
61.6 0.00836456 0.0073659
62 0.00778274 0.00828577
62.4 0.00728519 0.00921858
62.8 0.00687525 0.0101542
63.2 0.00655581 0.0110822
63.6 0.00632929 0.0119915
64 0.00619769 0.012871
64.4 0.00616256 0.0137097
64.8 0.00622501 0.0144966
65.2 0.00638571 0.0152213
65.6 0.00664488 0.0158735
66 0.00700228 0.0164441
66.4 0.00745721 0.0169244
66.8 0.00800846 0.017307
67.2 0.00865433 0.0175854
67.6 0.00939261 0.0177546
68 0.0102205 0.0178108
68.4 0.0111347 0.0177515
68.8 0.0121313 0.0175758
69.2 0.0132058 0.0172842
69.6 0.014353 0.0168787
70 0.0155672 0.0163628
70.4 0.0168422 0.0157412
70.8 0.0181709 0.0150201
71.2 0.0195459 0.0142069
71.6 0.0209591 0.0133099
72 0.0224021 0.0123384
72.4 0.0238658 0.0113026
72.8 0.0253408 0.0102133
73.2 0.0268176 0.00908145
73.6 0.0282862 0.00791863
74 0.0297366 0.00673627
74.4 0.0311587 0.00554576
74.8 0.0325428 0.00435817
75.2 0.0338789 0.00318415
75.6 0.0351578 0.00203371
76 0.0363705 0.000916167
76.4 0.0375085 -0.000160056
76.8 0.0385641 -0.00118747
77.2 0.0395305 -0.0021596
77.6 0.0404015 -0.00307106
78 0.0411721 -0.00391757
78.4 0.0418384 -0.00469592
78.8 0.0423974 -0.00540402
79.2 0.0428474 -0.00604077
79.6 0.043188 -0.00660608
80 0.0434197 -0.00710073
80.4 0.0435446 -0.00752628
80.8 0.0435658 -0.00788499
81.2 0.0434874 -0.00817967
81.6 0.0433146 -0.00841353
82 0.0430539 -0.00859011
82.4 0.0427123 -0.0087131
82.8 0.0422977 -0.00878624
83.2 0.0418186 -0.00881319
83.6 0.0412841 -0.00879742
84 0.0407035 -0.00874212
84.4 0.0400864 -0.00865012
84.8 0.0394425 -0.00852381
85.2 0.0387811 -0.00836514
85.6 0.0381115 -0.00817554
86 0.0374425 -0.00795596
86.4 0.0367823 -0.00770684
86.8 0.0361385 -0.0074282
87.2 0.0355177 -0.00711963
87.6 0.0349258 -0.00678039
88 0.0343678 -0.00640948
88.4 0.0338474 -0.00600575
88.8 0.0333674 -0.00556795
89.2 0.0329294 -0.00509489
89.6 0.0325341 -0.0045855
90 0.032181 -0.00403897
90.4 0.0318684 -0.00345481
90.8 0.0315939 -0.00283299
91.2 0.031354 -0.00217396
91.6 0.0311446 -0.00147878
92 0.0309606 -0.000749155
92.4 0.0307966 1.2558e-05
92.8 0.0306464 0.000803292
93.2 0.0305038 0.00161929
93.6 0.0303623 0.0024561
94 0.030215 0.00330867
94.4 0.0300556 0.00417132
94.8 0.0298774 0.00503787
95.2 0.0296745 0.00590173
95.6 0.0294411 0.00675597
96 0.029172 0.00759346
96.4 0.0288626 0.00840696
96.8 0.0285088 0.00918928
97.2 0.0281075 0.00993338
97.6 0.0276563 0.0106325
98 0.0271533 0.0112804
98.4 0.0265978 0.0118711
98.8 0.0259896 0.0123995
99.2 0.0253295 0.0128612
99.6 0.024619 0.0132525
100 0.0238602 0.0135707
100.4 0.023056 0.0138139
100.8 0.0222098 0.0139812
101.2 0.0213256 0.0140727
101.6 0.0204078 0.0140894
102 0.0194612 0.0140333
102.4 0.0184909 0.0139071
102.8 0.0175022 0.0137145
103.2 0.0165004 0.0134598
103.6 0.015491 0.0131481
104 0.0144795 0.0127849
104.4 0.0134711 0.0123762
104.8 0.012471 0.0119284
105.2 0.011484 0.0114479
105.6 0.0105149 0.0109413
106 0.0095679 0.0104153
106.4 0.008647 0.00987628
106.8 0.00775574 0.00933041
107.2 0.00689731 0.00878358
107.6 0.00607444 0.00824121
108 0.00528947 0.00770824
108.4 0.00454432 0.00718909
108.8 0.00384049 0.00668753
109.2 0.00317908 0.00620676
109.6 0.00256084 0.00574931
110 0.00198613 0.00531709
110.4 0.00145498 0.0049114
110.8 0.00096714 0.00453292
111.2 0.000522041 0.00418179
111.6 0.000118881 0.00385765
112 -0.000243372 0.00355968
112.4 -0.000565952 0.00328666
112.8 -0.000850264 0.00303708
113.2 -0.00109786 0.00280915
113.6 -0.00131043 0.00260091
114 -0.00148974 0.0024103
114.4 -0.00163767 0.0022352
114.8 -0.00175614 0.00207351
115.2 -0.00184712 0.00192321
115.6 -0.00191264 0.00178242
116 -0.00195471 0.00164939
116.4 -0.00197536 0.00152259
116.8 -0.00197664 0.00140072
117.2 -0.00196053 0.00128271
117.6 -0.00192903 0.00116775
118 -0.00188408 0.00105527
118.4 -0.00182757 0.000944942
118.8 -0.00176135 0.000836657
119.2 -0.00168721 0.000730517
119.6 -0.00160683 0.000626795
120 -0.00152185 0.000525914
120.4 -0.00143379 0.000428409
120.8 -0.0013441 0.000334894
121.2 -0.00125409 0.000246029
121.6 -0.00116499 0.000162484
122 -0.00107789 8.49091e-05
122.4 -0.000993774 1.39024e-05
122.8 -0.000913475 -5.00142e-05
123.2 -0.000837712 -0.000106417
123.6 -0.000767067 -0.000154999
124 -0.000701988 -0.000195581
124.4 -0.000642794 -0.000228121
124.8 -0.000589676 -0.000252715
125.2 -0.000542702 -0.000269598
125.6 -0.000501824 -0.000279133
126 -0.000466886 -0.000281806
126.4 -0.000437634 -0.000278207
126.8 -0.000413724 -0.000269017
127.2 -0.000394741 -0.000254989
127.6 -0.000380204 -0.000236925
128 -0.000369583 -0.000215655
128.4 -0.000362313 -0.000192021
128.8 -0.00035781 -0.00016685
129.2 -0.00035548 -0.000140937
129.6 -0.000354736 -0.000115028
130 -0.000355008 -8.98067e-05
130.4 -0.00035576 -6.58751e-05
130.8 -0.000356492 -4.37497e-05
131.2 -0.000356758 -2.38516e-05
131.6 -0.000356166 -6.50299e-06
132 -0.000354388 8.07393e-06
132.4 -0.000351165 1.97551e-05
132.8 -0.000346304 2.85101e-05
133.2 -0.000339684 3.43953e-05
133.6 -0.000331253 3.75452e-05
134 -0.000321024 3.81614e-05
134.4 -0.000309074 3.65015e-05
134.8 -0.000295534 3.28662e-05
135.2 -0.000280587 2.75865e-05
135.6 -0.000264458 2.10109e-05
136 -0.000247406 1.34933e-05
136.4 -0.000229718 5.38121e-06
136.8 -0.000211696 -2.99466e-06
137.2 -0.000193654 -1.13292e-05
137.6 -0.000175904 -1.93505e-05
138 -0.000158752 -2.68256e-05
138.4 -0.00014249 -3.35645e-05
138.8 -0.00012739 -3.94223e-05
139.2 -0.000113694 -4.43001e-05
139.6 -0.000101618 -4.81432e-05
140 -9.13403e-05 -5.09395e-05
140.4 -8.30041e-05 -5.27148e-05
140.8 -7.67139e-05 -5.35288e-05
141.2 -7.2536e-05 -5.34688e-05
141.6 -7.04984e-05 -5.26442e-05
142 -7.05929e-05 -5.11794e-05
142.4 -7.2777e-05 -4.92079e-05
142.8 -7.69766e-05 -4.68658e-05
143.2 -8.30895e-05 -4.42858e-05
143.6 -9.09889e-05 -4.15923e-05
144 -0.000100528 -3.88966e-05
144.4 -0.000111542 -3.62932e-05
144.8 -0.000123856 -3.38574e-05
145.2 -0.000137284 -3.16434e-05
145.6 -0.000151637 -2.96834e-05
146 -0.000166724 -2.79879e-05
146.4 -0.000182354 -2.65467e-05
146.8 -0.000198341 -2.53309e-05
147.2 -0.000214506 -2.42952e-05
147.6 -0.000230677 -2.3381e-05
148 -0.000246692 -2.25197e-05
148.4 -0.000262398 -2.16364e-05
148.8 -0.000277655 -2.06538e-05
149.2 -0.000292332 -1.94955e-05
149.6 -0.00030631 -1.80898e-05
150 -0.000319482 -1.63724e-05
150.4 -0.00033175 -1.42894e-05
150.8 -0.000343027 -1.17996e-05
151.2 -0.000353238 -8.87584e-06
151.6 -0.000362314 -5.50615e-06
152 -0.0003702 -1.69422e-06
152.4 -0.000376847 2.54076e-06
152.8 -0.000382217 7.16487e-06
153.2 -0.00038628 1.21307e-05
153.6 -0.000389019 1.73788e-05
154 -0.000390424 2.28402e-05
154.4 -0.000390497 2.84382e-05
154.8 -0.000389251 3.4091e-05
155.2 -0.000386712 3.97144e-05
155.6 -0.000382915 4.52242e-05
156 -0.000377912 5.05387e-05
156.4 -0.000371763 5.5581e-05
156.8 -0.000364545 6.02807e-05
157.2 -0.000356345 6.45761e-05
157.6 -0.000347265 6.84151e-05
158 -0.000337416 7.17565e-05
158.4 -0.000326922 7.45704e-05
158.8 -0.000315916 7.68383e-05
159.2 -0.000304537 7.85533e-05
159.6 -0.000292932 7.97191e-05
160 -0.000281253 8.03497e-05
160.4 -0.000269651 8.04679e-05
160.8 -0.000258277 8.01043e-05
161.2 -0.000247279 7.92955e-05
161.6 -0.000236798 7.80833e-05
162 -0.000226966 7.65125e-05
162.4 -0.000217906 7.46297e-05
162.8 -0.000209723 7.24818e-05
163.2 -0.000202509 7.01148e-05
163.6 -0.000196336 6.75726e-05
164 -0.000191259 6.48962e-05
164.4 -0.000187309 6.21227e-05
164.8 -0.000184497 5.9285e-05
165.2 -0.000182815 5.64114e-05
165.6 -0.000182228 5.35255e-05
166 -0.000182684 5.06466e-05
166.4 -0.00018411 4.77894e-05
166.8 -0.000186415 4.49648e-05
167.2 -0.000189493 4.21806e-05
167.6 -0.000193221 3.94416e-05
168 -0.000197468 3.67508e-05
168.4 -0.000202094 3.41094e-05
168.8 -0.000206951 3.15182e-05
169.2 -0.000211893 2.89775e-05
169.6 -0.000216771 2.64883e-05
170 -0.000221443 2.40521e-05
170.4 -0.000225773 2.16715e-05
170.8 -0.000229634 1.93504e-05
171.2 -0.000232911 1.7094e-05
171.6 -0.000235505 1.49092e-05
172 -0.000237331 1.28036e-05
172.4 -0.000238322 1.07862e-05
172.8 -0.00023843 8.86639e-06
173.2 -0.000237624 7.0542e-06
173.6 -0.000235894 5.35941e-06
174 -0.000233247 3.79141e-06
174.4 -0.000229707 2.35873e-06
174.8 -0.000225316 1.06866e-06
175.2 -0.000220129 -7.30903e-08
175.6 -0.000214216 -1.06264e-06
176 -0.000207656 -1.89815e-06
176.4 -0.000200537 -2.58e-06
176.8 -0.000192956 -3.11075e-06
177.2 -0.000185012 -3.49518e-06
177.6 -0.000176805 -3.74014e-06
178 -0.000168436 -3.85436e-06
178.4 -0.000160003 -3.84823e-06
178.8 -0.0001516 -3.73346e-06
179.2 -0.000143313 -3.52277e-06
179.6 -0.000135221 -3.2295e-06
180 -0.000127395 -2.86728e-06
180.4 -0.000119893 -2.44967e-06
180.8 -0.000112766 -1.9898e-06
181.2 -0.00010605 -1.50008e-06
181.6 -9.97729e-05 -9.91962e-07
182 -9.39495e-05 -4.75729e-07
182.4 -8.85852e-05 3.96354e-08
182.8 -8.36753e-05 5.46526e-07
183.2 -7.92059e-05 1.03873e-06
183.6 -7.51555e-05 1.51138e-06
184 -7.14957e-05 1.96086e-06
184.4 -6.81925e-05 2.38464e-06
184.8 -6.52079e-05 2.78115e-06
185.2 -6.25009e-05 3.1495e-06
185.6 -6.00289e-05 3.48933e-06
186 -5.77488e-05 3.80054e-06
186.4 -5.56184e-05 4.0831e-06
186.8 -5.35971e-05 4.3369e-06
187.2 -5.16473e-05 4.5615e-06
187.6 -4.97345e-05 4.75611e-06
188 -4.78284e-05 4.91944e-06
188.4 -4.59032e-05 5.04971e-06
188.8 -4.39381e-05 5.14464e-06
189.2 -4.1917e-05 5.20151e-06
189.6 -3.98289e-05 5.21732e-06
190 -3.76679e-05 5.18884e-06
190.4 -3.54324e-05 5.11287e-06
190.8 -3.31253e-05 4.98636e-06
191.2 -3.07534e-05 4.80668e-06
191.6 -2.8327e-05 4.57175e-06
192 -2.58591e-05 4.2803e-06
192.4 -2.33653e-05 3.93202e-06
192.8 -2.08628e-05 3.52766e-06
193.2 -1.83701e-05 3.06923e-06
193.6 -1.59063e-05 2.55999e-06
194 -1.34908e-05 2.00449e-06
194.4 -1.11426e-05 1.40855e-06
194.8 -8.87997e-06 7.79158e-07
195.2 -6.71997e-06 1.24377e-07
195.6 -4.6783e-06 -5.46871e-07
196 -2.76889e-06 -1.22499e-06
196.4 -1.00373e-06 -1.89997e-06
196.8 6.07286e-07 -2.56163e-06
197.2 2.05645e-06 -3.1999e-06
197.6 3.33832e-06 -3.80512e-06
198 4.44972e-06 -4.3683e-06
198.4 5.38968e-06 -4.88134e-06
198.8 6.15942e-06 -5.33731e-06
199.2 6.7622e-06 -5.7306e-06
199.6 7.20322e-06 -6.05706e-06
200 7.48946e-06 -6.31412e-06
200.4 7.62952e-06 -6.50085e-06
200.8 7.63343e-06 -6.6179e-06
201.2 7.51247e-06 -6.66747e-06
201.6 7.27894e-06 -6.65322e-06
202 6.94597e-06 -6.58009e-06
202.4 6.52732e-06 -6.45411e-06
202.8 6.03713e-06 -6.28219e-06
203.2 5.48974e-06 -6.07187e-06
203.6 4.89945e-06 -5.83104e-06
204 4.28033e-06 -5.56772e-06
204.4 3.646e-06 -5.28975e-06
204.8 3.00945e-06 -5.00459e-06
205.2 2.38284e-06 -4.71909e-06
205.6 1.77734e-06 -4.43931e-06
206 1.20297e-06 -4.17034e-06
206.4 6.68471e-07 -3.91623e-06
206.8 1.81165e-07 -3.67992e-06
207.2 -2.53119e-07 -3.46319e-06
207.6 -6.30115e-07 -3.26674e-06
208 -9.47163e-07 -3.09022e-06
208.4 -1.20322e-06 -2.93232e-06
208.8 -1.39882e-06 -2.79098e-06
209.2 -1.53605e-06 -2.66348e-06
209.6 -1.61846e-06 -2.54665e-06
210 -1.6509e-06 -2.43709e-06
210.4 -1.63946e-06 -2.33131e-06
210.8 -1.59123e-06 -2.22596e-06
211.2 -1.51414e-06 -2.11799e-06
211.6 -1.41674e-06 -2.00481e-06
212 -1.30798e-06 -1.88439e-06
212.4 -1.19698e-06 -1.75539e-06
212.8 -1.09279e-06 -1.61721e-06
213.2 -1.00416e-06 -1.47001e-06
213.6 -9.39304e-07 -1.31468e-06
214 -9.05708e-07 -1.15285e-06
214.4 -9.09931e-07 -9.86732e-07
214.8 -9.57443e-07 -8.1909e-07
215.2 -1.05249e-06 -6.53056e-07
215.6 -1.19799e-06 -4.92008e-07
216 -1.39548e-06 -3.39409e-07
216.4 -1.64506e-06 -1.98645e-07
216.8 -1.94543e-06 -7.28669e-08
217.2 -2.29393e-06 3.51499e-08
217.6 -2.68659e-06 1.2314e-07
218 -3.11831e-06 1.89454e-07
218.4 -3.58294e-06 2.33137e-07
218.8 -4.07348e-06 2.53985e-07
219.2 -4.58227e-06 2.52561e-07
219.6 -5.10118e-06 2.30182e-07
220 -5.62184e-06 1.88879e-07
220.4 -6.13584e-06 1.31318e-07
220.8 -6.63494e-06 6.07056e-08
221.2 -7.11125e-06 -1.93351e-08
221.6 -7.55747e-06 -1.04904e-07
222 -7.967e-06 -1.91971e-07
222.4 -8.3341e-06 -2.76533e-07
222.8 -8.65397e-06 -3.54766e-07
223.2 -8.9229e-06 -4.23172e-07
223.6 -9.13824e-06 -4.78707e-07
224 -9.29847e-06 -5.189e-07
224.4 -9.40317e-06 -5.4194e-07
224.8 -9.45297e-06 -5.4674e-07
225.2 -9.44948e-06 -5.32976e-07
225.6 -9.39522e-06 -5.01086e-07
226 -9.29347e-06 -4.5225e-07
226.4 -9.14818e-06 -3.88332e-07
226.8 -8.9638e-06 -3.11807e-07
227.2 -8.74516e-06 -2.25649e-07
227.6 -8.49732e-06 -1.33218e-07
228 -8.22539e-06 -3.81181e-08
228.4 -7.93448e-06 5.59419e-08
228.8 -7.62949e-06 1.45296e-07
229.2 -7.31508e-06 2.26463e-07
229.6 -6.99554e-06 2.96283e-07
230 -6.67471e-06 3.52034e-07
230.4 -6.35599e-06 3.91534e-07
230.8 -6.04224e-06 4.13223e-07
231.2 -5.73583e-06 4.16217e-07
231.6 -5.43864e-06 4.00332e-07
232 -5.15206e-06 3.6609e-07
232.4 -4.87706e-06 3.14688e-07
232.8 -4.61422e-06 2.47945e-07
233.2 -4.36383e-06 1.68232e-07
233.6 -4.1259e-06 7.837e-08
234 -3.90029e-06 -1.84761e-08
234.4 -3.68671e-06 -1.18924e-07
234.8 -3.48485e-06 -2.19499e-07
235.2 -3.29436e-06 -3.1677e-07
235.6 -3.11496e-06 -4.07466e-07
236 -2.94644e-06 -4.88605e-07
236.4 -2.78868e-06 -5.57588e-07
236.8 -2.64166e-06 -6.12294e-07
237.2 -2.50549e-06 -6.5114e-07
237.6 -2.38034e-06 -6.73133e-07
238 -2.26646e-06 -6.77888e-07
238.4 -2.16414e-06 -6.65626e-07
238.8 -2.07364e-06 -6.37147e-07
239.2 -1.9952e-06 -5.93786e-07
239.6 -1.92894e-06 -5.37344e-07
240 -1.87486e-06 -4.70004e-07
240.4 -1.83278e-06 -3.9424e-07
240.8 -1.80233e-06 -3.12708e-07
241.2 -1.78286e-06 -2.2814e-07
241.6 -1.77352e-06 -1.43239e-07
242 -1.77317e-06 -6.05688e-08
242.4 -1.78044e-06 1.75325e-08
242.8 -1.79371e-06 8.90402e-08
243.2 -1.81117e-06 1.52308e-07
243.6 -1.83084e-06 2.06115e-07
244 -1.85063e-06 2.49703e-07
244.4 -1.86837e-06 2.82775e-07
244.8 -1.88192e-06 3.05496e-07
245.2 -1.88919e-06 3.18458e-07
245.6 -1.88824e-06 3.22637e-07
246 -1.8773e-06 3.19326e-07
246.4 -1.85489e-06 3.10071e-07
246.8 -1.81983e-06 2.96579e-07
247.2 -1.77127e-06 2.80638e-07
247.6 -1.7088e-06 2.64026e-07
248 -1.63239e-06 2.48425e-07
248.4 -1.54243e-06 2.35342e-07
248.8 -1.43973e-06 2.2604e-07
249.2 -1.32552e-06 2.2148e-07
249.6 -1.20139e-06 2.22277e-07
250 -1.06923e-06 2.28674e-07
250.4 -9.31227e-07 2.40534e-07
250.8 -7.89784e-07 2.57346e-07
251.2 -6.47428e-07 2.78252e-07
251.6 -5.06759e-07 3.02086e-07
252 -3.70371e-07 3.2743e-07
252.4 -2.40771e-07 3.52677e-07
252.8 -1.20312e-07 3.76108e-07
253.2 -1.11266e-08 3.95968e-07
253.6 8.4933e-08 4.1055e-07
254 1.66343e-07 4.18272e-07
254.4 2.31945e-07 4.17751e-07
254.8 2.80972e-07 4.07872e-07
255.2 3.13062e-07 3.87837e-07
255.6 3.28253e-07 3.57214e-07
256 3.26977e-07 3.15958e-07
256.4 3.10025e-07 2.64425e-07
256.8 2.7852e-07 2.03365e-07
257.2 2.33864e-07 1.33904e-07
257.6 1.77688e-07 5.7499e-08
258 1.11791e-07 -2.41028e-08
258.4 3.80804e-08 -1.08933e-07
258.8 -4.14931e-08 -1.94871e-07
259.2 -1.24998e-07 -2.79722e-07
259.6 -2.10579e-07 -3.61295e-07
260 -2.96512e-07 -4.37486e-07
260.4 -3.8125e-07 -5.06356e-07
260.8 -4.63459e-07 -5.66195e-07
261.2 -5.42048e-07 -6.15593e-07
261.6 -6.16185e-07 -6.53478e-07
262 -6.85306e-07 -6.79163e-07
262.4 -7.4911e-07 -6.92361e-07
262.8 -8.07546e-07 -6.93193e-07
263.2 -8.60791e-07 -6.82177e-07
263.6 -9.0922e-07 -6.60205e-07
264 -9.53369e-07 -6.28505e-07
264.4 -9.93894e-07 -5.88587e-07
264.8 -1.03153e-06 -5.42182e-07
265.2 -1.06703e-06 -4.91176e-07
265.6 -1.10115e-06 -4.37536e-07
266 -1.13458e-06 -3.83232e-07
266.4 -1.16792e-06 -3.30164e-07
266.8 -1.20164e-06 -2.80092e-07
267.2 -1.23608e-06 -2.34572e-07
267.6 -1.27138e-06 -1.94905e-07
268 -1.30754e-06 -1.62086e-07
268.4 -1.34437e-06 -1.36782e-07
268.8 -1.38149e-06 -1.19313e-07
269.2 -1.41839e-06 -1.09646e-07
269.6 -1.45444e-06 -1.07413e-07
270 -1.48887e-06 -1.11932e-07
270.4 -1.52087e-06 -1.22246e-07
270.8 -1.54959e-06 -1.3717e-07
271.2 -1.57417e-06 -1.5535e-07
271.6 -1.59382e-06 -1.75324e-07
272 -1.60778e-06 -1.95583e-07
272.4 -1.61544e-06 -2.14648e-07
272.8 -1.61632e-06 -2.31121e-07
273.2 -1.61009e-06 -2.43756e-07
273.6 -1.59661e-06 -2.51505e-07
274 -1.57593e-06 -2.53562e-07
274.4 -1.54827e-06 -2.49394e-07
274.8 -1.51405e-06 -2.38768e-07
275.2 -1.47389e-06 -2.2175e-07
275.6 -1.42852e-06 -1.98704e-07
276 -1.37883e-06 -1.70275e-07
276.4 -1.3258e-06 -1.37358e-07
276.8 -1.27049e-06 -1.01058e-07
277.2 -1.21398e-06 -6.26431e-08
277.6 -1.15735e-06 -2.34893e-08
278 -1.10166e-06 1.49788e-08
278.4 -1.04788e-06 5.13483e-08
278.8 -9.96865e-07 8.42773e-08
279.2 -9.4937e-07 1.12552e-07
279.6 -9.05979e-07 1.35136e-07
280 -8.67116e-07 1.51216e-07
280.4 -8.33026e-07 1.60233e-07
280.8 -8.0378e-07 1.61906e-07
281.2 -7.79271e-07 1.56245e-07
281.6 -7.59232e-07 1.43548e-07
282 -7.43247e-07 1.24391e-07
282.4 -7.30779e-07 9.96009e-08
282.8 -7.21188e-07 7.02265e-08
283.2 -7.13766e-07 3.74919e-08
283.6 -7.07767e-07 2.74792e-09
284 -7.02436e-07 -3.25823e-08
284.4 -6.97043e-07 -6.7061e-08
284.8 -6.90909e-07 -9.92934e-08
285.2 -6.83437e-07 -1.27983e-07
285.6 -6.74131e-07 -1.51984e-07
286 -6.62616e-07 -1.70346e-07
286.4 -6.48648e-07 -1.82349e-07
286.8 -6.32125e-07 -1.87534e-07
287.2 -6.13087e-07 -1.85719e-07
287.6 -5.91709e-07 -1.77003e-07
288 -5.68294e-07 -1.61762e-07
288.4 -5.43256e-07 -1.40632e-07
288.8 -5.17104e-07 -1.14479e-07
289.2 -4.90416e-07 -8.43678e-08
289.6 -4.63815e-07 -5.15148e-08
290 -4.37945e-07 -1.72384e-08
290.4 -4.13438e-07 1.70939e-08
290.8 -3.90897e-07 5.01209e-08
291.2 -3.70862e-07 8.05421e-08
291.6 -3.53796e-07 1.07169e-07
292 -3.40064e-07 1.28974e-07
292.4 -3.29919e-07 1.45126e-07
292.8 -3.23493e-07 1.55029e-07
293.2 -3.20793e-07 1.58337e-07
293.6 -3.21702e-07 1.54971e-07
294 -3.25985e-07 1.45121e-07
294.4 -3.333e-07 1.29232e-07
294.8 -3.43211e-07 1.07987e-07
295.2 -3.55209e-07 8.22804e-08
295.6 -3.68728e-07 5.31755e-08
296 -3.83173e-07 2.18652e-08
296.4 -3.9794e-07 -1.03789e-08
296.8 -4.12441e-07 -4.2257e-08
297.2 -4.26127e-07 -7.24936e-08
297.6 -4.38506e-07 -9.98881e-08
298 -4.49163e-07 -1.23362e-07
298.4 -4.57776e-07 -1.42002e-07
298.8 -4.64123e-07 -1.55093e-07
299.2 -4.6809e-07 -1.62149e-07
299.6 -4.69674e-07 -1.62925e-07
300 -4.68978e-07 -1.57431e-07
300.4 -4.66208e-07 -1.45925e-07
300.8 -4.61658e-07 -1.28904e-07
301.2 -4.55698e-07 -1.07078e-07
301.6 -4.48756e-07 -8.13451e-08
302 -4.41299e-07 -5.27498e-08
302.4 -4.33814e-07 -2.24424e-08
302.8 -4.26785e-07 8.36891e-09
303.2 -4.20672e-07 3.84663e-08
303.6 -4.15895e-07 6.66713e-08
304 -4.12811e-07 9.18916e-08
304.4 -4.11706e-07 1.13164e-07
304.8 -4.12779e-07 1.29692e-07
305.2 -4.16136e-07 1.40875e-07
305.6 -4.21784e-07 1.46334e-07
306 -4.29635e-07 1.45919e-07
306.4 -4.39508e-07 1.39721e-07
306.8 -4.51135e-07 1.28058e-07
307.2 -4.64177e-07 1.11465e-07
307.6 -4.78234e-07 9.06729e-08
308 -4.92864e-07 6.65702e-08
308.4 -5.07599e-07 4.01725e-08
308.8 -5.21967e-07 1.25779e-08
309.2 -5.35509e-07 -1.50775e-08
309.6 -5.47797e-07 -4.16651e-08
310 -5.58453e-07 -6.61096e-08
310.4 -5.67161e-07 -8.74315e-08
310.8 -5.73681e-07 -1.04786e-07
311.2 -5.77859e-07 -1.17495e-07
311.6 -5.79629e-07 -1.25073e-07
312 -5.79018e-07 -1.27249e-07
312.4 -5.76142e-07 -1.23968e-07
312.8 -5.71204e-07 -1.15399e-07
313.2 -5.64478e-07 -1.01921e-07
313.6 -5.56305e-07 -8.41118e-08
314 -5.47075e-07 -6.27169e-08
314.4 -5.37209e-07 -3.86231e-08
314.8 -5.27145e-07 -1.28198e-08
315.2 -5.17317e-07 1.36409e-08
315.6 -5.08142e-07 3.96871e-08
316 -4.99995e-07 6.42701e-08
316.4 -4.93204e-07 8.64062e-08
316.8 -4.88028e-07 1.05215e-07
317.2 -4.84651e-07 1.19956e-07
317.6 -4.83175e-07 1.30054e-07
318 -4.83614e-07 1.35123e-07
318.4 -4.85897e-07 1.34979e-07
318.8 -4.89866e-07 1.29646e-07
319.2 -4.95287e-07 1.19356e-07
319.6 -5.01857e-07 1.04532e-07
320 -5.09217e-07 8.57744e-08
320.4 -5.16968e-07 6.38351e-08
320.8 -5.24682e-07 3.95837e-08
321.2 -5.31924e-07 1.39735e-08
321.6 -5.38269e-07 -1.19981e-08
322 -5.43314e-07 -3.73299e-08
322.4 -5.467e-07 -6.10567e-08
322.8 -5.4812e-07 -8.22885e-08
323.2 -5.47337e-07 -1.00245e-07
323.6 -5.44189e-07 -1.14286e-07
324 -5.38599e-07 -1.23935e-07
324.4 -5.30572e-07 -1.28901e-07
324.8 -5.20203e-07 -1.29083e-07
325.2 -5.07668e-07 -1.24575e-07
325.6 -4.9322e-07 -1.15662e-07
326 -4.77176e-07 -1.02804e-07
326.4 -4.59912e-07 -8.66183e-08
326.8 -4.41842e-07 -6.78519e-08
327.2 -4.23408e-07 -4.73505e-08
327.6 -4.05062e-07 -2.60235e-08
328 -3.8725e-07 -4.80653e-09
328.4 -3.70395e-07 1.53763e-08
328.8 -3.54885e-07 3.36502e-08
329.2 -3.41057e-07 4.92248e-08
329.6 -3.29189e-07 6.14255e-08
330 -3.19487e-07 6.97204e-08
330.4 -3.12083e-07 7.37405e-08
330.8 -3.0703e-07 7.32944e-08
331.2 -3.04304e-07 6.83744e-08
331.6 -3.03804e-07 5.91563e-08
332 -3.05359e-07 4.59912e-08
332.4 -3.08738e-07 2.939e-08
332.8 -3.13659e-07 1.0003e-08
333.2 -3.198e-07 -1.14081e-08
333.6 -3.26816e-07 -3.40006e-08
334 -3.34348e-07 -5.68853e-08
334.4 -3.42042e-07 -7.91626e-08
334.8 -3.49562e-07 -9.99585e-08
335.2 -3.56599e-07 -1.18459e-07
335.6 -3.62887e-07 -1.33944e-07
336 -3.6821e-07 -1.45813e-07
336.4 -3.72408e-07 -1.53611e-07
336.8 -3.75386e-07 -1.57044e-07
337.2 -3.77112e-07 -1.55992e-07
337.6 -3.77617e-07 -1.50511e-07
338 -3.76995e-07 -1.40829e-07
338.4 -3.75394e-07 -1.27341e-07
338.8 -3.73007e-07 -1.10586e-07
339.2 -3.70069e-07 -9.12268e-08
339.6 -3.66837e-07 -7.00264e-08
340 -3.63587e-07 -4.78126e-08
340.4 -3.60594e-07 -2.54472e-08
340.8 -3.58125e-07 -3.79046e-09
341.2 -3.56424e-07 1.63321e-08
341.6 -3.55703e-07 3.41628e-08
342 -3.56132e-07 4.9041e-08
342.4 -3.57833e-07 6.04289e-08
342.8 -3.60871e-07 6.79317e-08
343.2 -3.65255e-07 7.13122e-08
343.6 -3.70935e-07 7.04989e-08
344 -3.77806e-07 6.55879e-08
344.4 -3.85709e-07 5.68372e-08
344.8 -3.9444e-07 4.46554e-08
345.2 -4.03754e-07 2.95842e-08
345.6 -4.1338e-07 1.22755e-08
346 -4.23028e-07 -6.53542e-09
346.4 -4.32403e-07 -2.60598e-08
346.8 -4.41211e-07 -4.54876e-08
347.2 -4.49179e-07 -6.402e-08
347.6 -4.56057e-07 -8.09014e-08
348 -4.61634e-07 -9.54488e-08
348.4 -4.65743e-07 -1.07079e-07
348.8 -4.68266e-07 -1.15333e-07
349.2 -4.69143e-07 -1.19888e-07
349.6 -4.68369e-07 -1.20575e-07
350 -4.65996e-07 -1.17384e-07
350.4 -4.62131e-07 -1.10459e-07
350.8 -4.56932e-07 -1.00093e-07
351.2 -4.50598e-07 -8.67194e-08
351.6 -4.43367e-07 -7.08864e-08
352 -4.35499e-07 -5.32394e-08
352.4 -4.27275e-07 -3.44922e-08
352.8 -4.18977e-07 -1.53987e-08
353.2 -4.10883e-07 3.27829e-09
353.6 -4.03257e-07 2.07972e-08
354 -3.96333e-07 3.64676e-08
354.4 -3.90314e-07 4.96775e-08
354.8 -3.85361e-07 5.99174e-08
355.2 -3.81586e-07 6.68e-08
355.6 -3.79054e-07 7.00751e-08
356 -3.77774e-07 6.96385e-08
356.4 -3.77707e-07 6.55355e-08
356.8 -3.78765e-07 5.79578e-08
357.2 -3.80814e-07 4.72351e-08
357.6 -3.83685e-07 3.38211e-08
358 -3.87176e-07 1.82743e-08
358.4 -3.91066e-07 1.23501e-09
358.8 -3.9512e-07 -1.66008e-08
359.2 -3.99103e-07 -3.45096e-08
359.6 -4.02786e-07 -5.17696e-08
360 -4.05957e-07 -6.76895e-08
360.4 -4.08432e-07 -8.16363e-08
360.8 -4.10056e-07 -9.30597e-08
361.2 -4.10717e-07 -1.01514e-07
361.6 -4.10344e-07 -1.06675e-07
362 -4.08912e-07 -1.08354e-07
362.4 -4.06444e-07 -1.06499e-07
362.8 -4.03006e-07 -1.01204e-07
363.2 -3.98709e-07 -9.26976e-08
363.6 -3.93699e-07 -8.13363e-08
364 -3.88153e-07 -6.75883e-08
364.4 -3.82273e-07 -5.20146e-08
364.8 -3.76275e-07 -3.52454e-08
365.2 -3.70384e-07 -1.79552e-08
365.6 -3.64818e-07 -8.34724e-10
366 -3.59786e-07 1.54361e-08
366.4 -3.55476e-07 3.02157e-08
366.8 -3.52048e-07 4.29261e-08
367.2 -3.49628e-07 5.30754e-08
367.6 -3.48302e-07 6.02776e-08
368 -3.48115e-07 6.42663e-08
368.4 -3.49066e-07 6.49055e-08
368.8 -3.5111e-07 6.21937e-08
369.2 -3.5416e-07 5.62633e-08
369.6 -3.58091e-07 4.73741e-08
370 -3.62743e-07 3.59027e-08
370.4 -3.67928e-07 2.2326e-08
370.8 -3.73439e-07 7.20189e-09
371.2 -3.79057e-07 -8.85364e-09
371.6 -3.8456e-07 -2.51916e-08
372 -3.89731e-07 -4.11562e-08
372.4 -3.94367e-07 -5.6111e-08
372.8 -3.98285e-07 -6.94643e-08
373.2 -4.01333e-07 -8.06927e-08
373.6 -4.03391e-07 -8.93613e-08
374 -4.04379e-07 -9.51408e-08
374.4 -4.04258e-07 -9.78199e-08
374.8 -4.03029e-07 -9.73128e-08
375.2 -4.00739e-07 -9.36624e-08
375.6 -3.97472e-07 -8.70373e-08
376 -3.93347e-07 -7.77242e-08
376.4 -3.88518e-07 -6.61161e-08
376.8 -3.83159e-07 -5.26957e-08
377.2 -3.77465e-07 -3.80154e-08
377.6 -3.71638e-07 -2.26749e-08
378 -3.65885e-07 -7.29696e-09
378.4 -3.60403e-07 7.49791e-09
378.8 -3.55377e-07 2.1116e-08
379.2 -3.5097e-07 3.30141e-08
379.6 -3.47318e-07 4.27211e-08
380 -3.44524e-07 4.98562e-08
380.4 -3.42654e-07 5.41437e-08
380.8 -3.41738e-07 5.54235e-08
381.2 -3.41764e-07 5.36566e-08
381.6 -3.42684e-07 4.89263e-08
382 -3.44413e-07 4.14339e-08
382.4 -3.46834e-07 3.14901e-08
382.8 -3.49804e-07 1.95019e-08
383.2 -3.53157e-07 5.95585e-09
383.6 -3.56716e-07 -8.60191e-09
384 -3.60293e-07 -2.35878e-08
384.4 -3.63705e-07 -3.84041e-08
384.8 -3.66774e-07 -5.24634e-08
385.2 -3.6934e-07 -6.52115e-08
385.6 -3.71261e-07 -7.61493e-08
386 -3.72425e-07 -8.4853e-08
386.4 -3.72751e-07 -9.09898e-08
386.8 -3.72192e-07 -9.43311e-08
387.2 -3.70737e-07 -9.47611e-08
387.6 -3.68412e-07 -9.22802e-08
388 -3.65276e-07 -8.70049e-08
388.4 -3.61425e-07 -7.91621e-08
388.8 -3.56978e-07 -6.90795e-08
389.2 -3.52082e-07 -5.71718e-08
389.6 -3.46899e-07 -4.39239e-08
390 -3.41604e-07 -2.98708e-08
390.4 -3.36374e-07 -1.55762e-08
390.8 -3.31385e-07 -1.60972e-09
391.2 -3.26802e-07 1.14758e-08
391.6 -3.22775e-07 2.31664e-08
392 -3.1943e-07 3.3007e-08
392.4 -3.16869e-07 4.06195e-08
392.8 -3.15161e-07 4.5717e-08
393.2 -3.14342e-07 4.81152e-08
393.6 -3.14415e-07 4.77387e-08
394 -3.15349e-07 4.46235e-08
394.4 -3.17079e-07 3.89148e-08
394.8 -3.1951e-07 3.08607e-08
395.2 -3.22524e-07 2.08014e-08
395.6 -3.25978e-07 9.15526e-09
396 -3.29719e-07 -3.59851e-09
396.4 -3.33579e-07 -1.69393e-08
396.8 -3.37393e-07 -3.03264e-08
397.2 -3.40998e-07 -4.32201e-08
397.6 -3.4424e-07 -5.51042e-08
398 -3.46984e-07 -6.55055e-08
398.4 -3.49116e-07 -7.40132e-08
398.8 -3.50548e-07 -8.02947e-08
399.2 -3.51219e-07 -8.41084e-08
399.6 -3.51102e-07 -8.53126e-08
400 -3.50202e-07 -8.38711e-08
