-0.498 -1.93813 -0.434256
-0.496 -1.97918 -0.431727
-0.494 -2.00151 -0.427548
-0.492 -2.00504 -0.421641
-0.49 -1.99001 -0.413937
-0.488 -1.95688 -0.404383
-0.486 -1.90641 -0.392941
-0.484 -1.83955 -0.379595
-0.482 -1.75748 -0.364351
-0.48 -1.66154 -0.34724
-0.478 -1.55323 -0.32832
-0.476 -1.43419 -0.307679
-0.474 -1.30612 -0.285431
-0.472 -1.17081 -0.261722
-0.47 -1.03008 -0.236725
-0.468 -0.88574 -0.210643
-0.466 -0.739596 -0.183704
-0.464 -0.593402 -0.156163
-0.462 -0.448842 -0.128295
-0.46 -0.307514 -0.100397
-0.458 -0.170911 -0.0727822
-0.456 -0.0404093 -0.0457763
-0.454 0.0827401 -0.0197124
-0.452 0.197418 0.00507343
-0.45 0.302642 0.0282481
-0.448 0.397559 0.0494868
-0.446 0.481455 0.0684793
-0.444 0.553742 0.084935
-0.442 0.61396 0.0985883
-0.44 0.661774 0.109203
-0.438 0.696969 0.116577
-0.436 0.719448 0.120543
-0.434 0.729235 0.120976
-0.432 0.726468 0.117789
-0.43 0.711406 0.110941
-0.428 0.684427 0.100433
-0.426 0.64603 0.0863112
-0.424 0.596837 0.0686672
-0.422 0.537595 0.0476381
-0.42 0.469177 0.0234061
-0.418 0.392577 -0.00380223
-0.416 0.308912 -0.0337172
-0.414 0.219414 -0.0660274
-0.412 0.125421 -0.100383
-0.41 0.0283661 -0.136397
-0.408 -0.0702432 -0.173652
-0.406 -0.168842 -0.211703
-0.404 -0.265832 -0.250082
-0.402 -0.35961 -0.288306
-0.4 -0.448596 -0.325882
-0.398 -0.531262 -0.362318
-0.396 -0.606165 -0.397122
-0.394 -0.671973 -0.429819
-0.392 -0.727496 -0.459954
-0.39 -0.771712 -0.487099
-0.388 -0.803786 -0.510863
-0.386 -0.823093 -0.530894
-0.384 -0.829234 -0.54689
-0.382 -0.82204 -0.558604
-0.38 -0.801587 -0.565843
-0.378 -0.76819 -0.568478
-0.376 -0.722405 -0.566445
-0.374 -0.665019 -0.559745
-0.372 -0.597044 -0.548449
-0.37 -0.5197 -0.532695
-0.368 -0.434396 -0.512688
-0.366 -0.342714 -0.488702
-0.364 -0.246385 -0.461071
-0.362 -0.147257 -0.430193
-0.36 -0.0472727 -0.396516
-0.358 0.0515684 -0.360542
-0.356 0.147242 -0.322812
-0.354 0.237738 -0.283904
-0.352 0.321096 -0.244422
-0.35 0.395445 -0.204986
-0.348 0.459046 -0.166227
-0.346 0.51032 -0.12877
-0.344 0.54789 -0.0932325
-0.342 0.57061 -0.060208
-0.34 0.577595 -0.0302603
-0.338 0.568242 -0.00391358
-0.336 0.542251 0.0183568
-0.334 0.499641 0.0361321
-0.332 0.440753 0.0490576
-0.33 0.366255 0.0568496
-0.328 0.277137 0.0593014
-0.326 0.174699 0.0562884
-0.324 0.0605293 0.047772
-0.322 -0.0635146 0.0338029
-0.32 -0.195341 0.0145227
-0.318 -0.332659 -0.00983504
-0.316 -0.473018 -0.0389461
-0.314 -0.613854 -0.0723971
-0.312 -0.752535 -0.10969
-0.31 -0.886409 -0.150245
-0.308 -1.01286 -0.193411
-0.306 -1.12935 -0.238471
-0.304 -1.23347 -0.284654
-0.302 -1.32302 -0.331143
-0.3 -1.39599 -0.377096
-0.298 -1.45069 -0.42165
-0.296 -1.4857 -0.463945
-0.294 -1.5 -0.503137
-0.292 -1.49291 -0.538414
-0.29 -1.4642 -0.569015
-0.288 -1.41402 -0.594246
-0.286 -1.34298 -0.613493
-0.284 -1.25209 -0.626242
-0.282 -1.14279 -0.632087
-0.28 -1.0169 -0.630742
-0.278 -0.876592 -0.622052
-0.276 -0.724353 -0.605995
-0.274 -0.562932 -0.58269
-0.272 -0.395285 -0.55239
-0.27 -0.224503 -0.515486
-0.268 -0.0537569 -0.472499
-0.266 0.113781 -0.42407
-0.264 0.275004 -0.370949
-0.262 0.426938 -0.313981
-0.26 0.56681 -0.254091
-0.258 0.69211 -0.192263
-0.256 0.800648 -0.129522
-0.254 0.890602 -0.0669098
-0.252 0.960564 -0.00546747
-0.25 1.00957 0.0537908
-0.248 1.03711 0.109897
-0.246 1.04318 0.16195
-0.244 1.02822 0.209135
-0.242 0.993164 0.250739
-0.24 0.939372 0.286165
-0.238 0.868623 0.314945
-0.236 0.783064 0.336748
-0.234 0.68516 0.351387
-0.232 0.577639 0.358817
-0.23 0.463426 0.359139
-0.228 0.34558 0.352595
-0.226 0.227221 0.339559
-0.224 0.111464 0.320533
-0.222 0.00134112 0.296126
-0.22 -0.100263 0.267046
-0.218 -0.190681 0.234083
-0.216 -0.267524 0.198082
-0.214 -0.328742 0.159931
-0.212 -0.372671 0.120535
-0.21 -0.398079 0.0807912
-0.208 -0.404199 0.04157
-0.206 -0.390746 0.00369052
-0.204 -0.357928 -0.0320997
-0.202 -0.306443 -0.065144
-0.2 -0.237456 -0.0948928
-0.198 -0.152569 -0.120917
-0.196 -0.0537764 -0.142917
-0.194 0.0565942 -0.16073
-0.192 0.175944 -0.174329
-0.19 0.301478 -0.183824
-0.188 0.430279 -0.189451
-0.186 0.559389 -0.191564
-0.184 0.685884 -0.190623
-0.182 0.806952 -0.187173
-0.18 0.91996 -0.181828
-0.178 1.02252 -0.175249
-0.176 1.11252 -0.168123
-0.174 1.1882 -0.161137
-0.172 1.24817 -0.15496
-0.17 1.29138 -0.15022
-0.168 1.31718 -0.147483
-0.166 1.3253 -0.147236
-0.164 1.31579 -0.149872
-0.162 1.28905 -0.155676
-0.16 1.24574 -0.164816
-0.158 1.18678 -0.177338
-0.156 1.11326 -0.193161
-0.154 1.02647 -0.21208
-0.152 0.927767 -0.23377
-0.15 0.818621 -0.257795
-0.148 0.700523 -0.283617
-0.146 0.574985 -0.310616
-0.144 0.44351 -0.338102
-0.142 0.307573 -0.365338
-0.14 0.16862 -0.39156
-0.138 0.0280555 -0.415999
-0.136 -0.112753 -0.437902
-0.134 -0.252472 -0.456557
-0.132 -0.389792 -0.471312
-0.13 -0.523423 -0.481594
-0.128 -0.652086 -0.486926
-0.126 -0.774506 -0.486943
-0.124 -0.889406 -0.4814
-0.122 -0.995515 -0.470182
-0.12 -1.09156 -0.453307
-0.118 -1.17629 -0.430926
-0.116 -1.24847 -0.403315
-0.114 -1.30691 -0.370873
-0.112 -1.35048 -0.334104
-0.11 -1.37813 -0.293606
-0.108 -1.38891 -0.250051
-0.106 -1.38201 -0.204168
-0.104 -1.35679 -0.156718
-0.102 -1.31277 -0.108475
-0.1 -1.24972 -0.0602008
-0.098 -1.16765 -0.0126255
-0.096 -1.06684 0.033575
-0.094 -0.947898 0.0777977
-0.092 -0.81174 0.119529
-0.09 -0.659642 0.158359
-0.088 -0.493234 0.193992
-0.086 -0.314509 0.226254
-0.084 -0.125816 0.255096
-0.082 0.0701581 0.28059
-0.08 0.270413 0.302931
-0.078 0.471675 0.322421
-0.076 0.670444 0.339463
-0.074 0.863053 0.354545
-0.072 1.04574 0.36822
-0.07 1.21474 0.381091
-0.068 1.36634 0.393788
-0.066 1.49702 0.406947
-0.064 1.60354 0.421189
-0.062 1.68305 0.437101
-0.06 1.73321 0.45521
-0.058 1.75228 0.475974
-0.056 1.73927 0.499758
-0.054 1.694 0.526827
-0.052 1.61717 0.557331
-0.05 1.51046 0.591301
-0.048 1.37649 0.628643
-0.046 1.21887 0.66914
-0.044 1.04211 0.712454
-0.042 0.85154 0.758131
-0.04 0.653179 0.805612
-0.038 0.453584 0.854246
-0.036 0.259649 0.903305
-0.034 0.0784017 0.952001
-0.032 -0.0832166 0.999508
-0.03 -0.218572 1.04498
-0.028 -0.321549 1.08758
-0.026 -0.386757 1.1265
-0.024 -0.409706 1.16098
-0.022 -0.386976 1.19035
-0.02 -0.316355 1.21403
-0.018 -0.196946 1.23155
-0.016 -0.0292501 1.2426
-0.014 0.184791 1.24701
-0.012 0.441796 1.24476
-0.01 0.736985 1.23601
-0.008 1.06428 1.22106
-0.006 1.41647 1.20037
-0.004 1.78535 1.17452
-0.002 2.16204 1.1442
0 2.53719 1.11017
0.002 2.90132 1.07326
0.004 3.24509 1.0343
0.006 3.55962 0.994097
0.008 3.8368 0.953423
0.01 4.06948 0.912978
0.012 4.25174 0.873368
0.014 4.37905 0.835091
0.016 4.44835 0.798529
0.018 4.45812 0.763942
0.02 4.40841 0.731471
0.022 4.30077 0.701147
0.024 4.13818 0.672898
0.026 3.92495 0.646566
0.028 3.66651 0.621921
0.03 3.36931 0.598677
0.032 3.04057 0.57651
0.034 2.68808 0.555068
0.036 2.32001 0.533994
0.038 1.94461 0.512934
0.04 1.57002 0.491552
0.042 1.20401 0.469542
0.044 0.853812 0.44664
0.046 0.525868 0.422631
0.048 0.225719 0.39736
0.05 -0.0421341 0.370741
0.052 -0.274295 0.342757
0.054 -0.468504 0.313468
0.056 -0.623626 0.28301
0.058 -0.739591 0.251592
0.06 -0.817314 0.219493
0.062 -0.858579 0.187056
0.064 -0.865909 0.154673
0.066 -0.842426 0.122778
0.068 -0.791702 0.0918292
0.07 -0.717618 0.0622957
0.072 -0.624222 0.0346391
0.074 -0.515605 0.00929785
0.076 -0.395784 -0.0133286
0.078 -0.268609 -0.0328952
0.08 -0.137677 -0.0491245
0.082 -0.00627208 -0.0618182
0.084 0.122684 -0.0708658
0.086 0.246659 -0.0762508
0.088 0.363525 -0.0780536
0.09 0.471558 -0.0764515
0.092 0.569426 -0.0717151
0.094 0.656167 -0.0642016
0.096 0.731159 -0.0543455
0.098 0.794079 -0.0426459
0.1 0.844867 -0.0296519
0.102 0.883678 -0.0159464
0.104 0.910843 -0.00212784
0.106 0.926823 0.0112078
0.108 0.932175 0.0234857
0.11 0.92751 0.0341699
0.112 0.91347 0.0427805
0.114 0.890696 0.0489086
0.116 0.859813 0.0522296
0.118 0.821413 0.0525139
0.12 0.776044 0.0496347
0.122 0.724213 0.0435724
0.124 0.66638 0.0344164
0.126 0.60297 0.0223629
0.128 0.53438 0.00771008
0.13 0.460993 -0.00915087
0.132 0.383199 -0.0277466
0.134 0.301405 -0.0475355
0.136 0.216066 -0.0679246
0.138 0.127694 -0.0882868
0.14 0.0368828 -0.107981
0.142 -0.0556775 -0.126371
0.144 -0.14919 -0.142848
0.146 -0.242745 -0.15685
0.148 -0.335315 -0.167878
0.15 -0.425765 -0.175518
0.152 -0.512866 -0.179454
0.154 -0.59531 -0.179478
0.156 -0.671742 -0.175506
0.158 -0.740793 -0.167579
0.16 -0.801117 -0.155865
0.162 -0.851435 -0.140661
0.164 -0.890582 -0.122384
0.166 -0.917551 -0.101562
0.168 -0.931545 -0.0788238
0.17 -0.932016 -0.0548791
0.172 -0.918705 -0.0305025
0.174 -0.891677 -0.00651223
0.176 -0.851339 0.0162519
0.178 -0.798459 0.0369513
0.18 -0.734157 0.0547713
0.182 -0.659898 0.068944
0.184 -0.577463 0.0787693
0.186 -0.488907 0.0836356
0.188 -0.396507 0.0830374
0.19 -0.302706 0.0765913
0.192 -0.210039 0.0640491
0.194 -0.121068 0.0453073
0.196 -0.0383016 0.0204139
0.198 0.0358718 -0.0104291
0.2 0.0992585 -0.0468667
0.202 0.149922 -0.0883957
0.204 0.186243 -0.134374
0.206 0.206964 -0.184032
0.208 0.211232 -0.23649
0.21 0.198626 -0.290775
0.212 0.169167 -0.345844
0.214 0.123329 -0.400605
0.216 0.0620273 -0.453943
0.218 -0.0134016 -0.504745
0.22 -0.101227 -0.551924
0.222 -0.199363 -0.594449
0.224 -0.30542 -0.631359
0.226 -0.41676 -0.661796
0.228 -0.530559 -0.685016
0.23 -0.643876 -0.700413
0.232 -0.753727 -0.707527
0.234 -0.857157 -0.706058
0.236 -0.951317 -0.695875
0.238 -1.03353 -0.677012
0.24 -1.10138 -0.649676
0.242 -1.15273 -0.614236
0.244 -1.18583 -0.571219
0.246 -1.19933 -0.521298
0.248 -1.19233 -0.465274
0.25 -1.1644 -0.404064
0.252 -1.11558 -0.338682
0.254 -1.0464 -0.270212
0.256 -0.957875 -0.199794
0.258 -0.851457 -0.128593
0.26 -0.729022 -0.0577855
0.262 -0.592822 0.0114726
0.264 -0.44543 0.0780617
0.266 -0.28969 0.140922
0.268 -0.128647 0.199071
0.27 0.0345193 0.251625
0.272 0.196567 0.297806
0.274 0.354264 0.336965
0.276 0.504455 0.368584
0.278 0.644139 0.392287
0.28 0.770529 0.407844
0.282 0.881114 0.415173
0.284 0.973713 0.414339
0.286 1.04652 0.405548
0.288 1.09814 0.389145
0.29 1.12762 0.3656
0.292 1.13446 0.335499
0.294 1.11861 0.299531
0.296 1.08048 0.25847
0.298 1.02092 0.213166
0.3 0.9412 0.164519
0.302 0.842962 0.113469
0.304 0.728192 0.0609764
0.306 0.599173 0.00800454
0.308 0.458435 -0.0444962
0.31 0.3087 -0.0956046
0.312 0.152828 -0.144443
0.314 -0.00623814 -0.190194
0.316 -0.165531 -0.232107
0.318 -0.322114 -0.269517
0.32 -0.473134 -0.301851
0.322 -0.615879 -0.328633
0.324 -0.747821 -0.349495
0.326 -0.866667 -0.364179
0.328 -0.970398 -0.372537
0.33 -1.05731 -0.374531
0.332 -1.12602 -0.370234
0.334 -1.17554 -0.35982
0.336 -1.20522 -0.343563
0.338 -1.21483 -0.321822
0.34 -1.20448 -0.295042
0.342 -1.17467 -0.263734
0.344 -1.12627 -0.228471
0.346 -1.06046 -0.189872
0.348 -0.978725 -0.148598
0.35 -0.882836 -0.10533
0.352 -0.774789 -0.0607696
0.354 -0.656776 -0.0156195
0.356 -0.531147 0.0294224
0.358 -0.400356 0.0736736
0.36 -0.266924 0.116476
0.362 -0.133388 0.157206
0.364 -0.0022583 0.195277
0.366 0.124033 0.230152
0.368 0.243171 0.261346
0.37 0.353008 0.288429
0.372 0.451597 0.311034
0.374 0.537233 0.328857
0.376 0.608477 0.341658
0.378 0.664187 0.349264
0.38 0.703533 0.35157
0.382 0.726006 0.348533
0.384 0.731421 0.340179
0.386 0.719916 0.326594
0.388 0.691936 0.307926
0.39 0.648224 0.284384
0.392 0.589786 0.256231
0.394 0.517874 0.223785
0.396 0.433949 0.187415
0.398 0.339644 0.147536
0.4 0.236728 0.104611
0.402 0.127066 0.0591396
0.404 0.0125825 0.0116597
0.406 -0.104783 -0.0372609
0.408 -0.223109 -0.0870293
0.41 -0.340524 -0.137034
0.412 -0.455242 -0.186656
0.414 -0.565585 -0.23527
0.416 -0.67001 -0.282262
0.418 -0.767119 -0.327033
0.42 -0.85568 -0.369012
0.422 -0.934631 -0.407661
0.424 -1.00309 -0.442489
0.426 -1.06034 -0.473056
0.428 -1.10587 -0.498984
0.43 -1.13931 -0.519959
0.432 -1.16049 -0.535739
0.434 -1.16938 -0.546156
0.436 -1.16613 -0.55112
0.438 -1.15102 -0.550618
0.44 -1.12447 -0.544715
0.442 -1.08703 -0.533553
0.444 -1.03935 -0.517347
0.446 -0.9822 -0.49638
0.448 -0.916412 -0.470999
0.45 -0.842906 -0.44161
0.452 -0.762658 -0.408667
0.454 -0.676687 -0.372668
0.456 -0.586048 -0.334145
0.458 -0.491821 -0.293654
0.46 -0.395096 -0.251769
0.462 -0.296971 -0.209067
0.464 -0.198543 -0.166126
0.466 -0.1009 -0.123511
0.468 -0.00511694 -0.0817687
0.47 0.0877491 -0.0414184
0.472 0.176665 -0.00294555
0.474 0.260624 0.0332045
0.476 0.338654 0.0666313
0.478 0.40982 0.0969844
0.48 0.473231 0.123966
0.482 0.528049 0.147335
0.484 0.573494 0.166906
0.486 0.608857 0.182554
0.488 0.633509 0.194211
0.49 0.646912 0.201867
0.492 0.648635 0.205568
0.494 0.638364 0.205413
0.496 0.615917 0.201548
0.498 0.581252 0.194169
0.4 0.348254 0.119152
0.8 0.349048 0.12013
1.2 0.350354 0.121745
1.6 0.352146 0.123974
2 0.354389 0.126788
2.4 0.357037 0.130147
2.8 0.360038 0.134006
3.2 0.363333 0.138313
3.6 0.366855 0.143011
4 0.370535 0.148038
4.4 0.374299 0.15333
4.8 0.378071 0.158818
5.2 0.381778 0.164434
5.6 0.385343 0.17011
6 0.388695 0.175778
6.4 0.391765 0.181372
6.8 0.394491 0.186831
7.2 0.396814 0.192096
7.6 0.398686 0.197113
8 0.400062 0.201833
8.4 0.40091 0.206216
8.8 0.401205 0.210224
9.2 0.400931 0.213829
9.6 0.400082 0.217009
10 0.39866 0.219748
10.4 0.396678 0.222038
10.8 0.394157 0.223876
11.2 0.391125 0.225267
11.6 0.387618 0.22622
12 0.383679 0.226751
12.4 0.379355 0.22688
12.8 0.3747 0.226629
13.2 0.369768 0.226026
13.6 0.364619 0.2251
14 0.359313 0.223882
14.4 0.35391 0.222405
14.8 0.348469 0.220699
15.2 0.343048 0.218799
15.6 0.337703 0.216735
16 0.332485 0.214536
16.4 0.327442 0.212231
16.8 0.322618 0.209846
17.2 0.31805 0.207403
17.6 0.313771 0.204923
18 0.309807 0.202423
18.4 0.30618 0.199917
18.8 0.302903 0.197418
19.2 0.299986 0.194933
19.6 0.297431 0.192468
20 0.295237 0.190027
20.4 0.293395 0.187611
20.8 0.291893 0.185218
21.2 0.290713 0.182847
21.6 0.289836 0.180493
22 0.289237 0.178152
22.4 0.288888 0.175817
22.8 0.288761 0.173484
23.2 0.288824 0.171145
23.6 0.289045 0.168796
24 0.289389 0.166429
24.4 0.289824 0.164041
24.8 0.290316 0.161626
25.2 0.290831 0.159182
25.6 0.291337 0.156705
26 0.291803 0.154193
26.4 0.2922 0.151647
26.8 0.292499 0.149065
27.2 0.292676 0.146448
27.6 0.292706 0.143797
28 0.292569 0.141114
28.4 0.292246 0.138402
28.8 0.291722 0.135663
29.2 0.290983 0.1329
29.6 0.290019 0.130115
30 0.288822 0.127312
30.4 0.287388 0.124493
30.8 0.285715 0.121661
31.2 0.283804 0.118818
31.6 0.281659 0.115966
32 0.279284 0.113107
32.4 0.276689 0.110242
32.8 0.273885 0.107371
33.2 0.270884 0.104497
33.6 0.2677 0.101618
34 0.26435 0.0987368
34.4 0.260851 0.095852
34.8 0.257222 0.0929645
35.2 0.253482 0.0900745
35.6 0.24965 0.0871827
36 0.245747 0.0842896
36.4 0.241792 0.0813964
36.8 0.237804 0.0785044
37.2 0.233801 0.0756153
37.6 0.229799 0.0727313
38 0.225815 0.0698548
38.4 0.221861 0.066989
38.8 0.217949 0.064137
39.2 0.214089 0.0613028
39.6 0.210286 0.0584904
40 0.206545 0.0557042
40.4 0.202867 0.0529486
40.8 0.199252 0.0502285
41.2 0.195695 0.0475486
41.6 0.19219 0.0449138
42 0.188728 0.0423287
42.4 0.185299 0.0397981
42.8 0.18189 0.0373264
43.2 0.178486 0.0349177
43.6 0.175072 0.0325761
44 0.171632 0.0303052
44.4 0.168149 0.0281084
44.8 0.164606 0.0259887
45.2 0.160987 0.0239488
45.6 0.157276 0.0219913
46 0.153459 0.0201184
46.4 0.149525 0.0183321
46.8 0.145461 0.0166343
47.2 0.141262 0.0150267
47.6 0.136922 0.013511
48 0.132438 0.0120888
48.4 0.127812 0.0107618
48.8 0.123049 0.00953161
49.2 0.118155 0.00840008
49.6 0.113143 0.00736899
50 0.108026 0.00644026
50.4 0.102822 0.00561584
50.8 0.0975505 0.00489772
51.2 0.0922347 0.00428786
51.6 0.0868993 0.00378815
52 0.0815711 0.00340035
52.4 0.0762782 0.00312597
52.8 0.0710496 0.0029662
53.2 0.0659148 0.00292183
53.6 0.0609034 0.00299313
54 0.0560442 0.00317976
54.4 0.0513653 0.00348064
54.8 0.0468931 0.00389393
55.2 0.0426524 0.00441687
55.6 0.0386655 0.00504577
56 0.0349522 0.00577593
56.4 0.0315293 0.00660162
56.8 0.0284107 0.00751604
57.2 0.0256066 0.00851136
57.6 0.0231242 0.00957875
58 0.0209667 0.0107084
58.4 0.0191343 0.0118897
58.8 0.0176235 0.0131111
59.2 0.0164276 0.0143606
59.6 0.0155367 0.0156255
60 0.0149381 0.0168928
60.4 0.0146166 0.0181495
60.8 0.0145544 0.0193823
61.2 0.0147321 0.0205782
61.6 0.0151284 0.0217247
62 0.0157208 0.0228095
62.4 0.0164862 0.0238214
62.8 0.0174007 0.0247499
63.2 0.0184406 0.0255855
63.6 0.0195821 0.02632
64 0.0208023 0.0269465
64.4 0.022079 0.0274594
64.8 0.0233911 0.0278545
65.2 0.0247191 0.0281294
65.6 0.0260449 0.0282829
66 0.0273523 0.0283154
66.4 0.028627 0.0282288
66.8 0.0298565 0.0280262
67.2 0.0310305 0.0277124
67.6 0.0321406 0.0272931
68 0.0331803 0.026775
68.4 0.0341453 0.0261659
68.8 0.0350328 0.0254744
69.2 0.035842 0.0247094
69.6 0.0365734 0.0238807
70 0.0372289 0.0229978
70.4 0.0378119 0.0220707
70.8 0.0383263 0.0211093
71.2 0.0387773 0.0201229
71.6 0.0391705 0.0191209
72 0.0395118 0.0181119
72.4 0.0398075 0.017104
72.8 0.0400639 0.0161046
73.2 0.0402871 0.0151203
73.6 0.0404829 0.0141569
74 0.0406566 0.0132193
74.4 0.040813 0.0123116
74.8 0.0409563 0.011437
75.2 0.0410897 0.010598
75.6 0.0412158 0.00979604
76 0.0413361 0.00903213
76.4 0.0414514 0.00830644
76.8 0.0415615 0.00761859
77.2 0.0416654 0.00696771
77.6 0.0417612 0.00635249
78 0.0418463 0.00577132
78.4 0.0419172 0.00522233
78.8 0.0419701 0.0047035
79.2 0.0420005 0.00421275
79.6 0.0420035 0.00374798
80 0.0419741 0.00330718
80.4 0.041907 0.00288843
80.8 0.041797 0.00249001
81.2 0.0416388 0.00211039
81.6 0.0414277 0.00174824
82 0.0411592 0.00140252
82.4 0.0408292 0.00107238
82.8 0.0404344 0.000757252
83.2 0.0399719 0.000456757
83.6 0.0394399 0.000170735
84 0.0388373 -0.000100809
84.4 0.0381639 -0.000357726
84.8 0.0374203 -0.000599763
85.2 0.0366083 -0.000826598
85.6 0.0357303 -0.00103788
86 0.0347899 -0.00123325
86.4 0.0337914 -0.00141241
86.8 0.03274 -0.0015751
87.2 0.0316415 -0.00172119
87.6 0.0305024 -0.00185063
88 0.0293297 -0.00196351
88.4 0.028131 -0.00206008
88.8 0.0269139 -0.00214071
89.2 0.0256865 -0.00220593
89.6 0.0244565 -0.00225639
90 0.0232319 -0.00229288
90.4 0.0220204 -0.00231629
90.8 0.0208292 -0.0023276
91.2 0.0196652 -0.00232787
91.6 0.0185346 -0.0023182
92 0.0174431 -0.00229971
92.4 0.0163956 -0.00227351
92.8 0.0153963 -0.00224069
93.2 0.0144483 -0.00220231
93.6 0.0135542 -0.00215934
94 0.0127155 -0.00211268
94.4 0.011933 -0.00206312
94.8 0.0112066 -0.00201136
95.2 0.0105353 -0.00195798
95.6 0.00991769 -0.00190344
96 0.00935141 -0.0018481
96.4 0.00883371 -0.00179221
96.8 0.00836132 -0.00173591
97.2 0.00793061 -0.00167927
97.6 0.00753765 -0.00162227
98 0.00717837 -0.00156485
98.4 0.00684864 -0.00150689
98.8 0.00654434 -0.00144827
99.2 0.00626147 -0.00138882
99.6 0.00599626 -0.00132843
100 0.00574519 -0.00126698
100.4 0.0055051 -0.0012044
100.8 0.0052732 -0.00114066
101.2 0.00504712 -0.00107582
101.6 0.00482496 -0.00100996
102 0.00460524 -0.000943252
102.4 0.00438693 -0.000875942
102.8 0.00416944 -0.000808334
103.2 0.00395256 -0.000740794
103.6 0.00373645 -0.000673745
104 0.00352157 -0.000607654
104.4 0.00330865 -0.000543024
104.8 0.0030986 -0.000480374
105.2 0.00289249 -0.000420236
105.6 0.00269143 -0.000363129
106 0.0024966 -0.000309554
106.4 0.00230909 -0.000259974
106.8 0.00212992 -0.000214806
107.2 0.00195999 -0.000174401
107.6 0.00179999 -0.000139045
108 0.00165045 -0.00010894
108.4 0.00151164 -8.42032e-05
108.8 0.00138362 -6.48629e-05
109.2 0.00126621 -5.08554e-05
109.6 0.001159 -4.20264e-05
110 0.00106136 -3.81343e-05
110.4 0.000972482 -3.88557e-05
110.8 0.000891395 -4.37928e-05
111.2 0.000816994 -5.24828e-05
111.6 0.000748089 -6.44088e-05
112 0.000683437 -7.9012e-05
112.4 0.000621788 -9.57048e-05
112.8 0.000561922 -0.000113884
113.2 0.000502685 -0.000132945
113.6 0.000443029 -0.000152294
114 0.000382037 -0.000171363
114.4 0.000318954 -0.000189621
114.8 0.000253199 -0.000206582
115.2 0.000184384 -0.000221821
115.6 0.000112319 -0.000234974
116 3.70079e-05 -0.00024575
116.4 -4.13517e-05 -0.000253931
116.8 -0.000122387 -0.000259376
117.2 -0.000205565 -0.000262024
117.6 -0.000290214 -0.000261885
118 -0.000375555 -0.000259044
118.4 -0.000460724 -0.000253651
118.8 -0.000544805 -0.000245919
119.2 -0.000626863 -0.000236111
119.6 -0.000705972 -0.000224534
120 -0.000781243 -0.00021153
120.4 -0.000851854 -0.000197465
120.8 -0.000917069 -0.000182721
121.2 -0.000976261 -0.00016768
121.6 -0.00102892 -0.000152721
122 -0.00107469 -0.000138209
122.4 -0.00111332 -0.000124484
122.8 -0.00114471 -0.000111854
123.2 -0.00116892 -0.000100592
123.6 -0.00118611 -9.09263e-05
124 -0.00119655 -8.30405e-05
124.4 -0.00120065 -7.70676e-05
124.8 -0.00119885 -7.30906e-05
125.2 -0.00119169 -7.11419e-05
125.6 -0.00117974 -7.12048e-05
126 -0.00116361 -7.32157e-05
126.4 -0.00114389 -7.70674e-05
126.8 -0.00112118 -8.26142e-05
127.2 -0.00109602 -8.96759e-05
127.6 -0.00106892 -9.80445e-05
128 -0.00104034 -0.00010749
128.4 -0.00101067 -0.000117766
128.8 -0.000980214 -0.000128617
129.2 -0.000949225 -0.000139786
129.6 -0.000917873 -0.000151016
130 -0.00088626 -0.000162061
130.4 -0.000854431 -0.000172689
130.8 -0.000822377 -0.000182685
131.2 -0.000790049 -0.000191859
131.6 -0.000757366 -0.000200043
132 -0.000724233 -0.000207099
132.4 -0.000690548 -0.000212919
132.8 -0.000656217 -0.000217424
133.2 -0.000621164 -0.000220566
133.6 -0.000585341 -0.000222326
134 -0.000548736 -0.000222712
134.4 -0.000511379 -0.000221761
134.8 -0.000473344 -0.000219531
135.2 -0.000434751 -0.000216103
135.6 -0.000395767 -0.000211575
136 -0.000356599 -0.000206058
136.4 -0.000317489 -0.000199678
136.8 -0.000278712 -0.000192564
137.2 -0.000240558 -0.000184852
137.6 -0.000203333 -0.000176679
138 -0.000167338 -0.000168181
138.4 -0.000132869 -0.000159486
138.8 -0.000100198 -0.000150719
139.2 -6.95684e-05 -0.000141995
139.6 -4.1185e-05 -0.000133418
140 -1.52074e-05 -0.000125082
140.4 8.2555e-06 -0.000117067
140.8 2.91489e-05 -0.000109443
141.2 4.74738e-05 -0.000102263
141.6 6.32858e-05 -9.55738e-05
142 7.6693e-05 -8.94053e-05
142.4 8.78513e-05 -8.37788e-05
142.8 9.6958e-05 -7.87054e-05
143.2 0.000104244 -7.41873e-05
143.6 0.000109967 -7.0219e-05
144 0.000114397 -6.67888e-05
144.4 0.000117813 -6.388e-05
144.8 0.000120488 -6.14717e-05
145.2 0.00012268 -5.95406e-05
145.6 0.000124626 -5.80612e-05
146 0.000126533 -5.70073e-05
146.4 0.000128569 -5.63524e-05
146.8 0.000130862 -5.60703e-05
147.2 0.000133493 -5.61353e-05
147.6 0.000136501 -5.6523e-05
148 0.000139876 -5.72096e-05
148.4 0.000143566 -5.81725e-05
148.8 0.000147481 -5.93899e-05
149.2 0.000151498 -6.08405e-05
149.6 0.000155467 -6.25034e-05
150 0.00015922 -6.43577e-05
150.4 0.000162579 -6.63821e-05
150.8 0.000165365 -6.85546e-05
151.2 0.000167407 -7.08525e-05
151.6 0.00016855 -7.32518e-05
152 0.000168663 -7.57273e-05
152.4 0.000167645 -7.82526e-05
152.8 0.000165431 -8.07999e-05
153.2 0.000161997 -8.33402e-05
153.6 0.000157359 -8.58439e-05
154 0.000151578 -8.82805e-05
154.4 0.000144756 -9.06195e-05
154.8 0.000137032 -9.28305e-05
155.2 0.000128583 -9.4884e-05
155.6 0.000119613 -9.67517e-05
156 0.000110349 -9.84069e-05
156.4 0.000101033 -9.98254e-05
156.8 9.19136e-05 -0.000100986
157.2 8.32367e-05 -0.00010187
157.6 7.5238e-05 -0.000102463
158 6.81345e-05 -0.000102754
158.4 6.21169e-05 -0.000102737
158.8 5.73435e-05 -0.00010241
159.2 5.3934e-05 -0.000101773
159.6 5.1966e-05 -0.000100832
160 5.14726e-05 -9.95987e-05
160.4 5.24406e-05 -9.80847e-05
160.8 5.48118e-05 -9.63071e-05
161.2 5.84848e-05 -9.42852e-05
161.6 6.33188e-05 -9.20408e-05
162 6.91381e-05 -8.95973e-05
162.4 7.57386e-05 -8.69794e-05
162.8 8.28946e-05 -8.42124e-05
163.2 9.03662e-05 -8.13219e-05
163.6 9.79074e-05 -7.83329e-05
164 0.000105274 -7.52696e-05
164.4 0.000112233 -7.21549e-05
164.8 0.000118565 -6.90103e-05
165.2 0.000124079 -6.58551e-05
165.6 0.00012861 -6.27068e-05
166 0.000132029 -5.95804e-05
166.4 0.000134242 -5.6489e-05
166.8 0.000135198 -5.34433e-05
167.2 0.000134882 -5.04521e-05
167.6 0.000133322 -4.75222e-05
168 0.000130579 -4.46589e-05
168.4 0.00012675 -4.18658e-05
168.8 0.000121962 -3.91456e-05
169.2 0.000116364 -3.65002e-05
169.6 0.000110124 -3.39307e-05
170 0.000103421 -3.14381e-05
170.4 9.64421e-05 -2.90233e-05
170.8 8.93691e-05 -2.66872e-05
171.2 8.23788e-05 -2.44314e-05
171.6 7.56339e-05 -2.22575e-05
172 6.92791e-05 -2.01678e-05
172.4 6.34366e-05 -1.8165e-05
172.8 5.8203e-05 -1.62524e-05
173.2 5.3647e-05 -1.44336e-05
173.6 4.98085e-05 -1.27124e-05
174 4.66988e-05 -1.10926e-05
174.4 4.43014e-05 -9.57805e-06
174.8 4.25745e-05 -8.17234e-06
175.2 4.14537e-05 -6.87848e-06
175.6 4.08559e-05 -5.69886e-06
176 4.06835e-05 -4.63502e-06
176.4 4.08292e-05 -3.68757e-06
176.8 4.1181e-05 -2.85601e-06
177.2 4.16264e-05 -2.1387e-06
177.6 4.2058e-05 -1.53286e-06
178 4.2377e-05 -1.03455e-06
178.4 4.24975e-05 -6.38769e-07
178.8 4.23494e-05 -3.39544e-07
179.2 4.18807e-05 -1.30097e-07
179.6 4.1059e-05 -3.02131e-09
180 3.98727e-05 4.9516e-08
180.4 3.83299e-05 3.55484e-08
180.8 3.64582e-05 -3.69175e-08
181.2 3.43025e-05 -1.60126e-07
181.6 3.19226e-05 -3.26784e-07
182 2.93903e-05 -5.30248e-07
182.4 2.6786e-05 -7.6468e-07
182.8 2.41948e-05 -1.02517e-06
183.2 2.17031e-05 -1.30779e-06
183.6 1.93943e-05 -1.60967e-06
184 1.73458e-05 -1.9289e-06
184.4 1.56256e-05 -2.26452e-06
184.8 1.42893e-05 -2.61638e-06
185.2 1.33782e-05 -2.98498e-06
185.6 1.29176e-05 -3.37125e-06
186 1.2916e-05 -3.77639e-06
186.4 1.33648e-05 -4.20158e-06
186.8 1.42387e-05 -4.64773e-06
187.2 1.54973e-05 -5.1153e-06
187.6 1.70865e-05 -5.604e-06
188 1.89408e-05 -6.11263e-06
188.4 2.0986e-05 -6.63892e-06
188.8 2.31425e-05 -7.17939e-06
189.2 2.53278e-05 -7.7293e-06
189.6 2.74604e-05 -8.28261e-06
190 2.94622e-05 -8.83208e-06
190.4 3.12621e-05 -9.36929e-06
190.8 3.27977e-05 -9.88488e-06
191.2 3.40184e-05 -1.03687e-05
191.6 3.4886e-05 -1.08103e-05
192 3.53768e-05 -1.11986e-05
192.4 3.5481e-05 -1.15232e-05
192.8 3.52036e-05 -1.17737e-05
193.2 3.45631e-05 -1.19409e-05
193.6 3.35905e-05 -1.20166e-05
194 3.23276e-05 -1.1994e-05
194.4 3.08247e-05 -1.18683e-05
194.8 2.91387e-05 -1.16366e-05
195.2 2.73299e-05 -1.12981e-05
195.6 2.54598e-05 -1.08545e-05
196 2.35882e-05 -1.03098e-05
196.4 2.1771e-05 -9.67026e-06
196.8 2.00574e-05 -8.94455e-06
197.2 1.84884e-05 -8.14333e-06
197.6 1.7095e-05 -7.27914e-06
198 1.58971e-05 -6.36607e-06
198.4 1.49033e-05 -5.41941e-06
198.8 1.41103e-05 -4.45527e-06
199.2 1.35034e-05 -3.49013e-06
199.6 1.30577e-05 -2.54043e-06
200 1.27393e-05 -1.62211e-06
200.4 1.25069e-05 -7.50192e-07
200.8 1.23142e-05 6.16285e-08
201.2 1.21114e-05 8.01343e-07
201.6 1.18486e-05 1.45894e-06
202 1.14771e-05 2.02667e-06
202.4 1.09527e-05 2.49919e-06
202.8 1.02369e-05 2.87372e-06
203.2 9.2994e-06 3.15002e-06
203.6 8.11942e-06 3.33038e-06
204 6.6867e-06 3.41945e-06
204.4 5.0023e-06 3.42409e-06
204.8 3.07877e-06 3.35308e-06
205.2 9.3986e-07 3.21679e-06
205.6 -1.38017e-06 3.02683e-06
206 -3.83775e-06 2.79567e-06
206.4 -6.38155e-06 2.53622e-06
206.8 -8.95431e-06 2.26142e-06
207.2 -1.1495e-05 1.9838e-06
207.6 -1.3941e-05 1.71516e-06
208 -1.62307e-05 1.4662e-06
208.4 -1.83054e-05 1.2462e-06
208.8 -2.01117e-05 1.06281e-06
209.2 -2.16038e-05 9.21862e-07
209.6 -2.27447e-05 8.27263e-07
210 -2.35079e-05 7.80941e-07
210.4 -2.38784e-05 7.82889e-07
210.8 -2.38529e-05 8.3125e-07
211.2 -2.34403e-05 9.22484e-07
211.6 -2.26614e-05 1.05157e-06
212 -2.15475e-05 1.21226e-06
212.4 -2.014e-05 1.39739e-06
212.8 -1.84882e-05 1.59917e-06
213.2 -1.6648e-05 1.80951e-06
213.6 -1.46795e-05 2.02038e-06
214 -1.26449e-05 2.22406e-06
214.4 -1.06064e-05 2.41349e-06
214.8 -8.62375e-06 2.58247e-06
215.2 -6.75252e-06 2.7259e-06
215.6 -5.04184e-06 2.83995e-06
216 -3.53301e-06 2.92211e-06
216.4 -2.25811e-06 2.97129e-06
216.8 -1.23906e-06 2.98782e-06
217.2 -4.87133e-07 2.97333e-06
217.6 -2.80193e-09 2.93068e-06
218 2.23973e-07 2.86377e-06
218.4 2.13053e-07 2.77738e-06
218.8 -6.92771e-09 2.67691e-06
219.2 -3.99918e-07 2.56811e-06
219.6 -9.24075e-07 2.45689e-06
220 -1.53357e-06 2.34901e-06
220.4 -2.18053e-06 2.24982e-06
220.8 -2.817e-06 2.16411e-06
221.2 -3.39686e-06 2.09584e-06
221.6 -3.87769e-06 2.04801e-06
222 -4.22239e-06 2.02257e-06
222.4 -4.40056e-06 2.02032e-06
222.8 -4.38968e-06 2.04087e-06
223.2 -4.17579e-06 2.08272e-06
223.6 -3.75403e-06 2.14331e-06
224 -3.12859e-06 2.21914e-06
224.4 -2.31248e-06 2.30591e-06
224.8 -1.32685e-06 2.39873e-06
225.2 -2.00039e-07 2.49231e-06
225.6 1.03367e-06 2.58122e-06
226 2.33548e-06 2.66005e-06
226.4 3.66371e-06 2.72372e-06
226.8 4.97547e-06 2.76763e-06
227.2 6.22839e-06 2.78786e-06
227.6 7.3823e-06 2.78136e-06
228 8.40074e-06 2.74605e-06
228.4 9.25243e-06 2.68091e-06
228.8 9.91234e-06 2.58604e-06
229.2 1.03627e-05 2.46265e-06
229.6 1.05933e-05 2.31298e-06
230 1.06024e-05 2.1403e-06
230.4 1.03959e-05 1.9487e-06
230.8 9.98747e-06 1.74298e-06
231.2 9.39787e-06 1.52844e-06
231.6 8.65381e-06 1.31071e-06
232 7.78696e-06 1.0955e-06
232.4 6.83258e-06 8.88428e-07
232.8 5.82803e-06 6.94768e-07
233.2 4.81135e-06 5.19279e-07
233.6 3.81967e-06 3.66026e-07
234 2.88778e-06 2.38238e-07
234.4 2.04686e-06 1.38191e-07
234.8 1.32323e-06 6.71403e-08
235.2 7.37501e-07 2.52829e-08
235.6 3.03797e-07 1.17688e-08
236 2.9392e-08 2.47473e-08
236.4 -8.54493e-08 6.14546e-08
236.8 -4.73125e-08 1.18334e-07
237.2 1.30797e-07 1.91185e-07
237.6 4.30141e-07 2.75341e-07
238 8.27163e-07 3.65851e-07
238.4 1.29458e-06 4.57686e-07
238.8 1.80263e-06 5.45931e-07
239.2 2.32037e-06 6.25977e-07
239.6 2.81705e-06 6.937e-07
240 3.26344e-06 7.45617e-07
240.4 3.63306e-06 7.7901e-07
240.8 3.9033e-06 7.92023e-07
241.2 4.05641e-06 7.83726e-07
241.6 4.08017e-06 7.54133e-07
242 3.96843e-06 7.0419e-07
242.4 3.72137e-06 6.35722e-07
242.8 3.34541e-06 5.51349e-07
243.2 2.853e-06 4.54363e-07
243.6 2.26206e-06 3.48589e-07
244 1.5952e-06 2.38225e-07
244.4 8.78819e-07 1.27657e-07
244.8 1.41977e-07 2.12842e-08
245.2 -5.84802e-07 -7.66646e-08
245.6 -1.27079e-06 -1.62304e-07
246 -1.88632e-06 -2.3225e-07
246.4 -2.40404e-06 -2.83755e-07
246.8 -2.79997e-06 -3.14819e-07
247.2 -3.05458e-06 -3.24266e-07
247.6 -3.15354e-06 -3.11793e-07
248 -3.08834e-06 -2.77977e-07
248.4 -2.85666e-06 -2.24254e-07
248.8 -2.46249e-06 -1.52855e-07
249.2 -1.916e-06 -6.67201e-08
249.6 -1.23319e-06 3.06228e-08
250 -4.35247e-07 1.35196e-07
250.4 4.52213e-07 2.42733e-07
250.8 1.40014e-06 3.48843e-07
251.2 2.37715e-06 4.49187e-07
251.6 3.3507e-06 5.39646e-07
252 4.28835e-06 6.16478e-07
252.4 5.15894e-06 6.76468e-07
252.8 5.93382e-06 7.17046e-07
253.2 6.58782e-06 7.36386e-07
253.6 7.10026e-06 7.33472e-07
254 7.45564e-06 7.08131e-07
254.4 7.64421e-06 6.61041e-07
254.8 7.66226e-06 5.93691e-07
255.2 7.51222e-06 5.08323e-07
255.6 7.20247e-06 4.07841e-07
256 6.74702e-06 2.9569e-07
256.4 6.16485e-06 1.75719e-07
256.8 5.47917e-06 5.20313e-08
257.2 4.71647e-06 -7.11775e-08
257.6 3.90547e-06 -1.89784e-07
258 3.07603e-06 -2.99897e-07
258.4 2.25794e-06 -3.98003e-07
258.8 1.47983e-06 -4.81101e-07
259.2 7.68079e-07 -5.46816e-07
259.6 1.45829e-07 -5.93482e-07
260 -3.67834e-07 -6.20203e-07
260.4 -7.58561e-07 -6.26875e-07
260.8 -1.01721e-06 -6.14189e-07
261.2 -1.14011e-06 -5.83589e-07
261.6 -1.12913e-06 -5.3721e-07
262 -9.91459e-07 -4.77788e-07
262.4 -7.39288e-07 -4.08543e-07
262.8 -3.89209e-07 -3.33047e-07
263.2 3.85085e-08 -2.55081e-07
263.6 5.20787e-07 -1.7848e-07
264 1.03271e-06 -1.06981e-07
264.4 1.54853e-06 -4.40765e-08
264.8 2.04275e-06 7.12701e-09
265.2 2.49111e-06 4.40271e-08
265.6 2.87157e-06 6.46268e-08
266 3.16515e-06 6.76106e-08
266.4 3.3567e-06 5.23928e-08
266.8 3.43539e-06 1.9137e-08
267.2 3.39517e-06 -3.12539e-08
267.6 3.23493e-06 -9.71773e-08
268 2.95848e-06 -1.76397e-07
268.4 2.57438e-06 -2.66134e-07
268.8 2.09553e-06 -3.6318e-07
269.2 1.5386e-06 -4.64021e-07
269.6 9.23342e-07 -5.6498e-07
270 2.71774e-07 -6.62363e-07
270.4 -3.92731e-07 -7.52595e-07
270.8 -1.04639e-06 -8.3237e-07
271.2 -1.66594e-06 -8.98768e-07
271.6 -2.2296e-06 -9.49372e-07
272 -2.71789e-06 -9.82359e-07
272.4 -3.11439e-06 -9.96562e-07
272.8 -3.40636e-06 -9.91518e-07
273.2 -3.58523e-06 -9.67477e-07
273.6 -3.64687e-06 -9.25388e-07
274 -3.59173e-06 -8.66859e-07
274.4 -3.42477e-06 -7.9409e-07
274.8 -3.1552e-06 -7.09782e-07
275.2 -2.79611e-06 -6.17032e-07
275.6 -2.36388e-06 -5.19209e-07
276 -1.87749e-06 -4.19821e-07
276.4 -1.35775e-06 -3.22382e-07
276.8 -8.26473e-07 -2.30275e-07
277.2 -3.05561e-07 -1.46624e-07
277.6 1.83846e-07 -7.4175e-08
278 6.22207e-07 -1.51979e-08
278.4 9.92342e-07 2.85976e-08
278.8 1.28009e-06 5.61208e-08
279.2 1.47485e-06 6.69339e-08
279.6 1.56995e-06 6.12608e-08
280 1.56288e-06 3.99694e-08
280.4 1.45536e-06 4.52877e-09
280.8 1.25319e-06 -4.30564e-08
281.2 9.66034e-07 -1.00332e-07
281.6 6.06934e-07 -1.64498e-07
282 1.91787e-07 -2.32522e-07
282.4 -2.6133e-07 -3.01267e-07
282.8 -7.3291e-07 -3.67611e-07
283.2 -1.20281e-06 -4.28579e-07
283.6 -1.65107e-06 -4.81456e-07
284 -2.05872e-06 -5.23892e-07
284.4 -2.4085e-06 -5.53997e-07
284.8 -2.68561e-06 -5.70407e-07
285.2 -2.87821e-06 -5.72339e-07
285.6 -2.97791e-06 -5.59613e-07
286 -2.98009e-06 -5.32657e-07
286.4 -2.88402e-06 -4.92483e-07
286.8 -2.69292e-06 -4.40644e-07
287.2 -2.41374e-06 -3.79164e-07
287.6 -2.05689e-06 -3.10459e-07
288 -1.6358e-06 -2.37232e-07
288.4 -1.16635e-06 -1.62367e-07
288.8 -6.66247e-07 -8.88099e-08
289.2 -1.54273e-07 -1.94522e-08
289.6 3.50442e-07 4.29844e-08
290 8.29196e-07 9.60558e-08
290.4 1.26445e-06 1.37691e-07
290.8 1.6405e-06 1.66272e-07
291.2 1.94411e-06 1.80696e-07
291.6 2.16502e-06 1.80417e-07
292 2.29628e-06 1.65461e-07
292.4 2.33455e-06 1.36427e-07
292.8 2.28019e-06 9.44571e-08
293.2 2.1372e-06 4.11871e-08
293.6 1.91303e-06 -2.13173e-08
294 1.61828e-06 -9.0646e-08
294.4 1.26622e-06 -1.64141e-07
294.8 8.72268e-07 -2.39003e-07
295.2 4.53326e-07 -3.12401e-07
295.6 2.71261e-08 -3.81582e-07
296 -3.88498e-07 -4.43982e-07
296.4 -7.76323e-07 -4.97322e-07
296.8 -1.12041e-06 -5.39695e-07
297.2 -1.40675e-06 -5.6964e-07
297.6 -1.62376e-06 -5.86192e-07
298 -1.7628e-06 -5.88922e-07
298.4 -1.81842e-06 -5.77939e-07
298.8 -1.7886e-06 -5.53893e-07
299.2 -1.67479e-06 -5.17934e-07
299.6 -1.48182e-06 -4.71669e-07
300 -1.21772e-06 -4.17094e-07
300.4 -8.93323e-07 -3.56507e-07
300.8 -5.2185e-07 -2.92421e-07
301.2 -1.18363e-07 -2.27457e-07
301.6 3.00852e-07 -1.64243e-07
302 7.18934e-07 -1.05309e-07
302.4 1.11913e-06 -5.29865e-08
302.8 1.48544e-06 -9.31716e-09
303.2 1.80328e-06 2.40236e-08
303.6 2.06001e-06 4.57919e-08
304 2.24545e-06 5.52215e-08
304.4 2.35226e-06 5.20501e-08
304.8 2.3762e-06 3.65261e-08
305.2 2.3163e-06 9.3952e-09
305.6 2.17485e-06 -2.81328e-08
306 1.95731e-06 -7.44358e-08
306.4 1.67207e-06 -1.27546e-07
306.8 1.33008e-06 -1.85231e-07
307.2 9.44422e-07 -2.45085e-07
307.6 5.29785e-07 -3.04623e-07
308 1.01857e-07 -3.61383e-07
308.4 -3.23284e-07 -4.13021e-07
308.8 -7.29805e-07 -4.57406e-07
309.2 -1.10274e-06 -4.927e-07
309.6 -1.42856e-06 -5.17431e-07
310 -1.69571e-06 -5.30551e-07
310.4 -1.89502e-06 -5.3147e-07
310.8 -2.02005e-06 -5.2008e-07
311.2 -2.06734e-06 -4.96758e-07
311.6 -2.03647e-06 -4.62344e-07
312 -1.93009e-06 -4.18107e-07
312.4 -1.75377e-06 -3.65694e-07
312.8 -1.51574e-06 -3.0706e-07
313.2 -1.22656e-06 -2.44391e-07
313.6 -8.98677e-07 -1.80017e-07
314 -5.45881e-07 -1.16316e-07
314.4 -1.82791e-07 -5.56242e-08
314.8 1.75758e-07 -1.42503e-10
315.2 5.15294e-07 4.81493e-08
315.6 8.22285e-07 8.75682e-08
316 1.08466e-06 1.16792e-07
316.4 1.29228e-06 1.3491e-07
316.8 1.43732e-06 1.41453e-07
317.2 1.51454e-06 1.3641e-07
317.6 1.52151e-06 1.20228e-07
318 1.45862e-06 9.37858e-08
318.4 1.3291e-06 5.83576e-08
318.8 1.13882e-06 1.5562e-08
319.2 8.96034e-07 -3.27072e-08
319.6 6.1106e-07 -8.43568e-08
320 2.95819e-07 -1.37179e-07
320.4 -3.66468e-08 -1.8894e-07
320.8 -3.72702e-07 -2.37468e-07
321.2 -6.98669e-07 -2.80738e-07
321.6 -1.00138e-06 -3.16954e-07
322 -1.26869e-06 -3.44615e-07
322.4 -1.48996e-06 -3.62576e-07
322.8 -1.65648e-06 -3.70087e-07
323.2 -1.76176e-06 -3.66823e-07
323.6 -1.80183e-06 -3.52896e-07
324 -1.77535e-06 -3.2884e-07
324.4 -1.68361e-06 -2.95595e-07
324.8 -1.53054e-06 -2.54465e-07
325.2 -1.32245e-06 -2.07061e-07
325.6 -1.06779e-06 -1.5524e-07
326 -7.76837e-07 -1.01024e-07
326.4 -4.61202e-07 -4.65249e-08
326.8 -1.33408e-07 6.14269e-09
327.2 1.93636e-07 5.49454e-08
327.6 5.07148e-07 9.80103e-08
328 7.9498e-07 1.33698e-07
328.4 1.0461e-06 1.60666e-07
328.8 1.25102e-06 1.77921e-07
329.2 1.40215e-06 1.84855e-07
329.6 1.49413e-06 1.81266e-07
330 1.52395e-06 1.67368e-07
330.4 1.49114e-06 1.43773e-07
330.8 1.39769e-06 1.11472e-07
331.2 1.24801e-06 7.17885e-08
331.6 1.0487e-06 2.63257e-08
332 8.08299e-07 -2.30974e-08
332.4 5.36899e-07 -7.45201e-08
332.8 2.45757e-07 -1.25917e-07
333.2 -5.31729e-08 -1.7528e-07
333.6 -3.47719e-07 -2.20694e-07
334 -6.25978e-07 -2.60416e-07
334.4 -8.7679e-07 -2.92937e-07
334.8 -1.09017e-06 -3.17045e-07
335.2 -1.25772e-06 -3.31868e-07
335.6 -1.3729e-06 -3.36906e-07
336 -1.43135e-06 -3.32048e-07
336.4 -1.43097e-06 -3.17575e-07
336.8 -1.37206e-06 -2.94142e-07
337.2 -1.25724e-06 -2.62757e-07
337.6 -1.09133e-06 -2.24729e-07
338 -8.81187e-07 -1.81624e-07
338.4 -6.35372e-07 -1.35192e-07
338.8 -3.63822e-07 -8.73044e-08
339.2 -7.74334e-08 -3.98731e-08
339.6 2.1237e-07 5.22144e-09
340 4.94101e-07 4.6206e-08
340.4 7.56661e-07 8.14838e-08
340.8 9.89783e-07 1.09696e-07
341.2 1.18443e-06 1.29776e-07
341.6 1.33315e-06 1.40984e-07
342 1.43036e-06 1.42942e-07
342.4 1.47254e-06 1.3564e-07
342.8 1.4584e-06 1.19436e-07
343.2 1.38886e-06 9.504e-08
343.6 1.26704e-06 6.34835e-08
344 1.09811e-06 2.60751e-08
344.4 8.89052e-07 -1.56518e-08
344.8 6.48405e-07 -6.00017e-08
345.2 3.85884e-07 -1.05185e-07
345.6 1.12002e-07 -1.49389e-07
346 -1.62357e-07 -1.90851e-07
346.4 -4.26374e-07 -2.27927e-07
346.8 -6.6972e-07 -2.59154e-07
347.2 -8.82965e-07 -2.83313e-07
347.6 -1.05794e-06 -2.99466e-07
348 -1.18808e-06 -3.07001e-07
348.4 -1.26861e-06 -3.05647e-07
348.8 -1.2968e-06 -2.95487e-07
349.2 -1.272e-06 -2.76951e-07
349.6 -1.19568e-06 -2.50794e-07
350 -1.07135e-06 -2.1807e-07
350.4 -9.04387e-07 -1.80084e-07
350.8 -7.01846e-07 -1.3834e-07
351.2 -4.72134e-07 -9.44795e-08
351.6 -2.24682e-07 -5.02183e-08
352 3.04412e-08 -7.27578e-09
352.4 2.82931e-07 3.26919e-08
352.8 5.22663e-07 6.81569e-08
353.2 7.40089e-07 9.77793e-08
353.6 9.26614e-07 1.20458e-07
354 1.07493e-06 1.35375e-07
354.4 1.17931e-06 1.42022e-07
354.8 1.2358e-06 1.40221e-07
355.2 1.24239e-06 1.30129e-07
355.6 1.19905e-06 1.12227e-07
356 1.10776e-06 8.73041e-08
356.4 9.72365e-07 5.64174e-08
356.8 7.98466e-07 2.08532e-08
357.2 5.93143e-07 -1.79272e-08
357.6 3.64678e-07 -5.83464e-08
358 1.22222e-07 -9.8774e-08
358.4 -1.24581e-07 -1.37592e-07
358.8 -3.65974e-07 -1.73256e-07
359.2 -5.92482e-07 -2.04363e-07
359.6 -7.95278e-07 -2.29695e-07
360 -9.66538e-07 -2.48277e-07
360.4 -1.09973e-06 -2.59407e-07
360.8 -1.18989e-06 -2.62684e-07
361.2 -1.23378e-06 -2.58023e-07
361.6 -1.23002e-06 -2.45654e-07
362 -1.17912e-06 -2.26112e-07
362.4 -1.08346e-06 -2.00215e-07
362.8 -9.4717e-07 -1.69028e-07
363.2 -7.75966e-07 -1.33818e-07
363.6 -5.76898e-07 -9.60065e-08
364 -3.58071e-07 -5.71084e-08
364.4 -1.28311e-07 -1.86726e-08
364.8 1.03189e-07 1.77795e-08
365.2 3.27236e-07 5.08143e-08
365.6 5.35002e-07 7.91423e-08
366 7.18372e-07 1.01669e-07
366.4 8.70261e-07 1.17535e-07
366.8 9.8489e-07 1.26152e-07
367.2 1.058e-06 1.27221e-07
367.6 1.08702e-06 1.20745e-07
368 1.07115e-06 1.07026e-07
368.4 1.01137e-06 8.66515e-08
368.8 9.10414e-07 6.04683e-08
369.2 7.72632e-07 2.9549e-08
369.6 6.03801e-07 -4.85224e-09
370 4.10895e-07 -4.1351e-08
370.4 2.01795e-07 -7.84879e-08
370.8 -1.50317e-08 -1.14787e-07
371.2 -2.3087e-07 -1.48813e-07
371.6 -4.37109e-07 -1.79231e-07
372 -6.25581e-07 -2.04856e-07
372.4 -7.88888e-07 -2.24699e-07
372.8 -9.20685e-07 -2.38005e-07
373.2 -1.01593e-06 -2.44285e-07
373.6 -1.07108e-06 -2.43329e-07
374 -1.0842e-06 -2.35214e-07
374.4 -1.05507e-06 -2.203e-07
374.8 -9.85146e-07 -1.99215e-07
375.2 -8.77499e-07 -1.72827e-07
375.6 -7.36694e-07 -1.42206e-07
376 -5.6859e-07 -1.08587e-07
376.4 -3.80099e-07 -7.33129e-08
376.8 -1.78903e-07 -3.7785e-08
377.2 2.68538e-08 -3.40605e-09
377.6 2.28894e-07 2.84755e-08
378 4.19138e-07 5.6618e-08
378.4 5.90023e-07 7.99357e-08
378.8 7.348e-07 9.75402e-08
379.2 8.47802e-07 1.08775e-07
379.6 9.24655e-07 1.13238e-07
380 9.62452e-07 1.108e-07
380.4 9.59854e-07 1.01605e-07
380.8 9.17137e-07 8.60606e-08
381.2 8.36168e-07 6.48265e-08
381.6 7.20324e-07 3.87815e-08
382 5.74347e-07 8.98961e-09
382.4 4.04147e-07 -2.3344e-08
382.8 2.1656e-07 -5.69211e-08
383.2 1.90724e-08 -9.04029e-08
383.6 -1.80482e-07 -1.22463e-07
384 -3.74236e-07 -1.5184e-07
384.4 -5.54599e-07 -1.77386e-07
384.8 -7.14559e-07 -1.98115e-07
385.2 -8.47955e-07 -2.13236e-07
385.6 -9.49719e-07 -2.22186e-07
386 -1.01607e-06 -2.24652e-07
386.4 -1.04465e-06 -2.20578e-07
386.8 -1.03462e-06 -2.10169e-07
387.2 -9.86668e-07 -1.93881e-07
387.6 -9.02992e-07 -1.724e-07
388 -7.87182e-07 -1.46614e-07
388.4 -6.44085e-07 -1.17576e-07
388.8 -4.79592e-07 -8.64629e-08
389.2 -3.00408e-07 -5.45265e-08
389.6 -1.13772e-07 -2.30439e-08
390 7.28289e-08 6.73336e-09
390.4 2.5196e-07 3.36287e-08
390.8 4.16534e-07 5.65868e-08
391.2 5.60091e-07 7.47146e-08
391.6 6.7705e-07 8.73163e-08
392 7.62926e-07 9.39191e-08
392.4 8.14498e-07 9.4291e-08
392.8 8.29934e-07 8.8449e-08
393.2 8.0885e-07 7.66564e-08
393.6 7.52321e-07 5.94111e-08
394 6.62823e-07 3.74249e-08
394.4 5.4413e-07 1.15935e-08
394.8 4.01153e-07 -1.70394e-08
395.2 2.3974e-07 -4.7325e-08
395.6 6.64358e-08 -7.80548e-08
396 -1.11782e-07 -1.0801e-07
396.4 -2.87784e-07 -1.36007e-07
396.8 -4.54572e-07 -1.60949e-07
397.2 -6.05558e-07 -1.81864e-07
397.6 -7.34821e-07 -1.97946e-07
398 -8.37342e-07 -2.08583e-07
398.4 -9.09195e-07 -2.13383e-07
398.8 -9.47698e-07 -2.12188e-07
399.2 -9.51508e-07 -2.05076e-07
399.6 -9.20673e-07 -1.92359e-07
400 -8.56615e-07 -1.7457e-07
