-0.498 -1.23965 -0.761537
-0.496 -1.46493 -0.811538
-0.494 -1.68228 -0.863836
-0.492 -1.88792 -0.917354
-0.49 -2.0779 -0.970915
-0.488 -2.24822 -1.02328
-0.486 -2.39501 -1.07321
-0.484 -2.51464 -1.11947
-0.482 -2.60388 -1.16089
-0.48 -2.66004 -1.19638
-0.478 -2.68103 -1.22497
-0.476 -2.66549 -1.2458
-0.474 -2.61285 -1.25819
-0.472 -2.52334 -1.26161
-0.47 -2.39811 -1.2557
-0.468 -2.23915 -1.24029
-0.466 -2.04934 -1.21538
-0.464 -1.83239 -1.18118
-0.462 -1.59273 -1.13804
-0.46 -1.33545 -1.08651
-0.458 -1.06614 -1.02729
-0.456 -0.790703 -0.961229
-0.454 -0.515226 -0.889276
-0.452 -0.245784 -0.812477
-0.45 0.0117272 -0.731932
-0.448 0.25175 -0.648749
-0.446 0.469212 -0.564005
-0.444 0.659657 -0.478692
-0.442 0.81936 -0.393673
-0.44 0.945416 -0.309641
-0.438 1.03582 -0.22709
-0.436 1.08955 -0.146302
-0.434 1.10655 -0.0673515
-0.432 1.0878 0.00987678
-0.43 1.0353 0.0856552
-0.428 0.951998 0.160374
-0.426 0.841724 0.234497
-0.424 0.709112 0.308522
-0.422 0.559452 0.382936
-0.42 0.398531 0.458181
-0.418 0.232449 0.534623
-0.416 0.0674148 0.612523
-0.414 -0.0904699 0.692013
-0.412 -0.235425 0.773077
-0.41 -0.362197 0.855531
-0.408 -0.466246 0.939011
-0.406 -0.543901 1.02296
-0.404 -0.592489 1.10662
-0.402 -0.610426 1.18905
-0.4 -0.597273 1.26912
-0.398 -0.553753 1.34553
-0.396 -0.481733 1.41688
-0.394 -0.384163 1.48169
-0.392 -0.264969 1.53845
-0.39 -0.128906 1.58573
-0.388 0.0186358 1.62219
-0.386 0.171859 1.64668
-0.384 0.324822 1.65831
-0.382 0.471717 1.65647
-0.38 0.607162 1.64092
-0.378 0.726481 1.61179
-0.376 0.825967 1.56959
-0.374 0.903098 1.51528
-0.372 0.956703 1.4502
-0.37 0.987062 1.37607
-0.368 0.995932 1.29497
-0.366 0.986515 1.20928
-0.364 0.963356 1.1216
-0.362 0.932182 1.03468
-0.36 0.899688 0.951296
-0.358 0.873271 0.874177
-0.356 0.860715 0.805853
-0.354 0.86984 0.748548
-0.352 0.908126 0.704066
-0.35 0.982318 0.673696
-0.348 1.09804 0.658128
-0.346 1.25942 0.657401
-0.344 1.4688 0.670882
-0.342 1.72644 0.697269
-0.34 2.03043 0.734627
-0.338 2.37653 0.780451
-0.336 2.75829 0.831755
-0.334 3.16717 0.88517
-0.332 3.59272 0.937061
-0.33 4.02296 0.983651
-0.328 4.44472 1.02115
-0.326 4.84411 1.04586
-0.324 5.20698 1.05434
-0.322 5.51947 1.04347
-0.32 5.76852 1.01062
-0.318 5.94236 0.953709
-0.316 6.03105 0.871342
-0.314 6.02685 0.762868
-0.312 5.9246 0.628446
-0.31 5.72199 0.469087
-0.308 5.41968 0.286654
-0.306 5.02132 0.0838458
-0.304 4.53348 -0.135865
-0.302 3.96547 -0.368319
-0.3 3.32907 -0.608786
-0.298 2.63817 -0.852111
-0.296 1.9084 -1.09287
-0.294 1.15667 -1.32558
-0.292 0.400686 -1.54482
-0.29 -0.341542 -1.74548
-0.288 -1.05226 -1.92291
-0.286 -1.71452 -2.0731
-0.284 -2.3127 -2.19282
-0.282 -2.83308 -2.27975
-0.28 -3.26434 -2.33259
-0.278 -3.59796 -2.35113
-0.276 -3.82865 -2.33624
-0.274 -3.95458 -2.28993
-0.272 -3.97755 -2.21522
-0.27 -3.90306 -2.11612
-0.268 -3.74019 -1.99746
-0.266 -3.50139 -1.86474
-0.264 -3.20213 -1.72393
-0.262 -2.86035 -1.58126
-0.26 -2.49588 -1.44295
-0.258 -2.12973 -1.31499
-0.256 -1.78324 -1.20288
-0.254 -1.47739 -1.11139
-0.252 -1.23191 -1.04433
-0.25 -1.06456 -1.00442
-0.248 -0.990492 -0.993106
-0.246 -1.02158 -1.01049
-0.244 -1.16596 -1.05531
-0.242 -1.42761 -1.12492
-0.24 -1.80609 -1.2154
-0.238 -2.29631 -1.32163
-0.236 -2.88859 -1.43749
-0.234 -3.5687 -1.55605
-0.232 -4.3182 -1.6698
-0.23 -5.11486 -1.77094
-0.228 -5.9333 -1.85166
-0.226 -6.7457 -1.9044
-0.224 -7.52267 -1.92218
-0.222 -8.2342 -1.89883
-0.22 -8.85069 -1.82929
-0.218 -9.34391 -1.70979
-0.216 -9.68801 -1.53803
-0.214 -9.86043 -1.31334
-0.212 -9.84275 -1.03672
-0.21 -9.62133 -0.710902
-0.208 -9.18791 -0.340284
-0.206 -8.53987 0.0691478
-0.204 -7.68052 0.50996
-0.202 -6.61897 0.973475
-0.2 -5.37003 1.45001
-0.198 -3.95381 1.92916
-0.196 -2.39522 2.40011
-0.194 -0.723287 2.85197
-0.192 1.02962 3.27414
-0.19 2.82871 3.65665
-0.188 4.63779 3.99046
-0.186 6.42026 4.26783
-0.184 8.14026 4.48252
-0.182 9.76368 4.63006
-0.18 11.2592 4.70784
-0.178 12.5992 4.71529
-0.176 13.7606 4.65382
-0.174 14.7253 4.52683
-0.172 15.4811 4.33957
-0.17 16.0212 4.09899
-0.168 16.345 3.81348
-0.166 16.4574 3.49257
-0.164 16.3686 3.14663
-0.162 16.0937 2.78648
-0.16 15.6517 2.42301
-0.158 15.065 2.06679
-0.156 14.3583 1.72769
-0.154 13.5577 1.41451
-0.152 12.6896 1.13466
-0.15 11.7796 0.893891
-0.148 10.8521 0.696058
-0.146 9.92842 0.542998
-0.144 9.02705 0.434443
-0.142 8.16239 0.368032
-0.14 7.34451 0.339396
-0.138 6.57884 0.342333
-0.136 5.86612 0.369046
-0.134 5.20248 0.410458
-0.132 4.57976 0.456579
-0.13 3.98608 0.496917
-0.128 3.40644 0.520923
-0.126 2.82364 0.518442
-0.124 2.21914 0.480168
-0.122 1.57414 0.398066
-0.12 0.870659 0.265758
-0.118 0.0925478 0.0788545
-0.116 -0.773471 -0.164795
-0.114 -1.73692 -0.464925
-0.112 -2.80284 -0.818778
-0.11 -3.97121 -1.22111
-0.108 -5.23667 -1.66431
-0.106 -6.58839 -2.13857
-0.104 -8.01023 -2.63224
-0.102 -9.48113 -3.13211
-0.1 -10.9757 -3.6239
-0.098 -12.4648 -4.09273
-0.096 -13.9168 -4.52361
-0.094 -15.2983 -4.90204
-0.092 -16.575 -5.21447
-0.09 -17.7132 -5.44892
-0.088 -18.6807 -5.59536
-0.086 -19.4479 -5.64625
-0.084 -19.9886 -5.5968
-0.082 -20.2812 -5.44532
-0.08 -20.3097 -5.19336
-0.078 -20.0635 -4.84574
-0.076 -19.5387 -4.41054
-0.074 -18.7377 -3.89887
-0.072 -17.6692 -3.3246
-0.07 -16.3482 -2.7039
-0.068 -14.7948 -2.05482
-0.066 -13.0341 -1.39662
-0.064 -11.0949 -0.749168
-0.062 -9.0088 -0.132263
-0.06 -6.8094 0.435073
-0.058 -4.53118 0.935265
-0.056 -2.20876 1.35283
-0.054 0.123915 1.67495
-0.052 2.43406 1.89195
-0.05 4.69057 1.99773
-0.048 6.86429 1.98999
-0.046 8.92826 1.87038
-0.044 10.8579 1.64457
-0.042 12.6312 1.32202
-0.04 14.2287 0.915819
-0.038 15.6338 0.442215
-0.036 16.8326 -0.0798573
-0.034 17.8144 -0.629423
-0.032 18.5709 -1.18417
-0.03 19.0972 -1.72126
-0.028 19.3908 -2.21812
-0.026 19.4518 -2.65331
-0.024 19.283 -3.00736
-0.022 18.8892 -3.26354
-0.02 18.2778 -3.40854
-0.018 17.4581 -3.43306
-0.016 16.4421 -3.33228
-0.014 15.2441 -3.10609
-0.012 13.8804 -2.75925
-0.01 12.3694 -2.30125
-0.008 10.7306 -1.74606
-0.006 8.98402 -1.11161
-0.004 7.14937 -0.419183
-0.002 5.24595 0.307459
0 3.2925 1.04297
0.002 1.30836 1.7613
0.004 -0.688065 2.4372
0.006 -2.67644 3.04679
0.008 -4.63491 3.56864
0.01 -6.54016 3.9846
0.012 -8.36784 4.2805
0.014 -10.0933 4.44664
0.016 -11.6925 4.47815
0.018 -13.1425 4.37509
0.02 -14.4224 4.14246
0.022 -15.5129 3.78988
0.024 -16.3969 3.33124
0.026 -17.0595 2.78413
0.028 -17.488 2.16914
0.03 -17.6723 1.5091
0.032 -17.6052 0.828183
0.034 -17.2827 0.151088
0.036 -16.7046 -0.497891
0.038 -15.8744 -1.09569
0.04 -14.7999 -1.62125
0.042 -13.4926 -2.05623
0.044 -11.9683 -2.38556
0.046 -10.2463 -2.59794
0.048 -8.34975 -2.68607
0.05 -6.30509 -2.64694
0.052 -4.14195 -2.48173
0.054 -1.89272 -2.19577
0.056 0.407773 -1.79827
0.058 2.72278 -1.30193
0.06 5.01424 -0.72246
0.062 7.24347 -0.0779985
0.064 9.37205 0.611515
0.066 11.3627 1.32505
0.068 13.1804 2.04119
0.07 14.7933 2.73888
0.072 16.1736 3.39804
0.074 17.299 4.00028
0.076 18.1528 4.5294
0.078 18.7249 4.97189
0.08 19.0118 5.31725
0.082 19.017 5.5583
0.084 18.751 5.69123
0.086 18.2301 5.71567
0.088 17.4766 5.63453
0.09 16.5174 5.45381
0.092 15.383 5.18227
0.094 14.1067 4.83105
0.096 12.7232 4.41315
0.098 11.2671 3.94299
0.1 9.77262 3.43583
0.102 8.27169 2.90724
0.104 6.79352 2.37256
0.106 5.36363 1.84642
0.108 4.00319 1.34225
0.11 2.72852 0.871901
0.112 1.55079 0.445291
0.114 0.475846 0.0701564
0.116 -0.495724 -0.248143
0.118 -1.36832 -0.506717
0.12 -2.15087 -0.705158
0.122 -2.85617 -0.845461
0.124 -3.50001 -0.931852
0.126 -4.10026 -0.970544
0.128 -4.67577 -0.969407
0.13 -5.24534 -0.937589
0.132 -5.82668 -0.885081
0.134 -6.43546 -0.822264
0.136 -7.08443 -0.759449
0.138 -7.78275 -0.706433
0.14 -8.53539 -0.672097
0.142 -9.34272 -0.664049
0.144 -10.2003 -0.688341
0.146 -11.099 -0.749251
0.148 -12.0249 -0.849153
0.15 -12.9599 -0.988456
0.152 -13.8823 -1.16563
0.154 -14.7675 -1.37731
0.156 -15.5889 -1.61843
0.158 -16.3189 -1.88249
0.16 -16.9302 -2.16176
0.162 -17.3965 -2.44765
0.164 -17.6938 -2.73098
0.166 -17.8016 -3.00239
0.168 -17.7031 -3.25261
0.17 -17.3868 -3.47287
0.172 -16.8463 -3.65518
0.174 -16.0813 -3.79261
0.176 -15.0974 -3.87954
0.178 -13.9062 -3.91184
0.18 -12.5251 -3.88701
0.182 -10.9769 -3.80428
0.184 -9.28901 -3.66457
0.186 -7.49305 -3.47051
0.188 -5.62362 -3.2263
0.19 -3.7174 -2.93759
0.192 -1.81197 -2.61127
0.194 0.055335 -2.25522
0.196 1.8486 -1.87808
0.198 3.53444 -1.48894
0.2 5.08303 -1.09704
0.202 6.4689 -0.711531
0.204 7.67169 -0.341115
0.206 8.67656 0.00615717
0.208 9.47447 0.323152
0.21 10.0622 0.603854
0.212 10.4425 0.843531
0.214 10.6232 1.03885
0.216 10.6176 1.18797
0.218 10.4432 1.29055
0.22 10.1213 1.34769
0.222 9.67636 1.36194
0.224 9.13475 1.3371
0.226 8.5241 1.27807
0.228 7.87222 1.19069
0.23 7.20613 1.08148
0.232 6.55123 0.957421
0.234 5.93044 0.825657
0.236 5.36351 0.693267
0.238 4.86651 0.566995
0.24 4.45139 0.453013
0.242 4.12579 0.356708
0.244 3.89296 0.282499
0.246 3.75182 0.233698
0.248 3.69727 0.212416
0.25 3.72049 0.219519
0.252 3.8095 0.254637
0.254 3.94968 0.31622
0.256 4.12445 0.401643
0.258 4.31594 0.507346
0.26 4.50571 0.629007
0.262 4.6754 0.761733
0.264 4.80745 0.900271
0.266 4.88571 1.03921
0.268 4.89603 1.17319
0.27 4.82681 1.29708
0.272 4.66936 1.40618
0.274 4.41821 1.49633
0.276 4.07132 1.56406
0.278 3.63004 1.60668
0.28 3.0991 1.62231
0.282 2.48636 1.60997
0.284 1.80257 1.56948
0.286 1.06091 1.5015
0.288 0.276562 1.40745
0.29 -0.533876 1.28939
0.292 -1.35295 1.14996
0.294 -2.16296 0.992255
0.296 -2.94656 0.819716
0.298 -3.6873 0.635997
0.3 -4.37015 0.444854
0.302 -4.98193 0.250043
0.304 -5.51168 0.0552204
0.306 -5.95096 -0.136137
0.308 -6.29397 -0.320798
0.31 -6.53773 -0.495826
0.312 -6.68203 -0.658615
0.314 -6.72938 -0.806906
0.316 -6.68487 -0.938806
0.318 -6.55592 -1.05279
0.32 -6.35204 -1.14768
0.322 -6.0844 -1.22268
0.324 -5.76549 -1.27735
0.326 -5.4086 -1.3116
0.328 -5.02738 -1.32571
0.33 -4.63531 -1.3203
0.332 -4.24528 -1.29635
0.334 -3.86911 -1.25517
0.336 -3.51718 -1.19841
0.338 -3.19814 -1.12796
0.34 -2.91865 -1.046
0.342 -2.68325 -0.954834
0.344 -2.49432 -0.856929
0.346 -2.35212 -0.754777
0.348 -2.25489 -0.650847
0.35 -2.19911 -0.547512
0.352 -2.17974 -0.446988
0.354 -2.19054 -0.351278
0.356 -2.2244 -0.262129
0.358 -2.27373 -0.180999
0.36 -2.33078 -0.109035
0.362 -2.38799 -0.0470663
0.364 -2.43832 0.00439174
0.366 -2.47548 0.045121
0.368 -2.49416 0.0751729
0.37 -2.4902 0.0948323
0.372 -2.46069 0.104578
0.374 -2.40395 0.105039
0.376 -2.31955 0.0969591
0.378 -2.20819 0.0811589
0.38 -2.07163 0.0585131
0.382 -1.91248 0.0299309
0.384 -1.73411 -0.00365645
0.386 -1.54041 -0.0413037
0.388 -1.33567 -0.082054
0.39 -1.12432 -0.124943
0.392 -0.910856 -0.169001
0.394 -0.699557 -0.213255
0.396 -0.494403 -0.256741
0.398 -0.298931 -0.298509
0.4 -0.116151 -0.337645
0.402 0.0515171 -0.373274
0.404 0.202288 -0.40458
0.406 0.335023 -0.43081
0.408 0.449236 -0.451286
0.41 0.545078 -0.465406
0.412 0.623307 -0.472655
0.414 0.685245 -0.472601
0.416 0.732731 -0.464902
0.418 0.768068 -0.449309
0.42 0.793954 -0.425663
0.422 0.813414 -0.393895
0.424 0.829714 -0.354023
0.426 0.846262 -0.306149
0.428 0.866476 -0.250454
0.43 0.893641 -0.1872
0.432 0.930752 -0.116729
0.434 0.980366 -0.0394693
0.436 1.04446 0.0440588
0.438 1.12435 0.133234
0.44 1.22056 0.227322
0.442 1.33287 0.325462
0.444 1.46025 0.426654
0.446 1.60097 0.529754
0.448 1.7526 0.633468
0.45 1.91216 0.736356
0.452 2.07621 0.836849
0.454 2.24103 0.933274
0.456 2.40273 1.02389
0.458 2.55747 1.10693
0.46 2.70161 1.18065
0.462 2.83181 1.24337
0.464 2.94517 1.29354
0.466 3.03931 1.3298
0.468 3.11241 1.35099
0.47 3.16321 1.35624
0.472 3.19104 1.34498
0.474 3.19577 1.31703
0.476 3.17774 1.27252
0.478 3.13774 1.21202
0.48 3.07689 1.13643
0.482 2.99652 1.04703
0.484 2.89814 0.94538
0.486 2.78325 0.833333
0.488 2.65331 0.712942
0.49 2.50961 0.586421
0.492 2.3532 0.456082
0.494 2.18489 0.324283
0.496 2.00519 0.193374
0.498 1.81433 0.0656552
0.4 0.0132744 0.00228286
0.8 0.0138403 0.00243838
1.2 0.014777 0.00270293
1.6 0.016075 0.00308429
2 0.0177211 0.00359285
2.4 0.0196989 0.00424119
2.8 0.0219891 0.00504347
3.2 0.0245699 0.00601479
3.6 0.0274173 0.00717043
4 0.0305058 0.00852508
4.4 0.0338093 0.010092
4.8 0.0373011 0.0118823
5.2 0.0409551 0.013904
5.6 0.0447461 0.0161614
6 0.0486511 0.0186543
6.4 0.0526493 0.0213776
6.8 0.0567235 0.0243205
7.2 0.0608602 0.0274668
7.6 0.0650506 0.0307939
8 0.0692911 0.0342735
8.4 0.0735836 0.0378713
8.8 0.0779362 0.0415475
9.2 0.0823633 0.0452573
9.6 0.0868857 0.0489515
10 0.0915305 0.0525771
10.4 0.0963314 0.0560787
10.8 0.101328 0.0593991
11.2 0.106565 0.0624807
11.6 0.112092 0.0652667
12 0.117963 0.0677023
12.4 0.124234 0.0697358
12.8 0.130963 0.0713204
13.2 0.13821 0.0724149
13.6 0.146032 0.0729851
14 0.154484 0.073005
14.4 0.163617 0.0724571
14.8 0.173476 0.0713341
15.2 0.184098 0.0696386
15.6 0.195512 0.0673842
16 0.207736 0.064595
16.4 0.220776 0.0613061
16.8 0.234623 0.0575633
17.2 0.249257 0.0534222
17.6 0.26464 0.0489479
18 0.280719 0.0442138
18.4 0.297424 0.0393009
18.8 0.314669 0.0342958
19.2 0.332354 0.0292901
19.6 0.350361 0.024378
20 0.368559 0.0196554
20.4 0.386805 0.0152175
20.8 0.404942 0.0111575
21.2 0.422806 0.00756455
21.6 0.440225 0.00452232
22 0.457023 0.00210712
22.4 0.473022 0.000386497
22.8 0.488043 -0.000582178
23.2 0.501912 -0.000752887
23.6 0.514464 -9.19796e-05
24 0.52554 0.00142104
24.4 0.534995 0.00379299
24.8 0.5427 0.00701668
25.2 0.548544 0.0110709
25.6 0.552435 0.0159208
26 0.554303 0.021518
26.4 0.554104 0.0278017
26.8 0.551816 0.0346996
27.2 0.547446 0.0421288
27.6 0.541025 0.0499974
28 0.532612 0.0582063
28.4 0.522289 0.0666503
28.8 0.510167 0.0752205
29.2 0.496376 0.0838054
29.6 0.48107 0.0922938
30 0.464421 0.100576
30.4 0.44662 0.108545
30.8 0.427869 0.1161
31.2 0.408381 0.123146
31.6 0.388379 0.129598
32 0.368087 0.135379
32.4 0.347732 0.140423
32.8 0.327536 0.144677
33.2 0.307718 0.148099
33.6 0.288484 0.150661
34 0.270032 0.152346
34.4 0.252541 0.153152
34.8 0.236176 0.15309
35.2 0.221082 0.15218
35.6 0.207382 0.150458
36 0.195179 0.147966
36.4 0.184551 0.144759
36.8 0.175555 0.140897
37.2 0.168224 0.13645
37.6 0.162569 0.131491
38 0.158578 0.126097
38.4 0.15622 0.120349
38.8 0.155445 0.114327
39.2 0.156184 0.10811
39.6 0.158356 0.101776
40 0.161864 0.0954002
40.4 0.166601 0.0890516
40.8 0.172454 0.0827946
41.2 0.1793 0.0766869
41.6 0.187015 0.070779
42 0.195471 0.065114
42.4 0.204544 0.059727
42.8 0.214108 0.0546451
43.2 0.224042 0.0498876
43.6 0.234232 0.0454661
44 0.244568 0.0413853
44.4 0.254947 0.0376429
44.8 0.265276 0.0342311
45.2 0.275467 0.0311371
45.6 0.285443 0.0283439
46 0.295131 0.0258315
46.4 0.304469 0.0235779
46.8 0.313402 0.02156
47.2 0.321879 0.0197545
47.6 0.329856 0.0181393
48 0.337296 0.016694
48.4 0.344164 0.0154007
48.8 0.350428 0.0142448
49.2 0.35606 0.0132154
49.6 0.361034 0.012306
50 0.365326 0.0115144
50.4 0.368911 0.010843
50.8 0.371768 0.0102986
51.2 0.373875 0.00989237
51.6 0.375211 0.00963929
52 0.375756 0.00955785
52.4 0.375494 0.0096693
52.8 0.374408 0.009997
53.2 0.372485 0.0105656
53.6 0.369716 0.0114002
54 0.366096 0.0125253
54.4 0.361624 0.0139643
54.8 0.356306 0.015738
55.2 0.350156 0.0178643
55.6 0.343192 0.020357
56 0.335444 0.0232252
56.4 0.326947 0.0264726
56.8 0.317748 0.0300974
57.2 0.307901 0.0340912
57.6 0.29747 0.0384393
58 0.286528 0.0431203
58.4 0.275155 0.0481065
58.8 0.263439 0.0533639
59.2 0.251478 0.0588524
59.6 0.23937 0.0645267
60 0.227223 0.0703368
60.4 0.215144 0.0762285
60.8 0.203243 0.0821449
61.2 0.191632 0.0880265
61.6 0.180417 0.0938131
62 0.169704 0.0994444
62.4 0.159591 0.104861
62.8 0.150172 0.110006
63.2 0.141529 0.114825
63.6 0.133738 0.119268
64 0.126861 0.123291
64.4 0.120947 0.126856
64.8 0.116035 0.129929
65.2 0.112147 0.132486
65.6 0.109292 0.134511
66 0.107466 0.135992
66.4 0.106647 0.13693
66.8 0.106803 0.137331
67.2 0.107886 0.137209
67.6 0.109836 0.136587
68 0.112583 0.135494
68.4 0.116046 0.133965
68.8 0.120135 0.13204
69.2 0.124753 0.129765
69.6 0.129799 0.12719
70 0.135166 0.124367
70.4 0.140748 0.121349
70.8 0.146436 0.118191
71.2 0.152125 0.114946
71.6 0.157713 0.111668
72 0.163102 0.108405
72.4 0.1682 0.105204
72.8 0.172924 0.102109
73.2 0.177199 0.0991547
73.6 0.180959 0.0963744
74 0.184148 0.0937934
74.4 0.186723 0.0914309
74.8 0.188648 0.0892996
75.2 0.189903 0.0874056
75.6 0.190473 0.0857485
76 0.190359 0.0843216
76.4 0.189568 0.0831123
76.8 0.188118 0.0821028
77.2 0.186036 0.0812702
77.6 0.183355 0.0805878
78 0.180117 0.0800257
78.4 0.176367 0.0795513
78.8 0.172158 0.0791307
79.2 0.167541 0.0787293
79.6 0.162576 0.0783126
80 0.157319 0.0778474
80.4 0.151829 0.0773025
80.8 0.146164 0.0766492
81.2 0.14038 0.0758624
81.6 0.134533 0.074921
82 0.128673 0.0738085
82.4 0.122848 0.0725131
82.8 0.117105 0.0710284
83.2 0.111482 0.0693532
83.6 0.106017 0.0674917
84 0.100742 0.0654534
84.4 0.0956838 0.0632526
84.8 0.0908655 0.0609085
85.2 0.0863063 0.0584444
85.6 0.0820208 0.0558873
86 0.0780197 0.0532674
86.4 0.0743103 0.050617
86.8 0.0708963 0.0479704
87.2 0.0677781 0.0453626
87.6 0.0649537 0.0428289
88 0.062418 0.0404039
88.4 0.060164 0.0381207
88.8 0.0581825 0.0360105
89.2 0.0564623 0.0341017
89.6 0.0549908 0.0324193
90 0.053754 0.0309845
90.4 0.0527363 0.0298142
90.8 0.0519214 0.0289205
91.2 0.0512916 0.0283108
91.6 0.0508287 0.0279875
92 0.0505133 0.0279478
92.4 0.0503256 0.0281841
92.8 0.0502452 0.0286837
93.2 0.0502513 0.0294298
93.6 0.0503226 0.0304009
94 0.0504377 0.0315722
94.4 0.050575 0.0329153
94.8 0.0507133 0.0343994
95.2 0.0508314 0.0359912
95.6 0.0509087 0.0376564
96 0.0509253 0.0393594
96.4 0.0508623 0.0410647
96.8 0.0507018 0.0427372
97.2 0.0504273 0.0443428
97.6 0.0500242 0.0458492
98 0.0494796 0.0472261
98.4 0.0487826 0.048446
98.8 0.0479247 0.0494846
99.2 0.0469 0.0503208
99.6 0.0457049 0.0509374
100 0.0443389 0.051321
100.4 0.042804 0.0514626
100.8 0.0411053 0.0513568
101.2 0.0392503 0.0510028
101.6 0.0372496 0.0504033
102 0.0351162 0.0495652
102.4 0.0328656 0.0484987
102.8 0.0305154 0.0472173
103.2 0.0280852 0.0457375
103.6 0.0255961 0.0440785
104 0.0230707 0.0422613
104.4 0.0205323 0.0403087
104.8 0.0180049 0.038245
105.2 0.0155123 0.0360951
105.6 0.0130784 0.0338841
106 0.010726 0.0316373
106.4 0.00847717 0.0293794
106.8 0.00635227 0.027134
107.2 0.0043699 0.0249238
107.6 0.00254658 0.0227697
108 0.000896378 0.0206909
108.4 -0.0005692 0.0187043
108.8 -0.00184145 0.0168249
109.2 -0.00291457 0.0150651
109.6 -0.00378569 0.0134349
110 -0.00445491 0.0119418
110.4 -0.00492523 0.0105907
110.8 -0.00520242 0.00938443
111.2 -0.0052949 0.00832308
111.6 -0.00521349 0.00740477
112 -0.00497121 0.00662553
112.4 -0.00458294 0.00597954
112.8 -0.00406516 0.00545935
113.2 -0.00343557 0.00505611
113.6 -0.00271276 0.0047598
114 -0.00191588 0.00455948
114.4 -0.00106424 0.00444354
114.8 -0.000176998 0.00439996
115.2 0.000727181 0.00441653
115.6 0.00163043 0.00448108
116 0.00251595 0.0045817
116.4 0.00336829 0.00470693
116.8 0.00417351 0.00484594
117.2 0.00491938 0.00498867
117.6 0.00559551 0.00512598
118 0.00619343 0.00524972
118.4 0.00670662 0.00535285
118.8 0.00713053 0.00542945
119.2 0.00746255 0.00547478
119.6 0.00770192 0.00548529
120 0.00784959 0.00545858
120.4 0.00790816 0.00539337
120.8 0.00788163 0.00528945
121.2 0.00777531 0.00514761
121.6 0.0075955 0.00496955
122 0.00734942 0.0047578
122.4 0.00704487 0.00451556
122.8 0.00669012 0.00424666
123.2 0.00629363 0.00395538
123.6 0.00586388 0.00364637
124 0.0054092 0.00332452
124.4 0.00493758 0.00299484
124.8 0.00445652 0.00266234
125.2 0.00397293 0.00233195
125.6 0.00349299 0.00200841
126 0.00302211 0.00169618
126.4 0.00256486 0.00139936
126.8 0.00212491 0.00112163
127.2 0.00170509 0.000866208
127.6 0.00130735 0.000635786
128 0.000932798 0.000432515
128.4 0.000581796 0.000257985
128.8 0.000253989 0.000113218
129.2 -5.16004e-05 -1.32244e-06
129.6 -0.000336477 -8.57183e-05
130 -0.000602581 -0.000140569
130.4 -0.000852182 -0.000166956
130.8 -0.00108778 -0.000166403
131.2 -0.00131199 -0.000140823
131.6 -0.00152747 -9.24697e-05
132 -0.0017368 -2.38761e-05
132.4 -0.00194242 6.22036e-05
132.8 -0.00214656 0.000162855
133.2 -0.00235114 0.000275065
133.6 -0.00255776 0.00039578
134 -0.00276764 0.000521964
134.4 -0.00298162 0.000650653
134.8 -0.00320009 0.000779004
135.2 -0.00342305 0.000904337
135.6 -0.00365008 0.00102418
136 -0.00388038 0.00113629
136.4 -0.0041128 0.0012387
136.8 -0.00434584 0.00132972
137.2 -0.00457776 0.00140796
137.6 -0.00480656 0.00147232
138 -0.0050301 0.00152202
138.4 -0.00524609 0.00155658
138.8 -0.0054522 0.0015758
139.2 -0.00564608 0.00157976
139.6 -0.00582545 0.00156879
140 -0.0059881 0.00154346
140.4 -0.00613198 0.00150454
140.8 -0.00625525 0.00145298
141.2 -0.00635628 0.00138987
141.6 -0.00643369 0.00131645
142 -0.0064864 0.001234
142.4 -0.00651364 0.0011439
142.8 -0.00651493 0.00104756
143.2 -0.00649014 0.000946371
143.6 -0.00643943 0.000841729
144 -0.00636328 0.000734985
144.4 -0.00626249 0.00062743
144.8 -0.00613812 0.000520282
145.2 -0.00599149 0.000414673
145.6 -0.00582415 0.000311637
146 -0.00563787 0.000212104
146.4 -0.00543457 0.000116895
146.8 -0.00521633 2.67184e-05
147.2 -0.00498531 -5.78253e-05
147.6 -0.00474374 -0.000136246
148 -0.00449391 -0.000208158
148.4 -0.00423809 -0.000273275
148.8 -0.0039785 -0.000331405
149.2 -0.00371733 -0.000382442
149.6 -0.00345666 -0.000426358
150 -0.00319847 -0.000463198
150.4 -0.00294457 -0.00049307
150.8 -0.00269666 -0.00051614
151.2 -0.00245624 -0.000532623
151.6 -0.00222463 -0.000542776
152 -0.00200297 -0.000546897
152.4 -0.00179221 -0.000545313
152.8 -0.0015931 -0.00053838
153.2 -0.0014062 -0.000526478
153.6 -0.00123189 -0.000510004
154 -0.00107037 -0.000489373
154.4 -0.000921672 -0.000465013
154.8 -0.000785695 -0.000437362
155.2 -0.000662188 -0.000406863
155.6 -0.000550786 -0.000373966
156 -0.00045102 -0.000339117
156.4 -0.000362339 -0.000302765
156.8 -0.000284127 -0.00026535
157.2 -0.000215719 -0.0002273
157.6 -0.000156419 -0.000189032
158 -0.000105517 -0.000150944
158.4 -6.23033e-05 -0.000113411
158.8 -2.60799e-05 -7.67805e-05
159.2 3.82528e-06 -4.137e-05
159.6 2.80506e-05 -7.46106e-06
160 4.71924e-05 2.47037e-05
160.4 6.17998e-05 5.49239e-05
160.8 7.2371e-05 8.30436e-05
161.2 7.93518e-05 0.000108954
161.6 8.3136e-05 0.000132593
162 8.40674e-05 0.000153948
162.4 8.24435e-05 0.000173051
162.8 7.85198e-05 0.00018998
163.2 7.25163e-05 0.000204855
163.6 6.46231e-05 0.000217833
164 5.50082e-05 0.000229106
164.4 4.3824e-05 0.00023889
164.8 3.12142e-05 0.000247424
165.2 1.73203e-05 0.000254961
165.6 2.28747e-06 0.000261758
166 -1.37307e-05 0.000268074
166.4 -3.05685e-05 0.000274156
166.8 -4.80454e-05 0.000280239
167.2 -6.5965e-05 0.000286533
167.6 -8.41149e-05 0.000293219
168 -0.000102268 0.000300445
168.4 -0.000120186 0.000308321
168.8 -0.000137622 0.000316916
169.2 -0.000154328 0.000326255
169.6 -0.000170055 0.000336319
170 -0.000184567 0.000347048
170.4 -0.000197641 0.000358338
170.8 -0.00020908 0.00037005
171.2 -0.000218714 0.00038201
171.6 -0.00022641 0.000394017
172 -0.000232076 0.000405847
172.4 -0.000235666 0.000417262
172.8 -0.000237185 0.000428017
173.2 -0.000236691 0.000437865
173.6 -0.000234294 0.000446567
174 -0.000230158 0.0004539
174.4 -0.000224496 0.000459662
174.8 -0.000217571 0.000463677
175.2 -0.000209685 0.000465804
175.6 -0.000201178 0.000465937
176 -0.000192416 0.000464013
176.4 -0.000183787 0.000460009
176.8 -0.000175686 0.000453946
177.2 -0.000168507 0.000445889
177.6 -0.000162635 0.000435942
178 -0.000158434 0.000424248
178.4 -0.000156235 0.000410984
178.8 -0.00015633 0.000396355
179.2 -0.000158961 0.000380591
179.6 -0.000164315 0.00036394
180 -0.000172515 0.000346659
180.4 -0.000183618 0.000329011
180.8 -0.000197613 0.000311256
181.2 -0.000214417 0.000293646
181.6 -0.000233879 0.000276415
182 -0.000255779 0.000259782
182.4 -0.000279837 0.000243936
182.8 -0.000305717 0.00022904
183.2 -0.000333033 0.000215227
183.6 -0.000361361 0.000202592
184 -0.000390247 0.000191201
184.4 -0.000419216 0.000181082
184.8 -0.000447789 0.000172232
185.2 -0.000475486 0.000164619
185.6 -0.000501845 0.00015818
186 -0.000526428 0.00015283
186.4 -0.000548833 0.000148463
186.8 -0.000568702 0.000144958
187.2 -0.00058573 0.000142183
187.6 -0.000599672 0.000139999
188 -0.000610344 0.000138268
188.4 -0.000617632 0.000136852
188.8 -0.00062149 0.000135623
189.2 -0.000621942 0.000134461
189.6 -0.000619076 0.000133262
190 -0.000613047 0.000131936
190.4 -0.000604066 0.000130412
190.8 -0.000592397 0.000128636
191.2 -0.00057835 0.000126575
191.6 -0.000562271 0.000124212
192 -0.000544534 0.000121548
192.4 -0.000525531 0.000118599
192.8 -0.000505662 0.000115394
193.2 -0.00048533 0.000111973
193.6 -0.000464924 0.000108385
194 -0.00044482 0.000104683
194.4 -0.000425364 0.000100922
194.8 -0.000406872 9.71576e-05
195.2 -0.000389622 9.34423e-05
195.6 -0.000373849 8.98235e-05
196 -0.00035974 8.63413e-05
196.4 -0.000347439 8.30277e-05
196.8 -0.000337036 7.99054e-05
197.2 -0.000328577 7.69871e-05
197.6 -0.00032206 7.42758e-05
198 -0.000317437 7.17652e-05
198.4 -0.000314623 6.94406e-05
198.8 -0.000313494 6.728e-05
199.2 -0.000313896 6.52558e-05
199.6 -0.000315647 6.33365e-05
200 -0.000318547 6.14888e-05
200.4 -0.000322378 5.96791e-05
200.8 -0.000326912 5.7876e-05
201.2 -0.000331916 5.60514e-05
201.6 -0.000337159 5.41829e-05
202 -0.000342411 5.22544e-05
202.4 -0.000347451 5.02575e-05
202.8 -0.000352069 4.81919e-05
203.2 -0.000356069 4.60661e-05
203.6 -0.000359268 4.38967e-05
204 -0.000361503 4.17087e-05
204.4 -0.000362625 3.95337e-05
204.8 -0.000362504 3.74098e-05
205.2 -0.000361026 3.53792e-05
205.6 -0.000358096 3.34874e-05
206 -0.000353631 3.17811e-05
206.4 -0.000347566 3.03063e-05
206.8 -0.000339848 2.91066e-05
207.2 -0.000330438 2.82218e-05
207.6 -0.000319305 2.76857e-05
208 -0.000306434 2.75256e-05
208.4 -0.000291817 2.77603e-05
208.8 -0.000275457 2.83999e-05
209.2 -0.000257368 2.94454e-05
209.6 -0.000237572 3.08882e-05
210 -0.000216106 3.27106e-05
210.4 -0.000193014 3.48864e-05
210.8 -0.000168356 3.73816e-05
211.2 -0.000142204 4.01558e-05
211.6 -0.000114646 4.31633e-05
212 -8.57856e-05 4.63547e-05
212.4 -5.5742e-05 4.96787e-05
212.8 -2.46527e-05 5.30835e-05
213.2 7.3271e-06 5.65188e-05
213.6 4.00245e-05 5.99369e-05
214 7.32489e-05 6.32944e-05
214.4 0.000106793 6.65534e-05
214.8 0.000140434 6.96821e-05
215.2 0.000173936 7.26559e-05
215.6 0.00020705 7.54575e-05
216 0.000239522 7.80772e-05
216.4 0.000271087 8.05122e-05
216.8 0.000301484 8.27664e-05
217.2 0.000330449 8.48496e-05
217.6 0.000357727 8.67764e-05
218 0.000383073 8.85649e-05
218.4 0.000406254 9.02353e-05
218.8 0.000427058 9.1809e-05
219.2 0.000445293 9.33065e-05
219.6 0.000460795 9.47465e-05
220 0.000473427 9.61443e-05
220.4 0.000483086 9.75112e-05
220.8 0.0004897 9.88532e-05
221.2 0.000493234 0.00010017
221.6 0.00049369 0.000101457
222 0.000491104 0.0001027
222.4 0.000485549 0.000103882
222.8 0.000477134 0.000104979
223.2 0.000465998 0.000105961
223.6 0.000452312 0.000106798
224 0.000436273 0.000107453
224.4 0.000418104 0.000107891
224.8 0.000398045 0.000108076
225.2 0.000376354 0.000107973
225.6 0.000353299 0.000107553
226 0.000329155 0.000106789
226.4 0.000304202 0.00010566
226.8 0.000278716 0.000104155
227.2 0.000252968 0.000102269
227.6 0.000227221 0.000100005
228 0.000201724 9.7376e-05
228.4 0.000176711 9.44046e-05
228.8 0.000152398 9.11212e-05
229.2 0.000128981 8.75648e-05
229.6 0.000106634 8.37819e-05
230 8.55109e-05 7.98249e-05
230.4 6.57398e-05 7.57513e-05
230.8 4.74274e-05 7.16219e-05
231.2 3.06578e-05 6.7499e-05
231.6 1.54933e-05 6.34452e-05
232 1.97539e-06 5.95211e-05
232.4 -9.87341e-06 5.57836e-05
232.8 -2.00485e-05 5.22849e-05
233.2 -2.85613e-05 4.90704e-05
233.6 -3.54376e-05 4.61777e-05
234 -4.07159e-05 4.36356e-05
234.4 -4.44454e-05 4.14634e-05
234.8 -4.66849e-05 3.96703e-05
235.2 -4.75008e-05 3.82555e-05
235.6 -4.6966e-05 3.72079e-05
236 -4.5159e-05 3.65073e-05
236.4 -4.21622e-05 3.61246e-05
236.8 -3.80619e-05 3.60227e-05
237.2 -3.29471e-05 3.61583e-05
237.6 -2.69091e-05 3.64827e-05
238 -2.00412e-05 3.69438e-05
238.4 -1.24384e-05 3.74872e-05
238.8 -4.19719e-06 3.80582e-05
239.2 4.58482e-06 3.86034e-05
239.6 1.38088e-05 3.90718e-05
240 2.33749e-05 3.94167e-05
240.4 3.31829e-05 3.95965e-05
240.8 4.31321e-05 3.9576e-05
241.2 5.31219e-05 3.93271e-05
241.6 6.30522e-05 3.88293e-05
242 7.28245e-05 3.80701e-05
242.4 8.23417e-05 3.70451e-05
242.8 9.15101e-05 3.57574e-05
243.2 0.000100239 3.42179e-05
243.6 0.000108443 3.24441e-05
244 0.000116042 3.04593e-05
244.4 0.000122963 2.82921e-05
244.8 0.000129139 2.59751e-05
245.2 0.000134513 2.35434e-05
245.6 0.000139037 2.10344e-05
246 0.000142674 1.84856e-05
246.4 0.000145395 1.59344e-05
246.8 0.000147184 1.34168e-05
247.2 0.000148036 1.09662e-05
247.6 0.000147956 8.61322e-06
248 0.000146962 6.38488e-06
248.4 0.000145081 4.30408e-06
248.8 0.000142349 2.38947e-06
249.2 0.000138815 6.5531e-07
249.6 0.000134532 -8.88443e-07
250 0.000129563 -2.23596e-06
250.4 0.000123976 -3.38523e-06
250.8 0.000117842 -4.3376e-06
251.2 0.000111238 -5.09734e-06
251.6 0.000104241 -5.67108e-06
252 9.69293e-05 -6.06723e-06
252.4 8.93807e-05 -6.29549e-06
252.8 8.16702e-05 -6.3663e-06
253.2 7.38702e-05 -6.29034e-06
253.6 6.60487e-05 -6.07817e-06
254 5.82689e-05 -5.73991e-06
254.4 5.05883e-05 -5.28496e-06
254.8 4.30583e-05 -4.72192e-06
255.2 3.57239e-05 -4.0585e-06
255.6 2.86231e-05 -3.30159e-06
256 2.17877e-05 -2.45732e-06
256.4 1.52427e-05 -1.53133e-06
256.8 9.00714e-06 -5.28914e-07
257.2 3.09398e-06 5.44683e-07
257.6 -2.48891e-06 1.68399e-06
258 -7.73849e-06 2.88306e-06
258.4 -1.26558e-05 4.13522e-06
258.8 -1.72453e-05 5.43289e-06
259.2 -2.15144e-05 6.7674e-06
259.6 -2.54726e-05 8.12898e-06
260 -2.9131e-05 9.50667e-06
260.4 -3.25016e-05 1.08885e-05
260.8 -3.55971e-05 1.22615e-05
261.2 -3.84302e-05 1.36121e-05
261.6 -4.10135e-05 1.49263e-05
262 -4.33589e-05 1.619e-05
262.4 -4.54774e-05 1.73894e-05
262.8 -4.73795e-05 1.85115e-05
263.2 -4.90742e-05 1.95444e-05
263.6 -5.05699e-05 2.04778e-05
264 -5.18735e-05 2.13031e-05
264.4 -5.29911e-05 2.2014e-05
264.8 -5.39279e-05 2.26069e-05
265.2 -5.46878e-05 2.30803e-05
265.6 -5.5274e-05 2.34359e-05
266 -5.56889e-05 2.36779e-05
266.4 -5.5934e-05 2.3813e-05
266.8 -5.60098e-05 2.38503e-05
267.2 -5.59164e-05 2.38011e-05
267.6 -5.56527e-05 2.36783e-05
268 -5.52173e-05 2.34961e-05
268.4 -5.46075e-05 2.32693e-05
268.8 -5.38201e-05 2.30132e-05
269.2 -5.28512e-05 2.27427e-05
269.6 -5.16959e-05 2.24716e-05
270 -5.03488e-05 2.22126e-05
270.4 -4.88039e-05 2.19765e-05
270.8 -4.70549e-05 2.17719e-05
271.2 -4.50951e-05 2.16049e-05
271.6 -4.29179e-05 2.14788e-05
272 -4.05169e-05 2.1394e-05
272.4 -3.78864e-05 2.13482e-05
272.8 -3.50217e-05 2.13362e-05
273.2 -3.19194e-05 2.13504e-05
273.6 -2.85779e-05 2.13808e-05
274 -2.49977e-05 2.14159e-05
274.4 -2.11821e-05 2.14426e-05
274.8 -1.71372e-05 2.14472e-05
275.2 -1.28724e-05 2.14157e-05
275.6 -8.40076e-06 2.13344e-05
276 -3.73904e-06 2.11907e-05
276.4 1.09204e-06 2.09735e-05
276.8 6.06786e-06 2.06737e-05
277.2 1.116e-05 2.02845e-05
277.6 1.63363e-05 1.98021e-05
278 2.15614e-05 1.92255e-05
278.4 2.6797e-05 1.8557e-05
278.8 3.20024e-05 1.7802e-05
279.2 3.71353e-05 1.6969e-05
279.6 4.21524e-05 1.60692e-05
280 4.70101e-05 1.51164e-05
280.4 5.16653e-05 1.41266e-05
280.8 5.60768e-05 1.31172e-05
281.2 6.02054e-05 1.21067e-05
281.6 6.40152e-05 1.11141e-05
282 6.74743e-05 1.01582e-05
282.4 7.05555e-05 9.2569e-06
282.8 7.32372e-05 8.42671e-06
283.2 7.55032e-05 7.68227e-06
283.6 7.7344e-05 7.03573e-06
284 7.87564e-05 6.49646e-06
284.4 7.97437e-05 6.07068e-06
284.8 8.03158e-05 5.76133e-06
285.2 8.04889e-05 5.56797e-06
285.6 8.0285e-05 5.4868e-06
286 7.97314e-05 5.51088e-06
286.4 7.88602e-05 5.63033e-06
286.8 7.77072e-05 5.83273e-06
287.2 7.63114e-05 6.10357e-06
287.6 7.47135e-05 6.42672e-06
288 7.29556e-05 6.78506e-06
288.4 7.10799e-05 7.16099e-06
288.8 6.91273e-05 7.53708e-06
289.2 6.71373e-05 7.89662e-06
289.6 6.51464e-05 8.22417e-06
290 6.31877e-05 8.50603e-06
290.4 6.129e-05 8.73067e-06
290.8 5.94778e-05 8.88903e-06
291.2 5.777e-05 8.97478e-06
291.6 5.61805e-05 8.98442e-06
292 5.47178e-05 8.91731e-06
292.4 5.33851e-05 8.77559e-06
292.8 5.21803e-05 8.56399e-06
293.2 5.10968e-05 8.28956e-06
293.6 5.01237e-05 7.9613e-06
294 4.92464e-05 7.58979e-06
294.4 4.84473e-05 7.18669e-06
294.8 4.77068e-05 6.76424e-06
295.2 4.70035e-05 6.33482e-06
295.6 4.63155e-05 5.9104e-06
296 4.5621e-05 5.50215e-06
296.4 4.48989e-05 5.11996e-06
296.8 4.41298e-05 4.77214e-06
297.2 4.32961e-05 4.46512e-06
297.6 4.23832e-05 4.2033e-06
298 4.13791e-05 3.98887e-06
298.4 4.02754e-05 3.82188e-06
298.8 3.90669e-05 3.70026e-06
299.2 3.77521e-05 3.62002e-06
299.6 3.63329e-05 3.57545e-06
300 3.48144e-05 3.55945e-06
300.4 3.32049e-05 3.5639e-06
300.8 3.15151e-05 3.58001e-06
301.2 2.97582e-05 3.59877e-06
301.6 2.7949e-05 3.61134e-06
302 2.61038e-05 3.60948e-06
302.4 2.42395e-05 3.58591e-06
302.8 2.23732e-05 3.5346e-06
303.2 2.05222e-05 3.45111e-06
303.6 1.87027e-05 3.33274e-06
304 1.69301e-05 3.17865e-06
304.4 1.52183e-05 2.98996e-06
304.8 1.35797e-05 2.76965e-06
305.2 1.20247e-05 2.52248e-06
305.6 1.05619e-05 2.25479e-06
306 9.19779e-06 1.97426e-06
306.4 7.93682e-06 1.68959e-06
306.8 6.78163e-06 1.41013e-06
307.2 5.73309e-06 1.14555e-06
307.6 4.79045e-06 9.05404e-07
308 3.95162e-06 6.98768e-07
308.4 3.21337e-06 5.33863e-07
308.8 2.57156e-06 4.1772e-07
309.2 2.02144e-06 3.559e-07
309.6 1.55779e-06 3.52258e-07
310 1.17519e-06 4.08784e-07
310.4 8.68154e-07 5.25512e-07
310.8 6.3127e-07 7.00509e-07
311.2 4.59296e-07 9.29931e-07
311.6 3.47207e-07 1.20817e-06
312 2.90198e-07 1.52804e-06
312.4 2.83661e-07 1.88106e-06
312.8 3.23116e-07 2.25775e-06
313.2 4.04125e-07 2.64798e-06
313.6 5.22178e-07 3.04136e-06
314 6.72582e-07 3.42756e-06
314.4 8.50333e-07 3.79675e-06
314.8 1.05001e-06 4.13991e-06
315.2 1.26569e-06 4.44914e-06
315.6 1.49086e-06 4.71794e-06
316 1.7184e-06 4.94143e-06
316.4 1.94057e-06 5.11646e-06
316.8 2.14907e-06 5.24174e-06
317.2 2.33513e-06 5.31777e-06
317.6 2.4896e-06 5.34687e-06
318 2.60316e-06 5.33297e-06
318.4 2.66649e-06 5.28144e-06
318.8 2.67053e-06 5.19885e-06
319.2 2.6067e-06 5.09267e-06
319.6 2.4672e-06 4.97095e-06
320 2.24521e-06 4.842e-06
320.4 1.93522e-06 4.71399e-06
320.8 1.5332e-06 4.5947e-06
321.2 1.03685e-06 4.4911e-06
321.6 4.45743e-07 4.4092e-06
322 -2.38561e-07 4.3537e-06
322.4 -1.01243e-06 4.3279e-06
322.8 -1.87016e-06 4.33352e-06
323.2 -2.80403e-06 4.37071e-06
323.6 -3.8044e-06 4.43799e-06
324 -4.85989e-06 4.53242e-06
324.4 -5.95762e-06 4.64967e-06
324.8 -7.08345e-06 4.78422e-06
325.2 -8.2223e-06 4.92966e-06
325.6 -9.35849e-06 5.07892e-06
326 -1.04761e-05 5.22458e-06
326.4 -1.15595e-05 5.3592e-06
326.8 -1.25933e-05 5.47563e-06
327.2 -1.35632e-05 5.56734e-06
327.6 -1.44559e-05 5.62866e-06
328 -1.52597e-05 5.65502e-06
328.4 -1.59647e-05 5.64322e-06
328.8 -1.65627e-05 5.59146e-06
329.2 -1.70478e-05 5.49955e-06
329.6 -1.7416e-05 5.36881e-06
330 -1.76655e-05 5.20213e-06
330.4 -1.77967e-05 5.00382e-06
330.8 -1.78119e-05 4.77944e-06
331.2 -1.77151e-05 4.53563e-06
331.6 -1.7512e-05 4.27983e-06
332 -1.72098e-05 4.02001e-06
332.4 -1.68166e-05 3.76438e-06
332.8 -1.63413e-05 3.52104e-06
333.2 -1.57933e-05 3.2977e-06
333.6 -1.51824e-05 3.10138e-06
334 -1.4518e-05 2.93816e-06
334.4 -1.38094e-05 2.81291e-06
334.8 -1.30653e-05 2.72915e-06
335.2 -1.22937e-05 2.68889e-06
335.6 -1.15016e-05 2.69259e-06
336 -1.06951e-05 2.7391e-06
336.4 -9.87939e-06 2.82575e-06
336.8 -9.05864e-06 2.94845e-06
337.2 -8.23606e-06 3.10182e-06
337.6 -7.41406e-06 3.27944e-06
338 -6.59436e-06 3.47404e-06
338.4 -5.77816e-06 3.67786e-06
338.8 -4.9663e-06 3.88284e-06
339.2 -4.1595e-06 4.08102e-06
339.6 -3.3585e-06 4.26475e-06
340 -2.5643e-06 4.42704e-06
340.4 -1.77829e-06 4.56177e-06
340.8 -1.0024e-06 4.66392e-06
341.2 -2.3925e-07 4.72975e-06
341.6 5.07834e-07 4.75691e-06
342 1.23474e-06 4.74451e-06
342.4 1.93661e-06 4.69317e-06
342.8 2.60787e-06 4.60489e-06
343.2 3.24234e-06 4.48305e-06
343.6 3.83338e-06 4.33219e-06
344 4.37403e-06 4.15784e-06
344.4 4.85723e-06 3.9663e-06
344.8 5.27605e-06 3.7644e-06
345.2 5.62385e-06 3.55916e-06
345.6 5.8946e-06 3.35763e-06
346 6.08302e-06 3.16649e-06
346.4 6.18485e-06 2.99192e-06
346.8 6.19699e-06 2.83926e-06
347.2 6.11768e-06 2.71292e-06
347.6 5.94657e-06 2.61613e-06
348 5.68484e-06 2.55091e-06
348.4 5.33519e-06 2.51797e-06
348.8 4.90183e-06 2.51674e-06
349.2 4.39041e-06 2.54538e-06
349.6 3.80789e-06 2.60091e-06
350 3.16239e-06 2.67934e-06
350.4 2.46301e-06 2.77584e-06
350.8 1.7196e-06 2.88495e-06
351.2 9.42504e-07 3.00086e-06
351.6 1.42317e-07 3.11756e-06
352 -6.70375e-07 3.2292e-06
352.4 -1.48526e-06 3.33024e-06
352.8 -2.29253e-06 3.4157e-06
353.2 -3.08311e-06 3.48139e-06
353.6 -3.84885e-06 3.52401e-06
354 -4.58269e-06 3.54136e-06
354.4 -5.27874e-06 3.53231e-06
354.8 -5.93241e-06 3.49693e-06
355.2 -6.54038e-06 3.43643e-06
355.6 -7.10064e-06 3.3531e-06
356 -7.61241e-06 3.25021e-06
356.4 -8.07604e-06 3.13187e-06
356.8 -8.49288e-06 3.00282e-06
357.2 -8.86515e-06 2.86829e-06
357.6 -9.19573e-06 2.73371e-06
358 -9.48798e-06 2.60452e-06
358.4 -9.74557e-06 2.48593e-06
358.8 -9.97223e-06 2.38271e-06
359.2 -1.01716e-05 2.29898e-06
359.6 -1.03472e-05 2.23805e-06
360 -1.05019e-05 2.20227e-06
360.4 -1.06384e-05 2.19295e-06
360.8 -1.07584e-05 2.21026e-06
361.2 -1.08633e-05 2.2533e-06
361.6 -1.09539e-05 2.32004e-06
362 -1.103e-05 2.40745e-06
362.4 -1.10913e-05 2.51163e-06
362.8 -1.11367e-05 2.62793e-06
363.2 -1.11651e-05 2.75115e-06
363.6 -1.11748e-05 2.87573e-06
364 -1.11644e-05 2.99599e-06
364.4 -1.11323e-05 3.10634e-06
364.8 -1.10773e-05 3.2015e-06
365.2 -1.09985e-05 3.27672e-06
365.6 -1.08957e-05 3.32794e-06
366 -1.0769e-05 3.35195e-06
366.4 -1.06194e-05 3.34657e-06
366.8 -1.04486e-05 3.31064e-06
367.2 -1.02591e-05 3.24416e-06
367.6 -1.0054e-05 3.14822e-06
368 -9.83718e-06 3.02498e-06
368.4 -9.61305e-06 2.87761e-06
368.8 -9.38652e-06 2.71012e-06
369.2 -9.16281e-06 2.52727e-06
369.6 -8.94732e-06 2.3343e-06
370 -8.74542e-06 2.13684e-06
370.4 -8.56228e-06 1.94058e-06
370.8 -8.40272e-06 1.75116e-06
371.2 -8.27097e-06 1.5739e-06
371.6 -8.17056e-06 1.41361e-06
372 -8.10419e-06 1.27445e-06
372.4 -8.07356e-06 1.15972e-06
372.8 -8.07937e-06 1.07183e-06
373.2 -8.1212e-06 1.01215e-06
373.6 -8.19757e-06 9.81017e-07
374 -8.30591e-06 9.77708e-07
374.4 -8.44269e-06 1.00052e-06
374.8 -8.6035e-06 1.04682e-06
375.2 -8.78316e-06 1.11319e-06
375.6 -8.97593e-06 1.19555e-06
376 -9.17569e-06 1.28937e-06
376.4 -9.37609e-06 1.38979e-06
376.8 -9.57083e-06 1.4919e-06
377.2 -9.75381e-06 1.59084e-06
377.6 -9.91937e-06 1.68211e-06
378 -1.00624e-05 1.76162e-06
378.4 -1.01787e-05 1.82595e-06
378.8 -1.02648e-05 1.87242e-06
379.2 -1.03183e-05 1.89919e-06
379.6 -1.03379e-05 1.90537e-06
380 -1.03233e-05 1.89097e-06
380.4 -1.02754e-05 1.85693e-06
380.8 -1.01961e-05 1.80508e-06
381.2 -1.00883e-05 1.738e-06
381.6 -9.95546e-06 1.65896e-06
382 -9.80203e-06 1.57175e-06
382.4 -9.63282e-06 1.48051e-06
382.8 -9.45296e-06 1.38954e-06
383.2 -9.26772e-06 1.30318e-06
383.6 -9.08229e-06 1.22554e-06
384 -8.90158e-06 1.1604e-06
384.4 -8.73008e-06 1.11102e-06
384.8 -8.57163e-06 1.07999e-06
385.2 -8.42936e-06 1.06915e-06
385.6 -8.30557e-06 1.07952e-06
386 -8.2016e-06 1.1112e-06
386.4 -8.1179e-06 1.16344e-06
386.8 -8.05394e-06 1.23461e-06
387.2 -8.00831e-06 1.3223e-06
387.6 -7.97876e-06 1.42338e-06
388 -7.96235e-06 1.53416e-06
388.4 -7.95551e-06 1.65053e-06
388.8 -7.95429e-06 1.76809e-06
389.2 -7.95446e-06 1.88237e-06
389.6 -7.9517e-06 1.98896e-06
390 -7.94183e-06 2.08375e-06
390.4 -7.92092e-06 2.163e-06
390.8 -7.8855e-06 2.22358e-06
391.2 -7.83269e-06 2.26302e-06
391.6 -7.76033e-06 2.27964e-06
392 -7.66707e-06 2.27263e-06
392.4 -7.55242e-06 2.24203e-06
392.8 -7.41682e-06 2.18878e-06
393.2 -7.26158e-06 2.11463e-06
393.6 -7.08889e-06 2.02212e-06
394 -6.90171e-06 1.91445e-06
394.4 -6.70369e-06 1.79533e-06
394.8 -6.49904e-06 1.66891e-06
395.2 -6.29237e-06 1.53952e-06
395.6 -6.08855e-06 1.41159e-06
396 -5.8925e-06 1.28942e-06
396.4 -5.70906e-06 1.17704e-06
396.8 -5.54278e-06 1.07805e-06
397.2 -5.39781e-06 9.95487e-07
397.6 -5.27771e-06 9.31704e-07
398 -5.18534e-06 8.88302e-07
398.4 -5.12279e-06 8.6606e-07
398.8 -5.0913e-06 8.64922e-07
399.2 -5.0912e-06 8.84004e-07
399.6 -5.12195e-06 9.21638e-07
400 -5.18213e-06 9.7545e-07
