    9.0338321437e+02    8.1646594540e+02   -3.9309149086e+04    3.8878353067e+00    3.8498375862e+00    3.9269689142e+00    1.4988389507e-02    4.1196397165e-02    6.2217371302e-03    4.2735579810e+01    4.2735579810e+01    4.2735579810e+01
    9.0364283444e+02    8.1670058662e+02   -3.9306726890e+04    3.8938857090e+00    3.9775710468e+00    3.6964357963e+00   -4.2964160158e-03    2.6814341411e-02    2.7791699712e-02    4.2735579810e+01    4.2735579810e+01    4.2735579810e+01
    9.0416676784e+02    8.1717411079e+02   -3.9307109867e+04    3.8163038397e+00    4.1244669132e+00    3.9432146787e+00    1.0302990227e-02    4.6847105491e-02   -2.1823097418e-03    4.2735579810e+01    4.2735579810e+01    4.2735579810e+01
    8.9697948294e+02    8.1067833660e+02   -3.9301094793e+04    4.1589411246e+00    3.7813665917e+00    3.7612196041e+00   -2.6988944684e-03    7.3158629741e-03   -2.2615161184e-02    4.2735579810e+01    4.2735579810e+01    4.2735579810e+01
    9.0623392571e+02    8.1904238106e+02   -3.9308467339e+04    3.7642280359e+00    3.9774823653e+00    3.7713217918e+00    2.3214231400e-02    7.4559880048e-03   -6.7456640360e-05    4.2735579810e+01    4.2735579810e+01    4.2735579810e+01
    9.0266402940e+02    8.1581595542e+02   -3.9308510120e+04    3.9647775682e+00    3.9239456868e+00    3.8622566049e+00    1.6304923865e-02    1.0312030066e-02   -3.6915820590e-02    4.2735579810e+01    4.2735579810e+01    4.2735579810e+01
    9.0050643142e+02    8.1386594656e+02   -3.9304095379e+04    3.9687741123e+00    3.8810180400e+00    3.6626051645e+00    2.4005026989e-02    5.9527141883e-03   -1.0049568149e-02    4.2735579810e+01    4.2735579810e+01    4.2735579810e+01
    9.0085758869e+02    8.1418331791e+02   -3.9303182323e+04    4.0168903968e+00    4.0007569459e+00    3.6764140569e+00   -4.2971444769e-02    1.4634922913e-03    5.9192957550e-02    4.2735579810e+01    4.2735579810e+01    4.2735579810e+01
    9.0051603690e+02    8.1387462786e+02   -3.9304287573e+04    3.9156214608e+00    3.6832379866e+00    3.9800498970e+00   -2.8476635581e-02   -9.0809934695e-03    2.4008865436e-02    4.2735579810e+01    4.2735579810e+01    4.2735579810e+01
    9.0011535025e+02    8.1351249251e+02   -3.9304177297e+04    3.7829193386e+00    3.9758701742e+00    3.9362394721e+00    2.0637300595e-02   -1.4370294183e-02   -1.7008530117e-02    4.2735579810e+01    4.2735579810e+01    4.2735579810e+01
    9.0104481130e+02    8.1435252726e+02   -3.9304538344e+04    3.9225598666e+00    4.2225590589e+00    3.7632059455e+00    8.3709447428e-03    1.1692734985e-02   -2.1570816495e-02    4.2735579810e+01    4.2735579810e+01    4.2735579810e+01
    8.9584768284e+02    8.0965543046e+02   -3.9302079392e+04    3.9492582886e+00    3.9460797867e+00    3.8502268419e+00    7.8108056091e-04   -1.1970203247e-02    2.1411634398e-02    4.2735579810e+01    4.2735579810e+01    4.2735579810e+01
    9.0318855549e+02    8.1629001524e+02   -3.9307703050e+04    4.0136910755e+00    3.8516032669e+00    3.7018202546e+00    1.7252268135e-02    9.6228982976e-03    2.0485994426e-02    4.2735579810e+01    4.2735579810e+01    4.2735579810e+01
    9.0643837104e+02    8.1922715608e+02   -3.9309840820e+04    3.7202071557e+00    4.0703096806e+00    3.7361491974e+00    3.2669793303e-02    1.3906405677e-02    3.6277363662e-02    4.2735579810e+01    4.2735579810e+01    4.2735579810e+01
    8.9814239210e+02    8.1172935871e+02   -3.9303044741e+04    4.0318138461e+00    3.7369046470e+00    3.8004805315e+00    1.4617306056e-02    1.2410607068e-02   -5.1583315005e-02    4.2735579810e+01    4.2735579810e+01    4.2735579810e+01
    9.0213847289e+02    8.1534096431e+02   -3.9305851596e+04    3.9961614151e+00    3.9643961964e+00    3.7804282323e+00    3.0862493870e-02    1.6919319002e-02    1.6331090409e-02    4.2735579810e+01    4.2735579810e+01    4.2735579810e+01
    8.9326318643e+02    8.0731959638e+02   -3.9296789350e+04    4.0947528567e+00    3.9456975294e+00    3.8662128985e+00    6.0460169081e-02    1.4333320420e-02    5.3433835239e-03    4.2735579810e+01    4.2735579810e+01    4.2735579810e+01
    8.9981424488e+02    8.1324035741e+02   -3.9304597061e+04    4.0210882154e+00    3.8614236755e+00    3.8530478676e+00   -2.5017953350e-02    2.8117076245e-02   -2.2126015931e-02    4.2735579810e+01    4.2735579810e+01    4.2735579810e+01
    9.0109959307e+02    8.1440203831e+02   -3.9305948557e+04    3.9055890297e+00    3.8125705901e+00    3.7502730012e+00   -3.7023970904e-03    1.6235036936e-03   -3.5044016210e-02    4.2735579810e+01    4.2735579810e+01    4.2735579810e+01
    9.0035518329e+02    8.1372925047e+02   -3.9304768746e+04    3.8886029126e+00    3.9697472507e+00    4.0299285476e+00   -3.3868104236e-02    8.6674159421e-03   -1.3915925196e-02    4.2735579810e+01    4.2735579810e+01    4.2735579810e+01
    8.9414415320e+02    8.0811580263e+02   -3.9300192587e+04    3.7218557103e+00    4.1271119681e+00    3.8197089705e+00   -1.2240920060e-02    1.6875602788e-02   -1.3502258208e-03    4.2735579810e+01    4.2735579810e+01    4.2735579810e+01
    9.0251465081e+02    8.1568094900e+02   -3.9307405992e+04    3.8430917017e+00    3.8633988499e+00    3.9092165163e+00    1.5585773172e-03    1.5709256968e-02   -9.2165356822e-03    4.2735579810e+01    4.2735579810e+01    4.2735579810e+01
    9.1506206579e+02    8.2702113871e+02   -3.9318625591e+04    3.8502127247e+00    3.9560823059e+00    3.5581005800e+00    1.7666512840e-03    6.5869034177e-03    1.6719942778e-02    4.2735579810e+01    4.2735579810e+01    4.2735579810e+01
    9.0509801174e+02    8.1801575685e+02   -3.9307845479e+04    3.7448675581e+00    3.9525044934e+00    3.8551023689e+00    3.3420847397e-02   -4.0883646759e-02   -5.4655047804e-04    4.2735579810e+01    4.2735579810e+01    4.2735579810e+01
    8.9460932032e+02    8.0853621459e+02   -3.9299912297e+04    3.9469278020e+00    3.9401117666e+00    3.8202104384e+00    1.3177755245e-02   -3.4375578102e-02   -8.0288764042e-03    4.2735579810e+01    4.2735579810e+01    4.2735579810e+01
    8.9650611512e+02    8.1025051295e+02   -3.9302552189e+04    3.7068896272e+00    4.0330934745e+00    3.8447547543e+00    4.8075496234e-02    1.5727767305e-02   -1.1314370050e-02    4.2735579810e+01    4.2735579810e+01    4.2735579810e+01
    9.0581355164e+02    8.1866245247e+02   -3.9308679759e+04    3.7496846246e+00    3.8941411693e+00    3.8855956686e+00   -4.2497887670e-02    4.3062625563e-02    2.6630940158e-02    4.2735579810e+01    4.2735579810e+01    4.2735579810e+01
    9.0028739093e+02    8.1366798062e+02   -3.9304502711e+04    3.8877084805e+00    4.0636842371e+00    3.7903037230e+00   -5.7898933567e-04    1.5563204761e-02   -7.4586708468e-03    4.2735579810e+01    4.2735579810e+01    4.2735579810e+01
    9.0165972581e+02    8.1490827896e+02   -3.9305027611e+04    4.0241910729e+00    3.8937675878e+00    3.6743727215e+00    1.7728077550e-02    3.8113723408e-02   -2.3478382166e-02    4.2735579810e+01    4.2735579810e+01    4.2735579810e+01
    8.9459599791e+02    8.0852417397e+02   -3.9300700124e+04    3.9041696078e+00    3.7358312026e+00    4.0142261966e+00   -5.7760478111e-03    8.3888700471e-03   -3.3955358608e-02    4.2735579810e+01    4.2735579810e+01    4.2735579810e+01
    8.8966992961e+02    8.0407205782e+02   -3.9296199479e+04    3.8968828851e+00    3.9620976560e+00    3.9676741540e+00    2.6737130745e-02    3.4723926168e-02   -3.7001655625e-03    4.2735579810e+01    4.2735579810e+01    4.2735579810e+01
    9.0477210550e+02    8.1772120705e+02   -3.9307763313e+04    3.8623446074e+00    4.0237837816e+00    3.7113181815e+00   -5.6177661656e-03    1.5739863743e-02    3.1152863813e-03    4.2735579810e+01    4.2735579810e+01    4.2735579810e+01
    9.0623295629e+02    8.1904150491e+02   -3.9309352533e+04    3.6935531038e+00    4.2405782301e+00    3.6330608132e+00   -1.3866450554e-02   -1.4642464558e-02    8.3202581301e-03    4.2735579810e+01    4.2735579810e+01    4.2735579810e+01
    9.0302741418e+02    8.1614437784e+02   -3.9307056719e+04    3.7306332039e+00    3.9928295087e+00    3.9730807105e+00    2.8839993370e-02    1.0236427955e-02   -1.1946906324e-02    4.2735579810e+01    4.2735579810e+01    4.2735579810e+01
    9.0917860627e+02    8.2170374488e+02   -3.9311116849e+04    3.7299886176e+00    3.9929057772e+00    3.8094218228e+00    1.8594257683e-02    8.9737547656e-03    9.9905509710e-03    4.2735579810e+01    4.2735579810e+01    4.2735579810e+01
    8.9673852521e+02    8.1046056216e+02   -3.9301030448e+04    3.9236119553e+00    3.9048100571e+00    3.8312635894e+00    1.7490258826e-03   -1.0331409388e-02    2.4525983821e-02    4.2735579810e+01    4.2735579810e+01    4.2735579810e+01
    9.1341761112e+02    8.2553490207e+02   -3.9317967972e+04    3.9051158104e+00    3.7181171103e+00    3.8222750529e+00   -2.2441113739e-03    6.3529652784e-03    2.2468740871e-02    4.2735579810e+01    4.2735579810e+01    4.2735579810e+01
    8.8809434870e+02    8.0264806837e+02   -3.9292757983e+04    3.9778466575e+00    3.8947517473e+00    3.8628140551e+00    6.8228519234e-03   -6.2581420940e-03    2.8869255756e-02    4.2735579810e+01    4.2735579810e+01    4.2735579810e+01
    8.9509533444e+02    8.0897546781e+02   -3.9299343647e+04    4.1137972356e+00    3.7910348048e+00    4.0550226434e+00    9.4508106588e-03    1.1715439567e-02   -7.9915397834e-04    4.2735579810e+01    4.2735579810e+01    4.2735579810e+01
    9.0934841832e+02    8.2185721878e+02   -3.9311581875e+04    3.6954455942e+00    3.7760868580e+00    3.8874937132e+00    2.7749244065e-02    4.6727843237e-04    2.1938329754e-02    4.2735579810e+01    4.2735579810e+01    4.2735579810e+01
    8.9773708424e+02    8.1136304676e+02   -3.9301187548e+04    3.7984834773e+00    3.9644949297e+00    3.6966386260e+00    9.7554577509e-03   -1.2611677236e-02    2.3463731628e-03    4.2735579810e+01    4.2735579810e+01    4.2735579810e+01
    8.9375637265e+02    8.0776533164e+02   -3.9297085916e+04    4.0271142139e+00    3.9220702978e+00    3.9248507574e+00    9.4592922667e-03   -1.9443709117e-03    1.1108189767e-02    4.2735579810e+01    4.2735579810e+01    4.2735579810e+01
    9.0232136528e+02    8.1550626007e+02   -3.9307663924e+04    3.7951597528e+00    3.9496450405e+00    3.7406586363e+00   -2.1994227266e-02   -2.7395658391e-02   -9.1666627673e-03    4.2735579810e+01    4.2735579810e+01    4.2735579810e+01
    9.0179390240e+02    8.1502954600e+02   -3.9305353066e+04    3.8144997927e+00    3.9477710688e+00    3.8115281206e+00    4.2450814376e-02   -9.0960833341e-03    1.3734509215e-03    4.2735579810e+01    4.2735579810e+01    4.2735579810e+01
    8.9813648539e+02    8.1172402030e+02   -3.9302100864e+04    3.8766273996e+00    3.8516086886e+00    3.8715048068e+00    2.2513424420e-02    8.5510134986e-03    9.6227424105e-03    4.2735579810e+01    4.2735579810e+01    4.2735579810e+01
    8.9759284613e+02    8.1123268624e+02   -3.9301392375e+04    3.6612229592e+00    4.1582860774e+00    3.9301896047e+00   -1.8701389036e-02    4.1946954898e-02    1.6154444413e-03    4.2735579810e+01    4.2735579810e+01    4.2735579810e+01
    9.0299793551e+02    8.1611773540e+02   -3.9307742071e+04    3.8965628513e+00    3.8498261373e+00    3.8083362051e+00    8.3555044967e-03    1.4645916711e-02    3.0367143974e-03    4.2735579810e+01    4.2735579810e+01    4.2735579810e+01
    8.9852846830e+02    8.1207828933e+02   -3.9303233450e+04    3.8619484546e+00    3.9561666621e+00    4.0051437066e+00   -1.1729040948e-02    1.4316273328e-02   -2.3172599459e-02    4.2735579810e+01    4.2735579810e+01    4.2735579810e+01
    8.9343801008e+02    8.0747759971e+02   -3.9299202968e+04    3.9031320237e+00    4.1109036765e+00    4.0100134714e+00    1.5263725517e-03    3.6457936686e-03   -1.4541912538e-02    4.2735579810e+01    4.2735579810e+01    4.2735579810e+01
    8.9314153484e+02    8.0720964926e+02   -3.9297203573e+04    3.9118945505e+00    4.0791480660e+00    3.7958261571e+00   -1.0429762135e-02    1.3176456644e-02    6.9368371680e-03    4.2735579810e+01    4.2735579810e+01    4.2735579810e+01
    8.9236233519e+02    8.0650541880e+02   -3.9296624693e+04    3.9380208819e+00    3.8454010179e+00    3.9265724814e+00    3.7563506845e-02    1.9120817207e-03    1.1899213604e-02    4.2735579810e+01    4.2735579810e+01    4.2735579810e+01
    8.9612705096e+02    8.0990791972e+02   -3.9299677631e+04    3.9992691534e+00    3.9394686973e+00    3.8387106757e+00    3.9843452068e-03    8.0725088467e-03   -2.3838471146e-03    4.2735579810e+01    4.2735579810e+01    4.2735579810e+01
    8.8516147132e+02    7.9999737211e+02   -3.9290543617e+04    3.8300673749e+00    4.0081718797e+00    3.8259047963e+00   -2.2651268973e-02    1.1253767222e-02   -9.2734703208e-03    4.2735579810e+01    4.2735579810e+01    4.2735579810e+01
    9.0623724196e+02    8.1904537825e+02   -3.9309980381e+04    4.1410583291e+00    3.9224065643e+00    3.6205650821e+00   -2.5711080743e-02    1.0146838533e-02    9.2553711025e-03    4.2735579810e+01    4.2735579810e+01    4.2735579810e+01
    8.9359270285e+02    8.0761740901e+02   -3.9297386039e+04    4.0038570595e+00    3.8785977837e+00    3.8690316811e+00    2.0720301121e-02    7.5293880054e-03   -1.3003887502e-02    4.2735579810e+01    4.2735579810e+01    4.2735579810e+01
    8.9033250607e+02    8.0467088576e+02   -3.9293864440e+04    4.1652330085e+00    3.9648863024e+00    3.9207955018e+00   -3.9789515093e-03    3.2730932768e-02    2.0162513249e-03    4.2735579810e+01    4.2735579810e+01    4.2735579810e+01
    8.8987823299e+02    8.0426031968e+02   -3.9294146858e+04    4.0032858705e+00    4.0434004339e+00    3.8972586564e+00    1.4042192170e-02    1.1662484619e-02   -3.0701548540e-03    4.2735579810e+01    4.2735579810e+01    4.2735579810e+01
    8.9743444226e+02    8.1108952289e+02   -3.9302044699e+04    3.9843119496e+00    3.8352387387e+00    3.9336079775e+00    1.3911353515e-02    4.0249081889e-02    1.1741674060e-02    4.2735579810e+01    4.2735579810e+01    4.2735579810e+01
    8.9711639098e+02    8.1080207230e+02   -3.9301359837e+04    3.9349200046e+00    3.8741170410e+00    3.7857048003e+00    1.9291416072e-02    1.5433689082e-02    2.1664404464e-02    4.2735579810e+01    4.2735579810e+01    4.2735579810e+01
    9.0436058696e+02    8.1734928198e+02   -3.9307849505e+04    3.8850813712e+00    4.0167309988e+00    3.6772455327e+00    7.7483899340e-03   -1.3810044946e-02   -1.2992163165e-02    4.2735579810e+01    4.2735579810e+01    4.2735579810e+01
    8.9623775123e+02    8.1000796917e+02   -3.9300918809e+04    3.6015398581e+00    4.2129225538e+00    3.8386115996e+00    3.3591751290e-02    2.1162600701e-02   -3.2306363161e-02    4.2735579810e+01    4.2735579810e+01    4.2735579810e+01
    8.9635850414e+02    8.1011710408e+02   -3.9300908155e+04    3.6407587495e+00    3.9580649749e+00    3.9804273503e+00   -5.8036888549e-03   -2.3401633394e-02    3.1567674544e-02    4.2735579810e+01    4.2735579810e+01    4.2735579810e+01
    9.0115464351e+02    8.1445179217e+02   -3.9305329466e+04    3.8829333059e+00    4.2856308934e+00    3.7753606377e+00   -5.4960409108e-04    1.3327348227e-03   -1.3155344987e-03    4.2735579810e+01    4.2735579810e+01    4.2735579810e+01
    9.0251156950e+02    8.1567816415e+02   -3.9307279238e+04    4.0654736301e+00    4.1079100693e+00    3.8553536036e+00    1.8936241549e-03    5.3978035365e-03    5.2850548400e-03    4.2735579810e+01    4.2735579810e+01    4.2735579810e+01
    9.1047018244e+02    8.2287105454e+02   -3.9313633271e+04    3.8407269035e+00    3.9183700528e+00    3.7374398861e+00    4.4785254550e-02   -3.2089368005e-03    3.9304369079e-02    4.2735579810e+01    4.2735579810e+01    4.2735579810e+01
    8.9797131286e+02    8.1157473953e+02   -3.9301076722e+04    3.7941601697e+00    4.0239697992e+00    3.8684645180e+00    1.4394406265e-02    9.3561341515e-03    3.2886134054e-02    4.2735579810e+01    4.2735579810e+01    4.2735579810e+01
    9.0387018939e+02    8.1690606705e+02   -3.9307920713e+04    3.7924064122e+00    3.8462036344e+00    3.8779921849e+00    2.0589745011e-03   -1.8195572406e-02    5.2363692376e-03    4.2735579810e+01    4.2735579810e+01    4.2735579810e+01
    8.9312441142e+02    8.0719417334e+02   -3.9299598492e+04    3.9947370648e+00    3.9500040712e+00    3.8857573340e+00    1.5442577265e-02    2.8609005065e-02   -3.0502197069e-02    4.2735579810e+01    4.2735579810e+01    4.2735579810e+01
    8.9791228887e+02    8.1152139442e+02   -3.9300597383e+04    3.9598898049e+00    3.8788102482e+00    3.8764865626e+00   -1.9245358046e-02    1.4194522048e-03    1.7092128430e-02    4.2735579810e+01    4.2735579810e+01    4.2735579810e+01
    9.0115586874e+02    8.1445289952e+02   -3.9305855865e+04    3.9347464356e+00    4.0021839874e+00    3.7886395754e+00    1.6096858697e-03   -4.4862484874e-03   -1.0712668058e-02    4.2735579810e+01    4.2735579810e+01    4.2735579810e+01
    8.9267716688e+02    8.0678995956e+02   -3.9295469327e+04    3.9032539295e+00    3.7742521050e+00    3.9549244580e+00    1.7757275213e-02    1.4657239240e-02   -2.5473116876e-02    4.2735579810e+01    4.2735579810e+01    4.2735579810e+01
    8.9499840911e+02    8.0888786796e+02   -3.9299665607e+04    3.9501667603e+00    3.6890211550e+00    3.9295520622e+00    7.3294250388e-03   -1.7608219765e-02    2.8765028845e-03    4.2735579810e+01    4.2735579810e+01    4.2735579810e+01
    8.9315193036e+02    8.0721904459e+02   -3.9298865010e+04    3.9075785111e+00    3.7061214956e+00    3.8398256935e+00   -2.2256026723e-02   -4.1179374960e-02   -2.3686133657e-02    4.2735579810e+01    4.2735579810e+01    4.2735579810e+01
    9.0251428431e+02    8.1568061776e+02   -3.9306872172e+04    3.7938926218e+00    3.8556329719e+00    3.8443568851e+00    2.4097206311e-02    3.8355698622e-02    1.9039250802e-02    4.2735579810e+01    4.2735579810e+01    4.2735579810e+01
    8.9989719289e+02    8.1331532474e+02   -3.9303570584e+04    4.1735993757e+00    3.8916336686e+00    3.6070107591e+00    2.1586339125e-02    8.7449186407e-03   -5.7552370383e-03    4.2735579810e+01    4.2735579810e+01    4.2735579810e+01
    8.9395321226e+02    8.0794323270e+02   -3.9297690472e+04    4.1049186620e+00    3.7925427850e+00    3.8276967049e+00    9.7887157636e-03   -4.8269892201e-03   -1.8259079720e-02    4.2735579810e+01    4.2735579810e+01    4.2735579810e+01
    9.0798691962e+02    8.2062671405e+02   -3.9310776822e+04    3.7359039721e+00    3.8901965974e+00    3.7471543804e+00    1.9308146631e-02    8.4783394101e-04    5.7403596280e-04    4.2735579810e+01    4.2735579810e+01    4.2735579810e+01
    9.0547779500e+02    8.1835900001e+02   -3.9308348405e+04    3.8229604805e+00    3.9135127172e+00    3.8356148023e+00   -2.4861799171e-03    7.1205570848e-03    2.5558245373e-02    4.2735579810e+01    4.2735579810e+01    4.2735579810e+01
    8.8977567824e+02    8.0416763204e+02   -3.9294649668e+04    3.9574645724e+00    3.9069028410e+00    3.8237850192e+00    1.3183473557e-02    1.5624699423e-02   -1.3286129848e-02    4.2735579810e+01    4.2735579810e+01    4.2735579810e+01
    8.9201796516e+02    8.0619418166e+02   -3.9296959704e+04    3.8116747006e+00    3.9234967554e+00    3.8041256889e+00   -2.1493314273e-02    3.4367453712e-03   -3.8913613289e-02    4.2735579810e+01    4.2735579810e+01    4.2735579810e+01
    8.8790860411e+02    8.0248019484e+02   -3.9293759694e+04    3.7942446353e+00    3.9857616280e+00    3.9212858951e+00    8.3145537192e-03    3.2827012874e-02   -2.8901664316e-03    4.2735579810e+01    4.2735579810e+01    4.2735579810e+01
    8.9586451249e+02    8.0967064088e+02   -3.9298575280e+04    3.8166562201e+00    4.0999531171e+00    3.7754490596e+00    3.5469697038e-03   -1.8503572991e-02    1.5893756373e-02    4.2735579810e+01    4.2735579810e+01    4.2735579810e+01
    9.0674115675e+02    8.1950080984e+02   -3.9310499991e+04    3.9335840011e+00    3.8029785780e+00    4.1107142061e+00    1.4344877483e-02    5.4987897303e-02   -4.0058455159e-02    4.2735579810e+01    4.2735579810e+01    4.2735579810e+01
    8.9985461702e+02    8.1327684522e+02   -3.9304958278e+04    3.8342659234e+00    3.9637350942e+00    3.6777010847e+00   -1.5618652954e-02    3.9468841654e-03    8.6815806904e-03    4.2735579810e+01    4.2735579810e+01    4.2735579810e+01
    8.9613020291e+02    8.0991076841e+02   -3.9301571930e+04    3.8042644719e+00    3.9849844155e+00    4.0109141851e+00   -6.8363939496e-04    2.1220962656e-02   -3.1746473218e-03    4.2735579810e+01    4.2735579810e+01    4.2735579810e+01
    9.0302318195e+02    8.1614055280e+02   -3.9305698471e+04    3.7578144494e+00    4.1256257174e+00    3.6498889080e+00    1.2462482128e-02   -2.2849457605e-02    2.2252109244e-02    4.2735579810e+01    4.2735579810e+01    4.2735579810e+01
    9.0292266794e+02    8.1604970955e+02   -3.9305840989e+04    3.8786893471e+00    3.9750298046e+00    3.6061310651e+00   -2.6837196719e-04    1.5491232087e-02    1.5319196437e-02    4.2735579810e+01    4.2735579810e+01    4.2735579810e+01
    8.9731745625e+02    8.1098379246e+02   -3.9301502368e+04    3.7689367625e+00    3.9922393029e+00    3.8667857247e+00    2.8151428215e-03    2.8405009762e-02   -2.7980227926e-02    4.2735579810e+01    4.2735579810e+01    4.2735579810e+01
    8.9958156195e+02    8.1303006161e+02   -3.9304919457e+04    4.0989267120e+00    3.7806785431e+00    3.6963680659e+00   -1.4194060165e-02   -2.2039443821e-02    1.8868784944e-02    4.2735579810e+01    4.2735579810e+01    4.2735579810e+01
    9.0012127551e+02    8.1351784768e+02   -3.9302801282e+04    3.9579414476e+00    3.8986705993e+00    3.8516479827e+00   -1.7861716906e-02    1.1521469845e-02    1.4754888556e-02    4.2735579810e+01    4.2735579810e+01    4.2735579810e+01
    9.0178516912e+02    8.1502165299e+02   -3.9306673953e+04    3.8837883394e+00    4.0296639138e+00    3.8609834416e+00   -8.7055020787e-04   -5.1080369018e-03    6.7491298766e-03    4.2735579810e+01    4.2735579810e+01    4.2735579810e+01
    9.0004170853e+02    8.1344593608e+02   -3.9302894341e+04    3.8705151152e+00    3.7990145367e+00    3.8342289858e+00   -1.6021639395e-02   -4.1347983801e-03   -1.8009372211e-04    4.2735579810e+01    4.2735579810e+01    4.2735579810e+01
    9.0123523332e+02    8.1452462819e+02   -3.9306425868e+04    3.7946517350e+00    4.1174582558e+00    3.8211938334e+00    1.8083936019e-02    2.6872861613e-02    2.2991340196e-02    4.2735579810e+01    4.2735579810e+01    4.2735579810e+01
    9.0139823173e+02    8.1467194403e+02   -3.9305504905e+04    3.8203488461e+00    4.0069516444e+00    3.8137273059e+00    2.1369449818e-02   -2.2737530754e-02    1.3838653275e-03    4.2735579810e+01    4.2735579810e+01    4.2735579810e+01
    9.0744839395e+02    8.2014000159e+02   -3.9311112705e+04    3.7387570960e+00    3.9782837444e+00    3.6221057553e+00    1.8818249674e-02    2.1963551231e-02    1.0402726350e-02    4.2735579810e+01    4.2735579810e+01    4.2735579810e+01
    8.9502453092e+02    8.0891147651e+02   -3.9298598940e+04    4.0081864139e+00    3.8290942492e+00    3.8233924001e+00    3.7630169868e-03   -1.5191636168e-02    8.4045204387e-03    4.2735579810e+01    4.2735579810e+01    4.2735579810e+01
    8.9273975162e+02    8.0684652284e+02   -3.9296194106e+04    3.9098070881e+00    3.9340012317e+00    4.0559709203e+00    1.4616760801e-03    1.7904176828e-03    9.0973011825e-03    4.2735579810e+01    4.2735579810e+01    4.2735579810e+01
    8.8597187170e+02    8.0072980139e+02   -3.9290931702e+04    3.9697840818e+00    4.0081127521e+00    4.0793289846e+00    1.2591693676e-02    3.8055647874e-02    9.0907346874e-03    4.2735579810e+01    4.2735579810e+01    4.2735579810e+01
    9.0142123892e+02    8.1469273762e+02   -3.9305875933e+04    3.8683430677e+00    4.0198492103e+00    3.9498906806e+00    2.3824891096e-02   -4.4698343900e-03    1.6479578184e-02    4.2735579810e+01    4.2735579810e+01    4.2735579810e+01
    9.0022713256e+02    8.1361351990e+02   -3.9301899588e+04    4.1230728921e+00    3.9518166866e+00    3.8086475774e+00   -2.4778704794e-02    1.6563096865e-02    2.4555701400e-03    4.2735579810e+01    4.2735579810e+01    4.2735579810e+01
