-0.498 1.22148 0.760486
-0.496 1.4303 0.791696
-0.494 1.58936 0.80671
-0.492 1.6912 0.803997
-0.49 1.73101 0.782669
-0.488 1.70681 0.742541
-0.486 1.61956 0.684161
-0.484 1.47309 0.608803
-0.482 1.27395 0.518427
-0.48 1.03106 0.415613
-0.478 0.755295 0.303452
-0.476 0.45895 0.185426
-0.474 0.155163 0.0652603
-0.472 -0.142717 -0.053232
-0.47 -0.421764 -0.166313
-0.468 -0.670079 -0.27048
-0.466 -0.877346 -0.36261
-0.464 -1.03531 -0.440096
-0.462 -1.13813 -0.500953
-0.46 -1.18265 -0.543893
-0.458 -1.1685 -0.568374
-0.456 -1.0981 -0.574611
-0.454 -0.976467 -0.563551
-0.452 -0.810952 -0.536814
-0.45 -0.610851 -0.496608
-0.448 -0.386905 -0.445608
-0.446 -0.150751 -0.386826
-0.444 0.0856756 -0.323457
-0.442 0.310745 -0.258728
-0.44 0.513716 -0.195737
-0.438 0.685267 -0.137315
-0.436 0.81795 -0.0858915
-0.434 0.906545 -0.0433887
-0.432 0.948289 -0.0111434
-0.43 0.942983 0.0101415
-0.428 0.892957 0.0204113
-0.426 0.802899 0.0202397
-0.424 0.679567 0.0107764
-0.422 0.531384 -0.00633517
-0.42 0.367947 -0.0290653
-0.418 0.19948 -0.0551252
-0.416 0.0362416 -0.0821069
-0.414 -0.112052 -0.107629
-0.412 -0.236786 -0.129478
-0.41 -0.330943 -0.145742
-0.408 -0.389508 -0.154927
-0.406 -0.409768 -0.156049
-0.404 -0.391481 -0.148694
-0.402 -0.33692 -0.133056
-0.4 -0.250761 -0.109926
-0.398 -0.139852 -0.0806624
-0.396 -0.0128536 -0.0471195
-0.394 0.120232 -0.0115465
-0.392 0.248601 0.0235328
-0.39 0.361252 0.0554616
-0.388 0.447609 0.0816021
-0.386 0.498131 0.0994893
-0.384 0.504889 0.106981
-0.382 0.462057 0.102393
-0.38 0.366319 0.0846175
-0.378 0.217144 0.0532071
-0.376 0.0169288 0.00843586
-0.374 -0.229012 -0.0486814
-0.372 -0.512602 -0.116406
-0.37 -0.823304 -0.192326
-0.368 -1.14856 -0.273452
-0.366 -1.47432 -0.356331
-0.364 -1.78572 -0.437199
-0.362 -2.06774 -0.512147
-0.36 -2.30593 -0.5773
-0.358 -2.48714 -0.629004
-0.356 -2.60015 -0.663996
-0.354 -2.63631 -0.679579
-0.352 -2.58996 -0.673753
-0.35 -2.45879 -0.645335
-0.348 -2.24406 -0.594033
-0.346 -1.95058 -0.520484
-0.344 -1.5866 -0.426253
-0.342 -1.16349 -0.313781
-0.34 -0.695282 -0.186307
-0.338 -0.198076 -0.0477352
-0.336 0.310632 0.0975127
-0.334 0.812732 0.244681
-0.332 1.29029 0.388875
-0.33 1.72634 0.525264
-0.328 2.10565 0.649285
-0.326 2.41541 0.75683
-0.324 2.64573 0.844417
-0.322 2.79018 0.909333
-0.32 2.84595 0.949741
-0.318 2.81402 0.964749
-0.316 2.69904 0.954432
-0.314 2.50907 0.91982
-0.312 2.2552 0.862834
-0.31 1.95097 0.786189
-0.308 1.61167 0.693256
-0.306 1.25365 0.587905
-0.304 0.89347 0.474323
-0.302 0.547126 0.356816
-0.3 0.229285 0.239622
-0.298 -0.0474079 0.126716
-0.296 -0.272915 0.0216469
-0.294 -0.440255 -0.0726133
-0.292 -0.545791 -0.153782
-0.29 -0.589358 -0.220345
-0.288 -0.574207 -0.271594
-0.286 -0.506777 -0.307622
-0.284 -0.396316 -0.329284
-0.282 -0.254349 -0.338112
-0.28 -0.0940448 -0.336204
-0.278 0.0705096 -0.326085
-0.276 0.22507 -0.310548
-0.274 0.356011 -0.292487
-0.272 0.451061 -0.274726
-0.27 0.499979 -0.259862
-0.268 0.495118 -0.250116
-0.266 0.431868 -0.247216
-0.264 0.308929 -0.252301
-0.262 0.128435 -0.265867
-0.26 -0.104117 -0.287748
-0.258 -0.380098 -0.317129
-0.256 -0.68815 -0.352603
-0.254 -1.01473 -0.392258
-0.252 -1.34478 -0.433792
-0.25 -1.66246 -0.474649
-0.248 -1.95199 -0.512173
-0.246 -2.19844 -0.543766
-0.244 -2.3885 -0.567047
-0.242 -2.51126 -0.579995
-0.24 -2.55878 -0.581074
-0.238 -2.52659 -0.569345
-0.236 -2.41398 -0.544523
-0.234 -2.22418 -0.507023
-0.232 -1.96427 -0.457952
-0.23 -1.64493 -0.399064
-0.228 -1.27998 -0.332689
-0.226 -0.885829 -0.261617
-0.224 -0.480652 -0.188958
-0.222 -0.0835779 -0.117984
-0.22 0.286257 -0.0519547
-0.218 0.610656 0.00605752
-0.216 0.873285 0.0533395
-0.214 1.06053 0.0876928
-0.212 1.16224 0.107567
-0.21 1.17229 0.11216
-0.208 1.08902 0.101485
-0.206 0.915389 0.0763956
-0.204 0.658935 0.0385653
-0.202 0.331546 -0.00957181
-0.2 -0.0510386 -0.0649227
-0.198 -0.469893 -0.123872
-0.196 -0.903744 -0.182449
-0.194 -1.32993 -0.236515
-0.192 -1.72546 -0.281963
-0.19 -2.06807 -0.314922
-0.188 -2.33728 -0.331951
-0.186 -2.51542 -0.33022
-0.184 -2.58844 -0.307659
-0.182 -2.54663 -0.263076
-0.18 -2.38514 -0.19624
-0.178 -2.10429 -0.10791
-0.176 -1.70955 0.000173056
-0.174 -1.21145 0.125343
-0.172 -0.625091 0.264113
-0.17 0.0304296 0.412309
-0.168 0.732835 0.565245
-0.166 1.4576 0.717918
-0.164 2.17902 0.865218
-0.162 2.87124 1.00214
-0.16 3.50941 1.124
-0.158 4.0707 1.22663
-0.156 4.53526 1.30655
-0.154 4.887 1.36109
-0.152 5.11427 1.38851
-0.15 5.21032 1.38809
-0.148 5.17344 1.36004
-0.146 5.00708 1.3056
-0.144 4.71953 1.22685
-0.142 4.32355 1.12667
-0.14 3.83573 1.00854
-0.138 3.27574 0.876417
-0.136 2.66537 0.734485
-0.134 2.02764 0.587004
-0.132 1.38572 0.438096
-0.13 0.761971 0.291565
-0.128 0.176997 0.15074
-0.126 -0.351192 0.0183439
-0.124 -0.80788 -0.103598
-0.122 -1.18218 -0.213809
-0.12 -1.46737 -0.311771
-0.118 -1.66106 -0.397693
-0.116 -1.76514 -0.472433
-0.114 -1.78551 -0.537391
-0.112 -1.7317 -0.594371
-0.11 -1.61625 -0.645421
-0.108 -1.45409 -0.692662
-0.106 -1.26166 -0.738117
-0.104 -1.05618 -0.783545
-0.102 -0.854718 -0.830295
-0.1 -0.673448 -0.87919
-0.098 -0.526838 -0.930432
-0.096 -0.427008 -0.983565
-0.094 -0.383178 -1.03746
-0.092 -0.401269 -1.09037
-0.09 -0.483645 -1.13997
-0.088 -0.629043 -1.18354
-0.086 -0.832655 -1.21805
-0.084 -1.08639 -1.24036
-0.082 -1.37926 -1.24742
-0.08 -1.69799 -1.23645
-0.078 -2.0276 -1.20514
-0.076 -2.35222 -1.1518
-0.074 -2.65586 -1.07555
-0.072 -2.92321 -0.976375
-0.07 -3.14046 -0.85525
-0.068 -3.29594 -0.714129
-0.066 -3.38077 -0.555933
-0.064 -3.38929 -0.384469
-0.062 -3.31932 -0.204304
-0.06 -3.17228 -0.0205998
-0.058 -2.95301 0.161094
-0.056 -2.66958 0.335071
-0.054 -2.3327 0.495717
-0.052 -1.95521 0.637762
-0.05 -1.55129 0.756527
-0.048 -1.13576 0.848144
-0.046 -0.723236 0.909753
-0.044 -0.327414 0.939652
-0.042 0.0395961 0.937398
-0.04 0.367824 0.90385
-0.038 0.649839 0.841156
-0.036 0.880981 0.752675
-0.034 1.05942 0.642848
-0.032 1.18602 0.517012
-0.03 1.2641 0.381165
-0.028 1.29896 0.24171
-0.026 1.29744 0.105161
-0.024 1.26725 -0.0221507
-0.022 1.21646 -0.134368
-0.02 1.15287 -0.226382
-0.018 1.08351 -0.294074
-0.016 1.01427 -0.334511
-0.014 0.949576 -0.346089
-0.012 0.89224 -0.328611
-0.01 0.843459 -0.283305
-0.008 0.8029 -0.212765
-0.006 0.768886 -0.120835
-0.004 0.73866 -0.0124223
-0.002 0.708685 0.106731
0 0.674969 0.230326
0.002 0.633212 0.351809
0.004 0.579666 0.464684
0.006 0.510941 0.562829
0.008 0.424486 0.640792
0.01 0.318875 0.694058
0.012 0.194074 0.719268
0.014 0.0516464 0.714384
0.016 -0.105114 0.678791
0.018 -0.271151 0.613336
0.02 -0.439735 0.520288
0.022 -0.602685 0.403242
0.024 -0.750725 0.266951
0.026 -0.873952 0.117116
0.028 -0.962408 -0.0398779
0.03 -1.0067 -0.197249
0.032 -0.998667 -0.348121
0.034 -0.93195 -0.485833
0.036 -0.802574 -0.604232
0.038 -0.609354 -0.697941
0.04 -0.354172 -0.762584
0.042 -0.0420845 -0.794975
0.044 0.318765 -0.793238
0.046 0.717417 -0.756874
0.048 1.14054 -0.686765
0.05 1.57304 -0.585111
0.052 1.99877 -0.455319
0.054 2.40135 -0.301827
0.056 2.76502 -0.129901
0.058 3.07544 0.0546119
0.06 3.32046 0.245547
0.062 3.49079 0.43669
0.064 3.58051 0.62204
0.066 3.58736 0.796058
0.068 3.5129 0.953881
0.07 3.36242 1.0915
0.072 3.14468 1.2059
0.074 2.87141 1.29511
0.076 2.55673 1.35827
0.078 2.2164 1.39558
0.08 1.86702 1.40822
0.082 1.52518 1.39822
0.084 1.20661 1.36834
0.086 0.925402 1.32183
0.088 0.693305 1.26224
0.09 0.51914 1.19323
0.092 0.408356 1.11834
0.094 0.362748 1.04081
0.096 0.380351 0.963399
0.098 0.455507 0.888262
0.1 0.57911 0.81687
0.102 0.73902 0.749947
0.104 0.92062 0.687476
0.106 1.1075 0.628744
0.108 1.28225 0.572427
0.11 1.4273 0.516711
0.112 1.52581 0.459449
0.114 1.5625 0.398332
0.116 1.52451 0.331068
0.118 1.40211 0.255569
0.12 1.18925 0.170121
0.122 0.88406 0.0735376
0.124 0.489052 -0.0347195
0.126 0.011187 -0.154452
0.128 -0.538281 -0.284678
0.13 -1.14417 -0.423632
0.132 -1.78794 -0.568806
0.134 -2.4484 -0.717036
0.136 -3.10256 -0.864622
0.138 -3.72667 -1.00749
0.14 -4.29716 -1.14137
0.142 -4.79173 -1.26198
0.144 -5.19033 -1.36526
0.146 -5.4761 -1.44753
0.148 -5.63612 -1.50572
0.15 -5.6621 -1.53747
0.152 -5.55073 -1.54131
0.154 -5.30398 -1.51672
0.156 -4.92902 -1.46418
0.158 -4.43805 -1.38518
0.16 -3.84776 -1.28216
0.162 -3.17872 -1.15843
0.164 -2.45453 -1.01803
0.166 -1.70084 -0.865545
0.168 -0.944301 -0.705972
0.17 -0.211403 -0.544455
0.172 0.472592 -0.386093
0.174 1.08474 -0.235727
0.176 1.60536 -0.0977338
0.178 2.01888 0.0241461
0.18 2.31443 0.126957
0.182 2.48629 0.20864
0.184 2.53408 0.268094
0.186 2.46268 0.305205
0.188 2.28199 0.320818
0.19 2.00635 0.316671
0.192 1.6539 0.295284
0.194 1.24563 0.259822
0.196 0.804421 0.213919
0.198 0.353962 0.161496
0.2 -0.0823563 0.106558
0.202 -0.482509 0.0529996
0.204 -0.826825 0.00442213
0.206 -1.09885 -0.036037
0.208 -1.28604 -0.0658412
0.21 -1.38027 -0.08316
0.212 -1.37809 -0.0869352
0.214 -1.28082 -0.076907
0.216 -1.09431 -0.0535964
0.218 -0.828625 -0.0182503
0.22 -0.497385 0.0272519
0.222 -0.117073 0.0805211
0.224 0.293848 0.138805
0.226 0.715873 0.19915
0.228 1.12942 0.25857
0.23 1.51579 0.314212
0.232 1.85802 0.36351
0.234 2.14169 0.404321
0.236 2.35555 0.435032
0.238 2.49195 0.454638
0.24 2.54714 0.462782
0.242 2.52135 0.459757
0.244 2.41863 0.446477
0.246 2.24658 0.424405
0.248 2.01584 0.395457
0.25 1.7395 0.36188
0.252 1.43235 0.326106
0.254 1.1101 0.290607
0.256 0.788547 0.257739
0.258 0.482792 0.229598
0.26 0.206444 0.207887
0.262 -0.0290287 0.193809
0.264 -0.214855 0.187982
0.266 -0.345368 0.190394
0.268 -0.418241 0.20039
0.27 -0.434559 0.216691
0.272 -0.398707 0.237457
0.274 -0.318093 0.260377
0.276 -0.202712 0.282792
0.278 -0.0645795 0.301834
0.28 0.0829317 0.314594
0.282 0.225835 0.318278
0.284 0.350296 0.310382
0.286 0.4434 0.288838
0.288 0.493866 0.25216
0.29 0.492683 0.199551
0.292 0.433634 0.130979
0.294 0.313676 0.0472258
0.296 0.133159 -0.0501171
0.298 -0.104123 -0.158684
0.3 -0.391062 -0.275413
0.302 -0.71753 -0.396664
0.304 -1.07083 -0.518363
0.306 -1.4363 -0.636171
0.308 -1.79796 -0.745679
0.31 -2.13934 -0.842594
0.312 -2.44419 -0.922942
0.314 -2.69736 -0.983245
0.316 -2.88548 -1.02069
0.318 -2.99764 -1.03326
0.32 -3.02596 -1.01984
0.322 -2.96596 -0.980266
0.324 -2.81684 -0.915378
0.326 -2.58155 -0.826957
0.328 -2.26666 -0.717681
0.33 -1.88212 -0.591017
0.332 -1.44081 -0.451075
0.334 -0.957973 -0.302444
0.336 -0.450546 -0.150002
0.338 0.0636034 0.00128696
0.34 0.566462 0.146573
0.342 1.04067 0.281321
0.344 1.47026 0.401487
0.346 1.84137 0.503679
0.348 2.1428 0.585284
0.35 2.36646 0.644554
0.352 2.50767 0.680663
0.354 2.56528 0.69371
0.356 2.54165 0.684693
0.358 2.44245 0.655432
0.36 2.27627 0.608467
0.362 2.05419 0.54692
0.364 1.78914 0.474336
0.366 1.49528 0.394508
0.368 1.18725 0.3113
0.37 0.879498 0.228466
0.372 0.585554 0.149487
0.374 0.317441 0.077416
0.376 0.085134 0.0147614
0.378 -0.103857 -0.0366096
0.38 -0.244761 -0.0755272
0.382 -0.33568 -0.101541
0.384 -0.37757 -0.114905
0.386 -0.374078 -0.116526
0.388 -0.331241 -0.107881
0.39 -0.257068 -0.0909094
0.392 -0.161027 -0.0678821
0.394 -0.0534641 -0.0412581
0.396 0.0550095 -0.0135354
0.398 0.154139 0.012896
0.4 0.234615 0.0358912
0.402 0.288602 0.0536709
0.404 0.31018 0.0649179
0.406 0.295673 0.0688473
0.408 0.243855 0.0652433
0.41 0.156013 0.0544652
0.412 0.0358697 0.0374191
0.414 -0.110631 0.0154993
0.416 -0.275657 -0.00949825
0.418 -0.449939 -0.0354853
0.42 -0.623288 -0.0602074
0.422 -0.785183 -0.0813802
0.424 -0.925365 -0.0968282
0.426 -1.03444 -0.104619
0.428 -1.1044 -0.103187
0.43 -1.12916 -0.0914357
0.432 -1.10486 -0.0688176
0.434 -1.03019 -0.0353879
0.436 -0.906491 0.0081768
0.438 -0.737751 0.0605895
0.44 -0.53046 0.119998
0.442 -0.293323 0.184057
0.444 -0.0368608 0.250032
0.446 0.227092 0.314918
0.448 0.485958 0.375582
0.45 0.727039 0.428904
0.452 0.93815 0.471933
0.454 1.10824 0.502021
0.456 1.22794 0.516961
0.458 1.29009 0.515093
0.46 1.29009 0.495392
0.462 1.22621 0.457526
0.464 1.09967 0.401879
0.466 0.914666 0.329549
0.468 0.678198 0.242303
0.47 0.399779 0.142512
0.472 0.0910097 0.0330467
0.474 -0.234938 -0.0828362
0.476 -0.563932 -0.201635
0.478 -0.881528 -0.319748
0.48 -1.17365 -0.433626
0.482 -1.42726 -0.539918
0.484 -1.63094 -0.635606
0.486 -1.77549 -0.718126
0.488 -1.85432 -0.785461
0.49 -1.86379 -0.836215
0.492 -1.80341 -0.86965
0.494 -1.67581 -0.885695
0.496 -1.48669 -0.884924
0.498 -1.24454 -0.868503
0.4 0.0148413 0.017443
0.8 0.0152258 0.0176303
1.2 0.0158627 0.01794
1.6 0.0167461 0.0183686
2 0.017868 0.0189112
2.4 0.0192182 0.0195615
2.8 0.0207845 0.0203122
3.2 0.0225529 0.0211549
3.6 0.0245079 0.0220804
4 0.0266325 0.0230785
4.4 0.0289087 0.0241386
4.8 0.0313175 0.0252495
5.2 0.0338393 0.0263999
5.6 0.0364539 0.0275783
6 0.0391411 0.0287731
6.4 0.0418808 0.0299732
6.8 0.0446533 0.0311677
7.2 0.0474393 0.0323462
7.6 0.0502203 0.0334988
8 0.0529787 0.0346165
8.4 0.0556982 0.0356911
8.8 0.0583636 0.0367151
9.2 0.060961 0.037682
9.6 0.0634782 0.0385864
10 0.0659041 0.0394236
10.4 0.0682295 0.0401901
10.8 0.0704467 0.0408832
11.2 0.0725493 0.0415011
11.6 0.0745326 0.0420429
12 0.0763931 0.0425084
12.4 0.0781287 0.0428982
12.8 0.0797387 0.0432135
13.2 0.0812232 0.0434561
13.6 0.0825834 0.043628
14 0.0838213 0.043732
14.4 0.0849396 0.0437708
14.8 0.0859414 0.0437475
15.2 0.0868305 0.0436653
15.6 0.0876106 0.0435275
16 0.0882858 0.0433374
16.4 0.08886 0.0430981
16.8 0.0893372 0.0428128
17.2 0.0897209 0.0424845
17.6 0.0900146 0.0421162
18 0.0902214 0.0417104
18.4 0.0903437 0.0412699
18.8 0.0903838 0.0407969
19.2 0.0903434 0.0402937
19.6 0.0902237 0.0397625
20 0.0900254 0.0392053
20.4 0.0897489 0.0386238
20.8 0.0893941 0.0380199
21.2 0.0889606 0.0373954
21.6 0.0884475 0.0367519
22 0.0878539 0.036091
22.4 0.0871786 0.0354143
22.8 0.0864203 0.0347234
23.2 0.0855778 0.0340198
23.6 0.0846497 0.0333051
24 0.0836349 0.0325808
24.4 0.0825326 0.0318482
24.8 0.081342 0.0311087
25.2 0.0800628 0.0303637
25.6 0.0786951 0.0296142
26 0.0772395 0.0288613
26.4 0.075697 0.0281059
26.8 0.0740691 0.0273486
27.2 0.072358 0.0265899
27.6 0.0705666 0.0258302
28 0.0686981 0.0250694
28.4 0.0667568 0.0243074
28.8 0.0647471 0.0235437
29.2 0.0626746 0.0227777
29.6 0.060545 0.0220084
30 0.0583651 0.0212348
30.4 0.056142 0.0204556
30.8 0.0538834 0.0196695
31.2 0.0515975 0.0188749
31.6 0.0492931 0.0180704
32 0.0469792 0.0172545
32.4 0.0446655 0.0164256
32.8 0.0423617 0.0155825
33.2 0.0400778 0.014724
33.6 0.037824 0.0138493
34 0.0356107 0.0129576
34.4 0.033448 0.0120488
34.8 0.0313462 0.0111228
35.2 0.0293151 0.0101803
35.6 0.0273645 0.00922231
36 0.0255037 0.00825016
36.4 0.0237415 0.00726584
36.8 0.0220861 0.00627175
37.2 0.0205449 0.0052708
37.6 0.0191249 0.00426629
38 0.0178317 0.00326197
38.4 0.0166704 0.00226193
38.8 0.0156446 0.0012706
39.2 0.0147572 0.000292627
39.6 0.0140097 -0.00066714
40 0.0134024 -0.00160376
40.4 0.0129343 -0.00251224
40.8 0.0126031 -0.00338768
41.2 0.0124052 -0.00422528
41.6 0.0123359 -0.00502047
42 0.0123891 -0.00576895
42.4 0.0125574 -0.00646679
42.8 0.0128325 -0.00711048
43.2 0.0132049 -0.00769697
43.6 0.0136643 -0.00822374
44 0.0141996 -0.00868883
44.4 0.0147989 -0.00909083
44.8 0.0154499 -0.00942893
45.2 0.0161402 -0.00970292
45.6 0.0168569 -0.00991313
46 0.0175874 -0.0100605
46.4 0.0183194 -0.0101463
46.8 0.0190408 -0.0101726
47.2 0.0197405 -0.0101416
47.6 0.0204078 -0.0100559
48 0.0210335 -0.00991851
48.4 0.0216093 -0.00973259
48.8 0.0221282 -0.00950146
49.2 0.0225847 -0.00922853
49.6 0.0229751 -0.00891722
50 0.0232971 -0.00857091
50.4 0.02355 -0.00819289
50.8 0.023735 -0.00778625
51.2 0.0238551 -0.00735394
51.6 0.0239146 -0.00689861
52 0.0239198 -0.00642269
52.4 0.0238781 -0.00592833
52.8 0.0237986 -0.00541737
53.2 0.0236911 -0.0048914
53.6 0.0235669 -0.00435174
54 0.0234378 -0.00379947
54.4 0.0233161 -0.00323547
54.8 0.0232146 -0.00266044
55.2 0.0231459 -0.00207498
55.6 0.0231227 -0.00147962
56 0.0231569 -0.000874872
56.4 0.0232598 -0.000261284
56.8 0.023442 0.0003605
57.2 0.0237124 0.00098969
57.6 0.0240791 0.00162531
58 0.0245481 0.00226613
58.4 0.025124 0.00291069
58.8 0.0258094 0.0035572
59.2 0.0266051 0.00420357
59.6 0.0275098 0.00484739
60 0.0285204 0.00548593
60.4 0.0296316 0.00611616
60.8 0.0308363 0.00673476
61.2 0.0321257 0.00733817
61.6 0.0334892 0.00792263
62 0.0349148 0.00848423
62.4 0.0363891 0.00901897
62.8 0.0378979 0.00952283
63.2 0.0394258 0.00999185
63.6 0.0409571 0.0104222
64 0.0424756 0.0108101
64.4 0.0439652 0.0111524
64.8 0.04541 0.011446
65.2 0.0467945 0.0116884
65.6 0.048104 0.0118774
66 0.0493248 0.0120115
66.4 0.0504443 0.0120899
66.8 0.0514514 0.0121121
67.2 0.0523363 0.0120788
67.6 0.0530911 0.0119909
68 0.0537095 0.0118503
68.4 0.054187 0.0116594
68.8 0.0545208 0.0114215
69.2 0.0547102 0.0111403
69.6 0.054756 0.0108204
70 0.0546606 0.0104667
70.4 0.0544283 0.0100847
70.8 0.0540644 0.00968026
71.2 0.0535758 0.00925963
71.6 0.0529704 0.00882926
72 0.0522568 0.00839577
72.4 0.0514446 0.00796581
72.8 0.0505438 0.00754603
73.2 0.0495646 0.00714288
73.6 0.0485174 0.00676263
74 0.0474126 0.00641119
74.4 0.0462603 0.00609405
74.8 0.0450702 0.00581622
75.2 0.0438515 0.00558216
75.6 0.0426128 0.00539568
76 0.041362 0.00525991
76.4 0.0401063 0.0051773
76.8 0.0388519 0.00514952
77.2 0.0376044 0.00517749
77.6 0.0363686 0.00526137
78 0.0351487 0.00540055
78.4 0.0339479 0.00559369
78.8 0.032769 0.00583875
79.2 0.0316143 0.006133
79.6 0.0304856 0.00647313
80 0.0293846 0.00685523
80.4 0.0283126 0.00727493
80.8 0.0272707 0.00772741
81.2 0.0262603 0.00820754
81.6 0.0252828 0.00870989
82 0.0243395 0.00922886
82.4 0.0234323 0.00975876
82.8 0.0225632 0.0102939
83.2 0.0217343 0.0108285
83.6 0.0209484 0.0113571
84 0.0202082 0.0118743
84.4 0.019517 0.0123751
84.8 0.0188779 0.0128548
85.2 0.0182944 0.0133088
85.6 0.01777 0.0137333
86 0.0173081 0.0141247
86.4 0.0169119 0.0144801
86.8 0.0165843 0.0147967
87.2 0.016328 0.0150727
87.6 0.016145 0.0153064
88 0.0160368 0.0154968
88.4 0.016004 0.0156433
88.8 0.0160466 0.0157459
89.2 0.0161637 0.0158049
89.6 0.0163534 0.0158211
90 0.0166128 0.0157954
90.4 0.0169383 0.0157295
90.8 0.0173249 0.015625
91.2 0.017767 0.015484
91.6 0.0182582 0.0153085
92 0.0187909 0.015101
92.4 0.0193572 0.0148638
92.8 0.0199484 0.0145995
93.2 0.0205556 0.0143107
93.6 0.0211693 0.0139999
94 0.02178 0.0136695
94.4 0.0223782 0.013322
94.8 0.0229547 0.0129598
95.2 0.0235005 0.012585
95.6 0.0240071 0.0121998
96 0.0244668 0.011806
96.4 0.0248725 0.0114055
96.8 0.025218 0.0109999
97.2 0.0254983 0.0105906
97.6 0.0257092 0.0101789
98 0.0258478 0.00976612
98.4 0.0259123 0.00935316
98.8 0.0259021 0.00894095
99.2 0.0258175 0.00853032
99.6 0.0256603 0.00812196
100 0.0254329 0.0077165
100.4 0.025139 0.00731452
100.8 0.0247829 0.00691653
101.2 0.0243696 0.00652305
101.6 0.0239049 0.00613454
102 0.0233948 0.0057515
102.4 0.0228458 0.00537441
102.8 0.0222645 0.00500378
103.2 0.0216572 0.00464016
103.6 0.0210306 0.0042841
104 0.0203908 0.00393621
104.4 0.0197435 0.00359711
104.8 0.019094 0.00326746
105.2 0.0184471 0.00294794
105.6 0.0178069 0.00263923
106 0.0171768 0.00234204
106.4 0.0165593 0.00205707
106.8 0.0159567 0.00178497
107.2 0.0153699 0.00152642
107.6 0.0147997 0.001282
108 0.014246 0.00105227
108.4 0.0137082 0.000837696
108.8 0.013185 0.000638689
109.2 0.0126751 0.00045555
109.6 0.0121765 0.000288482
110 0.0116871 0.000137577
110.4 0.0112049 2.81408e-06
110.8 0.0107275 -0.000115953
111.2 0.010253 -0.00021899
111.6 0.00977935 -0.000306688
112 0.00930486 -0.000379556
112.4 0.00882818 -0.000438218
112.8 0.00834833 -0.000483407
113.2 0.00786472 -0.000515954
113.6 0.00737724 -0.000536779
114 0.00688623 -0.000546874
114.4 0.00639247 -0.000547295
114.8 0.0058972 -0.000539143
115.2 0.00540206 -0.000523547
115.6 0.00490907 -0.00050165
116 0.00442053 -0.000474593
116.4 0.00393903 -0.000443496
116.8 0.00346731 -0.000409443
117.2 0.00300821 -0.000373472
117.6 0.00256461 -0.000336554
118 0.00213933 -0.000299585
118.4 0.00173506 -0.000263376
118.8 0.00135431 -0.000228645
119.2 0.00099928 -0.000196006
119.6 0.00067189 -0.000165971
120 0.000373666 -0.000138944
120.4 0.00010573 -0.000115219
120.8 -0.000131234 -9.49888e-05
121.2 -0.000336992 -7.83411e-05
121.6 -0.000511764 -6.52698e-05
122 -0.000656216 -5.568e-05
122.4 -0.000771439 -4.93976e-05
122.8 -0.000858921 -4.61791e-05
123.2 -0.000920502 -4.57224e-05
123.6 -0.000958334 -4.76789e-05
124 -0.000974821 -5.16649e-05
124.4 -0.000972564 -5.72739e-05
124.8 -0.000954298 -6.40884e-05
125.2 -0.00092283 -7.16913e-05
125.6 -0.000880974 -7.96761e-05
126 -0.000831494 -8.76574e-05
126.4 -0.000777044 -9.52786e-05
126.8 -0.000720119 -0.00010222
127.2 -0.000663008 -0.000108205
127.6 -0.000607756 -0.000113002
128 -0.000556133 -0.000116432
128.4 -0.000509611 -0.000118367
128.8 -0.000469354 -0.00011873
129.2 -0.000436211 -0.000117495
129.6 -0.000410717 -0.000114683
130 -0.00039311 -0.000110362
130.4 -0.000383344 -0.000104637
130.8 -0.000381119 -9.76475e-05
131.2 -0.000385907 -8.95627e-05
131.6 -0.000396988 -8.05724e-05
132 -0.000413487 -7.0882e-05
132.4 -0.000434412 -6.07049e-05
132.8 -0.000458697 -5.02566e-05
133.2 -0.000485238 -3.97484e-05
133.6 -0.000512929 -2.93813e-05
134 -0.000540702 -1.93416e-05
134.4 -0.00056755 -9.796e-06
134.8 -0.000592564 -8.88342e-07
135.2 -0.000614945 7.26301e-06
135.6 -0.000634029 1.4567e-05
136 -0.000649291 2.09605e-05
136.4 -0.00066036 2.64087e-05
136.8 -0.000667012 3.09038e-05
137.2 -0.000669169 3.44634e-05
137.6 -0.000666894 3.71285e-05
138 -0.000660373 3.89604e-05
138.4 -0.000649903 4.00377e-05
138.8 -0.000635873 4.04522e-05
139.2 -0.000618743 4.03055e-05
139.6 -0.000599025 3.97052e-05
140 -0.000577261 3.87605e-05
140.4 -0.000553999 3.75795e-05
140.8 -0.00052978 3.62652e-05
141.2 -0.000505112 3.49127e-05
141.6 -0.000480461 3.36067e-05
142 -0.000456235 3.24198e-05
142.4 -0.000432773 3.14104e-05
142.8 -0.000410339 3.06225e-05
143.2 -0.000389119 3.00847e-05
143.6 -0.000369218 2.9811e-05
144 -0.000350664 2.9801e-05
144.4 -0.000333413 3.00414e-05
144.8 -0.000317356 3.05073e-05
145.2 -0.000302327 3.11642e-05
145.6 -0.000288116 3.19701e-05
146 -0.000274482 3.28777e-05
146.4 -0.000261163 3.38367e-05
146.8 -0.000247889 3.47962e-05
147.2 -0.000234397 3.57067e-05
147.6 -0.000220441 3.65223e-05
148 -0.000205803 3.72027e-05
148.4 -0.000190303 3.77141e-05
148.8 -0.000173803 3.8031e-05
149.2 -0.000156218 3.81367e-05
149.6 -0.000137514 3.80236e-05
150 -0.000117713 3.76939e-05
150.4 -9.68884e-05 3.71583e-05
150.8 -7.51673e-05 3.64364e-05
151.2 -5.27222e-05 3.55551e-05
151.6 -2.97661e-05 3.45476e-05
152 -6.54562e-06 3.34518e-05
152.4 1.66678e-05 3.23093e-05
152.8 3.95865e-05 3.11632e-05
153.2 6.19159e-05 3.00564e-05
153.6 8.33637e-05 2.90306e-05
154 0.000103649 2.8124e-05
154.4 0.000122509 2.73705e-05
154.8 0.00013971 2.67981e-05
155.2 0.000155049 2.64282e-05
155.6 0.000168362 2.62747e-05
156 0.000179527 2.63439e-05
156.4 0.000188466 2.66338e-05
156.8 0.000195144 2.71348e-05
157.2 0.000199573 2.78298e-05
157.6 0.000201804 2.86951e-05
158 0.000201928 2.9701e-05
158.4 0.000200073 3.08132e-05
158.8 0.000196392 3.19937e-05
159.2 0.000191066 3.32023e-05
159.6 0.000184291 3.43982e-05
160 0.000176277 3.55409e-05
160.4 0.000167238 3.65918e-05
160.8 0.000157387 3.75153e-05
161.2 0.000146931 3.82801e-05
161.6 0.000136066 3.886e-05
162 0.000124972 3.92346e-05
162.4 0.00011381 3.93897e-05
162.8 0.00010272 3.93182e-05
163.2 9.18186e-05 3.90192e-05
163.6 8.11983e-05 3.84986e-05
164 7.09283e-05 3.77685e-05
164.4 6.10552e-05 3.68464e-05
164.8 5.16049e-05 3.57548e-05
165.2 4.25848e-05 3.452e-05
165.6 3.39865e-05 3.31714e-05
166 2.57894e-05 3.17399e-05
166.4 1.79638e-05 3.02577e-05
166.8 1.04744e-05 2.87563e-05
167.2 3.28334e-06 2.7266e-05
167.6 -3.64626e-06 2.58149e-05
168 -1.03479e-05 2.44277e-05
168.4 -1.68493e-05 2.31257e-05
168.8 -2.31705e-05 2.19255e-05
169.2 -2.93225e-05 2.08391e-05
169.6 -3.53069e-05 1.98737e-05
170 -4.11154e-05 1.90314e-05
170.4 -4.67303e-05 1.83099e-05
170.8 -5.21254e-05 1.77023e-05
171.2 -5.72675e-05 1.71979e-05
171.6 -6.21177e-05 1.67829e-05
172 -6.66336e-05 1.64407e-05
172.4 -7.07715e-05 1.61532e-05
172.8 -7.44883e-05 1.59013e-05
173.2 -7.77438e-05 1.56657e-05
173.6 -8.05028e-05 1.5428e-05
174 -8.27367e-05 1.51711e-05
174.4 -8.44253e-05 1.48802e-05
174.8 -8.55576e-05 1.45429e-05
175.2 -8.61331e-05 1.41501e-05
175.6 -8.61616e-05 1.36963e-05
176 -8.56637e-05 1.31793e-05
176.4 -8.467e-05 1.26006e-05
176.8 -8.32205e-05 1.19652e-05
177.2 -8.13633e-05 1.12813e-05
177.6 -7.91529e-05 1.05599e-05
178 -7.66491e-05 9.81438e-06
178.4 -7.39146e-05 9.05969e-06
178.8 -7.10131e-05 8.31199e-06
179.2 -6.80077e-05 7.58778e-06
179.6 -6.49588e-05 6.90332e-06
180 -6.19221e-05 6.27387e-06
180.4 -5.89477e-05 5.71311e-06
180.8 -5.60783e-05 5.23254e-06
181.2 -5.33483e-05 4.84103e-06
181.6 -5.07834e-05 4.54442e-06
182 -4.84001e-05 4.34526e-06
182.4 -4.62058e-05 4.24267e-06
182.8 -4.41993e-05 4.23232e-06
183.2 -4.2371e-05 4.30656e-06
183.6 -4.07047e-05 4.45463e-06
184 -3.9178e-05 4.66304e-06
184.4 -3.77642e-05 4.916e-06
184.8 -3.64336e-05 5.19595e-06
185.2 -3.5155e-05 5.48413e-06
185.6 -3.38973e-05 5.76125e-06
186 -3.2631e-05 6.00808e-06
186.4 -3.13296e-05 6.20615e-06
186.8 -2.99706e-05 6.33833e-06
187.2 -2.85366e-05 6.38937e-06
187.6 -2.70161e-05 6.34646e-06
188 -2.54038e-05 6.19958e-06
188.4 -2.37007e-05 5.94184e-06
188.8 -2.19144e-05 5.56968e-06
189.2 -2.00583e-05 5.08297e-06
189.6 -1.81511e-05 4.485e-06
190 -1.62161e-05 3.78232e-06
190.4 -1.42799e-05 2.98454e-06
190.8 -1.23719e-05 2.10398e-06
191.2 -1.05222e-05 1.15527e-06
191.6 -8.76103e-06 1.54871e-07
192 -7.11721e-06 -8.79443e-07
192.4 -5.61708e-06 -1.92915e-06
192.8 -4.28336e-06 -2.97553e-06
193.2 -3.13434e-06 -4.00023e-06
193.6 -2.18307e-06 -4.98577e-06
194 -1.43691e-06 -5.91607e-06
194.4 -8.97198e-07 -6.7768e-06
194.8 -5.59199e-07 -7.5558e-06
195.2 -4.12296e-07 -8.24329e-06
195.6 -4.40362e-07 -8.8321e-06
196 -6.22357e-07 -9.31771e-06
196.4 -9.3309e-07 -9.69828e-06
196.8 -1.34412e-06 -9.97454e-06
197.2 -1.82478e-06 -1.01496e-05
197.6 -2.34322e-06 -1.02288e-05
198 -2.86753e-06 -1.02193e-05
198.4 -3.36678e-06 -1.01297e-05
198.8 -3.81206e-06 -9.9698e-06
199.2 -4.17739e-06 -9.75008e-06
199.6 -4.44049e-06 -9.48134e-06
200 -4.58342e-06 -9.17432e-06
200.4 -4.59304e-06 -8.8393e-06
200.8 -4.46127e-06 -8.48583e-06
201.2 -4.18518e-06 -8.12239e-06
201.6 -3.76684e-06 -7.75624e-06
202 -3.21307e-06 -7.39324e-06
202.4 -2.53496e-06 -7.03774e-06
202.8 -1.74727e-06 -6.69263e-06
203.2 -8.67728e-07 -6.35932e-06
203.6 8.37734e-08 -6.0379e-06
204 1.08602e-06 -5.72726e-06
204.4 2.11733e-06 -5.42534e-06
204.8 3.15639e-06 -5.12933e-06
205.2 4.18308e-06 -4.83595e-06
205.6 5.17912e-06 -4.54173e-06
206 6.12872e-06 -4.24325e-06
206.4 7.01903e-06 -3.93746e-06
206.8 7.84051e-06 -3.62184e-06
207.2 8.58705e-06 -3.29464e-06
207.6 9.25608e-06 -2.95503e-06
208 9.84837e-06 -2.60322e-06
208.4 1.03678e-05 -2.24048e-06
208.8 1.08211e-05 -1.8692e-06
209.2 1.12171e-05 -1.49277e-06
209.6 1.15663e-05 -1.11557e-06
210 1.18803e-05 -7.42707e-07
210.4 1.21713e-05 -3.79943e-07
210.8 1.24508e-05 -3.34013e-08
211.2 1.27297e-05 2.90641e-07
211.6 1.30175e-05 5.86014e-07
212 1.33214e-05 8.46902e-07
212.4 1.36467e-05 1.0681e-06
212.8 1.39956e-05 1.24521e-06
213.2 1.43679e-05 1.37488e-06
213.6 1.47602e-05 1.45492e-06
214 1.51668e-05 1.48445e-06
214.4 1.5579e-05 1.46396e-06
214.8 1.59864e-05 1.39532e-06
215.2 1.63764e-05 1.28176e-06
215.6 1.67355e-05 1.12778e-06
216 1.70495e-05 9.39004e-07
216.4 1.7304e-05 7.22045e-07
216.8 1.74852e-05 4.84259e-07
217.2 1.75806e-05 2.33528e-07
217.6 1.75794e-05 -2.20085e-08
218 1.74728e-05 -2.7421e-07
218.4 1.72549e-05 -5.15206e-07
218.8 1.69227e-05 -7.37654e-07
219.2 1.64764e-05 -9.3497e-07
219.6 1.59194e-05 -1.10154e-06
220 1.52585e-05 -1.2329e-06
220.4 1.45034e-05 -1.32585e-06
220.8 1.36668e-05 -1.37856e-06
221.2 1.27638e-05 -1.39059e-06
221.6 1.18115e-05 -1.36288e-06
222 1.08284e-05 -1.2977e-06
222.4 9.83418e-06 -1.19854e-06
222.8 8.84842e-06 -1.06992e-06
223.2 7.89057e-06 -9.17291e-07
223.6 6.97909e-06 -7.46728e-07
224 6.13089e-06 -5.64758e-07
224.4 5.36086e-06 -3.78097e-07
224.8 4.6814e-06 -1.93398e-07
225.2 4.10209e-06 -1.70216e-08
225.6 3.62941e-06 1.45196e-07
226 3.26666e-06 2.88141e-07
226.4 3.01386e-06 4.07589e-07
226.8 2.86791e-06 5.00344e-07
227.2 2.82272e-06 5.64326e-07
227.6 2.86954e-06 5.98626e-07
228 2.99729e-06 6.03503e-07
228.4 3.19306e-06 5.80353e-07
228.8 3.44257e-06 5.31623e-07
229.2 3.73068e-06 4.60693e-07
229.6 4.04198e-06 3.71725e-07
230 4.3613e-06 2.69485e-07
230.4 4.67422e-06 1.59143e-07
230.8 4.96754e-06 4.60693e-08
231.2 5.22969e-06 -6.43841e-08
231.6 5.45105e-06 -1.67087e-07
232 5.6242e-06 -2.57329e-07
232.4 5.7441e-06 -3.30994e-07
232.8 5.80815e-06 -3.84707e-07
233.2 5.81614e-06 -4.15957e-07
233.6 5.77016e-06 -4.23179e-07
234 5.67438e-06 -4.05796e-07
234.4 5.53479e-06 -3.64227e-07
234.8 5.35889e-06 -2.99857e-07
235.2 5.15528e-06 -2.14965e-07
235.6 4.93327e-06 -1.12622e-07
236 4.70245e-06 3.43923e-09
236.4 4.47232e-06 1.28978e-07
236.8 4.25184e-06 2.59419e-07
237.2 4.04911e-06 3.90036e-07
237.6 3.87106e-06 5.1613e-07
238 3.72315e-06 6.3322e-07
238.4 3.60927e-06 7.37205e-07
238.8 3.53156e-06 8.2452e-07
239.2 3.49039e-06 8.92266e-07
239.6 3.48443e-06 9.38311e-07
240 3.51072e-06 9.61362e-07
240.4 3.56486e-06 9.61002e-07
240.8 3.64126e-06 9.37694e-07
241.2 3.73338e-06 8.92749e-07
241.6 3.83408e-06 8.28266e-07
242 3.93592e-06 7.47038e-07
242.4 4.0315e-06 6.52436e-07
242.8 4.1138e-06 5.48268e-07
243.2 4.17648e-06 4.38633e-07
243.6 4.21416e-06 3.27751e-07
244 4.22262e-06 2.19809e-07
244.4 4.19902e-06 1.18794e-07
244.8 4.14199e-06 2.83457e-08
245.2 4.05168e-06 -4.83746e-08
245.6 3.92978e-06 -1.088e-07
246 3.77943e-06 -1.51046e-07
246.4 3.60508e-06 -1.7397e-07
246.8 3.41232e-06 -1.77202e-07
247.2 3.20765e-06 -1.61147e-07
247.6 2.99823e-06 -1.26953e-07
248 2.79155e-06 -7.64542e-08
248.4 2.59518e-06 -1.20882e-08
248.8 2.41643e-06 6.32116e-08
249.2 2.26211e-06 1.46139e-07
249.6 2.13818e-06 2.33149e-07
250 2.04962e-06 3.20605e-07
250.4 2.00016e-06 4.0492e-07
250.8 1.99218e-06 4.82699e-07
251.2 2.0266e-06 5.50868e-07
251.6 2.10287e-06 6.06792e-07
252 2.21896e-06 6.48372e-07
252.4 2.3715e-06 6.7412e-07
252.8 2.55584e-06 6.83205e-07
253.2 2.7663e-06 6.75484e-07
253.6 2.99633e-06 6.5149e-07
254 3.23878e-06 6.12405e-07
254.4 3.48619e-06 5.60004e-07
254.8 3.73101e-06 4.96577e-07
255.2 3.96593e-06 4.24828e-07
255.6 4.18408e-06 3.47766e-07
256 4.37933e-06 2.68577e-07
256.4 4.54647e-06 1.90501e-07
256.8 4.68135e-06 1.16698e-07
257.2 4.78108e-06 5.01229e-08
257.6 4.84401e-06 -6.58748e-09
258 4.86985e-06 -5.12172e-08
258.4 4.85959e-06 -8.20548e-08
258.8 4.81543e-06 -9.79566e-08
259.2 4.74068e-06 -9.83863e-08
259.6 4.63961e-06 -8.34312e-08
260 4.51725e-06 -5.37929e-08
260.4 4.37915e-06 -1.07543e-08
260.8 4.23119e-06 4.38756e-08
261.2 4.07934e-06 1.07837e-07
261.6 3.92941e-06 1.78514e-07
262 3.78682e-06 2.53035e-07
262.4 3.65643e-06 3.28392e-07
262.8 3.54234e-06 4.01559e-07
263.2 3.44777e-06 4.69607e-07
263.6 3.37494e-06 5.2982e-07
264 3.32503e-06 5.79797e-07
264.4 3.29814e-06 6.17544e-07
264.8 3.29335e-06 6.41549e-07
265.2 3.30877e-06 6.50834e-07
265.6 3.34165e-06 6.44987e-07
266 3.38852e-06 6.24179e-07
266.4 3.44535e-06 5.89146e-07
266.8 3.50774e-06 5.41156e-07
267.2 3.57114e-06 4.8196e-07
267.6 3.631e-06 4.13714e-07
268 3.68301e-06 3.38895e-07
268.4 3.72326e-06 2.60202e-07
268.8 3.74841e-06 1.8045e-07
269.2 3.75582e-06 1.0246e-07
269.6 3.74367e-06 2.89518e-08
270 3.71102e-06 -3.75604e-08
270.4 3.65784e-06 -9.4862e-08
270.8 3.58502e-06 -1.41119e-07
271.2 3.4943e-06 -1.74945e-07
271.6 3.38823e-06 -1.95448e-07
272 3.27004e-06 -2.02257e-07
272.4 3.14349e-06 -1.95535e-07
272.8 3.01276e-06 -1.75957e-07
273.2 2.88222e-06 -1.44687e-07
273.6 2.75628e-06 -1.03319e-07
274 2.63925e-06 -5.38121e-08
274.4 2.53507e-06 1.5898e-09
274.8 2.44724e-06 6.04496e-08
275.2 2.37867e-06 1.20235e-07
275.6 2.33151e-06 1.78416e-07
276 2.30714e-06 2.32568e-07
276.4 2.30605e-06 2.80459e-07
276.8 2.32788e-06 3.2014e-07
277.2 2.3714e-06 3.50012e-07
277.6 2.43459e-06 3.68891e-07
278 2.51469e-06 3.76039e-07
278.4 2.60834e-06 3.71197e-07
278.8 2.71168e-06 3.54583e-07
279.2 2.82053e-06 3.26878e-07
279.6 2.93054e-06 2.89196e-07
280 3.03736e-06 2.43031e-07
280.4 3.13678e-06 1.90197e-07
280.8 3.22493e-06 1.32748e-07
281.2 3.29837e-06 7.29005e-08
281.6 3.35428e-06 1.2937e-08
282 3.3905e-06 -4.48797e-08
282.4 3.40563e-06 -9.8398e-08
282.8 3.39905e-06 -1.45661e-07
283.2 3.37096e-06 -1.8498e-07
283.6 3.32236e-06 -2.15003e-07
284 3.25496e-06 -2.34757e-07
284.4 3.17115e-06 -2.4369e-07
284.8 3.07385e-06 -2.41682e-07
285.2 2.96643e-06 -2.2905e-07
285.6 2.85256e-06 -2.06529e-07
286 2.73605e-06 -1.75237e-07
286.4 2.62071e-06 -1.36631e-07
286.8 2.51022e-06 -9.24394e-08
287.2 2.40796e-06 -4.45986e-08
287.6 2.3169e-06 4.831e-09
288 2.2395e-06 5.37462e-08
288.4 2.17761e-06 1.00084e-07
288.8 2.13243e-06 1.41905e-07
289.2 2.10445e-06 1.77466e-07
289.6 2.09348e-06 2.05289e-07
290 2.09863e-06 2.24218e-07
290.4 2.1184e-06 2.33462e-07
290.8 2.15073e-06 2.3262e-07
291.2 2.1931e-06 2.21699e-07
291.6 2.24264e-06 2.01106e-07
292 2.29626e-06 1.7163e-07
292.4 2.35076e-06 1.3441e-07
292.8 2.403e-06 9.0885e-08
293.2 2.44996e-06 4.27354e-08
293.6 2.48895e-06 -8.18341e-09
294 2.51763e-06 -5.99164e-08
294.4 2.53416e-06 -1.10486e-07
294.8 2.53725e-06 -1.5797e-07
295.2 2.52618e-06 -2.00576e-07
295.6 2.50086e-06 -2.36712e-07
296 2.46181e-06 -2.65043e-07
296.4 2.41011e-06 -2.84547e-07
296.8 2.34741e-06 -2.94548e-07
297.2 2.27577e-06 -2.94742e-07
297.6 2.19766e-06 -2.85205e-07
298 2.11579e-06 -2.66385e-07
298.4 2.03302e-06 -2.39087e-07
298.8 1.95227e-06 -2.04433e-07
299.2 1.87634e-06 -1.63819e-07
299.6 1.80787e-06 -1.18855e-07
300 1.74918e-06 -7.1306e-08
300.4 1.7022e-06 -2.3017e-08
300.8 1.6684e-06 2.41569e-08
301.2 1.64872e-06 6.84232e-08
301.6 1.64356e-06 1.08121e-07
302 1.65273e-06 1.41786e-07
302.4 1.67553e-06 1.682e-07
302.8 1.71069e-06 1.86444e-07
303.2 1.7565e-06 1.95925e-07
303.6 1.81086e-06 1.96395e-07
304 1.87135e-06 1.87963e-07
304.4 1.93534e-06 1.71082e-07
304.8 2.0001e-06 1.4653e-07
305.2 2.0629e-06 1.15373e-07
305.6 2.12113e-06 7.89267e-08
306 2.17239e-06 3.8696e-08
306.4 2.21457e-06 -3.68252e-09
306.8 2.24597e-06 -4.65066e-08
307.2 2.26533e-06 -8.80761e-08
307.6 2.27187e-06 -1.26759e-07
308 2.26536e-06 -1.61056e-07
308.4 2.24605e-06 -1.89655e-07
308.8 2.21474e-06 -2.11485e-07
309.2 2.17268e-06 -2.25752e-07
309.6 2.12153e-06 -2.3197e-07
310 2.06332e-06 -2.29974e-07
310.4 2.00032e-06 -2.19928e-07
310.8 1.93498e-06 -2.02309e-07
311.2 1.86984e-06 -1.77893e-07
311.6 1.80738e-06 -1.47713e-07
312 1.74999e-06 -1.13023e-07
312.4 1.6998e-06 -7.52416e-08
312.8 1.65867e-06 -3.58988e-08
313.2 1.62809e-06 3.42896e-09
313.6 1.60911e-06 4.11795e-08
314 1.60232e-06 7.58665e-08
314.4 1.60784e-06 1.06138e-07
314.8 1.6253e-06 1.30826e-07
315.2 1.65385e-06 1.48995e-07
315.6 1.69225e-06 1.59974e-07
316 1.73886e-06 1.6338e-07
316.4 1.79174e-06 1.59132e-07
316.8 1.84873e-06 1.47451e-07
317.2 1.90752e-06 1.28849e-07
317.6 1.96577e-06 1.04106e-07
318 2.02115e-06 7.42376e-08
318.4 2.0715e-06 4.04507e-08
318.8 2.11483e-06 4.09743e-09
319.2 2.14948e-06 -3.33812e-08
319.6 2.17412e-06 -7.05123e-08
320 2.18782e-06 -1.05849e-07
320.4 2.19008e-06 -1.38028e-07
320.8 2.18084e-06 -1.65822e-07
321.2 2.16047e-06 -1.88186e-07
321.6 2.12978e-06 -2.04298e-07
322 2.08994e-06 -2.13589e-07
322.4 2.04247e-06 -2.15765e-07
322.8 1.98913e-06 -2.10811e-07
323.2 1.93191e-06 -1.98997e-07
323.6 1.87288e-06 -1.80856e-07
324 1.81417e-06 -1.5717e-07
324.4 1.75783e-06 -1.28929e-07
324.8 1.7058e-06 -9.72955e-08
325.2 1.65979e-06 -6.35559e-08
325.6 1.62128e-06 -2.90676e-08
326 1.59138e-06 4.79368e-09
326.4 1.57087e-06 3.66888e-08
326.8 1.56011e-06 6.53674e-08
327.2 1.5591e-06 8.97166e-08
327.6 1.56742e-06 1.08804e-07
328 1.58429e-06 1.21911e-07
328.4 1.6086e-06 1.28563e-07
328.8 1.63895e-06 1.28543e-07
329.2 1.67371e-06 1.21899e-07
329.6 1.71113e-06 1.08939e-07
330 1.74932e-06 9.02214e-08
330.4 1.78644e-06 6.65233e-08
330.8 1.82067e-06 3.88148e-08
331.2 1.85036e-06 8.21612e-09
331.6 1.87405e-06 -2.40467e-08
332 1.89054e-06 -5.66913e-08
332.4 1.89895e-06 -8.84297e-08
332.8 1.89871e-06 -1.18019e-07
333.2 1.88963e-06 -1.44309e-07
333.6 1.87186e-06 -1.6629e-07
334 1.84593e-06 -1.83127e-07
334.4 1.81266e-06 -1.94193e-07
334.8 1.77319e-06 -1.99094e-07
335.2 1.72888e-06 -1.9768e-07
335.6 1.68128e-06 -1.9005e-07
336 1.63208e-06 -1.76546e-07
336.4 1.583e-06 -1.57737e-07
336.8 1.53575e-06 -1.34398e-07
337.2 1.49195e-06 -1.07473e-07
337.6 1.4531e-06 -7.80412e-08
338 1.42047e-06 -4.727e-08
338.4 1.39508e-06 -1.63709e-08
338.8 1.37767e-06 1.34495e-08
339.2 1.36864e-06 4.10365e-08
339.6 1.36808e-06 6.53325e-08
340 1.37576e-06 8.54174e-08
340.4 1.39109e-06 1.00544e-07
340.8 1.41322e-06 1.10166e-07
341.2 1.44105e-06 1.13957e-07
341.6 1.47325e-06 1.11822e-07
342 1.50834e-06 1.039e-07
342.4 1.54476e-06 9.05555e-08
342.8 1.5809e-06 7.23634e-08
343.2 1.61518e-06 5.00835e-08
343.6 1.64614e-06 2.46299e-08
344 1.67245e-06 -2.96626e-09
344.4 1.69298e-06 -3.15983e-08
344.8 1.70685e-06 -6.01284e-08
345.2 1.71346e-06 -8.7432e-08
345.6 1.7125e-06 -1.12443e-07
346 1.70397e-06 -1.34193e-07
346.4 1.68816e-06 -1.51851e-07
346.8 1.66567e-06 -1.64755e-07
347.2 1.63735e-06 -1.72434e-07
347.6 1.60427e-06 -1.74626e-07
348 1.56769e-06 -1.71289e-07
348.4 1.52898e-06 -1.62599e-07
348.8 1.4896e-06 -1.48939e-07
349.2 1.45101e-06 -1.30886e-07
349.6 1.41464e-06 -1.09185e-07
350 1.38181e-06 -8.47184e-08
350.4 1.35369e-06 -5.84702e-08
350.8 1.33124e-06 -3.14858e-08
351.2 1.3152e-06 -4.83116e-09
351.6 1.30604e-06 2.04499e-08
352 1.30397e-06 4.33763e-08
352.4 1.30891e-06 6.30684e-08
352.8 1.32048e-06 7.87811e-08
353.2 1.33807e-06 8.9933e-08
353.6 1.36084e-06 9.61273e-08
354 1.38772e-06 9.71663e-08
354.4 1.41752e-06 9.30575e-08
354.8 1.44893e-06 8.40119e-08
355.2 1.4806e-06 7.04337e-08
355.6 1.51118e-06 5.2903e-08
356 1.53936e-06 3.21514e-08
356.4 1.56396e-06 9.03213e-09
356.8 1.58394e-06 -1.55147e-08
357.2 1.59846e-06 -4.05001e-08
357.6 1.6069e-06 -6.49253e-08
358 1.60888e-06 -8.78214e-08
358.4 1.6043e-06 -1.08288e-07
358.8 1.5933e-06 -1.25526e-07
359.2 1.57628e-06 -1.38873e-07
359.6 1.55389e-06 -1.47823e-07
360 1.52695e-06 -1.52048e-07
360.4 1.49649e-06 -1.51411e-07
360.8 1.46364e-06 -1.45967e-07
361.2 1.42964e-06 -1.35962e-07
361.6 1.39574e-06 -1.21818e-07
362 1.36319e-06 -1.0412e-07
362.4 1.33317e-06 -8.35892e-08
362.8 1.30674e-06 -6.10533e-08
363.2 1.28482e-06 -3.74132e-08
363.6 1.26814e-06 -1.36073e-08
364 1.2572e-06 9.426e-09
364.4 1.25229e-06 3.07854e-08
364.8 1.25345e-06 4.9642e-08
365.2 1.26047e-06 6.52717e-08
365.6 1.27292e-06 7.70827e-08
366 1.29015e-06 8.46382e-08
366.4 1.31134e-06 8.76724e-08
366.8 1.3355e-06 8.60999e-08
367.2 1.36156e-06 8.00179e-08
367.6 1.38835e-06 6.97006e-08
368 1.4147e-06 5.55876e-08
368.4 1.43948e-06 3.82654e-08
368.8 1.46161e-06 1.84427e-08
369.2 1.48013e-06 -3.07776e-09
369.6 1.49425e-06 -2.5432e-08
370 1.50332e-06 -4.77293e-08
370.4 1.50695e-06 -6.90873e-08
370.8 1.50493e-06 -8.8667e-08
371.2 1.49728e-06 -1.05705e-07
371.6 1.48425e-06 -1.19545e-07
372 1.46631e-06 -1.2966e-07
372.4 1.4441e-06 -1.35674e-07
372.8 1.41844e-06 -1.37377e-07
373.2 1.39027e-06 -1.34729e-07
373.6 1.36062e-06 -1.27862e-07
374 1.33058e-06 -1.17076e-07
374.4 1.30124e-06 -1.02821e-07
374.8 1.27365e-06 -8.56821e-08
375.2 1.24879e-06 -6.63552e-08
375.6 1.22752e-06 -4.56166e-08
376 1.21054e-06 -2.42936e-08
376.4 1.19841e-06 -3.23129e-09
376.8 1.19145e-06 1.67415e-08
377.2 1.1898e-06 3.48442e-08
377.6 1.1934e-06 5.03753e-08
378 1.20195e-06 6.27393e-08
378.4 1.21498e-06 7.14696e-08
378.8 1.23186e-06 7.62461e-08
379.2 1.2518e-06 7.69064e-08
379.6 1.27389e-06 7.34518e-08
380 1.29715e-06 6.60455e-08
380.4 1.32059e-06 5.50057e-08
380.8 1.34318e-06 4.07914e-08
381.2 1.36396e-06 2.39837e-08
381.6 1.38205e-06 5.26198e-09
382 1.39668e-06 -1.46235e-08
382.4 1.40723e-06 -3.48819e-08
382.8 1.41324e-06 -5.47127e-08
383.2 1.41443e-06 -7.33379e-08
383.6 1.41074e-06 -9.00323e-08
384 1.40227e-06 -1.04152e-07
384.4 1.38933e-06 -1.15157e-07
384.8 1.3724e-06 -1.22638e-07
385.2 1.3521e-06 -1.26322e-07
385.6 1.3292e-06 -1.26092e-07
386 1.30455e-06 -1.21983e-07
386.4 1.27906e-06 -1.14183e-07
386.8 1.25368e-06 -1.03026e-07
387.2 1.22933e-06 -8.89731e-08
387.6 1.20689e-06 -7.25982e-08
388 1.18715e-06 -5.45616e-08
388.4 1.17079e-06 -3.55845e-08
388.8 1.15835e-06 -1.64199e-08
389.2 1.15021e-06 2.17736e-09
389.6 1.14657e-06 1.94802e-08
390 1.14746e-06 3.48181e-08
390.4 1.15272e-06 4.76029e-08
390.8 1.16203e-06 5.73517e-08
391.2 1.1749e-06 6.37049e-08
391.6 1.19072e-06 6.64399e-08
392 1.20875e-06 6.54784e-08
392.4 1.22818e-06 6.0889e-08
392.8 1.24816e-06 5.28833e-08
393.2 1.26781e-06 4.18064e-08
393.6 1.28628e-06 2.81225e-08
394 1.30278e-06 1.23958e-08
394.4 1.31658e-06 -4.73265e-09
394.8 1.32711e-06 -2.25708e-08
395.2 1.33388e-06 -4.04032e-08
395.6 1.3366e-06 -5.75194e-08
396 1.33512e-06 -7.32422e-08
396.4 1.32946e-06 -8.6954e-08
396.8 1.3198e-06 -9.81208e-08
397.2 1.30649e-06 -1.06313e-07
397.6 1.29002e-06 -1.11221e-07
398 1.27098e-06 -1.12669e-07
398.4 1.25008e-06 -1.10616e-07
398.8 1.22808e-06 -1.05163e-07
399.2 1.20579e-06 -9.6543e-08
399.6 1.18402e-06 -8.51131e-08
400 1.16353e-06 -7.13394e-08
