-0.498 -1.50718 -0.666515
-0.496 -1.56809 -0.679987
-0.494 -1.61371 -0.689382
-0.492 -1.64362 -0.694507
-0.49 -1.65761 -0.695229
-0.488 -1.65566 -0.691476
-0.486 -1.638 -0.683237
-0.484 -1.605 -0.670566
-0.482 -1.55724 -0.653581
-0.48 -1.49548 -0.63246
-0.478 -1.42061 -0.607444
-0.476 -1.33368 -0.578831
-0.474 -1.23586 -0.546971
-0.472 -1.12843 -0.512267
-0.47 -1.01275 -0.475163
-0.468 -0.890267 -0.436145
-0.466 -0.76247 -0.39573
-0.464 -0.630891 -0.354464
-0.462 -0.497084 -0.312908
-0.46 -0.362611 -0.271639
-0.458 -0.229029 -0.231233
-0.456 -0.0978742 -0.192265
-0.454 0.0293478 -0.155294
-0.452 0.151179 -0.120862
-0.45 0.266224 -0.0894789
-0.448 0.373159 -0.0616199
-0.446 0.470755 -0.0377168
-0.444 0.557887 -0.0181521
-0.442 0.633551 -0.00325253
-0.44 0.696876 0.00671535
-0.438 0.747137 0.0115496
-0.436 0.78377 0.0111163
-0.434 0.806376 0.00535183
-0.432 0.814735 -0.00573551
-0.43 0.80881 -0.0220649
-0.428 0.788754 -0.0434835
-0.426 0.754911 -0.0697674
-0.424 0.707823 -0.100625
-0.422 0.648223 -0.135697
-0.42 0.577034 -0.174566
-0.418 0.495365 -0.216757
-0.416 0.404494 -0.261745
-0.414 0.305863 -0.308959
-0.412 0.201049 -0.357794
-0.41 0.0917523 -0.407615
-0.408 -0.0202383 -0.457765
-0.406 -0.133068 -0.507573
-0.404 -0.244853 -0.556364
-0.402 -0.353708 -0.603462
-0.4 -0.457787 -0.648204
-0.398 -0.555314 -0.689942
-0.396 -0.644618 -0.728054
-0.394 -0.724168 -0.761954
-0.392 -0.792597 -0.791093
-0.39 -0.848734 -0.814977
-0.388 -0.891623 -0.833165
-0.386 -0.920543 -0.845284
-0.384 -0.935025 -0.851035
-0.382 -0.934854 -0.850196
-0.38 -0.920081 -0.842632
-0.378 -0.891017 -0.8283
-0.376 -0.848234 -0.80725
-0.374 -0.792548 -0.779633
-0.372 -0.725013 -0.745693
-0.37 -0.646897 -0.705776
-0.368 -0.559667 -0.660324
-0.366 -0.46496 -0.609869
-0.364 -0.364563 -0.555032
-0.362 -0.260379 -0.496514
-0.36 -0.154403 -0.435088
-0.358 -0.0486862 -0.371587
-0.356 0.0546929 -0.306897
-0.354 0.153663 -0.241937
-0.352 0.246193 -0.177652
-0.35 0.330327 -0.114989
-0.348 0.40422 -0.0548912
-0.346 0.466169 0.00172915
-0.344 0.514654 0.054
-0.342 0.548363 0.101109
-0.34 0.566229 0.142317
-0.338 0.567459 0.176974
-0.336 0.551555 0.204529
-0.334 0.518338 0.224544
-0.332 0.467963 0.236699
-0.33 0.400926 0.240799
-0.328 0.318068 0.236778
-0.326 0.220567 0.224704
-0.324 0.109925 0.20477
-0.322 -0.0120479 0.177302
-0.32 -0.143268 0.142744
-0.318 -0.28141 0.101656
-0.316 -0.423946 0.0547064
-0.314 -0.568197 0.00265892
-0.312 -0.711382 -0.0536379
-0.31 -0.850672 -0.113263
-0.308 -0.983253 -0.175239
-0.306 -1.10638 -0.238542
-0.304 -1.21744 -0.302122
-0.302 -1.31402 -0.364916
-0.3 -1.39393 -0.425865
-0.298 -1.45531 -0.483927
-0.296 -1.4966 -0.538098
-0.294 -1.51667 -0.587428
-0.292 -1.51478 -0.63103
-0.29 -1.49063 -0.668105
-0.288 -1.44438 -0.697949
-0.286 -1.37665 -0.719973
-0.284 -1.28851 -0.733711
-0.282 -1.18147 -0.73883
-0.28 -1.05744 -0.735145
-0.278 -0.918717 -0.722619
-0.276 -0.767915 -0.70137
-0.274 -0.607931 -0.671671
-0.272 -0.441874 -0.633946
-0.27 -0.273003 -0.588767
-0.268 -0.104655 -0.536843
-0.266 0.0598298 -0.479007
-0.264 0.217178 -0.416203
-0.262 0.364263 -0.349466
-0.26 0.498173 -0.279904
-0.258 0.616279 -0.208674
-0.256 0.7163 -0.136958
-0.254 0.79635 -0.0659425
-0.252 0.85499 0.00320834
-0.25 0.89126 0.0693753
-0.248 0.904701 0.131506
-0.246 0.895373 0.188637
-0.244 0.863847 0.239911
-0.242 0.8112 0.284592
-0.24 0.738989 0.32208
-0.238 0.649214 0.351921
-0.236 0.544275 0.373812
-0.234 0.426914 0.387605
-0.232 0.300155 0.393304
-0.23 0.16723 0.391068
-0.228 0.0315062 0.381196
-0.226 -0.103595 0.364125
-0.224 -0.234677 0.340414
-0.222 -0.358449 0.310731
-0.22 -0.471804 0.275838
-0.218 -0.571897 0.236571
-0.216 -0.656206 0.193826
-0.214 -0.722602 0.148533
-0.212 -0.769394 0.101642
-0.21 -0.795374 0.0540972
-0.208 -0.799846 0.00682122
-0.206 -0.78264 -0.0393068
-0.204 -0.744119 -0.0834691
-0.202 -0.685165 -0.124926
-0.2 -0.607157 -0.163031
-0.198 -0.51193 -0.197245
-0.196 -0.40173 -0.227143
-0.194 -0.279146 -0.252426
-0.192 -0.147045 -0.27292
-0.19 -0.00849184 -0.28858
-0.188 0.133334 -0.299487
-0.186 0.275226 -0.30584
-0.184 0.414029 -0.307945
-0.182 0.546728 -0.306208
-0.18 0.670517 -0.301114
-0.178 0.782864 -0.293213
-0.176 0.881565 -0.283104
-0.174 0.964787 -0.27141
-0.172 1.03109 -0.258766
-0.17 1.07944 -0.245792
-0.168 1.10921 -0.233081
-0.166 1.12019 -0.221179
-0.164 1.11252 -0.21057
-0.162 1.0867 -0.20166
-0.16 1.04353 -0.194768
-0.158 0.9841 -0.190119
-0.156 0.909703 -0.187832
-0.154 0.821825 -0.187923
-0.152 0.722089 -0.190306
-0.15 0.61221 -0.194792
-0.148 0.493959 -0.201099
-0.146 0.369126 -0.208865
-0.144 0.239483 -0.217655
-0.142 0.106766 -0.226977
-0.14 -0.0273547 -0.236303
-0.138 -0.161286 -0.245079
-0.136 -0.293525 -0.25275
-0.134 -0.42266 -0.258774
-0.132 -0.547377 -0.262642
-0.13 -0.666453 -0.263893
-0.128 -0.778751 -0.262132
-0.126 -0.883215 -0.257039
-0.124 -0.978859 -0.248383
-0.122 -1.06476 -0.236026
-0.12 -1.14006 -0.219932
-0.118 -1.20394 -0.200164
-0.116 -1.25565 -0.176885
-0.114 -1.29448 -0.150349
-0.112 -1.3198 -0.120896
-0.11 -1.33103 -0.0889376
-0.108 -1.32769 -0.0549448
-0.106 -1.30939 -0.0194328
-0.104 -1.27588 0.0170561
-0.102 -1.22703 0.0539702
-0.1 -1.1629 0.0907653
-0.098 -1.08373 0.126922
-0.096 -0.989961 0.161959
-0.094 -0.88229 0.195451
-0.092 -0.761652 0.227036
-0.09 -0.629249 0.256428
-0.088 -0.486557 0.283422
-0.086 -0.335322 0.3079
-0.084 -0.177562 0.32983
-0.082 -0.0155477 0.34927
-0.08 0.148211 0.366362
-0.078 0.311 0.381326
-0.076 0.469931 0.394456
-0.074 0.621994 0.40611
-0.072 0.764109 0.416698
-0.07 0.893187 0.426669
-0.068 1.00621 0.4365
-0.066 1.1003 0.446679
-0.064 1.17283 0.45769
-0.062 1.2215 0.469996
-0.06 1.24446 0.484026
-0.058 1.24037 0.500155
-0.056 1.20854 0.518694
-0.054 1.14903 0.539874
-0.052 1.06267 0.563838
-0.05 0.951155 0.590631
-0.048 0.817072 0.620195
-0.046 0.66388 0.652365
-0.044 0.495873 0.686876
-0.042 0.318105 0.723359
-0.04 0.136266 0.761356
-0.038 -0.0434596 0.800326
-0.036 -0.214579 0.839666
-0.034 -0.370482 0.878719
-0.032 -0.504655 0.916799
-0.03 -0.610886 0.953208
-0.028 -0.683479 0.987258
-0.026 -0.717441 1.01829
-0.024 -0.708666 1.04571
-0.022 -0.654093 1.06897
-0.02 -0.551837 1.08763
-0.018 -0.401307 1.10136
-0.016 -0.203276 1.10995
-0.014 0.0400715 1.11332
-0.012 0.32514 1.11154
-0.01 0.646971 1.10479
-0.008 0.999333 1.09343
-0.006 1.37487 1.07791
-0.004 1.7653 1.05878
-0.002 2.16165 1.03668
0 2.5545 1.01232
0.002 2.93427 0.986385
0.004 3.29162 0.959585
0.006 3.61766 0.93257
0.008 3.90421 0.905925
0.01 4.14412 0.880143
0.012 4.33143 0.855605
0.014 4.46159 0.832573
0.016 4.53152 0.811182
0.018 4.5397 0.791442
0.02 4.48618 0.773248
0.022 4.37253 0.756388
0.024 4.20178 0.740562
0.026 3.9783 0.725399
0.028 3.70763 0.710478
0.03 3.39633 0.695344
0.032 3.0518 0.679533
0.034 2.68202 0.66259
0.036 2.29535 0.644086
0.038 1.9003 0.623636
0.04 1.50524 0.600916
0.042 1.11823 0.575675
0.044 0.746755 0.547746
0.046 0.397547 0.517057
0.048 0.0764281 0.483635
0.05 -0.211814 0.447612
0.052 -0.463494 0.409222
0.054 -0.676064 0.368802
0.056 -0.848096 0.326783
0.058 -0.979231 0.283682
0.06 -1.0701 0.240093
0.062 -1.1222 0.196668
0.064 -1.13782 0.154106
0.066 -1.11986 0.11313
0.068 -1.07172 0.0744702
0.07 -0.997173 0.038844
0.072 -0.900246 0.00693564
0.074 -0.785091 -0.0206229
0.076 -0.655881 -0.0432705
0.078 -0.516719 -0.0605328
0.08 -0.371542 -0.0720374
0.082 -0.224054 -0.0775251
0.084 -0.0776612 -0.0768593
0.086 0.0645782 -0.0700322
0.088 0.199988 -0.0571673
0.09 0.3263 -0.038519
0.092 0.441659 -0.0144689
0.094 0.544626 0.0144822
0.096 0.634165 0.0477242
0.098 0.709616 0.0845518
0.1 0.770668 0.124181
0.102 0.81732 0.165767
0.104 0.849839 0.208427
0.106 0.868713 0.251259
0.108 0.874609 0.293368
0.11 0.868326 0.333882
0.112 0.850754 0.371983
0.114 0.822837 0.406919
0.116 0.78554 0.438027
0.118 0.739823 0.464747
0.12 0.686619 0.486636
0.122 0.626819 0.503378
0.124 0.561264 0.514786
0.126 0.490741 0.520811
0.128 0.415984 0.521531
0.13 0.337685 0.517153
0.132 0.256498 0.507999
0.134 0.17306 0.494495
0.136 0.0880023 0.477156
0.138 0.00196978 0.456568
0.14 -0.0843643 0.43337
0.142 -0.170282 0.408229
0.144 -0.25501 0.381828
0.146 -0.33771 0.354837
0.148 -0.417475 0.327897
0.15 -0.493332 0.301603
0.152 -0.564253 0.276487
0.154 -0.629169 0.253
0.156 -0.686993 0.231509
0.158 -0.736648 0.21228
0.16 -0.777104 0.19548
0.162 -0.807415 0.181171
0.164 -0.826763 0.169313
0.166 -0.834497 0.15977
0.168 -0.830173 0.15231
0.17 -0.813596 0.146625
0.172 -0.784845 0.142336
0.174 -0.744298 0.139008
0.176 -0.692647 0.136167
0.178 -0.630903 0.133315
0.18 -0.560386 0.129952
0.182 -0.482708 0.125588
0.184 -0.399741 0.119765
0.186 -0.313581 0.112071
0.188 -0.226487 0.102161
0.19 -0.140833 0.0897637
0.192 -0.0590338 0.0747014
0.194 0.0165191 0.0568929
0.196 0.0835307 0.0363623
0.198 0.139872 0.0132412
0.2 0.183647 -0.0122326
0.202 0.213253 -0.0397197
0.204 0.227435 -0.0687865
0.206 0.225332 -0.0989169
0.208 0.20651 -0.129526
0.21 0.170984 -0.159977
0.212 0.119227 -0.189597
0.214 0.0521703 -0.2177
0.216 -0.0288168 -0.243602
0.218 -0.121955 -0.266645
0.22 -0.225098 -0.286212
0.222 -0.335781 -0.301746
0.224 -0.451288 -0.312767
0.226 -0.568716 -0.318886
0.228 -0.68505 -0.319812
0.23 -0.797241 -0.315367
0.232 -0.902285 -0.305488
0.234 -0.997294 -0.29023
0.236 -1.07958 -0.269765
0.238 -1.14669 -0.244381
0.24 -1.19654 -0.214477
0.242 -1.22736 -0.180548
0.244 -1.23782 -0.143183
0.246 -1.22704 -0.103045
0.248 -1.1946 -0.0608613
0.25 -1.14054 -0.0174031
0.252 -1.06539 0.0265276
0.254 -0.970117 0.0701178
0.256 -0.856156 0.112561
0.258 -0.725328 0.153074
0.26 -0.57983 0.190917
0.262 -0.422177 0.225405
0.264 -0.255155 0.255927
0.266 -0.0817614 0.281956
0.268 0.0948569 0.30306
0.27 0.271466 0.318911
0.272 0.44481 0.329291
0.274 0.611677 0.334092
0.276 0.768964 0.33332
0.278 0.913739 0.327089
0.28 1.04329 0.315616
0.282 1.15521 0.299216
0.284 1.2474 0.278291
0.286 1.31813 0.253318
0.288 1.36611 0.224838
0.29 1.39044 0.193444
0.292 1.39069 0.159764
0.294 1.3669 0.124452
0.296 1.31952 0.0881722
0.298 1.24948 0.051586
0.3 1.1581 0.0153407
0.302 1.0471 -0.0199427
0.304 0.918542 -0.0536793
0.306 0.774797 -0.0853303
0.308 0.618487 -0.114411
0.31 0.452438 -0.140497
0.312 0.27962 -0.16323
0.314 0.103092 -0.182322
0.316 -0.074059 -0.197555
0.318 -0.248778 -0.208787
0.32 -0.418097 -0.215943
0.322 -0.579191 -0.219021
0.324 -0.729429 -0.218082
0.326 -0.866422 -0.213249
0.328 -0.988061 -0.204701
0.33 -1.09255 -0.192665
0.332 -1.17845 -0.177412
0.334 -1.24467 -0.159249
0.336 -1.2905 -0.13851
0.338 -1.31561 -0.115551
0.34 -1.32002 -0.0907457
0.342 -1.30416 -0.064472
0.344 -1.26876 -0.0371124
0.346 -1.2149 -0.00904577
0.348 -1.14394 0.019357
0.35 -1.05752 0.0477365
0.352 -0.957472 0.0757482
0.354 -0.845851 0.103064
0.356 -0.724839 0.129375
0.358 -0.596731 0.15439
0.36 -0.46388 0.177837
0.362 -0.328662 0.199462
0.364 -0.193432 0.219029
0.366 -0.0604835 0.236319
0.368 0.0679877 0.251132
0.37 0.18992 0.263283
0.372 0.303418 0.272605
0.374 0.406779 0.278949
0.376 0.498517 0.282187
0.378 0.577383 0.282213
0.38 0.642381 0.278943
0.382 0.692775 0.272323
0.384 0.728098 0.262326
0.386 0.748149 0.248958
0.388 0.752993 0.232263
0.39 0.74295 0.212318
0.392 0.718583 0.189245
0.394 0.680684 0.163202
0.396 0.63025 0.134393
0.398 0.568468 0.103059
0.4 0.496683 0.0694823
0.402 0.416373 0.0339818
0.404 0.329122 -0.00309041
0.406 0.236587 -0.0413528
0.408 0.140469 -0.0803994
0.41 0.042479 -0.119805
0.412 -0.0556917 -0.159131
0.414 -0.152402 -0.197931
0.416 -0.246089 -0.235756
0.418 -0.335295 -0.272166
0.42 -0.418689 -0.306729
0.422 -0.495087 -0.339032
0.424 -0.563464 -0.368689
0.426 -0.62297 -0.395346
0.428 -0.672931 -0.418689
0.43 -0.712856 -0.438451
0.432 -0.742431 -0.454417
0.434 -0.761517 -0.46643
0.436 -0.770143 -0.474395
0.438 -0.768492 -0.478284
0.44 -0.756891 -0.478132
0.442 -0.735796 -0.474044
0.444 -0.705777 -0.466185
0.446 -0.667499 -0.454782
0.448 -0.621709 -0.440114
0.45 -0.569216 -0.422509
0.452 -0.510876 -0.402332
0.454 -0.447578 -0.37998
0.456 -0.380229 -0.35587
0.458 -0.309745 -0.33043
0.46 -0.237042 -0.304093
0.462 -0.163026 -0.277288
0.464 -0.0885947 -0.25043
0.466 -0.0146315 -0.223914
0.468 0.0579952 -0.198114
0.47 0.128432 -0.173371
0.472 0.19584 -0.149996
0.474 0.2594 -0.128264
0.476 0.318308 -0.108413
0.478 0.371784 -0.0906456
0.48 0.419073 -0.0751271
0.482 0.459457 -0.0619874
0.484 0.492257 -0.0513226
0.486 0.516848 -0.043197
0.488 0.532667 -0.0376452
0.49 0.539227 -0.0346736
0.492 0.536132 -0.034263
0.494 0.523083 -0.03637
0.496 0.499895 -0.0409282
0.498 0.466505 -0.0478495
0.4 0.238158 0.19951
0.8 0.239237 0.200048
1.2 0.241017 0.20093
1.6 0.243475 0.202136
2 0.246574 0.203638
2.4 0.250272 0.205399
2.8 0.254517 0.207379
3.2 0.25925 0.20953
3.6 0.264404 0.211801
4 0.269911 0.214138
4.4 0.275694 0.216484
4.8 0.281677 0.218783
5.2 0.287781 0.220976
5.6 0.293925 0.22301
6 0.300032 0.224832
6.4 0.306025 0.226393
6.8 0.311831 0.22765
7.2 0.31738 0.228565
7.6 0.32261 0.229106
8 0.327463 0.229249
8.4 0.331889 0.228976
8.8 0.335844 0.228276
9.2 0.339294 0.227149
9.6 0.342213 0.225597
10 0.344582 0.223635
10.4 0.346391 0.221279
10.8 0.347641 0.218556
11.2 0.348336 0.215495
11.6 0.348493 0.21213
12 0.348133 0.208501
12.4 0.347285 0.204647
12.8 0.345982 0.200614
13.2 0.344264 0.196443
13.6 0.342175 0.192178
14 0.339761 0.187863
14.4 0.337072 0.183537
14.8 0.334158 0.179238
15.2 0.331071 0.175002
15.6 0.327861 0.170859
16 0.324579 0.166834
16.4 0.321271 0.162951
16.8 0.317982 0.159225
17.2 0.314755 0.155668
17.6 0.311627 0.152288
18 0.308631 0.149087
18.4 0.305795 0.146062
18.8 0.303142 0.143209
19.2 0.300691 0.140518
19.6 0.298454 0.137975
20 0.296439 0.135568
20.4 0.294648 0.133279
20.8 0.293077 0.13109
21.2 0.291721 0.128985
21.6 0.290566 0.126945
22 0.289598 0.124952
22.4 0.288797 0.122992
22.8 0.288142 0.121049
23.2 0.28761 0.119111
23.6 0.287174 0.117169
24 0.286808 0.115213
24.4 0.286485 0.11324
24.8 0.286178 0.111247
25.2 0.285862 0.109233
25.6 0.285512 0.107201
26 0.285106 0.105156
26.4 0.284622 0.103102
26.8 0.284043 0.101049
27.2 0.283354 0.0990043
27.6 0.282544 0.0969782
28 0.281605 0.0949804
28.4 0.280532 0.0930206
28.8 0.279325 0.0911083
29.2 0.277988 0.0892518
29.6 0.276525 0.0874586
30 0.274947 0.0857346
30.4 0.273266 0.084084
30.8 0.271499 0.0825095
31.2 0.269661 0.0810115
31.6 0.267773 0.0795888
32 0.265855 0.0782382
32.4 0.263929 0.0769548
32.8 0.262015 0.0757322
33.2 0.260137 0.0745623
33.6 0.258313 0.0734363
34 0.256562 0.0723442
34.4 0.254902 0.0712758
34.8 0.253347 0.0702208
35.2 0.251907 0.069169
35.6 0.25059 0.0681106
36 0.249402 0.0670372
36.4 0.24834 0.0659413
36.8 0.247403 0.0648169
37.2 0.24658 0.0636598
37.6 0.24586 0.0624678
38 0.245224 0.0612406
38.4 0.244654 0.0599802
38.8 0.244122 0.0586905
39.2 0.243602 0.0573776
39.6 0.243062 0.0560497
40 0.242469 0.0547165
40.4 0.241787 0.0533895
40.8 0.24098 0.0520813
41.2 0.240011 0.0508057
41.6 0.238843 0.0495769
42 0.237441 0.0484095
42.4 0.23577 0.0473179
42.8 0.233798 0.046316
43.2 0.231498 0.0454168
43.6 0.228845 0.0446321
44 0.225818 0.0439717
44.4 0.222403 0.0434439
44.8 0.218588 0.0430543
45.2 0.21437 0.0428065
45.6 0.20975 0.0427009
46 0.204737 0.0427355
46.4 0.199344 0.0429052
46.8 0.19359 0.043202
47.2 0.187501 0.0436152
47.6 0.181109 0.0441312
48 0.17445 0.0447339
48.4 0.167564 0.0454048
48.8 0.160496 0.0461235
49.2 0.153295 0.0468676
49.6 0.14601 0.0476135
50 0.138694 0.0483365
50.4 0.1314 0.0490113
50.8 0.124182 0.0496124
51.2 0.117093 0.0501148
51.6 0.110184 0.050494
52 0.103504 0.0507267
52.4 0.0970985 0.0507913
52.8 0.0910106 0.0506681
53.2 0.0852784 0.0503397
53.6 0.0799353 0.0497914
54 0.0750095 0.0490114
54.4 0.070524 0.0479914
54.8 0.066496 0.0467259
55.2 0.0629368 0.0452135
55.6 0.0598522 0.0434561
56 0.057242 0.0414591
56.4 0.0551007 0.0392317
56.8 0.0534176 0.0367864
57.2 0.0521772 0.0341391
57.6 0.0513594 0.0313088
58 0.0509404 0.0283173
58.4 0.0508929 0.0251889
58.8 0.0511867 0.0219503
59.2 0.0517896 0.0186297
59.6 0.0526676 0.015257
60 0.0537856 0.0118629
60.4 0.0551082 0.00847874
60.8 0.0565999 0.00513588
61.2 0.0582261 0.00186534
61.6 0.0599528 -0.00130269
62 0.0617477 -0.00433927
62.4 0.0635803 -0.00721714
62.8 0.0654222 -0.00991108
63.2 0.0672473 -0.0123983
63.6 0.0690317 -0.0146588
64 0.0707546 -0.0166754
64.4 0.0723973 -0.0184343
64.8 0.073944 -0.0199251
65.2 0.0753812 -0.0211409
65.6 0.0766982 -0.0220783
66 0.077886 -0.0227377
66.4 0.0789383 -0.0231229
66.8 0.0798502 -0.023241
67.2 0.0806189 -0.0231028
67.6 0.0812427 -0.0227218
68 0.0817214 -0.0221146
68.4 0.0820558 -0.0213001
68.8 0.0822475 -0.0202996
69.2 0.0822987 -0.0191363
69.6 0.0822124 -0.0178346
70 0.0819915 -0.0164203
70.4 0.0816396 -0.0149197
70.8 0.0811603 -0.0133592
71.2 0.0805571 -0.0117653
71.6 0.0798339 -0.0101637
72 0.0789945 -0.00857939
72.4 0.0780427 -0.00703583
72.8 0.0769824 -0.00555496
73.2 0.0758177 -0.00415675
73.6 0.0745527 -0.00285902
74 0.0731918 -0.00167718
74.4 0.0717396 -0.000624078
74.8 0.0702011 0.000290102
75.2 0.0685813 0.00105791
75.6 0.0668859 0.00167467
76 0.0651207 0.00213841
76.4 0.0632922 0.00244982
76.8 0.0614068 0.00261211
77.2 0.0594718 0.00263088
77.6 0.0574943 0.00251387
78 0.0554819 0.00227079
78.4 0.0534426 0.00191304
78.8 0.051384 0.00145344
79.2 0.0493144 0.000905925
79.6 0.0472414 0.000285281
80 0.0451731 -0.000393178
80.4 0.0431169 -0.0011139
80.8 0.0410801 -0.00186137
81.2 0.0390698 -0.0026204
81.6 0.0370923 -0.00337639
82 0.0351535 -0.00411553
82.4 0.0332589 -0.00482502
82.8 0.0314133 -0.00549327
83.2 0.0296207 -0.00611001
83.6 0.0278847 -0.00666642
84 0.026208 -0.00715521
84.4 0.0245929 -0.00757065
84.8 0.023041 -0.00790862
85.2 0.0215532 -0.00816656
85.6 0.0201301 -0.00834344
86 0.0187717 -0.00843966
86.4 0.0174775 -0.00845702
86.8 0.0162468 -0.00839853
87.2 0.0150785 -0.00826833
87.6 0.0139715 -0.00807151
88 0.0129241 -0.00781398
88.4 0.0119349 -0.0075023
88.8 0.0110023 -0.00714353
89.2 0.0101245 -0.00674503
89.6 0.00929995 -0.00631436
90 0.00852697 -0.00585911
90.4 0.00780399 -0.00538673
90.8 0.00712945 -0.00490446
91.2 0.00650186 -0.00441918
91.6 0.00591974 -0.00393733
92 0.00538165 -0.00346482
92.4 0.00488614 -0.00300696
92.8 0.00443172 -0.00256846
93.2 0.00401687 -0.00215331
93.6 0.00363999 -0.00176486
94 0.00329936 -0.00140575
94.4 0.00299319 -0.00107794
94.8 0.00271952 -0.000782769
95.2 0.00247627 -0.000520926
95.6 0.00226119 -0.00029254
96 0.00207192 -9.72096e-05
96.4 0.00190596 6.59374e-05
96.8 0.00176071 0.000198187
97.2 0.00163346 0.000301179
97.6 0.00152148 0.000376845
98 0.001422 0.000427349
98.4 0.00133228 0.000455028
98.8 0.00124967 0.000462337
99.2 0.00117162 0.000451796
99.6 0.00109573 0.00042594
100 0.00101982 0.000387279
100.4 0.000941959 0.000338258
100.8 0.000860478 0.00028122
101.2 0.000774032 0.000218382
101.6 0.000681607 0.000151809
102 0.000582538 8.33989e-05
102.4 0.000476517 1.48619e-05
102.8 0.000363588 -5.22826e-05
103.2 0.000244139 -0.000116715
103.6 0.000118884 -0.000177316
104 -1.11707e-05 -0.000233167
104.4 -0.000144754 -0.000283545
104.8 -0.000280378 -0.000327914
105.2 -0.000416378 -0.00036592
105.6 -0.000550969 -0.000397378
106 -0.000682294 -0.000422261
106.4 -0.00080848 -0.000440682
106.8 -0.00092769 -0.000452887
107.2 -0.00103817 -0.000459231
107.6 -0.00113832 -0.00046017
108 -0.00122669 -0.000456238
108.4 -0.00130205 -0.000448032
108.8 -0.00136344 -0.000436196
109.2 -0.00141013 -0.000421407
109.6 -0.0014417 -0.00040435
110 -0.001458 -0.000385711
110.4 -0.00145918 -0.00036616
110.8 -0.00144565 -0.000346331
111.2 -0.00141811 -0.000326816
111.6 -0.00137747 -0.000308152
112 -0.00132486 -0.000290809
112.4 -0.00126159 -0.00027518
112.8 -0.00118911 -0.000261581
113.2 -0.00110898 -0.000250241
113.6 -0.0010228 -0.0002413
114 -0.000932226 -0.000234814
114.4 -0.000838876 -0.00023075
114.8 -0.000744329 -0.000228994
115.2 -0.000650081 -0.000229357
115.6 -0.000557519 -0.000231582
116 -0.000467895 -0.000235354
116.4 -0.000382312 -0.00024031
116.8 -0.000301708 -0.000246054
117.2 -0.000226848 -0.000252165
117.6 -0.000158324 -0.000258215
118 -9.65559e-05 -0.000263778
118.4 -4.17975e-05 -0.00026845
118.8 5.84987e-06 -0.000271853
119.2 4.64246e-05 -0.000273654
119.6 8.00874e-05 -0.000273568
120 0.000107103 -0.000271374
120.4 0.00012782 -0.000266918
120.8 0.000142651 -0.000260116
121.2 0.000152054 -0.000250962
121.6 0.00015651 -0.000239521
122 0.000156514 -0.000225936
122.4 0.000152551 -0.000210415
122.8 0.000145093 -0.000193232
123.2 0.000134583 -0.000174717
123.6 0.00012143 -0.000155244
124 0.000106007 -0.000135224
124.4 8.86489e-05 -0.000115091
124.8 6.96521e-05 -9.52932e-05
125.2 4.92798e-05 -7.62742e-05
125.6 2.77655e-05 -5.84667e-05
126 5.32005e-06 -4.22779e-05
126.4 -1.78624e-05 -2.8079e-05
126.8 -4.15968e-05 -1.61956e-05
127.2 -6.57004e-05 -6.89874e-06
127.6 -8.99866e-05 -3.98889e-07
128 -0.00011426 3.15943e-06
128.4 -0.000138311 3.70043e-06
128.8 -0.000161915 1.218e-06
129.2 -0.000184833 -4.22522e-06
129.6 -0.000206808 -1.25008e-05
130 -0.000227572 -2.34192e-05
130.4 -0.00024685 -3.67359e-05
130.8 -0.000264362 -5.21591e-05
131.2 -0.000279837 -6.93583e-05
131.6 -0.000293013 -8.7974e-05
132 -0.000303651 -0.000107627
132.4 -0.000311541 -0.00012793
132.8 -0.000316509 -0.000148495
133.2 -0.000318429 -0.000168945
133.6 -0.000317223 -0.000188923
134 -0.000312873 -0.000208097
134.4 -0.000305417 -0.000226172
134.8 -0.000294959 -0.000242888
135.2 -0.000281662 -0.000258032
135.6 -0.000265748 -0.000271434
136 -0.000247495 -0.000282973
136.4 -0.00022723 -0.000292572
136.8 -0.000205322 -0.000300202
137.2 -0.000182172 -0.000305873
137.6 -0.000158201 -0.000309634
138 -0.000133845 -0.000311569
138.4 -0.000109538 -0.000311788
138.8 -8.57008e-05 -0.000310424
139.2 -6.2734e-05 -0.000307625
139.6 -4.10035e-05 -0.000303552
140 -2.08336e-05 -0.000298366
140.4 -2.49819e-06 -0.000292232
140.8 1.37851e-05 -0.000285307
141.2 2.78592e-05 -0.000277738
141.6 3.963e-05 -0.000269661
142 4.90668e-05 -0.000261195
142.4 5.62005e-05 -0.000252444
142.8 6.11197e-05 -0.000243495
143.2 6.39659e-05 -0.000234417
143.6 6.49261e-05 -0.000225266
144 6.42247e-05 -0.00021608
144.4 6.21143e-05 -0.000206887
144.8 5.88662e-05 -0.000197708
145.2 5.47596e-05 -0.000188553
145.6 5.00725e-05 -0.000179431
146 4.50713e-05 -0.00017035
146.4 4.00028e-05 -0.000161319
146.8 3.50858e-05 -0.000152351
147.2 3.0505e-05 -0.000143464
147.6 2.64064e-05 -0.000134683
148 2.28934e-05 -0.000126043
148.4 2.00256e-05 -0.000117584
148.8 1.78192e-05 -0.000109353
149.2 1.62483e-05 -0.000101407
149.6 1.52489e-05 -9.3803e-05
150 1.47231e-05 -8.66046e-05
150.4 1.45458e-05 -7.98744e-05
150.8 1.45708e-05 -7.36736e-05
151.2 1.46389e-05 -6.80589e-05
151.6 1.45854e-05 -6.30801e-05
152 1.42483e-05 -5.87779e-05
152.4 1.34755e-05 -5.51812e-05
152.8 1.21323e-05 -5.23059e-05
153.2 1.01072e-05 -5.01534e-05
153.6 7.31727e-06 -4.87095e-05
154 3.71221e-06 -4.79445e-05
154.4 -7.23135e-07 -4.78134e-05
154.8 -5.96752e-06 -4.82564e-05
155.2 -1.19635e-05 -4.92011e-05
155.6 -1.86192e-05 -5.05636e-05
156 -2.5811e-05 -5.22516e-05
156.4 -3.33878e-05 -5.41666e-05
156.8 -4.11763e-05 -5.62071e-05
157.2 -4.89869e-05 -5.82715e-05
157.6 -5.66199e-05 -6.02617e-05
158 -6.38728e-05 -6.20853e-05
158.4 -7.0547e-05 -6.36593e-05
158.8 -7.64546e-05 -6.4912e-05
159.2 -8.14245e-05 -6.57851e-05
159.6 -8.53084e-05 -6.62357e-05
160 -8.79852e-05 -6.62371e-05
160.4 -8.93652e-05 -6.57792e-05
160.8 -8.93925e-05 -6.48688e-05
161.2 -8.80465e-05 -6.35283e-05
161.6 -8.53425e-05 -6.17951e-05
162 -8.13304e-05 -5.97194e-05
162.4 -7.6093e-05 -5.73624e-05
162.8 -6.97426e-05 -5.47934e-05
163.2 -6.24171e-05 -5.20875e-05
163.6 -5.42756e-05 -4.93221e-05
164 -4.54924e-05 -4.65746e-05
164.4 -3.62522e-05 -4.39189e-05
164.8 -2.67437e-05 -4.14233e-05
165.2 -1.71542e-05 -3.91474e-05
165.6 -7.66412e-06 -3.71408e-05
166 1.558e-06 -3.54408e-05
166.4 1.03599e-05 -3.40715e-05
166.8 1.86093e-05 -3.30435e-05
167.2 2.61963e-05 -3.23532e-05
167.6 3.30359e-05 -3.19837e-05
168 3.90684e-05 -3.19056e-05
168.4 4.42597e-05 -3.20782e-05
168.8 4.86002e-05 -3.24517e-05
169.2 5.21033e-05 -3.29689e-05
169.6 5.48028e-05 -3.3568e-05
170 5.67501e-05 -3.41846e-05
170.4 5.80105e-05 -3.47546e-05
170.8 5.86597e-05 -3.52165e-05
171.2 5.87796e-05 -3.55138e-05
171.6 5.84547e-05 -3.55973e-05
172 5.77686e-05 -3.54264e-05
172.4 5.68e-05 -3.49712e-05
172.8 5.56205e-05 -3.42127e-05
173.2 5.42916e-05 -3.31442e-05
173.6 5.28634e-05 -3.17708e-05
174 5.13734e-05 -3.01091e-05
174.4 4.98457e-05 -2.81866e-05
174.8 4.82916e-05 -2.60405e-05
175.2 4.67104e-05 -2.37159e-05
175.6 4.50906e-05 -2.1264e-05
176 4.34121e-05 -1.87405e-05
176.4 4.1648e-05 -1.62029e-05
176.8 3.97675e-05 -1.37085e-05
177.2 3.77385e-05 -1.13124e-05
177.6 3.553e-05 -9.06545e-06
178 3.31149e-05 -7.01219e-06
178.4 3.04723e-05 -5.18963e-06
178.8 2.75893e-05 -3.62587e-06
179.2 2.44629e-05 -2.33932e-06
179.6 2.11008e-05 -1.3382e-06
180 1.75221e-05 -6.20512e-07
180.4 1.37575e-05 -1.74391e-07
180.8 9.84853e-06 2.12006e-08
181.2 5.84675e-06 -4.59742e-09
181.6 1.81217e-06 -2.15885e-07
182 -2.18862e-06 -5.71587e-07
182.4 -6.08465e-06 -1.0272e-06
182.8 -9.803e-06 -1.53664e-06
183.2 -1.32713e-05 -2.0541e-06
183.6 -1.64205e-05 -2.53589e-06
184 -1.91871e-05 -2.94212e-06
184.4 -2.15156e-05 -3.23817e-06
184.8 -2.33602e-05 -3.39606e-06
185.2 -2.46872e-05 -3.3953e-06
185.6 -2.54752e-05 -3.22367e-06
186 -2.57166e-05 -2.87747e-06
186.4 -2.54176e-05 -2.36151e-06
186.8 -2.45977e-05 -1.68878e-06
187.2 -2.32893e-05 -8.79704e-07
187.6 -2.15362e-05 3.87793e-08
188 -1.93922e-05 1.03445e-06
188.4 -1.69189e-05 2.07122e-06
188.8 -1.41836e-05 3.11067e-06
189.2 -1.12567e-05 4.11363e-06
189.6 -8.20973e-06 5.04183e-06
190 -5.11221e-06 5.85947e-06
190.4 -2.02981e-06 6.5346e-06
190.8 9.7795e-07 7.04043e-06
191.2 3.85956e-06 7.35637e-06
191.6 6.57295e-06 7.46878e-06
192 9.08664e-06 7.37154e-06
192.4 1.13803e-05 7.06615e-06
192.8 1.34451e-05 6.56174e-06
193.2 1.52832e-05 5.87457e-06
193.6 1.69072e-05 5.02742e-06
194 1.8339e-05 4.04864e-06
194.4 1.96085e-05 2.97103e-06
194.8 2.07514e-05 1.83057e-06
195.2 2.1808e-05 6.65022e-07
195.6 2.28201e-05 -4.87497e-07
196 2.38301e-05 -1.58996e-06
196.4 2.48778e-05 -2.60779e-06
196.8 2.59994e-05 -3.51009e-06
197.2 2.7225e-05 -4.27078e-06
197.6 2.85776e-05 -4.86943e-06
198 3.00721e-05 -5.29197e-06
198.4 3.1714e-05 -5.53102e-06
198.8 3.34996e-05 -5.58611e-06
199.2 3.54158e-05 -5.46346e-06
199.6 3.74406e-05 -5.17568e-06
200 3.95439e-05 -4.74105e-06
200.4 4.16888e-05 -4.18278e-06
200.8 4.38327e-05 -3.52791e-06
201.2 4.59297e-05 -2.80627e-06
201.6 4.79317e-05 -2.04919e-06
202 4.97906e-05 -1.28827e-06
202.4 5.14604e-05 -5.54157e-07
202.8 5.28989e-05 1.24623e-07
203.2 5.40693e-05 7.22746e-07
203.6 5.49417e-05 1.21899e-06
204 5.54945e-05 1.59694e-06
204.4 5.57152e-05 1.84557e-06
204.8 5.56006e-05 1.95948e-06
205.2 5.51576e-05 1.93897e-06
205.6 5.44022e-05 1.78989e-06
206 5.33595e-05 1.52328e-06
206.4 5.20628e-05 1.15473e-06
206.8 5.05518e-05 7.0365e-07
207.2 4.88718e-05 1.92402e-07
207.6 4.70715e-05 -3.54736e-07
208 4.52015e-05 -9.12603e-07
208.4 4.33125e-05 -1.45622e-06
208.8 4.14534e-05 -1.96185e-06
209.2 3.96694e-05 -2.40792e-06
209.6 3.80008e-05 -2.77596e-06
210 3.64812e-05 -3.05124e-06
210.4 3.51369e-05 -3.22338e-06
210.8 3.39856e-05 -3.2867e-06
211.2 3.30364e-05 -3.24035e-06
211.6 3.22894e-05 -3.08834e-06
212 3.1736e-05 -2.83923e-06
212.4 3.13595e-05 -2.50577e-06
212.8 3.1136e-05 -2.10427e-06
213.2 3.10354e-05 -1.65388e-06
213.6 3.10229e-05 -1.17575e-06
214 3.10605e-05 -6.92148e-07
214.4 3.11085e-05 -2.25475e-07
214.8 3.11272e-05 2.02653e-07
215.2 3.10786e-05 5.72307e-07
215.6 3.09279e-05 8.66066e-07
216 3.06447e-05 1.06972e-06
216.4 3.02047e-05 1.17287e-06
216.8 2.95898e-05 1.16927e-06
217.2 2.87897e-05 1.05715e-06
217.6 2.78015e-05 8.39209e-07
218 2.66302e-05 5.22497e-07
218.4 2.52881e-05 1.18123e-07
218.8 2.37946e-05 -3.59224e-07
219.2 2.21752e-05 -8.91882e-07
219.6 2.04603e-05 -1.45994e-06
220 1.86843e-05 -2.04203e-06
220.4 1.68841e-05 -2.61623e-06
220.8 1.50974e-05 -3.1609e-06
221.2 1.33616e-05 -3.65555e-06
221.6 1.17123e-05 -4.08166e-06
222 1.01817e-05 -4.42339e-06
222.4 8.79772e-06 -4.6682e-06
222.8 7.58297e-06 -4.80728e-06
223.2 6.5538e-06 -4.83594e-06
223.6 5.71992e-06 -4.75369e-06
224 5.08412e-06 -4.56428e-06
224.4 4.64231e-06 -4.27549e-06
224.8 4.38383e-06 -3.89878e-06
225.2 4.29198e-06 -3.44883e-06
225.6 4.34482e-06 -2.94293e-06
226 4.51615e-06 -2.40026e-06
226.4 4.77661e-06 -1.84112e-06
226.8 5.09499e-06 -1.28614e-06
227.2 5.43941e-06 -7.55447e-07
227.6 5.77871e-06 -2.67905e-07
228 6.08365e-06 1.59635e-07
228.4 6.32801e-06 5.1296e-07
228.8 6.48967e-06 7.81021e-07
229.2 6.55137e-06 9.5633e-07
229.6 6.50131e-06 1.0352e-06
230 6.33357e-06 1.01787e-06
230.4 6.0482e-06 9.08376e-07
230.8 5.65109e-06 7.14419e-07
231.2 5.15367e-06 4.46947e-07
231.6 4.57226e-06 1.197e-07
232 3.92735e-06 -2.51387e-07
232.4 3.24265e-06 -6.48851e-07
232.8 2.54402e-06 -1.05443e-06
233.2 1.85837e-06 -1.4498e-06
233.6 1.21246e-06 -1.81733e-06
234 6.31782e-07 -2.14078e-06
234.4 1.39472e-07 -2.40594e-06
234.8 -2.44681e-07 -2.6012e-06
235.2 -5.05057e-07 -2.71799e-06
235.6 -6.30863e-07 -2.75108e-06
236 -6.16592e-07 -2.69877e-06
236.4 -4.62253e-07 -2.56297e-06
236.8 -1.73392e-07 -2.34901e-06
237.2 2.39127e-07 -2.06546e-06
237.6 7.59543e-07 -1.72375e-06
238 1.36782e-06 -1.33764e-06
238.4 2.04043e-06 -9.22713e-07
238.8 2.75128e-06 -4.95673e-07
239.2 3.47275e-06 -7.36976e-08
239.6 4.17673e-06 3.26269e-07
240 4.83573e-06 6.88201e-07
240.4 5.42396e-06 9.97626e-07
240.8 5.91828e-06 1.2422e-06
241.2 6.29909e-06 1.4122e-06
241.6 6.55108e-06 1.50088e-06
242 6.66375e-06 1.50474e-06
242.4 6.63181e-06 1.42368e-06
242.8 6.45532e-06 1.26092e-06
243.2 6.13965e-06 1.02292e-06
243.6 5.69524e-06 7.1907e-07
244 5.13711e-06 3.61325e-07
244.4 4.4843e-06 -3.62841e-08
244.8 3.75905e-06 -4.58217e-07
245.2 2.9859e-06 -8.88042e-07
245.6 2.1908e-06 -1.30908e-06
246 1.40001e-06 -1.70508e-06
246.4 6.39158e-07 -2.06082e-06
246.8 -6.77761e-08 -2.36273e-06
247.2 -6.99331e-07 -2.59939e-06
247.6 -1.23736e-06 -2.76197e-06
248 -1.66769e-06 -2.84455e-06
248.4 -1.98056e-06 -2.84436e-06
248.8 -2.171e-06 -2.76181e-06
249.2 -2.23886e-06 -2.60052e-06
249.6 -2.1888e-06 -2.36709e-06
250 -2.02999e-06 -2.07087e-06
250.4 -1.77565e-06 -1.72354e-06
250.8 -1.44251e-06 -1.33866e-06
251.2 -1.05006e-06 -9.31126e-07
251.6 -6.19718e-07 -5.16567e-07
252 -1.73946e-07 -1.10747e-07
252.4 2.64643e-07 2.71052e-07
252.8 6.74212e-07 6.14621e-07
253.2 1.03456e-06 9.07358e-07
253.6 1.3279e-06 1.13874e-06
254 1.53955e-06 1.30073e-06
254.4 1.65848e-06 1.38801e-06
254.8 1.67769e-06 1.39824e-06
255.2 1.59445e-06 1.33202e-06
255.6 1.41034e-06 1.19292e-06
256 1.13116e-06 9.87245e-07
256.4 7.66597e-07 7.23808e-07
256.8 3.29807e-07 4.13518e-07
257.2 -1.63152e-07 6.89512e-08
257.6 -6.94015e-07 -2.96163e-07
258 -1.24307e-06 -6.67489e-07
258.4 -1.78998e-06 -1.03066e-06
258.8 -2.31458e-06 -1.37181e-06
259.2 -2.79774e-06 -1.67816e-06
259.6 -3.22207e-06 -1.93846e-06
260 -3.57265e-06 -2.14341e-06
260.4 -3.83756e-06 -2.28602e-06
260.8 -4.00836e-06 -2.36186e-06
261.2 -4.08039e-06 -2.36915e-06
261.6 -4.05289e-06 -2.30886e-06
262 -3.92902e-06 -2.18458e-06
262.4 -3.71566e-06 -2.00238e-06
262.8 -3.42314e-06 -1.7705e-06
263.2 -3.06472e-06 -1.49905e-06
263.6 -2.65608e-06 -1.19951e-06
264 -2.21465e-06 -8.8434e-07
264.4 -1.75885e-06 -5.66396e-07
264.8 -1.3074e-06 -2.58465e-07
265.2 -8.78496e-07 2.72604e-08
265.6 -4.89133e-07 2.79663e-07
266 -1.54395e-07 4.89124e-07
266.4 1.13126e-07 6.4789e-07
266.8 3.03813e-07 7.50361e-07
267.2 4.11388e-07 7.93284e-07
267.6 4.33139e-07 7.75857e-07
268 3.69992e-07 6.99732e-07
268.4 2.26449e-07 5.68916e-07
268.8 1.03692e-08 3.89588e-07
269.2 -2.67374e-07 1.69824e-07
269.6 -5.93356e-07 -8.07503e-08
270 -9.5217e-07 -3.5136e-07
270.4 -1.32706e-06 -6.30527e-07
270.8 -1.70062e-06 -9.0654e-07
271.2 -2.05547e-06 -1.16793e-06
271.6 -2.37503e-06 -1.40391e-06
272 -2.64411e-06 -1.60485e-06
272.4 -2.84955e-06 -1.76257e-06
272.8 -2.98076e-06 -1.87076e-06
273.2 -3.03009e-06 -1.92512e-06
273.6 -2.99316e-06 -1.92356e-06
274 -2.86903e-06 -1.86628e-06
274.4 -2.66018e-06 -1.75569e-06
274.8 -2.37243e-06 -1.59636e-06
275.2 -2.0147e-06 -1.39475e-06
275.6 -1.59864e-06 -1.15897e-06
276 -1.13812e-06 -8.98473e-07
276.4 -6.48751e-07 -6.23592e-07
276.8 -1.47192e-07 -3.45178e-07
277.2 3.49472e-07 -7.41428e-08
277.6 8.24408e-07 1.78978e-07
278 1.26169e-06 4.04441e-07
278.4 1.64692e-06 5.93674e-07
278.8 1.96777e-06 7.39612e-07
279.2 2.21444e-06 8.36965e-07
279.6 2.38005e-06 8.82413e-07
280 2.46084e-06 8.7472e-07
280.4 2.45633e-06 8.14772e-07
280.8 2.36928e-06 7.05516e-07
281.2 2.20555e-06 5.51832e-07
281.6 1.97387e-06 3.60318e-07
282 1.68545e-06 1.39015e-07
282.4 1.35351e-06 -1.02926e-07
282.8 9.92754e-07 -3.55616e-07
283.2 6.1877e-07 -6.08829e-07
283.6 2.47422e-07 -8.52413e-07
284 -1.05792e-07 -1.07669e-06
284.4 -4.2633e-07 -1.27284e-06
284.8 -7.01178e-07 -1.43323e-06
285.2 -9.19338e-07 -1.55175e-06
285.6 -1.07224e-06 -1.62398e-06
286 -1.15406e-06 -1.6474e-06
286.4 -1.1619e-06 -1.62146e-06
286.8 -1.09589e-06 -1.54758e-06
287.2 -9.59127e-07 -1.42907e-06
287.6 -7.57539e-07 -1.27101e-06
288 -4.99601e-07 -1.08e-06
288.4 -1.95975e-07 -8.639e-07
288.8 1.40939e-07 -6.31508e-07
289.2 4.97518e-07 -3.92195e-07
289.6 8.59471e-07 -1.5553e-07
290 1.21242e-06 6.91026e-08
290.4 1.54246e-06 2.72878e-07
290.8 1.83675e-06 4.47877e-07
291.2 2.08396e-06 5.87391e-07
291.6 2.27476e-06 6.86185e-07
292 2.40213e-06 7.40694e-07
292.4 2.46165e-06 7.49146e-07
292.8 2.45165e-06 7.11626e-07
293.2 2.37323e-06 6.30055e-07
293.6 2.2302e-06 5.08099e-07
294 2.02892e-06 3.51011e-07
294.4 1.778e-06 1.6541e-07
294.8 1.48794e-06 -4.09914e-08
295.2 1.17071e-06 -2.59705e-07
295.6 8.39233e-07 -4.81805e-07
296 5.06894e-07 -6.98293e-07
296.4 1.86968e-07 -9.00445e-07
296.8 -1.07887e-07 -1.08017e-06
297.2 -3.66137e-07 -1.2303e-06
297.6 -5.77821e-07 -1.34492e-06
298 -7.34931e-07 -1.41951e-06
298.4 -8.3172e-07 -1.45121e-06
298.8 -8.64905e-07 -1.43883e-06
299.2 -8.33777e-07 -1.38295e-06
299.6 -7.40209e-07 -1.28585e-06
300 -5.88555e-07 -1.15142e-06
300.4 -3.85457e-07 -9.84987e-07
300.8 -1.39556e-07 -7.9309e-07
301.2 1.38871e-07 -5.8322e-07
301.6 4.38332e-07 -3.63508e-07
302 7.46596e-07 -1.42402e-07
302.4 1.05118e-06 7.16699e-08
302.8 1.33987e-06 2.70634e-07
303.2 1.60117e-06 4.47087e-07
303.6 1.82481e-06 5.94584e-07
304 2.00209e-06 7.07884e-07
304.4 2.12625e-06 7.83149e-07
304.8 2.19273e-06 8.18082e-07
305.2 2.19931e-06 8.12004e-07
305.6 2.14619e-06 7.6587e-07
306 2.03598e-06 6.82212e-07
306.4 1.87355e-06 5.65029e-07
306.8 1.66586e-06 4.19611e-07
307.2 1.4216e-06 2.52322e-07
307.6 1.15089e-06 7.03324e-08
308 8.64863e-07 -1.18669e-07
308.4 5.75165e-07 -3.06789e-07
308.8 2.93535e-07 -4.86242e-07
309.2 3.13156e-08 -6.49663e-07
309.6 -2.00994e-07 -7.90396e-07
310 -3.94147e-07 -9.02755e-07
310.4 -5.40512e-07 -9.82238e-07
310.8 -6.34365e-07 -1.0257e-06
311.2 -6.72101e-07 -1.03148e-06
311.6 -6.52364e-07 -9.99422e-07
312 -5.76089e-07 -9.30908e-07
312.4 -4.46442e-07 -8.28769e-07
312.8 -2.68683e-07 -6.97167e-07
313.2 -4.9945e-08 -5.41417e-07
313.6 2.01068e-07 -3.67771e-07
314 4.74432e-07 -1.83159e-07
314.4 7.59408e-07 5.0913e-09
314.8 1.04487e-06 1.89548e-07
315.2 1.31975e-06 3.62974e-07
315.6 1.57347e-06 5.18608e-07
316 1.79636e-06 6.50435e-07
316.4 1.98005e-06 7.53419e-07
316.8 2.11775e-06 8.23694e-07
317.2 2.20454e-06 8.58709e-07
317.6 2.23753e-06 8.57323e-07
318 2.21598e-06 8.19837e-07
318.4 2.14128e-06 7.47973e-07
318.8 2.01689e-06 6.44795e-07
319.2 1.84818e-06 5.14578e-07
319.6 1.64224e-06 3.62629e-07
320 1.4075e-06 1.9507e-07
320.4 1.15348e-06 1.85895e-08
320.8 8.90309e-07 -1.59827e-07
321.2 6.28399e-07 -3.33176e-07
321.6 3.77975e-07 -4.94714e-07
322 1.48694e-07 -6.38219e-07
322.4 -5.07429e-08 -7.58237e-07
322.8 -2.12924e-07 -8.50291e-07
323.2 -3.32013e-07 -9.11049e-07
323.6 -4.03967e-07 -9.38444e-07
324 -4.26682e-07 -9.31754e-07
324.4 -4.00058e-07 -8.9161e-07
324.8 -3.25989e-07 -8.19966e-07
325.2 -2.08268e-07 -7.20009e-07
325.6 -5.24198e-08 -5.96021e-07
326 1.34536e-07 -4.53202e-07
326.4 3.44374e-07 -2.97453e-07
326.8 5.68006e-07 -1.35139e-07
327.2 7.9585e-07 2.71709e-08
327.6 1.01822e-06 1.82963e-07
328 1.2257e-06 3.26041e-07
328.4 1.40954e-06 4.50769e-07
328.8 1.562e-06 5.52291e-07
329.2 1.67662e-06 6.26717e-07
329.6 1.74852e-06 6.71272e-07
330 1.77455e-06 6.84399e-07
330.4 1.75338e-06 6.65808e-07
330.8 1.68563e-06 6.1648e-07
331.2 1.57371e-06 5.3862e-07
331.6 1.42183e-06 4.35557e-07
332 1.23573e-06 3.11603e-07
332.4 1.0225e-06 1.71878e-07
332.8 7.90238e-07 2.20935e-08
333.2 5.47776e-07 -1.31672e-07
333.6 3.04281e-07 -2.83224e-07
334 6.89056e-08 -4.26495e-07
334.4 -1.49577e-07 -5.55788e-07
334.8 -3.43122e-07 -6.66e-07
335.2 -5.04724e-07 -7.52819e-07
335.6 -6.28691e-07 -8.12894e-07
336 -7.10859e-07 -8.43958e-07
336.4 -7.48749e-07 -8.44912e-07
336.8 -7.41649e-07 -8.15861e-07
337.2 -6.90634e-07 -7.58103e-07
337.6 -5.98508e-07 -6.74063e-07
338 -4.69679e-07 -5.67198e-07
338.4 -3.09976e-07 -4.41845e-07
338.8 -1.264e-07 -3.03045e-07
339.2 7.31553e-08 -1.56341e-07
339.6 2.80228e-07 -7.54875e-09
340 4.8613e-07 1.37471e-07
340.4 6.82288e-07 2.7305e-07
340.8 8.60593e-07 3.9393e-07
341.2 1.01371e-06 4.95476e-07
341.6 1.13537e-06 5.73849e-07
342 1.22061e-06 6.26157e-07
342.4 1.26596e-06 6.50563e-07
342.8 1.26957e-06 6.46347e-07
343.2 1.23128e-06 6.13929e-07
343.6 1.15261e-06 5.54845e-07
344 1.03666e-06 4.71674e-07
344.4 8.88042e-07 3.67933e-07
344.8 7.12611e-07 2.47927e-07
345.2 5.17276e-07 1.16575e-07
345.6 3.09694e-07 -2.07921e-08
346 9.79678e-08 -1.58646e-07
346.4 -1.09679e-07 -2.9148e-07
346.8 -3.0523e-07 -4.1403e-07
347.2 -4.81196e-07 -5.2148e-07
347.6 -6.30904e-07 -6.0965e-07
348 -7.48758e-07 -6.7516e-07
348.4 -8.30452e-07 -7.15556e-07
348.8 -8.73137e-07 -7.29401e-07
349.2 -8.75516e-07 -7.16326e-07
349.6 -8.3789e-07 -6.77036e-07
350 -7.6213e-07 -6.13276e-07
350.4 -6.51597e-07 -5.27749e-07
350.8 -5.10992e-07 -4.24009e-07
351.2 -3.46163e-07 -3.06308e-07
351.6 -1.63862e-07 -1.79424e-07
352 2.85257e-08 -4.8467e-08
352.4 2.23284e-07 8.13266e-08
352.8 4.1267e-07 2.04803e-07
353.2 5.89227e-07 3.17097e-07
353.6 7.46071e-07 4.13819e-07
354 8.77168e-07 4.91233e-07
354.4 9.77558e-07 5.46396e-07
354.8 1.04355e-06 5.7727e-07
355.2 1.07287e-06 5.82798e-07
355.6 1.06469e-06 5.62938e-07
356 1.01973e-06 5.18662e-07
356.4 9.40158e-07 4.51903e-07
356.8 8.29496e-07 3.65478e-07
357.2 6.92494e-07 2.62967e-07
357.6 5.34917e-07 1.48566e-07
358 3.63307e-07 2.69158e-08
358.4 1.84719e-07 -9.70847e-08
358.8 6.43457e-09 -2.18476e-07
359.2 -1.64331e-07 -3.32435e-07
359.6 -3.20714e-07 -4.34466e-07
360 -4.56478e-07 -5.20578e-07
360.4 -5.66255e-07 -5.87438e-07
360.8 -6.45753e-07 -6.32502e-07
361.2 -6.91923e-07 -6.54107e-07
361.6 -7.03071e-07 -6.51537e-07
362 -6.78916e-07 -6.25037e-07
362.4 -6.20591e-07 -5.75805e-07
362.8 -5.30591e-07 -5.05933e-07
363.2 -4.12662e-07 -4.1832e-07
363.6 -2.71644e-07 -3.16551e-07
364 -1.13273e-07 -2.04747e-07
364.4 5.6056e-08 -8.74053e-08
364.8 2.29548e-07 3.07907e-08
365.2 4.00281e-07 1.45153e-07
365.6 5.61479e-07 2.51176e-07
366 7.06787e-07 3.44718e-07
366.4 8.30516e-07 4.22158e-07
366.8 9.27871e-07 4.8054e-07
367.2 9.95128e-07 5.17685e-07
367.6 1.02978e-06 5.3227e-07
368 1.03064e-06 5.2388e-07
368.4 9.97855e-07 4.93013e-07
368.8 9.32908e-07 4.41057e-07
369.2 8.38551e-07 3.70229e-07
369.6 7.18685e-07 2.8348e-07
370 5.78194e-07 1.84375e-07
370.4 4.22749e-07 7.69432e-08
370.8 2.58575e-07 -3.44806e-08
371.2 9.2202e-08 -1.45433e-07
371.6 -6.97982e-08 -2.515e-07
372 -2.21072e-07 -3.48491e-07
372.4 -3.55736e-07 -4.32606e-07
372.8 -4.68606e-07 -5.0058e-07
373.2 -5.554e-07 -5.49815e-07
373.6 -6.12899e-07 -5.78474e-07
374 -6.39073e-07 -5.85551e-07
374.4 -6.33147e-07 -5.70906e-07
374.8 -5.9563e-07 -5.35263e-07
375.2 -5.28279e-07 -4.80178e-07
375.6 -4.34025e-07 -4.07968e-07
376 -3.16848e-07 -3.21618e-07
376.4 -1.81611e-07 -2.24657e-07
376.8 -3.38587e-08 -1.2101e-07
377.2 1.20406e-07 -1.48457e-08
377.6 2.74963e-07 8.95965e-08
378 4.23627e-07 1.88172e-07
378.4 5.60491e-07 2.76996e-07
378.8 6.80159e-07 3.52597e-07
379.2 7.77962e-07 4.12054e-07
379.6 8.50134e-07 4.53103e-07
380 8.93955e-07 4.74229e-07
380.4 9.0786e-07 4.7472e-07
380.8 8.91485e-07 4.54689e-07
381.2 8.45678e-07 4.15065e-07
381.6 7.72458e-07 3.57548e-07
382 6.74923e-07 2.84543e-07
382.4 5.57122e-07 1.99054e-07
382.8 4.23891e-07 1.04563e-07
383.2 2.80647e-07 4.88822e-09
383.6 1.33176e-07 -9.59691e-08
384 -1.26031e-08 -1.93986e-07
384.4 -1.50874e-07 -2.85278e-07
384.8 -2.76155e-07 -3.6625e-07
385.2 -3.83515e-07 -4.33743e-07
385.6 -4.68765e-07 -4.85149e-07
386 -5.28622e-07 -5.18521e-07
386.4 -5.60832e-07 -5.32635e-07
386.8 -5.64256e-07 -5.27046e-07
387.2 -5.38906e-07 -5.0209e-07
387.6 -4.85937e-07 -4.58874e-07
388 -4.07598e-07 -3.99221e-07
388.4 -3.0713e-07 -3.25599e-07
388.8 -1.88634e-07 -2.41014e-07
389.2 -5.69028e-08 -1.48889e-07
389.6 8.27743e-08 -5.29254e-08
390 2.24826e-07 4.3045e-08
390.4 3.63623e-07 1.35215e-07
390.8 4.93698e-07 2.19952e-07
391.2 6.09968e-07 2.9394e-07
391.6 7.07929e-07 3.54314e-07
392 7.83836e-07 3.98764e-07
392.4 8.34842e-07 4.25631e-07
392.8 8.59111e-07 4.33962e-07
393.2 8.5588e-07 4.23548e-07
393.6 8.25486e-07 3.94927e-07
394 7.69344e-07 3.49356e-07
394.4 6.89883e-07 2.88758e-07
394.8 5.90447e-07 2.15642e-07
395.2 4.7515e-07 1.32997e-07
395.6 3.48714e-07 4.41757e-08
396 2.16273e-07 -4.72487e-08
396.4 8.31669e-08 -1.3762e-07
396.8 -4.52704e-08 -2.23346e-07
397.2 -1.63925e-07 -3.01043e-07
397.6 -2.68104e-07 -3.67668e-07
398 -3.53721e-07 -4.20635e-07
398.4 -4.17454e-07 -4.57919e-07
398.8 -4.56871e-07 -4.78132e-07
399.2 -4.70525e-07 -4.80571e-07
399.6 -4.58003e-07 -4.65246e-07
400 -4.19937e-07 -4.32874e-07
