-0.498 -1.57859 -0.341945
-0.496 -1.80382 -0.408803
-0.494 -2.02351 -0.482942
-0.492 -2.23598 -0.563116
-0.49 -2.43937 -0.647872
-0.488 -2.63161 -0.735588
-0.486 -2.8105 -0.824522
-0.484 -2.97371 -0.912863
-0.482 -3.11885 -0.998786
-0.48 -3.24354 -1.0805
-0.478 -3.34551 -1.15629
-0.476 -3.42266 -1.2246
-0.474 -3.47315 -1.284
-0.472 -3.49555 -1.33332
-0.47 -3.48885 -1.37158
-0.468 -3.45261 -1.39809
-0.466 -3.38696 -1.41242
-0.464 -3.29268 -1.41446
-0.462 -3.17123 -1.40434
-0.46 -3.02472 -1.38251
-0.458 -2.85593 -1.34966
-0.456 -2.66822 -1.30671
-0.454 -2.4655 -1.25477
-0.452 -2.25209 -1.1951
-0.45 -2.03264 -1.12906
-0.448 -1.81194 -1.05805
-0.446 -1.59482 -0.983457
-0.444 -1.38594 -0.906635
-0.442 -1.18966 -0.828832
-0.44 -1.00986 -0.751173
-0.438 -0.84981 -0.674623
-0.436 -0.712022 -0.599975
-0.434 -0.598182 -0.527831
-0.432 -0.509066 -0.458605
-0.43 -0.444511 -0.39252
-0.428 -0.403417 -0.329624
-0.426 -0.383786 -0.269803
-0.424 -0.38279 -0.212805
-0.422 -0.396884 -0.158264
-0.42 -0.421936 -0.105734
-0.418 -0.453403 -0.0547196
-0.416 -0.486511 -0.00471243
-0.414 -0.516459 0.0447724
-0.412 -0.538617 0.0941618
-0.41 -0.548727 0.143793
-0.408 -0.543072 0.193886
-0.406 -0.518636 0.244521
-0.404 -0.473227 0.29563
-0.402 -0.405572 0.346986
-0.4 -0.315378 0.398213
-0.398 -0.203352 0.448795
-0.396 -0.0711837 0.498097
-0.394 0.0785178 0.545395
-0.392 0.24232 0.589904
-0.39 0.416106 0.630824
-0.388 0.59524 0.667374
-0.386 0.774764 0.698836
-0.384 0.949604 0.724598
-0.382 1.1148 0.744189
-0.38 1.2657 0.757316
-0.378 1.39823 0.763892
-0.376 1.50903 0.764051
-0.374 1.59564 0.758163
-0.372 1.65668 0.746831
-0.37 1.6919 0.730877
-0.368 1.70227 0.711323
-0.366 1.69002 0.689358
-0.364 1.65858 0.666289
-0.362 1.6125 0.643501
-0.36 1.55735 0.622395
-0.358 1.49953 0.604329
-0.356 1.44605 0.590562
-0.354 1.40423 0.582191
-0.352 1.38143 0.580095
-0.35 1.38472 0.584884
-0.348 1.42052 0.596855
-0.346 1.49429 0.615957
-0.344 1.61023 0.641769
-0.342 1.77095 0.673492
-0.34 1.97731 0.709951
-0.338 2.2282 0.749617
-0.336 2.52048 0.790641
-0.334 2.84892 0.830903
-0.332 3.20632 0.868072
-0.33 3.58359 0.899685
-0.328 3.97004 0.923224
-0.326 4.35365 0.936212
-0.324 4.72145 0.936311
-0.322 5.05992 0.921417
-0.32 5.35547 0.889759
-0.318 5.59493 0.839986
-0.316 5.76601 0.771243
-0.314 5.85783 0.683238
-0.312 5.86135 0.576279
-0.31 5.76977 0.451298
-0.308 5.5789 0.309853
-0.306 5.28737 0.154098
-0.304 4.89684 -0.0132577
-0.302 4.41202 -0.189024
-0.3 3.84063 -0.369613
-0.298 3.19322 -0.551149
-0.296 2.48293 -0.72959
-0.294 1.72507 -0.90086
-0.292 0.936711 -1.06099
-0.29 0.136108 -1.20626
-0.288 -0.657862 -1.33335
-0.286 -1.42633 -1.43947
-0.284 -2.15108 -1.52245
-0.282 -2.81514 -1.5809
-0.28 -3.40343 -1.6142
-0.278 -3.9033 -1.62264
-0.276 -4.30498 -1.60733
-0.274 -4.60203 -1.57025
-0.272 -4.79158 -1.5142
-0.27 -4.87456 -1.44264
-0.268 -4.85568 -1.35966
-0.266 -4.74336 -1.26979
-0.264 -4.54948 -1.17784
-0.262 -4.289 -1.08875
-0.26 -3.97949 -1.00735
-0.258 -3.64051 -0.938227
-0.256 -3.29289 -0.885492
-0.254 -2.95805 -0.852621
-0.252 -2.65713 -0.842291
-0.25 -2.41023 -0.856245
-0.248 -2.2356 -0.895184
-0.246 -2.14887 -0.958698
-0.244 -2.16242 -1.04522
-0.242 -2.28478 -1.15205
-0.24 -2.52015 -1.27538
-0.238 -2.86816 -1.41038
-0.236 -3.32366 -1.55133
-0.234 -3.87675 -1.69181
-0.232 -4.51298 -1.82486
-0.23 -5.21365 -1.9432
-0.228 -5.9564 -2.03953
-0.226 -6.71575 -2.10673
-0.224 -7.46395 -2.13817
-0.222 -8.17182 -2.12793
-0.22 -8.80965 -2.07105
-0.218 -9.34821 -1.96378
-0.216 -9.75971 -1.80372
-0.214 -10.0188 -1.59001
-0.212 -10.1034 -1.3234
-0.21 -9.99549 -1.00632
-0.208 -9.68208 -0.642898
-0.206 -9.15536 -0.238832
-0.204 -8.41334 0.198666
-0.202 -7.46 0.66108
-0.2 -6.30524 1.13881
-0.198 -4.96477 1.62146
-0.196 -3.45969 2.09812
-0.194 -1.81595 2.55773
-0.192 -0.0636215 2.98941
-0.19 1.76394 3.38283
-0.188 3.63105 3.72854
-0.186 5.50079 4.01829
-0.184 7.33604 4.2453
-0.182 9.1006 4.40453
-0.18 10.7603 4.49282
-0.178 12.2837 4.50906
-0.176 13.6437 4.45417
-0.174 14.8172 4.33116
-0.172 15.7868 4.14498
-0.17 16.5403 3.9024
-0.168 17.0717 3.61175
-0.166 17.3806 3.28268
-0.164 17.4725 2.92578
-0.162 17.3582 2.55226
-0.16 17.0533 2.17356
-0.158 16.5775 1.80089
-0.156 15.9538 1.44489
-0.154 15.2075 1.11524
-0.152 14.3652 0.820275
-0.15 13.4537 0.56671
-0.148 12.4991 0.359386
-0.146 11.5256 0.201083
-0.144 10.5549 0.0924247
-0.142 9.60523 0.0318474
-0.14 8.69072 0.0156647
-0.138 7.82115 0.0382087
-0.136 7.00162 0.0920529
-0.134 6.23254 0.168305
-0.132 5.50984 0.256963
-0.13 4.82535 0.347319
-0.128 4.16741 0.428394
-0.126 3.52156 0.489397
-0.124 2.87146 0.52018
-0.122 2.19983 0.511676
-0.12 1.48949 0.456309
-0.118 0.724364 0.348352
-0.116 -0.109551 0.184221
-0.114 -1.02326 -0.0373067
-0.112 -2.02399 -0.314954
-0.11 -3.11462 -0.644904
-0.108 -4.29318 -1.02086
-0.106 -5.55265 -1.43418
-0.104 -6.8809 -1.87414
-0.102 -8.26093 -2.32827
-0.1 -9.67119 -2.78276
-0.098 -11.0863 -3.22296
-0.096 -12.4776 -3.63387
-0.094 -13.8146 -4.00078
-0.092 -15.0652 -4.30976
-0.09 -16.1978 -4.54829
-0.088 -17.1817 -4.70573
-0.086 -17.9885 -4.77383
-0.084 -18.5931 -4.74711
-0.082 -18.9747 -4.62315
-0.08 -19.1174 -4.40279
-0.078 -19.0105 -4.09017
-0.076 -18.6494 -3.69274
-0.074 -18.0351 -3.22103
-0.072 -17.1742 -2.68838
-0.07 -16.0787 -2.11055
-0.068 -14.7654 -1.50517
-0.066 -13.2549 -0.891236
-0.064 -11.5715 -0.288388
-0.062 -9.74153 0.283722
-0.06 -7.7934 0.806145
-0.058 -5.75628 1.26133
-0.056 -3.65965 1.63375
-0.054 -1.53274 1.91055
-0.052 0.595898 2.082
-0.05 2.69872 2.14197
-0.048 4.74937 2.08819
-0.046 6.72289 1.92242
-0.044 8.59578 1.6505
-0.042 10.3462 1.28224
-0.04 11.954 0.831116
-0.038 13.401 0.313931
-0.036 14.671 -0.24974
-0.034 15.7499 -0.838174
-0.032 16.6261 -1.42823
-0.03 17.29 -1.99617
-0.028 17.7346 -2.51848
-0.026 17.9551 -2.97277
-0.024 17.949 -3.33862
-0.022 17.7161 -3.59837
-0.02 17.2587 -3.7379
-0.018 16.5819 -3.7472
-0.016 15.6937 -3.62088
-0.014 14.6055 -3.35846
-0.012 13.3318 -2.96449
-0.01 11.8904 -2.44848
-0.008 10.3017 -1.82466
-0.006 8.58814 -1.11146
-0.004 6.77348 -0.330871
-0.002 4.8822 0.492325
0 2.93914 1.33153
0.002 0.969504 2.15933
0.004 -1.00109 2.94857
0.006 -2.9464 3.67339
0.008 -4.83963 4.31025
0.01 -6.6538 4.83884
0.012 -8.36239 5.24278
0.014 -9.94013 5.51029
0.016 -11.3637 5.63457
0.018 -12.6125 5.61398
0.02 -13.6685 5.45205
0.022 -14.5167 5.15731
0.024 -15.145 4.74286
0.026 -15.5438 4.22586
0.028 -15.7065 3.62679
0.03 -15.629 2.96868
0.032 -15.3102 2.27626
0.034 -14.752 1.575
0.036 -13.9597 0.890245
0.038 -12.9417 0.246316
0.04 -11.7098 -0.334306
0.042 -10.279 -0.831714
0.044 -8.66738 -1.2292
0.046 -6.89591 -1.51374
0.048 -4.98815 -1.67639
0.05 -2.97005 -1.71247
0.052 -0.869722 -1.62162
0.054 1.2828 -1.40778
0.056 3.45589 -1.07891
0.058 5.61665 -0.646695
0.06 7.73133 -0.126029
0.062 9.76593 0.465496
0.064 11.6868 1.10825
0.066 13.4615 1.78127
0.068 15.0595 2.46295
0.07 16.4531 3.1318
0.072 17.6185 3.76715
0.074 18.5362 4.34983
0.076 19.1922 4.86278
0.078 19.5783 5.29155
0.08 19.6926 5.62475
0.082 19.5396 5.85433
0.084 19.13 5.97578
0.086 18.4806 5.98818
0.088 17.6137 5.89409
0.09 16.5561 5.69938
0.092 15.3384 5.41291
0.094 13.9938 5.04611
0.096 12.5567 4.61247
0.098 11.0619 4.12703
0.1 9.54299 3.60574
0.102 8.03132 3.06491
0.104 6.55508 2.52058
0.106 5.13834 1.98795
0.108 3.80039 1.4809
0.11 2.55527 1.0115
0.112 1.41157 0.589702
0.114 0.372363 0.223004
0.116 -0.564528 -0.0836792
0.118 -1.40612 -0.328105
0.12 -2.16365 -0.510666
0.122 -2.85179 -0.634262
0.124 -3.48771 -0.704081
0.126 -4.09008 -0.727297
0.128 -4.67797 -0.712707
0.13 -5.26984 -0.670319
0.132 -5.88243 -0.610897
0.134 -6.52988 -0.545506
0.136 -7.22288 -0.485042
0.138 -7.968 -0.439793
0.14 -8.76727 -0.419025
0.142 -9.61787 -0.430617
0.144 -10.5121 -0.480761
0.146 -11.4376 -0.573721
0.148 -12.3776 -0.711678
0.15 -13.3117 -0.894658
0.152 -14.2163 -1.12054
0.154 -15.0659 -1.38513
0.156 -15.8335 -1.68238
0.158 -16.4921 -2.00456
0.16 -17.0157 -2.34263
0.162 -17.3798 -2.68653
0.164 -17.5634 -3.02563
0.166 -17.5487 -3.34905
0.168 -17.323 -3.64616
0.17 -16.8785 -3.90688
0.172 -16.2131 -4.12215
0.174 -15.3308 -4.28417
0.176 -14.2411 -4.38673
0.178 -12.9597 -4.4254
0.18 -11.5072 -4.39772
0.182 -9.90947 -4.30324
0.184 -8.19613 -4.14353
0.186 -6.40021 -3.92214
0.188 -4.55699 -3.64445
0.19 -2.70301 -3.31745
0.192 -0.87499 -2.94954
0.194 0.891227 -2.55018
0.196 2.56174 -2.12961
0.198 4.10557 -1.69847
0.2 5.49555 -1.26745
0.202 6.7091 -0.846918
0.204 7.72887 -0.446641
0.206 8.54312 -0.0754283
0.208 9.14603 0.259114
0.21 9.53776 0.5508
0.212 9.72425 0.79503
0.214 9.71694 0.98889
0.216 9.53223 1.1312
0.218 9.19079 1.22249
0.22 8.71682 1.26492
0.222 8.13711 1.26216
0.224 7.48011 1.2192
0.226 6.77495 1.14213
0.228 6.05044 1.03789
0.23 5.33415 0.914014
0.232 4.65154 0.778305
0.234 4.02519 0.638588
0.236 3.47411 0.502421
0.238 3.01326 0.376835
0.24 2.65318 0.268105
0.242 2.39979 0.181547
0.244 2.25436 0.121364
0.246 2.21362 0.090523
0.248 2.27006 0.0906913
0.25 2.41232 0.122213
0.252 2.62575 0.184137
0.254 2.893 0.274291
0.256 3.19479 0.389398
0.258 3.51062 0.525225
0.26 3.81961 0.676768
0.262 4.10126 0.838453
0.264 4.33624 1.00435
0.266 4.50707 1.1684
0.268 4.59877 1.32463
0.27 4.59937 1.46733
0.272 4.50032 1.5913
0.274 4.29676 1.69193
0.276 3.98761 1.76542
0.278 3.57559 1.80882
0.28 3.06704 1.82013
0.282 2.47161 1.79834
0.284 1.80189 1.74345
0.286 1.07285 1.65643
0.288 0.301348 1.53917
0.29 -0.494571 1.3944
0.292 -1.29627 1.2256
0.294 -2.08516 1.03687
0.296 -2.84334 0.832755
0.298 -3.55415 0.618122
0.3 -4.20265 0.397987
0.302 -4.77608 0.177355
0.304 -5.2642 -0.0389373
0.306 -5.65948 -0.246367
0.308 -5.95729 -0.440854
0.31 -6.15594 -0.618868
0.312 -6.25659 -0.777526
0.314 -6.26315 -0.914645
0.316 -6.18204 -1.02879
0.318 -6.02187 -1.11928
0.32 -5.79309 -1.18617
0.322 -5.50759 -1.23023
0.324 -5.1782 -1.25286
0.326 -4.81827 -1.25602
0.328 -4.44118 -1.24213
0.33 -4.05987 -1.21398
0.332 -3.68645 -1.17458
0.334 -3.33179 -1.12709
0.336 -3.00522 -1.07466
0.338 -2.71429 -1.02033
0.34 -2.46456 -0.966962
0.342 -2.25958 -0.917103
0.344 -2.10081 -0.872938
0.346 -1.98772 -0.836229
0.348 -1.91791 -0.808277
0.35 -1.88732 -0.789904
0.352 -1.89051 -0.781457
0.354 -1.9209 -0.782826
0.356 -1.97114 -0.793478
0.358 -2.03347 -0.81251
0.36 -2.10001 -0.838709
0.362 -2.16317 -0.870616
0.364 -2.21589 -0.906604
0.366 -2.25194 -0.944951
0.368 -2.26612 -0.983912
0.37 -2.25446 -1.02179
0.372 -2.2143 -1.057
0.374 -2.14432 -1.08811
0.376 -2.04457 -1.11389
0.378 -1.9164 -1.13337
0.38 -1.76234 -1.1458
0.382 -1.58594 -1.1507
0.384 -1.39161 -1.14787
0.386 -1.18437 -1.13731
0.388 -0.969672 -1.1193
0.39 -0.753122 -1.09427
0.392 -0.540274 -1.06285
0.394 -0.336403 -1.02579
0.396 -0.146296 -0.983927
0.398 0.025925 -0.938161
0.4 0.176967 -0.889398
0.402 0.304483 -0.838515
0.404 0.407164 -0.786317
0.406 0.484777 -0.733507
0.408 0.53816 -0.680646
0.41 0.569177 -0.628141
0.412 0.580618 -0.576223
0.414 0.576071 -0.524944
0.416 0.559759 -0.474184
0.418 0.536349 -0.423662
0.42 0.510757 -0.372962
0.422 0.487931 -0.321565
0.424 0.472653 -0.268886
0.426 0.469339 -0.214321
0.428 0.481861 -0.157285
0.43 0.513391 -0.0972635
0.432 0.566277 -0.0338499
0.434 0.641948 0.0332155
0.436 0.740858 0.104016
0.438 0.862468 0.178434
0.44 1.00527 0.256139
0.442 1.16685 0.336586
0.444 1.34397 0.419017
0.446 1.53272 0.50248
0.448 1.72866 0.585856
0.45 1.92697 0.667883
0.452 2.12266 0.747203
0.454 2.31071 0.822398
0.456 2.48626 0.892036
0.458 2.64476 0.954721
0.46 2.78211 1.00913
0.462 2.89474 1.05408
0.464 2.97976 1.08854
0.466 3.03499 1.11169
0.468 3.05903 1.12294
0.47 3.05128 1.12198
0.472 3.0119 1.10873
0.474 2.94184 1.08344
0.476 2.84273 1.0466
0.478 2.71677 0.998953
0.48 2.56668 0.941497
0.482 2.3955 0.875426
0.484 2.20652 0.802109
0.486 2.0031 0.723048
0.488 1.78857 0.639842
0.49 1.56616 0.554145
0.492 1.33888 0.467621
0.494 1.10945 0.381903
0.496 0.880322 0.29855
0.498 0.653563 0.21901
0.4 0.188384 0.165876
0.8 0.18953 0.16679
1.2 0.191424 0.168296
1.6 0.19404 0.170371
2 0.197344 0.172981
2.4 0.201293 0.176085
2.8 0.205834 0.179633
3.2 0.21091 0.183568
3.6 0.216454 0.18783
4 0.222398 0.192351
4.4 0.228666 0.197062
4.8 0.23518 0.20189
5.2 0.241862 0.206762
5.6 0.248633 0.211605
6 0.255412 0.216348
6.4 0.262125 0.220922
6.8 0.268696 0.225262
7.2 0.275056 0.229306
7.6 0.281141 0.233001
8 0.286892 0.236298
8.4 0.292258 0.239153
8.8 0.297194 0.241531
9.2 0.301663 0.243406
9.6 0.305637 0.244756
10 0.309096 0.245568
10.4 0.312028 0.245837
10.8 0.314427 0.245564
11.2 0.316299 0.244756
11.6 0.317655 0.243426
12 0.318513 0.241594
12.4 0.318897 0.23928
12.8 0.318837 0.236513
13.2 0.318369 0.233321
13.6 0.317529 0.229736
14 0.316361 0.225791
14.4 0.314907 0.22152
14.8 0.313212 0.216955
15.2 0.311321 0.212129
15.6 0.309277 0.207074
16 0.307124 0.201819
16.4 0.304902 0.196392
16.8 0.302647 0.190818
17.2 0.300393 0.185121
17.6 0.298169 0.17932
18 0.296001 0.173434
18.4 0.293908 0.167478
18.8 0.291905 0.161466
19.2 0.290002 0.155409
19.6 0.288204 0.149319
20 0.28651 0.143203
20.4 0.284916 0.137072
20.8 0.283412 0.130932
21.2 0.281985 0.124793
21.6 0.280618 0.118664
22 0.279292 0.112554
22.4 0.277984 0.106475
22.8 0.276672 0.100439
23.2 0.27533 0.09446
23.6 0.273934 0.0885543
24 0.272458 0.0827393
24.4 0.27088 0.0770341
24.8 0.269177 0.0714596
25.2 0.267329 0.0660378
25.6 0.265318 0.060792
26 0.263131 0.055746
26.4 0.260757 0.0509239
26.8 0.258189 0.0463498
27.2 0.255424 0.0420471
27.6 0.252463 0.0380382
28 0.249311 0.0343437
28.4 0.245979 0.0309823
28.8 0.242479 0.0279702
29.2 0.23883 0.0253205
29.6 0.235052 0.0230429
30 0.23117 0.0211437
30.4 0.227211 0.0196249
30.8 0.223205 0.0184847
31.2 0.219183 0.0177167
31.6 0.215177 0.0173105
32 0.211222 0.0172515
32.4 0.20735 0.0175208
32.8 0.203595 0.0180958
33.2 0.199989 0.0189504
33.6 0.196564 0.0200549
34 0.193346 0.0213774
34.4 0.190363 0.0228831
34.8 0.187638 0.0245358
35.2 0.18519 0.0262978
35.6 0.183035 0.0281308
36 0.181185 0.0299964
36.4 0.179648 0.0318565
36.8 0.178428 0.0336741
37.2 0.177524 0.0354138
37.6 0.176932 0.0370421
38 0.176641 0.038528
38.4 0.176641 0.0398434
38.8 0.176913 0.0409633
39.2 0.177438 0.0418666
39.6 0.178194 0.0425355
40 0.179155 0.0429564
40.4 0.180293 0.0431196
40.8 0.181579 0.0430195
41.2 0.182982 0.0426544
41.6 0.184472 0.0420267
42 0.186016 0.0411426
42.4 0.187585 0.0400118
42.8 0.189147 0.0386476
43.2 0.190674 0.0370662
43.6 0.192137 0.0352868
44 0.193511 0.0333313
44.4 0.194773 0.0312236
44.8 0.1959 0.0289896
45.2 0.196876 0.0266568
45.6 0.197684 0.0242541
46 0.198312 0.0218109
46.4 0.198749 0.0193575
46.8 0.198988 0.0169244
47.2 0.199025 0.0145422
47.6 0.198859 0.0122411
48 0.198489 0.0100507
48.4 0.197919 0.00799998
48.8 0.197154 0.00611678
49.2 0.1962 0.00442781
49.6 0.195064 0.00295835
50 0.193758 0.0017321
50.4 0.19229 0.00077102
50.8 0.19067 9.51677e-05
51.2 0.188911 -0.000277427
51.6 0.187024 -0.000330903
52 0.185019 -5.16836e-05
52.4 0.182908 0.000571407
52.8 0.180701 0.00154704
53.2 0.178408 0.0028813
53.6 0.17604 0.00457756
54 0.173605 0.00663647
54.4 0.171112 0.00905583
54.8 0.16857 0.0118306
55.2 0.165986 0.0149528
55.6 0.163368 0.0184116
56 0.160724 0.0221932
56.4 0.158062 0.026281
56.8 0.155389 0.0306554
57.2 0.152713 0.0352942
57.6 0.150043 0.0401727
58 0.147388 0.0452633
58.4 0.144757 0.0505365
58.8 0.142162 0.0559603
59.2 0.139613 0.0615011
59.6 0.137123 0.0671234
60 0.134705 0.0727905
60.4 0.132373 0.0784645
60.8 0.130142 0.0841068
61.2 0.128026 0.0896785
61.6 0.126041 0.0951407
62 0.124204 0.100455
62.4 0.12253 0.105582
62.8 0.121034 0.110487
63.2 0.119733 0.115134
63.6 0.11864 0.119489
64 0.117769 0.123521
64.4 0.117133 0.127202
64.8 0.116741 0.130506
65.2 0.116602 0.133409
65.6 0.116724 0.135893
66 0.11711 0.137942
66.4 0.117762 0.139544
66.8 0.118679 0.140691
67.2 0.119858 0.141379
67.6 0.121292 0.141607
68 0.122973 0.141379
68.4 0.124887 0.140704
68.8 0.127021 0.139592
69.2 0.129357 0.138059
69.6 0.131875 0.136123
70 0.134554 0.133806
70.4 0.13737 0.131134
70.8 0.140297 0.128133
71.2 0.143308 0.124833
71.6 0.146376 0.121267
72 0.149472 0.117468
72.4 0.152567 0.11347
72.8 0.155632 0.10931
73.2 0.158638 0.105023
73.6 0.161558 0.100645
74 0.164365 0.0962128
74.4 0.167033 0.0917612
74.8 0.169537 0.0873243
75.2 0.171856 0.0829352
75.6 0.173969 0.078625
76 0.175857 0.0744229
76.4 0.177504 0.0703559
76.8 0.178897 0.0664486
77.2 0.180023 0.0627229
77.6 0.180874 0.059198
78 0.181442 0.0558901
78.4 0.181723 0.0528123
78.8 0.181714 0.0499749
79.2 0.181414 0.0473848
79.6 0.180826 0.0450462
80 0.179952 0.0429601
80.4 0.178796 0.0411247
80.8 0.177365 0.0395353
81.2 0.175667 0.0381846
81.6 0.17371 0.0370631
82 0.171503 0.0361588
82.4 0.169057 0.0354577
82.8 0.166382 0.0349442
83.2 0.163491 0.0346011
83.6 0.160395 0.0344098
84 0.157106 0.0343511
84.4 0.153637 0.0344047
84.8 0.150001 0.0345502
85.2 0.14621 0.0347669
85.6 0.142277 0.0350343
86 0.138215 0.0353325
86.4 0.134037 0.0356419
86.8 0.129756 0.035944
87.2 0.125385 0.0362214
87.6 0.120937 0.0364579
88 0.116425 0.036639
88.4 0.111862 0.0367516
88.8 0.107262 0.0367843
89.2 0.102637 0.0367277
89.6 0.0980013 0.0365741
90 0.0933676 0.0363178
90.4 0.088749 0.035955
90.8 0.0841589 0.0354838
91.2 0.0796101 0.0349041
91.6 0.0751156 0.0342175
92 0.070688 0.0334274
92.4 0.0663395 0.0325386
92.8 0.0620823 0.0315574
93.2 0.0579277 0.0304913
93.6 0.0538868 0.0293488
94 0.0499698 0.0281393
94.4 0.0461864 0.0268731
94.8 0.0425454 0.0255608
95.2 0.0390548 0.0242133
95.6 0.0357215 0.0228417
96 0.0325516 0.0214573
96.4 0.0295501 0.0200707
96.8 0.0267207 0.0186925
97.2 0.0240661 0.0173327
97.6 0.021588 0.0160006
98 0.0192866 0.0147048
98.4 0.0171612 0.013453
98.8 0.0152099 0.0122519
99.2 0.0134298 0.0111074
99.6 0.0118168 0.0100242
100 0.0103659 0.00900625
100.4 0.00907123 0.00805616
100.8 0.00792604 0.00717572
101.2 0.00692289 0.00636575
101.6 0.0060537 0.00562616
102 0.00530985 0.00495601
102.4 0.00468232 0.00435364
102.8 0.00416179 0.00381669
103.2 0.00373873 0.00334228
103.6 0.00340353 0.002927
104 0.00314662 0.00256711
104.4 0.00295854 0.00225858
104.8 0.00283006 0.00199721
105.2 0.00275226 0.00177869
105.6 0.00271661 0.00159874
106 0.00271508 0.00145315
106.4 0.00274013 0.00133785
106.8 0.00278483 0.00124898
107.2 0.00284288 0.00118293
107.6 0.00290864 0.00113639
108 0.00297713 0.00110637
108.4 0.00304407 0.00109021
108.8 0.00310588 0.00108559
109.2 0.00315962 0.00109054
109.6 0.00320305 0.00110339
110 0.0032345 0.00112282
110.4 0.00325294 0.00114776
110.8 0.00325784 0.00117738
111.2 0.00324918 0.0012111
111.6 0.00322735 0.00124848
112 0.00319314 0.00128924
112.4 0.00314764 0.0013332
112.8 0.00309217 0.00138022
113.2 0.00302827 0.00143022
113.6 0.00295755 0.00148309
114 0.00288173 0.0015387
114.4 0.00280249 0.00159685
114.8 0.00272147 0.00165728
115.2 0.00264022 0.00171963
115.6 0.00256013 0.00178347
116 0.00248241 0.00184824
116.4 0.00240805 0.00191332
116.8 0.00233784 0.00197798
117.2 0.00227228 0.00204142
117.6 0.00221163 0.00210278
118 0.0021559 0.00216118
118.4 0.00210484 0.00221569
118.8 0.00205797 0.00226539
119.2 0.0020146 0.00230939
119.6 0.00197383 0.00234683
120 0.00193463 0.00237693
120.4 0.00189583 0.00239898
120.8 0.00185618 0.00241238
121.2 0.00181439 0.00241665
121.6 0.00176915 0.00241144
122 0.0017192 0.00239653
122.4 0.00166336 0.00237183
122.8 0.00160055 0.00233743
123.2 0.00152984 0.00229354
123.6 0.00145049 0.0022405
124 0.00136195 0.0021788
124.4 0.0012639 0.00210903
124.8 0.00115625 0.00203192
125.2 0.00103918 0.00194826
125.6 0.000913084 0.00185892
126 0.000778626 0.00176485
126.4 0.00063669 0.00166701
126.8 0.000488378 0.0015664
127.2 0.000334985 0.00146403
127.6 0.000177971 0.00136088
128 1.89314e-05 0.00125792
128.4 -0.000140439 0.00115606
128.8 -0.000298384 0.00105617
129.2 -0.000453124 0.000959035
129.6 -0.000602895 0.000865388
130 -0.000745988 0.000775865
130.4 -0.000880788 0.00069102
130.8 -0.0010058 0.000611317
131.2 -0.00111971 0.000537131
131.6 -0.00122137 0.000468749
132 -0.00130984 0.00040637
132.4 -0.00138443 0.000350112
132.8 -0.00144468 0.000300017
133.2 -0.00149038 0.000256053
133.6 -0.00152157 0.000218126
134 -0.00153854 0.000186083
134.4 -0.00154181 0.000159723
134.8 -0.00153214 0.0001388
135.2 -0.00151046 0.000123031
135.6 -0.0014779 0.000112105
136 -0.00143574 0.000105687
136.4 -0.00138538 0.000103425
136.8 -0.0013283 0.000104951
137.2 -0.00126603 0.000109892
137.6 -0.00120015 0.000117866
138 -0.00113221 0.000128492
138.4 -0.00106372 0.000141389
138.8 -0.000996131 0.000156175
139.2 -0.000930782 0.000172477
139.6 -0.000868907 0.000189924
140 -0.000811595 0.000208154
140.4 -0.000759781 0.000226811
140.8 -0.000714234 0.00024555
141.2 -0.000675552 0.000264034
141.6 -0.000644152 0.000281939
142 -0.000620282 0.000298955
142.4 -0.000604013 0.000314785
142.8 -0.000595259 0.00032915
143.2 -0.00059378 0.000341791
143.6 -0.000599201 0.000352469
144 -0.000611026 0.00036097
144.4 -0.000628656 0.000367106
144.8 -0.000651409 0.00037072
145.2 -0.000678538 0.000371683
145.6 -0.00070925 0.000369905
146 -0.000742728 0.000365327
146.4 -0.000778146 0.000357932
146.8 -0.000814687 0.000347738
147.2 -0.000851559 0.000334804
147.6 -0.000888008 0.000319229
148 -0.00092333 0.00030115
148.4 -0.00095688 0.000280742
148.8 -0.000988081 0.000258213
149.2 -0.00101643 0.000233808
149.6 -0.00104149 0.000207797
150 -0.00106292 0.000180479
150.4 -0.00108044 0.000152172
150.8 -0.00109387 0.00012321
151.2 -0.00110307 9.3938e-05
151.6 -0.001108 6.47058e-05
152 -0.00110867 3.58625e-05
152.4 -0.00110517 7.75047e-06
152.8 -0.00109763 -1.93003e-05
153.2 -0.00108624 -4.49777e-05
153.6 -0.00107122 -6.89926e-05
154 -0.00105287 -9.10837e-05
154.4 -0.00103147 -0.000111022
154.8 -0.00100738 -0.000128613
155.2 -0.000980954 -0.000143702
155.6 -0.000952587 -0.000156174
156 -0.000922682 -0.000165956
156.4 -0.000891654 -0.00017302
156.8 -0.00085993 -0.000177376
157.2 -0.00082794 -0.000179078
157.6 -0.000796114 -0.000178221
158 -0.000764879 -0.000174933
158.4 -0.000734654 -0.00016938
158.8 -0.000705843 -0.000161757
159.2 -0.000678834 -0.000152285
159.6 -0.000653991 -0.000141207
160 -0.000631651 -0.000128784
160.4 -0.000612117 -0.00011529
160.8 -0.000595655 -0.000101004
161.2 -0.000582486 -8.62101e-05
161.6 -0.000572785 -7.11891e-05
162 -0.000566674 -5.62152e-05
162.4 -0.00056422 -4.15514e-05
162.8 -0.000565431 -2.74461e-05
163.2 -0.000570253 -1.41291e-05
163.6 -0.000578573 -1.80867e-06
164 -0.000590215 9.33062e-06
164.4 -0.000604942 1.91303e-05
164.8 -0.000622459 2.74593e-05
165.2 -0.000642419 3.4215e-05
165.6 -0.000664423 3.93234e-05
166 -0.000688032 4.27392e-05
166.4 -0.000712768 4.44453e-05
166.8 -0.00073813 4.44518e-05
167.2 -0.000763595 4.27943e-05
167.6 -0.000788633 3.95328e-05
168 -0.000812716 3.47488e-05
168.4 -0.000835328 2.85441e-05
168.8 -0.000855975 2.10372e-05
169.2 -0.000874195 1.23617e-05
169.6 -0.000889568 2.66282e-06
170 -0.000901724 -7.9048e-06
170.4 -0.000910348 -1.91801e-05
170.8 -0.000915193 -3.09982e-05
171.2 -0.000916078 -4.31929e-05
171.6 -0.000912892 -5.55993e-05
172 -0.000905602 -6.80562e-05
172.4 -0.000894245 -8.04079e-05
172.8 -0.000878933 -9.25065e-05
173.2 -0.000859844 -0.000104213
173.6 -0.000837224 -0.0001154
174 -0.000811375 -0.000125952
174.4 -0.000782653 -0.000135766
174.8 -0.000751453 -0.000144754
175.2 -0.00071821 -0.000152841
175.6 -0.00068338 -0.000159968
176 -0.000647436 -0.000166091
176.4 -0.000610856 -0.000171179
176.8 -0.000574115 -0.000175216
177.2 -0.000537675 -0.0001782
177.6 -0.000501974 -0.000180143
178 -0.000467424 -0.000181066
178.4 -0.000434401 -0.000181006
178.8 -0.000403237 -0.000180004
179.2 -0.000374222 -0.000178115
179.6 -0.000347596 -0.000175397
180 -0.000323547 -0.000171918
180.4 -0.000302215 -0.000167748
180.8 -0.000283687 -0.000162961
181.2 -0.000268004 -0.000157634
181.6 -0.000255158 -0.000151843
182 -0.0002451 -0.000145664
182.4 -0.000237742 -0.000139172
182.8 -0.000232964 -0.000132439
183.2 -0.000230613 -0.000125532
183.6 -0.000230517 -0.000118516
184 -0.000232481 -0.00011145
184.4 -0.000236299 -0.000104386
184.8 -0.000241756 -9.73723e-05
185.2 -0.00024863 -9.04498e-05
185.6 -0.000256701 -8.36539e-05
186 -0.00026575 -7.7014e-05
186.4 -0.000275562 -7.05538e-05
186.8 -0.000285934 -6.42918e-05
187.2 -0.000296666 -5.82416e-05
187.6 -0.000307574 -5.24127e-05
188 -0.000318481 -4.68107e-05
188.4 -0.000329224 -4.14386e-05
188.8 -0.000339648 -3.62969e-05
189.2 -0.000349612 -3.13847e-05
189.6 -0.000358984 -2.66999e-05
190 -0.00036764 -2.22403e-05
190.4 -0.000375467 -1.80041e-05
190.8 -0.000382361 -1.399e-05
191.2 -0.000388227 -1.01978e-05
191.6 -0.000392975 -6.62883e-06
192 -0.000396526 -3.2859e-06
192.4 -0.000398811 -1.73375e-07
192.8 -0.000399767 2.70282e-06
193.2 -0.000399344 5.33543e-06
193.6 -0.0003975 7.71613e-06
194 -0.000394209 9.83591e-06
194.4 -0.000389454 1.16855e-05
194.8 -0.000383236 1.32559e-05
195.2 -0.000375568 1.45389e-05
195.6 -0.000366482 1.55276e-05
196 -0.000356025 1.62172e-05
196.4 -0.000344262 1.66052e-05
196.8 -0.000331275 1.66922e-05
197.2 -0.000317164 1.64819e-05
197.6 -0.000302043 1.59821e-05
198 -0.000286044 1.52044e-05
198.4 -0.000269309 1.41644e-05
198.8 -0.000251994 1.28821e-05
199.2 -0.000234264 1.13813e-05
199.6 -0.00021629 9.68979e-06
200 -0.000198246 7.83868e-06
200.4 -0.000180308 5.86211e-06
200.8 -0.000162648 3.79667e-06
201.2 -0.000145435 1.68068e-06
201.6 -0.000128826 -4.46515e-07
202 -0.000112969 -2.54533e-06
202.4 -9.79961e-05 -4.57675e-06
202.8 -8.40253e-05 -6.50322e-06
203.2 -7.11547e-05 -8.28937e-06
203.6 -5.94633e-05 -9.9029e-06
204 -4.90099e-05 -1.13152e-05
204.4 -3.9832e-05 -1.25022e-05
204.8 -3.19469e-05 -1.34445e-05
205.2 -2.53513e-05 -1.41284e-05
205.6 -2.00232e-05 -1.45455e-05
206 -1.59231e-05 -1.46937e-05
206.4 -1.29956e-05 -1.45765e-05
206.8 -1.11721e-05 -1.42033e-05
207.2 -1.03728e-05 -1.35889e-05
207.6 -1.05094e-05 -1.27533e-05
208 -1.14878e-05 -1.17213e-05
208.4 -1.32103e-05 -1.05215e-05
208.8 -1.55783e-05 -9.18604e-06
209.2 -1.84945e-05 -7.74942e-06
209.6 -2.1865e-05 -6.24793e-06
210 -2.56006e-05 -4.71869e-06
210.4 -2.96187e-05 -3.19878e-06
210.8 -3.38439e-05 -1.7244e-06
211.2 -3.82087e-05 -3.30031e-07
211.6 -4.26539e-05 9.52341e-07
212 -4.71281e-05 2.09388e-06
212.4 -5.15877e-05 3.06954e-06
212.8 -5.59958e-05 3.85852e-06
213.2 -6.03213e-05 4.44468e-06
213.6 -6.4538e-05 4.81676e-06
214 -6.86233e-05 4.96857e-06
214.4 -7.25568e-05 4.89891e-06
214.8 -7.63191e-05 4.61155e-06
215.2 -7.98909e-05 4.11494e-06
215.6 -8.32518e-05 3.42189e-06
216 -8.63796e-05 2.54914e-06
216.4 -8.92498e-05 1.5169e-06
216.8 -9.18353e-05 3.4822e-07
217.2 -9.41066e-05 -9.31579e-07
217.6 -9.60316e-05 -2.29555e-06
218 -9.75769e-05 -3.71575e-06
218.4 -9.8708e-05 -5.16393e-06
218.8 -9.93907e-05 -6.61206e-06
219.2 -9.95918e-05 -8.03299e-06
219.6 -9.92813e-05 -9.40091e-06
220 -9.84328e-05 -1.06918e-05
220.4 -9.70254e-05 -1.1884e-05
220.8 -9.50448e-05 -1.29581e-05
221.2 -9.24846e-05 -1.38977e-05
221.6 -8.93472e-05 -1.4689e-05
222 -8.56442e-05 -1.53216e-05
222.4 -8.13977e-05 -1.57875e-05
222.8 -7.66396e-05 -1.60821e-05
223.2 -7.14119e-05 -1.62033e-05
223.6 -6.57662e-05 -1.61515e-05
224 -5.97627e-05 -1.59295e-05
224.4 -5.34693e-05 -1.55423e-05
224.8 -4.69604e-05 -1.49964e-05
225.2 -4.03147e-05 -1.43e-05
225.6 -3.3614e-05 -1.34625e-05
226 -2.69411e-05 -1.24942e-05
226.4 -2.03778e-05 -1.1406e-05
226.8 -1.40029e-05 -1.02093e-05
227.2 -7.89049e-06 -8.91559e-06
227.6 -2.10798e-06 -7.53656e-06
228 3.28538e-06 -6.08372e-06
228.4 8.23985e-06 -4.56839e-06
228.8 1.27163e-05 -3.00163e-06
229.2 1.66869e-05 -1.39418e-06
229.6 2.01356e-05 2.43512e-07
230 2.30581e-05 1.90131e-06
230.4 2.54616e-05 3.56933e-06
230.8 2.73645e-05 5.23792e-06
231.2 2.87948e-05 6.89761e-06
231.6 2.97895e-05 8.53904e-06
232 3.0393e-05 1.0153e-05
232.4 3.06554e-05 1.17301e-05
232.8 3.06309e-05 1.32614e-05
233.2 3.0376e-05 1.47378e-05
233.6 2.99476e-05 1.615e-05
234 2.94014e-05 1.74894e-05
234.4 2.87904e-05 1.87473e-05
234.8 2.81629e-05 1.99151e-05
235.2 2.7562e-05 2.0985e-05
235.6 2.70241e-05 2.19496e-05
236 2.65781e-05 2.2802e-05
236.4 2.62455e-05 2.35365e-05
236.8 2.60393e-05 2.4148e-05
237.2 2.59651e-05 2.46326e-05
237.6 2.60207e-05 2.49877e-05
238 2.61972e-05 2.52121e-05
238.4 2.64794e-05 2.53058e-05
238.8 2.68473e-05 2.52705e-05
239.2 2.72766e-05 2.51091e-05
239.6 2.77405e-05 2.48264e-05
240 2.82104e-05 2.44284e-05
240.4 2.86574e-05 2.39224e-05
240.8 2.90536e-05 2.33173e-05
241.2 2.93727e-05 2.26229e-05
241.6 2.95911e-05 2.18501e-05
242 2.96891e-05 2.10105e-05
242.4 2.96506e-05 2.01164e-05
242.8 2.94642e-05 1.91803e-05
243.2 2.91231e-05 1.82151e-05
243.6 2.86251e-05 1.72334e-05
244 2.79723e-05 1.62476e-05
244.4 2.71707e-05 1.52693e-05
244.8 2.623e-05 1.43097e-05
245.2 2.51626e-05 1.33789e-05
245.6 2.39831e-05 1.2486e-05
246 2.27074e-05 1.16388e-05
246.4 2.13523e-05 1.0844e-05
246.8 1.99342e-05 1.01067e-05
247.2 1.8469e-05 9.43078e-06
247.6 1.69712e-05 8.81874e-06
248 1.54535e-05 8.27172e-06
248.4 1.39266e-05 7.78958e-06
248.8 1.2399e-05 7.37102e-06
249.2 1.08766e-05 7.01368e-06
249.6 9.36343e-06 6.71427e-06
250 7.86139e-06 6.4687e-06
250.4 6.37079e-06 6.27226e-06
250.8 4.8908e-06 6.11976e-06
251.2 3.41993e-06 6.00568e-06
251.6 1.95664e-06 5.92434e-06
252 4.999e-07 5.87e-06
252.4 -9.50245e-07 5.83702e-06
252.8 -2.39217e-06 5.81993e-06
253.2 -3.82224e-06 5.81357e-06
253.6 -5.23445e-06 5.81311e-06
254 -6.62021e-06 5.81413e-06
254.4 -7.96831e-06 5.81265e-06
254.8 -9.2649e-06 5.80512e-06
255.2 -1.04938e-05 5.78847e-06
255.6 -1.16367e-05 5.76002e-06
256 -1.26739e-05 5.71753e-06
256.4 -1.35844e-05 5.6591e-06
256.8 -1.43474e-05 5.58317e-06
257.2 -1.49421e-05 5.48846e-06
257.6 -1.53493e-05 5.37393e-06
258 -1.55516e-05 5.23873e-06
258.4 -1.55345e-05 5.08218e-06
258.8 -1.5287e-05 4.90376e-06
259.2 -1.48023e-05 4.70302e-06
259.6 -1.4078e-05 4.47968e-06
260 -1.31169e-05 4.23352e-06
260.4 -1.19269e-05 3.96447e-06
260.8 -1.0521e-05 3.67259e-06
261.2 -8.91735e-06 3.3581e-06
261.6 -7.13879e-06 3.02141e-06
262 -5.21241e-06 2.66318e-06
262.4 -3.16887e-06 2.28431e-06
262.8 -1.04168e-06 1.88599e-06
263.2 1.13369e-06 1.46975e-06
263.6 3.32081e-06 1.03744e-06
264 5.48324e-06 5.91273e-07
264.4 7.58556e-06 1.33835e-07
264.8 9.59435e-06 -3.31954e-07
265.2 1.14791e-05 -8.02838e-07
265.6 1.32131e-05 -1.27527e-06
266 1.47741e-05 -1.74543e-06
266.4 1.61448e-05 -2.20934e-06
266.8 1.73135e-05 -2.66286e-06
267.2 1.82741e-05 -3.10182e-06
267.6 1.9026e-05 -3.52206e-06
268 1.95745e-05 -3.91955e-06
268.4 1.99299e-05 -4.29046e-06
268.8 2.01072e-05 -4.63125e-06
269.2 2.01257e-05 -4.93874e-06
269.6 2.00077e-05 -5.21019e-06
270 1.97783e-05 -5.44339e-06
270.4 1.94638e-05 -5.63666e-06
270.8 1.90914e-05 -5.78893e-06
271.2 1.86877e-05 -5.89975e-06
271.6 1.8278e-05 -5.96928e-06
272 1.78855e-05 -5.99833e-06
272.4 1.75305e-05 -5.98826e-06
272.8 1.72299e-05 -5.94101e-06
273.2 1.69964e-05 -5.859e-06
273.6 1.68383e-05 -5.74506e-06
274 1.67598e-05 -5.6024e-06
274.4 1.67601e-05 -5.43447e-06
274.8 1.68346e-05 -5.2449e-06
275.2 1.69742e-05 -5.0374e-06
275.6 1.71666e-05 -4.81565e-06
276 1.73967e-05 -4.58327e-06
276.4 1.76468e-05 -4.34366e-06
276.8 1.7898e-05 -4.1e-06
277.2 1.81305e-05 -3.85514e-06
277.6 1.83247e-05 -3.61159e-06
278 1.8462e-05 -3.37146e-06
278.4 1.85252e-05 -3.13644e-06
278.8 1.84994e-05 -2.90783e-06
279.2 1.83726e-05 -2.68651e-06
279.6 1.81358e-05 -2.47298e-06
280 1.77838e-05 -2.26739e-06
280.4 1.73149e-05 -2.06961e-06
280.8 1.67312e-05 -1.87924e-06
281.2 1.60382e-05 -1.69571e-06
281.6 1.52448e-05 -1.5183e-06
282 1.4363e-05 -1.34626e-06
282.4 1.34069e-05 -1.17881e-06
282.8 1.23929e-05 -1.01524e-06
283.2 1.13384e-05 -8.54934e-07
283.6 1.02614e-05 -6.97437e-07
284 9.18004e-06 -5.42465e-07
284.4 8.11175e-06 -3.89942e-07
284.8 7.07267e-06 -2.40004e-07
285.2 6.07719e-06 -9.30021e-08
285.6 5.13749e-06 5.05086e-08
286 4.2632e-06 1.8979e-07
286.4 3.46118e-06 3.23952e-07
286.8 2.7354e-06 4.51987e-07
287.2 2.08699e-06 5.72815e-07
287.6 1.51431e-06 6.85329e-07
288 1.01324e-06 7.88445e-07
288.4 5.77506e-07 8.81145e-07
288.8 1.99051e-07 9.62526e-07
289.2 -1.31437e-07 1.03184e-06
289.6 -4.24042e-07 1.08853e-06
290 -6.89071e-07 1.13225e-06
290.4 -9.36533e-07 1.16288e-06
290.8 -1.17563e-06 1.18057e-06
291.2 -1.41431e-06 1.18568e-06
291.6 -1.65886e-06 1.17882e-06
292 -1.9136e-06 1.16081e-06
292.4 -2.18068e-06 1.13265e-06
292.8 -2.45996e-06 1.09551e-06
293.2 -2.74898e-06 1.05065e-06
293.6 -3.04305e-06 9.99413e-07
294 -3.33548e-06 9.43169e-07
294.4 -3.61781e-06 8.83266e-07
294.8 -3.88022e-06 8.20987e-07
295.2 -4.11189e-06 7.57519e-07
295.6 -4.30153e-06 6.93912e-07
296 -4.43783e-06 6.31054e-07
296.4 -4.50998e-06 5.6965e-07
296.8 -4.50815e-06 5.10212e-07
297.2 -4.4239e-06 4.53057e-07
297.6 -4.25064e-06 3.98311e-07
298 -3.9839e-06 3.45925e-07
298.4 -3.62162e-06 2.95696e-07
298.8 -3.16424e-06 2.47299e-07
299.2 -2.61485e-06 2.00315e-07
299.6 -1.97905e-06 1.54275e-07
300 -1.2649e-06 1.08696e-07
300.4 -4.82628e-07 6.31225e-08
300.8 3.55644e-07 1.7163e-08
301.2 1.23628e-06 -2.9472e-08
301.6 2.14458e-06 -7.6942e-08
302 3.06522e-06 -1.25252e-07
302.4 3.98276e-06 -1.74236e-07
302.8 4.88209e-06 -2.2355e-07
303.2 5.74897e-06 -2.72672e-07
303.6 6.57037e-06 -3.2091e-07
304 7.33491e-06 -3.67422e-07
304.4 8.03313e-06 -4.11245e-07
304.8 8.65776e-06 -4.51322e-07
305.2 9.20383e-06 -4.86546e-07
305.6 9.66873e-06 -5.15802e-07
306 1.00522e-05 -5.38012e-07
306.4 1.03563e-05 -5.52186e-07
306.8 1.05849e-05 -5.57459e-07
307.2 1.07438e-05 -5.53143e-07
307.6 1.08403e-05 -5.38758e-07
308 1.08824e-05 -5.14067e-07
308.4 1.08792e-05 -4.79099e-07
308.8 1.08398e-05 -4.34159e-07
309.2 1.07731e-05 -3.79842e-07
309.6 1.06877e-05 -3.17017e-07
310 1.05909e-05 -2.46821e-07
310.4 1.04893e-05 -1.70628e-07
310.8 1.03877e-05 -9.00197e-08
311.2 1.02894e-05 -6.73861e-09
311.6 1.01962e-05 7.7356e-08
312 1.0108e-05 1.60343e-07
312.4 1.00233e-05 2.40295e-07
312.8 9.9389e-06 3.15337e-07
313.2 9.85051e-06 3.837e-07
313.6 9.75281e-06 4.43776e-07
314 9.63981e-06 4.94165e-07
314.4 9.50518e-06 5.3372e-07
314.8 9.34262e-06 5.61576e-07
315.2 9.1462e-06 5.77179e-07
315.6 8.91074e-06 5.80296e-07
316 8.63209e-06 5.71022e-07
316.4 8.30739e-06 5.49774e-07
316.8 7.93532e-06 5.1727e-07
317.2 7.51622e-06 4.74505e-07
317.6 7.05217e-06 4.22713e-07
318 6.54701e-06 3.63327e-07
318.4 6.00626e-06 2.97929e-07
318.8 5.43697e-06 2.28195e-07
319.2 4.84751e-06 1.55844e-07
319.6 4.24732e-06 8.25775e-08
320 3.64657e-06 1.00325e-08
320.4 3.05583e-06 -6.02723e-08
320.8 2.48568e-06 -1.26979e-07
321.2 1.94634e-06 -1.8893e-07
321.6 1.44731e-06 -2.45191e-07
322 9.97019e-07 -2.9508e-07
322.4 6.02522e-07 -3.38171e-07
322.8 2.69234e-07 -3.74295e-07
323.2 7.44934e-10 -4.03536e-07
323.6 -2.01314e-07 -4.26208e-07
324 -3.3732e-07 -4.42832e-07
324.4 -4.09646e-07 -4.54102e-07
324.8 -4.22555e-07 -4.60844e-07
325.2 -3.82042e-07 -4.63979e-07
325.6 -2.95601e-07 -4.64472e-07
326 -1.71937e-07 -4.6329e-07
326.4 -2.06405e-08 -4.61359e-07
326.8 1.48178e-07 -4.5952e-07
327.2 3.24263e-07 -4.58496e-07
327.6 4.97594e-07 -4.58859e-07
328 6.58753e-07 -4.6101e-07
328.4 7.99267e-07 -4.65162e-07
328.8 9.11907e-07 -4.71331e-07
329.2 9.90937e-07 -4.79343e-07
329.6 1.03231e-06 -4.88841e-07
330 1.03377e-06 -4.99304e-07
330.4 9.94932e-07 -5.1007e-07
330.8 9.1723e-07 -5.20372e-07
331.2 8.03834e-07 -5.29366e-07
331.6 6.59486e-07 -5.36179e-07
332 4.90274e-07 -5.39941e-07
332.4 3.03355e-07 -5.3983e-07
332.8 1.06644e-07 -5.35109e-07
333.2 -9.15328e-08 -5.25161e-07
333.6 -2.82794e-07 -5.09517e-07
334 -4.59057e-07 -4.87886e-07
334.4 -6.12881e-07 -4.60166e-07
334.8 -7.37781e-07 -4.26459e-07
335.2 -8.28497e-07 -3.87068e-07
335.6 -8.81219e-07 -3.42496e-07
336 -8.93748e-07 -2.93428e-07
336.4 -8.65591e-07 -2.4071e-07
336.8 -7.97989e-07 -1.85324e-07
337.2 -6.93876e-07 -1.28355e-07
337.6 -5.57765e-07 -7.09491e-08
338 -3.95579e-07 -1.42817e-08
338.4 -2.14416e-07 4.04884e-08
338.8 -2.22741e-08 9.22568e-08
339.2 1.72259e-07 1.40011e-07
339.6 3.60342e-07 1.82865e-07
340 5.3323e-07 2.20089e-07
340.4 6.82609e-07 2.5113e-07
340.8 8.00926e-07 2.75632e-07
341.2 8.81682e-07 2.93444e-07
341.6 9.19686e-07 3.04618e-07
342 9.11256e-07 3.09407e-07
342.4 8.54366e-07 3.08249e-07
342.8 7.48727e-07 3.01746e-07
343.2 5.95795e-07 2.9064e-07
343.6 3.98722e-07 2.75779e-07
344 1.62239e-07 2.58081e-07
344.4 -1.07528e-07 2.385e-07
344.8 -4.03282e-07 2.17987e-07
345.2 -7.16831e-07 1.97451e-07
345.6 -1.0394e-06 1.77726e-07
346 -1.36193e-06 1.59541e-07
346.4 -1.67548e-06 1.43488e-07
346.8 -1.97145e-06 1.30006e-07
347.2 -2.242e-06 1.19368e-07
347.6 -2.48026e-06 1.11667e-07
348 -2.6806e-06 1.06825e-07
348.4 -2.83881e-06 1.04593e-07
348.8 -2.95226e-06 1.04569e-07
349.2 -3.01993e-06 1.06218e-07
349.6 -3.04247e-06 1.08899e-07
350 -3.02212e-06 1.11892e-07
350.4 -2.96259e-06 1.14436e-07
350.8 -2.86893e-06 1.1576e-07
351.2 -2.74728e-06 1.15121e-07
351.6 -2.60464e-06 1.11838e-07
352 -2.44855e-06 1.05321e-07
352.4 -2.28683e-06 9.51031e-08
352.8 -2.12725e-06 8.08624e-08
353.2 -1.97723e-06 6.24376e-08
353.6 -1.84358e-06 3.98407e-08
354 -1.73219e-06 1.326e-08
354.4 -1.64787e-06 -1.69425e-08
354.8 -1.59417e-06 -5.02416e-08
355.2 -1.57323e-06 -8.59652e-08
355.6 -1.58576e-06 -1.23317e-07
356 -1.63102e-06 -1.61405e-07
356.4 -1.70686e-06 -1.99272e-07
356.8 -1.80985e-06 -2.35929e-07
357.2 -1.93544e-06 -2.70393e-07
357.6 -2.07815e-06 -3.01722e-07
358 -2.23182e-06 -3.29049e-07
358.4 -2.38984e-06 -3.51612e-07
358.8 -2.54547e-06 -3.68786e-07
359.2 -2.69207e-06 -3.80102e-07
359.6 -2.82341e-06 -3.85264e-07
360 -2.93389e-06 -3.84162e-07
360.4 -3.01876e-06 -3.76875e-07
360.8 -3.07432e-06 -3.63665e-07
361.2 -3.09806e-06 -3.44971e-07
361.6 -3.08873e-06 -3.2139e-07
362 -3.04639e-06 -2.93654e-07
362.4 -2.9724e-06 -2.62608e-07
362.8 -2.86932e-06 -2.29171e-07
363.2 -2.74084e-06 -1.94313e-07
363.6 -2.5916e-06 -1.59009e-07
364 -2.42696e-06 -1.24215e-07
364.4 -2.25283e-06 -9.08267e-08
364.8 -2.07539e-06 -5.96538e-08
365.2 -1.90084e-06 -3.13904e-08
365.6 -1.73517e-06 -6.59387e-09
366 -1.58389e-06 1.4332e-08
366.4 -1.45182e-06 3.11473e-08
366.8 -1.34292e-06 4.37807e-08
367.2 -1.26011e-06 5.23262e-08
367.6 -1.20518e-06 5.70347e-08
368 -1.17872e-06 5.82994e-08
368.4 -1.1801e-06 5.66352e-08
368.8 -1.20752e-06 5.26546e-08
369.2 -1.25811e-06 4.70397e-08
369.6 -1.32801e-06 4.05114e-08
370 -1.41259e-06 3.37991e-08
370.4 -1.50661e-06 2.76083e-08
370.8 -1.60446e-06 2.2592e-08
371.2 -1.7004e-06 1.93228e-08
371.6 -1.78878e-06 1.82698e-08
372 -1.86429e-06 1.97795e-08
372.4 -1.92218e-06 2.40623e-08
372.8 -1.95844e-06 3.11843e-08
373.2 -1.97e-06 4.10658e-08
373.6 -1.95482e-06 5.34851e-08
374 -1.912e-06 6.80889e-08
374.4 -1.84179e-06 8.4408e-08
374.8 -1.74561e-06 1.01877e-07
375.2 -1.626e-06 1.19858e-07
375.6 -1.48647e-06 1.3767e-07
376 -1.33141e-06 1.54614e-07
376.4 -1.16591e-06 1.70007e-07
376.8 -9.95533e-07 1.83206e-07
377.2 -8.26106e-07 1.93641e-07
377.6 -6.63497e-07 2.00834e-07
378 -5.13374e-07 2.04423e-07
378.4 -3.80984e-07 2.04176e-07
378.8 -2.70947e-07 2.00005e-07
379.2 -1.87072e-07 1.91967e-07
379.6 -1.32212e-07 1.80268e-07
380 -1.08149e-07 1.65251e-07
380.4 -1.1553e-07 1.47389e-07
380.8 -1.5384e-07 1.27266e-07
381.2 -2.21427e-07 1.05554e-07
381.6 -3.15566e-07 8.29901e-08
382 -4.32572e-07 6.0347e-08
382.4 -5.67938e-07 3.84054e-08
382.8 -7.1652e-07 1.79241e-08
383.2 -8.72732e-07 -3.89151e-10
383.6 -1.03077e-06 -1.59038e-08
384 -1.18482e-06 -2.80906e-08
384.4 -1.3293e-06 -3.65408e-08
384.8 -1.45908e-06 -4.09823e-08
385.2 -1.56962e-06 -4.12885e-08
385.6 -1.65722e-06 -3.74835e-08
386 -1.71909e-06 -2.97403e-08
386.4 -1.75347e-06 -1.83735e-08
386.8 -1.7597e-06 -3.82733e-09
387.2 -1.73822e-06 1.33421e-08
387.6 -1.69052e-06 3.24883e-08
388 -1.6191e-06 5.28992e-08
388.4 -1.52736e-06 7.38245e-08
388.8 -1.41941e-06 9.45043e-08
389.2 -1.29995e-06 1.14198e-07
389.6 -1.17406e-06 1.32211e-07
390 -1.04697e-06 1.47923e-07
390.4 -9.2387e-07 1.60808e-07
390.8 -8.09701e-07 1.70455e-07
391.2 -7.08955e-07 1.76584e-07
391.6 -6.25497e-07 1.79049e-07
392 -5.62418e-07 1.77852e-07
392.4 -5.21914e-07 1.73132e-07
392.8 -5.0521e-07 1.65163e-07
393.2 -5.12516e-07 1.54341e-07
393.6 -5.43025e-07 1.41167e-07
394 -5.94959e-07 1.26225e-07
394.4 -6.65645e-07 1.1016e-07
394.8 -7.51633e-07 9.36512e-08
395.2 -8.48841e-07 7.73859e-08
395.6 -9.52723e-07 6.20301e-08
396 -1.05846e-06 4.82043e-08
396.4 -1.16116e-06 3.64583e-08
396.8 -1.25606e-06 2.72505e-08
397.2 -1.3387e-06 2.09301e-08
397.6 -1.40514e-06 1.77242e-08
398 -1.45209e-06 1.77293e-08
398.4 -1.47704e-06 2.09089e-08
398.8 -1.4784e-06 2.70952e-08
399.2 -1.4555e-06 3.59966e-08
399.6 -1.40867e-06 4.72105e-08
400 -1.33922e-06 6.02388e-08
