-0.498 0.961959 0.502754
-0.496 1.20959 0.507442
-0.494 1.40758 0.503784
-0.492 1.54722 0.490792
-0.49 1.6225 0.467806
-0.488 1.63037 0.434544
-0.486 1.57087 0.391144
-0.484 1.4471 0.338174
-0.482 1.26507 0.276627
-0.48 1.03337 0.20789
-0.478 0.76277 0.133693
-0.476 0.465664 0.0560395
-0.474 0.155492 -0.0228767
-0.472 -0.153913 -0.100769
-0.47 -0.44898 -0.175359
-0.468 -0.717042 -0.244479
-0.466 -0.946929 -0.306169
-0.464 -1.12948 -0.358768
-0.462 -1.25797 -0.400985
-0.46 -1.32837 -0.431959
-0.458 -1.33952 -0.451291
-0.456 -1.29318 -0.459059
-0.454 -1.1938 -0.45581
-0.452 -1.04837 -0.44252
-0.45 -0.865911 -0.420548
-0.448 -0.657082 -0.391559
-0.446 -0.433546 -0.357438
-0.444 -0.207377 -0.320197
-0.442 0.00958288 -0.281873
-0.44 0.206333 -0.244427
-0.438 0.373285 -0.209648
-0.436 0.502752 -0.179075
-0.434 0.589329 -0.153923
-0.432 0.630156 -0.135034
-0.43 0.625034 -0.122852
-0.428 0.576409 -0.117411
-0.426 0.4892 -0.118353
-0.424 0.370503 -0.124968
-0.422 0.229163 -0.136246
-0.42 0.0752645 -0.150954
-0.418 -0.0804641 -0.16772
-0.416 -0.22727 -0.185123
-0.414 -0.355009 -0.20179
-0.412 -0.454739 -0.216485
-0.41 -0.519259 -0.228193
-0.408 -0.543547 -0.236186
-0.406 -0.525086 -0.240082
-0.404 -0.464046 -0.239868
-0.402 -0.363332 -0.235916
-0.4 -0.228465 -0.228964
-0.398 -0.0673342 -0.220077
-0.396 0.110196 -0.210593
-0.394 0.292782 -0.202036
-0.392 0.468197 -0.19603
-0.39 0.623973 -0.194193
-0.388 0.748087 -0.19803
-0.386 0.829622 -0.208828
-0.384 0.859407 -0.227557
-0.382 0.830566 -0.254787
-0.38 0.738977 -0.290623
-0.378 0.583599 -0.33466
-0.376 0.366645 -0.385963
-0.374 0.0936092 -0.443084
-0.372 -0.226881 -0.504093
-0.37 -0.583368 -0.566649
-0.368 -0.962013 -0.628086
-0.366 -1.34719 -0.685524
-0.364 -1.72214 -0.735999
-0.362 -2.06978 -0.776592
-0.36 -2.37343 -0.804575
-0.358 -2.61768 -0.817543
-0.356 -2.78906 -0.813539
-0.354 -2.87677 -0.791165
-0.352 -2.87321 -0.749666
-0.35 -2.77441 -0.688993
-0.348 -2.58028 -0.609832
-0.346 -2.29469 -0.513603
-0.344 -1.92537 -0.402423
-0.342 -1.48363 -0.279046
-0.34 -0.983893 -0.146765
-0.338 -0.443112 -0.00929062
-0.336 0.119967 0.129387
-0.334 0.685605 0.265154
-0.332 1.23393 0.393937
-0.33 1.74582 0.511865
-0.328 2.20371 0.615427
-0.326 2.59239 0.701615
-0.324 2.89962 0.768047
-0.322 3.11669 0.813063
-0.32 3.23872 0.835786
-0.318 3.26487 0.836159
-0.316 3.19829 0.814935
-0.314 3.0459 0.773638
-0.312 2.81805 0.714488
-0.31 2.52791 0.640294
-0.308 2.19086 0.554323
-0.306 1.82369 0.460153
-0.304 1.44377 0.361504
-0.302 1.06824 0.262079
-0.3 0.71317 0.165391
-0.298 0.392804 0.0746203
-0.296 0.118925 -0.00752423
-0.294 -0.0996769 -0.0789122
-0.292 -0.257566 -0.13807
-0.29 -0.352856 -0.184225
-0.288 -0.387218 -0.217314
-0.286 -0.365715 -0.23796
-0.284 -0.296456 -0.247406
-0.282 -0.190107 -0.247432
-0.28 -0.0592706 -0.240232
-0.278 0.0822339 -0.228281
-0.276 0.220142 -0.214192
-0.274 0.340536 -0.200559
-0.272 0.43062 -0.189812
-0.27 0.479429 -0.18408
-0.268 0.47844 -0.185075
-0.266 0.422062 -0.193994
-0.264 0.30797 -0.211456
-0.262 0.137266 -0.237471
-0.26 -0.0855335 -0.271437
-0.258 -0.352687 -0.312177
-0.256 -0.653591 -0.358006
-0.254 -0.975292 -0.406822
-0.252 -1.30313 -0.456226
-0.25 -1.62147 -0.503658
-0.248 -1.91452 -0.546537
-0.246 -2.16713 -0.582416
-0.244 -2.36562 -0.609117
-0.242 -2.49852 -0.624867
-0.24 -2.55722 -0.628405
-0.238 -2.53651 -0.619065
-0.236 -2.4349 -0.596831
-0.234 -2.25486 -0.562353
-0.232 -2.00277 -0.51693
-0.23 -1.68871 -0.462456
-0.228 -1.32605 -0.401329
-0.226 -0.930908 -0.336336
-0.224 -0.521373 -0.270507
-0.222 -0.11668 -0.206955
-0.22 0.263729 -0.148709
-0.218 0.601163 -0.0985457
-0.216 0.878633 -0.0588257
-0.214 1.08174 -0.0313573
-0.212 1.19944 -0.0172785
-0.21 1.22469 -0.0169751
-0.208 1.1549 -0.030036
-0.206 0.992148 -0.0552493
-0.204 0.743207 -0.0906398
-0.202 0.419334 -0.133548
-0.2 0.0358296 -0.180747
-0.198 -0.388608 -0.228587
-0.196 -0.832699 -0.273173
-0.194 -1.27354 -0.310553
-0.192 -1.68764 -0.336911
-0.19 -2.05204 -0.348768
-0.188 -2.34539 -0.343162
-0.186 -2.54895 -0.317808
-0.184 -2.64752 -0.271231
-0.182 -2.63019 -0.202859
-0.18 -2.49092 -0.113081
-0.178 -2.22885 -0.0032536
-0.176 -1.84845 0.124335
-0.174 -1.35935 0.266543
-0.172 -0.775987 0.419494
-0.17 -0.11705 0.578734
-0.168 0.595334 0.739412
-0.166 1.3365 0.896481
-0.164 2.0803 1.04491
-0.162 2.80018 1.17991
-0.16 3.4703 1.29709
-0.158 4.06662 1.39272
-0.156 4.56789 1.4638
-0.154 4.95649 1.50825
-0.152 5.21918 1.52494
-0.15 5.34756 1.51375
-0.148 5.33838 1.47556
-0.146 5.1936 1.41218
-0.144 4.92026 1.32626
-0.142 4.53005 1.22115
-0.14 4.03881 1.10074
-0.138 3.46571 0.969235
-0.136 2.83248 0.831014
-0.134 2.16236 0.690366
-0.132 1.47916 0.55132
-0.13 0.806233 0.417459
-0.128 0.165521 0.291765
-0.126 -0.423322 0.176502
-0.124 -0.943679 0.0731386
-0.122 -1.38257 -0.0176861
-0.12 -1.73106 -0.0961487
-0.118 -1.98452 -0.163182
-0.116 -2.14267 -0.220375
-0.114 -2.20938 -0.269833
-0.112 -2.19242 -0.31401
-0.11 -2.10289 -0.355526
-0.108 -1.95467 -0.396967
-0.106 -1.76364 -0.440692
-0.104 -1.54688 -0.488651
-0.102 -1.3219 -0.54223
-0.1 -1.10573 -0.602124
-0.098 -0.914166 -0.668252
-0.096 -0.761049 -0.739718
-0.094 -0.657639 -0.814825
-0.092 -0.612121 -0.891125
-0.09 -0.629259 -0.965532
-0.088 -0.710214 -1.03446
-0.086 -0.85252 -1.09403
-0.084 -1.05025 -1.14022
-0.082 -1.29431 -1.16916
-0.08 -1.57294 -1.1773
-0.078 -1.8723 -1.16165
-0.076 -2.17715 -1.11998
-0.074 -2.47167 -1.05099
-0.072 -2.74024 -0.954429
-0.07 -2.96823 -0.831174
-0.068 -3.14277 -0.683272
-0.066 -3.25342 -0.513904
-0.064 -3.29264 -0.3273
-0.062 -3.25621 -0.128611
-0.06 -3.14339 0.0762856
-0.058 -2.9569 0.281003
-0.056 -2.70275 0.478908
-0.054 -2.38981 0.663394
-0.052 -2.02933 0.828166
-0.05 -1.63427 0.967517
-0.048 -1.21856 1.07659
-0.046 -0.7964 1.15159
-0.044 -0.381484 1.18999
-0.042 0.0136415 1.19065
-0.04 0.378149 1.15388
-0.038 0.703365 1.08145
-0.036 0.983053 0.97656
-0.034 1.21353 0.843669
-0.032 1.39362 0.688353
-0.03 1.52445 0.517058
-0.028 1.60914 0.336824
-0.026 1.65234 0.154987
-0.024 1.65978 -0.0211423
-0.022 1.63773 -0.184602
-0.02 1.59248 -0.32908
-0.018 1.52997 -0.449195
-0.016 1.45539 -0.540732
-0.014 1.37293 -0.600823
-0.012 1.2857 -0.628069
-0.01 1.19564 -0.62259
-0.008 1.10367 -0.586004
-0.006 1.00978 -0.52134
-0.004 0.913281 -0.432877
-0.002 0.812969 -0.325934
0 0.7074 -0.206603
0.002 0.592454 -0.0814665
0.004 0.469909 0.0427656
0.006 0.338922 0.159521
0.008 0.199227 0.262699
0.01 0.0513299 0.346958
0.012 -0.103311 0.407963
0.014 -0.262136 0.442582
0.016 -0.421391 0.449021
0.018 -0.576104 0.426901
0.02 -0.720163 0.377258
0.022 -0.846498 0.302484
0.024 -0.947381 0.206196
0.026 -1.01482 0.093058
0.028 -1.04105 -0.0314498
0.03 -1.01903 -0.161294
0.032 -0.943035 -0.290174
0.034 -0.80913 -0.411813
0.036 -0.615628 -0.520242
0.038 -0.363432 -0.610071
0.04 -0.0562253 -0.676718
0.042 0.299479 -0.716602
0.044 0.69447 -0.727284
0.046 1.11714 -0.707554
0.048 1.55395 -0.65746
0.05 1.99001 -0.578273
0.052 2.40979 -0.472405
0.054 2.7979 -0.343275
0.056 3.13986 -0.195128
0.058 3.42287 -0.0328312
0.06 3.63653 0.138357
0.062 3.77336 0.313028
0.064 3.82928 0.485859
0.066 3.80382 0.651832
0.068 3.70018 0.806441
0.07 3.52505 0.945851
0.072 3.28832 1.06703
0.074 3.00253 1.16782
0.076 2.6822 1.24701
0.078 2.34316 1.30425
0.08 2.00163 1.34009
0.082 1.6735 1.35581
0.084 1.37347 1.35333
0.086 1.11433 1.33503
0.088 0.906326 1.30362
0.09 0.756669 1.26189
0.092 0.669165 1.2126
0.094 0.644025 1.15829
0.096 0.677847 1.10113
0.098 0.763758 1.04279
0.1 0.89173 0.984418
0.102 1.04904 0.926525
0.104 1.22086 0.869041
0.106 1.39096 0.811332
0.108 1.54246 0.752283
0.11 1.65871 0.690413
0.112 1.72403 0.62401
0.114 1.72459 0.551287
0.116 1.6491 0.470546
0.118 1.48948 0.380337
0.12 1.24135 0.279608
0.122 0.904386 0.167835
0.124 0.482482 0.0451186
0.126 -0.0162476 -0.0877493
0.128 -0.579698 -0.229264
0.13 -1.19218 -0.377223
0.132 -1.83498 -0.528788
0.134 -2.48713 -0.680583
0.136 -3.12623 -0.828826
0.138 -3.7294 -0.969488
0.14 -4.27428 -1.09848
0.142 -4.73997 -1.21183
0.144 -5.10802 -1.30589
0.146 -5.36322 -1.37751
0.148 -5.49436 -1.42418
0.15 -5.49475 -1.4442
0.152 -5.3626 -1.43675
0.154 -5.10116 -1.40197
0.156 -4.71868 -1.34097
0.158 -4.22809 -1.25578
0.16 -3.64655 -1.14934
0.162 -2.99474 -1.0253
0.164 -2.29602 -0.887955
0.166 -1.5755 -0.742024
0.168 -0.858954 -0.592457
0.17 -0.171766 -0.444233
0.172 0.462165 -0.302143
0.174 1.02142 -0.170588
0.176 1.48797 -0.0533926
0.178 1.84794 0.0463554
0.18 2.09215 0.12643
0.182 2.21648 0.185551
0.184 2.22204 0.223428
0.186 2.11498 0.240751
0.188 1.90621 0.23914
0.19 1.61083 0.221049
0.192 1.24738 0.189633
0.194 0.836949 0.148577
0.196 0.402162 0.101909
0.198 -0.0338574 0.0537885
0.2 -0.448573 0.00829924
0.202 -0.821063 -0.0307577
0.204 -1.13295 -0.0600526
0.206 -1.36921 -0.0768906
0.208 -1.51879 -0.0793411
0.21 -1.57505 -0.0663271
0.212 -1.53595 -0.0376702
0.214 -1.40408 0.00591172
0.216 -1.18638 0.0628516
0.218 -0.893733 0.130825
0.22 -0.540337 0.206879
0.222 -0.142957 0.287593
0.224 0.279949 0.369263
0.226 0.709148 0.448099
0.228 1.12557 0.520424
0.23 1.51122 0.582867
0.232 1.84998 0.632538
0.234 2.12836 0.667178
0.236 2.33603 0.685276
0.238 2.46625 0.686138
0.24 2.51603 0.669929
0.242 2.48622 0.637649
0.244 2.3813 0.591087
0.246 2.20904 0.532713
0.248 1.98007 0.465555
0.25 1.70722 0.393026
0.252 1.40485 0.318751
0.254 1.08809 0.246369
0.256 0.772033 0.179338
0.258 0.471042 0.120753
0.26 0.197993 0.0731785
0.262 -0.0363225 0.0385058
0.264 -0.223699 0.0178525
0.266 -0.358883 0.0114944
0.268 -0.439781 0.0188451
0.27 -0.467505 0.0384794
0.272 -0.446255 0.0682019
0.274 -0.383039 0.105156
0.276 -0.287253 0.145969
0.278 -0.17014 0.186928
0.28 -0.0441446 0.224174
0.282 0.0777766 0.253907
0.284 0.182887 0.272593
0.286 0.259382 0.277161
0.288 0.297054 0.265176
0.29 0.287876 0.234986
0.292 0.226474 0.185831
0.294 0.110462 0.117909
0.296 -0.0593738 0.0323955
0.298 -0.279062 -0.0685882
0.3 -0.541583 -0.182049
0.302 -0.837177 -0.304243
0.304 -1.15379 -0.430837
0.306 -1.47762 -0.557093
0.308 -1.7938 -0.678086
0.31 -2.08712 -0.788924
0.312 -2.34273 -0.884975
0.314 -2.54692 -0.962086
0.316 -2.68777 -1.01677
0.318 -2.75577 -1.0464
0.32 -2.74431 -1.0493
0.322 -2.65002 -1.02487
0.324 -2.47299 -0.973588
0.326 -2.21679 -0.897046
0.328 -1.88834 -0.797847
0.33 -1.49766 -0.67952
0.332 -1.05739 -0.546365
0.334 -0.582265 -0.403264
0.336 -0.0884528 -0.255478
0.338 0.407142 -0.108412
0.34 0.887632 0.0326115
0.342 1.33688 0.162589
0.344 1.74019 0.277041
0.346 2.08494 0.372205
0.348 2.36106 0.445187
0.35 2.56148 0.494072
0.352 2.68232 0.517997
0.354 2.72303 0.517161
0.356 2.6863 0.492801
0.358 2.57786 0.447111
0.36 2.4061 0.383126
0.362 2.18167 0.30456
0.364 1.91683 0.215625
0.366 1.6249 0.120824
0.368 1.31957 0.0247404
0.37 1.01421 -0.0681774
0.372 0.721287 -0.153815
0.374 0.451795 -0.228575
0.376 0.214758 -0.289527
0.378 0.016887 -0.334524
0.38 -0.137658 -0.362279
0.382 -0.247364 -0.372397
0.384 -0.313318 -0.365363
0.386 -0.33903 -0.342486
0.388 -0.330127 -0.305808
0.39 -0.29395 -0.257977
0.392 -0.239063 -0.202088
0.394 -0.174712 -0.141515
0.396 -0.110257 -0.0797217
0.398 -0.0546125 -0.020085
0.4 -0.0157187 0.034286
0.402 -8.19319e-05 0.0807055
0.404 -0.0123975 0.117044
0.406 -0.0552797 0.141829
0.408 -0.129111 0.154313
0.41 -0.232019 0.154493
0.412 -0.359981 0.143105
0.414 -0.507047 0.121563
0.416 -0.665675 0.0918749
0.418 -0.827158 0.0565191
0.42 -0.982117 0.0183024
0.422 -1.12104 -0.0198033
0.424 -1.23482 -0.0548305
0.426 -1.3153 -0.0839862
0.428 -1.35577 -0.104812
0.43 -1.35135 -0.115326
0.432 -1.29936 -0.114144
0.434 -1.19949 -0.100559
0.436 -1.05391 -0.0746016
0.438 -0.867241 -0.0370439
0.44 -0.646359 0.0106217
0.442 -0.400127 0.0662486
0.444 -0.138991 0.127135
0.446 0.125511 0.190153
0.448 0.381295 0.251899
0.45 0.616329 0.308867
0.452 0.819228 0.357618
0.454 0.979835 0.394959
0.456 1.08975 0.41811
0.458 1.14276 0.424847
0.46 1.1352 0.413623
0.462 1.06619 0.383662
0.464 0.93766 0.335007
0.466 0.754373 0.268537
0.468 0.523678 0.185937
0.47 0.25521 0.0896343
0.472 -0.0395516 -0.0173055
0.474 -0.347814 -0.13131
0.476 -0.656071 -0.248458
0.478 -0.950735 -0.364654
0.48 -1.21878 -0.475809
0.482 -1.44837 -0.57802
0.484 -1.62941 -0.667745
0.486 -1.75401 -0.741954
0.488 -1.81688 -0.798257
0.49 -1.81556 -0.835003
0.492 -1.75055 -0.851339
0.494 -1.62524 -0.847233
0.496 -1.44577 -0.823463
0.498 -1.22071 -0.781557
0.4 0.0505438 0.034099
0.8 0.0507994 0.0344384
1.2 0.0512236 0.0349945
1.6 0.0518137 0.0357535
2 0.052566 0.0366961
2.4 0.0534762 0.0377985
2.8 0.0545389 0.0390325
3.2 0.0557482 0.0403663
3.6 0.057098 0.0417653
4 0.0585815 0.0431927
4.4 0.0601921 0.0446102
4.8 0.061923 0.0459791
5.2 0.0637675 0.0472608
5.6 0.0657193 0.048418
6 0.0677721 0.0494152
6.4 0.0699203 0.0502196
6.8 0.0721585 0.0508016
7.2 0.0744814 0.0511357
7.6 0.0768843 0.0512008
8 0.0793626 0.0509808
8.4 0.0819117 0.0504647
8.8 0.0845267 0.0496469
9.2 0.0872028 0.0485274
9.6 0.0899342 0.0471116
10 0.0927148 0.0454101
10.4 0.0955372 0.0434388
10.8 0.0983932 0.041218
11.2 0.101273 0.0387724
11.6 0.104165 0.0361301
12 0.107056 0.0333227
12.4 0.109932 0.0303836
12.8 0.112776 0.0273483
13.2 0.11557 0.024253
13.6 0.118293 0.0211342
14 0.120923 0.0180275
14.4 0.123437 0.0149678
14.8 0.12581 0.0119874
15.2 0.128017 0.00911653
15.6 0.130032 0.0063821
16 0.131827 0.00380748
16.4 0.133378 0.0014121
16.8 0.134658 -0.00078888
17.2 0.135644 -0.00278469
17.6 0.136313 -0.00456909
18 0.136646 -0.00614032
18.4 0.136625 -0.007501
18.8 0.136236 -0.00865794
19.2 0.13547 -0.00962178
19.6 0.134319 -0.0104067
20 0.132783 -0.0110299
20.4 0.130863 -0.0115112
20.8 0.128567 -0.0118724
21.2 0.125908 -0.0121366
21.6 0.122902 -0.0123279
22 0.11957 -0.0124707
22.4 0.115939 -0.012589
22.8 0.112038 -0.0127057
23.2 0.1079 -0.0128425
23.6 0.103562 -0.0130192
24 0.0990632 -0.0132531
24.4 0.0944439 -0.013559
24.8 0.0897462 -0.0139486
25.2 0.0850127 -0.0144305
25.6 0.0802857 -0.0150098
26 0.0756066 -0.0156885
26.4 0.0710152 -0.0164651
26.8 0.0665489 -0.0173349
27.2 0.0622421 -0.0182901
27.6 0.058126 -0.0193203
28 0.0542276 -0.0204124
28.4 0.0505695 -0.0215513
28.8 0.0471697 -0.0227201
29.2 0.0440414 -0.0239008
29.6 0.0411927 -0.0250743
30 0.0386268 -0.0262213
30.4 0.036342 -0.0273227
30.8 0.034332 -0.0283597
31.2 0.0325862 -0.0293147
31.6 0.0310899 -0.0301714
32 0.0298252 -0.0309154
32.4 0.0287712 -0.0315342
32.8 0.0279046 -0.0320178
33.2 0.0272005 -0.0323587
33.6 0.0266328 -0.0325522
34 0.0261751 -0.0325961
34.4 0.0258012 -0.0324914
34.8 0.0254858 -0.0322415
35.2 0.0252047 -0.0318528
35.6 0.024936 -0.0313339
36 0.0246597 -0.0306958
36.4 0.0243588 -0.0299515
36.8 0.024019 -0.0291159
37.2 0.0236294 -0.028205
37.6 0.023182 -0.027236
38 0.0226724 -0.0262268
38.4 0.0220991 -0.0251953
38.8 0.0214637 -0.0241597
39.2 0.0207703 -0.0231374
39.6 0.0200259 -0.0221451
40 0.0192389 -0.0211983
40.4 0.0184198 -0.0203112
40.8 0.0175801 -0.019496
41.2 0.016732 -0.0187632
41.6 0.0158878 -0.0181211
42 0.0150598 -0.0175757
42.4 0.0142595 -0.0171309
42.8 0.0134971 -0.016788
43.2 0.0127817 -0.0165463
43.6 0.0121205 -0.0164026
44 0.0115186 -0.0163519
44.4 0.0109792 -0.016387
44.8 0.0105029 -0.0164992
45.2 0.0100884 -0.0166782
45.6 0.009732 -0.0169125
46 0.00942803 -0.0171897
46.4 0.00916892 -0.0174969
46.8 0.00894552 -0.0178207
47.2 0.00874742 -0.018148
47.6 0.00856327 -0.0184656
48 0.0083812 -0.0187613
48.4 0.00818924 -0.0190236
48.8 0.00797569 -0.0192422
49.2 0.00772957 -0.0194081
49.6 0.00744097 -0.019514
50 0.00710144 -0.0195541
50.4 0.00670429 -0.0195247
50.8 0.00624486 -0.0194236
51.2 0.00572073 -0.0192509
51.6 0.00513182 -0.0190082
52 0.00448052 -0.0186994
52.4 0.00377165 -0.0183297
52.8 0.0030124 -0.0179062
53.2 0.00221217 -0.0174373
53.6 0.00138238 -0.0169326
54 0.000536176 -0.0164027
54.4 -0.00031187 -0.0158592
54.8 -0.00114614 -0.0153138
55.2 -0.00195036 -0.0147787
55.6 -0.00270804 -0.014266
56 -0.00340287 -0.0137875
56.4 -0.00401917 -0.0133542
56.8 -0.00454231 -0.0129767
57.2 -0.00495904 -0.0126641
57.6 -0.00525793 -0.0124246
58 -0.00542955 -0.0122646
58.4 -0.00546681 -0.0121893
58.8 -0.00536509 -0.0122019
59.2 -0.00512235 -0.0123041
59.6 -0.00473917 -0.0124956
60 -0.0042187 -0.0127743
60.4 -0.00356661 -0.0131366
60.8 -0.00279082 -0.013577
61.2 -0.00190132 -0.0140884
61.6 -0.000909857 -0.0146626
62 0.000170403 -0.0152898
62.4 0.00132529 -0.0159595
62.8 0.00254 -0.01666
63.2 0.00379958 -0.0173795
63.6 0.00508931 -0.0181055
64 0.00639514 -0.0188255
64.4 0.00770411 -0.0195273
64.8 0.00900467 -0.0201991
65.2 0.0102871 -0.0208296
65.6 0.0115436 -0.0214085
66 0.0127687 -0.0219267
66.4 0.0139593 -0.0223762
66.8 0.0151148 -0.0227503
67.2 0.0162367 -0.0230442
67.6 0.0173294 -0.0232543
68 0.0183988 -0.023379
68.4 0.0194534 -0.0234181
68.8 0.0205028 -0.0233731
69.2 0.0215582 -0.0232474
69.6 0.0226316 -0.0230456
70 0.0237353 -0.0227737
70.4 0.0248817 -0.0224393
70.8 0.0260827 -0.0220506
71.2 0.027349 -0.0216171
71.6 0.0286901 -0.0211488
72 0.0301134 -0.0206563
72.4 0.0316242 -0.0201503
72.8 0.033225 -0.0196418
73.2 0.0349154 -0.0191414
73.6 0.036692 -0.0186595
74 0.0385481 -0.0182057
74.4 0.0404737 -0.017789
74.8 0.0424555 -0.0174174
75.2 0.0444772 -0.017098
75.6 0.0465197 -0.0168367
76 0.0485611 -0.016638
76.4 0.0505776 -0.0165052
76.8 0.0525433 -0.0164404
77.2 0.0544314 -0.0164443
77.6 0.0562144 -0.0165164
78 0.0578645 -0.0166551
78.4 0.0593548 -0.0168574
78.8 0.0606593 -0.0171198
79.2 0.0617541 -0.0174377
79.6 0.0626172 -0.0178057
80 0.0632301 -0.0182182
80.4 0.0635774 -0.018669
80.8 0.0636476 -0.019152
81.2 0.0634335 -0.0196609
81.6 0.0629324 -0.0201896
82 0.0621463 -0.0207323
82.4 0.0610818 -0.021284
82.8 0.0597503 -0.0218398
83.2 0.058168 -0.0223958
83.6 0.0563551 -0.0229489
84 0.0543361 -0.0234967
84.4 0.052139 -0.0240377
84.8 0.0497949 -0.0245711
85.2 0.0473375 -0.0250972
85.6 0.0448022 -0.0256169
86 0.0422259 -0.0261316
86.4 0.0396458 -0.0266435
86.8 0.0370987 -0.0271553
87.2 0.0346208 -0.0276695
87.6 0.0322463 -0.0281893
88 0.0300072 -0.0287176
88.4 0.0279324 -0.029257
88.8 0.0260473 -0.0298098
89.2 0.0243732 -0.0303777
89.6 0.0229268 -0.0309619
90 0.0217201 -0.0315624
90.4 0.0207601 -0.0321785
90.8 0.0200487 -0.0328083
91.2 0.0195824 -0.0334488
91.6 0.0193531 -0.0340958
92 0.0193474 -0.0347438
92.4 0.0195478 -0.0353862
92.8 0.0199323 -0.0360153
93.2 0.0204757 -0.0366222
93.6 0.0211493 -0.0371972
94 0.0219224 -0.0377297
94.4 0.0227621 -0.0382085
94.8 0.0236347 -0.0386221
95.2 0.0245062 -0.0389586
95.6 0.0253427 -0.0392063
96 0.0261116 -0.0393537
96.4 0.026782 -0.0393897
96.8 0.0273253 -0.0393043
97.2 0.027716 -0.0390882
97.6 0.0279318 -0.0387335
98 0.0279546 -0.0382337
98.4 0.0277704 -0.0375842
98.8 0.0273696 -0.0367819
99.2 0.0267473 -0.035826
99.6 0.0259034 -0.0347175
100 0.0248423 -0.0334597
100.4 0.023573 -0.0320581
100.8 0.0221086 -0.0305202
101.2 0.0204664 -0.0288558
101.6 0.0186672 -0.0270765
102 0.0167346 -0.0251959
102.4 0.0146952 -0.0232292
102.8 0.0125774 -0.021193
103.2 0.010411 -0.0191054
103.6 0.00822669 -0.0169851
104 0.00605525 -0.0148517
104.4 0.00392714 -0.012725
104.8 0.00187172 -0.010625
105.2 -8.31528e-05 -0.0085713
105.6 -0.00191176 -0.00658289
106 -0.00359089 -0.00467792
106.4 -0.0051003 -0.00287332
106.8 -0.00642301 -0.00118455
107.2 -0.00754556 0.000374636
107.6 -0.0084582 0.00179242
108 -0.00915498 0.00305907
108.4 -0.00963377 0.00416711
108.8 -0.00989622 0.00511137
109.2 -0.00994758 0.00588909
109.6 -0.00979657 0.00649989
110 -0.00945505 0.00694575
110.4 -0.00893774 0.00723094
110.8 -0.00826183 0.00736189
111.2 -0.00744661 0.00734704
111.6 -0.006513 0.00719663
112 -0.00548313 0.00692253
112.4 -0.00437988 0.00653793
112.8 -0.00322638 0.00605713
113.2 -0.00204564 0.00549523
113.6 -0.000860066 0.00486785
114 0.00030891 0.00419085
114.4 0.0014412 0.00348002
114.8 0.00251836 0.00275086
115.2 0.0035239 0.00201825
115.6 0.00444347 0.00129625
116 0.00526503 0.000597877
116.4 0.00597899 -6.5098e-05
116.8 0.00657826 -0.000682288
117.2 0.00705824 -0.00124483
117.6 0.00741679 -0.00174546
118 0.00765415 -0.00217859
118.4 0.00777278 -0.0025403
118.8 0.00777721 -0.00282835
119.2 0.00767381 -0.00304212
119.6 0.00747059 -0.0031825
120 0.00717692 -0.00325183
120.4 0.00680328 -0.00325375
120.8 0.00636096 -0.00319305
121.2 0.00586182 -0.00307546
121.6 0.005318 -0.00290755
122 0.00474167 -0.00269648
122.4 0.00414476 -0.00244981
122.8 0.00353878 -0.00217535
123.2 0.00293458 -0.00188093
123.6 0.00234218 -0.00157426
124 0.00177066 -0.00126275
124.4 0.001228 -0.000953382
124.8 0.000721039 -0.000652551
125.2 0.000255374 -0.000365991
125.6 -0.00016462 -9.86775e-05
126 -0.000535808 0.000145232
126.4 -0.000856252 0.000362437
126.8 -0.00112517 0.000550509
127.2 -0.00134283 0.000707883
127.6 -0.00151049 0.000833837
128 -0.00163027 0.000928438
128.4 -0.00170505 0.000992489
128.8 -0.00173829 0.00102745
129.2 -0.00173398 0.00103535
129.6 -0.00169645 0.00101869
130 -0.00163025 0.000980367
130.4 -0.00154005 0.000923525
130.8 -0.00143052 0.000851498
131.2 -0.0013062 0.000767689
131.6 -0.00117145 0.000675479
132 -0.00103031 0.000578144
132.4 -0.000886517 0.000478777
132.8 -0.000743385 0.00038022
133.2 -0.000603802 0.000285013
133.6 -0.000470201 0.000195349
134 -0.000344555 0.000113047
134.4 -0.000228374 3.95344e-05
134.8 -0.00012273 -2.4158e-05
135.2 -2.82764e-05 -7.73866e-05
135.6 5.47164e-05 -0.000119879
136 0.00012632 -0.000151707
136.4 0.000186905 -0.00017325
136.8 0.000237088 -0.00018516
137.2 0.000277687 -0.000188307
137.6 0.000309667 -0.000183739
138 0.000334093 -0.000172629
138.4 0.000352085 -0.000156227
138.8 0.000364771 -0.000135812
139.2 0.000373256 -0.000112648
139.6 0.000378585 -8.79447e-05
140 0.000381715 -6.28239e-05
140.4 0.000383499 -3.82891e-05
140.8 0.000384664 -1.52042e-05
141.2 0.000385809 5.72236e-06
141.6 0.000387396 2.39467e-05
142 0.000389755 3.90923e-05
142.4 0.000393085 5.09463e-05
142.8 0.000397471 5.94514e-05
143.2 0.00040289 6.46919e-05
143.6 0.000409232 6.68768e-05
144 0.000416311 6.63191e-05
144.4 0.000423889 6.34135e-05
144.8 0.000431691 5.8613e-05
145.2 0.000439422 5.2405e-05
145.6 0.000446787 4.52881e-05
146 0.000453501 3.77505e-05
146.4 0.000459307 3.02507e-05
146.8 0.000463986 2.32001e-05
147.2 0.000467362 1.69496e-05
147.6 0.000469311 1.17794e-05
148 0.000469765 7.89187e-06
148.4 0.00046871 5.40866e-06
148.8 0.000466188 4.37097e-06
149.2 0.00046229 4.74312e-06
149.6 0.000457153 6.41902e-06
150 0.000450953 9.23112e-06
150.4 0.000443897 1.29614e-05
150.8 0.000436212 1.73538e-05
151.2 0.000428141 2.21272e-05
151.6 0.000419928 2.69896e-05
152 0.000411814 3.16509e-05
152.4 0.000404026 3.58358e-05
152.8 0.000396772 3.9295e-05
153.2 0.000390231 4.18154e-05
153.6 0.000384554 4.32277e-05
154 0.000379853 4.3412e-05
154.4 0.000376205 4.2302e-05
154.8 0.000373649 3.98854e-05
155.2 0.000372183 3.62036e-05
155.6 0.000371774 3.13482e-05
156 0.000372351 2.54561e-05
156.4 0.000373817 1.87026e-05
156.8 0.000376048 1.12938e-05
157.2 0.000378902 3.45752e-06
157.6 0.000382222 -4.5663e-06
158 0.000385844 -1.25351e-05
158.4 0.0003896 -2.02131e-05
158.8 0.000393327 -2.73806e-05
159.2 0.000396869 -3.38412e-05
159.6 0.000400082 -3.94296e-05
160 0.00040284 -4.40163e-05
160.4 0.000405035 -4.75117e-05
160.8 0.000406581 -4.98684e-05
161.2 0.000407415 -5.10818e-05
161.6 0.000407498 -5.11889e-05
162 0.000406815 -5.02656e-05
162.4 0.00040537 -4.84225e-05
162.8 0.00040319 -4.58e-05
163.2 0.00040032 -4.25616e-05
163.6 0.000396816 -3.88872e-05
164 0.000392751 -3.49657e-05
164.4 0.000388203 -3.09873e-05
164.8 0.000383255 -2.71361e-05
165.2 0.00037799 -2.35835e-05
165.6 0.000372491 -2.04818e-05
166 0.000366834 -1.79587e-05
166.4 0.000361086 -1.61131e-05
166.8 0.000355307 -1.50123e-05
167.2 0.000349539 -1.469e-05
167.6 0.000343816 -1.51459e-05
168 0.000338155 -1.63467e-05
168.4 0.000332558 -1.82278e-05
168.8 0.000327015 -2.06972e-05
169.2 0.000321503 -2.3639e-05
169.6 0.000315986 -2.6919e-05
170 0.000310419 -3.03897e-05
170.4 0.000304751 -3.38968e-05
170.8 0.000298925 -3.72849e-05
171.2 0.000292882 -4.04035e-05
171.6 0.000286562 -4.31128e-05
172 0.00027991 -4.52887e-05
172.4 0.000272875 -4.68272e-05
172.8 0.000265414 -4.76483e-05
173.2 0.000257496 -4.76982e-05
173.6 0.000249099 -4.69513e-05
174 0.000240215 -4.54102e-05
174.4 0.00023085 -4.3106e-05
174.8 0.000221025 -4.00961e-05
175.2 0.000210776 -3.64617e-05
175.6 0.000200153 -3.23053e-05
176 0.000189219 -2.77458e-05
176.4 0.000178051 -2.29148e-05
176.8 0.000166735 -1.79511e-05
177.2 0.000155368 -1.29963e-05
177.6 0.000144055 -8.18975e-06
178 0.000132902 -3.66344e-06
178.4 0.000122021 4.61964e-07
178.8 0.000111524 4.08117e-06
179.2 0.000101519 7.10744e-06
179.6 9.21093e-05 9.47508e-06
180 8.3393e-05 1.11411e-05
180.4 7.54578e-05 1.2086e-05
180.8 6.83807e-05 1.2314e-05
181.2 6.22265e-05 1.18518e-05
181.6 5.70461e-05 1.07474e-05
182 5.28758e-05 9.06746e-06
182.4 4.97368e-05 6.8947e-06
182.8 4.76346e-05 4.32443e-06
183.2 4.65593e-05 1.46096e-06
183.6 4.6486e-05 -1.58627e-06
184 4.73756e-05 -4.70657e-06
184.4 4.91757e-05 -7.79174e-06
184.8 5.18217e-05 -1.07396e-05
185.2 5.52388e-05 -1.34573e-05
185.6 5.93429e-05 -1.58639e-05
186 6.40431e-05 -1.78925e-05
186.4 6.92429e-05 -1.94923e-05
186.8 7.48429e-05 -2.0629e-05
187.2 8.07418e-05 -2.12854e-05
187.6 8.68387e-05 -2.14611e-05
188 9.30352e-05 -2.11716e-05
188.4 9.92363e-05 -2.04468e-05
188.8 0.000105352 -1.93292e-05
189.2 0.000111301 -1.78717e-05
189.6 0.000117006 -1.61347e-05
190 0.000122402 -1.41841e-05
190.4 0.00012743 -1.20878e-05
190.8 0.000132045 -9.91339e-06
191.2 0.000136208 -7.72574e-06
191.6 0.000139893 -5.58443e-06
192 0.000143082 -3.54187e-06
192.4 0.000145768 -1.64178e-06
192.8 0.000147952 8.2028e-08
193.2 0.000149644 1.60634e-06
193.6 0.000150862 2.91873e-06
194 0.000151631 4.01736e-06
194.4 0.00015198 4.91031e-06
194.8 0.000151944 5.61455e-06
195.2 0.000151563 6.15453e-06
195.6 0.000150876 6.56061e-06
196 0.000149927 6.86721e-06
196.4 0.000148759 7.11093e-06
196.8 0.000147415 7.32861e-06
197.2 0.000145938 7.55549e-06
197.6 0.000144366 7.8235e-06
198 0.000142738 8.15972e-06
198.4 0.000141088 8.58518e-06
198.8 0.000139446 9.11391e-06
199.2 0.000137839 9.75234e-06
199.6 0.000136289 1.04991e-05
200 0.000134815 1.13452e-05
200.4 0.00013343 1.22742e-05
200.8 0.000132145 1.32635e-05
201.2 0.000130963 1.4285e-05
201.6 0.000129889 1.53065e-05
202 0.000128918 1.62933e-05
202.4 0.000128047 1.72095e-05
202.8 0.000127268 1.80198e-05
203.2 0.000126571 1.8691e-05
203.6 0.000125943 1.91936e-05
204 0.000125371 1.95028e-05
204.4 0.000124842 1.96e-05
204.8 0.00012434 1.94733e-05
205.2 0.000123849 1.91182e-05
205.6 0.000123356 1.85383e-05
206 0.000122846 1.77443e-05
206.4 0.000122306 1.67547e-05
206.8 0.000121725 1.55945e-05
207.2 0.000121091 1.42944e-05
207.6 0.000120396 1.28899e-05
208 0.000119632 1.14199e-05
208.4 0.000118795 9.92514e-06
208.8 0.00011788 8.44689e-06
209.2 0.000116887 7.0254e-06
209.6 0.000115815 5.69843e-06
210 0.000114666 4.49993e-06
210.4 0.000113444 3.45886e-06
210.8 0.000112152 2.5982e-06
211.2 0.000110797 1.93422e-06
211.6 0.000109385 1.47597e-06
212 0.000107924 1.22508e-06
212.4 0.000106422 1.17584e-06
212.8 0.000104887 1.31555e-06
213.2 0.000103327 1.62507e-06
213.6 0.00010175 2.07973e-06
214 0.000100163 2.65029e-06
214.4 9.85743e-05 3.30415e-06
214.8 9.69892e-05 4.00662e-06
215.2 9.54131e-05 4.72228e-06
215.6 9.38504e-05 5.41628e-06
216 9.23043e-05 6.05568e-06
216.4 9.07768e-05 6.61062e-06
216.8 8.92688e-05 7.05535e-06
217.2 8.77803e-05 7.36918e-06
217.6 8.63098e-05 7.53709e-06
218 8.48553e-05 7.55019e-06
218.4 8.34136e-05 7.40592e-06
218.8 8.19812e-05 7.10801e-06
219.2 8.05538e-05 6.6662e-06
219.6 7.91269e-05 6.09569e-06
220 7.76958e-05 5.41651e-06
220.4 7.62562e-05 4.65258e-06
220.8 7.48039e-05 3.83074e-06
221.2 7.33352e-05 2.97963e-06
221.6 7.18473e-05 2.12859e-06
222 7.03382e-05 1.30647e-06
222.4 6.88071e-05 5.4056e-07
222.8 6.72544e-05 -1.44432e-07
223.2 6.56818e-05 -7.27284e-07
223.6 6.40924e-05 -1.19099e-06
224 6.24907e-05 -1.52334e-06
224.4 6.08826e-05 -1.71726e-06
224.8 5.92754e-05 -1.771e-06
225.2 5.76776e-05 -1.68807e-06
225.6 5.60988e-05 -1.477e-06
226 5.45497e-05 -1.15088e-06
226.4 5.30416e-05 -7.26791e-07
226.8 5.15862e-05 -2.25019e-07
227.2 5.01956e-05 3.31776e-07
227.6 4.88818e-05 9.19495e-07
228 4.76565e-05 1.51356e-06
228.4 4.65308e-05 2.08988e-06
228.8 4.55151e-05 2.62577e-06
229.2 4.46183e-05 3.10078e-06
229.6 4.38483e-05 3.49746e-06
230 4.32112e-05 3.80197e-06
230.4 4.27114e-05 4.00448e-06
230.8 4.23516e-05 4.09951e-06
231.2 4.21322e-05 4.08603e-06
231.6 4.20519e-05 3.96734e-06
232 4.21073e-05 3.75091e-06
232.4 4.22931e-05 3.44792e-06
232.8 4.26021e-05 3.07276e-06
233.2 4.30255e-05 2.64237e-06
233.6 4.35529e-05 2.1755e-06
234 4.4173e-05 1.69193e-06
234.4 4.48731e-05 1.21165e-06
234.8 4.56401e-05 7.5405e-07
235.2 4.64605e-05 3.37164e-07
235.6 4.73204e-05 -2.30335e-08
236 4.82066e-05 -3.13221e-07
236.4 4.9106e-05 -5.23214e-07
236.8 5.00065e-05 -6.46311e-07
237.2 5.08969e-05 -6.79494e-07
237.6 5.17672e-05 -6.23476e-07
238 5.26088e-05 -4.82605e-07
238.4 5.34148e-05 -2.64616e-07
238.8 5.41797e-05 1.97405e-08
239.2 5.48995e-05 3.5719e-07
239.6 5.55721e-05 7.32509e-07
240 5.61967e-05 1.12918e-06
240.4 5.67739e-05 1.53007e-06
240.8 5.73057e-05 1.91814e-06
241.2 5.7795e-05 2.27713e-06
241.6 5.82456e-05 2.5922e-06
242 5.86619e-05 2.85049e-06
242.4 5.90488e-05 3.04163e-06
242.8 5.94112e-05 3.1581e-06
243.2 5.97538e-05 3.19551e-06
243.6 6.00812e-05 3.1527e-06
244 6.0397e-05 3.03177e-06
244.4 6.07046e-05 2.83791e-06
244.8 6.10061e-05 2.5792e-06
245.2 6.13028e-05 2.2662e-06
245.6 6.15949e-05 1.9115e-06
246 6.18814e-05 1.52922e-06
246.4 6.21604e-05 1.1344e-06
246.8 6.24289e-05 7.42385e-07
247.2 6.26832e-05 3.68215e-07
247.6 6.29185e-05 2.60423e-08
248 6.31297e-05 -2.7143e-07
248.4 6.33112e-05 -5.13431e-07
248.8 6.34572e-05 -6.91521e-07
249.2 6.3562e-05 -7.99896e-07
249.6 6.36201e-05 -8.35579e-07
250 6.36264e-05 -7.98506e-07
250.4 6.35767e-05 -6.91479e-07
250.8 6.34675e-05 -5.20028e-07
251.2 6.32961e-05 -2.92147e-07
251.6 6.30614e-05 -1.79477e-08
252 6.27629e-05 2.90765e-07
252.4 6.24019e-05 6.20985e-07
252.8 6.19805e-05 9.59029e-07
253.2 6.15023e-05 1.29109e-06
253.6 6.09719e-05 1.60377e-06
254 6.03948e-05 1.88462e-06
254.4 5.97776e-05 2.12258e-06
254.8 5.91273e-05 2.30844e-06
255.2 5.84517e-05 2.43514e-06
255.6 5.77587e-05 2.498e-06
256 5.70562e-05 2.49493e-06
256.4 5.63522e-05 2.4264e-06
256.8 5.56541e-05 2.29544e-06
257.2 5.4969e-05 2.10742e-06
257.6 5.4303e-05 1.86988e-06
258 5.36617e-05 1.59213e-06
258.4 5.30494e-05 1.28489e-06
258.8 5.24696e-05 9.59841e-07
259.2 5.19246e-05 6.29147e-07
259.6 5.14156e-05 3.04967e-07
260 5.09427e-05 -1.01795e-09
260.4 5.05051e-05 -2.78064e-07
260.8 5.01011e-05 -5.16768e-07
261.2 4.97281e-05 -7.09419e-07
261.6 4.93828e-05 -8.50276e-07
262 4.90617e-05 -9.35757e-07
262.4 4.87606e-05 -9.6455e-07
262.8 4.84755e-05 -9.37623e-07
263.2 4.82022e-05 -8.58152e-07
263.6 4.79368e-05 -7.31349e-07
264 4.76755e-05 -5.64229e-07
264.4 4.74153e-05 -3.65295e-07
264.8 4.71534e-05 -1.44175e-07
265.2 4.6888e-05 8.87851e-08
265.6 4.66176e-05 3.22944e-07
266 4.63417e-05 5.47799e-07
266.4 4.60603e-05 7.53411e-07
266.8 4.57742e-05 9.30792e-07
267.2 4.54845e-05 1.07225e-06
267.6 4.51932e-05 1.17171e-06
268 4.49022e-05 1.22488e-06
268.4 4.46141e-05 1.22948e-06
268.8 4.43314e-05 1.18523e-06
269.2 4.40567e-05 1.0939e-06
269.6 4.37924e-05 9.59189e-07
270 4.35407e-05 7.86557e-07
270.4 4.33035e-05 5.82991e-07
270.8 4.30821e-05 3.5671e-07
271.2 4.28777e-05 1.16825e-07
271.6 4.26904e-05 -1.2703e-07
272 4.25202e-05 -3.65091e-07
272.4 4.23662e-05 -5.87848e-07
272.8 4.22273e-05 -7.86416e-07
273.2 4.21016e-05 -9.52886e-07
273.6 4.1987e-05 -1.08062e-06
274 4.1881e-05 -1.1645e-06
274.4 4.17809e-05 -1.20112e-06
274.8 4.16839e-05 -1.18889e-06
275.2 4.15874e-05 -1.12807e-06
275.6 4.14886e-05 -1.02078e-06
276 4.13851e-05 -8.70834e-07
276.4 4.12751e-05 -6.83635e-07
276.8 4.11569e-05 -4.65898e-07
277.2 4.10293e-05 -2.25393e-07
277.6 4.08921e-05 2.93719e-08
278 4.07451e-05 2.89494e-07
278.4 4.0589e-05 5.46023e-07
278.8 4.04252e-05 7.90311e-07
279.2 4.02553e-05 1.01434e-06
279.6 4.00814e-05 1.21103e-06
280 3.99062e-05 1.3745e-06
280.4 3.97324e-05 1.50025e-06
280.8 3.95629e-05 1.58535e-06
281.2 3.94008e-05 1.6285e-06
281.6 3.92488e-05 1.63008e-06
282 3.91095e-05 1.59207e-06
282.4 3.89853e-05 1.51796e-06
282.8 3.88781e-05 1.41259e-06
283.2 3.87891e-05 1.28192e-06
283.6 3.87191e-05 1.13277e-06
284 3.86682e-05 9.72543e-07
284.4 3.86359e-05 8.08924e-07
284.8 3.8621e-05 6.49541e-07
285.2 3.86218e-05 5.01675e-07
285.6 3.86359e-05 3.7197e-07
286 3.86605e-05 2.66169e-07
286.4 3.86923e-05 1.88901e-07
286.8 3.87279e-05 1.43502e-07
287.2 3.87637e-05 1.31905e-07
287.6 3.8796e-05 1.54576e-07
288 3.88211e-05 2.10518e-07
288.4 3.88358e-05 2.97327e-07
288.8 3.8837e-05 4.11308e-07
289.2 3.88221e-05 5.47643e-07
289.6 3.87891e-05 7.00596e-07
290 3.87367e-05 8.63759e-07
290.4 3.86639e-05 1.03032e-06
290.8 3.85707e-05 1.19334e-06
291.2 3.84577e-05 1.34603e-06
291.6 3.83261e-05 1.48205e-06
292 3.81777e-05 1.59572e-06
292.4 3.80149e-05 1.68229e-06
292.8 3.78404e-05 1.73808e-06
293.2 3.76573e-05 1.76064e-06
293.6 3.7469e-05 1.74885e-06
294 3.72789e-05 1.70293e-06
294.4 3.70904e-05 1.62443e-06
294.8 3.69066e-05 1.51615e-06
295.2 3.67307e-05 1.38206e-06
295.6 3.6565e-05 1.22705e-06
296 3.64118e-05 1.05682e-06
296.4 3.62726e-05 8.7757e-07
296.8 3.61484e-05 6.95813e-07
297.2 3.60395e-05 5.18072e-07
297.6 3.59458e-05 3.50638e-07
298 3.58663e-05 1.99329e-07
298.4 3.57996e-05 6.92558e-08
298.8 3.5744e-05 -3.53641e-08
299.2 3.5697e-05 -1.11367e-07
299.6 3.56562e-05 -1.56756e-07
300 3.56186e-05 -1.70763e-07
300.4 3.55814e-05 -1.53872e-07
300.8 3.55417e-05 -1.07778e-07
301.2 3.54968e-05 -3.531e-08
301.6 3.54442e-05 5.96944e-08
302 3.53818e-05 1.72554e-07
302.4 3.53079e-05 2.97938e-07
302.8 3.52212e-05 4.30089e-07
303.2 3.51211e-05 5.63049e-07
303.6 3.50075e-05 6.90907e-07
304 3.48808e-05 8.08029e-07
304.4 3.47419e-05 9.0928e-07
304.8 3.45924e-05 9.90222e-07
305.2 3.44341e-05 1.04729e-06
305.6 3.42694e-05 1.0779e-06
306 3.41007e-05 1.08059e-06
306.4 3.39308e-05 1.05502e-06
306.8 3.37624e-05 1.00199e-06
307.2 3.35982e-05 9.23399e-07
307.6 3.34408e-05 8.22163e-07
308 3.32924e-05 7.02079e-07
308.4 3.31549e-05 5.67675e-07
308.8 3.303e-05 4.24013e-07
309.2 3.29187e-05 2.76492e-07
309.6 3.28214e-05 1.30627e-07
310 3.27382e-05 -8.17199e-09
310.4 3.26686e-05 -1.3481e-07
310.8 3.26115e-05 -2.44707e-07
311.2 3.25653e-05 -3.33974e-07
311.6 3.25282e-05 -3.99562e-07
312 3.2498e-05 -4.3937e-07
312.4 3.24721e-05 -4.5232e-07
312.8 3.24479e-05 -4.38392e-07
313.2 3.24228e-05 -3.98612e-07
313.6 3.23942e-05 -3.34998e-07
314 3.23596e-05 -2.50477e-07
314.4 3.23169e-05 -1.48755e-07
314.8 3.22644e-05 -3.41628e-08
315.2 3.22004e-05 8.85173e-08
315.6 3.21242e-05 2.14248e-07
316 3.20353e-05 3.37938e-07
316.4 3.19337e-05 4.54641e-07
316.8 3.182e-05 5.5975e-07
317.2 3.16953e-05 6.49175e-07
317.6 3.1561e-05 7.19499e-07
318 3.14191e-05 7.68104e-07
318.4 3.12718e-05 7.93265e-07
318.8 3.11213e-05 7.94206e-07
319.2 3.09703e-05 7.71123e-07
319.6 3.08212e-05 7.25162e-07
320 3.06766e-05 6.58363e-07
320.4 3.05387e-05 5.7357e-07
320.8 3.04096e-05 4.74306e-07
321.2 3.0291e-05 3.64628e-07
321.6 3.01841e-05 2.48957e-07
322 3.00899e-05 1.31903e-07
322.4 3.00086e-05 1.80755e-08
322.8 2.99402e-05 -8.8099e-08
323.2 2.98841e-05 -1.82549e-07
323.6 2.98392e-05 -2.61715e-07
324 2.98041e-05 -3.2269e-07
324.4 2.97768e-05 -3.6332e-07
324.8 2.97554e-05 -3.8229e-07
325.2 2.97374e-05 -3.79157e-07
325.6 2.97205e-05 -3.54367e-07
326 2.97022e-05 -3.09221e-07
326.4 2.96803e-05 -2.45816e-07
326.8 2.96525e-05 -1.66953e-07
327.2 2.96168e-05 -7.60171e-08
327.6 2.95719e-05 2.31644e-08
328 2.95163e-05 1.26479e-07
328.4 2.94494e-05 2.29694e-07
328.8 2.93708e-05 3.28631e-07
329.2 2.92807e-05 4.19327e-07
329.6 2.91798e-05 4.98194e-07
330 2.9069e-05 5.62154e-07
330.4 2.89498e-05 6.08761e-07
330.8 2.8824e-05 6.3629e-07
331.2 2.86936e-05 6.43796e-07
331.6 2.85608e-05 6.31146e-07
332 2.84279e-05 5.99017e-07
332.4 2.82973e-05 5.48857e-07
332.8 2.81711e-05 4.82825e-07
333.2 2.80515e-05 4.0369e-07
333.6 2.79401e-05 3.14722e-07
334 2.78386e-05 2.19552e-07
334.4 2.77481e-05 1.22024e-07
334.8 2.76691e-05 2.60416e-08
335.2 2.76022e-05 -6.45897e-08
335.6 2.7547e-05 -1.46313e-07
336 2.75029e-05 -2.15961e-07
336.4 2.74691e-05 -2.70875e-07
336.8 2.74441e-05 -3.09009e-07
337.2 2.74262e-05 -3.29004e-07
337.6 2.74137e-05 -3.30235e-07
338 2.74043e-05 -3.12833e-07
338.4 2.7396e-05 -2.77665e-07
338.8 2.73866e-05 -2.263e-07
339.2 2.73741e-05 -1.60935e-07
339.6 2.73565e-05 -8.43028e-08
340 2.73324e-05 4.40761e-10
340.4 2.73002e-05 8.98478e-08
340.8 2.72591e-05 1.80318e-07
341.2 2.72083e-05 2.68244e-07
341.6 2.71478e-05 3.50154e-07
342 2.70776e-05 4.2285e-07
342.4 2.69984e-05 4.83531e-07
342.8 2.69112e-05 5.29903e-07
343.2 2.68173e-05 5.60263e-07
343.6 2.67181e-05 5.73564e-07
344 2.66155e-05 5.69448e-07
344.4 2.65113e-05 5.48254e-07
344.8 2.64076e-05 5.11002e-07
345.2 2.63062e-05 4.5934e-07
345.6 2.62089e-05 3.95477e-07
346 2.61175e-05 3.22087e-07
346.4 2.60334e-05 2.42202e-07
346.8 2.59576e-05 1.59082e-07
347.2 2.58909e-05 7.60898e-08
347.6 2.58338e-05 -3.45019e-09
348 2.57863e-05 -7.63792e-08
348.4 2.57481e-05 -1.39831e-07
348.8 2.57185e-05 -1.91342e-07
349.2 2.56963e-05 -2.28947e-07
349.6 2.56804e-05 -2.51254e-07
350 2.5669e-05 -2.5749e-07
350.4 2.56605e-05 -2.47532e-07
350.8 2.5653e-05 -2.21902e-07
351.2 2.56446e-05 -1.81742e-07
351.6 2.56335e-05 -1.28766e-07
352 2.56179e-05 -6.51806e-08
352.4 2.55964e-05 6.40186e-09
352.8 2.55676e-05 8.30725e-08
353.2 2.55306e-05 1.61744e-07
353.6 2.54846e-05 2.39276e-07
354 2.54295e-05 3.12597e-07
354.4 2.53652e-05 3.78831e-07
354.8 2.52921e-05 4.35405e-07
355.2 2.52112e-05 4.80151e-07
355.6 2.51233e-05 5.11388e-07
356 2.503e-05 5.27987e-07
356.4 2.49328e-05 5.29406e-07
356.8 2.48334e-05 5.1571e-07
357.2 2.47336e-05 4.87563e-07
357.6 2.46352e-05 4.46195e-07
358 2.45401e-05 3.93347e-07
358.4 2.44498e-05 3.31203e-07
358.8 2.43659e-05 2.62292e-07
359.2 2.42894e-05 1.89388e-07
359.6 2.42214e-05 1.15401e-07
360 2.41623e-05 4.32544e-08
360.4 2.41125e-05 -2.42281e-08
360.8 2.40718e-05 -8.44331e-08
361.2 2.40397e-05 -1.35061e-07
361.6 2.40155e-05 -1.74211e-07
362 2.39981e-05 -2.00459e-07
362.4 2.3986e-05 -2.12904e-07
362.8 2.39779e-05 -2.112e-07
363.2 2.39719e-05 -1.95567e-07
363.6 2.39665e-05 -1.66776e-07
364 2.39597e-05 -1.2611e-07
364.4 2.39501e-05 -7.53151e-08
364.8 2.39359e-05 -1.65194e-08
365.2 2.39159e-05 4.78506e-08
365.6 2.3889e-05 1.1517e-07
366 2.38542e-05 1.82724e-07
366.4 2.38113e-05 2.47814e-07
366.8 2.37598e-05 3.07865e-07
367.2 2.37001e-05 3.60528e-07
367.6 2.36325e-05 4.03774e-07
368 2.3558e-05 4.35964e-07
368.4 2.34774e-05 4.5592e-07
368.8 2.33922e-05 4.62961e-07
369.2 2.33037e-05 4.56929e-07
369.6 2.32136e-05 4.38187e-07
370 2.31235e-05 4.07606e-07
370.4 2.30348e-05 3.66518e-07
370.8 2.29493e-05 3.16664e-07
371.2 2.28683e-05 2.6012e-07
371.6 2.27929e-05 1.99209e-07
372 2.27241e-05 1.36408e-07
372.4 2.26626e-05 7.42463e-08
372.8 2.26087e-05 1.52072e-08
373.2 2.25625e-05 -3.83748e-08
373.6 2.25237e-05 -8.44036e-08
374 2.24918e-05 -1.21104e-07
374.4 2.24658e-05 -1.47088e-07
374.8 2.24447e-05 -1.61412e-07
375.2 2.24272e-05 -1.63604e-07
375.6 2.24117e-05 -1.53683e-07
376 2.23969e-05 -1.32154e-07
376.4 2.2381e-05 -9.99822e-08
376.8 2.23626e-05 -5.85512e-08
377.2 2.23402e-05 -9.60559e-09
377.6 2.23125e-05 4.48228e-08
378 2.22785e-05 1.02498e-07
378.4 2.22373e-05 1.61069e-07
378.8 2.21883e-05 2.18168e-07
379.2 2.21314e-05 2.71503e-07
379.6 2.20665e-05 3.18945e-07
380 2.19941e-05 3.5862e-07
380.4 2.19148e-05 3.88973e-07
380.8 2.18295e-05 4.08833e-07
381.2 2.17395e-05 4.17454e-07
381.6 2.16461e-05 4.14543e-07
382 2.15508e-05 4.00267e-07
382.4 2.14552e-05 3.75244e-07
382.8 2.13609e-05 3.40514e-07
383.2 2.12695e-05 2.97494e-07
383.6 2.11823e-05 2.4792e-07
384 2.11007e-05 1.93775e-07
384.4 2.10259e-05 1.37206e-07
384.8 2.09585e-05 8.04427e-08
385.2 2.08993e-05 2.57027e-08
385.6 2.08485e-05 -2.48937e-08
386 2.0806e-05 -6.94077e-08
386.4 2.07716e-05 -1.06157e-07
386.8 2.07446e-05 -1.33783e-07
387.2 2.07241e-05 -1.51297e-07
387.6 2.07091e-05 -1.58122e-07
388 2.06983e-05 -1.54111e-07
388.4 2.06902e-05 -1.39547e-07
388.8 2.06834e-05 -1.1513e-07
389.2 2.06764e-05 -8.19451e-08
389.6 2.06678e-05 -4.14188e-08
390 2.06562e-05 4.7445e-09
390.4 2.06403e-05 5.46298e-08
390.8 2.06193e-05 1.0619e-07
391.2 2.05923e-05 1.57329e-07
391.6 2.05588e-05 2.05985e-07
392 2.05186e-05 2.50212e-07
392.4 2.04717e-05 2.88256e-07
392.8 2.04185e-05 3.18623e-07
393.2 2.03595e-05 3.40141e-07
393.6 2.02957e-05 3.51995e-07
394 2.02279e-05 3.53766e-07
394.4 2.01574e-05 3.45437e-07
394.8 2.00856e-05 3.27395e-07
395.2 2.00136e-05 3.00411e-07
395.6 1.9943e-05 2.65608e-07
396 1.9875e-05 2.24408e-07
396.4 1.98107e-05 1.7848e-07
396.8 1.97513e-05 1.29667e-07
397.2 1.96976e-05 7.99145e-08
397.6 1.96503e-05 3.11882e-08
398 1.96096e-05 -1.46006e-08
398.4 1.95757e-05 -5.56722e-08
398.8 1.95485e-05 -9.04482e-08
399.2 1.95275e-05 -1.17613e-07
399.6 1.95121e-05 -1.36162e-07
400 1.95015e-05 -1.45443e-07
