    2.1316611720e+02    2.2043106574e+02   -4.3824121922e+04    1.4247886343e+00    1.3807018967e+00    1.4099244181e+00    7.5552956014e-03   -3.7248643566e-03   -4.3176094719e-03    4.2241998216e+01    4.2241998216e+01    4.2241998216e+01
    2.6237046467e+02    2.7131235446e+02   -4.3768902647e+04    1.7544110868e+00    1.6983701531e+00    1.7226238700e+00    9.9013550872e-03   -6.6116766791e-03   -4.4735546614e-04    4.2241998216e+01    4.2241998216e+01    4.2241998216e+01
    2.8985622302e+02    2.9973485933e+02   -4.3733455591e+04    1.9133066471e+00    1.8409477109e+00    1.9002515571e+00    3.5072583726e-04    6.7393560226e-03    1.8521614292e-03    4.2241998216e+01    4.2241998216e+01    4.2241998216e+01
    2.9415021587e+02    3.0417519644e+02   -4.3733646465e+04    1.8878654503e+00    1.9004043401e+00    1.8595572987e+00    9.4489463716e-03    4.5762466467e-03   -1.2570543329e-03    4.2241998216e+01    4.2241998216e+01    4.2241998216e+01
    2.9927381942e+02    3.0947341834e+02   -4.3730404078e+04    1.9518279864e+00    1.8695028855e+00    1.8719194156e+00   -1.0615060269e-03   -7.6995160190e-03    1.5334703280e-03    4.2241998216e+01    4.2241998216e+01    4.2241998216e+01
    2.9629040294e+02    3.0638832357e+02   -4.3728840552e+04    1.8695501892e+00    1.8900618293e+00    1.9558450384e+00    9.0693549872e-03    2.5065702663e-03   -1.6610367284e-02    4.2241998216e+01    4.2241998216e+01    4.2241998216e+01
    3.0298595062e+02    3.1331206329e+02   -4.3730013602e+04    1.8398448774e+00    1.9384820655e+00    1.9150130345e+00    9.2937686483e-03    5.0462463981e-04    1.4375692220e-03    4.2241998216e+01    4.2241998216e+01    4.2241998216e+01
    3.0119827018e+02    3.1146345662e+02   -4.3736508367e+04    1.8298939758e+00    1.8682381419e+00    1.9061294843e+00    6.1635316665e-03   -9.5063263763e-03    3.0071579995e-03    4.2241998216e+01    4.2241998216e+01    4.2241998216e+01
    3.0440210582e+02    3.1477648269e+02   -4.3735374838e+04    1.8583426307e+00    1.8739519346e+00    1.8830607635e+00    1.8429681362e-03   -1.8407424978e-03    5.4012039695e-03    4.2241998216e+01    4.2241998216e+01    4.2241998216e+01
    2.9966607973e+02    3.0987904734e+02   -4.3729865415e+04    1.8805042790e+00    1.8874516920e+00    1.9005515785e+00   -8.6649283590e-03   -8.0631345364e-03   -7.9415622148e-03    4.2241998216e+01    4.2241998216e+01    4.2241998216e+01
    2.9870756219e+02    3.0888786241e+02   -4.3730385068e+04    1.9665296398e+00    1.8855483085e+00    1.8860928674e+00   -3.9045263437e-04   -6.0121107177e-03   -1.0266715120e-02    4.2241998216e+01    4.2241998216e+01    4.2241998216e+01
    3.0106242771e+02    3.1132298448e+02   -4.3729818486e+04    1.9209953762e+00    1.9085884611e+00    1.9479180762e+00    1.5034567132e-03   -2.6048858936e-03   -1.0613624631e-02    4.2241998216e+01    4.2241998216e+01    4.2241998216e+01
    2.9737120658e+02    3.0750596225e+02   -4.3731250326e+04    1.9088947078e+00    1.9526246354e+00    1.8781041595e+00    6.6694425784e-03    3.3571271362e-04    2.9012006941e-03    4.2241998216e+01    4.2241998216e+01    4.2241998216e+01
    2.9991803997e+02    3.1013959468e+02   -4.3735531661e+04    1.8604431952e+00    1.8842403676e+00    1.8694274343e+00   -5.0874311472e-03    1.9707333917e-02   -9.8895412930e-03    4.2241998216e+01    4.2241998216e+01    4.2241998216e+01
    2.9733330717e+02    3.0746677118e+02   -4.3728870876e+04    1.8937457094e+00    1.9002030189e+00    1.9286408857e+00    1.7495015706e-03   -1.4048445362e-02    1.3018453674e-02    4.2241998216e+01    4.2241998216e+01    4.2241998216e+01
    2.9723428284e+02    3.0736437199e+02   -4.3728722582e+04    1.8862646397e+00    1.9031928231e+00    1.8946990339e+00    2.1357563494e-03   -1.1896974364e-03   -5.7611093485e-04    4.2241998216e+01    4.2241998216e+01    4.2241998216e+01
    3.0284600073e+02    3.1316734374e+02   -4.3726034192e+04    1.9767683861e+00    1.8874076590e+00    1.9272251080e+00    1.7931657350e-03    7.8814063804e-03   -2.1649128442e-03    4.2241998216e+01    4.2241998216e+01    4.2241998216e+01
    3.0046716825e+02    3.1070743788e+02   -4.3731522225e+04    1.9062422456e+00    1.8863779515e+00    1.8957181525e+00    1.4115633077e-02    2.9869462781e-03    1.1010553818e-02    4.2241998216e+01    4.2241998216e+01    4.2241998216e+01
    3.0042638328e+02    3.1066526291e+02   -4.3734590411e+04    1.9140812146e+00    1.8383269068e+00    1.8718859030e+00   -2.8054636693e-03    5.0818443679e-03    1.4760864860e-02    4.2241998216e+01    4.2241998216e+01    4.2241998216e+01
    3.0160196762e+02    3.1188091254e+02   -4.3729214775e+04    1.8683523985e+00    1.9293469984e+00    1.9338833477e+00    9.8259699764e-03   -7.4236313069e-03   -1.5954834876e-03    4.2241998216e+01    4.2241998216e+01    4.2241998216e+01
    2.9718203963e+02    3.0731034828e+02   -4.3732181342e+04    1.9255444869e+00    1.9091763497e+00    1.8698180163e+00    3.8312666133e-03   -2.7920039639e-03   -3.6034600266e-03    4.2241998216e+01    4.2241998216e+01    4.2241998216e+01
    3.0028668912e+02    3.1052080782e+02   -4.3735265157e+04    1.9012062400e+00    1.7935702576e+00    1.8583518940e+00    1.9471315179e-03   -5.3587984942e-04   -4.0742683984e-03    4.2241998216e+01    4.2241998216e+01    4.2241998216e+01
    3.0305044081e+02    3.1337875137e+02   -4.3732258777e+04    1.9240044156e+00    1.8763537887e+00    1.8821196824e+00    1.3579957020e-02    2.6421855532e-03    9.1288114119e-03    4.2241998216e+01    4.2241998216e+01    4.2241998216e+01
    2.9726414706e+02    3.0739525402e+02   -4.3737584012e+04    1.8727593717e+00    1.8675069144e+00    1.8356211739e+00    1.6746942298e-02   -2.1063002820e-03   -2.4923367743e-03    4.2241998216e+01    4.2241998216e+01    4.2241998216e+01
    3.0320031387e+02    3.1353373228e+02   -4.3732539660e+04    1.8848378099e+00    1.9042480485e+00    1.8865582346e+00    3.5055069083e-03   -4.4756215081e-03   -3.2908528998e-03    4.2241998216e+01    4.2241998216e+01    4.2241998216e+01
    3.0358396900e+02    3.1393046282e+02   -4.3729093712e+04    1.8854783348e+00    1.9201598631e+00    1.9117661673e+00    1.1209080426e-02   -2.1542158913e-03    2.6711739628e-03    4.2241998216e+01    4.2241998216e+01    4.2241998216e+01
    2.9959295332e+02    3.0980342869e+02   -4.3735911759e+04    1.9127431175e+00    1.9095193291e+00    1.8326981981e+00    1.4578411180e-02    2.9314155843e-03    2.6872734666e-03    4.2241998216e+01    4.2241998216e+01    4.2241998216e+01
    2.9922762345e+02    3.0942564796e+02   -4.3729220946e+04    1.8613318084e+00    1.9194432102e+00    1.9325178329e+00    8.6428186693e-03   -6.0737384749e-03   -1.1424979725e-03    4.2241998216e+01    4.2241998216e+01    4.2241998216e+01
    3.0380370844e+02    3.1415769123e+02   -4.3731096808e+04    1.9349511847e+00    1.8725458803e+00    1.8639878122e+00   -4.4469283905e-04   -8.0448483805e-03   -3.4613041671e-03    4.2241998216e+01    4.2241998216e+01    4.2241998216e+01
    2.9648397381e+02    3.0658849156e+02   -4.3730103790e+04    1.9350562640e+00    1.8710086595e+00    1.8731757299e+00    8.1397008717e-03    4.1481051272e-03   -5.6033674380e-03    4.2241998216e+01    4.2241998216e+01    4.2241998216e+01
    3.0451846308e+02    3.1489680554e+02   -4.3729335003e+04    1.9205494407e+00    1.9221929203e+00    1.8923636397e+00    1.0909146207e-03    3.3074322566e-03    2.5230168642e-04    4.2241998216e+01    4.2241998216e+01    4.2241998216e+01
    2.9722218267e+02    3.0735185943e+02   -4.3730406799e+04    1.9453505405e+00    1.9056564375e+00    1.9177877173e+00   -3.0835365774e-03    1.3662973945e-03    1.1908309018e-02    4.2241998216e+01    4.2241998216e+01    4.2241998216e+01
    2.9720384082e+02    3.0733289247e+02   -4.3738020189e+04    1.8332592365e+00    1.8957715484e+00    1.8594000325e+00    3.6344380364e-03   -1.4831013166e-03   -3.6941880057e-03    4.2241998216e+01    4.2241998216e+01    4.2241998216e+01
    3.0124982394e+02    3.1151676739e+02   -4.3730378122e+04    1.8964139880e+00    1.9173143754e+00    1.8499847331e+00    3.1438543361e-04    1.3311013211e-02   -1.9552454664e-03    4.2241998216e+01    4.2241998216e+01    4.2241998216e+01
    2.9685090760e+02    3.0696793088e+02   -4.3735349939e+04    1.8971451189e+00    1.8424213413e+00    1.8617313626e+00    1.4397235945e-02    2.2969142574e-03    7.5808864846e-04    4.2241998216e+01    4.2241998216e+01    4.2241998216e+01
    3.0161338360e+02    3.1189271759e+02   -4.3730395219e+04    1.8759752016e+00    1.8993621001e+00    1.9461303747e+00   -1.9778807245e-03    3.1132933765e-03   -2.1377534019e-03    4.2241998216e+01    4.2241998216e+01    4.2241998216e+01
    2.9667363738e+02    3.0678461909e+02   -4.3734080819e+04    1.9183222328e+00    1.8581813129e+00    1.9406417888e+00    8.0117983844e-04    7.3603562593e-03    4.7117216483e-03    4.2241998216e+01    4.2241998216e+01    4.2241998216e+01
    2.9957678922e+02    3.0978671371e+02   -4.3731980833e+04    1.9002716055e+00    1.8475939628e+00    1.8924919291e+00    1.9293355035e-02    3.8051512727e-03    2.5295082199e-03    4.2241998216e+01    4.2241998216e+01    4.2241998216e+01
    3.0211224421e+02    3.1240857994e+02   -4.3731758197e+04    1.8606439577e+00    1.9321643322e+00    1.9194207974e+00   -6.1258034307e-03   -1.3043071091e-02    3.8564728015e-03    4.2241998216e+01    4.2241998216e+01    4.2241998216e+01
    2.9672997889e+02    3.0684288078e+02   -4.3732946133e+04    1.8989481592e+00    1.8495800089e+00    1.8914615678e+00   -5.1228943820e-03    5.6490744759e-03   -5.2512879521e-03    4.2241998216e+01    4.2241998216e+01    4.2241998216e+01
    3.0245441545e+02    3.1276241277e+02   -4.3733552577e+04    1.9017354969e+00    1.8381288698e+00    1.8937939231e+00    7.1879834869e-03   -1.4381954964e-03   -7.9645710229e-03    4.2241998216e+01    4.2241998216e+01    4.2241998216e+01
    2.9985989375e+02    3.1007946676e+02   -4.3732324178e+04    1.8915702958e+00    1.8894772950e+00    1.9140022592e+00   -2.1156287022e-03    2.1613164531e-03    7.1511184950e-05    4.2241998216e+01    4.2241998216e+01    4.2241998216e+01
    3.0361378379e+02    3.1396129373e+02   -4.3728587402e+04    1.8912593721e+00    1.9148618093e+00    1.9436720483e+00    9.3813650785e-03    1.2912340790e-02   -7.7876638047e-03    4.2241998216e+01    4.2241998216e+01    4.2241998216e+01
    2.9961882946e+02    3.0983018672e+02   -4.3730216099e+04    1.8877845671e+00    1.8748234694e+00    1.9288518040e+00    1.1207345135e-02    5.0642457554e-03    3.2659244816e-03    4.2241998216e+01    4.2241998216e+01    4.2241998216e+01
    3.0100535736e+02    3.1126396911e+02   -4.3730036231e+04    1.9003350388e+00    1.9194075941e+00    1.9408074566e+00    1.0340753980e-02   -1.8878657429e-03    2.7687532067e-03    4.2241998216e+01    4.2241998216e+01    4.2241998216e+01
    3.0084082347e+02    3.1109382771e+02   -4.3733896023e+04    1.8867004174e+00    1.9470531624e+00    1.8781189915e+00   -1.0051463625e-03    4.2121036888e-03    3.2415203874e-03    4.2241998216e+01    4.2241998216e+01    4.2241998216e+01
    3.0061843604e+02    3.1086386106e+02   -4.3734923180e+04    1.8916066115e+00    1.8717938877e+00    1.8416052673e+00    1.2802161793e-02   -9.8537516484e-04   -2.5387872562e-03    4.2241998216e+01    4.2241998216e+01    4.2241998216e+01
    3.0399619865e+02    3.1435674174e+02   -4.3733901711e+04    1.9109537365e+00    1.8409505174e+00    1.9237023673e+00    1.6285936364e-02    5.8613064328e-03    3.0936987634e-03    4.2241998216e+01    4.2241998216e+01    4.2241998216e+01
    3.0157170037e+02    3.1184961374e+02   -4.3733948859e+04    1.8595154012e+00    1.8543840270e+00    1.8991477978e+00   -1.8451579911e-03    1.2089182300e-02    3.3894689035e-03    4.2241998216e+01    4.2241998216e+01    4.2241998216e+01
    3.0094366247e+02    3.1120017158e+02   -4.3739067865e+04    1.8433416730e+00    1.8250937926e+00    1.8792412115e+00    1.1672335710e-02   -1.2129416799e-02   -1.4315076319e-02    4.2241998216e+01    4.2241998216e+01    4.2241998216e+01
    3.0014462343e+02    3.1037390037e+02   -4.3729277346e+04    1.9256880906e+00    1.8449744801e+00    1.9197291025e+00    1.1286407142e-02   -9.5434900236e-03    3.2037006907e-03    4.2241998216e+01    4.2241998216e+01    4.2241998216e+01
    2.9502645134e+02    3.0508129503e+02   -4.3731540803e+04    1.9009718351e+00    1.8723848478e+00    1.9308101540e+00   -2.5241112224e-03    7.0521014202e-03   -2.1983676264e-03    4.2241998216e+01    4.2241998216e+01    4.2241998216e+01
    3.0046499525e+02    3.1070519082e+02   -4.3733391602e+04    1.8844856851e+00    1.9246757701e+00    1.8481812063e+00    1.1668876555e-02   -4.8214576875e-03    1.5158848108e-03    4.2241998216e+01    4.2241998216e+01    4.2241998216e+01
    2.9826257652e+02    3.0842771112e+02   -4.3728417389e+04    1.8929272578e+00    1.8709033101e+00    1.9479464918e+00    6.1903527562e-03    3.2701888074e-03    3.9595995738e-03    4.2241998216e+01    4.2241998216e+01    4.2241998216e+01
    3.0162279939e+02    3.1190245427e+02   -4.3730201944e+04    1.8823478614e+00    1.8547175014e+00    1.8861964085e+00    1.1641327897e-04    7.0588629360e-03   -9.8072976829e-03    4.2241998216e+01    4.2241998216e+01    4.2241998216e+01
    3.0224931912e+02    3.1255032653e+02   -4.3731310822e+04    1.8856200177e+00    1.8875186028e+00    1.8614051200e+00    7.6345449087e-03   -7.2330503451e-03    8.6042209673e-03    4.2241998216e+01    4.2241998216e+01    4.2241998216e+01
    3.0262541908e+02    3.1293924440e+02   -4.3734188092e+04    1.8735371751e+00    1.8943812259e+00    1.8929726009e+00   -4.2946104489e-04   -9.0424011848e-03    1.6173707497e-03    4.2241998216e+01    4.2241998216e+01    4.2241998216e+01
    3.0575122116e+02    3.1617157745e+02   -4.3730338992e+04    1.8698996703e+00    1.8913460790e+00    1.9311181602e+00    8.0397267477e-03    3.5175340961e-04   -6.7099650277e-05    4.2241998216e+01    4.2241998216e+01    4.2241998216e+01
    2.9934189408e+02    3.0954381307e+02   -4.3735114133e+04    1.8474269668e+00    1.9242569323e+00    1.8658613718e+00    5.2613586617e-03   -7.4385538187e-03   -6.0177767154e-03    4.2241998216e+01    4.2241998216e+01    4.2241998216e+01
    2.9634980339e+02    3.0644974845e+02   -4.3726784382e+04    1.9031729436e+00    1.9737346491e+00    1.9090832862e+00   -1.6209724878e-03   -4.8264830807e-03   -8.4982793727e-03    4.2241998216e+01    4.2241998216e+01    4.2241998216e+01
    2.9969762044e+02    3.0991166299e+02   -4.3734124236e+04    1.8706057111e+00    1.8714346640e+00    1.9148671144e+00    3.4683448386e-04   -6.8908294985e-04   -6.5156902344e-03    4.2241998216e+01    4.2241998216e+01    4.2241998216e+01
    3.0058921798e+02    3.1083364721e+02   -4.3733239140e+04    1.9164128759e+00    1.8837953632e+00    1.8669914346e+00    1.5024205170e-02   -9.7930343496e-03    4.1734847881e-03    4.2241998216e+01    4.2241998216e+01    4.2241998216e+01
    3.0010616431e+02    3.1033413051e+02   -4.3724620884e+04    2.0010168236e+00    1.8968191676e+00    1.9233149396e+00    6.4906441835e-03    1.4090711469e-02    7.7713167229e-03    4.2241998216e+01    4.2241998216e+01    4.2241998216e+01
    2.9655665682e+02    3.0666365169e+02   -4.3728905368e+04    1.9564074659e+00    1.8807817056e+00    1.8914381527e+00    2.1745480462e-03   -1.9050918185e-03    9.1985429119e-03    4.2241998216e+01    4.2241998216e+01    4.2241998216e+01
    3.0063361086e+02    3.1087955305e+02   -4.3729091476e+04    1.9282272730e+00    1.8897299368e+00    1.8918197567e+00    1.4143273398e-02   -1.0329098008e-02   -1.9251721156e-03    4.2241998216e+01    4.2241998216e+01    4.2241998216e+01
    2.9694211794e+02    3.0706224977e+02   -4.3733632462e+04    1.8925475869e+00    1.8669977718e+00    1.8816852488e+00   -7.6430202525e-03   -1.6995929059e-03   -4.7823519991e-03    4.2241998216e+01    4.2241998216e+01    4.2241998216e+01
    3.0257264019e+02    3.1288466675e+02   -4.3734676882e+04    1.8551149678e+00    1.8770777406e+00    1.9227010024e+00    1.0101504126e-02   -7.0229055982e-03    1.6943535539e-03    4.2241998216e+01    4.2241998216e+01    4.2241998216e+01
    3.0214221172e+02    3.1243956878e+02   -4.3733374424e+04    1.8278119573e+00    1.9280110317e+00    1.8268157837e+00   -3.5919787796e-03   -3.8581775115e-03   -2.7999170671e-03    4.2241998216e+01    4.2241998216e+01    4.2241998216e+01
    2.9733353735e+02    3.0746700921e+02   -4.3732158327e+04    1.9377996233e+00    1.8676530356e+00    1.9130726078e+00    8.1190691922e-03   -1.2713716919e-02    1.2029992390e-02    4.2241998216e+01    4.2241998216e+01    4.2241998216e+01
    3.0015181497e+02    3.1038133700e+02   -4.3727374052e+04    1.9161067074e+00    1.9737719966e+00    1.9083918016e+00    1.0586439458e-02   -2.5527358400e-03   -5.4747885900e-03    4.2241998216e+01    4.2241998216e+01    4.2241998216e+01
    2.9960170612e+02    3.0981247981e+02   -4.3731551069e+04    1.9273878111e+00    1.8802138951e+00    1.8917909026e+00    1.1657466506e-02    2.0127428424e-03   -8.1109219615e-03    4.2241998216e+01    4.2241998216e+01    4.2241998216e+01
    3.0422397605e+02    3.1459228205e+02   -4.3732673552e+04    1.8874194756e+00    1.8768153809e+00    1.8386978249e+00    1.1234805181e-02   -7.6637399131e-03   -7.2023077443e-03    4.2241998216e+01    4.2241998216e+01    4.2241998216e+01
    2.9932682022e+02    3.0952822547e+02   -4.3734158673e+04    1.8926826256e+00    1.8879179542e+00    1.8841719456e+00    1.8398460205e-02   -9.3958309709e-03    8.0564177673e-03    4.2241998216e+01    4.2241998216e+01    4.2241998216e+01
    3.0062018778e+02    3.1086567250e+02   -4.3730216796e+04    1.8797728755e+00    1.9095312244e+00    1.9477570787e+00    6.8412086096e-03   -1.6220533680e-03    4.0877595087e-03    4.2241998216e+01    4.2241998216e+01    4.2241998216e+01
    2.9819956953e+02    3.0836255677e+02   -4.3734600707e+04    1.8131056935e+00    1.8469857273e+00    1.8970926514e+00    6.7580163778e-03    1.5313055652e-03   -3.7302770733e-03    4.2241998216e+01    4.2241998216e+01    4.2241998216e+01
    3.0085074685e+02    3.1110408929e+02   -4.3731708357e+04    1.8866064327e+00    1.8918818845e+00    1.9145435809e+00   -3.8750873387e-03   -4.5814170912e-03    9.5247166538e-03    4.2241998216e+01    4.2241998216e+01    4.2241998216e+01
    2.9947166989e+02    3.0967801179e+02   -4.3735198158e+04    1.8715717575e+00    1.8757359884e+00    1.8900474456e+00    7.8959621311e-03   -3.4634729625e-03    5.7537006016e-03    4.2241998216e+01    4.2241998216e+01    4.2241998216e+01
    3.0032940406e+02    3.1056497853e+02   -4.3730435962e+04    1.9194381330e+00    1.9152210817e+00    1.8875548523e+00    8.3473764004e-03   -4.4799080329e-03   -1.8505297908e-03    4.2241998216e+01    4.2241998216e+01    4.2241998216e+01
    2.9886305630e+02    3.0904865594e+02   -4.3731855537e+04    1.8742780198e+00    1.9040504746e+00    1.8827060061e+00    3.8642177122e-03   -3.1329976141e-03    5.4598110722e-03    4.2241998216e+01    4.2241998216e+01    4.2241998216e+01
    2.9908089149e+02    3.0927391521e+02   -4.3728932754e+04    1.9297086352e+00    1.9066051450e+00    1.9081353835e+00    1.3681882078e-02    6.9523760265e-04   -1.8105127631e-02    4.2241998216e+01    4.2241998216e+01    4.2241998216e+01
    2.9525396564e+02    3.0531656328e+02   -4.3733494021e+04    1.8848563449e+00    1.8653950069e+00    1.8848083112e+00   -1.0959571214e-02   -6.1387694796e-03   -1.2517320533e-03    4.2241998216e+01    4.2241998216e+01    4.2241998216e+01
    3.0155810635e+02    3.1183555642e+02   -4.3733010736e+04    1.9373837957e+00    1.8177782834e+00    1.8689336222e+00    1.3965554278e-02    3.6406219587e-03    2.2092541803e-03    4.2241998216e+01    4.2241998216e+01    4.2241998216e+01
    2.9966847469e+02    3.0988152393e+02   -4.3730605070e+04    1.9324019233e+00    1.8853180819e+00    1.8673143180e+00    9.0674010109e-03   -2.4583088309e-03   -1.5263339670e-02    4.2241998216e+01    4.2241998216e+01    4.2241998216e+01
    2.9998625524e+02    3.1021013480e+02   -4.3730663499e+04    1.8605657844e+00    1.8765607659e+00    1.9304073921e+00   -5.2293901829e-03    6.2645509967e-04    3.0081522209e-03    4.2241998216e+01    4.2241998216e+01    4.2241998216e+01
    2.9523988084e+02    3.0530199846e+02   -4.3733326746e+04    1.9253910101e+00    1.9440910737e+00    1.8833210212e+00   -3.4285728884e-03    4.9779502037e-03    5.9152944488e-03    4.2241998216e+01    4.2241998216e+01    4.2241998216e+01
    2.9687195423e+02    3.0698969480e+02   -4.3727756128e+04    1.9190530152e+00    1.9239030662e+00    1.8939713901e+00   -1.7990260470e-03   -2.9918626458e-03    7.5873267647e-03    4.2241998216e+01    4.2241998216e+01    4.2241998216e+01
    3.0270947511e+02    3.1302616517e+02   -4.3730667739e+04    1.9070930150e+00    1.9059647849e+00    1.8805967999e+00    4.2276357569e-03   -9.4764687383e-03    1.4104877378e-02    4.2241998216e+01    4.2241998216e+01    4.2241998216e+01
    2.9837385889e+02    3.0854278612e+02   -4.3731797503e+04    1.8892334432e+00    1.8850374215e+00    1.9045610666e+00    6.7449190996e-03    3.9747456342e-03    2.7716398498e-03    4.2241998216e+01    4.2241998216e+01    4.2241998216e+01
    2.9893150115e+02    3.0911943347e+02   -4.3730779129e+04    1.8468457021e+00    1.9255022334e+00    1.8629108035e+00   -8.6105384188e-04   -5.2203111197e-03   -2.1048335802e-03    4.2241998216e+01    4.2241998216e+01    4.2241998216e+01
    2.9829774797e+02    3.0846408125e+02   -4.3731448325e+04    1.9321345347e+00    1.8951878106e+00    1.8078342281e+00    4.2829227044e-03    2.0092155186e-03    8.7801511121e-03    4.2241998216e+01    4.2241998216e+01    4.2241998216e+01
    3.0211512790e+02    3.1241156191e+02   -4.3728441174e+04    1.9169615101e+00    1.8916603097e+00    1.9344227799e+00   -1.9340823803e-03   -1.6331843308e-03   -9.0554196997e-05    4.2241998216e+01    4.2241998216e+01    4.2241998216e+01
    3.0101813466e+02    3.1127718187e+02   -4.3731129838e+04    1.8689899540e+00    1.9126456128e+00    1.8917363342e+00    5.8097571632e-03   -6.2311998173e-03    1.0267075978e-02    4.2241998216e+01    4.2241998216e+01    4.2241998216e+01
    2.9941355712e+02    3.0961791846e+02   -4.3727335300e+04    1.8876384895e+00    1.9259609439e+00    1.8725000233e+00    2.8668955123e-02   -2.3598311966e-03   -8.0470018679e-03    4.2241998216e+01    4.2241998216e+01    4.2241998216e+01
    2.9642870672e+02    3.0653134090e+02   -4.3730412712e+04    1.8354573283e+00    1.8522058939e+00    1.9551274302e+00    1.1801312628e-02   -1.6492040970e-02   -1.5532373524e-03    4.2241998216e+01    4.2241998216e+01    4.2241998216e+01
    3.0130620919e+02    3.1157507431e+02   -4.3726612761e+04    1.8527407241e+00    1.9550057002e+00    1.9297767109e+00    7.0075043913e-04    8.7434218781e-03   -7.2369677740e-03    4.2241998216e+01    4.2241998216e+01    4.2241998216e+01
    2.9986458370e+02    3.1008431656e+02   -4.3731348727e+04    1.8989183480e+00    1.8718248883e+00    1.9071167404e+00    1.2892605899e-02   -1.2937773686e-02   -1.4747320089e-03    4.2241998216e+01    4.2241998216e+01    4.2241998216e+01
    3.0307988310e+02    3.1340919708e+02   -4.3728890368e+04    1.8737114434e+00    1.9397591159e+00    1.8917602785e+00    1.9689344512e-02   -5.3243078520e-03   -1.6726184867e-03    4.2241998216e+01    4.2241998216e+01    4.2241998216e+01
    3.0025173289e+02    3.1048466023e+02   -4.3731056246e+04    1.8971694596e+00    1.9231277458e+00    1.9037952008e+00    8.4156050849e-03    2.5905348779e-03   -2.0069751191e-03    4.2241998216e+01    4.2241998216e+01    4.2241998216e+01
    2.9282147198e+02    3.0280116742e+02   -4.3732218616e+04    1.9250048003e+00    1.8857234305e+00    1.9102092538e+00   -3.1656549246e-03   -1.6137313111e-03    4.9180884268e-04    4.2241998216e+01    4.2241998216e+01    4.2241998216e+01
    3.0150059162e+02    3.1177608152e+02   -4.3730500695e+04    1.9142522723e+00    1.9110778323e+00    1.8893475035e+00   -3.5370285080e-03   -7.0943595462e-03    2.3876673751e-03    4.2241998216e+01    4.2241998216e+01    4.2241998216e+01
