-0.498 1.12239 0.741377
-0.496 1.34327 0.77389
-0.494 1.51549 0.791454
-0.492 1.63101 0.792455
-0.49 1.68439 0.775861
-0.488 1.67303 0.741293
-0.486 1.59727 0.68906
-0.484 1.46042 0.620165
-0.482 1.26857 0.536279
-0.48 1.03029 0.439681
-0.478 0.75626 0.333168
-0.476 0.458706 0.219947
-0.474 0.150855 0.103498
-0.472 -0.153705 -0.0125701
-0.47 -0.441667 -0.124675
-0.468 -0.700627 -0.22941
-0.466 -0.919661 -0.323688
-0.464 -1.08983 -0.404871
-0.462 -1.20456 -0.470878
-0.46 -1.25998 -0.520263
-0.458 -1.255 -0.552266
-0.456 -1.19139 -0.566834
-0.454 -1.07361 -0.564602
-0.452 -0.908598 -0.546852
-0.45 -0.705366 -0.51543
-0.448 -0.474541 -0.472652
-0.446 -0.227822 -0.421181
-0.444 0.0226129 -0.36389
-0.442 0.264717 -0.303723
-0.44 0.48717 -0.243555
-0.438 0.67993 -0.186054
-0.436 0.834716 -0.133565
-0.434 0.945394 -0.0880091
-0.432 1.00825 -0.050803
-0.43 1.02213 -0.0228153
-0.428 0.988445 -0.00434624
-0.426 0.911067 0.00486047
-0.424 0.796045 0.00557571
-0.422 0.651253 -0.000983146
-0.42 0.485926 -0.0132434
-0.418 0.310127 -0.029386
-0.416 0.134174 -0.0474661
-0.414 -0.0319418 -0.0655392
-0.412 -0.179116 -0.0817846
-0.41 -0.299643 -0.0946214
-0.408 -0.387647 -0.102809
-0.406 -0.43941 -0.105527
-0.404 -0.453585 -0.102431
-0.402 -0.431271 -0.0936805
-0.4 -0.375959 -0.0799331
-0.398 -0.293343 -0.0623155
-0.396 -0.191005 -0.0423601
-0.394 -0.0779948 -0.021918
-0.392 0.0356768 -0.00305067
-0.39 0.139602 0.0120942
-0.388 0.223576 0.0214168
-0.386 0.278188 0.0230002
-0.384 0.295392 0.0152414
-0.382 0.269002 -0.00303088
-0.38 0.195111 -0.0324576
-0.378 0.0723942 -0.0730759
-0.376 -0.0977209 -0.124275
-0.374 -0.311017 -0.184787
-0.372 -0.560601 -0.252708
-0.37 -0.837153 -0.325562
-0.368 -1.12931 -0.400387
-0.366 -1.42418 -0.473857
-0.364 -1.7079 -0.542426
-0.362 -1.96633 -0.602487
-0.36 -2.18572 -0.650544
-0.358 -2.3534 -0.683378
-0.356 -2.45843 -0.698216
-0.354 -2.49219 -0.692872
-0.352 -2.44884 -0.665877
-0.35 -2.32572 -0.616569
-0.348 -2.12353 -0.545157
-0.346 -1.84636 -0.452737
-0.344 -1.50164 -0.341278
-0.342 -1.09984 -0.213562
-0.34 -0.654029 -0.0730861
-0.338 -0.17935 0.0760675
-0.336 0.30764 0.229389
-0.334 0.789707 0.38212
-0.332 1.2497 0.529448
-0.33 1.67135 0.666703
-0.328 2.03995 0.78955
-0.326 2.34308 0.894163
-0.324 2.57112 0.977388
-0.322 2.71768 1.03687
-0.32 2.77991 1.07113
-0.318 2.75854 1.07966
-0.316 2.65786 1.06286
-0.314 2.48545 1.0221
-0.312 2.2518 0.959562
-0.31 1.96978 0.87819
-0.308 1.65399 0.781521
-0.306 1.32004 0.673529
-0.304 0.98378 0.558437
-0.302 0.660535 0.440529
-0.3 0.364362 0.32396
-0.298 0.107388 0.212573
-0.296 -0.100763 0.109737
-0.294 -0.253408 0.0182152
-0.292 -0.347087 -0.0599433
-0.29 -0.381692 -0.123466
-0.288 -0.360419 -0.171883
-0.286 -0.289553 -0.205514
-0.284 -0.178103 -0.225415
-0.282 -0.0372896 -0.233284
-0.28 0.120066 -0.231343
-0.278 0.280244 -0.222195
-0.276 0.429372 -0.208656
-0.274 0.554171 -0.193593
-0.272 0.642686 -0.179751
-0.27 0.684938 -0.1696
-0.268 0.673482 -0.165191
-0.266 0.603842 -0.168048
-0.264 0.474787 -0.17908
-0.262 0.288451 -0.198539
-0.26 0.050272 -0.226009
-0.258 -0.231231 -0.260434
-0.256 -0.544845 -0.300185
-0.254 -0.8772 -0.343158
-0.252 -1.21341 -0.386897
-0.25 -1.53781 -0.428741
-0.248 -1.83477 -0.465985
-0.246 -2.08945 -0.496038
-0.244 -2.28862 -0.516585
-0.242 -2.42137 -0.52573
-0.24 -2.4797 -0.522123
-0.238 -2.45899 -0.505052
-0.236 -2.35838 -0.474509
-0.234 -2.18083 -0.43121
-0.232 -1.93312 -0.376586
-0.23 -1.6256 -0.31272
-0.228 -1.27176 -0.242262
-0.226 -0.887603 -0.1683
-0.224 -0.490984 -0.0942063
-0.222 -0.100704 -0.023467
-0.22 0.264373 0.040502
-0.218 0.586259 0.0945404
-0.216 0.848757 0.13592
-0.214 1.03831 0.162504
-0.212 1.14472 0.172879
-0.21 1.16174 0.166456
-0.208 1.08751 0.14353
-0.206 0.924684 0.105292
-0.204 0.680465 0.0538056
-0.202 0.366336 -0.00806981
-0.2 -0.00239214 -0.0767955
-0.198 -0.407235 -0.148305
-0.196 -0.827354 -0.218189
-0.194 -1.2405 -0.281898
-0.192 -1.62405 -0.33496
-0.19 -1.95604 -0.373198
-0.188 -2.21628 -0.392941
-0.186 -2.38724 -0.391208
-0.184 -2.45498 -0.365874
-0.182 -2.40981 -0.315791
-0.18 -2.24685 -0.240864
-0.178 -1.96626 -0.142089
-0.176 -1.57335 -0.0215316
-0.174 -1.0784 0.117742
-0.172 -0.49622 0.271774
-0.17 0.154393 0.435875
-0.168 0.851491 0.604813
-0.166 1.57088 0.773028
-0.164 2.28715 0.934865
-0.162 2.97475 1.08481
-0.16 3.60906 1.21772
-0.158 4.16745 1.32903
-0.156 4.63019 1.41497
-0.154 4.98126 1.47267
-0.152 5.20901 1.5003
-0.15 5.30659 1.49714
-0.148 5.27218 1.46356
-0.146 5.109 1.40101
-0.144 4.82509 1.3119
-0.142 4.43292 1.19952
-0.14 3.94877 1.06784
-0.138 3.39196 0.921322
-0.136 2.78398 0.76471
-0.134 2.14753 0.602813
-0.132 1.50551 0.440285
-0.13 0.880083 0.281422
-0.128 0.291689 0.129987
-0.126 -0.241744 -0.0109367
-0.124 -0.705513 -0.139054
-0.122 -1.08866 -0.25292
-0.12 -1.38434 -0.35195
-0.118 -1.58996 -0.436395
-0.116 -1.70715 -0.507257
-0.114 -1.74149 -0.566178
-0.112 -1.70219 -0.615288
-0.11 -1.60142 -0.657031
-0.108 -1.45374 -0.693976
-0.106 -1.27523 -0.728627
-0.104 -1.08275 -0.763236
-0.102 -0.893073 -0.799635
-0.1 -0.722088 -0.839099
-0.098 -0.584041 -0.882239
-0.096 -0.490888 -0.928935
-0.094 -0.45175 -0.978325
-0.092 -0.47251 -1.02882
-0.09 -0.555568 -1.0782
-0.088 -0.699758 -1.12371
-0.086 -0.900428 -1.1622
-0.084 -1.14969 -1.19035
-0.082 -1.43681 -1.20483
-0.08 -1.74876 -1.20252
-0.078 -2.07087 -1.18071
-0.076 -2.38754 -1.13733
-0.074 -2.68307 -1.07105
-0.072 -2.94241 -0.981468
-0.07 -3.152 -0.869166
-0.068 -3.30039 -0.735776
-0.066 -3.37892 -0.58395
-0.064 -3.38209 -0.417304
-0.062 -3.30792 -0.240298
-0.06 -3.15796 -0.0580723
-0.058 -2.93724 0.123756
-0.056 -2.65392 0.29933
-0.054 -2.31888 0.462809
-0.052 -1.94504 0.608632
-0.05 -1.5467 0.731776
-0.048 -1.13872 0.827998
-0.046 -0.735764 0.894044
-0.044 -0.351518 0.92782
-0.042 0.00195695 0.928511
-0.04 0.314783 0.896643
-0.038 0.579664 0.834084
-0.036 0.792118 0.743982
-0.034 0.950522 0.630644
-0.032 1.05599 0.499359
-0.03 1.11208 0.35617
-0.028 1.12438 0.20761
-0.026 1.09996 0.0604125
-0.024 1.04681 -0.0787943
-0.022 0.973213 -0.203789
-0.02 0.887188 -0.309046
-0.018 0.79597 -0.389989
-0.016 0.705613 -0.443211
-0.014 0.620711 -0.466633
-0.012 0.544251 -0.459602
-0.01 0.477605 -0.422928
-0.008 0.420628 -0.358845
-0.006 0.371858 -0.270905
-0.004 0.328773 -0.163813
-0.002 0.288091 -0.0432016
0 0.246084 0.0846358
0.002 0.19878 0.213044
0.004 0.142664 0.335329
0.006 0.0745402 0.44507
0.008 -0.00800979 0.536432
0.01 -0.106348 0.604442
0.012 -0.220529 0.645227
0.014 -0.349093 0.656197
0.016 -0.488937 0.63617
0.018 -0.635277 0.585427
0.02 -0.781737 0.5057
0.022 -0.920555 0.400091
0.024 -1.04293 0.272926
0.026 -1.13949 0.129558
0.028 -1.20082 -0.0238848
0.03 -1.2181 -0.18077
0.032 -1.18374 -0.334268
0.034 -1.09192 -0.477652
0.036 -0.939192 -0.604597
0.038 -0.724819 -0.709453
0.04 -0.45108 -0.787485
0.042 -0.123346 -0.835068
0.044 0.250014 -0.849828
0.046 0.65791 -0.830729
0.048 1.08698 -0.77809
0.05 1.5222 -0.693549
0.052 1.94759 -0.579967
0.054 2.34706 -0.441274
0.056 2.70518 -0.282278
0.058 3.00806 -0.108434
0.06 3.24405 0.0744046
0.062 3.40445 0.260251
0.064 3.4839 0.44324
0.066 3.48078 0.617878
0.068 3.39725 0.779256
0.07 3.2392 0.923233
0.072 3.01591 1.04658
0.074 2.73957 1.14705
0.076 2.42468 1.22346
0.078 2.08726 1.27561
0.08 1.74408 1.30428
0.082 1.41173 1.3111
0.084 1.10587 1.29838
0.086 0.840374 1.26897
0.088 0.626689 1.22606
0.09 0.473237 1.17294
0.092 0.385002 1.11287
0.094 0.363266 1.04884
0.096 0.405524 0.983427
0.098 0.505576 0.918662
0.1 0.653791 0.855947
0.102 0.837538 0.795998
0.104 1.04175 0.738841
0.106 1.24966 0.683848
0.108 1.44352 0.629819
0.11 1.60554 0.575094
0.112 1.71871 0.5177
0.114 1.7677 0.455511
0.116 1.73963 0.386423
0.118 1.62481 0.308533
0.12 1.41734 0.220301
0.122 1.11551 0.120699
0.124 0.72203 0.00932968
0.126 0.244116 -0.113486
0.128 -0.306722 -0.246669
0.13 -0.915037 -0.388372
0.132 -1.56201 -0.53603
0.134 -2.2262 -0.686435
0.136 -2.8844 -0.83586
0.138 -3.51261 -0.980214
0.14 -4.0871 -1.11522
0.142 -4.58541 -1.23659
0.144 -4.98739 -1.34027
0.146 -5.27607 -1.42259
0.148 -5.43851 -1.48045
0.15 -5.46639 -1.51152
0.152 -5.35643 -1.51432
0.154 -5.11064 -1.48832
0.156 -4.73627 -1.43402
0.158 -4.2456 -1.3529
0.16 -3.65543 -1.24741
0.162 -2.98648 -1.12088
0.164 -2.26246 -0.977377
0.166 -1.50917 -0.821547
0.168 -0.753392 -0.658426
0.17 -0.021751 -0.493235
0.172 0.660374 -0.331158
0.174 1.26994 -0.177133
0.176 1.78718 -0.0356495
0.178 2.19646 0.0894335
0.18 2.48688 0.195035
0.182 2.65271 0.278967
0.184 2.69358 0.340005
0.186 2.61444 0.377914
0.188 2.42521 0.393431
0.19 2.14034 0.388199
0.192 1.77804 0.364668
0.194 1.3594 0.325953
0.196 0.907419 0.27567
0.198 0.445877 0.21775
0.2 -0.00172862 0.156244
0.202 -0.413275 0.0951272
0.204 -0.768999 0.0381141
0.206 -1.05236 -0.0115104
0.208 -1.25073 -0.0510328
0.21 -1.35591 -0.0784205
0.212 -1.36439 -0.0923937
0.214 -1.2774 -0.0924581
0.216 -1.10073 -0.0788967
0.218 -0.844365 -0.0527218
0.22 -0.521854 -0.0155922
0.222 -0.149607 0.0303012
0.224 0.253988 0.082373
0.226 0.669492 0.137798
0.228 1.07738 0.193672
0.23 1.459 0.247176
0.232 1.79741 0.295722
0.234 2.07821 0.337093
0.236 2.2901 0.369549
0.238 2.4254 0.391907
0.24 2.48028 0.403594
0.242 2.45485 0.404649
0.244 2.35306 0.395711
0.246 2.18235 0.377954
0.248 1.95322 0.353007
0.25 1.67857 0.322841
0.252 1.37305 0.289643
0.254 1.05221 0.255676
0.256 0.731738 0.223135
0.258 0.426593 0.194015
0.26 0.150305 0.16998
0.262 -0.085718 0.152259
0.264 -0.272736 0.141568
0.266 -0.40508 0.138051
0.268 -0.480395 0.141268
0.27 -0.499711 0.150207
0.272 -0.467333 0.16333
0.274 -0.390572 0.178658
0.276 -0.279309 0.193874
0.278 -0.145438 0.206452
0.28 -0.00220274 0.213804
0.282 0.136543 0.213433
0.284 0.257099 0.203081
0.286 0.346678 0.180875
0.288 0.394124 0.145454
0.29 0.390546 0.096074
0.292 0.329834 0.0326805
0.294 0.209045 -0.0440509
0.296 0.0286156 -0.13271
0.298 -0.207587 -0.231187
0.3 -0.492393 -0.336742
0.302 -0.815634 -0.446111
0.304 -1.16459 -0.555638
0.306 -1.52457 -0.66143
0.308 -1.87963 -0.759529
0.31 -2.2133 -0.846094
0.312 -2.5094 -0.91757
0.314 -2.75283 -0.970859
0.316 -2.93031 -1.00347
0.318 -3.03104 -1.01363
0.32 -3.04724 -1.00038
0.322 -2.9746 -0.963653
0.324 -2.81244 -0.904242
0.326 -2.56389 -0.82381
0.328 -2.2357 -0.72482
0.33 -1.838 -0.610431
0.332 -1.38384 -0.484372
0.334 -0.888678 -0.350786
0.336 -0.369617 -0.214055
0.338 0.155296 -0.0786196
0.34 0.66788 0.0512071
0.342 1.15062 0.171418
0.344 1.58743 0.278472
0.346 1.96433 0.369437
0.348 2.27002 0.442095
0.35 2.49636 0.495027
0.352 2.63862 0.527645
0.354 2.69565 0.540198
0.356 2.66984 0.533732
0.358 2.56689 0.510024
0.36 2.39549 0.47147
0.362 2.16682 0.420961
0.364 1.89396 0.361729
0.366 1.59122 0.297191
0.368 1.27343 0.230777
0.37 0.955253 0.165774
0.372 0.650445 0.105174
0.374 0.371265 0.0515449
0.376 0.127931 0.00692238
0.378 -0.0718023 -0.0272631
0.38 -0.222928 -0.0502313
0.382 -0.323327 -0.0618608
0.384 -0.373753 -0.0626647
0.386 -0.377682 -0.0537335
0.388 -0.341013 -0.0366499
0.39 -0.271654 -0.0133804
0.392 -0.179019 0.0138508
0.394 -0.073444 0.0426989
0.396 0.0344227 0.070838
0.398 0.134244 0.0960971
0.4 0.216586 0.116585
0.402 0.273447 0.130796
0.404 0.298712 0.137696
0.406 0.288486 0.136776
0.408 0.241308 0.128082
0.41 0.158223 0.112206
0.412 0.0427227 0.0902531
0.414 -0.0994639 0.0637765
0.416 -0.260691 0.0346861
0.418 -0.431832 0.00513876
0.42 -0.602796 -0.0225868
0.422 -0.763102 -0.0462236
0.424 -0.902475 -0.0636504
0.426 -1.01144 -0.0730202
0.428 -1.08187 -0.0728752
0.43 -1.10748 -0.0622427
0.432 -1.0842 -0.0407074
0.434 -1.01048 -0.00845443
0.436 -0.887383 0.033718
0.438 -0.718662 0.0844179
0.44 -0.510565 0.14171
0.442 -0.271601 0.203196
0.444 -0.0121401 0.266118
0.446 0.256072 0.327485
0.448 0.520481 0.384213
0.45 0.76834 0.433269
0.452 0.987344 0.471818
0.454 1.16625 0.497367
0.456 1.29545 0.507884
0.458 1.36748 0.501906
0.46 1.3774 0.478617
0.462 1.3231 0.437899
0.464 1.20545 0.380346
0.466 1.02826 0.30725
0.468 0.798185 0.22055
0.47 0.524427 0.122756
0.472 0.218323 0.016839
0.474 -0.107161 -0.0938909
0.476 -0.438025 -0.20593
0.478 -0.759889 -0.315731
0.48 -1.05866 -0.419851
0.482 -1.32119 -0.515101
0.484 -1.53592 -0.598676
0.486 -1.69339 -0.668265
0.488 -1.78672 -0.722145
0.49 -1.81192 -0.759236
0.492 -1.7681 -0.77913
0.494 -1.65748 -0.782093
0.496 -1.48531 -0.769024
0.498 -1.25963 -0.741398
0.4 0.00666276 0.00967926
0.8 0.00671672 0.00978903
1.2 0.00680556 0.00997005
1.6 0.00692764 0.0102194
2 0.00708074 0.0105333
2.4 0.00726207 0.0109067
2.8 0.00746837 0.0113338
3.2 0.00769596 0.0118081
3.6 0.0079408 0.0123223
4 0.00819864 0.0128687
4.4 0.00846505 0.0134392
4.8 0.00873555 0.0140256
5.2 0.00900571 0.0146194
5.6 0.00927121 0.0152125
6 0.00952799 0.0157968
6.4 0.00977228 0.0163649
6.8 0.0100007 0.0169097
7.2 0.0102104 0.0174247
7.6 0.0103989 0.0179044
8 0.0105644 0.0183439
8.4 0.0107056 0.0187392
8.8 0.010822 0.0190875
9.2 0.0109136 0.0193866
9.6 0.0109809 0.0196356
10 0.0110252 0.0198343
10.4 0.0110481 0.0199833
10.8 0.011052 0.0200845
11.2 0.0110394 0.0201401
11.6 0.0110135 0.0201533
12 0.0109776 0.0201276
12.4 0.0109352 0.0200672
12.8 0.01089 0.0199765
13.2 0.0108457 0.0198604
13.6 0.0108059 0.0197235
14 0.0107743 0.0195708
14.4 0.0107541 0.0194069
14.8 0.0107484 0.0192364
15.2 0.0107598 0.0190632
15.6 0.0107906 0.0188914
16 0.0108426 0.018724
16.4 0.0109171 0.0185638
16.8 0.011015 0.0184131
17.2 0.0111364 0.0182733
17.6 0.0112812 0.0181454
18 0.0114486 0.0180298
18.4 0.0116373 0.0179261
18.8 0.0118455 0.0178336
19.2 0.0120713 0.017751
19.6 0.0123121 0.0176766
20 0.0125651 0.0176081
20.4 0.0128273 0.0175433
20.8 0.0130955 0.0174794
21.2 0.0133663 0.0174138
21.6 0.0136365 0.0173435
22 0.0139027 0.0172657
22.4 0.0141618 0.0171779
22.8 0.0144105 0.0170776
23.2 0.0146461 0.0169624
23.6 0.0148658 0.0168305
24 0.0150674 0.0166803
24.4 0.0152488 0.0165107
24.8 0.0154083 0.0163209
25.2 0.0155444 0.0161105
25.6 0.0156562 0.0158798
26 0.0157429 0.0156293
26.4 0.0158043 0.0153599
26.8 0.0158401 0.0150729
27.2 0.0158508 0.01477
27.6 0.0158367 0.0144531
28 0.0157986 0.0141243
28.4 0.0157375 0.013786
28.8 0.0156544 0.0134405
29.2 0.0155507 0.0130903
29.6 0.0154276 0.0127377
30 0.0152866 0.012385
30.4 0.0151293 0.0120344
30.8 0.0149572 0.0116875
31.2 0.0147718 0.0113462
31.6 0.0145749 0.0110116
32 0.014368 0.0106846
32.4 0.0141528 0.0103657
32.8 0.013931 0.0100551
33.2 0.0137042 0.00975252
33.6 0.0134742 0.00945717
34 0.0132428 0.00916797
34.4 0.0130117 0.00888345
34.8 0.0127829 0.00860178
35.2 0.0125583 0.00832084
35.6 0.0123399 0.00803826
36 0.0121297 0.00775146
36.4 0.0119299 0.00745775
36.8 0.0117426 0.00715434
37.2 0.0115699 0.00683846
37.6 0.011414 0.00650741
38 0.0112768 0.00615862
38.4 0.0111603 0.00578975
38.8 0.0110664 0.00539874
39.2 0.0109965 0.00498387
39.6 0.0109519 0.00454382
40 0.0109337 0.00407776
40.4 0.0109422 0.00358534
40.8 0.0109776 0.00306679
41.2 0.0110394 0.00252289
41.6 0.0111265 0.00195506
42 0.0112374 0.00136529
42.4 0.0113695 0.000756226
42.8 0.01152 0.000131094
43.2 0.011685 -0.000506289
43.6 0.0118603 -0.00115155
44 0.0120406 -0.00179981
44.4 0.0122203 -0.00244572
44.8 0.0123933 -0.00308356
45.2 0.0125526 -0.00370725
45.6 0.0126913 -0.00431047
46 0.0128019 -0.00488677
46.4 0.0128771 -0.00542958
46.8 0.0129094 -0.00593239
47.2 0.0128914 -0.00638879
47.6 0.0128164 -0.00679263
48 0.0126779 -0.00713804
48.4 0.0124703 -0.00741962
48.8 0.0121889 -0.00763247
49.2 0.01183 -0.00777231
49.6 0.0113911 -0.00783555
50 0.0108711 -0.00781942
50.4 0.0102705 -0.00772195
50.8 0.00959122 -0.00754211
51.2 0.00883696 -0.0072798
51.6 0.00801313 -0.00693593
52 0.00712689 -0.00651239
52.4 0.0061871 -0.00601208
52.8 0.00520431 -0.00543891
53.2 0.00419063 -0.00479773
53.6 0.00315964 -0.00409433
54 0.00212618 -0.00333536
54.4 0.00110622 -0.00252823
54.8 0.000116554 -0.00168108
55.2 -0.000825385 -0.000802614
55.6 -0.00170184 9.79643e-05
56 -0.00249503 0.00101111
56.4 -0.00318745 0.00192706
56.8 -0.00376217 0.00283596
57.2 -0.0042032 0.00372803
57.6 -0.00449579 0.00459369
58 -0.00462672 0.0054237
58.4 -0.00458461 0.00620935
58.8 -0.00436017 0.0069425
59.2 -0.00394644 0.00761582
59.6 -0.00333903 0.00822279
60 -0.00253621 0.00875789
60.4 -0.0015391 0.00921665
60.8 -0.0003517 0.0095957
61.2 0.00101907 0.00989286
61.6 0.00256338 0.0101071
62 0.00426862 0.0102388
62.4 0.00611947 0.0102891
62.8 0.00809811 0.0102609
63.2 0.0101844 0.0101576
63.6 0.0123563 0.00998416
64 0.0145899 0.00974615
64.4 0.01686 0.00945011
64.8 0.0191404 0.00910327
65.2 0.0214044 0.00871344
65.6 0.0236247 0.00828888
66 0.0257747 0.0078381
66.4 0.0278281 0.00736977
66.8 0.0297597 0.0068925
67.2 0.0315456 0.00641472
67.6 0.0331638 0.00594453
68 0.0345943 0.00548955
68.4 0.0358197 0.00505679
68.8 0.0368249 0.00465252
69.2 0.037598 0.00428222
69.6 0.0381301 0.00395041
70 0.0384153 0.0036607
70.4 0.0384511 0.00341565
70.8 0.0382383 0.0032168
71.2 0.0377807 0.00306466
71.6 0.0370854 0.00295876
72 0.0361625 0.00289764
72.4 0.0350247 0.00287896
72.8 0.0336876 0.00289956
73.2 0.0321688 0.00295557
73.6 0.030488 0.00304253
74 0.0286668 0.00315548
74.4 0.0267277 0.00328912
74.8 0.0246947 0.00343794
75.2 0.022592 0.00359635
75.6 0.0204442 0.0037588
76 0.018276 0.00391997
76.4 0.0161113 0.00407482
76.8 0.0139734 0.00421874
77.2 0.0118847 0.00434766
77.6 0.00986577 0.00445811
78 0.00793602 0.00454731
78.4 0.00611282 0.00461317
78.8 0.00441159 0.00465441
79.2 0.00284561 0.00467046
79.6 0.00142595 0.00466156
80 0.000161376 0.00462864
80.4 -0.000941631 0.00457332
80.8 -0.00187887 0.00449781
81.2 -0.00264835 0.0044049
81.6 -0.00325022 0.00429777
82 -0.00368662 0.00417995
82.4 -0.00396156 0.0040552
82.8 -0.00408071 0.00392736
83.2 -0.00405125 0.00380028
83.6 -0.00388166 0.00367764
84 -0.00358147 0.0035629
84.4 -0.00316108 0.00345913
84.8 -0.00263154 0.00336897
85.2 -0.00200431 0.00329449
85.6 -0.00129106 0.00323713
86 -0.000503472 0.00319769
86.4 0.000346939 0.00317622
86.8 0.001249 0.00317204
87.2 0.00219202 0.00318372
87.6 0.00316594 0.00320913
88 0.00416143 0.00324542
88.4 0.00516996 0.0032891
88.8 0.00618386 0.00333614
89.2 0.00719642 0.00338199
89.6 0.00820181 0.00342172
90 0.00919515 0.00345014
90.4 0.0101725 0.00346186
90.8 0.0111306 0.00345147
91.2 0.0120673 0.00341363
91.6 0.012981 0.0033432
92 0.0138707 0.00323539
92.4 0.014736 0.00308582
92.8 0.015577 0.00289068
93.2 0.0163943 0.00264681
93.6 0.0171884 0.00235177
94 0.0179602 0.00200393
94.4 0.0187106 0.00160253
94.8 0.0194405 0.00114768
95.2 0.0201505 0.000640433
95.6 0.0208413 8.27306e-05
96 0.0215129 -0.000522567
96.4 0.0221654 -0.00117174
96.8 0.0227983 -0.00186025
97.2 0.0234106 -0.00258282
97.6 0.0240011 -0.0033335
98 0.0245679 -0.00410576
98.4 0.025109 -0.00489262
98.8 0.0256217 -0.00568672
99.2 0.026103 -0.00648047
99.6 0.0265498 -0.00726616
100 0.0269584 -0.0080361
100.4 0.027325 -0.00878269
100.8 0.0276459 -0.00949859
101.2 0.027917 -0.0101768
101.6 0.0281343 -0.0108109
102 0.0282941 -0.0113947
102.4 0.0283927 -0.0119231
102.8 0.0284268 -0.0123913
103.2 0.0283932 -0.0127955
103.6 0.0282895 -0.0131326
104 0.0281135 -0.0134004
104.4 0.0278637 -0.0135975
104.8 0.0275393 -0.0137234
105.2 0.0271399 -0.0137783
105.6 0.0266661 -0.0137634
106 0.0261191 -0.0136806
106.4 0.0255009 -0.0135324
106.8 0.024814 -0.013322
107.2 0.024062 -0.0130534
107.6 0.0232489 -0.0127309
108 0.0223795 -0.0123592
108.4 0.0214593 -0.0119435
108.8 0.0204941 -0.0114891
109.2 0.0194904 -0.0110016
109.6 0.0184551 -0.0104867
110 0.0173953 -0.00995004
110.4 0.0163184 -0.00939721
110.8 0.015232 -0.00883369
111.2 0.0141436 -0.00826473
111.6 0.0130608 -0.00769533
112 0.0119908 -0.00713018
112.4 0.0109409 -0.0065736
112.8 0.00991762 -0.00602953
113.2 0.00892741 -0.0055015
113.6 0.00797603 -0.00499257
114 0.0070687 -0.00450539
114.4 0.00621 -0.00404215
114.8 0.0054038 -0.00360459
115.2 0.00465327 -0.00319402
115.6 0.00396082 -0.00281134
116 0.00332808 -0.00245705
116.4 0.00275595 -0.0021313
116.8 0.00224453 -0.00183387
117.2 0.00179325 -0.00156427
117.6 0.00140082 -0.00132172
118 0.00106531 -0.00110523
118.4 0.000784204 -0.000913577
118.8 0.000554477 -0.00074541
119.2 0.000372641 -0.000599238
119.6 0.00023484 -0.000473479
120 0.00013692 -0.000366493
120.4 7.45194e-05 -0.000276606
120.8 4.3143e-05 -0.000202144
121.2 3.8249e-05 -0.000141452
121.6 5.53247e-05 -9.29177e-05
122 8.99611e-05 -5.49885e-05
122.4 0.000137922 -2.6189e-05
122.8 0.000195203 -5.13181e-06
123.2 0.000258091 9.47207e-06
123.6 0.000323204 1.88065e-05
124 0.000387531 2.39455e-05
124.4 0.000448457 2.58517e-05
124.8 0.000503781 2.53755e-05
125.2 0.000551724 2.32573e-05
125.6 0.000590929 2.01309e-05
126 0.000620448 1.65279e-05
126.4 0.000639724 1.2884e-05
126.8 0.00064857 9.54507e-06
127.2 0.000647131 6.77505e-06
127.6 0.00063585 4.76337e-06
128 0.000615428 3.63311e-06
128.4 0.000586779 3.44909e-06
128.8 0.000550983 4.22596e-06
129.2 0.000509244 5.93605e-06
129.6 0.000462838 8.51696e-06
130 0.000413079 1.18787e-05
130.4 0.000361267 1.59107e-05
130.8 0.000308663 2.04875e-05
131.2 0.000256443 2.54751e-05
131.6 0.000205683 3.07355e-05
132 0.000157326 3.61317e-05
132.4 0.00011217 4.1531e-05
132.8 7.08572e-05 4.68092e-05
133.2 3.38646e-05 5.18523e-05
133.6 1.50647e-06 5.65597e-05
134 -2.60622e-05 6.08451e-05
134.4 -4.88365e-05 6.46378e-05
134.8 -6.69488e-05 6.78837e-05
135.2 -8.0652e-05 7.05449e-05
135.6 -9.03009e-05 7.26e-05
136 -9.63312e-05 7.40431e-05
136.4 -9.9238e-05 7.48834e-05
136.8 -9.95531e-05 7.51432e-05
137.2 -9.78235e-05 7.48575e-05
137.6 -9.45906e-05 7.40714e-05
138 -9.03712e-05 7.28388e-05
138.4 -8.56403e-05 7.12206e-05
138.8 -8.08169e-05 6.92825e-05
139.2 -7.62527e-05 6.70932e-05
139.6 -7.22236e-05 6.47225e-05
140 -6.89244e-05 6.22394e-05
140.4 -6.64675e-05 5.97104e-05
140.8 -6.48832e-05 5.71981e-05
141.2 -6.41247e-05 5.47594e-05
141.6 -6.40741e-05 5.24449e-05
142 -6.45519e-05 5.02972e-05
142.4 -6.5327e-05 4.83509e-05
142.8 -6.61299e-05 4.66317e-05
143.2 -6.66647e-05 4.51562e-05
143.6 -6.66236e-05 4.3932e-05
144 -6.56995e-05 4.2958e-05
144.4 -6.35995e-05 4.22246e-05
144.8 -6.00565e-05 4.17148e-05
145.2 -5.48404e-05 4.14047e-05
145.6 -4.77666e-05 4.12645e-05
146 -3.87039e-05 4.126e-05
146.4 -2.75789e-05 4.13534e-05
146.8 -1.43801e-05 4.15045e-05
147.2 8.42168e-07 4.16726e-05
147.6 1.79763e-05 4.18168e-05
148 3.68527e-05 4.18981e-05
148.4 5.72492e-05 4.18798e-05
148.8 7.88971e-05 4.1729e-05
149.2 0.00010149 4.14171e-05
149.6 0.00012469 4.09209e-05
150 0.000148144 4.02227e-05
150.4 0.000171485 3.93111e-05
150.8 0.000194349 3.81809e-05
151.2 0.000216383 3.68331e-05
151.6 0.00023725 3.52752e-05
152 0.000256646 3.35203e-05
152.4 0.000274299 3.15869e-05
152.8 0.000289981 2.94986e-05
153.2 0.000303508 2.72827e-05
153.6 0.000314746 2.49702e-05
154 0.000323612 2.25946e-05
154.4 0.000330075 2.01909e-05
154.8 0.000334153 1.7795e-05
155.2 0.000335911 1.54428e-05
155.6 0.000335455 1.3169e-05
156 0.000332933 1.10069e-05
156.4 0.000328523 8.98733e-06
156.8 0.000322429 7.13808e-06
157.2 0.000314875 5.48347e-06
157.6 0.000306096 4.04386e-06
158 0.000296334 2.83538e-06
158.4 0.000285828 1.86972e-06
158.8 0.000274812 1.15408e-06
159.2 0.000263505 6.91155e-07
159.6 0.000252109 4.79246e-07
160 0.000240805 5.12491e-07
160.4 0.000229749 7.81129e-07
160.8 0.000219072 1.27184e-06
161.2 0.000208876 1.96815e-06
161.6 0.000199235 2.85084e-06
162 0.000190198 3.89845e-06
162.4 0.000181788 5.08769e-06
162.8 0.000174003 6.39397e-06
163.2 0.000166825 7.79182e-06
163.6 0.000160215 9.25537e-06
164 0.000154122 1.07588e-05
164.4 0.000148485 1.22765e-05
164.8 0.000143235 1.37839e-05
165.2 0.000138301 1.52573e-05
165.6 0.000133614 1.66745e-05
166 0.000129104 1.80148e-05
166.4 0.00012471 1.92592e-05
166.8 0.000120375 2.03909e-05
167.2 0.000116054 2.1395e-05
167.6 0.000111709 2.2259e-05
168 0.000107315 2.29724e-05
168.4 0.000102855 2.35271e-05
168.8 9.83216e-05 2.39174e-05
169.2 9.37168e-05 2.41398e-05
169.6 8.90503e-05 2.4193e-05
170 8.43375e-05 2.40783e-05
170.4 7.95988e-05 2.37986e-05
170.8 7.48574e-05 2.33593e-05
171.2 7.0138e-05 2.27675e-05
171.6 6.54654e-05 2.20324e-05
172 6.0863e-05 2.11647e-05
172.4 5.63517e-05 2.01767e-05
172.8 5.19492e-05 1.90821e-05
173.2 4.76692e-05 1.78957e-05
173.6 4.35216e-05 1.66333e-05
174 3.95117e-05 1.53115e-05
174.4 3.56412e-05 1.39471e-05
174.8 3.19085e-05 1.25575e-05
175.2 2.83095e-05 1.11598e-05
175.6 2.48381e-05 9.77093e-06
176 2.14879e-05 8.40711e-06
176.4 1.82527e-05 7.08382e-06
176.8 1.51275e-05 5.81544e-06
177.2 1.21099e-05 4.61501e-06
177.6 9.20069e-06 3.49404e-06
178 6.40427e-06 2.46229e-06
178.4 3.72951e-06 1.52768e-06
178.8 1.18975e-06 6.96089e-07
179.2 -1.19721e-06 -2.86446e-08
179.6 -3.40939e-06 -6.44807e-07
180 -5.42117e-06 -1.15278e-06
180.4 -7.20411e-06 -1.55497e-06
180.8 -8.72793e-06 -1.85574e-06
181.2 -9.96165e-06 -2.06124e-06
181.6 -1.08749e-05 -2.17922e-06
182 -1.14393e-05 -2.2188e-06
182.4 -1.16299e-05 -2.19028e-06
182.8 -1.14261e-05 -2.10476e-06
183.2 -1.08137e-05 -1.97396e-06
183.6 -9.78514e-06 -1.80985e-06
184 -8.34101e-06 -1.62437e-06
184.4 -6.49042e-06 -1.42913e-06
184.8 -4.25147e-06 -1.23517e-06
185.2 -1.65138e-06 -1.05266e-06
185.6 1.27371e-06 -8.90677e-07
186 4.47925e-06 -7.57064e-07
186.4 7.91305e-06 -6.58236e-07
186.8 1.15163e-05 -5.99094e-07
187.2 1.5225e-05 -5.82962e-07
187.6 1.89711e-05 -6.11577e-07
188 2.26846e-05 -6.85126e-07
188.4 2.62951e-05 -8.02319e-07
188.8 2.97332e-05 -9.6051e-07
189.2 3.2933e-05 -1.15585e-06
189.6 3.58332e-05 -1.38348e-06
190 3.83788e-05 -1.63772e-06
190.4 4.05226e-05 -1.91231e-06
190.8 4.22264e-05 -2.20063e-06
191.2 4.34616e-05 -2.49595e-06
191.6 4.42103e-05 -2.79162e-06
192 4.4465e-05 -3.08135e-06
192.4 4.42294e-05 -3.35931e-06
192.8 4.35173e-05 -3.62039e-06
193.2 4.23527e-05 -3.86026e-06
193.6 4.07685e-05 -4.07553e-06
194 3.88056e-05 -4.26376e-06
194.4 3.65117e-05 -4.42353e-06
194.8 3.39395e-05 -4.55443e-06
195.2 3.11458e-05 -4.65698e-06
195.6 2.81892e-05 -4.73259e-06
196 2.5129e-05 -4.78343e-06
196.4 2.20234e-05 -4.81231e-06
196.8 1.89281e-05 -4.82254e-06
197.2 1.5895e-05 -4.81773e-06
197.6 1.29711e-05 -4.80169e-06
198 1.01972e-05 -4.7782e-06
198.4 7.60787e-06 -4.75089e-06
198.8 5.23023e-06 -4.72306e-06
199.2 3.08415e-06 -4.69759e-06
199.6 1.18211e-06 -4.6768e-06
200 -4.70555e-07 -4.66235e-06
200.4 -1.87524e-06 -4.65525e-06
200.8 -3.0394e-06 -4.65576e-06
201.2 -3.97582e-06 -4.66344e-06
201.6 -4.70171e-06 -4.67717e-06
202 -5.23769e-06 -4.69518e-06
202.4 -5.6068e-06 -4.71519e-06
202.8 -5.83349e-06 -4.73448e-06
203.2 -5.94259e-06 -4.74998e-06
203.6 -5.95839e-06 -4.75847e-06
204 -5.90382e-06 -4.75666e-06
204.4 -5.79976e-06 -4.74135e-06
204.8 -5.66444e-06 -4.70957e-06
205.2 -5.51302e-06 -4.6587e-06
205.6 -5.35737e-06 -4.58658e-06
206 -5.20598e-06 -4.49158e-06
206.4 -5.06398e-06 -4.37274e-06
206.8 -4.9334e-06 -4.22973e-06
207.2 -4.81344e-06 -4.06298e-06
207.6 -4.701e-06 -3.87357e-06
208 -4.59109e-06 -3.6633e-06
208.4 -4.47749e-06 -3.43457e-06
208.8 -4.35331e-06 -3.19038e-06
209.2 -4.21158e-06 -2.93417e-06
209.6 -4.04585e-06 -2.66979e-06
210 -3.85067e-06 -2.4013e-06
210.4 -3.62208e-06 -2.13294e-06
210.8 -3.35791e-06 -1.86894e-06
211.2 -3.05807e-06 -1.61343e-06
211.6 -2.72467e-06 -1.37031e-06
212 -2.36207e-06 -1.14314e-06
212.4 -1.97673e-06 -9.35053e-07
212.8 -1.57707e-06 -7.48685e-07
213.2 -1.17317e-06 -5.86098e-07
213.6 -7.76353e-07 -4.48749e-07
214 -3.9879e-07 -3.37474e-07
214.4 -5.29961e-08 -2.52483e-07
214.8 2.48672e-07 -1.93383e-07
215.2 4.94519e-07 -1.5922e-07
215.6 6.74003e-07 -1.48533e-07
216 7.78173e-07 -1.59423e-07
216.4 8.00056e-07 -1.89635e-07
216.8 7.3497e-07 -2.36644e-07
217.2 5.80741e-07 -2.97749e-07
217.6 3.37835e-07 -3.70163e-07
218 9.37971e-09 -4.51107e-07
218.4 -3.98906e-07 -5.37887e-07
218.8 -8.78886e-07 -6.27978e-07
219.2 -1.42027e-06 -7.19079e-07
219.6 -2.01093e-06 -8.09172e-07
220 -2.63737e-06 -8.96555e-07
220.4 -3.28508e-06 -9.79864e-07
220.8 -3.93911e-06 -1.05808e-06
221.2 -4.58452e-06 -1.13054e-06
221.6 -5.20687e-06 -1.19688e-06
222 -5.79271e-06 -1.25703e-06
222.4 -6.32998e-06 -1.31118e-06
222.8 -6.80835e-06 -1.3597e-06
223.2 -7.21957e-06 -1.40311e-06
223.6 -7.55765e-06 -1.44203e-06
224 -7.81897e-06 -1.47709e-06
224.4 -8.00236e-06 -1.50892e-06
224.8 -8.109e-06 -1.53807e-06
225.2 -8.14234e-06 -1.56496e-06
225.6 -8.10783e-06 -1.58989e-06
226 -8.01268e-06 -1.61298e-06
226.4 -7.86548e-06 -1.63418e-06
226.8 -7.67587e-06 -1.65324e-06
227.2 -7.45411e-06 -1.66976e-06
227.6 -7.21066e-06 -1.68317e-06
228 -6.95581e-06 -1.69279e-06
228.4 -6.69924e-06 -1.69784e-06
228.8 -6.44973e-06 -1.69749e-06
229.2 -6.21482e-06 -1.69091e-06
229.6 -6.0006e-06 -1.67733e-06
230 -5.81153e-06 -1.65605e-06
230.4 -5.65032e-06 -1.62652e-06
230.8 -5.51796e-06 -1.58835e-06
231.2 -5.41371e-06 -1.54136e-06
231.6 -5.33524e-06 -1.48559e-06
232 -5.2788e-06 -1.42134e-06
232.4 -5.23949e-06 -1.34915e-06
232.8 -5.21148e-06 -1.26979e-06
233.2 -5.18834e-06 -1.18428e-06
233.6 -5.16336e-06 -1.09383e-06
234 -5.12989e-06 -9.99829e-07
234.4 -5.08162e-06 -9.03774e-07
234.8 -5.01289e-06 -8.07261e-07
235.2 -4.91893e-06 -7.1191e-07
235.6 -4.7961e-06 -6.1932e-07
236 -4.64203e-06 -5.31011e-07
236.4 -4.4557e-06 -4.48379e-07
236.8 -4.23753e-06 -3.72643e-07
237.2 -3.98928e-06 -3.0481e-07
237.6 -3.71407e-06 -2.45636e-07
238 -3.41614e-06 -1.95605e-07
238.4 -3.10073e-06 -1.54913e-07
238.8 -2.77384e-06 -1.23463e-07
239.2 -2.44195e-06 -1.00871e-07
239.6 -2.11177e-06 -8.64817e-08
240 -1.78995e-06 -7.93954e-08
240.4 -1.48281e-06 -7.85024e-08
240.8 -1.19606e-06 -8.25245e-08
241.2 -9.34571e-07 -9.00638e-08
241.6 -7.02191e-07 -9.9654e-08
242 -5.01579e-07 -1.09815e-07
242.4 -3.34102e-07 -1.19108e-07
242.8 -1.99783e-07 -1.26186e-07
243.2 -9.73123e-08 -1.29845e-07
243.6 -2.41032e-08 -1.29064e-07
244 2.3594e-08 -1.23045e-07
244.4 5.05324e-08 -1.11238e-07
244.8 6.22685e-08 -9.336e-08
245.2 6.493e-08 -6.94045e-08
245.6 6.49619e-08 -3.96392e-08
246 6.88593e-08 -4.59461e-09
246.4 8.29005e-08 3.49564e-08
246.8 1.12888e-07 7.80283e-08
247.2 1.63911e-07 1.2346e-07
247.6 2.40134e-07 1.69958e-07
248 3.44626e-07 2.16141e-07
248.4 4.79234e-07 2.60596e-07
248.8 6.44498e-07 3.01921e-07
249.2 8.39626e-07 3.3878e-07
249.6 1.06252e-06 3.69948e-07
250 1.30984e-06 3.94355e-07
250.4 1.57715e-06 4.11118e-07
250.8 1.85904e-06 4.19575e-07
251.2 2.14939e-06 4.19304e-07
251.6 2.44153e-06 4.10135e-07
252 2.72853e-06 3.92154e-07
252.4 3.00345e-06 3.65697e-07
252.8 3.25958e-06 3.31337e-07
253.2 3.49071e-06 2.89862e-07
253.6 3.69131e-06 2.42242e-07
254 3.85679e-06 1.89603e-07
254.4 3.98359e-06 1.33178e-07
254.8 4.06936e-06 7.42731e-08
255.2 4.11298e-06 1.42181e-08
255.6 4.11463e-06 -4.56719e-08
256 4.07574e-06 -1.0414e-07
256.4 3.99892e-06 -1.60024e-07
256.8 3.88788e-06 -2.12292e-07
257.2 3.74722e-06 -2.60067e-07
257.6 3.58232e-06 -3.02651e-07
258 3.39906e-06 -3.39535e-07
258.4 3.20365e-06 -3.70411e-07
258.8 3.00236e-06 -3.95169e-07
259.2 2.80134e-06 -4.13889e-07
259.6 2.60633e-06 -4.26824e-07
260 2.42252e-06 -4.34388e-07
260.4 2.25436e-06 -4.37123e-07
260.8 2.1054e-06 -4.35672e-07
261.2 1.97818e-06 -4.30753e-07
261.6 1.87423e-06 -4.23121e-07
262 1.79396e-06 -4.13535e-07
262.4 1.73674e-06 -4.02734e-07
262.8 1.70095e-06 -3.91401e-07
263.2 1.68407e-06 -3.80142e-07
263.6 1.68283e-06 -3.69465e-07
264 1.69336e-06 -3.59763e-07
264.4 1.71136e-06 -3.51307e-07
264.8 1.73233e-06 -3.4424e-07
265.2 1.75176e-06 -3.38578e-07
265.6 1.76528e-06 -3.34219e-07
266 1.76891e-06 -3.30953e-07
266.4 1.75921e-06 -3.2848e-07
266.8 1.73341e-06 -3.2643e-07
267.2 1.68953e-06 -3.24385e-07
267.6 1.62646e-06 -3.219e-07
268 1.54402e-06 -3.18535e-07
268.4 1.44295e-06 -3.13871e-07
268.8 1.32488e-06 -3.07538e-07
269.2 1.19227e-06 -2.9923e-07
269.6 1.04829e-06 -2.88727e-07
270 8.9674e-07 -2.75903e-07
270.4 7.41829e-07 -2.60735e-07
270.8 5.88063e-07 -2.43308e-07
271.2 4.40042e-07 -2.23813e-07
271.6 3.02285e-07 -2.02538e-07
272 1.79053e-07 -1.79863e-07
272.4 7.4183e-08 -1.56237e-07
272.8 -9.05597e-09 -1.32171e-07
273.2 -6.80898e-08 -1.08208e-07
273.6 -1.01134e-07 -8.49062e-08
274 -1.07256e-07 -6.28163e-08
274.4 -8.64109e-08 -4.24577e-08
274.8 -3.94338e-08 -2.42984e-08
275.2 3.19956e-08 -8.73572e-09
275.6 1.25422e-07 3.91987e-09
276 2.37711e-07 1.34576e-08
276.4 3.65176e-07 1.97751e-08
276.8 5.03713e-07 2.28828e-08
277.2 6.48963e-07 2.29039e-08
277.6 7.96471e-07 2.007e-08
278 9.41851e-07 1.47123e-08
278.4 1.08095e-06 7.24867e-09
278.8 1.20998e-06 -1.83191e-09
279.2 1.32567e-06 -1.19884e-08
279.6 1.42537e-06 -2.26484e-08
280 1.5071e-06 -3.323e-08
280.4 1.56965e-06 -4.31637e-08
280.8 1.6126e-06 -5.19144e-08
281.2 1.63626e-06 -5.90011e-08
281.6 1.64172e-06 -6.40151e-08
282 1.63069e-06 -6.66346e-08
282.4 1.6055e-06 -6.6637e-08
282.8 1.56893e-06 -6.39056e-08
283.2 1.52408e-06 -5.84341e-08
283.6 1.4743e-06 -5.03251e-08
284 1.42296e-06 -3.97857e-08
284.4 1.37338e-06 -2.71186e-08
284.8 1.32864e-06 -1.27092e-08
285.2 1.29148e-06 2.98931e-09
285.6 1.26421e-06 1.94741e-08
286 1.24857e-06 3.62125e-08
286.4 1.24574e-06 5.26623e-08
286.8 1.25621e-06 6.82929e-08
287.2 1.27986e-06 8.26046e-08
287.6 1.31592e-06 9.51483e-08
288 1.36301e-06 1.05541e-07
288.4 1.41923e-06 1.1348e-07
288.8 1.48226e-06 1.18753e-07
289.2 1.54942e-06 1.21247e-07
289.6 1.61781e-06 1.20947e-07
290 1.68444e-06 1.1794e-07
290.4 1.74637e-06 1.12407e-07
290.8 1.80078e-06 1.04617e-07
291.2 1.84516e-06 9.49129e-08
291.6 1.87736e-06 8.37006e-08
292 1.89572e-06 7.14299e-08
292.4 1.89911e-06 5.8578e-08
292.8 1.88698e-06 4.56307e-08
293.2 1.85941e-06 3.30633e-08
293.6 1.81708e-06 2.13233e-08
294 1.76124e-06 1.08134e-08
294.4 1.69369e-06 1.87695e-09
294.8 1.61668e-06 -5.21404e-09
295.2 1.53285e-06 -1.02681e-08
295.6 1.4451e-06 -1.318e-08
296 1.35648e-06 -1.39332e-08
296.4 1.27009e-06 -1.25988e-08
296.8 1.18895e-06 -9.33091e-09
297.2 1.11585e-06 -4.35897e-09
297.6 1.05332e-06 2.02274e-09
298 1.00345e-06 9.46797e-09
298.4 9.67887e-07 1.75932e-08
298.8 9.47705e-07 2.59938e-08
299.2 9.4342e-07 3.426e-08
299.6 9.54952e-07 4.19941e-08
300 9.81639e-07 4.88255e-08
300.4 1.02226e-06 5.44254e-08
300.8 1.07511e-06 5.85194e-08
301.2 1.13802e-06 6.08975e-08
301.6 1.20851e-06 6.14216e-08
302 1.28385e-06 6.003e-08
302.4 1.36115e-06 5.67389e-08
302.8 1.43752e-06 5.16405e-08
303.2 1.51014e-06 4.48987e-08
303.6 1.5764e-06 3.6741e-08
304 1.63397e-06 2.74492e-08
304.4 1.6809e-06 1.73471e-08
304.8 1.71568e-06 6.78728e-09
305.2 1.7373e-06 -3.86318e-09
305.6 1.74529e-06 -1.42377e-08
306 1.7397e-06 -2.39847e-08
306.4 1.72114e-06 -3.27809e-08
306.8 1.69069e-06 -4.03444e-08
307.2 1.64988e-06 -4.64447e-08
307.6 1.60063e-06 -5.09114e-08
308 1.54515e-06 -5.36403e-08
308.4 1.48586e-06 -5.45961e-08
308.8 1.42528e-06 -5.38131e-08
309.2 1.36594e-06 -5.13931e-08
309.6 1.31027e-06 -4.74999e-08
310 1.26051e-06 -4.23524e-08
310.4 1.21863e-06 -3.62145e-08
310.8 1.18624e-06 -2.93846e-08
311.2 1.16452e-06 -2.21827e-08
311.6 1.15423e-06 -1.49376e-08
312 1.15563e-06 -7.97329e-09
312.4 1.1685e-06 -1.5965e-09
312.8 1.19214e-06 3.91574e-09
313.2 1.22544e-06 8.32669e-09
313.6 1.26689e-06 1.14489e-08
314 1.31466e-06 1.31511e-08
314.4 1.36667e-06 1.33627e-08
314.8 1.42071e-06 1.20761e-08
315.2 1.47447e-06 9.34606e-09
315.6 1.5257e-06 5.28665e-09
316 1.57223e-06 6.62432e-11
316.4 1.61212e-06 -6.10006e-09
316.8 1.64371e-06 -1.29596e-08
317.2 1.66566e-06 -2.02326e-08
317.6 1.67704e-06 -2.76241e-08
318 1.67734e-06 -3.48354e-08
318.4 1.6665e-06 -4.15766e-08
318.8 1.64487e-06 -4.75781e-08
319.2 1.61327e-06 -5.2601e-08
319.6 1.57287e-06 -5.64467e-08
320 1.52519e-06 -5.89643e-08
320.4 1.47201e-06 -6.00563e-08
320.8 1.41532e-06 -5.9682e-08
321.2 1.35724e-06 -5.78587e-08
321.6 1.29989e-06 -5.46604e-08
322 1.24538e-06 -5.02143e-08
322.4 1.19565e-06 -4.46955e-08
322.8 1.15245e-06 -3.83192e-08
323.2 1.11725e-06 -3.13324e-08
323.6 1.09121e-06 -2.40029e-08
324 1.07507e-06 -1.66092e-08
324.4 1.06922e-06 -9.4289e-09
324.8 1.07362e-06 -2.72791e-09
325.2 1.08783e-06 3.25028e-09
325.6 1.11102e-06 8.29396e-09
326 1.14204e-06 1.22314e-08
326.4 1.17943e-06 1.49372e-08
326.8 1.22151e-06 1.63371e-08
327.2 1.26641e-06 1.64106e-08
327.6 1.31222e-06 1.51907e-08
328 1.35698e-06 1.27629e-08
328.4 1.39883e-06 9.26091e-09
328.8 1.43603e-06 4.86106e-09
329.2 1.46708e-06 -2.25058e-10
329.6 1.49071e-06 -5.75932e-09
330 1.506e-06 -1.14867e-08
330.4 1.51236e-06 -1.71457e-08
330.8 1.50959e-06 -2.24785e-08
331.2 1.49785e-06 -2.72414e-08
331.6 1.47767e-06 -3.12145e-08
332 1.4499e-06 -3.42101e-08
332.4 1.41572e-06 -3.60799e-08
332.8 1.37655e-06 -3.67207e-08
333.2 1.33399e-06 -3.60783e-08
333.6 1.28978e-06 -3.41494e-08
334 1.2457e-06 -3.0981e-08
334.4 1.20352e-06 -2.66688e-08
334.8 1.16492e-06 -2.13529e-08
335.2 1.13142e-06 -1.52121e-08
335.6 1.10433e-06 -8.45663e-09
336 1.08469e-06 -1.31995e-09
336.4 1.07322e-06 5.95069e-09
336.8 1.07033e-06 1.31038e-08
337.2 1.07606e-06 1.98935e-08
337.6 1.09012e-06 2.6089e-08
338 1.11187e-06 3.14833e-08
338.4 1.14039e-06 3.59011e-08
338.8 1.17447e-06 3.92052e-08
339.2 1.2127e-06 4.13016e-08
339.6 1.2535e-06 4.21425e-08
340 1.29519e-06 4.1728e-08
340.4 1.3361e-06 4.01054e-08
340.8 1.37454e-06 3.73669e-08
341.2 1.40898e-06 3.36456e-08
341.6 1.43803e-06 2.91102e-08
342 1.46053e-06 2.39575e-08
342.4 1.47556e-06 1.84052e-08
342.8 1.48254e-06 1.26824e-08
343.2 1.48116e-06 7.02157e-09
343.6 1.47149e-06 1.64874e-09
344 1.45388e-06 -3.22482e-09
344.4 1.42901e-06 -7.41065e-09
344.8 1.39784e-06 -1.07502e-08
345.2 1.36155e-06 -1.31204e-08
345.6 1.32153e-06 -1.44384e-08
346 1.27928e-06 -1.46638e-08
346.4 1.23641e-06 -1.37998e-08
346.8 1.19449e-06 -1.18927e-08
347.2 1.15508e-06 -9.02946e-09
347.6 1.11961e-06 -5.33337e-09
348 1.08933e-06 -9.59204e-10
348.4 1.06529e-06 3.9135e-09
348.8 1.04828e-06 9.08781e-09
349.2 1.0388e-06 1.43574e-08
349.6 1.03706e-06 1.95146e-08
350 1.04296e-06 2.43591e-08
350.4 1.05609e-06 2.87052e-08
350.8 1.07577e-06 3.23892e-08
351.2 1.10108e-06 3.52757e-08
351.6 1.13088e-06 3.72624e-08
352 1.16385e-06 3.82839e-08
352.4 1.19858e-06 3.83138e-08
352.8 1.23362e-06 3.7365e-08
353.2 1.26748e-06 3.54894e-08
353.6 1.29878e-06 3.27745e-08
354 1.32624e-06 2.93401e-08
354.4 1.34874e-06 2.5333e-08
354.8 1.36538e-06 2.09208e-08
355.2 1.37551e-06 1.6285e-08
355.6 1.37873e-06 1.16138e-08
356 1.37494e-06 7.09441e-09
356.4 1.3643e-06 2.90541e-09
356.8 1.34725e-06 -7.89846e-10
357.2 1.32449e-06 -3.84985e-09
357.6 1.29693e-06 -6.16023e-09
358 1.26566e-06 -7.63804e-09
358.4 1.23192e-06 -8.2347e-09
358.8 1.19702e-06 -7.93758e-09
359.2 1.16231e-06 -6.77015e-09
359.6 1.12911e-06 -4.79062e-09
360 1.09867e-06 -2.0893e-09
360.4 1.07212e-06 1.21532e-09
360.8 1.0504e-06 4.98159e-09
361.2 1.03427e-06 9.05059e-09
361.6 1.02424e-06 1.32526e-08
362 1.02057e-06 1.74139e-08
362.4 1.02326e-06 2.1364e-08
362.8 1.03205e-06 2.4942e-08
363.2 1.04643e-06 2.80031e-08
363.6 1.06567e-06 3.04245e-08
364 1.08885e-06 3.21096e-08
364.4 1.1149e-06 3.29918e-08
364.8 1.14262e-06 3.3037e-08
365.2 1.17076e-06 3.22446e-08
365.6 1.19807e-06 3.06471e-08
366 1.22332e-06 2.83087e-08
366.4 1.24538e-06 2.53225e-08
366.8 1.26325e-06 2.18062e-08
367.2 1.27612e-06 1.78978e-08
367.6 1.28335e-06 1.37494e-08
368 1.28455e-06 9.52135e-09
368.4 1.27958e-06 5.3759e-09
368.8 1.26852e-06 1.47051e-09
369.2 1.25173e-06 -2.04817e-09
369.6 1.22975e-06 -5.05007e-09
370 1.20336e-06 -7.42665e-09
370.4 1.1735e-06 -9.09505e-09
370.8 1.14124e-06 -1.00011e-08
371.2 1.10775e-06 -1.01212e-08
371.6 1.07422e-06 -9.46293e-09
372 1.04185e-06 -8.06472e-09
372.4 1.0118e-06 -5.99369e-09
372.8 9.85108e-07 -3.34295e-09
373.2 9.62691e-07 -2.27626e-10
373.6 9.45285e-07 3.21989e-09
374 9.33427e-07 6.85533e-09
374.4 9.27433e-07 1.05284e-08
374.8 9.27385e-07 1.40887e-08
375.2 9.33135e-07 1.73919e-08
375.6 9.44306e-07 2.0305e-08
376 9.60313e-07 2.2712e-08
376.4 9.80386e-07 2.4518e-08
376.8 1.0036e-06 2.56527e-08
377.2 1.02892e-06 2.60733e-08
377.6 1.05524e-06 2.57658e-08
378 1.08141e-06 2.47452e-08
378.4 1.10631e-06 2.30549e-08
378.8 1.12888e-06 2.07643e-08
379.2 1.14815e-06 1.79665e-08
379.6 1.16331e-06 1.47738e-08
380 1.17371e-06 1.13134e-08
380.4 1.17888e-06 7.72219e-09
380.8 1.17858e-06 4.14124e-09
381.2 1.17279e-06 7.10248e-10
381.6 1.1617e-06 -2.43804e-09
382 1.14571e-06 -5.18296e-09
382.4 1.12541e-06 -7.42061e-09
382.8 1.10156e-06 -9.06783e-09
383.2 1.07505e-06 -1.00653e-08
383.6 1.04688e-06 -1.03795e-08
384 1.0181e-06 -1.00042e-08
384.4 9.89761e-07 -8.96017e-09
384.8 9.6291e-07 -7.29408e-09
385.2 9.38516e-07 -5.07666e-09
385.6 9.17445e-07 -2.39955e-09
386 9.00422e-07 6.28425e-10
386.4 8.88008e-07 3.88576e-09
386.8 8.80576e-07 7.24313e-09
387.2 8.78297e-07 1.05686e-08
387.6 8.81139e-07 1.37327e-08
388 8.88865e-07 1.66137e-08
388.4 9.01049e-07 1.91023e-08
388.8 9.1709e-07 2.11058e-08
389.2 9.3624e-07 2.25513e-08
389.6 9.57636e-07 2.33892e-08
390 9.80332e-07 2.35938e-08
390.4 1.00334e-06 2.31651e-08
390.8 1.02567e-06 2.21282e-08
391.2 1.04636e-06 2.05316e-08
391.6 1.06454e-06 1.84459e-08
392 1.07943e-06 1.59602e-08
392.4 1.09039e-06 1.31786e-08
392.8 1.09696e-06 1.0216e-08
393.2 1.09883e-06 7.1932e-09
393.6 1.0959e-06 4.23235e-09
394 1.08827e-06 1.45195e-09
394.4 1.0762e-06 -1.03781e-09
394.8 1.06015e-06 -3.13931e-09
395.2 1.04072e-06 -4.77128e-09
395.6 1.01864e-06 -5.87187e-09
396 9.94753e-07 -6.40095e-09
396.4 9.69948e-07 -6.34148e-09
396.8 9.45154e-07 -5.70001e-09
397.2 9.2129e-07 -4.50621e-09
397.6 8.99226e-07 -2.81149e-09
398 8.79756e-07 -6.86808e-10
398.4 8.63561e-07 1.78036e-09
398.8 8.51184e-07 4.48958e-09
399.2 8.43012e-07 7.33157e-09
399.6 8.39257e-07 1.01926e-08
400 8.39954e-07 1.2959e-08
