-0.498 -1.41993 -0.675345
-0.496 -1.66798 -0.759838
-0.494 -1.91926 -0.848066
-0.492 -2.17042 -0.938521
-0.49 -2.4176 -1.02953
-0.488 -2.65659 -1.11929
-0.486 -2.88298 -1.20595
-0.484 -3.09223 -1.28765
-0.482 -3.27986 -1.36257
-0.48 -3.44161 -1.429
-0.478 -3.57357 -1.4854
-0.476 -3.67234 -1.53046
-0.474 -3.73514 -1.5631
-0.472 -3.75998 -1.58254
-0.47 -3.74572 -1.58832
-0.468 -3.69216 -1.5803
-0.466 -3.60012 -1.55868
-0.464 -3.47139 -1.52395
-0.462 -3.30875 -1.47694
-0.46 -3.11594 -1.41873
-0.458 -2.89753 -1.35064
-0.456 -2.65883 -1.2742
-0.454 -2.40574 -1.19108
-0.452 -2.14459 -1.10305
-0.45 -1.88192 -1.0119
-0.448 -1.62431 -0.919434
-0.446 -1.37811 -0.827353
-0.444 -1.14926 -0.737236
-0.442 -0.94308 -0.650477
-0.44 -0.764048 -0.568248
-0.438 -0.615681 -0.491459
-0.436 -0.500387 -0.420742
-0.434 -0.419381 -0.356432
-0.432 -0.372642 -0.298571
-0.43 -0.358903 -0.246917
-0.428 -0.375692 -0.20097
-0.426 -0.41941 -0.159999
-0.424 -0.485457 -0.123089
-0.422 -0.568387 -0.0891847
-0.42 -0.662102 -0.0571497
-0.418 -0.76007 -0.02582
-0.416 -0.855568 0.00593594
-0.414 -0.941924 0.0391601
-0.412 -1.01278 0.0747521
-0.41 -1.06231 0.113421
-0.408 -1.08549 0.155649
-0.406 -1.07826 0.201658
-0.404 -1.0377 0.251397
-0.402 -0.962169 0.304537
-0.4 -0.851359 0.360475
-0.398 -0.706333 0.418362
-0.396 -0.529485 0.477132
-0.394 -0.324467 0.535549
-0.392 -0.0960529 0.592262
-0.39 0.150025 0.645863
-0.388 0.407288 0.694956
-0.386 0.668743 0.738217
-0.384 0.927146 0.774464
-0.382 1.17527 0.802714
-0.38 1.40621 0.822236
-0.378 1.61363 0.832594
-0.376 1.79206 0.83368
-0.374 1.93717 0.825732
-0.372 2.04595 0.809337
-0.37 2.11694 0.785421
-0.368 2.15033 0.755218
-0.366 2.14805 0.72023
-0.364 2.1137 0.682162
-0.362 2.05253 0.64286
-0.36 1.97125 0.604223
-0.358 1.87775 0.568126
-0.356 1.78091 0.536329
-0.354 1.69015 0.510396
-0.352 1.61512 0.491618
-0.35 1.56525 0.480947
-0.348 1.54935 0.478937
-0.346 1.5752 0.485703
-0.344 1.64915 0.500899
-0.342 1.77578 0.523709
-0.34 1.95761 0.552856
-0.338 2.19491 0.586635
-0.336 2.48551 0.622961
-0.334 2.82482 0.659436
-0.332 3.20583 0.693427
-0.33 3.61925 0.722164
-0.328 4.05375 0.742834
-0.326 4.49628 0.752694
-0.324 4.93242 0.749173
-0.322 5.34689 0.729976
-0.32 5.72405 0.693185
-0.318 6.04844 0.637343
-0.316 6.30536 0.561533
-0.314 6.48145 0.465439
-0.312 6.5652 0.349387
-0.31 6.54747 0.214366
-0.308 6.42191 0.0620269
-0.306 6.18523 -0.105338
-0.304 5.83751 -0.284847
-0.302 5.38222 -0.473094
-0.3 4.82627 -0.666244
-0.298 4.17983 -0.860139
-0.296 3.45606 -1.05042
-0.294 2.67077 -1.23268
-0.292 1.84188 -1.40259
-0.29 0.988876 -1.55606
-0.288 0.132187 -1.68937
-0.286 -0.707533 -1.79935
-0.284 -1.51009 -1.88345
-0.282 -2.25647 -1.9399
-0.28 -2.92948 -1.96776
-0.278 -3.51442 -1.96697
-0.276 -3.99959 -1.93844
-0.274 -4.37679 -1.88395
-0.272 -4.64162 -1.80619
-0.27 -4.79371 -1.70864
-0.268 -4.83681 -1.59549
-0.266 -4.77866 -1.47146
-0.264 -4.6308 -1.34168
-0.262 -4.40815 -1.21152
-0.26 -4.12853 -1.08633
-0.258 -3.81197 -0.971293
-0.256 -3.48003 -0.871199
-0.254 -3.15496 -0.790252
-0.252 -2.85884 -0.731886
-0.25 -2.61276 -0.698606
-0.248 -2.4359 -0.691851
-0.246 -2.34485 -0.711898
-0.244 -2.35279 -0.757803
-0.242 -2.46898 -0.827388
-0.24 -2.69823 -0.917276
-0.238 -3.04063 -1.02297
-0.236 -3.49137 -1.13898
-0.234 -4.04074 -1.25898
-0.232 -4.67433 -1.37606
-0.23 -5.37337 -1.48289
-0.228 -6.11527 -1.57203
-0.226 -6.87424 -1.6362
-0.224 -7.62213 -1.66852
-0.222 -8.32929 -1.66283
-0.22 -8.96556 -1.61391
-0.218 -9.50127 -1.51771
-0.216 -9.90827 -1.3716
-0.214 -10.1609 -1.17446
-0.212 -10.2369 -0.926835
-0.21 -10.1182 -0.630965
-0.208 -9.79186 -0.290793
-0.206 -9.25013 0.0881077
-0.204 -8.49131 0.498661
-0.202 -7.51971 0.93247
-0.2 -6.34569 1.38006
-0.198 -4.98549 1.83114
-0.196 -3.46083 2.27497
-0.194 -1.79835 2.70064
-0.192 -0.0288831 3.09748
-0.19 1.81347 3.45539
-0.188 3.69231 3.7652
-0.186 5.57 4.01898
-0.184 7.40884 4.21036
-0.182 9.17213 4.33469
-0.18 10.8253 4.38931
-0.178 12.3369 4.37359
-0.176 13.6794 4.28902
-0.174 14.8303 4.13914
-0.172 15.7722 3.92945
-0.17 16.4937 3.66727
-0.168 16.9893 3.36143
-0.166 17.2594 3.022
-0.164 17.3103 2.65997
-0.162 17.1539 2.28678
-0.16 16.8064 1.914
-0.158 16.2885 1.55286
-0.156 15.6239 1.21382
-0.154 14.8386 0.906241
-0.152 13.9596 0.637997
-0.15 13.0143 0.415195
-0.148 12.029 0.241947
-0.146 11.0282 0.120218
-0.144 10.0337 0.049749
-0.142 9.06394 0.0280678
-0.14 8.13326 0.0505772
-0.138 7.25155 0.110725
-0.136 6.42414 0.20025
-0.134 5.65167 0.30949
-0.132 4.93037 0.427753
-0.13 4.25241 0.543729
-0.128 3.60644 0.645936
-0.126 2.97831 0.723178
-0.124 2.35188 0.765014
-0.122 1.70998 0.762196
-0.12 1.03531 0.707086
-0.118 0.311483 0.594018
-0.116 -0.476006 0.419597
-0.114 -1.33888 0.182917
-0.112 -2.28527 -0.114308
-0.11 -3.31902 -0.467714
-0.108 -4.43924 -0.870353
-0.106 -5.63998 -1.31287
-0.104 -6.91021 -1.78378
-0.102 -8.23392 -2.26982
-0.1 -9.59053 -2.7564
-0.098 -10.9555 -3.22809
-0.096 -12.301 -3.66921
-0.094 -13.5968 -4.06438
-0.092 -14.8117 -4.39911
-0.09 -15.9141 -4.66038
-0.088 -16.8731 -4.83716
-0.086 -17.6604 -4.92088
-0.084 -18.2504 -4.90582
-0.082 -18.6218 -4.78942
-0.08 -18.7578 -4.57246
-0.078 -18.6472 -4.25912
-0.076 -18.2847 -3.85695
-0.074 -17.6705 -3.37667
-0.072 -16.8109 -2.83191
-0.07 -15.7173 -2.23875
-0.068 -14.4061 -1.61525
-0.066 -12.898 -0.980874
-0.064 -11.2169 -0.355791
-0.062 -9.38936 0.239775
-0.06 -7.44355 0.786275
-0.058 -5.40875 1.26554
-0.056 -3.31451 1.66145
-0.054 -1.19017 1.96055
-0.052 0.935575 2.15259
-0.05 3.03499 2.23095
-0.048 5.08149 2.19295
-0.046 7.04984 2.04007
-0.044 8.91625 1.77791
-0.042 10.6585 1.41614
-0.04 12.2562 0.968201
-0.038 13.6907 0.450935
-0.036 14.9454 -0.115979
-0.034 16.0061 -0.710644
-0.032 16.8608 -1.30969
-0.03 17.5 -1.88906
-0.028 17.9166 -2.42489
-0.026 18.1059 -2.89436
-0.024 18.0661 -3.27657
-0.022 17.7977 -3.55333
-0.02 17.304 -3.70994
-0.018 16.5914 -3.7358
-0.016 15.6696 -3.62493
-0.014 14.5514 -3.37633
-0.012 13.253 -2.99406
-0.01 11.7935 -2.48726
-0.008 10.1943 -1.86988
-0.006 8.47843 -1.16021
-0.004 6.66952 -0.38025
-0.002 4.79138 0.445108
0 2.86767 1.289
0.002 0.922003 2.1236
0.004 -1.02178 2.92131
0.006 -2.93922 3.65571
0.008 -4.80517 4.30267
0.01 -6.59402 4.84124
0.012 -8.2803 5.25443
0.014 -9.83947 5.52988
0.016 -11.2487 5.66025
0.018 -12.4875 5.64348
0.02 -13.5382 5.48276
0.022 -14.3857 5.18635
0.024 -15.0179 4.76724
0.026 -15.4253 4.24253
0.028 -15.6013 3.63278
0.03 -15.5415 2.96117
0.032 -15.2447 2.25268
0.034 -14.7124 1.5331
0.036 -13.9493 0.82819
0.038 -12.9631 0.162718
0.04 -11.7649 -0.440316
0.042 -10.3689 -0.960457
0.044 -8.79208 -1.38042
0.046 -7.05459 -1.68663
0.048 -5.17901 -1.86957
0.05 -3.19041 -1.92403
0.052 -1.11607 -1.84923
0.054 1.01475 -1.64868
0.056 3.17108 -1.33006
0.058 5.32057 -0.904823
0.06 7.42993 -0.387765
0.062 9.46543 0.203532
0.064 11.3936 0.849348
0.066 13.1819 1.52852
0.068 14.7996 2.2192
0.07 16.2188 2.89957
0.072 17.4151 3.5486
0.074 18.3685 4.14672
0.076 19.0643 4.67647
0.078 19.4935 5.12302
0.08 19.6533 5.47458
0.082 19.5472 5.72278
0.084 19.185 5.86277
0.086 18.5822 5.89334
0.088 17.7601 5.81684
0.09 16.7442 5.63895
0.092 15.5641 5.36836
0.094 14.2516 5.01644
0.096 12.8402 4.59664
0.098 11.3636 4.12403
0.1 9.85426 3.61465
0.102 8.343 3.08494
0.104 6.85738 2.55111
0.106 5.42114 2.02862
0.108 4.0535 1.5316
0.11 2.76876 1.07239
0.112 1.57601 0.66122
0.114 0.479207 0.30585
0.116 -0.522644 0.0114145
0.118 -1.43507 -0.219677
0.12 -2.26755 -0.387721
0.122 -3.03273 -0.495603
0.124 -3.74564 -0.548589
0.126 -4.42268 -0.554028
0.128 -5.08072 -0.520989
0.13 -5.73612 -0.459842
0.132 -6.40375 -0.381798
0.134 -7.09619 -0.298438
0.136 -7.82291 -0.221225
0.138 -8.58973 -0.161045
0.14 -9.3983 -0.127768
0.142 -10.2459 -0.129861
0.144 -11.1252 -0.174058
0.146 -12.0247 -0.265101
0.148 -12.9287 -0.405564
0.15 -13.8179 -0.595762
0.152 -14.6704 -0.833742
0.154 -15.4618 -1.11537
0.156 -16.1668 -1.43451
0.158 -16.7599 -1.78322
0.16 -17.2161 -2.15213
0.162 -17.5127 -2.53071
0.164 -17.6293 -2.90773
0.166 -17.5495 -3.27166
0.168 -17.2611 -3.61106
0.17 -16.7571 -3.91503
0.172 -16.0358 -4.17358
0.174 -15.1013 -4.37796
0.176 -13.9636 -4.52101
0.178 -12.6382 -4.59735
0.18 -11.1461 -4.60361
0.182 -9.51303 -4.53848
0.184 -7.76894 -4.40278
0.186 -5.94704 -4.1994
0.188 -4.08284 -3.9332
0.19 -2.2132 -3.6108
0.192 -0.375112 -3.24037
0.194 1.3953 -2.83135
0.196 3.06391 -2.39408
0.198 4.5996 -1.9395
0.2 5.97514 -1.47878
0.202 7.16795 -1.02293
0.204 8.16077 -0.582484
0.206 8.9421 -0.167174
0.208 9.50641 0.214365
0.21 9.85424 0.554833
0.212 9.99205 0.848455
0.214 9.93185 1.09112
0.216 9.69071 1.28044
0.218 9.29011 1.41579
0.22 8.75507 1.49826
0.222 8.1133 1.53051
0.224 7.39422 1.51671
0.226 6.62796 1.46225
0.228 5.84438 1.37358
0.23 5.0721 1.25793
0.232 4.33763 1.12303
0.234 3.66453 0.976819
0.236 3.07281 0.827193
0.238 2.57828 0.681717
0.24 2.19222 0.547375
0.242 1.92114 0.430355
0.244 1.76669 0.335857
0.246 1.72575 0.267945
0.248 1.79075 0.229436
0.25 1.95002 0.221845
0.252 2.18836 0.245366
0.254 2.48767 0.298907
0.256 2.82773 0.380166
0.258 3.18691 0.485752
0.26 3.54306 0.611339
0.262 3.8743 0.751851
0.264 4.15985 0.901669
0.266 4.38078 1.05485
0.268 4.52068 1.20536
0.27 4.56627 1.34727
0.272 4.5078 1.47501
0.274 4.33936 1.58353
0.276 4.05907 1.66845
0.278 3.66901 1.72627
0.28 3.17513 1.75436
0.282 2.58694 1.75114
0.284 1.91714 1.71604
0.286 1.18108 1.64949
0.288 0.396207 1.5529
0.29 -0.418573 1.42859
0.292 -1.24356 1.27964
0.294 -2.05893 1.10978
0.296 -2.84541 0.92328
0.298 -3.58489 0.724723
0.3 -4.26103 0.518892
0.302 -4.8597 0.310583
0.304 -5.36943 0.104453
0.306 -5.7817 -0.0951305
0.308 -6.09112 -0.284214
0.31 -6.2955 -0.459373
0.312 -6.39585 -0.617792
0.314 -6.39617 -0.757326
0.316 -6.30328 -0.876532
0.318 -6.12641 -0.974672
0.32 -5.87687 -1.0517
0.322 -5.56755 -1.1082
0.324 -5.21243 -1.14537
0.326 -4.82602 -1.16487
0.328 -4.42289 -1.1688
0.33 -4.01712 -1.15957
0.332 -3.62184 -1.13976
0.334 -3.24882 -1.11209
0.336 -2.90813 -1.07925
0.338 -2.60787 -1.04382
0.34 -2.35399 -1.00821
0.342 -2.15019 -0.974537
0.344 -1.9979 -0.944609
0.346 -1.89639 -0.919858
0.348 -1.84287 -0.901314
0.35 -1.83275 -0.8896
0.352 -1.85992 -0.88493
0.354 -1.91705 -0.887137
0.356 -1.99598 -0.895707
0.358 -2.08812 -0.909825
0.36 -2.18476 -0.928436
0.362 -2.2775 -0.950304
0.364 -2.35853 -0.974084
0.366 -2.42096 -0.998386
0.368 -2.45905 -1.02184
0.37 -2.46838 -1.04315
0.372 -2.44597 -1.06115
0.374 -2.39033 -1.07484
0.376 -2.30149 -1.08342
0.378 -2.18089 -1.08633
0.38 -2.03127 -1.08322
0.382 -1.8565 -1.07398
0.384 -1.66139 -1.05872
0.386 -1.4514 -1.03776
0.388 -1.23246 -1.01157
0.39 -1.01062 -0.980791
0.392 -0.791833 -0.946127
0.394 -0.581719 -0.908352
0.396 -0.385306 -0.868243
0.398 -0.206858 -0.82654
0.4 -0.0497138 -0.783906
0.402 0.0838241 -0.740888
0.404 0.192557 -0.697899
0.406 0.276414 -0.655189
0.408 0.336419 -0.612847
0.41 0.374629 -0.570799
0.412 0.394018 -0.528822
0.414 0.398334 -0.486567
0.416 0.391918 -0.44358
0.418 0.379517 -0.399343
0.42 0.36607 -0.353303
0.422 0.356503 -0.304913
0.424 0.355526 -0.253665
0.426 0.367444 -0.199126
0.428 0.395993 -0.14097
0.43 0.444193 -0.0790081
0.432 0.514239 -0.0132062
0.434 0.607422 0.0562897
0.436 0.724083 0.129144
0.438 0.863609 0.204822
0.44 1.02446 0.282597
0.442 1.20421 0.361553
0.444 1.39967 0.440606
0.446 1.60692 0.518527
0.448 1.82153 0.593978
0.45 2.03859 0.665542
0.452 2.25297 0.731776
0.454 2.45942 0.791252
0.456 2.65273 0.842605
0.458 2.82794 0.884588
0.46 2.98047 0.916113
0.462 3.10625 0.936301
0.464 3.20188 0.944514
0.466 3.26467 0.940387
0.468 3.29276 0.923852
0.47 3.28513 0.895144
0.472 3.2416 0.854803
0.474 3.16281 0.803663
0.476 3.05017 0.742831
0.478 2.90579 0.673653
0.48 2.73241 0.597683
0.482 2.53325 0.516632
0.484 2.31191 0.432328
0.486 2.07227 0.346659
0.488 1.81833 0.26152
0.49 1.55412 0.178767
0.492 1.28358 0.100157
0.494 1.01049 0.0273008
0.496 0.738337 -0.0383813
0.498 0.470318 -0.0957005
0.4 0.182322 0.175435
0.8 0.183412 0.176247
1.2 0.185216 0.177584
1.6 0.187711 0.17942
2 0.190869 0.181721
2.4 0.194654 0.184445
2.8 0.199022 0.187541
3.2 0.203925 0.190951
3.6 0.209308 0.194613
4 0.215113 0.198458
4.4 0.221279 0.202415
4.8 0.227743 0.206412
5.2 0.234441 0.210374
5.6 0.241307 0.214228
6 0.24828 0.217904
6.4 0.255297 0.221332
6.8 0.262302 0.22445
7.2 0.269238 0.2272
7.6 0.276056 0.229528
8 0.282711 0.231391
8.4 0.289164 0.23275
8.8 0.295379 0.233576
9.2 0.301329 0.233848
9.6 0.306993 0.233554
10 0.312352 0.23269
10.4 0.317398 0.231259
10.8 0.322123 0.229274
11.2 0.326528 0.226752
11.6 0.330616 0.223721
12 0.334393 0.220212
12.4 0.337869 0.216262
12.8 0.341056 0.211911
13.2 0.343969 0.207205
13.6 0.346619 0.202189
14 0.349022 0.196913
14.4 0.351191 0.191424
14.8 0.353137 0.185772
15.2 0.354871 0.180003
15.6 0.356399 0.174163
16 0.357726 0.168294
16.4 0.358855 0.162436
16.8 0.359783 0.156625
17.2 0.360507 0.150893
17.6 0.361018 0.145268
18 0.361306 0.139774
18.4 0.361358 0.134429
18.8 0.361159 0.129248
19.2 0.360691 0.124243
19.6 0.359937 0.119421
20 0.358879 0.114784
20.4 0.357497 0.110333
20.8 0.355776 0.106066
21.2 0.353698 0.101977
21.6 0.35125 0.0980601
22 0.348421 0.094307
22.4 0.345205 0.0907085
22.8 0.341596 0.0872547
23.2 0.337597 0.0839359
23.6 0.333212 0.0807425
24 0.328452 0.0776652
24.4 0.323333 0.0746958
24.8 0.317875 0.071827
25.2 0.312104 0.0690526
25.6 0.30605 0.0663675
26 0.299747 0.0637684
26.4 0.293235 0.0612527
26.8 0.286554 0.0588195
27.2 0.27975 0.0564688
27.6 0.272869 0.0542017
28 0.265959 0.0520202
28.4 0.259069 0.0499271
28.8 0.252246 0.0479255
29.2 0.245536 0.0460189
29.6 0.238985 0.0442111
30 0.232634 0.0425057
30.4 0.226521 0.0409061
30.8 0.22068 0.0394153
31.2 0.21514 0.0380359
31.6 0.209924 0.0367697
32 0.20505 0.0356179
32.4 0.200528 0.0345811
32.8 0.196365 0.0336588
33.2 0.192559 0.03285
33.6 0.189102 0.0321528
34 0.185982 0.0315644
34.4 0.183178 0.0310817
34.8 0.180667 0.0307008
35.2 0.17842 0.0304174
35.6 0.176402 0.0302267
36 0.174579 0.0301237
36.4 0.17291 0.0301033
36.8 0.171355 0.0301603
37.2 0.169873 0.0302896
37.6 0.168422 0.030486
38 0.166962 0.0307448
38.4 0.165454 0.0310615
38.8 0.163862 0.031432
39.2 0.162154 0.0318526
39.6 0.160301 0.03232
40 0.158279 0.0328315
40.4 0.15607 0.0333847
40.8 0.153661 0.0339778
41.2 0.151045 0.0346094
41.6 0.148221 0.0352787
42 0.145194 0.0359851
42.4 0.141975 0.0367284
42.8 0.138581 0.0375089
43.2 0.135035 0.038327
43.6 0.131364 0.0391834
44 0.1276 0.040079
44.4 0.123779 0.0410149
44.8 0.119942 0.0419922
45.2 0.116128 0.043012
45.6 0.112383 0.0440757
46 0.108751 0.0451843
46.4 0.105277 0.0463391
46.8 0.102006 0.0475411
47.2 0.0989789 0.0487912
47.6 0.096238 0.0500901
48 0.0938209 0.0514386
48.4 0.0917619 0.0528368
48.8 0.0900915 0.0542851
49.2 0.0888357 0.0557831
49.6 0.0880156 0.0573305
50 0.0876472 0.0589264
50.4 0.0877411 0.0605696
50.8 0.0883025 0.0622585
51.2 0.0893314 0.063991
51.6 0.0908221 0.0657646
52 0.0927641 0.0675761
52.4 0.095142 0.0694219
52.8 0.0979359 0.0712977
53.2 0.101122 0.0731987
53.6 0.104672 0.0751193
54 0.108555 0.0770533
54.4 0.112739 0.0789939
54.8 0.117187 0.0809336
55.2 0.121862 0.0828643
55.6 0.126726 0.0847773
56 0.13174 0.0866632
56.4 0.136867 0.0885121
56.8 0.142066 0.0903137
57.2 0.147301 0.0920574
57.6 0.152535 0.0937322
58 0.157734 0.0953268
58.4 0.162864 0.0968299
58.8 0.167894 0.0982302
59.2 0.172796 0.0995167
59.6 0.177541 0.100678
60 0.182105 0.101705
60.4 0.186466 0.102586
60.8 0.190604 0.103314
61.2 0.1945 0.103878
61.6 0.198139 0.104272
62 0.201506 0.10449
62.4 0.20459 0.104526
62.8 0.207381 0.104377
63.2 0.20987 0.104039
63.6 0.212051 0.103512
64 0.213918 0.102797
64.4 0.215468 0.101895
64.8 0.216699 0.100809
65.2 0.21761 0.0995454
65.6 0.218202 0.0981105
66 0.218478 0.0965124
66.4 0.218441 0.094761
66.8 0.218098 0.0928673
67.2 0.217455 0.0908438
67.6 0.216522 0.0887041
68 0.215309 0.0864629
68.4 0.213829 0.0841358
68.8 0.212097 0.0817393
69.2 0.210128 0.0792902
69.6 0.207941 0.076806
70 0.205556 0.0743043
70.4 0.202993 0.0718027
70.8 0.200276 0.0693188
71.2 0.197428 0.0668695
71.6 0.194476 0.0644715
72 0.191444 0.0621404
72.4 0.188358 0.0598911
72.8 0.185246 0.0577371
73.2 0.182134 0.0556909
73.6 0.179045 0.0537633
74 0.176006 0.0519635
74.4 0.173038 0.0502991
74.8 0.170162 0.0487758
75.2 0.167396 0.0473975
75.6 0.164756 0.0461661
76 0.162253 0.0450814
76.4 0.159897 0.0441416
76.8 0.157693 0.0433426
77.2 0.155641 0.0426787
77.6 0.15374 0.0421423
78 0.151981 0.0417241
78.4 0.150353 0.0414134
78.8 0.148843 0.0411981
79.2 0.147431 0.0410649
79.6 0.146094 0.0409995
80 0.144809 0.040987
80.4 0.143546 0.0410117
80.8 0.142276 0.041058
81.2 0.140968 0.0411099
81.6 0.139588 0.0411518
82 0.138104 0.0411685
82.4 0.136483 0.0411456
82.8 0.134694 0.0410696
83.2 0.132706 0.0409279
83.6 0.130493 0.0407095
84 0.12803 0.0404048
84.4 0.125295 0.0400057
84.8 0.122271 0.039506
85.2 0.118946 0.0389012
85.6 0.115312 0.0381887
86 0.111367 0.0373679
86.4 0.107112 0.0364398
86.8 0.102555 0.0354076
87.2 0.0977106 0.0342757
87.6 0.0925956 0.0330507
88 0.0872337 0.0317402
88.4 0.0816525 0.0303535
88.8 0.0758839 0.0289007
89.2 0.0699634 0.0273931
89.6 0.0639298 0.0258426
90 0.0578241 0.0242616
90.4 0.0516894 0.0226628
90.8 0.0455696 0.0210589
91.2 0.0395092 0.0194624
91.6 0.0335525 0.0178856
92 0.0277423 0.01634
92.4 0.0221203 0.0148364
92.8 0.0167253 0.0133847
93.2 0.0115936 0.0119939
93.6 0.00675766 0.0106715
94 0.00224628 0.00942407
94.4 -0.00191613 0.00825672
94.8 -0.00570979 0.00717327
95.2 -0.00911966 0.00617622
95.6 -0.0121357 0.0052668
96 -0.0147526 0.00444496
96.4 -0.0169702 0.00370952
96.8 -0.018793 0.00305822
97.2 -0.0202298 0.00248784
97.6 -0.0212938 0.00199436
98 -0.0220019 0.00157303
98.4 -0.0223747 0.00121858
98.8 -0.0224355 0.000925328
99.2 -0.02221 0.000687328
99.6 -0.0217263 0.000498518
100 -0.0210135 0.000352845
100.4 -0.0201018 0.000244388
100.8 -0.0190218 0.000167463
101.2 -0.0178041 0.000116721
101.6 -0.0164786 8.72174e-05
102 -0.0150743 7.44773e-05
102.4 -0.0136188 7.45331e-05
102.8 -0.0121381 8.39496e-05
103.2 -0.0106561 9.98298e-05
103.6 -0.00919448 0.000119806
104 -0.0077727 0.000142015
104.4 -0.00640757 0.000165064
104.8 -0.00511338 0.000187977
105.2 -0.00390183 0.000210147
105.6 -0.0027821 0.000231269
106 -0.00176088 0.000251275
106.4 -0.000842566 0.000270271
106.8 -2.93332e-05 0.000288468
107.2 0.000678625 0.000306126
107.6 0.00128292 0.000323492
108 0.00178673 0.000340755
108.4 0.00219458 0.000358007
108.8 0.00251214 0.000375208
109.2 0.00274591 0.000392169
109.6 0.0029031 0.000408542
110 0.00299134 0.000423815
110.4 0.00301849 0.00043733
110.8 0.00299249 0.000448292
111.2 0.00292118 0.000455805
111.6 0.00281215 0.000458898
112 0.00267263 0.000456567
112.4 0.0025094 0.000447816
112.8 0.00232869 0.000431697
113.2 0.00213616 0.000407358
113.6 0.00193683 0.000374081
114 0.00173511 0.000331322
114.4 0.00153476 0.000278742
114.8 0.00133892 0.000216234
115.2 0.00115013 0.000143946
115.6 0.000970391 6.22931e-05
116 0.000801171 -2.80434e-05
116.4 0.000643481 -0.000126115
116.8 0.000497909 -0.000230722
117.2 0.000364683 -0.000340431
117.6 0.000243712 -0.000453609
118 0.000134644 -0.000568453
118.4 3.69071e-05 -0.000683031
118.8 -5.02475e-05 -0.000795329
119.2 -0.000127704 -0.000903298
119.6 -0.000196451 -0.0010049
120 -0.000257548 -0.00109816
120.4 -0.000312105 -0.00118123
120.8 -0.000361255 -0.00125238
121.2 -0.00040614 -0.0013101
121.6 -0.000447893 -0.00135314
122 -0.000487627 -0.00138046
122.4 -0.000526424 -0.00139134
122.8 -0.000565324 -0.00138536
123.2 -0.000605317 -0.00136242
123.6 -0.000647332 -0.00132271
124 -0.000692235 -0.00126676
124.4 -0.000740814 -0.00119535
124.8 -0.000793774 -0.00110959
125.2 -0.000851728 -0.00101078
125.6 -0.000915189 -0.000900474
126 -0.000984558 -0.000780396
126.4 -0.00106012 -0.00065241
126.8 -0.00114205 -0.000518481
127.2 -0.00123036 -0.000380632
127.6 -0.00132497 -0.000240908
128 -0.00142563 -0.000101327
128.4 -0.00153196 3.61518e-05
128.8 -0.00164347 0.000169666
129.2 -0.00175951 0.000297482
129.6 -0.00187933 0.000418021
130 -0.00200206 0.00052988
130.4 -0.00212673 0.000631854
130.8 -0.0022523 0.000722945
131.2 -0.00237766 0.000802369
131.6 -0.00250165 0.000869561
132 -0.00262312 0.000924169
132.4 -0.00274087 0.000966049
132.8 -0.00285378 0.000995254
133.2 -0.00296074 0.00101202
133.6 -0.00306072 0.00101675
134 -0.00315279 0.00101
134.4 -0.00323612 0.000992444
134.8 -0.00331001 0.000964862
135.2 -0.00337389 0.000928126
135.6 -0.00342735 0.000883168
136 -0.00347014 0.000830964
136.4 -0.00350214 0.000772517
136.8 -0.00352343 0.000708833
137.2 -0.00353422 0.000640912
137.6 -0.00353487 0.000569731
138 -0.00352587 0.000496234
138.4 -0.00350785 0.000421318
138.8 -0.00348153 0.000345833
139.2 -0.00344772 0.000270567
139.6 -0.00340729 0.00019625
140 -0.00336117 0.000123546
140.4 -0.0033103 5.30549e-05
140.8 -0.00325563 -1.46897e-05
141.2 -0.0031981 -7.92185e-05
141.6 -0.00313859 -0.000140125
142 -0.00307796 -0.000197066
142.4 -0.00301698 -0.000249756
142.8 -0.00295633 -0.000297968
143.2 -0.00289662 -0.000341529
143.6 -0.00283835 -0.000380321
144 -0.00278192 -0.000414274
144.4 -0.00272763 -0.000443369
144.8 -0.00267566 -0.000467635
145.2 -0.00262611 -0.000487144
145.6 -0.00257898 -0.000502013
146 -0.0025342 -0.000512401
146.4 -0.00249161 -0.000518505
146.8 -0.00245099 -0.000520559
147.2 -0.00241209 -0.000518831
147.6 -0.0023746 -0.00051362
148 -0.0023382 -0.000505253
148.4 -0.00230258 -0.000494076
148.8 -0.00226739 -0.000480458
149.2 -0.00223235 -0.000464776
149.6 -0.00219716 -0.000447418
150 -0.00216159 -0.000428771
150.4 -0.00212541 -0.000409219
150.8 -0.00208849 -0.000389135
151.2 -0.00205072 -0.000368875
151.6 -0.00201204 -0.000348774
152 -0.00197247 -0.000329138
152.4 -0.00193205 -0.000310242
152.8 -0.0018909 -0.000292325
153.2 -0.00184918 -0.000275586
153.6 -0.00180707 -0.000260183
154 -0.0017648 -0.000246229
154.4 -0.00172264 -0.000233797
154.8 -0.00168085 -0.000222915
155.2 -0.00163972 -0.000213571
155.6 -0.00159955 -0.000205714
156 -0.00156062 -0.00019926
156.4 -0.00152321 -0.000194095
156.8 -0.00148757 -0.000190079
157.2 -0.00145396 -0.000187053
157.6 -0.00142256 -0.000184846
158 -0.00139357 -0.000183275
158.4 -0.00136711 -0.00018216
158.8 -0.00134329 -0.000181322
159.2 -0.00132217 -0.000180592
159.6 -0.00130376 -0.000179815
160 -0.00128804 -0.000178853
160.4 -0.00127496 -0.00017759
160.8 -0.0012644 -0.000175932
161.2 -0.00125624 -0.00017381
161.6 -0.0012503 -0.000171183
162 -0.00124639 -0.000168032
162.4 -0.00124427 -0.000164363
162.8 -0.00124371 -0.000160205
163.2 -0.00124444 -0.000155605
163.6 -0.00124619 -0.000150627
164 -0.00124867 -0.000145347
164.4 -0.0012516 -0.000139852
164.8 -0.00125468 -0.000134231
165.2 -0.00125765 -0.000128578
165.6 -0.00126022 -0.000122981
166 -0.00126213 -0.000117525
166.4 -0.00126315 -0.000112286
166.8 -0.00126304 -0.000107326
167.2 -0.00126161 -0.000102699
167.6 -0.00125868 -9.84413e-05
168 -0.00125409 -9.45761e-05
168.4 -0.00124771 -9.11122e-05
168.8 -0.00123946 -8.80445e-05
169.2 -0.00122926 -8.53555e-05
169.6 -0.00121708 -8.3017e-05
170 -0.0012029 -8.09921e-05
170.4 -0.00118676 -7.92378e-05
170.8 -0.00116869 -7.77074e-05
171.2 -0.00114876 -7.63531e-05
171.6 -0.00112708 -7.51284e-05
172 -0.00110376 -7.39908e-05
172.4 -0.00107893 -7.29033e-05
172.8 -0.00105276 -7.1837e-05
173.2 -0.0010254 -7.07714e-05
173.6 -0.00099703 -6.9696e-05
174 -0.000967833 -6.86105e-05
174.4 -0.000937995 -6.75245e-05
174.8 -0.000907702 -6.64569e-05
175.2 -0.000877138 -6.54354e-05
175.6 -0.000846483 -6.44942e-05
176 -0.000815908 -6.36731e-05
176.4 -0.000785574 -6.30151e-05
176.8 -0.000755632 -6.25646e-05
177.2 -0.000726219 -6.23648e-05
177.6 -0.000697456 -6.24561e-05
178 -0.000669453 -6.28738e-05
178.4 -0.000642302 -6.36467e-05
178.8 -0.000616081 -6.47951e-05
179.2 -0.000590855 -6.63302e-05
179.6 -0.000566673 -6.82532e-05
180 -0.000543575 -7.0555e-05
180.4 -0.000521589 -7.32163e-05
180.8 -0.000500732 -7.62083e-05
181.2 -0.000481015 -7.94933e-05
181.6 -0.000462443 -8.30266e-05
182 -0.000445018 -8.67573e-05
182.4 -0.000428736 -9.06308e-05
182.8 -0.000413594 -9.45904e-05
183.2 -0.000399588 -9.85793e-05
183.6 -0.000386714 -0.000102543
184 -0.000374969 -0.00010643
184.4 -0.000364351 -0.000110196
184.8 -0.000354859 -0.000113802
185.2 -0.000346492 -0.000117219
185.6 -0.000339249 -0.000120425
186 -0.000333126 -0.000123408
186.4 -0.000328117 -0.000126167
186.8 -0.000324211 -0.000128709
187.2 -0.000321393 -0.000131048
187.6 -0.000319638 -0.000133208
188 -0.000318912 -0.000135215
188.4 -0.000319171 -0.000137103
188.8 -0.000320359 -0.000138906
189.2 -0.000322408 -0.00014066
189.6 -0.000325235 -0.000142398
190 -0.000328744 -0.000144149
190.4 -0.000332826 -0.000145941
190.8 -0.00033736 -0.00014779
191.2 -0.00034221 -0.00014971
191.6 -0.000347234 -0.0001517
192 -0.000352279 -0.000153756
192.4 -0.000357186 -0.000155859
192.8 -0.000361795 -0.000157986
193.2 -0.000365944 -0.000160103
193.6 -0.000369474 -0.000162166
194 -0.000372232 -0.00016413
194.4 -0.000374074 -0.000165942
194.8 -0.00037487 -0.000167546
195.2 -0.000374503 -0.000168886
195.6 -0.000372874 -0.000169906
196 -0.000369907 -0.000170555
196.4 -0.000365543 -0.000170786
196.8 -0.000359752 -0.000170557
197.2 -0.000352524 -0.000169837
197.6 -0.000343876 -0.000168602
198 -0.000333848 -0.000166841
198.4 -0.000322504 -0.000164551
198.8 -0.00030993 -0.000161744
199.2 -0.000296231 -0.000158441
199.6 -0.000281532 -0.000154672
200 -0.000265971 -0.00015048
200.4 -0.000249699 -0.000145914
200.8 -0.000232874 -0.000141031
201.2 -0.000215663 -0.000135892
201.6 -0.000198229 -0.000130563
202 -0.00018074 -0.00012511
202.4 -0.000163352 -0.000119598
202.8 -0.000146219 -0.000114092
203.2 -0.000129481 -0.00010865
203.6 -0.000113265 -0.000103325
204 -9.76852e-05 -9.81634e-05
204.4 -8.28363e-05 -9.32019e-05
204.8 -6.87971e-05 -8.84691e-05
205.2 -5.5628e-05 -8.39838e-05
205.6 -4.33713e-05 -7.97553e-05
206 -3.20513e-05 -7.57835e-05
206.4 -2.16756e-05 -7.20596e-05
206.8 -1.22359e-05 -6.85672e-05
207.2 -3.71001e-06 -6.5283e-05
207.6 3.93711e-06 -6.21786e-05
208 1.07508e-05 -5.92217e-05
208.4 1.67847e-05 -5.63779e-05
208.8 2.2099e-05 -5.36122e-05
209.2 2.67579e-05 -5.08904e-05
209.6 3.08279e-05 -4.81812e-05
210 3.4376e-05 -4.54566e-05
210.4 3.74677e-05 -4.26938e-05
210.8 4.01659e-05 -3.9876e-05
211.2 4.25296e-05 -3.69924e-05
211.6 4.46127e-05 -3.40394e-05
212 4.64641e-05 -3.102e-05
212.4 4.81265e-05 -2.79438e-05
212.8 4.96369e-05 -2.48265e-05
213.2 5.10263e-05 -2.16892e-05
213.6 5.23205e-05 -1.85573e-05
214 5.35399e-05 -1.54594e-05
214.4 5.47008e-05 -1.2426e-05
214.8 5.58154e-05 -9.48838e-06
215.2 5.68933e-05 -6.67712e-06
215.6 5.79412e-05 -4.02079e-06
216 5.89644e-05 -1.54484e-06
216.4 5.9967e-05 7.295e-07
216.8 6.09522e-05 2.78608e-06
217.2 6.19233e-05 4.61449e-06
217.6 6.28829e-05 6.2105e-06
218 6.3834e-05 7.57622e-06
218.4 6.47793e-05 8.72005e-06
218.8 6.57211e-05 9.65636e-06
219.2 6.66615e-05 1.04049e-05
219.6 6.76014e-05 1.09901e-05
220 6.85407e-05 1.14401e-05
220.4 6.94774e-05 1.17857e-05
220.8 7.04076e-05 1.20593e-05
221.2 7.1325e-05 1.22933e-05
221.6 7.22206e-05 1.25195e-05
222 7.30825e-05 1.27676e-05
222.4 7.38962e-05 1.30641e-05
222.8 7.4644e-05 1.34315e-05
223.2 7.53061e-05 1.38874e-05
223.6 7.58602e-05 1.44441e-05
224 7.62824e-05 1.51083e-05
224.4 7.65478e-05 1.58805e-05
224.8 7.66313e-05 1.67558e-05
225.2 7.65082e-05 1.77236e-05
225.6 7.61552e-05 1.87683e-05
226 7.55516e-05 1.98701e-05
226.4 7.46795e-05 2.10058e-05
226.8 7.35253e-05 2.21495e-05
227.2 7.20799e-05 2.3274e-05
227.6 7.03397e-05 2.43516e-05
228 6.8307e-05 2.53553e-05
228.4 6.59901e-05 2.62597e-05
228.8 6.34035e-05 2.7042e-05
229.2 6.05678e-05 2.76827e-05
229.6 5.75096e-05 2.81663e-05
230 5.42605e-05 2.84821e-05
230.4 5.0857e-05 2.8624e-05
230.8 4.73391e-05 2.8591e-05
231.2 4.37499e-05 2.83868e-05
231.6 4.01337e-05 2.80199e-05
232 3.65356e-05 2.75032e-05
232.4 3.29997e-05 2.68528e-05
232.8 2.95683e-05 2.60883e-05
233.2 2.62805e-05 2.5231e-05
233.6 2.31712e-05 2.43039e-05
234 2.02701e-05 2.33303e-05
234.4 1.76009e-05 2.23333e-05
234.8 1.51809e-05 2.13347e-05
235.2 1.30204e-05 2.03544e-05
235.6 1.11226e-05 1.94101e-05
236 9.48363e-06 1.85161e-05
236.4 8.09281e-06 1.76836e-05
236.8 6.93326e-06 1.69202e-05
237.2 5.98249e-06 1.623e-05
237.6 5.21329e-06 1.56133e-05
238 4.59473e-06 1.50676e-05
238.4 4.09328e-06 1.45874e-05
238.8 3.67398e-06 1.41648e-05
239.2 3.30162e-06 1.37903e-05
239.6 2.94197e-06 1.34532e-05
240 2.56284e-06 1.31423e-05
240.4 2.13517e-06 1.28469e-05
240.8 1.6339e-06 1.25568e-05
241.2 1.03869e-06 1.22636e-05
241.6 3.34512e-07 1.19607e-05
242 -4.88002e-07 1.16438e-05
242.4 -1.43242e-06 1.13112e-05
242.8 -2.49657e-06 1.09641e-05
243.2 -3.67279e-06 1.06063e-05
243.6 -4.94835e-06 1.02443e-05
244 -6.30615e-06 9.88683e-06
244.4 -7.72539e-06 9.54474e-06
244.8 -9.18248e-06 9.23031e-06
245.2 -1.0652e-05 8.95671e-06
245.6 -1.21076e-05 8.73747e-06
246 -1.35232e-05 8.58576e-06
246.4 -1.48736e-05 8.51379e-06
246.8 -1.61358e-05 8.53216e-06
247.2 -1.72893e-05 8.64932e-06
247.6 -1.83173e-05 8.87106e-06
248 -1.92066e-05 9.20016e-06
248.4 -1.99485e-05 9.63609e-06
248.8 -2.05386e-05 1.01749e-05
249.2 -2.09771e-05 1.08091e-05
249.6 -2.12682e-05 1.1528e-05
250 -2.14203e-05 1.23177e-05
250.4 -2.1445e-05 1.31618e-05
250.8 -2.13569e-05 1.40416e-05
251.2 -2.11726e-05 1.49369e-05
251.6 -2.09103e-05 1.58263e-05
252 -2.05886e-05 1.66885e-05
252.4 -2.02259e-05 1.75023e-05
252.8 -1.98397e-05 1.8248e-05
253.2 -1.94458e-05 1.89074e-05
253.6 -1.90576e-05 1.94648e-05
254 -1.86857e-05 1.99076e-05
254.4 -1.83376e-05 2.02261e-05
254.8 -1.80173e-05 2.04146e-05
255.2 -1.77251e-05 2.0471e-05
255.6 -1.74579e-05 2.0397e-05
256 -1.72094e-05 2.01978e-05
256.4 -1.69701e-05 1.98821e-05
256.8 -1.67281e-05 1.94618e-05
257.2 -1.64695e-05 1.89512e-05
257.6 -1.61788e-05 1.83664e-05
258 -1.58402e-05 1.77253e-05
258.4 -1.54376e-05 1.70462e-05
258.8 -1.49556e-05 1.63476e-05
259.2 -1.43802e-05 1.56473e-05
259.6 -1.36995e-05 1.49617e-05
260 -1.29036e-05 1.43056e-05
260.4 -1.19861e-05 1.36913e-05
260.8 -1.09432e-05 1.31287e-05
261.2 -9.77477e-06 1.26243e-05
261.6 -8.48413e-06 1.21817e-05
262 -7.07785e-06 1.18013e-05
262.4 -5.56567e-06 1.14806e-05
262.8 -3.96021e-06 1.1214e-05
263.2 -2.27647e-06 1.09935e-05
263.6 -5.31456e-07 1.0809e-05
264 1.25648e-06 1.06489e-05
264.4 3.06817e-06 1.05004e-05
264.8 4.88424e-06 1.03502e-05
265.2 6.6857e-06 1.01855e-05
265.6 8.45454e-06 9.99392e-06
266 1.01742e-05 9.76436e-06
266.4 1.183e-05 9.48759e-06
266.8 1.34095e-05 9.1565e-06
267.2 1.49027e-05 8.76648e-06
267.6 1.63025e-05 8.3156e-06
268 1.76041e-05 7.80472e-06
268.4 1.88055e-05 7.23751e-06
268.8 1.99071e-05 6.62026e-06
269.2 2.09114e-05 5.96171e-06
269.6 2.18229e-05 5.27264e-06
270 2.26474e-05 4.56555e-06
270.4 2.33917e-05 3.8541e-06
270.8 2.40631e-05 3.15264e-06
271.2 2.46692e-05 2.47564e-06
271.6 2.52169e-05 1.83713e-06
272 2.57126e-05 1.25018e-06
272.4 2.61616e-05 7.26409e-07
272.8 2.65678e-05 2.75551e-07
273.2 2.69334e-05 -9.49085e-08
273.6 2.72592e-05 -3.79997e-07
274 2.75441e-05 -5.77424e-07
274.4 2.77856e-05 -6.87651e-07
274.8 2.79796e-05 -7.13849e-07
275.2 2.8121e-05 -6.61758e-07
275.6 2.82036e-05 -5.39447e-07
276 2.82211e-05 -3.56992e-07
276.4 2.81666e-05 -1.26075e-07
276.8 2.8034e-05 1.40463e-07
277.2 2.78177e-05 4.29118e-07
277.6 2.75131e-05 7.26226e-07
278 2.71173e-05 1.01847e-06
278.4 2.66293e-05 1.29336e-06
278.8 2.60497e-05 1.5397e-06
279.2 2.53817e-05 1.74792e-06
279.6 2.46306e-05 1.91045e-06
280 2.3804e-05 2.02191e-06
280.4 2.29113e-05 2.07927e-06
280.8 2.19643e-05 2.0819e-06
281.2 2.09761e-05 2.03148e-06
281.6 1.99612e-05 1.93191e-06
282 1.89349e-05 1.78905e-06
282.4 1.79132e-05 1.61044e-06
282.8 1.69116e-05 1.4049e-06
283.2 1.59456e-05 1.18218e-06
283.6 1.50292e-05 9.52463e-07
284 1.41754e-05 7.25962e-07
284.4 1.33952e-05 5.12462e-07
284.8 1.26975e-05 3.2091e-07
285.2 1.2089e-05 1.59045e-07
285.6 1.15737e-05 3.30809e-08
286 1.11531e-05 -5.25366e-08
286.4 1.08261e-05 -9.53007e-08
286.8 1.05893e-05 -9.47262e-08
287.2 1.0437e-05 -5.23479e-08
287.6 1.03615e-05 2.83665e-08
288 1.03535e-05 1.42185e-07
288.4 1.04026e-05 2.82351e-07
288.8 1.04977e-05 4.40888e-07
289.2 1.06272e-05 6.08952e-07
289.6 1.07797e-05 7.77219e-07
290 1.09446e-05 9.36288e-07
290.4 1.11121e-05 1.07709e-06
290.8 1.12737e-05 1.19127e-06
291.2 1.14227e-05 1.27158e-06
291.6 1.15541e-05 1.31213e-06
292 1.16648e-05 1.30871e-06
292.4 1.17538e-05 1.25892e-06
292.8 1.1822e-05 1.16235e-06
293.2 1.1872e-05 1.02051e-06
293.6 1.1908e-05 8.3687e-07
294 1.19354e-05 6.16694e-07
294.4 1.19607e-05 3.66828e-07
294.8 1.19906e-05 9.54428e-08
295.2 1.20322e-05 -1.88286e-07
295.6 1.2092e-05 -4.74546e-07
296 1.2176e-05 -7.53274e-07
296.4 1.22886e-05 -1.01455e-06
296.8 1.24333e-05 -1.24901e-06
297.2 1.26112e-05 -1.44819e-06
297.6 1.28219e-05 -1.60487e-06
298 1.30625e-05 -1.71339e-06
298.4 1.33281e-05 -1.76982e-06
298.8 1.36116e-05 -1.77216e-06
299.2 1.39037e-05 -1.72043e-06
299.6 1.41937e-05 -1.61661e-06
300 1.44691e-05 -1.46465e-06
300.4 1.47165e-05 -1.27026e-06
300.8 1.49218e-05 -1.0407e-06
301.2 1.50704e-05 -7.84527e-07
301.6 1.51485e-05 -5.11257e-07
302 1.51427e-05 -2.30994e-07
302.4 1.50411e-05 4.594e-08
302.8 1.48334e-05 3.094e-07
303.2 1.45114e-05 5.49795e-07
303.6 1.40695e-05 7.58443e-07
304 1.35049e-05 9.27892e-07
304.4 1.28173e-05 1.05218e-06
304.8 1.20099e-05 1.12707e-06
305.2 1.10886e-05 1.15014e-06
305.6 1.0062e-05 1.12091e-06
306 8.94175e-06 1.04081e-06
306.4 7.74152e-06 9.13078e-07
306.8 6.47711e-06 7.42665e-07
307.2 5.16583e-06 5.35977e-07
307.6 3.8261e-06 3.00631e-07
308 2.47687e-06 4.514e-08
308.4 1.13717e-06 -2.21426e-07
308.8 -1.74449e-07 -4.89799e-07
309.2 -1.4404e-06 -7.50874e-07
309.6 -2.64449e-06 -9.96055e-07
310 -3.77236e-06 -1.21758e-06
310.4 -4.81177e-06 -1.40883e-06
310.8 -5.75287e-06 -1.56451e-06
311.2 -6.58838e-06 -1.6809e-06
311.6 -7.31364e-06 -1.75595e-06
312 -7.92664e-06 -1.7893e-06
312.4 -8.42787e-06 -1.7823e-06
312.8 -8.82022e-06 -1.73791e-06
313.2 -9.10865e-06 -1.66056e-06
313.6 -9.29993e-06 -1.55592e-06
314 -9.4023e-06 -1.43069e-06
314.4 -9.42502e-06 -1.29226e-06
314.8 -9.37805e-06 -1.14844e-06
315.2 -9.27159e-06 -1.00711e-06
315.6 -9.1157e-06 -8.75874e-07
316 -8.91997e-06 -7.61791e-07
316.4 -8.69317e-06 -6.71055e-07
316.8 -8.44302e-06 -6.08755e-07
317.2 -8.17596e-06 -5.78674e-07
317.6 -7.89704e-06 -5.83142e-07
318 -7.60985e-06 -6.22945e-07
318.4 -7.31656e-06 -6.97304e-07
318.8 -7.01793e-06 -8.03913e-07
319.2 -6.71352e-06 -9.39041e-07
319.6 -6.40186e-06 -1.09769e-06
320 -6.08067e-06 -1.2738e-06
320.4 -5.74717e-06 -1.46049e-06
320.8 -5.39834e-06 -1.65038e-06
321.2 -5.03122e-06 -1.83581e-06
321.6 -4.64321e-06 -2.00924e-06
322 -4.23233e-06 -2.16349e-06
322.4 -3.79746e-06 -2.29203e-06
322.8 -3.33849e-06 -2.38926e-06
323.2 -2.85653e-06 -2.45073e-06
323.6 -2.35393e-06 -2.47327e-06
324 -1.83432e-06 -2.45518e-06
324.4 -1.30255e-06 -2.39621e-06
324.8 -7.64618e-07 -2.29762e-06
325.2 -2.27458e-07 -2.1621e-06
325.6 3.01234e-07 -1.99366e-06
326 8.13271e-07 -1.79747e-06
326.4 1.30026e-06 -1.57965e-06
326.8 1.75389e-06 -1.347e-06
327.2 2.16628e-06 -1.10678e-06
327.6 2.53022e-06 -8.6636e-07
328 2.83951e-06 -6.33004e-07
328.4 3.08919e-06 -4.13531e-07
328.8 3.27572e-06 -2.14085e-07
329.2 3.3972e-06 -3.98963e-08
329.6 3.45338e-06 1.0491e-07
330 3.44581e-06 2.17459e-07
330.4 3.37768e-06 2.96219e-07
330.8 3.25386e-06 3.41042e-07
331.2 3.08062e-06 3.53149e-07
331.6 2.86553e-06 3.35054e-07
332 2.61713e-06 2.90448e-07
332.4 2.34466e-06 2.24023e-07
332.8 2.05777e-06 1.41269e-07
333.2 1.76611e-06 4.82361e-08
333.6 1.47907e-06 -4.87275e-08
334 1.20542e-06 -1.4324e-07
334.4 9.5302e-07 -2.29155e-07
334.8 7.2854e-07 -3.00816e-07
335.2 5.37261e-07 -3.53292e-07
335.6 3.82898e-07 -3.82576e-07
336 2.67504e-07 -3.85752e-07
336.4 1.91425e-07 -3.61109e-07
336.8 1.53326e-07 -3.08209e-07
337.2 1.50284e-07 -2.27903e-07
337.6 1.77935e-07 -1.22293e-07
338 2.3068e-07 5.35874e-09
338.4 3.01937e-07 1.50764e-07
338.8 3.84424e-07 3.08786e-07
339.2 4.70474e-07 4.73652e-07
339.6 5.52359e-07 6.3919e-07
340 6.22611e-07 7.99082e-07
340.4 6.74339e-07 9.4712e-07
340.8 7.01509e-07 1.07746e-06
341.2 6.99197e-07 1.18487e-06
341.6 6.63794e-07 1.26493e-06
342 5.93156e-07 1.31421e-06
342.4 4.86699e-07 1.33045e-06
342.8 3.45422e-07 1.31259e-06
343.2 1.71882e-07 1.26088e-06
343.6 -2.99081e-08 1.17684e-06
344 -2.54629e-07 1.06322e-06
344.4 -4.9586e-07 9.23892e-07
344.8 -7.46329e-07 7.63698e-07
345.2 -9.9819e-07 5.88276e-07
345.6 -1.24333e-06 4.03838e-07
346 -1.47368e-06 2.16936e-07
346.4 -1.68152e-06 3.4207e-08
346.8 -1.85981e-06 -1.37872e-07
347.2 -2.00241e-06 -2.93235e-07
347.6 -2.10436e-06 -4.26454e-07
348 -2.16204e-06 -5.32943e-07
348.4 -2.17334e-06 -6.09125e-07
348.8 -2.13772e-06 -6.52565e-07
349.2 -2.05623e-06 -6.62053e-07
349.6 -1.93149e-06 -6.37641e-07
350 -1.76758e-06 -5.80633e-07
350.4 -1.56987e-06 -4.93524e-07
350.8 -1.34486e-06 -3.79896e-07
351.2 -1.09989e-06 -2.44272e-07
351.6 -8.42914e-07 -9.1933e-08
352 -5.82162e-07 7.12905e-08
352.4 -3.25873e-07 2.39245e-07
352.8 -8.19754e-08 4.05693e-07
353.2 1.42189e-07 5.64554e-07
353.6 3.4013e-07 7.10132e-07
354 5.06431e-07 8.37335e-07
354.4 6.36934e-07 9.41855e-07
354.8 7.28871e-07 1.02033e-06
355.2 7.80941e-07 1.07045e-06
355.6 7.93334e-07 1.09105e-06
356 7.67694e-07 1.08213e-06
356.4 7.07032e-07 1.04481e-06
356.8 6.15579e-07 9.81321e-07
357.2 4.98605e-07 8.94859e-07
357.6 3.62197e-07 7.89465e-07
358 2.13003e-07 6.69844e-07
358.4 5.79684e-08 5.41171e-07
358.8 -9.59401e-08 4.0888e-07
359.2 -2.42009e-07 2.78439e-07
359.6 -3.74034e-07 1.55138e-07
360 -4.86554e-07 4.38709e-08
360.4 -5.75049e-07 -5.1047e-08
360.8 -6.36104e-07 -1.2605e-07
361.2 -6.67519e-07 -1.78455e-07
361.6 -6.68377e-07 -2.06556e-07
362 -6.39049e-07 -2.09683e-07
362.4 -5.81159e-07 -1.88215e-07
362.8 -4.97492e-07 -1.4355e-07
363.2 -3.91858e-07 -7.80423e-08
363.6 -2.6892e-07 5.11338e-09
364 -1.33987e-07 1.02015e-07
364.4 7.21902e-09 2.08224e-07
364.8 1.48802e-07 3.18951e-07
365.2 2.84941e-07 4.29255e-07
365.6 4.1013e-07 5.3425e-07
366 5.19405e-07 6.29306e-07
366.4 6.08542e-07 7.10233e-07
366.8 6.74225e-07 7.73457e-07
367.2 7.14177e-07 8.16155e-07
367.6 7.27239e-07 8.36374e-07
368 7.13416e-07 8.33103e-07
368.4 6.73856e-07 8.06311e-07
368.8 6.10804e-07 7.56943e-07
369.2 5.2749e-07 6.86879e-07
369.6 4.27993e-07 5.98853e-07
370 3.17062e-07 4.96339e-07
370.4 1.99913e-07 3.83409e-07
370.8 8.20111e-08 2.64563e-07
371.2 -3.11626e-08 1.44549e-07
371.6 -1.34339e-07 2.81686e-08
372 -2.22683e-07 -7.99149e-08
372.4 -2.91992e-07 -1.75366e-07
372.8 -3.38875e-07 -2.5435e-07
373.2 -3.60891e-07 -3.13684e-07
373.6 -3.56653e-07 -3.50965e-07
374 -3.25888e-07 -3.64661e-07
374.4 -2.69452e-07 -3.54173e-07
374.8 -1.89297e-07 -3.19855e-07
375.2 -8.83968e-08 -2.62997e-07
375.6 2.93686e-08 -1.85774e-07
376 1.59368e-07 -9.1151e-08
376.4 2.96398e-07 1.723e-08
376.8 4.34894e-07 1.35201e-07
377.2 5.69142e-07 2.58231e-07
377.6 6.93509e-07 3.81611e-07
378 8.02666e-07 5.00634e-07
378.4 8.9179e-07 6.10785e-07
378.8 9.56761e-07 7.07918e-07
379.2 9.94319e-07 7.88413e-07
379.6 1.00219e-06 8.4932e-07
380 9.79181e-07 8.88472e-07
380.4 9.25211e-07 9.04561e-07
380.8 8.4133e-07 8.9719e-07
381.2 7.29666e-07 8.6688e-07
381.6 5.93345e-07 8.15045e-07
382 4.36366e-07 7.43933e-07
382.4 2.6345e-07 6.56529e-07
382.8 7.98532e-08 5.56435e-07
383.2 -1.08833e-07 4.47723e-07
383.6 -2.96897e-07 3.34775e-07
384 -4.78725e-07 2.22104e-07
384.4 -6.49009e-07 1.14178e-07
384.8 -8.02951e-07 1.5243e-08
385.2 -9.36432e-07 -7.084e-08
385.6 -1.04617e-06 -1.40747e-07
386 -1.12982e-06 -1.91817e-07
386.4 -1.18607e-06 -2.22152e-07
386.8 -1.21467e-06 -2.30686e-07
387.2 -1.21642e-06 -2.17222e-07
387.6 -1.19311e-06 -1.82432e-07
388 -1.14746e-06 -1.27823e-07
388.4 -1.08302e-06 -5.56727e-08
388.8 -1.00393e-06 3.10659e-08
389.2 -9.14845e-07 1.28889e-07
389.6 -8.20682e-07 2.33882e-07
390 -7.26436e-07 3.41882e-07
390.4 -6.36977e-07 4.48637e-07
390.8 -5.56858e-07 5.49984e-07
391.2 -4.90127e-07 6.42005e-07
391.6 -4.40177e-07 7.21187e-07
392 -4.0961e-07 7.84552e-07
392.4 -4.00143e-07 8.29774e-07
392.8 -4.12548e-07 8.55268e-07
393.2 -4.46627e-07 8.60241e-07
393.6 -5.01236e-07 8.44722e-07
394 -5.74336e-07 8.09552e-07
394.4 -6.63088e-07 7.56345e-07
394.8 -7.63978e-07 6.87414e-07
395.2 -8.72966e-07 6.05678e-07
395.6 -9.85659e-07 5.14537e-07
396 -1.0975e-06 4.17734e-07
396.4 -1.20394e-06 3.19203e-07
396.8 -1.30066e-06 2.22908e-07
397.2 -1.38373e-06 1.32686e-07
397.6 -1.44976e-06 5.20963e-08
398 -1.49607e-06 -1.57237e-08
398.4 -1.52078e-06 -6.81788e-08
398.8 -1.5229e-06 -1.03316e-07
399.2 -1.50235e-06 -1.19901e-07
399.6 -1.46e-06 -1.17456e-07
400 -1.39762e-06 -9.62821e-08
