-0.498 1.06317 0.810761
-0.496 1.30193 0.838823
-0.494 1.49351 0.849986
-0.492 1.62931 0.842908
-0.49 1.70326 0.816904
-0.488 1.7121 0.772002
-0.486 1.65554 0.708962
-0.484 1.53625 0.629263
-0.482 1.35971 0.535055
-0.48 1.13397 0.429077
-0.478 0.869241 0.314553
-0.476 0.57739 0.195061
-0.474 0.271401 0.07438
-0.472 -0.0352614 -0.0436653
-0.47 -0.329279 -0.155368
-0.468 -0.598105 -0.257296
-0.466 -0.830549 -0.34644
-0.464 -1.01728 -0.420335
-0.462 -1.15125 -0.477168
-0.46 -1.22799 -0.515846
-0.458 -1.24579 -0.536031
-0.456 -1.20574 -0.538149
-0.454 -1.11161 -0.523353
-0.452 -0.969645 -0.493458
-0.45 -0.78821 -0.450847
-0.448 -0.577327 -0.398344
-0.446 -0.348158 -0.339075
-0.444 -0.11243 -0.276316
-0.442 0.118172 -0.213331
-0.44 0.332584 -0.153217
-0.438 0.520918 -0.098758
-0.436 0.67494 -0.0522976
-0.434 0.788456 -0.0156353
-0.432 0.857595 0.0100489
-0.43 0.880954 0.0242364
-0.428 0.859622 0.0270774
-0.426 0.797065 0.0193635
-0.424 0.698887 0.00246678
-0.422 0.572476 -0.0217509
-0.42 0.426561 -0.0510545
-0.418 0.27069 -0.0829712
-0.416 0.114678 -0.114938
-0.414 -0.0319639 -0.144453
-0.412 -0.160577 -0.169226
-0.41 -0.263859 -0.187309
-0.408 -0.336281 -0.19722
-0.406 -0.37442 -0.198031
-0.404 -0.37716 -0.18943
-0.402 -0.345772 -0.171748
-0.4 -0.283859 -0.145952
-0.398 -0.197167 -0.113598
-0.396 -0.0932744 -0.0767515
-0.394 0.0188229 -0.0378835
-0.392 0.129216 0.00026692
-0.39 0.227643 0.0348422
-0.388 0.304083 0.0630283
-0.386 0.349348 0.082218
-0.384 0.35564 0.0901675
-0.382 0.317052 0.085138
-0.38 0.229974 0.0660145
-0.378 0.093393 0.0323951
-0.376 -0.0909408 -0.0153538
-0.374 -0.318485 -0.0760808
-0.372 -0.582024 -0.147872
-0.37 -0.871923 -0.228114
-0.368 -1.17652 -0.31359
-0.366 -1.48263 -0.400615
-0.364 -1.77614 -0.485192
-0.362 -2.04267 -0.563192
-0.36 -2.26825 -0.630541
-0.358 -2.44002 -0.683415
-0.356 -2.54689 -0.718425
-0.354 -2.5801 -0.732785
-0.352 -2.53373 -0.724459
-0.35 -2.40504 -0.692277
-0.348 -2.1947 -0.636011
-0.346 -1.90684 -0.556409
-0.344 -1.54893 -0.455193
-0.342 -1.13155 -0.335004
-0.34 -0.667966 -0.199309
-0.338 -0.173559 -0.0522752
-0.336 0.334797 0.101401
-0.334 0.839472 0.256678
-0.332 1.32285 0.408374
-0.33 1.7681 0.551386
-0.328 2.15993 0.680897
-0.326 2.48524 0.792577
-0.324 2.7337 0.882765
-0.322 2.89821 0.948619
-0.32 2.97518 0.988228
-0.318 2.96468 1.00069
-0.316 2.87036 0.986143
-0.314 2.69929 0.945736
-0.312 2.46154 0.881579
-0.31 2.16973 0.796634
-0.308 1.83836 0.694573
-0.306 1.48313 0.579605
-0.304 1.12015 0.456282
-0.302 0.765209 0.329293
-0.3 0.432997 0.203253
-0.298 0.136437 0.0825009
-0.296 -0.113913 -0.0290864
-0.294 -0.310327 -0.128253
-0.292 -0.448229 -0.212491
-0.29 -0.526357 -0.280127
-0.288 -0.546754 -0.330369
-0.286 -0.514593 -0.363305
-0.284 -0.43785 -0.379861
-0.282 -0.326828 -0.381719
-0.28 -0.193576 -0.3712
-0.278 -0.0512152 -0.351112
-0.276 0.0867805 -0.324589
-0.274 0.207324 -0.294903
-0.272 0.298428 -0.265289
-0.27 0.349861 -0.238766
-0.268 0.353714 -0.217976
-0.266 0.304847 -0.205051
-0.264 0.201189 -0.201505
-0.262 0.0438892 -0.208163
-0.26 -0.162704 -0.225132
-0.258 -0.411228 -0.251804
-0.256 -0.691646 -0.286905
-0.254 -0.991735 -0.328574
-0.252 -1.29769 -0.374481
-0.25 -1.5948 -0.421955
-0.248 -1.86825 -0.468152
-0.246 -2.10384 -0.510211
-0.244 -2.28875 -0.545422
-0.242 -2.41229 -0.571385
-0.24 -2.46646 -0.586153
-0.238 -2.44643 -0.588345
-0.236 -2.35093 -0.577235
-0.234 -2.18237 -0.552806
-0.232 -1.94684 -0.515757
-0.23 -1.65388 -0.467484
-0.228 -1.31615 -0.410007
-0.226 -0.948814 -0.345875
-0.224 -0.568893 -0.278031
-0.222 -0.194446 -0.209662
-0.22 0.156309 -0.144019
-0.218 0.465899 -0.0842476
-0.216 0.718488 -0.0332071
-0.214 0.900711 0.0066921
-0.212 1.0024 0.033632
-0.21 1.01719 0.0465018
-0.208 0.942896 0.0449782
-0.206 0.781771 0.0295654
-0.204 0.540485 0.00159286
-0.202 0.229915 -0.03683
-0.2 -0.135274 -0.0829003
-0.198 -0.537246 -0.133246
-0.196 -0.955775 -0.184083
-0.194 -1.36915 -0.231393
-0.192 -1.75519 -0.271124
-0.19 -2.09222 -0.299392
-0.188 -2.36018 -0.312677
-0.186 -2.54151 -0.308011
-0.184 -2.62205 -0.28314
-0.182 -2.59171 -0.236658
-0.18 -2.44504 -0.168094
-0.178 -2.18151 -0.0779675
-0.176 -1.8056 0.032207
-0.174 -1.3267 0.159963
-0.172 -0.758728 0.301968
-0.17 -0.119553 0.45415
-0.168 0.56971 0.611862
-0.166 1.2856 0.77007
-0.164 2.00329 0.923563
-0.162 2.69763 1.06717
-0.16 3.34421 1.19599
-0.158 3.92035 1.30558
-0.156 4.40605 1.39213
-0.154 4.7848 1.45266
-0.152 5.04423 1.4851
-0.15 5.17655 1.48838
-0.148 5.17886 1.46244
-0.146 5.05317 1.40826
-0.144 4.80625 1.32776
-0.142 4.44928 1.22368
-0.14 3.99726 1.09949
-0.138 3.46837 0.959195
-0.136 2.88307 0.807139
-0.134 2.26328 0.647818
-0.132 1.63134 0.485674
-0.13 1.00911 0.324905
-0.128 0.417046 0.169294
-0.126 -0.126603 0.0220608
-0.124 -0.606526 -0.114247
-0.122 -1.01089 -0.237828
-0.12 -1.33171 -0.347655
-0.118 -1.56508 -0.443468
-0.116 -1.71116 -0.525714
-0.114 -1.774 -0.595462
-0.112 -1.76125 -0.654276
-0.11 -1.68359 -0.704072
-0.108 -1.55419 -0.746949
-0.106 -1.38797 -0.785026
-0.104 -1.20084 -0.820273
-0.102 -1.00893 -0.85436
-0.1 -0.827775 -0.888522
-0.098 -0.671638 -0.923463
-0.096 -0.552817 -0.959287
-0.094 -0.481109 -0.995471
-0.092 -0.463373 -1.03088
-0.09 -0.503245 -1.06383
-0.088 -0.600999 -1.09215
-0.086 -0.753568 -1.11336
-0.084 -0.954722 -1.12479
-0.082 -1.19539 -1.12375
-0.08 -1.46413 -1.10771
-0.078 -1.74772 -1.07452
-0.076 -2.03179 -1.02252
-0.074 -2.30162 -0.950735
-0.072 -2.54286 -0.858955
-0.07 -2.74227 -0.747848
-0.068 -2.88841 -0.618981
-0.066 -2.97225 -0.474815
-0.064 -2.98765 -0.318647
-0.062 -2.93161 -0.154508
-0.06 -2.80445 0.0129811
-0.058 -2.60973 0.178796
-0.056 -2.35406 0.337716
-0.054 -2.04663 0.484555
-0.052 -1.69875 0.614398
-0.05 -1.32313 0.722833
-0.048 -0.933255 0.806168
-0.046 -0.542599 0.86162
-0.044 -0.163963 0.887466
-0.042 0.191159 0.883147
-0.04 0.513103 0.849328
-0.038 0.794424 0.787889
-0.036 1.03013 0.701869
-0.034 1.21775 0.595355
-0.032 1.35727 0.473312
-0.03 1.45087 0.341375
-0.028 1.50259 0.205605
-0.026 1.51787 0.0722182
-0.024 1.50302 -0.0526924
-0.022 1.46475 -0.16344
-0.02 1.4096 -0.255007
-0.018 1.34356 -0.323283
-0.016 1.27168 -0.365263
-0.014 1.19782 -0.379193
-0.012 1.1246 -0.36466
-0.01 1.0533 -0.32262
-0.008 0.984011 -0.255357
-0.006 0.915822 -0.166382
-0.004 0.847005 -0.0602673
-0.002 0.775305 0.0575604
0 0.698194 0.181082
0.002 0.613073 0.303969
0.004 0.517762 0.419882
0.006 0.41049 0.522773
0.008 0.290224 0.60718
0.01 0.156895 0.668484
0.012 0.0115883 0.703132
0.014 -0.143296 0.708808
0.016 -0.303956 0.684544
0.018 -0.465187 0.630771
0.02 -0.620477 0.5493
0.022 -0.762232 0.443242
0.024 -0.8821 0.316861
0.026 -0.971418 0.175387
0.028 -1.02172 0.0247689
0.03 -1.02531 -0.128587
0.032 -0.975813 -0.27811
0.034 -0.868748 -0.417352
0.036 -0.701952 -0.540274
0.038 -0.475936 -0.641502
0.04 -0.194089 -0.71656
0.042 0.137293 -0.762045
0.044 0.509143 -0.775764
0.046 0.909938 -0.756807
0.048 1.32617 -0.70556
0.05 1.74298 -0.623667
0.052 2.14481 -0.513925
0.054 2.51626 -0.380143
0.056 2.84284 -0.226945
0.058 3.11175 -0.0595557
0.06 3.31255 0.116446
0.062 3.4378 0.295374
0.064 3.48341 0.471679
0.066 3.44891 0.640183
0.068 3.33751 0.796277
0.07 3.15595 0.93609
0.072 2.91411 1.05662
0.074 2.62457 1.15579
0.076 2.30189 1.23253
0.078 1.96193 1.28667
0.08 1.62099 1.31897
0.082 1.29499 1.33093
0.084 0.998696 1.3247
0.086 0.744969 1.30289
0.088 0.544115 1.2684
0.09 0.403389 1.2242
0.092 0.326628 1.17319
0.094 0.314044 1.11797
0.096 0.362199 1.06077
0.098 0.46414 1.00327
0.1 0.609704 0.946538
0.102 0.785973 0.891016
0.104 0.977865 0.836497
0.106 1.16883 0.782184
0.108 1.34166 0.726771
0.11 1.47925 0.668565
0.112 1.56554 0.605622
0.114 1.58624 0.535918
0.116 1.52965 0.457512
0.118 1.38731 0.368721
0.12 1.15448 0.268272
0.122 0.830556 0.155447
0.124 0.419245 0.0301825
0.126 -0.0714614 -0.106848
0.128 -0.629482 -0.254205
0.13 -1.23905 -0.409694
0.132 -1.88131 -0.570414
0.134 -2.53505 -0.732851
0.136 -3.17755 -0.893012
0.138 -3.78558 -1.04658
0.14 -4.33635 -1.18912
0.142 -4.80855 -1.31623
0.144 -5.18327 -1.4238
0.146 -5.44489 -1.50816
0.148 -5.58178 -1.5663
0.15 -5.58686 -1.596
0.152 -5.45802 -1.59595
0.154 -5.19821 -1.56585
0.156 -4.81544 -1.50644
0.158 -4.32246 -1.41949
0.16 -3.73628 -1.30773
0.162 -3.07749 -1.17479
0.164 -2.36942 -1.02504
0.166 -1.63719 -0.863378
0.168 -0.906628 -0.695112
0.17 -0.203219 -0.525677
0.172 0.448982 -0.360441
0.174 1.02836 -0.204481
0.176 1.51664 -0.0623778
0.178 1.89965 0.0619668
0.18 2.16789 0.165481
0.182 2.31687 0.246035
0.184 2.34729 0.302512
0.186 2.2649 0.334833
0.188 2.08018 0.34393
0.19 1.80779 0.33168
0.192 1.46584 0.300795
0.194 1.07503 0.254676
0.196 0.657631 0.197237
0.198 0.236424 0.132714
0.2 -0.166328 0.0654563
0.202 -0.529928 -0.000277356
0.204 -0.836166 -0.060514
0.206 -1.07012 -0.111745
0.208 -1.2208 -0.151074
0.21 -1.28155 -0.176338
0.212 -1.25028 -0.186181
0.214 -1.12947 -0.180093
0.216 -0.925918 -0.158403
0.218 -0.650332 -0.12223
0.22 -0.316701 -0.0733983
0.222 0.0584529 -0.0143185
0.224 0.456936 0.052157
0.226 0.859809 0.122897
0.228 1.24832 0.194665
0.23 1.60482 0.264288
0.232 1.91359 0.328823
0.234 2.16152 0.385702
0.236 2.33874 0.432854
0.238 2.43897 0.468795
0.24 2.45974 0.49269
0.242 2.40239 0.504367
0.244 2.27195 0.504305
0.246 2.07671 0.493581
0.248 1.82781 0.473786
0.25 1.53854 0.446916
0.252 1.22365 0.415237
0.254 0.898556 0.381146
0.256 0.578574 0.34702
0.258 0.278112 0.315068
0.26 0.00997181 0.287202
0.262 -0.215278 0.264915
0.264 -0.389799 0.249191
0.266 -0.50884 0.240447
0.268 -0.570928 0.238499
0.27 -0.577891 0.242568
0.272 -0.534715 0.251325
0.274 -0.449235 0.26296
0.276 -0.33168 0.275282
0.278 -0.194103 0.28585
0.28 -0.0497118 0.292111
0.282 0.0878578 0.291554
0.284 0.205289 0.281862
0.286 0.290318 0.261062
0.288 0.332415 0.227655
0.29 0.323378 0.180723
0.292 0.257809 0.12002
0.294 0.133451 0.0460126
0.296 -0.0486376 -0.0401037
0.298 -0.284072 -0.136428
0.3 -0.565303 -0.240416
0.302 -0.881939 -0.348974
0.304 -1.22122 -0.458587
0.306 -1.56859 -0.565462
0.308 -1.90842 -0.665699
0.31 -2.22473 -0.755465
0.312 -2.50197 -0.831169
0.314 -2.72577 -0.889626
0.316 -2.88369 -0.928216
0.318 -2.9658 -0.945006
0.32 -2.96519 -0.93885
0.322 -2.87837 -0.909452
0.324 -2.70544 -0.857392
0.326 -2.45016 -0.784112
0.328 -2.11978 -0.691863
0.33 -1.72475 -0.583617
0.332 -1.27827 -0.462944
0.334 -0.795719 -0.333869
0.336 -0.293943 -0.2007
0.338 0.209467 -0.0678504
0.34 0.696966 0.0603409
0.342 1.15183 0.17979
0.344 1.55886 0.286833
0.346 1.90508 0.378365
0.348 2.18022 0.451966
0.35 2.37717 0.505977
0.352 2.4922 0.539558
0.354 2.52506 0.552695
0.356 2.47891 0.546178
0.358 2.36011 0.52154
0.36 2.17779 0.480969
0.362 1.9434 0.427182
0.364 1.67009 0.36329
0.366 1.37201 0.292643
0.368 1.0637 0.218668
0.37 0.759269 0.144711
0.372 0.471838 0.0738871
0.374 0.21288 0.00894726
0.376 -0.00825983 -0.047833
0.378 -0.184747 -0.0947376
0.38 -0.312502 -0.130662
0.382 -0.390299 -0.155136
0.384 -0.419717 -0.168307
0.386 -0.404947 -0.170899
0.388 -0.352464 -0.164139
0.39 -0.270594 -0.149661
0.392 -0.168991 -0.129392
0.394 -0.0580486 -0.105425
0.396 0.0517052 -0.0798877
0.398 0.150219 -0.0548149
0.4 0.228486 -0.0320283
0.402 0.279052 -0.0130321
0.404 0.296421 0.00106946
0.406 0.277366 0.00963059
0.408 0.221089 0.012494
0.41 0.129265 0.0099916
0.412 0.00593919 0.00291619
0.414 -0.142707 -0.00753422
0.416 -0.308707 -0.0198363
0.418 -0.482753 -0.032241
0.42 -0.65473 -0.0428872
0.422 -0.814277 -0.0499239
0.424 -0.951381 -0.0516328
0.426 -1.05695 -0.0465458
0.428 -1.12332 -0.0335508
0.43 -1.14476 -0.0119792
0.432 -1.11776 0.0183302
0.434 -1.04131 0.0569927
0.436 -0.917017 0.10307
0.438 -0.74904 0.155093
0.44 -0.543959 0.21111
0.442 -0.310472 0.26877
0.444 -0.0589954 0.325422
0.446 0.198838 0.378238
0.448 0.45074 0.424347
0.45 0.684374 0.460975
0.452 0.887972 0.485586
0.454 1.05093 0.496011
0.456 1.16434 0.490568
0.458 1.22148 0.468153
0.46 1.21815 0.428318
0.462 1.15296 0.371301
0.464 1.02737 0.298042
0.466 0.845738 0.210157
0.468 0.615092 0.109881
0.47 0.344861 -1.9986e-05
0.472 0.0464461 -0.116352
0.474 -0.267299 -0.235631
0.476 -0.582658 -0.354221
0.478 -0.885688 -0.46849
0.48 -1.16288 -0.574961
0.482 -1.40179 -0.67045
0.484 -1.59163 -0.752204
0.486 -1.72378 -0.818007
0.488 -1.79222 -0.866264
0.49 -1.79379 -0.89606
0.492 -1.72839 -0.907183
0.494 -1.59894 -0.900118
0.496 -1.4113 -0.876006
0.498 -1.17395 -0.836574
0.4 0.0302398 0.0187996
0.8 0.0307858 0.0190306
1.2 0.0316895 0.0194118
1.6 0.0329419 0.0199373
2 0.0345302 0.0205994
2.4 0.0364384 0.0213881
2.8 0.0386475 0.0222918
3.2 0.0411358 0.0232971
3.6 0.043879 0.0243894
4 0.0468508 0.025553
4.4 0.0500232 0.0267714
4.8 0.0533669 0.0280275
5.2 0.0568516 0.0293041
5.6 0.0604466 0.030584
6 0.0641211 0.0318504
6.4 0.0678445 0.0330873
6.8 0.0715868 0.0342794
7.2 0.0753192 0.0354126
7.6 0.0790139 0.0364743
8 0.0826449 0.0374533
8.4 0.0861878 0.0383402
8.8 0.0896204 0.039127
9.2 0.0929223 0.039808
9.6 0.0960757 0.0403791
10 0.0990648 0.0408379
10.4 0.101876 0.0411842
10.8 0.104499 0.0414191
11.2 0.106923 0.0415455
11.6 0.109143 0.0415676
12 0.111154 0.0414908
12.4 0.112952 0.0413219
12.8 0.114536 0.0410681
13.2 0.115906 0.0407375
13.6 0.117064 0.0403387
14 0.118012 0.0398802
14.4 0.118754 0.0393709
14.8 0.119294 0.038819
15.2 0.119637 0.0382327
15.6 0.119788 0.0376194
16 0.119753 0.036986
16.4 0.119538 0.0363382
16.8 0.11915 0.0356813
17.2 0.118593 0.035019
17.6 0.117875 0.0343545
18 0.117001 0.0336897
18.4 0.115977 0.0330256
18.8 0.11481 0.0323621
19.2 0.113506 0.0316984
19.6 0.112071 0.0310329
20 0.110511 0.0303632
20.4 0.108832 0.0296865
20.8 0.107042 0.0289997
21.2 0.105147 0.0282993
21.6 0.103154 0.0275817
22 0.10107 0.0268436
22.4 0.0989039 0.0260818
22.8 0.0966626 0.0252935
23.2 0.0943548 0.0244764
23.6 0.091989 0.0236288
24 0.089574 0.0227498
24.4 0.0871189 0.0218393
24.8 0.0846327 0.0208979
25.2 0.0821246 0.0199273
25.6 0.0796037 0.0189299
26 0.0770787 0.017909
26.4 0.0745584 0.016869
26.8 0.0720511 0.0158147
27.2 0.0695644 0.0147518
27.6 0.0671057 0.0136865
28 0.0646814 0.0126256
28.4 0.0622973 0.0115761
28.8 0.0599585 0.0105452
29.2 0.0576689 0.00954036
29.6 0.0554319 0.0085687
30 0.0532497 0.00763723
30.4 0.0511238 0.00675255
30.8 0.0490546 0.00592074
31.2 0.0470419 0.00514722
31.6 0.0450847 0.00443664
32 0.0431813 0.00379281
32.4 0.0413294 0.00321858
32.8 0.0395263 0.00271578
33.2 0.0377692 0.00228522
33.6 0.0360549 0.00192661
34 0.0343802 0.00163862
34.4 0.0327421 0.00141886
34.8 0.0311378 0.00126396
35.2 0.029565 0.00116958
35.6 0.0280217 0.00113057
36 0.0265067 0.00114099
36.4 0.0250194 0.00119429
36.8 0.02356 0.00128338
37.2 0.0221294 0.00140081
37.6 0.0207296 0.00153888
38 0.019363 0.00168979
38.4 0.0180332 0.00184579
38.8 0.0167442 0.00199933
39.2 0.015501 0.00214318
39.6 0.0143089 0.00227056
40 0.0131737 0.00237529
40.4 0.0121017 0.00245184
40.8 0.011099 0.00249547
41.2 0.010172 0.00250228
41.6 0.00932686 0.00246929
42 0.00856949 0.00239445
42.4 0.00790524 0.00227667
42.8 0.00733884 0.00211586
43.2 0.00687426 0.00191286
43.6 0.00651455 0.00166943
44 0.00626174 0.00138822
44.4 0.00611675 0.00107267
44.8 0.00607928 0.000726955
45.2 0.00614782 0.000355892
45.6 0.00631956 -3.51688e-05
46 0.00659045 -0.000440443
46.4 0.0069552 -0.000853826
46.8 0.00740733 -0.00126901
47.2 0.00793926 -0.00167959
47.6 0.00854239 -0.0020792
48 0.00920724 -0.00246158
48.4 0.00992358 -0.00282072
48.8 0.0106806 -0.00315095
49.2 0.0114669 -0.00344698
49.6 0.0122711 -0.00370405
50 0.0130815 -0.00391792
50.4 0.0138864 -0.00408495
50.8 0.0146747 -0.00420216
51.2 0.0154354 -0.0042672
51.6 0.0161581 -0.0042784
52 0.0168332 -0.00423476
52.4 0.0174521 -0.00413591
52.8 0.0180068 -0.00398211
53.2 0.0184906 -0.00377422
53.6 0.0188978 -0.00351362
54 0.0192241 -0.00320219
54.4 0.0194661 -0.00284223
54.8 0.0196218 -0.00243641
55.2 0.0196905 -0.00198772
55.6 0.0196726 -0.00149936
56 0.0195697 -0.000974736
56.4 0.0193844 -0.000417357
56.8 0.0191205 0.000169209
57.2 0.0187827 0.000781383
57.6 0.0183765 0.00141563
58 0.0179083 0.00206848
58.4 0.017385 0.00273659
58.8 0.0168142 0.00341675
59.2 0.016204 0.00410589
59.6 0.0155626 0.00480112
60 0.0148988 0.00549969
60.4 0.0142211 0.00619904
60.8 0.0135385 0.00689675
61.2 0.0128596 0.00759053
61.6 0.0121931 0.00827823
62 0.0115472 0.0089578
62.4 0.0109302 0.00962725
62.8 0.0103497 0.0102847
63.2 0.00981305 0.0109282
63.6 0.00932701 0.0115559
64 0.00889791 0.012166
64.4 0.00853143 0.0127565
64.8 0.00823266 0.0133255
65.2 0.00800604 0.0138712
65.6 0.00785528 0.0143915
66 0.0077834 0.0148844
66.4 0.00779266 0.0153479
66.8 0.00788453 0.0157799
67.2 0.00805971 0.0161783
67.6 0.00831808 0.0165413
68 0.00865871 0.0168668
68.4 0.00907984 0.0171529
68.8 0.0095789 0.0173978
69.2 0.0101525 0.0176
69.6 0.0107964 0.0177578
70 0.0115057 0.0178701
70.4 0.0122747 0.0179358
70.8 0.0130969 0.0179539
71.2 0.0139653 0.017924
71.6 0.0148723 0.0178456
72 0.0158096 0.0177188
72.4 0.0167686 0.0175438
72.8 0.0177405 0.0173211
73.2 0.0187159 0.0170515
73.6 0.0196856 0.0167363
74 0.0206401 0.0163767
74.4 0.0215703 0.0159744
74.8 0.0224671 0.0155314
75.2 0.0233219 0.0150497
75.6 0.0241263 0.0145318
76 0.0248729 0.0139801
76.4 0.0255547 0.0133974
76.8 0.0261657 0.0127865
77.2 0.0267008 0.0121505
77.6 0.0271559 0.0114925
78 0.027528 0.0108157
78.4 0.0278152 0.0101235
78.8 0.0280168 0.00941923
79.2 0.0281336 0.00870652
79.6 0.0281671 0.00798891
80 0.0281205 0.00727008
80.4 0.0279979 0.00655375
80.8 0.0278044 0.00584375
81.2 0.0275465 0.00514395
81.6 0.0272312 0.00445831
82 0.0268665 0.00379082
82.4 0.0264612 0.00314555
82.8 0.0260243 0.00252661
83.2 0.0255656 0.00193812
83.6 0.0250946 0.0013842
84 0.0246214 0.000868976
84.4 0.0241556 0.00039648
84.8 0.0237066 -2.93387e-05
85.2 0.0232835 -0.000404678
85.6 0.0228947 -0.000725934
86 0.022548 -0.000989757
86.4 0.02225 -0.00119312
86.8 0.0220069 -0.00133336
87.2 0.0218235 -0.00140829
87.6 0.0217035 -0.00141623
88 0.0216497 -0.00135608
88.4 0.0216635 -0.0012274
88.8 0.0217452 -0.00103044
89.2 0.021894 -0.000766253
89.6 0.0221081 -0.000436659
90 0.0223844 -4.43423e-05
90.4 0.0227191 0.000407153
90.8 0.0231073 0.000913409
91.2 0.0235436 0.00146914
91.6 0.0240219 0.00206822
92 0.0245354 0.00270371
92.4 0.0250773 0.00336791
92.8 0.0256402 0.00405248
93.2 0.0262169 0.00474844
93.6 0.0268001 0.00544636
94 0.0273826 0.00613644
94.4 0.0279577 0.00680862
94.8 0.0285189 0.00745278
95.2 0.0290602 0.00805884
95.6 0.0295762 0.00861692
96 0.0300619 0.00911753
96.4 0.0305133 0.00955171
96.8 0.0309268 0.00991115
97.2 0.0312995 0.0101884
97.6 0.0316292 0.010377
98 0.0319143 0.0104715
98.4 0.032154 0.0104677
98.8 0.0323477 0.0103627
99.2 0.0324956 0.0101549
99.6 0.0325982 0.00984427
100 0.0326563 0.009432
100.4 0.0326711 0.00892083
100.8 0.0326439 0.00831488
101.2 0.0325762 0.00761965
101.6 0.0324695 0.00684187
102 0.0323253 0.00598951
102.4 0.032145 0.00507157
102.8 0.0319298 0.00409798
103.2 0.031681 0.00307946
103.6 0.0313994 0.00202731
104 0.0310858 0.000953293
104.4 0.0307407 -0.000130625
104.8 0.0303644 -0.00121241
105.2 0.0299569 -0.00228016
105.6 0.0295182 -0.00332231
106 0.0290482 -0.00432779
106.4 0.0285465 -0.00528619
106.8 0.0280127 -0.00618794
107.2 0.0274467 -0.00702439
107.6 0.026848 -0.00778802
108 0.0262167 -0.00847242
108.4 0.0255527 -0.00907247
108.8 0.0248563 -0.00958432
109.2 0.0241281 -0.0100054
109.6 0.0233691 -0.0103347
110 0.0225803 -0.0105721
110.4 0.0217635 -0.010719
110.8 0.0209207 -0.010778
111.2 0.0200542 -0.0107527
111.6 0.0191668 -0.0106478
112 0.0182617 -0.0104687
112.4 0.0173424 -0.0102219
112.8 0.0164127 -0.00991416
113.2 0.0154766 -0.00955289
113.6 0.0145386 -0.00914581
114 0.0136028 -0.0087008
114.4 0.012674 -0.00822581
114.8 0.0117567 -0.00772869
115.2 0.0108553 -0.00721704
115.6 0.00997422 -0.00669817
116 0.00911765 -0.0061789
116.4 0.00828955 -0.00566556
116.8 0.00749354 -0.00516384
117.2 0.00673289 -0.00467878
117.6 0.00601048 -0.00421474
118 0.00532872 -0.0037753
118.4 0.00468955 -0.00336333
118.8 0.00409442 -0.00298097
119.2 0.00354426 -0.00262965
119.6 0.00303952 -0.00231011
120 0.00258011 -0.00202247
120.4 0.00216549 -0.00176626
120.8 0.00179467 -0.00154051
121.2 0.00146621 -0.00134381
121.6 0.00117832 -0.00117438
122 0.000928862 -0.00103013
122.4 0.000715422 -0.000908758
122.8 0.000535354 -0.00080783
123.2 0.000385842 -0.000724823
123.6 0.000263953 -0.000657209
124 0.000166693 -0.00060251
124.4 9.10627e-05 -0.000558353
124.8 3.41052e-05 -0.000522514
125.2 -7.0449e-06 -0.000492954
125.6 -3.51207e-05 -0.000467852
126 -5.26862e-05 -0.000445619
126.4 -6.21059e-05 -0.000424915
126.8 -6.55203e-05 -0.000404652
127.2 -6.48289e-05 -0.00038399
127.6 -6.16784e-05 -0.000362328
128 -5.7458e-05 -0.000339287
128.4 -5.33012e-05 -0.000314694
128.8 -5.00917e-05 -0.000288554
129.2 -4.84761e-05 -0.000261025
129.6 -4.88798e-05 -0.00023239
130 -5.15269e-05 -0.000203027
130.4 -5.64631e-05 -0.000173382
130.8 -6.35811e-05 -0.00014394
131.2 -7.26463e-05 -0.000115198
131.6 -8.33242e-05 -8.76433e-05
132 -9.52067e-05 -6.17329e-05
132.4 -0.000107838 -3.7875e-05
132.8 -0.000120739 -1.64156e-05
133.2 -0.000133431 2.37089e-06
133.6 -0.000145451 1.8289e-05
134 -0.000156374 3.12246e-05
134.4 -0.000165826 4.11445e-05
134.8 -0.000173491 4.80936e-05
135.2 -0.000179124 5.21884e-05
135.6 -0.000182553 5.36094e-05
136 -0.000183679 5.25911e-05
136.4 -0.000182478 4.94112e-05
136.8 -0.000178997 4.43789e-05
137.2 -0.000173345 3.7823e-05
137.6 -0.000165691 3.00807e-05
138 -0.000156249 2.14858e-05
138.4 -0.000145273 1.23596e-05
138.8 -0.000133046 3.0013e-06
139.2 -0.000119865 -6.31877e-06
139.6 -0.000106037 -1.53652e-05
140 -9.18646e-05 -2.39415e-05
140.4 -7.76394e-05 -3.18921e-05
140.8 -6.36324e-05 -3.91035e-05
141.2 -5.00881e-05 -4.5503e-05
141.6 -3.72187e-05 -5.10567e-05
142 -2.52003e-05 -5.57657e-05
142.4 -1.41699e-05 -5.9662e-05
142.8 -4.22464e-06 -6.2803e-05
143.2 4.57843e-06 -6.52658e-05
143.6 1.22206e-05 -6.71417e-05
144 1.87194e-05 -6.85298e-05
144.4 2.41246e-05 -6.95314e-05
144.8 2.85146e-05 -7.02451e-05
145.2 3.19913e-05 -7.07619e-05
145.6 3.46753e-05 -7.11612e-05
146 3.67001e-05 -7.1508e-05
146.4 3.82074e-05 -7.18508e-05
146.8 3.93415e-05 -7.22202e-05
147.2 4.02449e-05 -7.26285e-05
147.6 4.10536e-05 -7.30706e-05
148 4.18936e-05 -7.35253e-05
148.4 4.28776e-05 -7.39568e-05
148.8 4.41023e-05 -7.43182e-05
149.2 4.56468e-05 -7.45535e-05
149.6 4.75714e-05 -7.46016e-05
150 4.99171e-05 -7.43993e-05
150.4 5.27057e-05 -7.38848e-05
150.8 5.59402e-05 -7.30009e-05
151.2 5.96065e-05 -7.1698e-05
151.6 6.36742e-05 -6.99362e-05
152 6.80992e-05 -6.76881e-05
152.4 7.2825e-05 -6.49395e-05
152.8 7.77853e-05 -6.16911e-05
153.2 8.29063e-05 -5.79583e-05
153.6 8.81086e-05 -5.37714e-05
154 9.33094e-05 -4.91745e-05
154.4 9.84247e-05 -4.42244e-05
154.8 0.000103371 -3.89891e-05
155.2 0.000108066 -3.35454e-05
155.6 0.000112433 -2.79767e-05
156 0.000116398 -2.23706e-05
156.4 0.000119893 -1.68164e-05
156.8 0.000122856 -1.14024e-05
157.2 0.000125233 -6.2135e-06
157.6 0.000126976 -1.32888e-06
158 0.000128046 3.17979e-06
158.4 0.000128409 7.25021e-06
158.8 0.000128042 1.08307e-05
159.2 0.000126927 1.38812e-05
159.6 0.000125054 1.63737e-05
160 0.000122421 1.82925e-05
160.4 0.000119034 1.9634e-05
160.8 0.000114905 2.04062e-05
161.2 0.000110054 2.06275e-05
161.6 0.000104507 2.03259e-05
162 9.82978e-05 1.95377e-05
162.4 9.14668e-05 1.83057e-05
162.8 8.40606e-05 1.66781e-05
163.2 7.61318e-05 1.47064e-05
163.6 6.7739e-05 1.24443e-05
164 5.89461e-05 9.94615e-06
164.4 4.98214e-05 7.26546e-06
164.8 4.04377e-05 4.45389e-06
165.2 3.08708e-05 1.56021e-06
165.6 2.11988e-05 -1.37043e-06
166 1.15013e-05 -4.29702e-06
166.4 1.8579e-06 -7.18311e-06
166.8 -7.65251e-06 -9.99686e-06
167.2 -1.69533e-05 -1.2711e-05
167.6 -2.59713e-05 -1.53027e-05
168 -3.46378e-05 -1.7753e-05
168.4 -4.28899e-05 -2.00468e-05
168.8 -5.06718e-05 -2.21717e-05
169.2 -5.79352e-05 -2.41182e-05
169.6 -6.46408e-05 -2.58786e-05
170 -7.07585e-05 -2.74469e-05
170.4 -7.62679e-05 -2.8818e-05
170.8 -8.11587e-05 -2.99877e-05
171.2 -8.54307e-05 -3.09523e-05
171.6 -8.90934e-05 -3.17082e-05
172 -9.21653e-05 -3.22525e-05
172.4 -9.46739e-05 -3.25824e-05
172.8 -9.6654e-05 -3.26957e-05
173.2 -9.8147e-05 -3.25911e-05
173.6 -9.91997e-05 -3.22685e-05
174 -9.98627e-05 -3.17288e-05
174.4 -0.000100189 -3.09754e-05
174.8 -0.000100232 -3.00132e-05
175.2 -0.000100046 -2.88502e-05
175.6 -9.96815e-05 -2.74969e-05
176 -9.91866e-05 -2.59666e-05
176.4 -9.86048e-05 -2.4276e-05
176.8 -9.79739e-05 -2.24448e-05
177.2 -9.73252e-05 -2.04953e-05
177.6 -9.66832e-05 -1.84529e-05
178 -9.60649e-05 -1.63451e-05
178.4 -9.54799e-05 -1.42011e-05
178.8 -9.49303e-05 -1.20516e-05
179.2 -9.44116e-05 -9.92792e-06
179.6 -9.39126e-05 -7.86108e-06
180 -9.34167e-05 -5.88144e-06
180.4 -9.29029e-05 -4.01772e-06
180.8 -9.23464e-05 -2.29635e-06
181.2 -9.17204e-05 -7.40744e-07
181.6 -9.0997e-05 6.29288e-07
182 -9.01485e-05 1.79809e-06
182.4 -8.91487e-05 2.75458e-06
182.8 -8.79739e-05 3.49252e-06
183.2 -8.66043e-05 4.01067e-06
183.6 -8.50242e-05 4.31284e-06
184 -8.32234e-05 4.40768e-06
184.4 -8.11973e-05 4.30847e-06
184.8 -7.89475e-05 4.03267e-06
185.2 -7.64814e-05 3.60139e-06
185.6 -7.38126e-05 3.03877e-06
186 -7.09601e-05 2.37126e-06
186.4 -6.79483e-05 1.62686e-06
186.8 -6.48057e-05 8.34287e-07
187.2 -6.15644e-05 2.21975e-08
187.6 -5.82591e-05 -7.81617e-07
188 -5.4926e-05 -1.55097e-06
188.4 -5.16019e-05 -2.26197e-06
188.8 -4.83228e-05 -2.89357e-06
189.2 -4.51232e-05 -3.4281e-06
189.6 -4.20349e-05 -3.85162e-06
190 -3.90865e-05 -4.1541e-06
190.4 -3.63021e-05 -4.32963e-06
190.8 -3.37011e-05 -4.37632e-06
191.2 -3.1298e-05 -4.29617e-06
191.6 -2.91015e-05 -4.09482e-06
192 -2.71152e-05 -3.78118e-06
192.4 -2.53372e-05 -3.36697e-06
192.8 -2.37607e-05 -2.86619e-06
193.2 -2.23744e-05 -2.29457e-06
193.6 -2.11629e-05 -1.66896e-06
194 -2.01076e-05 -1.0067e-06
194.4 -1.91877e-05 -3.25083e-07
194.8 -1.83806e-05 3.59234e-07
195.2 -1.76629e-05 1.03073e-06
195.6 -1.70115e-05 1.67544e-06
196 -1.64042e-05 2.28131e-06
196.4 -1.58205e-05 2.83848e-06
196.8 -1.52423e-05 3.33944e-06
197.2 -1.46543e-05 3.77909e-06
197.6 -1.40445e-05 4.15476e-06
198 -1.34048e-05 4.46605e-06
198.4 -1.27306e-05 4.71472e-06
198.8 -1.2021e-05 4.90435e-06
199.2 -1.12789e-05 5.0401e-06
199.6 -1.05104e-05 5.12832e-06
200 -9.72434e-06 5.17619e-06
200.4 -8.93226e-06 5.19134e-06
200.8 -8.14736e-06 5.18146e-06
201.2 -7.38411e-06 5.15395e-06
201.6 -6.6575e-06 5.11561e-06
202 -5.98244e-06 5.07234e-06
202.4 -5.3731e-06 5.02895e-06
202.8 -4.8423e-06 4.98898e-06
203.2 -4.401e-06 4.95462e-06
203.6 -4.05785e-06 4.92667e-06
204 -3.81884e-06 4.90461e-06
204.4 -3.68704e-06 4.88667e-06
204.8 -3.66251e-06 4.86999e-06
205.2 -3.74225e-06 4.85083e-06
205.6 -3.92031e-06 4.8248e-06
206 -4.18802e-06 4.78712e-06
206.4 -4.53423e-06 4.73291e-06
206.8 -4.94577e-06 4.65744e-06
207.2 -5.40784e-06 4.55638e-06
207.6 -5.90453e-06 4.42611e-06
208 -6.41934e-06 4.26384e-06
208.4 -6.93572e-06 4.06784e-06
208.8 -7.43757e-06 3.83752e-06
209.2 -7.90978e-06 3.57357e-06
209.6 -8.3386e-06 3.27788e-06
210 -8.71209e-06 2.9536e-06
210.4 -9.02041e-06 2.605e-06
210.8 -9.25602e-06 2.23734e-06
211.2 -9.41386e-06 1.85674e-06
211.6 -9.49138e-06 1.46995e-06
212 -9.4885e-06 1.08409e-06
212.4 -9.4075e-06 7.06474e-07
212.8 -9.2528e-06 3.44303e-07
213.2 -9.03074e-06 4.44838e-09
213.6 -8.7492e-06 -3.06789e-07
214 -8.41731e-06 -5.83882e-07
214.4 -8.045e-06 -8.2226e-07
214.8 -7.64268e-06 -1.01845e-06
215.2 -7.22079e-06 -1.17017e-06
215.6 -6.78948e-06 -1.2764e-06
216 -6.35825e-06 -1.33738e-06
216.4 -5.93568e-06 -1.35459e-06
216.8 -5.52917e-06 -1.33066e-06
217.2 -5.1448e-06 -1.26924e-06
217.6 -4.78717e-06 -1.1749e-06
218 -4.4594e-06 -1.0529e-06
218.4 -4.16312e-06 -9.09028e-07
218.8 -3.89853e-06 -7.49365e-07
219.2 -3.66458e-06 -5.80089e-07
219.6 -3.45909e-06 -4.07259e-07
220 -3.279e-06 -2.36611e-07
220.4 -3.12058e-06 -7.33866e-08
220.8 -2.97968e-06 7.78286e-08
221.2 -2.85202e-06 2.13229e-07
221.6 -2.73336e-06 3.2988e-07
222 -2.6198e-06 4.25778e-07
222.4 -2.50792e-06 4.99866e-07
222.8 -2.39495e-06 5.52022e-07
223.2 -2.27891e-06 5.83003e-07
223.6 -2.15862e-06 5.94369e-07
224 -2.03379e-06 5.88369e-07
224.4 -1.90495e-06 5.67816e-07
224.8 -1.77336e-06 5.35937e-07
225.2 -1.64094e-06 4.9622e-07
225.6 -1.51012e-06 4.52256e-07
226 -1.38362e-06 4.07579e-07
226.4 -1.26429e-06 3.65527e-07
226.8 -1.15493e-06 3.29105e-07
227.2 -1.05804e-06 3.00878e-07
227.6 -9.75658e-07 2.82876e-07
228 -9.09202e-07 2.76538e-07
228.4 -8.59306e-07 2.82673e-07
228.8 -8.2572e-07 3.0145e-07
229.2 -8.07245e-07 3.32424e-07
229.6 -8.01709e-07 3.74574e-07
230 -8.05981e-07 4.26376e-07
230.4 -8.16047e-07 4.85885e-07
230.8 -8.2711e-07 5.50839e-07
231.2 -8.33741e-07 6.18768e-07
231.6 -8.3006e-07 6.87111e-07
232 -8.09941e-07 7.53334e-07
232.4 -7.67238e-07 8.15036e-07
232.8 -6.96023e-07 8.70057e-07
233.2 -5.90812e-07 9.16562e-07
233.6 -4.46799e-07 9.53114e-07
234 -2.60058e-07 9.78725e-07
234.4 -2.77247e-08 9.92888e-07
234.8 2.51857e-07 9.95587e-07
235.2 5.7903e-07 9.87284e-07
235.6 9.52758e-07 9.68886e-07
236 1.37061e-06 9.41693e-07
236.4 1.82882e-06 9.07332e-07
236.8 2.3223e-06 8.67678e-07
237.2 2.84485e-06 8.24761e-07
237.6 3.38926e-06 7.80676e-07
238 3.94755e-06 7.37486e-07
238.4 4.51117e-06 6.97133e-07
238.8 5.07126e-06 6.61349e-07
239.2 5.61889e-06 6.31585e-07
239.6 6.14537e-06 6.08952e-07
240 6.64244e-06 5.9417e-07
240.4 7.10253e-06 5.8755e-07
240.8 7.51899e-06 5.88976e-07
241.2 7.88623e-06 5.97922e-07
241.6 8.19989e-06 6.13473e-07
242 8.45694e-06 6.34376e-07
242.4 8.65573e-06 6.59091e-07
242.8 8.79598e-06 6.85864e-07
243.2 8.87877e-06 7.12808e-07
243.6 8.90645e-06 7.37979e-07
244 8.88253e-06 7.5947e-07
244.4 8.8115e-06 7.75489e-07
244.8 8.69868e-06 7.84436e-07
245.2 8.55e-06 7.84976e-07
245.6 8.37177e-06 7.76094e-07
246 8.17051e-06 7.57141e-07
246.4 7.95265e-06 7.27863e-07
246.8 7.72441e-06 6.88411e-07
247.2 7.49152e-06 6.39341e-07
247.6 7.25916e-06 5.81591e-07
248 7.03171e-06 5.16445e-07
248.4 6.81273e-06 4.45483e-07
248.8 6.60488e-06 3.70523e-07
249.2 6.40987e-06 2.93545e-07
249.6 6.22847e-06 2.16618e-07
250 6.0606e-06 1.41819e-07
250.4 5.90536e-06 7.11542e-08
250.8 5.76116e-06 6.47961e-09
251.2 5.62586e-06 -5.05653e-08
251.6 5.4969e-06 -9.8621e-08
252 5.37148e-06 -1.36657e-07
252.4 5.24671e-06 -1.64008e-07
252.8 5.11977e-06 -1.80397e-07
253.2 4.9881e-06 -1.85942e-07
253.6 4.84949e-06 -1.81146e-07
254 4.7022e-06 -1.66877e-07
254.4 4.54511e-06 -1.4433e-07
254.8 4.37769e-06 -1.14975e-07
255.2 4.20014e-06 -8.05033e-08
255.6 4.01331e-06 -4.27591e-08
256 3.81869e-06 -3.66688e-09
256.4 3.6184e-06 3.48403e-08
256.8 3.41503e-06 7.08939e-08
257.2 3.21163e-06 1.02758e-07
257.6 3.01148e-06 1.28895e-07
258 2.81805e-06 1.48014e-07
258.4 2.63481e-06 1.5912e-07
258.8 2.46509e-06 1.61544e-07
259.2 2.31197e-06 1.54961e-07
259.6 2.17812e-06 1.39393e-07
260 2.06572e-06 1.15205e-07
260.4 1.97636e-06 8.30842e-08
260.8 1.91097e-06 4.40012e-08
261.2 1.86977e-06 -8.27124e-10
261.6 1.8523e-06 -4.9992e-08
262 1.85738e-06 -1.0195e-07
262.4 1.88319e-06 -1.55084e-07
262.8 1.92732e-06 -2.07766e-07
263.2 1.98686e-06 -2.58422e-07
263.6 2.05853e-06 -3.05586e-07
264 2.13876e-06 -3.47954e-07
264.4 2.22384e-06 -3.84429e-07
264.8 2.31008e-06 -4.14158e-07
265.2 2.3939e-06 -4.36556e-07
265.6 2.47196e-06 -4.51319e-07
266 2.54132e-06 -4.58428e-07
266.4 2.59948e-06 -4.58139e-07
266.8 2.6445e-06 -4.50965e-07
267.2 2.67504e-06 -4.37647e-07
267.6 2.69038e-06 -4.19113e-07
268 2.69047e-06 -3.96439e-07
268.4 2.67586e-06 -3.70799e-07
268.8 2.64771e-06 -3.4341e-07
269.2 2.60767e-06 -3.15486e-07
269.6 2.55785e-06 -2.88186e-07
270 2.50071e-06 -2.62567e-07
270.4 2.43892e-06 -2.39543e-07
270.8 2.37528e-06 -2.19853e-07
271.2 2.31259e-06 -2.04035e-07
271.6 2.25351e-06 -1.9241e-07
272 2.2005e-06 -1.85073e-07
272.4 2.15568e-06 -1.81898e-07
272.8 2.12076e-06 -1.8255e-07
273.2 2.09699e-06 -1.86507e-07
273.6 2.08509e-06 -1.93084e-07
274 2.08524e-06 -2.01474e-07
274.4 2.09707e-06 -2.10784e-07
274.8 2.11973e-06 -2.20076e-07
275.2 2.15185e-06 -2.28415e-07
275.6 2.19167e-06 -2.34908e-07
276 2.23707e-06 -2.38747e-07
276.4 2.28572e-06 -2.39245e-07
276.8 2.33511e-06 -2.35866e-07
277.2 2.3827e-06 -2.28249e-07
277.6 2.42601e-06 -2.16226e-07
278 2.46272e-06 -1.99828e-07
278.4 2.49076e-06 -1.79285e-07
278.8 2.50843e-06 -1.5502e-07
279.2 2.51439e-06 -1.27628e-07
279.6 2.5078e-06 -9.78528e-08
280 2.48827e-06 -6.65594e-08
280.4 2.45595e-06 -3.46967e-08
280.8 2.41144e-06 -3.26021e-09
281.2 2.35585e-06 2.67487e-08
281.6 2.29067e-06 5.43625e-08
282 2.21776e-06 7.86862e-08
282.4 2.13927e-06 9.89329e-08
282.8 2.05753e-06 1.14455e-07
283.2 1.97497e-06 1.2477e-07
283.6 1.89403e-06 1.29578e-07
284 1.81704e-06 1.28773e-07
284.4 1.74618e-06 1.2245e-07
284.8 1.68334e-06 1.10895e-07
285.2 1.63008e-06 9.45778e-08
285.6 1.58755e-06 7.41311e-08
286 1.5565e-06 5.03261e-08
286.4 1.53719e-06 2.40424e-08
286.8 1.52943e-06 -3.76642e-09
287.2 1.53258e-06 -3.21092e-08
287.6 1.54559e-06 -5.99949e-08
288 1.56702e-06 -8.64693e-08
288.4 1.59514e-06 -1.10651e-07
288.8 1.62798e-06 -1.31762e-07
289.2 1.66342e-06 -1.49158e-07
289.6 1.69926e-06 -1.62346e-07
290 1.73334e-06 -1.71004e-07
290.4 1.76361e-06 -1.74986e-07
290.8 1.78819e-06 -1.7433e-07
291.2 1.80548e-06 -1.69243e-07
291.6 1.81421e-06 -1.60098e-07
292 1.81347e-06 -1.47412e-07
292.4 1.80276e-06 -1.3182e-07
292.8 1.78201e-06 -1.14052e-07
293.2 1.75156e-06 -9.49006e-08
293.6 1.71216e-06 -7.51845e-08
294 1.66492e-06 -5.57199e-08
294.4 1.61128e-06 -3.72854e-08
294.8 1.55292e-06 -2.05923e-08
295.2 1.49175e-06 -6.25711e-09
295.6 1.42975e-06 5.22117e-09
296 1.36896e-06 1.34787e-08
296.4 1.31135e-06 1.82989e-08
296.8 1.25877e-06 1.96179e-08
297.2 1.21287e-06 1.75244e-08
297.6 1.17503e-06 1.22526e-08
298 1.1463e-06 4.16961e-09
298.4 1.1274e-06 -6.24195e-09
298.8 1.11863e-06 -1.84065e-08
299.2 1.11992e-06 -3.16809e-08
299.6 1.13081e-06 -4.53828e-08
300 1.15044e-06 -5.88195e-08
300.4 1.17767e-06 -7.13173e-08
300.8 1.21104e-06 -8.22496e-08
301.2 1.24887e-06 -9.10627e-08
301.6 1.28933e-06 -9.72981e-08
302 1.33051e-06 -1.00611e-07
302.4 1.37047e-06 -1.00783e-07
302.8 1.40736e-06 -9.77313e-08
303.2 1.43945e-06 -9.15103e-08
303.6 1.46524e-06 -8.23087e-08
304 1.48346e-06 -7.0441e-08
304.4 1.49317e-06 -5.63338e-08
304.8 1.49376e-06 -4.05076e-08
305.2 1.48498e-06 -2.35556e-08
305.6 1.46695e-06 -6.11895e-09
306 1.44013e-06 1.11391e-08
306.4 1.40535e-06 2.75603e-08
306.8 1.36371e-06 4.25169e-08
307.2 1.31656e-06 5.54373e-08
307.6 1.26544e-06 6.58278e-08
308 1.21205e-06 7.32919e-08
308.4 1.15812e-06 7.75449e-08
308.8 1.10538e-06 7.84247e-08
309.2 1.0555e-06 7.58965e-08
309.6 1.00998e-06 7.00538e-08
310 9.70142e-07 6.11132e-08
310.4 9.37059e-07 4.94047e-08
310.8 9.11506e-07 3.53579e-08
311.2 8.9395e-07 1.94843e-08
311.6 8.84526e-07 2.35631e-09
312 8.83036e-07 -1.54155e-08
312.4 8.88968e-07 -3.32066e-08
312.8 9.01513e-07 -5.04026e-08
313.2 9.19607e-07 -6.64233e-08
313.6 9.41973e-07 -8.0744e-08
314 9.67179e-07 -9.29158e-08
314.4 9.93696e-07 -1.02581e-07
314.8 1.01996e-06 -1.09485e-07
315.2 1.04444e-06 -1.13487e-07
315.6 1.06569e-06 -1.14559e-07
316 1.08242e-06 -1.1279e-07
316.4 1.09355e-06 -1.08374e-07
316.8 1.09822e-06 -1.01607e-07
317.2 1.09588e-06 -9.28692e-08
317.6 1.08624e-06 -8.26075e-08
318 1.06935e-06 -7.13193e-08
318.4 1.04553e-06 -5.95297e-08
318.8 1.01543e-06 -4.77703e-08
319.2 9.79919e-07 -3.65574e-08
319.6 9.40112e-07 -2.63716e-08
320 8.97295e-07 -1.76389e-08
320.4 8.52882e-07 -1.07142e-08
320.8 8.0835e-07 -5.86832e-09
321.2 7.6519e-07 -3.27827e-09
321.6 7.24837e-07 -3.02155e-09
322 6.88621e-07 -5.07468e-09
322.4 6.57711e-07 -9.31578e-09
322.8 6.3307e-07 -1.55311e-08
323.2 6.15417e-07 -2.34252e-08
323.6 6.05205e-07 -3.26344e-08
324 6.02598e-07 -4.27426e-08
324.4 6.0747e-07 -5.32995e-08
324.8 6.19413e-07 -6.38392e-08
325.2 6.37753e-07 -7.38999e-08
325.6 6.61577e-07 -8.30431e-08
326 6.89775e-07 -9.0871e-08
326.4 7.21081e-07 -9.7043e-08
326.8 7.54126e-07 -1.01289e-07
327.2 7.87493e-07 -1.03418e-07
327.6 8.19772e-07 -1.03331e-07
328 8.49616e-07 -1.01015e-07
328.4 8.75791e-07 -9.65528e-08
328.8 8.9723e-07 -9.01101e-08
329.2 9.13065e-07 -8.19342e-08
329.6 9.22666e-07 -7.23401e-08
330 9.2566e-07 -6.16983e-08
330.4 9.21947e-07 -5.04191e-08
330.8 9.11696e-07 -3.89356e-08
331.2 8.95341e-07 -2.76861e-08
331.6 8.73557e-07 -1.70964e-08
332 8.47236e-07 -7.56283e-09
332.4 8.17445e-07 5.63607e-10
332.8 7.85385e-07 6.99076e-09
333.2 7.5234e-07 1.14966e-08
333.6 7.19628e-07 1.39375e-08
334 6.88547e-07 1.42532e-08
334.4 6.60324e-07 1.24685e-08
334.8 6.36064e-07 8.69147e-09
335.2 6.16714e-07 3.10835e-09
335.6 6.0302e-07 -4.02471e-09
336 5.95502e-07 -1.23925e-08
336.4 5.94436e-07 -2.1634e-08
336.8 5.99842e-07 -3.1357e-08
337.2 6.1149e-07 -4.11546e-08
337.6 6.28906e-07 -5.06209e-08
338 6.51397e-07 -5.93676e-08
338.4 6.78075e-07 -6.70395e-08
338.8 7.07899e-07 -7.33277e-08
339.2 7.39714e-07 -7.7982e-08
339.6 7.72298e-07 -8.08199e-08
340 8.04412e-07 -8.17333e-08
340.4 8.34846e-07 -8.06921e-08
340.8 8.62469e-07 -7.77442e-08
341.2 8.86269e-07 -7.30133e-08
341.6 9.05397e-07 -6.66927e-08
342 9.19195e-07 -5.90369e-08
342.4 9.27218e-07 -5.03509e-08
342.8 9.29256e-07 -4.09776e-08
343.2 9.25332e-07 -3.12834e-08
343.6 9.15703e-07 -2.16435e-08
344 9.00848e-07 -1.24272e-08
344.4 8.81443e-07 -3.98255e-09
344.8 8.58335e-07 3.37648e-09
345.2 8.32504e-07 9.38261e-09
345.6 8.05026e-07 1.38251e-08
346 7.77026e-07 1.65576e-08
346.4 7.49634e-07 1.75029e-08
346.8 7.23939e-07 1.66557e-08
347.2 7.00948e-07 1.40811e-08
347.6 6.81544e-07 9.91213e-09
348 6.66452e-07 4.34264e-09
348.4 6.56216e-07 -2.38063e-09
348.8 6.51172e-07 -9.9688e-09
349.2 6.51441e-07 -1.81029e-08
349.6 6.56928e-07 -2.64471e-08
350 6.6732e-07 -3.46622e-08
350.4 6.8211e-07 -4.24194e-08
350.8 7.00611e-07 -4.94135e-08
351.2 7.21991e-07 -5.53745e-08
351.6 7.45303e-07 -6.00783e-08
352 7.69528e-07 -6.33549e-08
352.4 7.93612e-07 -6.50949e-08
352.8 8.16512e-07 -6.52526e-08
353.2 8.37238e-07 -6.38475e-08
353.6 8.54888e-07 -6.09627e-08
354 8.68687e-07 -5.67403e-08
354.4 8.78018e-07 -5.13754e-08
354.8 8.82442e-07 -4.51074e-08
355.2 8.81717e-07 -3.82099e-08
355.6 8.75803e-07 -3.09789e-08
356 8.64869e-07 -2.3721e-08
356.4 8.49277e-07 -1.67405e-08
356.8 8.2957e-07 -1.03274e-08
357.2 8.06449e-07 -4.74532e-09
357.6 7.80744e-07 -2.21849e-10
358 7.53381e-07 3.06097e-09
358.4 7.25341e-07 4.9732e-09
358.8 6.97625e-07 5.44184e-09
359.2 6.71212e-07 4.45317e-09
359.6 6.4702e-07 2.05276e-09
360 6.2587e-07 -1.65701e-09
360.4 6.08458e-07 -6.52158e-09
360.8 5.95322e-07 -1.2341e-08
361.2 5.86826e-07 -1.88783e-08
361.6 5.83147e-07 -2.58697e-08
362 5.84268e-07 -3.3035e-08
362.4 5.8998e-07 -4.00896e-08
362.8 5.99894e-07 -4.67555e-08
363.2 6.13457e-07 -5.27726e-08
363.6 6.29973e-07 -5.7909e-08
364 6.48636e-07 -6.19701e-08
364.4 6.68561e-07 -6.48059e-08
364.8 6.88817e-07 -6.63166e-08
365.2 7.0847e-07 -6.64564e-08
365.6 7.26618e-07 -6.52343e-08
366 7.42425e-07 -6.27136e-08
366.4 7.55155e-07 -5.90087e-08
366.8 7.64203e-07 -5.42799e-08
367.2 7.69116e-07 -4.87268e-08
367.6 7.69609e-07 -4.25794e-08
368 7.65579e-07 -3.60891e-08
368.4 7.57104e-07 -2.95181e-08
368.8 7.44443e-07 -2.31287e-08
369.2 7.28021e-07 -1.7173e-08
369.6 7.08412e-07 -1.18829e-08
370 6.86317e-07 -7.4608e-09
370.4 6.62535e-07 -4.07191e-09
370.8 6.37929e-07 -1.83801e-09
371.2 6.13393e-07 -8.32959e-10
371.6 5.89818e-07 -1.08031e-09
372 5.68053e-07 -2.55281e-09
372.4 5.48876e-07 -5.17408e-09
372.8 5.3296e-07 -8.82217e-09
373.2 5.20851e-07 -1.3335e-08
373.6 5.12945e-07 -1.8517e-08
374 5.09473e-07 -2.4148e-08
374.4 5.10494e-07 -2.99915e-08
374.8 5.15895e-07 -3.58049e-08
375.2 5.25396e-07 -4.13491e-08
375.6 5.3856e-07 -4.63985e-08
376 5.54815e-07 -5.07491e-08
376.4 5.73476e-07 -5.42275e-08
376.8 5.93771e-07 -5.66967e-08
377.2 6.14874e-07 -5.80619e-08
377.6 6.35939e-07 -5.82736e-08
378 6.5613e-07 -5.73292e-08
378.4 6.74657e-07 -5.52725e-08
378.8 6.90804e-07 -5.2192e-08
379.2 7.03958e-07 -4.82161e-08
379.6 7.1363e-07 -4.35084e-08
380 7.19478e-07 -3.82602e-08
380.4 7.21313e-07 -3.26828e-08
380.8 7.19108e-07 -2.69986e-08
381.2 7.12996e-07 -2.14324e-08
381.6 7.03265e-07 -1.6202e-08
382 6.90343e-07 -1.15097e-08
382.4 6.7478e-07 -7.53433e-09
382.8 6.57224e-07 -4.42406e-09
383.2 6.38398e-07 -2.29104e-09
383.6 6.19064e-07 -1.20708e-09
384 5.99997e-07 -1.20113e-09
384.4 5.81952e-07 -2.2586e-09
384.8 5.65635e-07 -4.32231e-09
385.2 5.51672e-07 -7.29521e-09
385.6 5.40587e-07 -1.10447e-08
386 5.32784e-07 -1.54081e-08
386.4 5.28527e-07 -2.01998e-08
386.8 5.27933e-07 -2.52188e-08
387.2 5.30967e-07 -3.02567e-08
387.6 5.37447e-07 -3.51065e-08
388 5.47051e-07 -3.95706e-08
388.4 5.5933e-07 -4.3469e-08
388.8 5.73728e-07 -4.6646e-08
389.2 5.89603e-07 -4.89765e-08
389.6 6.06258e-07 -5.03705e-08
390 6.22964e-07 -5.07767e-08
390.4 6.38993e-07 -5.01838e-08
390.8 6.53645e-07 -4.86209e-08
391.2 6.66276e-07 -4.61559e-08
391.6 6.76325e-07 -4.28923e-08
392 6.83336e-07 -3.89647e-08
392.4 6.86973e-07 -3.45331e-08
392.8 6.87035e-07 -2.97765e-08
393.2 6.83464e-07 -2.4885e-08
393.6 6.76342e-07 -2.00527e-08
394 6.65893e-07 -1.54692e-08
394.4 6.52471e-07 -1.13125e-08
394.8 6.36543e-07 -7.74172e-09
395.2 6.18672e-07 -4.89104e-09
395.6 5.99495e-07 -2.86436e-09
396 5.79696e-07 -1.73149e-09
396.4 5.59977e-07 -1.52564e-09
396.8 5.41036e-07 -2.24245e-09
397.2 5.23532e-07 -3.84049e-09
397.6 5.08064e-07 -6.24325e-09
398 4.95148e-07 -9.34257e-09
398.4 4.85196e-07 -1.30033e-08
398.8 4.78498e-07 -1.70688e-08
399.2 4.75215e-07 -2.13679e-08
399.6 4.75376e-07 -2.57213e-08
400 4.78869e-07 -2.99494e-08
