-0.498 -1.53375 -0.369768
-0.496 -1.5632 -0.389067
-0.494 -1.57064 -0.399716
-0.492 -1.55615 -0.401968
-0.49 -1.52025 -0.396252
-0.488 -1.4638 -0.383142
-0.486 -1.38806 -0.363332
-0.484 -1.2946 -0.337611
-0.482 -1.1853 -0.306831
-0.48 -1.06231 -0.271876
-0.478 -0.927989 -0.23364
-0.476 -0.78488 -0.192999
-0.474 -0.635626 -0.150791
-0.472 -0.482929 -0.1078
-0.47 -0.32949 -0.0647422
-0.468 -0.177944 -0.0222591
-0.466 -0.0308072 0.0190902
-0.464 0.109578 0.0588297
-0.462 0.241092 0.0965664
-0.46 0.361877 0.131987
-0.458 0.470371 0.164854
-0.456 0.565331 0.195
-0.454 0.645843 0.222321
-0.452 0.711331 0.246768
-0.45 0.76154 0.268341
-0.448 0.796534 0.287082
-0.446 0.816665 0.303062
-0.444 0.82255 0.316376
-0.442 0.815044 0.327135
-0.44 0.795206 0.335452
-0.438 0.764269 0.341436
-0.436 0.72361 0.345185
-0.434 0.674717 0.346771
-0.432 0.619157 0.346239
-0.43 0.558542 0.343599
-0.428 0.494501 0.338823
-0.426 0.428636 0.331842
-0.424 0.362497 0.322552
-0.422 0.297542 0.310817
-0.42 0.235107 0.296475
-0.418 0.176375 0.279353
-0.416 0.122355 0.259276
-0.414 0.0738612 0.236084
-0.412 0.031503 0.209644
-0.41 -0.00432075 0.17987
-0.408 -0.0334163 0.14673
-0.406 -0.0557832 0.110264
-0.404 -0.0715955 0.0705934
-0.402 -0.0811772 0.0279277
-0.4 -0.0849719 -0.0174294
-0.398 -0.083511 -0.0650771
-0.396 -0.0773795 -0.114517
-0.394 -0.0671824 -0.165159
-0.392 -0.0535128 -0.21632
-0.39 -0.0369234 -0.267243
-0.388 -0.0179025 -0.317098
-0.386 0.00314336 -0.365001
-0.384 0.0259001 -0.410031
-0.382 0.0501484 -0.451245
-0.38 0.0757586 -0.487702
-0.378 0.102677 -0.518483
-0.376 0.130908 -0.542715
-0.374 0.160487 -0.559596
-0.372 0.191453 -0.568418
-0.37 0.22382 -0.568589
-0.368 0.257549 -0.559657
-0.366 0.292516 -0.541325
-0.364 0.328489 -0.513472
-0.362 0.36511 -0.476162
-0.36 0.40188 -0.429652
-0.358 0.438149 -0.374402
-0.356 0.473118 -0.311065
-0.354 0.505847 -0.240492
-0.352 0.535269 -0.163719
-0.35 0.560217 -0.0819497
-0.348 0.579452 0.00345565
-0.346 0.591699 0.0910079
-0.344 0.595695 0.179113
-0.342 0.590232 0.266104
-0.34 0.574208 0.350272
-0.338 0.546677 0.429903
-0.336 0.506904 0.503319
-0.334 0.454406 0.568914
-0.332 0.389 0.625191
-0.33 0.310832 0.670808
-0.328 0.220402 0.704606
-0.326 0.118578 0.725647
-0.324 0.00659077 0.733237
-0.322 -0.113981 0.726955
-0.32 -0.241237 0.706664
-0.318 -0.373001 0.672521
-0.316 -0.506867 0.624979
-0.314 -0.640258 0.564783
-0.312 -0.770496 0.492952
-0.31 -0.894864 0.410761
-0.308 -1.01068 0.319715
-0.306 -1.11534 0.221514
-0.304 -1.20642 0.118015
-0.302 -1.28171 0.0111932
-0.3 -1.33926 -0.0969019
-0.298 -1.37743 -0.204193
-0.296 -1.39494 -0.308617
-0.294 -1.39089 -0.408171
-0.292 -1.36478 -0.500952
-0.29 -1.31654 -0.585192
-0.288 -1.24653 -0.659296
-0.286 -1.15555 -0.721874
-0.284 -1.04483 -0.771758
-0.282 -0.916031 -0.808035
-0.28 -0.771207 -0.830052
-0.278 -0.612807 -0.837438
-0.276 -0.443627 -0.830103
-0.274 -0.26677 -0.808246
-0.272 -0.0855936 -0.772347
-0.27 0.0963458 -0.723162
-0.268 0.275366 -0.661705
-0.266 0.447735 -0.589228
-0.264 0.609753 -0.507197
-0.262 0.757842 -0.417258
-0.26 0.888637 -0.321201
-0.258 0.999077 -0.220919
-0.256 1.0865 -0.118369
-0.254 1.14871 -0.0155184
-0.252 1.18409 0.0856921
-0.25 1.19162 0.183397
-0.248 1.17099 0.275849
-0.246 1.12256 0.361452
-0.244 1.04743 0.438804
-0.242 0.947402 0.50672
-0.24 0.824964 0.564254
-0.238 0.683208 0.610721
-0.236 0.52577 0.645706
-0.234 0.356723 0.669062
-0.232 0.180466 0.680911
-0.23 0.0015995 0.681632
-0.228 -0.175199 0.671844
-0.226 -0.345306 0.652379
-0.224 -0.504274 0.62426
-0.222 -0.647949 0.588661
-0.22 -0.772568 0.546878
-0.218 -0.874854 0.500285
-0.216 -0.952085 0.4503
-0.214 -1.00215 0.398345
-0.212 -1.02361 0.345807
-0.21 -1.01569 0.294008
-0.208 -0.978308 0.244166
-0.206 -0.912073 0.197373
-0.204 -0.818257 0.154565
-0.202 -0.69877 0.116506
-0.2 -0.556104 0.0837698
-0.198 -0.393284 0.0567321
-0.196 -0.213787 0.0355631
-0.194 -0.0214582 0.0202287
-0.192 0.179584 0.0104952
-0.19 0.385057 0.00593974
-0.188 0.590629 0.00596452
-0.186 0.792027 0.00981618
-0.184 0.985158 0.0166086
-0.182 1.1662 0.0253496
-0.18 1.33171 0.0349699
-0.178 1.47867 0.0443552
-0.176 1.60459 0.0523794
-0.174 1.7075 0.0579396
-0.172 1.78598 0.0599905
-0.17 1.83917 0.0575796
-0.168 1.86675 0.0498802
-0.166 1.86887 0.0362226
-0.164 1.84615 0.0161215
-0.162 1.79959 -0.0107011
-0.16 1.73052 -0.0442994
-0.158 1.64053 -0.0844938
-0.156 1.53144 -0.130869
-0.154 1.40516 -0.18278
-0.152 1.2637 -0.239369
-0.15 1.10912 -0.299588
-0.148 0.943429 -0.362225
-0.146 0.768606 -0.425951
-0.144 0.586552 -0.489351
-0.142 0.399073 -0.550979
-0.14 0.207875 -0.609398
-0.138 0.0145565 -0.663229
-0.136 -0.179386 -0.711199
-0.134 -0.372554 -0.752177
-0.132 -0.563636 -0.785215
-0.13 -0.751391 -0.809575
-0.128 -0.934637 -0.824758
-0.126 -1.11223 -0.83051
-0.124 -1.28305 -0.826839
-0.122 -1.44596 -0.814009
-0.12 -1.59985 -0.792532
-0.118 -1.74355 -0.763149
-0.116 -1.8759 -0.726814
-0.114 -1.99567 -0.68466
-0.112 -2.10166 -0.637966
-0.11 -2.19265 -0.588127
-0.108 -2.26748 -0.536607
-0.106 -2.32504 -0.484908
-0.104 -2.36433 -0.434525
-0.102 -2.38451 -0.386908
-0.1 -2.38494 -0.343424
-0.098 -2.36521 -0.305317
-0.096 -2.32521 -0.273679
-0.094 -2.26515 -0.249412
-0.092 -2.18562 -0.233202
-0.09 -2.08756 -0.225496
-0.088 -1.97233 -0.226477
-0.086 -1.84169 -0.236054
-0.084 -1.69781 -0.253853
-0.082 -1.54321 -0.279218
-0.08 -1.3808 -0.311216
-0.078 -1.21376 -0.348653
-0.076 -1.04553 -0.390099
-0.074 -0.879695 -0.433918
-0.072 -0.719928 -0.478302
-0.07 -0.569864 -0.521323
-0.068 -0.432989 -0.560971
-0.066 -0.31251 -0.595215
-0.064 -0.21123 -0.622053
-0.062 -0.131418 -0.639568
-0.06 -0.0746866 -0.645989
-0.058 -0.0418809 -0.639736
-0.056 -0.0329902 -0.619476
-0.054 -0.0470809 -0.584167
-0.052 -0.0822616 -0.533089
-0.05 -0.135682 -0.46588
-0.048 -0.203573 -0.382549
-0.046 -0.281318 -0.283488
-0.044 -0.363576 -0.169466
-0.042 -0.444425 -0.0416205
-0.04 -0.517544 0.0985657
-0.038 -0.576411 0.249292
-0.036 -0.614517 0.408478
-0.034 -0.625582 0.573802
-0.032 -0.603761 0.742749
-0.03 -0.543852 0.91266
-0.028 -0.441474 1.08079
-0.026 -0.293241 1.24434
-0.024 -0.0969152 1.40055
-0.022 0.148451 1.54675
-0.02 0.442393 1.68036
-0.018 0.782934 1.79904
-0.016 1.16651 1.90068
-0.014 1.58792 1.98343
-0.012 2.04038 2.04582
-0.01 2.51556 2.0867
-0.008 3.00372 2.10534
-0.006 3.49397 2.10139
-0.004 3.97455 2.07491
-0.002 4.43313 2.02636
0 4.85729 1.9566
0.002 5.23461 1.86695
0.004 5.55403 1.75882
0.006 5.80536 1.63407
0.008 5.97993 1.49477
0.01 6.07093 1.34325
0.012 6.07368 1.18195
0.014 5.98573 1.01343
0.016 5.80697 0.840315
0.018 5.53958 0.66519
0.02 5.18797 0.490598
0.022 4.75855 0.318971
0.024 4.25961 0.152585
0.026 3.70097 -0.00648106
0.028 3.09373 -0.156377
0.03 2.44999 -0.295513
0.032 1.78248 -0.422579
0.034 1.10423 -0.536562
0.036 0.428258 -0.636745
0.038 -0.232763 -0.722706
0.04 -0.866848 -0.794307
0.042 -1.46297 -0.851677
0.044 -2.01133 -0.895185
0.046 -2.50357 -0.925414
0.048 -2.93293 -0.943127
0.05 -3.29437 -0.949236
0.052 -3.5846 -0.944764
0.054 -3.80208 -0.930819
0.056 -3.94696 -0.908554
0.058 -4.02094 -0.879146
0.06 -4.02717 -0.843764
0.062 -3.97 -0.803552
0.064 -3.85487 -0.759607
0.066 -3.68802 -0.712969
0.068 -3.47636 -0.664607
0.07 -3.22721 -0.615414
0.072 -2.94812 -0.5662
0.074 -2.6467 -0.517695
0.076 -2.33043 -0.470539
0.078 -2.00654 -0.425291
0.08 -1.68187 -0.382424
0.082 -1.36271 -0.342328
0.084 -1.05481 -0.305314
0.086 -0.763207 -0.271613
0.088 -0.49224 -0.241386
0.09 -0.24549 -0.214721
0.092 -0.0257695 -0.191647
0.094 0.164873 -0.172133
0.096 0.325136 -0.156102
0.098 0.454436 -0.143433
0.1 0.552864 -0.13397
0.102 0.621135 -0.127528
0.104 0.660523 -0.123899
0.106 0.672797 -0.122858
0.108 0.660148 -0.124164
0.11 0.625106 -0.127568
0.112 0.570461 -0.13281
0.114 0.499179 -0.139623
0.116 0.414317 -0.147734
0.118 0.318947 -0.156862
0.12 0.216077 -0.166718
0.122 0.108589 -0.177003
0.124 -0.000815981 -0.187405
0.126 -0.10966 -0.197597
0.128 -0.215719 -0.207236
0.13 -0.317036 -0.215959
0.132 -0.411928 -0.223383
0.134 -0.498977 -0.229107
0.136 -0.577016 -0.232714
0.138 -0.64511 -0.233774
0.14 -0.702529 -0.231855
0.142 -0.748733 -0.226531
0.144 -0.783343 -0.217398
0.146 -0.806124 -0.204086
0.148 -0.816976 -0.186276
0.15 -0.815913 -0.163721
0.152 -0.803061 -0.13626
0.154 -0.778656 -0.103838
0.156 -0.743034 -0.0665193
0.158 -0.696642 -0.0245032
0.16 -0.640036 0.0218701
0.162 -0.573891 0.0721126
0.164 -0.499007 0.125588
0.166 -0.416318 0.181519
0.168 -0.326894 0.238992
0.17 -0.231951 0.29698
0.172 -0.132846 0.354358
0.174 -0.0310738 0.40993
0.176 0.0717423 0.462462
0.178 0.173864 0.51071
0.18 0.273458 0.553458
0.182 0.368623 0.589553
0.184 0.45742 0.617941
0.186 0.537907 0.637701
0.188 0.608181 0.648078
0.19 0.66642 0.648509
0.192 0.710929 0.638648
0.194 0.740185 0.618376
0.196 0.752885 0.587818
0.198 0.747989 0.547343
0.2 0.724757 0.497559
0.202 0.682785 0.439298
0.204 0.622031 0.373607
0.206 0.542833 0.301716
0.208 0.445923 0.225014
0.21 0.332422 0.145019
0.212 0.203836 0.0633375
0.214 0.0620388 -0.0183674
0.216 -0.0907592 -0.0984165
0.218 -0.252043 -0.175153
0.22 -0.419039 -0.24698
0.222 -0.588762 -0.312399
0.224 -0.758075 -0.370044
0.226 -0.923745 -0.418715
0.228 -1.08251 -0.457409
0.23 -1.23113 -0.485341
0.232 -1.36647 -0.501969
0.234 -1.48552 -0.507005
0.236 -1.58552 -0.500429
0.238 -1.66392 -0.482484
0.24 -1.71854 -0.453684
0.242 -1.74753 -0.414793
0.244 -1.74948 -0.366819
0.246 -1.72342 -0.310986
0.248 -1.66891 -0.24871
0.25 -1.58602 -0.181564
0.252 -1.47537 -0.111245
0.254 -1.33814 -0.0395302
0.256 -1.17607 0.0317678
0.258 -0.991422 0.100843
0.26 -0.786964 0.165944
0.262 -0.565918 0.225419
0.264 -0.331896 0.277754
0.266 -0.0888358 0.321619
0.268 0.159081 0.355898
0.27 0.407518 0.379714
0.272 0.652074 0.392458
0.274 0.888378 0.393798
0.276 1.11218 0.383687
0.278 1.31945 0.362363
0.28 1.50646 0.330339
0.282 1.66986 0.288392
0.284 1.80677 0.237536
0.286 1.91482 0.179001
0.288 1.99221 0.114197
0.29 2.03776 0.04468
0.292 2.05093 -0.0278869
0.294 2.0318 -0.101775
0.296 1.9811 -0.175233
0.298 1.90017 -0.246527
0.3 1.79094 -0.313988
0.302 1.65584 -0.376047
0.304 1.49778 -0.431274
0.306 1.32006 -0.478411
0.308 1.12628 -0.516405
0.31 0.92028 -0.544423
0.312 0.70602 -0.561879
0.314 0.487508 -0.568438
0.316 0.268708 -0.564026
0.318 0.0534551 -0.548826
0.32 -0.154627 -0.523272
0.322 -0.352189 -0.488038
0.324 -0.536222 -0.444013
0.326 -0.7041 -0.392282
0.328 -0.853621 -0.334092
0.33 -0.983022 -0.270818
0.332 -1.09099 -0.203925
0.334 -1.17668 -0.134922
0.336 -1.23966 -0.0653266
0.338 -1.27995 0.00338631
0.34 -1.29795 0.0698197
0.342 -1.29442 0.132694
0.344 -1.27046 0.190879
0.346 -1.22745 0.24342
0.348 -1.16701 0.289559
0.35 -1.09097 0.328743
0.352 -1.0013 0.360635
0.354 -0.900094 0.385105
0.356 -0.789516 0.402226
0.358 -0.671753 0.412257
0.36 -0.548987 0.415622
0.362 -0.423354 0.412885
0.364 -0.296917 0.404721
0.366 -0.171631 0.391889
0.368 -0.0493246 0.375196
0.37 0.0683217 0.355469
0.372 0.179791 0.333525
0.374 0.28374 0.310142
0.376 0.378999 0.286038
0.378 0.46458 0.261848
0.38 0.539666 0.238108
0.382 0.603609 0.215246
0.384 0.655923 0.193576
0.386 0.696276 0.173292
0.388 0.724483 0.154473
0.39 0.740503 0.137087
0.392 0.744433 0.121002
0.394 0.736506 0.105997
0.396 0.717086 0.0917736
0.398 0.686665 0.0779782
0.4 0.645854 0.0642159
0.402 0.595373 0.0500715
0.404 0.536041 0.0351294
0.406 0.468764 0.018994
0.408 0.394522 0.00130909
0.41 0.314352 -0.0182231
0.412 0.22934 -0.0398248
0.414 0.140606 -0.0636282
0.416 0.0492943 -0.0896634
0.418 -0.0434368 -0.11785
0.42 -0.136419 -0.147993
0.422 -0.228477 -0.179781
0.424 -0.318434 -0.212796
0.426 -0.405109 -0.246516
0.428 -0.487322 -0.280332
0.43 -0.563893 -0.313572
0.432 -0.633649 -0.345513
0.434 -0.695433 -0.375415
0.436 -0.748115 -0.402546
0.438 -0.790612 -0.426208
0.44 -0.821903 -0.445763
0.442 -0.841057 -0.460663
0.444 -0.847254 -0.470468
0.446 -0.839816 -0.474868
0.448 -0.818229 -0.473692
0.45 -0.782172 -0.466918
0.452 -0.731545 -0.454672
0.454 -0.666487 -0.437227
0.456 -0.587397 -0.414989
0.458 -0.494954 -0.388479
0.46 -0.390118 -0.358317
0.462 -0.274132 -0.325195
0.464 -0.148518 -0.28985
0.466 -0.0150532 -0.253036
0.468 0.124254 -0.215497
0.47 0.267197 -0.177942
0.472 0.411419 -0.141019
0.474 0.554461 -0.105293
0.476 0.693817 -0.071233
0.478 0.826995 -0.0391949
0.48 0.951576 -0.00941741
0.482 1.06527 0.0179813
0.484 1.16599 0.0429998
0.486 1.25187 0.065745
0.488 1.32134 0.0864189
0.49 1.37317 0.105301
0.492 1.40646 0.122729
0.494 1.4207 0.139074
0.496 1.41577 0.15472
0.498 1.39194 0.170039
0.4 0.0104773 0.00474522
0.8 0.0109144 0.00494212
1.2 0.0116438 0.0052695
1.6 0.012667 0.00572622
2 0.013986 0.00631071
2.4 0.015603 0.007021
2.8 0.0175207 0.0078548
3.2 0.0197416 0.00880953
3.6 0.0222683 0.0098824
4 0.025103 0.0110704
4.4 0.0282476 0.0123706
4.8 0.0317033 0.0137797
5.2 0.0354705 0.0152949
5.6 0.0395486 0.0169132
6 0.0439359 0.0186318
6.4 0.0486295 0.0204483
6.8 0.0536252 0.0223604
7.2 0.0589173 0.0243662
7.6 0.064499 0.0264642
8 0.0703617 0.0286533
8.4 0.0764957 0.0309327
8.8 0.0828901 0.0333021
9.2 0.0895327 0.0357616
9.6 0.0964105 0.0383118
10 0.10351 0.0409535
10.4 0.110816 0.043688
10.8 0.118314 0.0465168
11.2 0.125989 0.0494419
11.6 0.133828 0.0524652
12 0.141815 0.0555892
12.4 0.149937 0.0588162
12.8 0.158181 0.0621489
13.2 0.166537 0.0655896
13.6 0.174995 0.0691411
14 0.183545 0.0728057
14.4 0.192181 0.0765859
14.8 0.200899 0.0804837
15.2 0.209696 0.084501
15.6 0.218569 0.0886395
16 0.22752 0.0929004
16.4 0.23655 0.0972845
16.8 0.245663 0.101792
17.2 0.254865 0.106423
17.6 0.264161 0.111177
18 0.273559 0.116053
18.4 0.283065 0.121047
18.8 0.292687 0.126158
19.2 0.302433 0.131382
19.6 0.31231 0.136713
20 0.322324 0.142148
20.4 0.332481 0.147678
20.8 0.342783 0.153296
21.2 0.353232 0.158993
21.6 0.363829 0.16476
22 0.374571 0.170584
22.4 0.385453 0.176452
22.8 0.396467 0.182351
23.2 0.407604 0.188265
23.6 0.418851 0.194177
24 0.430192 0.200068
24.4 0.44161 0.205919
24.8 0.453085 0.211708
25.2 0.464593 0.217413
25.6 0.476113 0.223009
26 0.487616 0.228473
26.4 0.499077 0.233779
26.8 0.510468 0.2389
27.2 0.521759 0.243809
27.6 0.532923 0.248479
28 0.54393 0.252882
28.4 0.554753 0.256991
28.8 0.565363 0.260779
29.2 0.575735 0.264219
29.6 0.585844 0.267287
30 0.595666 0.269958
30.4 0.60518 0.272211
30.8 0.614366 0.274024
31.2 0.623206 0.27538
31.6 0.631684 0.276263
32 0.639785 0.27666
32.4 0.647497 0.276561
32.8 0.654809 0.27596
33.2 0.661709 0.274855
33.6 0.66819 0.273245
34 0.674242 0.271135
34.4 0.679858 0.268533
34.8 0.685028 0.265452
35.2 0.689745 0.261907
35.6 0.694 0.257919
36 0.697781 0.253511
36.4 0.701077 0.248711
36.8 0.703876 0.243549
37.2 0.706162 0.238059
37.6 0.70792 0.232278
38 0.709131 0.226246
38.4 0.709776 0.220004
38.8 0.709833 0.213597
39.2 0.709281 0.207069
39.6 0.708094 0.200468
40 0.70625 0.19384
40.4 0.703724 0.187233
40.8 0.700493 0.180695
41.2 0.696533 0.17427
41.6 0.691824 0.168006
42 0.686347 0.161946
42.4 0.680087 0.156131
42.8 0.673032 0.150602
43.2 0.665175 0.145395
43.6 0.656515 0.140543
44 0.647056 0.136077
44.4 0.636809 0.132023
44.8 0.625792 0.128403
45.2 0.61403 0.125236
45.6 0.601557 0.122535
46 0.588415 0.12031
46.4 0.574652 0.118565
46.8 0.560328 0.1173
47.2 0.545507 0.116511
47.6 0.530262 0.116188
48 0.514675 0.116319
48.4 0.498832 0.116886
48.8 0.482825 0.117868
49.2 0.466752 0.119239
49.6 0.450715 0.12097
50 0.434816 0.123031
50.4 0.419161 0.125386
50.8 0.403856 0.127999
51.2 0.389005 0.130833
51.6 0.374711 0.133847
52 0.361071 0.137
52.4 0.348179 0.140252
52.8 0.336121 0.143562
53.2 0.324978 0.14689
53.6 0.314818 0.150197
54 0.305703 0.153445
54.4 0.297683 0.156598
54.8 0.290796 0.159624
55.2 0.285068 0.162492
55.6 0.280515 0.165176
56 0.277136 0.167651
56.4 0.27492 0.169898
56.8 0.273843 0.1719
57.2 0.273867 0.173647
57.6 0.274945 0.175129
58 0.277015 0.176343
58.4 0.280008 0.177291
58.8 0.283842 0.177975
59.2 0.28843 0.178405
59.6 0.293675 0.178591
60 0.299474 0.178548
60.4 0.305723 0.178295
60.8 0.312309 0.177852
61.2 0.319123 0.17724
61.6 0.326051 0.176484
62 0.332984 0.175607
62.4 0.339813 0.174637
62.8 0.346434 0.173597
63.2 0.352747 0.172512
63.6 0.35866 0.171408
64 0.364087 0.170304
64.4 0.36895 0.169223
64.8 0.373182 0.168182
65.2 0.376722 0.167195
65.6 0.379523 0.166275
66 0.381545 0.165431
66.4 0.382761 0.164668
66.8 0.383151 0.163987
67.2 0.382708 0.163386
67.6 0.381435 0.16286
68 0.379342 0.162399
68.4 0.376449 0.16199
68.8 0.372784 0.161619
69.2 0.368383 0.161265
69.6 0.363287 0.16091
70 0.357542 0.160529
70.4 0.351201 0.160099
70.8 0.344318 0.159594
71.2 0.33695 0.158989
71.6 0.329158 0.158257
72 0.321 0.157374
72.4 0.312536 0.156316
72.8 0.303824 0.155061
73.2 0.29492 0.153588
73.6 0.28588 0.151881
74 0.276752 0.149924
74.4 0.267586 0.147707
74.8 0.258424 0.145222
75.2 0.249305 0.142466
75.6 0.240265 0.139438
76 0.231333 0.136144
76.4 0.222535 0.132591
76.8 0.213893 0.128793
77.2 0.205425 0.124763
77.6 0.197142 0.120523
78 0.189056 0.116095
78.4 0.181172 0.111505
78.8 0.173493 0.106779
79.2 0.166022 0.101949
79.6 0.158756 0.0970463
80 0.151693 0.0921021
80.4 0.14483 0.0871499
80.8 0.138161 0.0822224
81.2 0.131683 0.0773516
81.6 0.125389 0.0725688
82 0.119276 0.0679034
82.4 0.113339 0.0633829
82.8 0.107576 0.0590323
83.2 0.101984 0.054874
83.6 0.0965624 0.0509273
84 0.091311 0.0472083
84.4 0.0862312 0.0437295
84.8 0.0813254 0.0405001
85.2 0.076597 0.0375257
85.6 0.0720504 0.0348082
86 0.0676907 0.0323463
86.4 0.0635235 0.0301353
86.8 0.0595549 0.0281675
87.2 0.0557908 0.0264324
87.6 0.0522373 0.0249169
88 0.0488998 0.0236059
88.4 0.0457834 0.0224824
88.8 0.0428921 0.0215279
89.2 0.040229 0.0207229
89.6 0.0377959 0.0200475
90 0.0355931 0.0194811
90.4 0.0336195 0.0190035
90.8 0.0318725 0.0185951
91.2 0.0303476 0.0182368
91.6 0.0290388 0.0179107
92 0.0279383 0.0176005
92.4 0.0270368 0.0172911
92.8 0.0263234 0.0169696
93.2 0.0257858 0.0166246
93.6 0.0254106 0.0162469
94 0.025183 0.0158294
94.4 0.0250877 0.015367
94.8 0.0251086 0.0148564
95.2 0.0252289 0.0142966
95.6 0.0254319 0.013688
96 0.0257007 0.013033
96.4 0.0260189 0.0123353
96.8 0.0263701 0.0115999
97.2 0.0267389 0.0108331
97.6 0.0271107 0.0100417
98 0.0274716 0.00923345
98.4 0.0278092 0.00841642
98.8 0.0281121 0.00759887
99.2 0.0283704 0.00678906
99.6 0.0285755 0.00599503
100 0.0287201 0.00522443
100.4 0.0287988 0.00448438
100.8 0.0288071 0.00378129
101.2 0.0287423 0.00312078
101.6 0.0286028 0.00250757
102 0.0283884 0.00194543
102.4 0.0280998 0.00143714
102.8 0.0277391 0.00098449
103.2 0.027309 0.000588271
103.6 0.0268131 0.000248321
104 0.0262558 -3.6418e-05
104.4 0.0256417 -0.000267834
104.8 0.0249761 -0.000448556
105.2 0.0242643 -0.000581853
105.6 0.0235119 -0.000671533
106 0.0227246 -0.000721825
106.4 0.0219078 -0.000737266
106.8 0.0210668 -0.000722584
107.2 0.0202069 -0.000682589
107.6 0.0193329 -0.000622064
108 0.0184492 -0.000545665
108.4 0.0175602 -0.000457838
108.8 0.0166695 -0.00036273
109.2 0.0157807 -0.000264135
109.6 0.0148967 -0.000165433
110 0.0140204 -6.95522e-05
110.4 0.0131541 2.10526e-05
110.8 0.0123 0.000104417
111.2 0.01146 0.000179063
111.6 0.0106358 0.000243991
112 0.00982887 0.00029865
112.4 0.00904063 0.000342912
112.8 0.0082724 0.000377028
113.2 0.00752546 0.00040158
113.6 0.00680107 0.000417431
114 0.00610048 0.00042567
114.4 0.00542495 0.000427557
114.8 0.00477579 0.000424461
115.2 0.00415434 0.000417814
115.6 0.00356193 0.000409053
116 0.00299995 0.000399574
116.4 0.00246973 0.00039069
116.8 0.00197262 0.000383592
117.2 0.00150987 0.000379323
117.6 0.00108266 0.000378749
118 0.000692025 0.000382547
118.4 0.000338861 0.000391193
118.8 2.38507e-05 0.000404958
119.2 -0.000252551 0.000423914
119.6 -0.00049015 0.00044794
120 -0.000689039 0.000476741
120.4 -0.000849625 0.000509861
120.8 -0.00097264 0.000546708
121.2 -0.00105915 0.00058658
121.6 -0.00111057 0.000628688
122 -0.00112865 0.000672187
122.4 -0.00111545 0.000716201
122.8 -0.00107336 0.000759851
123.2 -0.00100504 0.000802279
123.6 -0.000913398 0.000842672
124 -0.000801569 0.000880282
124.4 -0.000672851 0.000914441
124.8 -0.00053067 0.000944579
125.2 -0.000378528 0.000970229
125.6 -0.000219954 0.000991037
126 -5.84529e-05 0.00100676
126.4 0.000102549 0.00101728
126.8 0.000259754 0.00102257
127.2 0.000410036 0.00102272
127.6 0.000550492 0.00101792
128 0.000678477 0.0010084
128.4 0.000791642 0.00099452
128.8 0.000887961 0.000976645
129.2 0.000965756 0.000955199
129.6 0.00102371 0.000930628
130 0.0010609 0.000903388
130.4 0.00107674 0.000873931
130.8 0.00107107 0.000842692
131.2 0.00104405 0.000810081
131.6 0.000996213 0.00077647
132 0.000928415 0.000742191
132.4 0.000841809 0.000707525
132.8 0.000737821 0.000672706
133.2 0.000618113 0.000637912
133.6 0.000484545 0.000603275
134 0.000339136 0.000568878
134.4 0.000184024 0.00053476
134.8 2.14279e-05 0.000500927
135.2 -0.000146397 0.000467351
135.6 -0.000317194 0.000433985
136 -0.000488746 0.000400766
136.4 -0.000658907 0.000367626
136.8 -0.000825636 0.0003345
137.2 -0.000987024 0.000301329
137.6 -0.00114132 0.000268074
138 -0.00128694 0.000234716
138.4 -0.00142252 0.000201262
138.8 -0.00154688 0.000167748
139.2 -0.00165905 0.000134243
139.6 -0.00175831 0.000100846
140 -0.00184411 6.76881e-05
140.4 -0.00191615 3.49277e-05
140.8 -0.00197433 2.74934e-06
141.2 -0.00201874 -2.8642e-05
141.6 -0.00204966 -5.90259e-05
142 -0.00206753 -8.81722e-05
142.4 -0.00207295 -0.000115848
142.8 -0.00206664 -0.000141822
143.2 -0.00204946 -0.000165876
143.6 -0.00202233 -0.000187805
144 -0.00198627 -0.000207426
144.4 -0.00194233 -0.000224584
144.8 -0.00189162 -0.000239155
145.2 -0.00183525 -0.00025105
145.6 -0.00177432 -0.000260214
146 -0.00170993 -0.000266635
146.4 -0.00164313 -0.000270334
146.8 -0.00157494 -0.000271373
147.2 -0.00150631 -0.000269848
147.6 -0.00143812 -0.000265888
148 -0.00137118 -0.000259649
148.4 -0.00130623 -0.000251314
148.8 -0.0012439 -0.000241084
149.2 -0.00118475 -0.000229174
149.6 -0.00112923 -0.00021581
150 -0.00107773 -0.00020122
150.4 -0.00103052 -0.000185631
150.8 -0.000987813 -0.000169263
151.2 -0.000949718 -0.000152327
151.6 -0.000916278 -0.00013502
152 -0.000887461 -0.00011752
152.4 -0.000863171 -9.99866e-05
152.8 -0.000843251 -8.25595e-05
153.2 -0.000827494 -6.53562e-05
153.6 -0.000815645 -4.84728e-05
154 -0.000807412 -3.19857e-05
154.4 -0.00080247 -1.59522e-05
154.8 -0.000800471 -4.1327e-07
155.2 -0.000801046 1.46044e-05
155.6 -0.000803816 2.9085e-05
156 -0.000808393 4.3021e-05
156.4 -0.00081439 5.64099e-05
156.8 -0.000821422 6.92508e-05
157.2 -0.000829114 8.15423e-05
157.6 -0.000837101 9.32794e-05
158 -0.000845034 0.000104452
158.4 -0.000852584 0.000115042
158.8 -0.00085944 0.000125025
159.2 -0.000865316 0.000134367
159.6 -0.000869949 0.000143027
160 -0.000873103 0.000150953
160.4 -0.000874566 0.000158092
160.8 -0.000874156 0.000164382
161.2 -0.000871714 0.000169762
161.6 -0.000867111 0.00017417
162 -0.000860243 0.000177547
162.4 -0.000851032 0.000179841
162.8 -0.000839428 0.000181005
163.2 -0.000825402 0.000181008
163.6 -0.000808952 0.000179829
164 -0.000790097 0.000177465
164.4 -0.000768881 0.000173928
164.8 -0.000745365 0.00016925
165.2 -0.000719634 0.00016348
165.6 -0.000691791 0.000156688
166 -0.000661956 0.00014896
166.4 -0.000630266 0.0001404
166.8 -0.000596874 0.000131125
167.2 -0.000561949 0.000121266
167.6 -0.00052567 0.000110965
168 -0.00048823 0.000100367
168.4 -0.000449831 8.96227e-05
168.8 -0.000410684 7.88826e-05
169.2 -0.000371006 6.82926e-05
169.6 -0.000331021 5.79915e-05
170 -0.000290953 4.81077e-05
170.4 -0.000251029 3.87559e-05
170.8 -0.000211476 3.00351e-05
171.2 -0.000172515 2.20257e-05
171.6 -0.000134365 1.47887e-05
172 -9.72354e-05 8.36434e-06
172.4 -6.13261e-05 2.7717e-06
172.8 -2.68259e-05 -1.99097e-06
173.2 6.09039e-06 -5.94546e-06
173.6 3.72637e-05 -9.1322e-06
174 6.65523e-05 -1.16084e-05
174.4 9.38335e-05 -1.34457e-05
174.8 0.000119004 -1.47276e-05
175.2 0.000141984 -1.55461e-05
175.6 0.000162713 -1.59991e-05
176 0.000181154 -1.61869e-05
176.4 0.000197292 -1.62089e-05
176.8 0.000211136 -1.61611e-05
177.2 0.000222714 -1.61326e-05
177.6 0.000232077 -1.62036e-05
178 0.000239293 -1.64431e-05
178.4 0.00024445 -1.69072e-05
178.8 0.00024765 -1.76381e-05
179.2 0.000249011 -1.86628e-05
179.6 0.000248661 -1.99939e-05
180 0.000246738 -2.16288e-05
180.4 0.000243388 -2.35514e-05
180.8 0.000238758 -2.57325e-05
181.2 0.000233001 -2.81322e-05
181.6 0.000226267 -3.07009e-05
182 0.000218703 -3.33822e-05
182.4 0.000210452 -3.61145e-05
182.8 0.000201652 -3.88339e-05
183.2 0.000192428 -4.14761e-05
183.6 0.000182901 -4.39789e-05
184 0.000173176 -4.62841e-05
184.4 0.00016335 -4.83395e-05
184.8 0.000153508 -5.01003e-05
185.2 0.000143722 -5.15305e-05
185.6 0.000134053 -5.26036e-05
186 0.000124551 -5.33033e-05
186.4 0.000115256 -5.36235e-05
186.8 0.0001062 -5.3568e-05
187.2 9.74041e-05 -5.31503e-05
187.6 8.88859e-05 -5.23924e-05
188 8.06563e-05 -5.13237e-05
188.4 7.27228e-05 -4.99798e-05
188.8 6.50906e-05 -4.84009e-05
189.2 5.7764e-05 -4.66304e-05
189.6 5.07477e-05 -4.47129e-05
190 4.40478e-05 -4.26933e-05
190.4 3.76727e-05 -4.06148e-05
190.8 3.16342e-05 -3.85176e-05
191.2 2.59473e-05 -3.64381e-05
191.6 2.06312e-05 -3.44077e-05
192 1.57087e-05 -3.2452e-05
192.4 1.12064e-05 -3.0591e-05
192.8 7.15384e-06 -2.88381e-05
193.2 3.58329e-06 -2.72008e-05
193.6 5.28564e-07 -2.56811e-05
194 -1.97585e-06 -2.42756e-05
194.4 -3.8959e-06 -2.29766e-05
194.8 -5.19914e-06 -2.17728e-05
195.2 -5.85591e-06 -2.06505e-05
195.6 -5.8406e-06 -1.95947e-05
196 -5.13269e-06 -1.85896e-05
196.4 -3.71788e-06 -1.76204e-05
196.8 -1.58895e-06 -1.66735e-05
197.2 1.25346e-06 -1.57379e-05
197.6 4.80025e-06 -1.48056e-05
198 9.03355e-06 -1.3872e-05
198.4 1.39265e-05 -1.29362e-05
198.8 1.94434e-05 -1.20015e-05
199.2 2.55398e-05 -1.10747e-05
199.6 3.21633e-05 -1.01661e-05
200 3.9254e-05 -9.28911e-06
200.4 4.67457e-05 -8.45935e-06
200.8 5.45664e-05 -7.69409e-06
201.2 6.26399e-05 -7.01136e-06
201.6 7.08872e-05 -6.42903e-06
202 7.92271e-05 -5.9639e-06
202.4 8.75785e-05 -5.63086e-06
202.8 9.58609e-05 -5.44206e-06
203.2 0.000103996 -5.40618e-06
203.6 0.00011191 -5.52788e-06
204 0.000119531 -5.80735e-06
204.4 0.000126797 -6.24008e-06
204.8 0.000133648 -6.8168e-06
205.2 0.000140033 -7.52356e-06
205.6 0.00014591 -8.34213e-06
206 0.000151242 -9.25038e-06
206.4 0.000156003 -1.0223e-05
206.8 0.000160172 -1.12322e-05
207.2 0.000163739 -1.22488e-05
207.6 0.0001667 -1.32427e-05
208 0.000169057 -1.41843e-05
208.4 0.000170822 -1.50456e-05
208.8 0.000172009 -1.58004e-05
209.2 0.000172639 -1.6426e-05
209.6 0.000172739 -1.69033e-05
210 0.000172337 -1.72179e-05
210.4 0.000171465 -1.73602e-05
210.8 0.000170158 -1.7326e-05
211.2 0.000168451 -1.71164e-05
211.6 0.000166382 -1.67375e-05
212 0.000163987 -1.62009e-05
212.4 0.000161303 -1.55223e-05
212.8 0.000158366 -1.47216e-05
213.2 0.000155211 -1.38219e-05
213.6 0.000151873 -1.28487e-05
214 0.000148384 -1.18292e-05
214.4 0.000144774 -1.0791e-05
214.8 0.000141074 -9.76141e-06
215.2 0.00013731 -8.7666e-06
215.6 0.000133509 -7.83054e-06
216 0.000129696 -6.97436e-06
216.4 0.000125893 -6.21572e-06
216.8 0.000122122 -5.56824e-06
217.2 0.000118403 -5.04124e-06
217.6 0.000114755 -4.63947e-06
218 0.000111196 -4.36314e-06
218.4 0.000107744 -4.20808e-06
218.8 0.000104411 -4.166e-06
219.2 0.000101214 -4.22498e-06
219.6 9.81654e-05 -4.37003e-06
220 9.52756e-05 -4.58375e-06
220.4 9.25552e-05 -4.84706e-06
220.8 9.00127e-05 -5.14002e-06
221.2 8.76549e-05 -5.44258e-06
221.6 8.54871e-05 -5.73541e-06
222 8.35124e-05 -6.00056e-06
222.4 8.17324e-05 -6.2222e-06
222.8 8.01464e-05 -6.38711e-06
223.2 7.8752e-05 -6.48516e-06
223.6 7.75447e-05 -6.5096e-06
224 7.6518e-05 -6.45727e-06
224.4 7.56637e-05 -6.32858e-06
224.8 7.49717e-05 -6.12746e-06
225.2 7.44305e-05 -5.86106e-06
225.6 7.4027e-05 -5.5394e-06
226 7.37469e-05 -5.1749e-06
226.4 7.35749e-05 -4.78183e-06
226.8 7.34952e-05 -4.37568e-06
227.2 7.34911e-05 -3.9725e-06
227.6 7.35461e-05 -3.58824e-06
228 7.36433e-05 -3.23812e-06
228.4 7.37663e-05 -2.93596e-06
228.8 7.38992e-05 -2.69373e-06
229.2 7.40267e-05 -2.521e-06
229.6 7.41344e-05 -2.42464e-06
230 7.4209e-05 -2.40856e-06
230.4 7.42382e-05 -2.47356e-06
230.8 7.42109e-05 -2.61739e-06
231.2 7.41174e-05 -2.83481e-06
231.6 7.39491e-05 -3.11786e-06
232 7.36989e-05 -3.45622e-06
232.4 7.33607e-05 -3.83759e-06
232.8 7.29297e-05 -4.24824e-06
233.2 7.24022e-05 -4.67356e-06
233.6 7.17754e-05 -5.09863e-06
234 7.10476e-05 -5.50878e-06
234.4 7.02177e-05 -5.89024e-06
234.8 6.92857e-05 -6.23057e-06
235.2 6.82521e-05 -6.51923e-06
235.6 6.71178e-05 -6.74787e-06
236 6.58847e-05 -6.91073e-06
236.4 6.45549e-05 -7.00476e-06
236.8 6.31312e-05 -7.02975e-06
237.2 6.16167e-05 -6.9883e-06
237.6 6.00154e-05 -6.88567e-06
238 5.83315e-05 -6.72959e-06
238.4 5.65698e-05 -6.52989e-06
238.8 5.47359e-05 -6.29812e-06
239.2 5.2836e-05 -6.04709e-06
239.6 5.08766e-05 -5.79033e-06
240 4.88654e-05 -5.54159e-06
240.4 4.68105e-05 -5.31429e-06
240.8 4.47205e-05 -5.12103e-06
241.2 4.2605e-05 -4.97304e-06
241.6 4.04738e-05 -4.87985e-06
242 3.83374e-05 -4.84886e-06
242.4 3.62067e-05 -4.88511e-06
242.8 3.40926e-05 -4.99112e-06
243.2 3.20065e-05 -5.16674e-06
243.6 2.99593e-05 -5.40924e-06
244 2.7962e-05 -5.71343e-06
244.4 2.60251e-05 -6.0718e-06
244.8 2.41585e-05 -6.47488e-06
245.2 2.23712e-05 -6.91161e-06
245.6 2.06716e-05 -7.36968e-06
246 1.90666e-05 -7.83607e-06
246.4 1.75623e-05 -8.2975e-06
246.8 1.61631e-05 -8.74088e-06
247.2 1.48722e-05 -9.15384e-06
247.6 1.36913e-05 -9.52509e-06
248 1.26208e-05 -9.84485e-06
248.4 1.16595e-05 -1.01052e-05
248.8 1.0805e-05 -1.03001e-05
249.2 1.00535e-05 -1.0426e-05
249.6 9.40025e-06 -1.04814e-05
250 8.83939e-06 -1.04674e-05
250.4 8.3644e-06 -1.0387e-05
250.8 7.96813e-06 -1.02453e-05
251.2 7.64306e-06 -1.00492e-05
251.6 7.38152e-06 -9.80728e-06
252 7.17587e-06 -9.52886e-06
252.4 7.0187e-06 -9.22421e-06
252.8 6.90304e-06 -8.90386e-06
253.2 6.82246e-06 -8.57825e-06
253.6 6.77124e-06 -8.25733e-06
254 6.74445e-06 -7.95019e-06
254.4 6.73804e-06 -7.66476e-06
254.8 6.74881e-06 -7.40752e-06
255.2 6.77447e-06 -7.18328e-06
255.6 6.81355e-06 -6.99511e-06
256 6.86535e-06 -6.84421e-06
256.4 6.92981e-06 -6.72996e-06
256.8 7.00745e-06 -6.65004e-06
257.2 7.09915e-06 -6.60051e-06
257.6 7.20604e-06 -6.5761e-06
258 7.32933e-06 -6.57043e-06
258.4 7.47015e-06 -6.57636e-06
258.8 7.62941e-06 -6.58627e-06
259.2 7.80764e-06 -6.59244e-06
259.6 8.00488e-06 -6.58739e-06
260 8.22062e-06 -6.5642e-06
260.4 8.45367e-06 -6.51677e-06
260.8 8.7022e-06 -6.44015e-06
261.2 8.96368e-06 -6.33068e-06
261.6 9.2349e-06 -6.18618e-06
262 9.51211e-06 -6.006e-06
262.4 9.79102e-06 -5.79107e-06
262.8 1.0067e-05 -5.54386e-06
263.2 1.0335e-05 -5.26824e-06
263.6 1.05901e-05 -4.96932e-06
264 1.08273e-05 -4.65328e-06
264.4 1.10418e-05 -4.32706e-06
264.8 1.12293e-05 -3.99811e-06
265.2 1.13858e-05 -3.67406e-06
265.6 1.15083e-05 -3.36244e-06
266 1.15941e-05 -3.07036e-06
266.4 1.16419e-05 -2.80422e-06
266.8 1.1651e-05 -2.56948e-06
267.2 1.16217e-05 -2.37043e-06
267.6 1.15553e-05 -2.21004e-06
268 1.14541e-05 -2.08984e-06
268.4 1.13212e-05 -2.00986e-06
268.8 1.11604e-05 -1.96865e-06
269.2 1.09762e-05 -1.96335e-06
269.6 1.07737e-05 -1.9898e-06
270 1.05582e-05 -2.04274e-06
270.4 1.03353e-05 -2.11598e-06
270.8 1.01104e-05 -2.20269e-06
271.2 9.88906e-06 -2.29565e-06
271.6 9.67625e-06 -2.38758e-06
272 9.47654e-06 -2.47134e-06
272.4 9.29388e-06 -2.54031e-06
272.8 9.13149e-06 -2.58858e-06
273.2 8.99176e-06 -2.6112e-06
273.6 8.87624e-06 -2.60436e-06
274 8.78555e-06 -2.56555e-06
274.4 8.71944e-06 -2.49361e-06
274.8 8.6768e-06 -2.38879e-06
275.2 8.65574e-06 -2.25274e-06
275.6 8.65365e-06 -2.08842e-06
276 8.66735e-06 -1.89994e-06
276.4 8.69321e-06 -1.69247e-06
276.8 8.72725e-06 -1.47194e-06
277.2 8.76534e-06 -1.24486e-06
277.6 8.80333e-06 -1.01806e-06
278 8.83719e-06 -7.98362e-07
278.4 8.86317e-06 -5.92394e-07
278.8 8.87786e-06 -4.06275e-07
279.2 8.87838e-06 -2.45403e-07
279.6 8.86239e-06 -1.14245e-07
280 8.82819e-06 -1.61721e-08
280.4 8.77474e-06 4.66658e-08
280.8 8.70165e-06 7.34115e-08
281.2 8.60917e-06 6.45257e-08
281.6 8.49818e-06 2.17587e-08
282 8.37007e-06 -5.19271e-08
282.4 8.2267e-06 -1.52481e-07
282.8 8.07027e-06 -2.74927e-07
283.2 7.90324e-06 -4.13567e-07
283.6 7.72819e-06 -5.62197e-07
284 7.54774e-06 -7.14357e-07
284.4 7.36441e-06 -8.63575e-07
284.8 7.18053e-06 -1.00361e-06
285.2 6.99814e-06 -1.12871e-06
285.6 6.81894e-06 -1.23377e-06
286 6.64422e-06 -1.3146e-06
286.4 6.47483e-06 -1.36799e-06
286.8 6.31114e-06 -1.39188e-06
287.2 6.15311e-06 -1.38538e-06
287.6 6.00026e-06 -1.34881e-06
288 5.85173e-06 -1.2837e-06
288.4 5.7064e-06 -1.19262e-06
288.8 5.56287e-06 -1.07918e-06
289.2 5.41965e-06 -9.47778e-07
289.6 5.2752e-06 -8.03489e-07
290 5.12802e-06 -6.51815e-07
290.4 4.97677e-06 -4.98482e-07
290.8 4.82038e-06 -3.49212e-07
291.2 4.65806e-06 -2.09502e-07
291.6 4.48943e-06 -8.44113e-08
292 4.31452e-06 2.16254e-08
292.4 4.13384e-06 1.04964e-07
292.8 3.94836e-06 1.62879e-07
293.2 3.7595e-06 1.93656e-07
293.6 3.56912e-06 1.96641e-07
294 3.37944e-06 1.72253e-07
294.4 3.19299e-06 1.21946e-07
294.8 3.01252e-06 4.81396e-08
295.2 2.84093e-06 -4.58947e-08
295.6 2.6811e-06 -1.56173e-07
296 2.53586e-06 -2.78169e-07
296.4 2.40785e-06 -4.06999e-07
296.8 2.29943e-06 -5.37622e-07
297.2 2.21255e-06 -6.65039e-07
297.6 2.14872e-06 -7.84495e-07
298 2.10894e-06 -8.91654e-07
298.4 2.09359e-06 -9.82774e-07
298.8 2.1025e-06 -1.05484e-06
299.2 2.13485e-06 -1.10567e-06
299.6 2.18926e-06 -1.134e-06
300 2.26376e-06 -1.13951e-06
300.4 2.3559e-06 -1.12281e-06
300.8 2.4628e-06 -1.08543e-06
301.2 2.58122e-06 -1.02972e-06
301.6 2.70768e-06 -9.58756e-07
302 2.83859e-06 -8.76196e-07
302.4 2.97031e-06 -7.86125e-07
302.8 3.09928e-06 -6.92886e-07
303.2 3.22217e-06 -6.00896e-07
303.6 3.33592e-06 -5.1447e-07
304 3.43785e-06 -4.3764e-07
304.4 3.52578e-06 -3.73997e-07
304.8 3.59801e-06 -3.2655e-07
305.2 3.65341e-06 -2.97604e-07
305.6 3.69143e-06 -2.88677e-07
306 3.7121e-06 -3.00443e-07
306.4 3.71601e-06 -3.32712e-07
306.8 3.70424e-06 -3.84442e-07
307.2 3.67838e-06 -4.53792e-07
307.6 3.64035e-06 -5.38197e-07
308 3.59242e-06 -6.34479e-07
308.4 3.53704e-06 -7.3898e-07
308.8 3.47681e-06 -8.47709e-07
309.2 3.41432e-06 -9.56507e-07
309.6 3.35208e-06 -1.06121e-06
310 3.29245e-06 -1.15784e-06
310.4 3.23752e-06 -1.2427e-06
310.8 3.18908e-06 -1.3126e-06
311.2 3.14851e-06 -1.36494e-06
311.6 3.11682e-06 -1.3978e-06
312 3.09454e-06 -1.41002e-06
312.4 3.0818e-06 -1.40127e-06
312.8 3.07826e-06 -1.37204e-06
313.2 3.08321e-06 -1.32357e-06
313.6 3.09557e-06 -1.2579e-06
314 3.11397e-06 -1.17768e-06
314.4 3.13679e-06 -1.08614e-06
314.8 3.16227e-06 -9.86903e-07
315.2 3.18857e-06 -8.83886e-07
315.6 3.21381e-06 -7.81121e-07
316 3.23624e-06 -6.82607e-07
316.4 3.25422e-06 -5.92149e-07
316.8 3.26633e-06 -5.13217e-07
317.2 3.27142e-06 -4.48816e-07
317.6 3.26865e-06 -4.01365e-07
318 3.2575e-06 -3.72621e-07
318.4 3.2378e-06 -3.63606e-07
318.8 3.20974e-06 -3.74583e-07
319.2 3.17383e-06 -4.05051e-07
319.6 3.13089e-06 -4.5377e-07
320 3.08199e-06 -5.18821e-07
320.4 3.02843e-06 -5.97686e-07
320.8 2.97164e-06 -6.87354e-07
321.2 2.91315e-06 -7.8444e-07
321.6 2.85451e-06 -8.85328e-07
322 2.79724e-06 -9.86308e-07
322.4 2.74274e-06 -1.08372e-06
322.8 2.69225e-06 -1.17412e-06
323.2 2.64681e-06 -1.25436e-06
323.6 2.60719e-06 -1.32176e-06
324 2.57392e-06 -1.37419e-06
324.4 2.54719e-06 -1.41012e-06
324.8 2.52693e-06 -1.42873e-06
325.2 2.51277e-06 -1.42987e-06
325.6 2.5041e-06 -1.41408e-06
326 2.50004e-06 -1.3826e-06
326.4 2.49957e-06 -1.33723e-06
326.8 2.5015e-06 -1.28032e-06
327.2 2.50458e-06 -1.21466e-06
327.6 2.50754e-06 -1.14333e-06
328 2.50915e-06 -1.0696e-06
328.4 2.50826e-06 -9.96782e-07
328.8 2.50388e-06 -9.28126e-07
329.2 2.49524e-06 -8.66655e-07
329.6 2.48176e-06 -8.1507e-07
330 2.46315e-06 -7.75633e-07
330.4 2.4394e-06 -7.5009e-07
330.8 2.41076e-06 -7.39601e-07
331.2 2.37778e-06 -7.447e-07
331.6 2.34123e-06 -7.65282e-07
332 2.30214e-06 -8.00608e-07
332.4 2.26169e-06 -8.49348e-07
332.8 2.22122e-06 -9.09631e-07
333.2 2.18214e-06 -9.79132e-07
333.6 2.14587e-06 -1.05516e-06
334 2.11382e-06 -1.13478e-06
334.4 2.08729e-06 -1.21491e-06
334.8 2.06741e-06 -1.29249e-06
335.2 2.05515e-06 -1.36453e-06
335.6 2.05121e-06 -1.42831e-06
336 2.05602e-06 -1.48143e-06
336.4 2.06972e-06 -1.52191e-06
336.8 2.09214e-06 -1.54829e-06
337.2 2.12281e-06 -1.55965e-06
337.6 2.16096e-06 -1.55568e-06
338 2.20557e-06 -1.53665e-06
338.4 2.25538e-06 -1.50342e-06
338.8 2.30895e-06 -1.45739e-06
339.2 2.36469e-06 -1.40042e-06
339.6 2.42096e-06 -1.33481e-06
340 2.47609e-06 -1.26315e-06
340.4 2.52846e-06 -1.18823e-06
340.8 2.57654e-06 -1.11295e-06
341.2 2.61897e-06 -1.04018e-06
341.6 2.65462e-06 -9.72641e-07
342 2.68255e-06 -9.12841e-07
342.4 2.70217e-06 -8.62935e-07
342.8 2.71314e-06 -8.24663e-07
343.2 2.71546e-06 -7.99283e-07
343.6 2.70942e-06 -7.87526e-07
344 2.69561e-06 -7.89574e-07
344.4 2.67488e-06 -8.05056e-07
344.8 2.64835e-06 -8.3307e-07
345.2 2.61727e-06 -8.72225e-07
345.6 2.58309e-06 -9.20698e-07
346 2.5473e-06 -9.76317e-07
346.4 2.51143e-06 -1.03664e-06
346.8 2.47698e-06 -1.09908e-06
347.2 2.44537e-06 -1.16096e-06
347.6 2.41786e-06 -1.21968e-06
348 2.39552e-06 -1.27277e-06
348.4 2.37923e-06 -1.31803e-06
348.8 2.36957e-06 -1.35357e-06
349.2 2.36686e-06 -1.37793e-06
349.6 2.37115e-06 -1.39008e-06
350 2.38219e-06 -1.38952e-06
350.4 2.39947e-06 -1.37622e-06
350.8 2.42226e-06 -1.35071e-06
351.2 2.44957e-06 -1.31397e-06
351.6 2.48029e-06 -1.26741e-06
352 2.51316e-06 -1.21286e-06
352.4 2.54687e-06 -1.15242e-06
352.8 2.58007e-06 -1.08843e-06
353.2 2.61146e-06 -1.02333e-06
353.6 2.63983e-06 -9.59613e-07
354 2.6641e-06 -8.99683e-07
354.4 2.68338e-06 -8.45779e-07
354.8 2.69697e-06 -7.99886e-07
355.2 2.70441e-06 -7.63656e-07
355.6 2.70551e-06 -7.38347e-07
356 2.70031e-06 -7.24777e-07
356.4 2.68914e-06 -7.23293e-07
356.8 2.67252e-06 -7.33762e-07
357.2 2.65121e-06 -7.55583e-07
357.6 2.62614e-06 -7.8771e-07
358 2.5984e-06 -8.28701e-07
358.4 2.56915e-06 -8.76775e-07
358.8 2.53961e-06 -9.2989e-07
359.2 2.511e-06 -9.85819e-07
359.6 2.48448e-06 -1.04225e-06
360 2.46111e-06 -1.09686e-06
360.4 2.44183e-06 -1.14743e-06
360.8 2.42737e-06 -1.19192e-06
361.2 2.41829e-06 -1.22854e-06
361.6 2.4149e-06 -1.25583e-06
362 2.41728e-06 -1.27272e-06
362.4 2.42527e-06 -1.27854e-06
362.8 2.43846e-06 -1.27309e-06
363.2 2.45625e-06 -1.25659e-06
363.6 2.47785e-06 -1.22972e-06
364 2.50229e-06 -1.19354e-06
364.4 2.52849e-06 -1.14948e-06
364.8 2.5553e-06 -1.09926e-06
365.2 2.58155e-06 -1.04485e-06
365.6 2.60606e-06 -9.88342e-07
366 2.62773e-06 -9.31896e-07
366.4 2.64556e-06 -8.77656e-07
366.8 2.65871e-06 -8.27656e-07
367.2 2.6665e-06 -7.83743e-07
367.6 2.66845e-06 -7.47504e-07
368 2.66431e-06 -7.20211e-07
368.4 2.65404e-06 -7.02765e-07
368.8 2.63784e-06 -6.95674e-07
369.2 2.61614e-06 -6.99027e-07
369.6 2.58953e-06 -7.12501e-07
370 2.55881e-06 -7.35375e-07
370.4 2.52489e-06 -7.66561e-07
370.8 2.48881e-06 -8.04655e-07
371.2 2.45165e-06 -8.47991e-07
371.6 2.4145e-06 -8.94713e-07
372 2.37846e-06 -9.42846e-07
372.4 2.34453e-06 -9.90382e-07
372.8 2.3136e-06 -1.03535e-06
373.2 2.28644e-06 -1.07592e-06
373.6 2.26362e-06 -1.11042e-06
374 2.24555e-06 -1.13748e-06
374.4 2.2324e-06 -1.15599e-06
374.8 2.22415e-06 -1.16524e-06
375.2 2.22058e-06 -1.16487e-06
375.6 2.22125e-06 -1.15491e-06
376 2.22556e-06 -1.13577e-06
376.4 2.23275e-06 -1.10824e-06
376.8 2.24196e-06 -1.07342e-06
377.2 2.25223e-06 -1.0327e-06
377.6 2.26257e-06 -9.87693e-07
378 2.27199e-06 -9.40175e-07
378.4 2.27955e-06 -8.92e-07
378.8 2.28438e-06 -8.4504e-07
379.2 2.28573e-06 -8.01098e-07
379.6 2.28301e-06 -7.61847e-07
380 2.27579e-06 -7.28756e-07
380.4 2.26384e-06 -7.03041e-07
380.8 2.24712e-06 -6.8561e-07
381.2 2.22583e-06 -6.77036e-07
381.6 2.20031e-06 -6.77533e-07
382 2.17115e-06 -6.86954e-07
382.4 2.13904e-06 -7.04795e-07
382.8 2.10486e-06 -7.30219e-07
383.2 2.06956e-06 -7.62094e-07
383.6 2.03417e-06 -7.99039e-07
384 1.99974e-06 -8.39481e-07
384.4 1.96731e-06 -8.81717e-07
384.8 1.93787e-06 -9.23985e-07
385.2 1.91231e-06 -9.64532e-07
385.6 1.8914e-06 -1.00169e-06
386 1.87577e-06 -1.03393e-06
386.4 1.86585e-06 -1.05993e-06
386.8 1.86189e-06 -1.07863e-06
387.2 1.86395e-06 -1.08926e-06
387.6 1.87187e-06 -1.09137e-06
388 1.88529e-06 -1.08486e-06
388.4 1.9037e-06 -1.06998e-06
388.8 1.9264e-06 -1.04728e-06
389.2 1.95257e-06 -1.01764e-06
389.6 1.98128e-06 -9.82192e-07
390 2.01155e-06 -9.42303e-07
390.4 2.04236e-06 -8.99494e-07
390.8 2.07269e-06 -8.55393e-07
391.2 2.10159e-06 -8.11666e-07
391.6 2.12818e-06 -7.6995e-07
392 2.15168e-06 -7.3179e-07
392.4 2.17147e-06 -6.98579e-07
392.8 2.18708e-06 -6.715e-07
393.2 2.19821e-06 -6.51488e-07
393.6 2.20476e-06 -6.39186e-07
394 2.20678e-06 -6.34932e-07
394.4 2.20452e-06 -6.38739e-07
394.8 2.19837e-06 -6.50303e-07
395.2 2.18889e-06 -6.69015e-07
395.6 2.17673e-06 -6.93989e-07
396 2.16262e-06 -7.24099e-07
396.4 2.14737e-06 -7.58025e-07
396.8 2.13178e-06 -7.94307e-07
397.2 2.11665e-06 -8.31407e-07
397.6 2.10273e-06 -8.67765e-07
398 2.0907e-06 -9.01869e-07
398.4 2.0811e-06 -9.32305e-07
398.8 2.07438e-06 -9.57821e-07
399.2 2.07083e-06 -9.77371e-07
399.6 2.07058e-06 -9.90156e-07
400 2.07359e-06 -9.95654e-07
