    4.9790919991e+02    4.8913459687e+02   -4.1764415930e+04    3.7016311900e-01    5.3394052001e-01    4.4854136763e-01   -4.0837342590e-03    6.9317568921e-03   -3.3341534802e-04    4.2499480645e+01    4.2498008492e+01    4.2497124998e+01
    4.9205601492e+02    4.8338456196e+02   -4.1756924981e+04    5.7028948427e-01    6.5556177300e-01    5.1771661902e-01    6.7034800744e-03    6.8237675174e-03    1.5255317397e-02    4.2499480645e+01    4.2498008492e+01    4.2497124998e+01
    4.9730896749e+02    4.8854494229e+02   -4.1761737646e+04    5.5436734696e-01    4.6075942494e-01    5.7556440463e-01    6.0301961136e-03    4.1449098999e-03    9.4897548081e-03    4.2499480645e+01    4.2498008492e+01    4.2497124998e+01
    5.0165921421e+02    4.9281852504e+02   -4.1766142038e+04    3.9252461643e-01    5.6022352878e-01    4.3035565934e-01    9.4026518966e-03    4.1275104532e-03   -2.1415342461e-03    4.2499480645e+01    4.2498008492e+01    4.2497124998e+01
    4.9995899123e+02    4.9114826493e+02   -4.1764397406e+04    4.8196625179e-01    5.0422097284e-01    4.8967546432e-01   -8.4479275292e-04   -4.8204416159e-03    1.8889331496e-03    4.2499480645e+01    4.2498008492e+01    4.2497124998e+01
    5.0180117273e+02    4.9295798185e+02   -4.1766196686e+04    4.5769377314e-01    5.1408168457e-01    3.8158315376e-01    7.9966055692e-03   -4.7487570853e-03    4.1164379049e-03    4.2499480645e+01    4.2498008492e+01    4.2497124998e+01
    4.9538098086e+02    4.8665093237e+02   -4.1760659544e+04    5.9385647902e-01    5.8500599956e-01    4.4869478922e-01    1.7221903293e-02    8.2362038307e-04    3.9704548232e-03    4.2499480645e+01    4.2498008492e+01    4.2497124998e+01
    5.0149255994e+02    4.9265480771e+02   -4.1765539764e+04    4.5908596983e-01    5.6820823804e-01    4.5419975411e-01   -9.9925551613e-03   -1.5991670253e-03   -1.0173105190e-02    4.2499480645e+01    4.2498008492e+01    4.2497124998e+01
    5.0121625825e+02    4.9238337525e+02   -4.1766100375e+04    4.7764073881e-01    5.2414233881e-01    5.1047102269e-01    6.4062097593e-03    6.5252355488e-03    9.1547952619e-03    4.2499480645e+01    4.2498008492e+01    4.2497124998e+01
    5.0421674111e+02    4.9533098091e+02   -4.1768632450e+04    4.5952192848e-01    5.5072867583e-01    4.4905317192e-01   -8.6708221906e-03   -8.8236733003e-03    4.1671490272e-03    4.2499480645e+01    4.2498008492e+01    4.2497124998e+01
    4.9772550575e+02    4.8895413993e+02   -4.1762976633e+04    5.5674918348e-01    5.6217319111e-01    4.4776786237e-01    1.3314544754e-03   -1.2294555745e-02   -3.2461379255e-03    4.2499480645e+01    4.2498008492e+01    4.2497124998e+01
    4.9741752527e+02    4.8865158695e+02   -4.1762206114e+04    4.6920689740e-01    5.5453249658e-01    4.8501038073e-01   -5.1101637214e-03   -1.6355075009e-02   -1.4736223150e-02    4.2499480645e+01    4.2498008492e+01    4.2497124998e+01
    4.9695941461e+02    4.8820154953e+02   -4.1761957685e+04    5.6381507289e-01    5.4511506892e-01    5.3693921787e-01    1.1330054234e-03    1.0221829529e-02   -1.1150354899e-02    4.2499480645e+01    4.2498008492e+01    4.2497124998e+01
    4.9301269728e+02    4.8432438480e+02   -4.1757684245e+04    4.5835354112e-01    6.4833277130e-01    5.4072052995e-01    1.3902157901e-02   -3.3260979630e-03    9.2784273439e-03    4.2499480645e+01    4.2498008492e+01    4.2497124998e+01
    4.9927828277e+02    4.9047955252e+02   -4.1764357048e+04    5.2031923707e-01    5.2756106417e-01    4.9453311130e-01    5.9598075462e-03   -5.5246007786e-03    5.5566767799e-03    4.2499480645e+01    4.2498008492e+01    4.2497124998e+01
    5.0067257386e+02    4.9184927216e+02   -4.1765079615e+04    5.4926658980e-01    4.8295345067e-01    4.0787772486e-01   -1.5581161352e-02   -6.4709503059e-03    2.6130126211e-03    4.2499480645e+01    4.2498008492e+01    4.2497124998e+01
    4.9770249607e+02    4.8893153575e+02   -4.1762210371e+04    5.7478408766e-01    6.0166416293e-01    4.7680832083e-01    3.0993410695e-03   -6.7902031074e-03    3.5128613061e-03    4.2499480645e+01    4.2498008492e+01    4.2497124998e+01
    5.0073629430e+02    4.9191186966e+02   -4.1765888557e+04    4.7881340395e-01    6.0833764015e-01    4.7940852411e-01    6.7520311226e-03   -1.0937871132e-02   -2.3128085389e-03    4.2499480645e+01    4.2498008492e+01    4.2497124998e+01
    4.9738589637e+02    4.8862051545e+02   -4.1762615743e+04    4.7366654276e-01    6.2437617611e-01    5.2411649146e-01   -1.7056230205e-03   -7.5331952708e-03    9.4760398371e-03    4.2499480645e+01    4.2498008492e+01    4.2497124998e+01
    5.0108596495e+02    4.9225537810e+02   -4.1766345029e+04    4.6772185366e-01    6.0256539385e-01    4.6393909286e-01   -2.4926121164e-03    7.7261801858e-03   -8.5075310310e-03    4.2499480645e+01    4.2498008492e+01    4.2497124998e+01
    5.0668201603e+02    4.9775281054e+02   -4.1771917184e+04    4.6128302712e-01    4.9177394889e-01    5.6251042437e-01    6.3771972351e-03    2.5032075326e-03    9.3240568779e-03    4.2499480645e+01    4.2498008492e+01    4.2497124998e+01
    5.0224258556e+02    4.9339161571e+02   -4.1767490870e+04    5.6240471584e-01    4.8475591848e-01    4.6535134766e-01    4.3520769310e-03   -6.9118469916e-03    8.2989085615e-03    4.2499480645e+01    4.2498008492e+01    4.2497124998e+01
    5.0340125023e+02    4.9452986134e+02   -4.1767500630e+04    4.8224798180e-01    5.6796623290e-01    4.6642366595e-01    7.1483839567e-03    2.4320802137e-04    3.1326123267e-03    4.2499480645e+01    4.2498008492e+01    4.2497124998e+01
    5.0034501222e+02    4.9152748310e+02   -4.1765481978e+04    5.2192107478e-01    4.9677411246e-01    5.3735531429e-01    2.5395258029e-03   -4.8043342836e-03   -1.7591400594e-02    4.2499480645e+01    4.2498008492e+01    4.2497124998e+01
    4.9877593544e+02    4.8998605801e+02   -4.1763006875e+04    4.9012128360e-01    5.2684168634e-01    5.2891797360e-01   -5.6192342996e-03    5.9423541418e-03    1.1399252582e-02    4.2499480645e+01    4.2498008492e+01    4.2497124998e+01
    5.0147180367e+02    4.9263441722e+02   -4.1766949723e+04    5.2022331159e-01    5.1810413590e-01    4.9584425150e-01   -5.0472411754e-03    3.2356319235e-03    1.2555128700e-02    4.2499480645e+01    4.2498008492e+01    4.2497124998e+01
    4.9981419802e+02    4.9100602339e+02   -4.1764013637e+04    5.2774423380e-01    5.0878652716e-01    4.9020630611e-01   -1.6348500691e-03   -2.3367498132e-04    6.3759299665e-03    4.2499480645e+01    4.2498008492e+01    4.2497124998e+01
    5.0065384760e+02    4.9183087591e+02   -4.1766597323e+04    4.8676557678e-01    4.6070229736e-01    4.7280715143e-01    1.6924337473e-02   -3.3869929306e-04    1.1463535092e-02    4.2499480645e+01    4.2498008492e+01    4.2497124998e+01
    4.9838188551e+02    4.8959895238e+02   -4.1763713260e+04    5.3695922235e-01    5.4746228317e-01    4.9654153257e-01   -4.0552183970e-03    9.3199438990e-03    6.4377511031e-03    4.2499480645e+01    4.2498008492e+01    4.2497124998e+01
    5.0254980403e+02    4.9369342009e+02   -4.1767719489e+04    5.5182651373e-01    4.6322910547e-01    3.9193811254e-01   -1.1308434917e-02   -3.6780194631e-03    2.0539168430e-03    4.2499480645e+01    4.2498008492e+01    4.2497124998e+01
    4.9999845632e+02    4.9118703452e+02   -4.1765322413e+04    5.3059867754e-01    5.7036383682e-01    4.8779112847e-01    5.1872413570e-03   -2.1443103749e-02    1.1722376009e-02    4.2499480645e+01    4.2498008492e+01    4.2497124998e+01
    4.9834649564e+02    4.8956418618e+02   -4.1763213806e+04    4.9596102230e-01    4.7368308588e-01    5.2554820559e-01    5.7535842170e-04    4.5671718515e-03    2.7515758089e-03    4.2499480645e+01    4.2498008492e+01    4.2497124998e+01
    4.9819717894e+02    4.8941750087e+02   -4.1762856192e+04    4.8285882826e-01    5.7815508980e-01    5.2739602311e-01    6.8381729015e-03   -4.2658591091e-03   -3.1757157526e-03    4.2499480645e+01    4.2498008492e+01    4.2497124998e+01
    4.9650530152e+02    4.8775543923e+02   -4.1761274999e+04    5.2561290599e-01    6.1758460231e-01    4.8414082551e-01   -2.8604377426e-03   -8.1436817806e-03    3.1490366010e-03    4.2499480645e+01    4.2498008492e+01    4.2497124998e+01
    4.9641714778e+02    4.8766883902e+02   -4.1761245581e+04    5.6556912169e-01    5.2892119406e-01    4.7161827803e-01    2.3821932218e-03    8.6068259370e-04   -9.0850693496e-03    4.2499480645e+01    4.2498008492e+01    4.2497124998e+01
    5.0171256904e+02    4.9287093961e+02   -4.1766842827e+04    5.3825952175e-01    3.9097623578e-01    5.3076541737e-01    2.9603906763e-03    1.3041918570e-02    6.7969958670e-03    4.2499480645e+01    4.2498008492e+01    4.2497124998e+01
    5.0182763487e+02    4.9298397765e+02   -4.1767533818e+04    5.6491072432e-01    4.2801126657e-01    4.4598124896e-01   -9.4354639432e-03   -7.2566854609e-03   -1.9453096382e-03    4.2499480645e+01    4.2498008492e+01    4.2497124998e+01
    4.9886515059e+02    4.9007370093e+02   -4.1764147956e+04    5.7650209347e-01    5.3414249452e-01    4.9362527751e-01    2.1465297156e-02    8.4264610745e-03    2.1758452489e-03    4.2499480645e+01    4.2498008492e+01    4.2497124998e+01
    4.9677016684e+02    4.8801563686e+02   -4.1762137238e+04    4.8987310936e-01    6.0284009405e-01    5.3738700595e-01   -1.8491334001e-03    2.4338969510e-02   -2.1452778530e-03    4.2499480645e+01    4.2498008492e+01    4.2497124998e+01
    5.0364753383e+02    4.9477180472e+02   -4.1768597178e+04    4.3943209996e-01    4.8571254940e-01    5.5339428537e-01    3.8280676906e-03    4.2097852953e-03    1.1126343245e-02    4.2499480645e+01    4.2498008492e+01    4.2497124998e+01
    4.9605421123e+02    4.8731229846e+02   -4.1761241453e+04    5.0683620407e-01    5.2372943055e-01    5.7464644527e-01    4.0248264611e-03    1.1500044433e-02   -1.0198347526e-02    4.2499480645e+01    4.2498008492e+01    4.2497124998e+01
    4.9705481346e+02    4.8829526718e+02   -4.1762193109e+04    4.8417388012e-01    6.1210237975e-01    4.9435655779e-01    1.8073367060e-02    2.1194593719e-03    1.4467892418e-02    4.2499480645e+01    4.2498008492e+01    4.2497124998e+01
    5.0176926424e+02    4.9292663568e+02   -4.1766461501e+04    5.0492252781e-01    4.8872687822e-01    5.8211445470e-01   -4.4596311455e-03    5.9300424319e-03   -2.9038144003e-03    4.2499480645e+01    4.2498008492e+01    4.2497124998e+01
    5.0405553914e+02    4.9517261979e+02   -4.1768405047e+04    4.6457104135e-01    3.9679661847e-01    6.2293568482e-01   -1.0029517403e-02   -8.7775061100e-03    1.2696595821e-03    4.2499480645e+01    4.2498008492e+01    4.2497124998e+01
    4.9570569657e+02    4.8696992564e+02   -4.1760611532e+04    5.4922981509e-01    4.4356746311e-01    6.3216923501e-01    8.6550605680e-04   -5.1173619607e-03   -4.3910506517e-03    4.2499480645e+01    4.2498008492e+01    4.2497124998e+01
    4.9773608695e+02    4.8896453466e+02   -4.1762978716e+04    4.8629245427e-01    5.1153762846e-01    5.7812392302e-01    6.3765450413e-03   -1.7603040629e-03   -3.4658091365e-03    4.2499480645e+01    4.2498008492e+01    4.2497124998e+01
    4.9723197149e+02    4.8846930318e+02   -4.1761919263e+04    5.3791567740e-01    4.6065543279e-01    5.6417424277e-01    5.6511889665e-03   -2.2134016664e-04   -1.7885040414e-02    4.2499480645e+01    4.2498008492e+01    4.2497124998e+01
    4.9969854641e+02    4.9089240989e+02   -4.1764336448e+04    4.2839840231e-01    5.6747435990e-01    5.1587312296e-01    1.5831177736e-03    2.9319599216e-03    2.9791867117e-03    4.2499480645e+01    4.2498008492e+01    4.2497124998e+01
    5.0383974338e+02    4.9496062697e+02   -4.1769018087e+04    5.1720761653e-01    5.2303602801e-01    5.1255278348e-01    3.0817824993e-03    3.3819066027e-03    8.6968159428e-03    4.2499480645e+01    4.2498008492e+01    4.2497124998e+01
    4.9740336512e+02    4.8863767636e+02   -4.1761832681e+04    4.7619788370e-01    4.8308398749e-01    4.8268289826e-01    2.3068865392e-03    1.1719838700e-03    8.6601858493e-03    4.2499480645e+01    4.2498008492e+01    4.2497124998e+01
    4.9877773382e+02    4.8998782469e+02   -4.1763580517e+04    5.2294885005e-01    4.6761330779e-01    4.8565829277e-01   -7.8054601447e-03   -6.1802372051e-03   -8.4826728980e-03    4.2499480645e+01    4.2498008492e+01    4.2497124998e+01
    4.9861083960e+02    4.8982387163e+02   -4.1763396045e+04    4.7132171869e-01    5.6002510518e-01    4.5313847455e-01    6.6463080261e-03   -3.6853316134e-03   -2.9807591653e-03    4.2499480645e+01    4.2498008492e+01    4.2497124998e+01
    5.0154875566e+02    4.9271001310e+02   -4.1766375960e+04    5.3081988357e-01    5.2787675135e-01    5.6668508878e-01   -6.0365500723e-03    1.1737496206e-03   -1.7914013154e-02    4.2499480645e+01    4.2498008492e+01    4.2497124998e+01
    4.9741515996e+02    4.8864926334e+02   -4.1761957314e+04    5.3613051651e-01    5.6287715250e-01    4.8820020968e-01    6.8298888264e-03    9.1019244321e-03    1.3557014496e-02    4.2499480645e+01    4.2498008492e+01    4.2497124998e+01
    5.0373351477e+02    4.9485627042e+02   -4.1768653889e+04    4.8272404997e-01    5.4150993162e-01    4.6051538687e-01    6.3551144992e-03   -5.1989956554e-03    1.6832263432e-02    4.2499480645e+01    4.2498008492e+01    4.2497124998e+01
    4.9897352366e+02    4.9018016414e+02   -4.1763703692e+04    4.6167121943e-01    5.8501894019e-01    4.9689976127e-01    1.0424152472e-02    2.8136499918e-03    7.0276110901e-03    4.2499480645e+01    4.2498008492e+01    4.2497124998e+01
    5.0412960437e+02    4.9524537977e+02   -4.1768611600e+04    4.9573786111e-01    4.9225117484e-01    5.0510945641e-01    1.7030834795e-02    9.5559985052e-03    8.4639214345e-03    4.2499480645e+01    4.2498008492e+01    4.2497124998e+01
    5.0161680937e+02    4.9277686750e+02   -4.1766901576e+04    5.2806176284e-01    5.2593580810e-01    4.5900508719e-01    8.3891264735e-05    2.8349159165e-03    2.8985055389e-04    4.2499480645e+01    4.2498008492e+01    4.2497124998e+01
    5.0186978008e+02    4.9302538014e+02   -4.1766275397e+04    4.8000932142e-01    4.9930371149e-01    5.2678439714e-01    1.7468702344e-02   -5.9308544188e-03   -6.9130474193e-03    4.2499480645e+01    4.2498008492e+01    4.2497124998e+01
    4.9622987736e+02    4.8748486884e+02   -4.1761054003e+04    5.2986216344e-01    6.0443239659e-01    5.0196000747e-01    7.4307676120e-03   -9.3891643195e-03   -1.4909755516e-04    4.2499480645e+01    4.2498008492e+01    4.2497124998e+01
    4.9940542800e+02    4.9060445708e+02   -4.1764654191e+04    4.3975974593e-01    5.1563084474e-01    5.4154608276e-01   -8.0049301611e-03    7.3024473084e-03    2.2446178088e-03    4.2499480645e+01    4.2498008492e+01    4.2497124998e+01
    5.0077705629e+02    4.9195191330e+02   -4.1766066017e+04    5.4491739311e-01    4.9630832937e-01    4.9305381522e-01   -3.1175477610e-03    6.0861783262e-04    1.6959834842e-02    4.2499480645e+01    4.2498008492e+01    4.2497124998e+01
    4.9511270389e+02    4.8638738321e+02   -4.1760315954e+04    5.6161043407e-01    4.9746957072e-01    5.2679251762e-01   -8.4371094490e-03   -9.2840889902e-03   -6.3279574891e-03    4.2499480645e+01    4.2498008492e+01    4.2497124998e+01
    4.9302765438e+02    4.8433907832e+02   -4.1758327441e+04    5.5732336647e-01    5.5366958409e-01    5.6136633649e-01    1.7150071845e-02    3.8152301237e-04    3.8926467900e-03    4.2499480645e+01    4.2498008492e+01    4.2497124998e+01
    4.9847144699e+02    4.8968693553e+02   -4.1763971611e+04    4.9034892985e-01    5.4963554087e-01    4.5467474621e-01    1.3011283451e-02    5.0167450188e-03    3.4744818635e-03    4.2499480645e+01    4.2498008492e+01    4.2497124998e+01
    5.0353655317e+02    4.9466277986e+02   -4.1768275548e+04    4.6103054749e-01    4.7901891507e-01    5.1986035362e-01    2.1282443991e-03   -1.0444406359e-02    2.3220543720e-03    4.2499480645e+01    4.2498008492e+01    4.2497124998e+01
    4.9460645031e+02    4.8589005129e+02   -4.1759584579e+04    5.0158393430e-01    6.4955998642e-01    5.1963327594e-01   -9.5400328881e-03   -4.5988025946e-03    8.6483186096e-03    4.2499480645e+01    4.2498008492e+01    4.2497124998e+01
    5.0086692675e+02    4.9204019998e+02   -4.1765689204e+04    4.6464707696e-01    5.0765038192e-01    5.6110161213e-01    3.1196227329e-03   -5.8198931302e-03   -2.8952416329e-03    4.2499480645e+01    4.2498008492e+01    4.2497124998e+01
    5.0131985841e+02    4.9248514968e+02   -4.1766351479e+04    5.0836788929e-01    5.3879834585e-01    5.0330343826e-01   -9.7292338963e-03    1.8066542828e-03    2.3378224140e-03    4.2499480645e+01    4.2498008492e+01    4.2497124998e+01
    4.9774653069e+02    4.8897479435e+02   -4.1762726282e+04    5.2033286510e-01    5.5795591900e-01    5.1457298719e-01    4.4699263791e-03    7.5087303365e-03   -4.7041216585e-03    4.2499480645e+01    4.2498008492e+01    4.2497124998e+01
    5.0287130948e+02    4.9400925969e+02   -4.1767744421e+04    4.7069603754e-01    5.1053821307e-01    4.7453587925e-01    6.2374634891e-03   -2.9225629598e-03    3.4369313626e-03    4.2499480645e+01    4.2498008492e+01    4.2497124998e+01
    4.9705778083e+02    4.8829818226e+02   -4.1762056527e+04    4.4313815420e-01    5.8675644197e-01    5.6241266431e-01   -8.0381307353e-03    6.8074536012e-03    3.9871190486e-03    4.2499480645e+01    4.2498008492e+01    4.2497124998e+01
    4.9984724731e+02    4.9103849025e+02   -4.1764551774e+04    5.0512542575e-01    5.7870837736e-01    4.6918544958e-01   -7.2199095979e-03   -3.7337553294e-03   -4.0310649458e-03    4.2499480645e+01    4.2498008492e+01    4.2497124998e+01
    4.9777895700e+02    4.8900664921e+02   -4.1762995569e+04    5.6864877548e-01    5.8245194495e-01    4.7132061080e-01    4.2723512998e-03   -5.6200502747e-03    5.7864246757e-04    4.2499480645e+01    4.2498008492e+01    4.2497124998e+01
    5.0232871460e+02    4.9347622690e+02   -4.1767236452e+04    4.8519865032e-01    5.2320628869e-01    4.2319485128e-01   -7.4286202278e-03   -4.9091665721e-03    9.1460353659e-04    4.2499480645e+01    4.2498008492e+01    4.2497124998e+01
    4.9961804503e+02    4.9081332718e+02   -4.1764891918e+04    4.6649258572e-01    5.7700829303e-01    4.4523754829e-01    6.9781999375e-03   -1.7034974428e-02   -6.8014467559e-03    4.2499480645e+01    4.2498008492e+01    4.2497124998e+01
    5.0094623886e+02    4.9211811439e+02   -4.1765633599e+04    4.9472424165e-01    6.2103265281e-01    4.0563339623e-01    2.0568026746e-03   -7.7059592718e-03   -2.4021533147e-03    4.2499480645e+01    4.2498008492e+01    4.2497124998e+01
    5.0003960503e+02    4.9122745807e+02   -4.1764356333e+04    4.8431011827e-01    5.5300099152e-01    5.4393570850e-01    8.6829610579e-03   -1.1618563434e-02   -7.0665802745e-03    4.2499480645e+01    4.2498008492e+01    4.2497124998e+01
    4.9897670993e+02    4.9018329426e+02   -4.1763565564e+04    5.8971504882e-01    5.0050257890e-01    5.2431646041e-01   -7.1349606210e-04    1.3478016368e-02    3.6618920832e-03    4.2499480645e+01    4.2498008492e+01    4.2497124998e+01
    5.0267126133e+02    4.9381273697e+02   -4.1767384720e+04    4.5707817741e-01    5.1373575572e-01    5.1243977380e-01    1.7442927338e-04    1.0251457907e-02    5.0694191793e-03    4.2499480645e+01    4.2498008492e+01    4.2497124998e+01
    4.9931165047e+02    4.9051233218e+02   -4.1765151986e+04    5.0637608294e-01    5.3617137762e-01    4.6223872776e-01   -1.1217863094e-02    3.0034148320e-03    5.7058958766e-03    4.2499480645e+01    4.2498008492e+01    4.2497124998e+01
    5.0264058440e+02    4.9378260065e+02   -4.1767072621e+04    4.4256481944e-01    5.4555892405e-01    5.8458346536e-01    1.0923708167e-02   -2.2849590724e-02    5.5517718128e-03    4.2499480645e+01    4.2498008492e+01    4.2497124998e+01
    5.0106948150e+02    4.9223918514e+02   -4.1765784862e+04    4.7935986531e-01    5.9003762641e-01    4.7034921194e-01    4.7139717147e-03    7.9360886480e-03    2.9322222442e-03    4.2499480645e+01    4.2498008492e+01    4.2497124998e+01
    5.0003835254e+02    4.9122622766e+02   -4.1764667540e+04    4.8805452205e-01    5.7052615014e-01    4.8522802221e-01    1.0741304770e-02   -1.1391595807e-02   -1.0595472117e-02    4.2499480645e+01    4.2498008492e+01    4.2497124998e+01
    5.0227074450e+02    4.9341927840e+02   -4.1766708455e+04    5.2723283666e-01    5.3145493973e-01    5.1199704429e-01    6.9881048165e-03   -1.9905022180e-03   -7.0569417331e-03    4.2499480645e+01    4.2498008492e+01    4.2497124998e+01
    5.0611442447e+02    4.9719522159e+02   -4.1770653022e+04    5.2615517664e-01    4.9059554872e-01    5.0078285077e-01    6.1594886983e-03    1.0283844863e-04    1.2663445090e-02    4.2499480645e+01    4.2498008492e+01    4.2497124998e+01
    4.9360998000e+02    4.8491114167e+02   -4.1758480853e+04    5.8690567673e-01    5.6148856556e-01    5.1759406790e-01    6.3550590241e-03    6.6404865296e-03    3.1588946784e-03    4.2499480645e+01    4.2498008492e+01    4.2497124998e+01
    5.0468830424e+02    4.9579423374e+02   -4.1768947136e+04    5.2089310382e-01    4.8612108740e-01    4.7577963251e-01    1.6058921419e-03    6.2831934996e-03   -2.1729935139e-03    4.2499480645e+01    4.2498008492e+01    4.2497124998e+01
    4.9574785836e+02    4.8701134442e+02   -4.1761119442e+04    5.6682012990e-01    5.4520162804e-01    5.7509627889e-01    7.2684190270e-03    2.0640477319e-03   -2.5731911938e-04    4.2499480645e+01    4.2498008492e+01    4.2497124998e+01
    5.0291439659e+02    4.9405158748e+02   -4.1767513002e+04    4.5809483439e-01    4.7683334956e-01    5.1868232622e-01    1.3647618072e-02   -9.7693569548e-03   -6.6342637705e-03    4.2499480645e+01    4.2498008492e+01    4.2497124998e+01
    5.0380715254e+02    4.9492861048e+02   -4.1768338840e+04    5.2252496261e-01    5.6060651370e-01    4.4272159456e-01    1.6635977655e-02   -1.1348847552e-02    1.1281554341e-02    4.2499480645e+01    4.2498008492e+01    4.2497124998e+01
    5.0164339376e+02    4.9280298340e+02   -4.1766484605e+04    4.7237659803e-01    4.8578089193e-01    4.9807900377e-01   -2.3756864612e-03    2.6477143387e-04    1.2380853213e-02    4.2499480645e+01    4.2498008492e+01    4.2497124998e+01
    5.0144902318e+02    4.9261203819e+02   -4.1766330220e+04    4.2283995473e-01    5.6158070450e-01    4.5263869682e-01    1.6996427941e-02    9.3065819007e-04   -1.2668739072e-02    4.2499480645e+01    4.2498008492e+01    4.2497124998e+01
    4.9700279667e+02    4.8824416708e+02   -4.1761641080e+04    4.9767302232e-01    5.5962614142e-01    5.8642116770e-01    1.3593886751e-02    6.7704595117e-03    7.2089633013e-03    4.2499480645e+01    4.2498008492e+01    4.2497124998e+01
    5.0146541067e+02    4.9262813689e+02   -4.1766186725e+04    4.6023870051e-01    5.4814128359e-01    4.5455219773e-01   -1.3458803700e-02   -3.8878169364e-04   -6.1129285956e-03    4.2499480645e+01    4.2498008492e+01    4.2497124998e+01
    4.9754389761e+02    4.8877573225e+02   -4.1762580051e+04    5.1226786835e-01    4.9822912057e-01    5.1914016000e-01    1.2624092000e-02   -5.2876201523e-03    1.1982544484e-02    4.2499480645e+01    4.2498008492e+01    4.2497124998e+01
    4.9521698230e+02    4.8648982393e+02   -4.1759897785e+04    4.9744089536e-01    6.1013486346e-01    5.7972746213e-01   -8.3477771383e-04    8.0989117644e-03    3.5464378909e-04    4.2499480645e+01    4.2498008492e+01    4.2497124998e+01
    4.9912208876e+02    4.9032611110e+02   -4.1763690474e+04    4.3391705177e-01    5.7239536155e-01    5.3956195839e-01    1.4764604235e-02    7.7500447517e-03    1.1646019862e-03    4.2499480645e+01    4.2498008492e+01    4.2497124998e+01
    4.9649578575e+02    4.8774609116e+02   -4.1761224475e+04    5.1895661888e-01    5.0092919411e-01    6.3153228918e-01    2.8684845680e-03   -5.0795924889e-03   -1.6145520077e-02    4.2499480645e+01    4.2498008492e+01    4.2497124998e+01
    5.0024731355e+02    4.9143150617e+02   -4.1765390263e+04    5.3038532424e-01    4.7883552362e-01    5.1485497891e-01    3.9043526353e-04    2.1410647270e-03    3.7294948191e-03    4.2499480645e+01    4.2498008492e+01    4.2497124998e+01
