-0.498 -1.08957 -0.593916
-0.496 -1.35956 -0.666677
-0.494 -1.6394 -0.744827
-0.492 -1.92528 -0.826943
-0.49 -2.21273 -0.911443
-0.488 -2.49675 -0.996622
-0.486 -2.77193 -1.08069
-0.484 -3.03263 -1.16183
-0.482 -3.2732 -1.23822
-0.48 -3.48815 -1.30811
-0.478 -3.67234 -1.36983
-0.476 -3.82113 -1.42189
-0.474 -3.93062 -1.46296
-0.472 -3.9977 -1.49194
-0.47 -4.02026 -1.508
-0.468 -3.99725 -1.51059
-0.466 -3.92879 -1.49943
-0.464 -3.81617 -1.47459
-0.462 -3.66192 -1.43642
-0.46 -3.46971 -1.38558
-0.458 -3.2443 -1.32299
-0.456 -2.99141 -1.24983
-0.454 -2.71754 -1.16751
-0.452 -2.42976 -1.07758
-0.45 -2.13551 -0.981744
-0.448 -1.84231 -0.881755
-0.446 -1.55752 -0.77939
-0.444 -1.28812 -0.676389
-0.442 -1.0404 -0.574402
-0.44 -0.819832 -0.474946
-0.438 -0.630815 -0.379364
-0.436 -0.476574 -0.288792
-0.434 -0.359042 -0.204133
-0.432 -0.278803 -0.126044
-0.43 -0.235083 -0.0549288
-0.428 -0.225778 0.00906217
-0.426 -0.247534 0.0660148
-0.424 -0.295875 0.116231
-0.422 -0.365363 0.1602
-0.42 -0.449806 0.198556
-0.418 -0.542498 0.232043
-0.416 -0.636477 0.261464
-0.414 -0.724807 0.287641
-0.412 -0.80085 0.31137
-0.41 -0.858534 0.333383
-0.408 -0.892589 0.354317
-0.406 -0.898756 0.374683
-0.404 -0.873945 0.39485
-0.402 -0.816348 0.415031
-0.4 -0.725506 0.435281
-0.398 -0.602311 0.455501
-0.396 -0.448975 0.475453
-0.394 -0.268937 0.494777
-0.392 -0.0667296 0.513027
-0.39 0.152192 0.529694
-0.388 0.381662 0.544255
-0.386 0.61505 0.5562
-0.384 0.845518 0.56508
-0.382 1.06631 0.570539
-0.38 1.27101 0.572352
-0.378 1.45386 0.570447
-0.376 1.60996 0.56493
-0.374 1.73553 0.556094
-0.372 1.82811 0.54442
-0.37 1.88664 0.530567
-0.368 1.91165 0.515352
-0.366 1.90521 0.499721
-0.364 1.87099 0.484706
-0.362 1.81408 0.471388
-0.36 1.74094 0.460839
-0.358 1.6591 0.45408
-0.356 1.57691 0.452022
-0.354 1.50321 0.455425
-0.352 1.44697 0.464848
-0.35 1.41688 0.48061
-0.348 1.42097 0.502758
-0.346 1.46618 0.531037
-0.344 1.55804 0.564873
-0.342 1.70034 0.60336
-0.34 1.89483 0.645267
-0.338 2.14108 0.689045
-0.336 2.43634 0.732861
-0.334 2.77556 0.774629
-0.332 3.1514 0.812074
-0.33 3.55444 0.842788
-0.328 3.97341 0.864313
-0.326 4.39551 0.874228
-0.324 4.80677 0.870237
-0.322 5.19255 0.850266
-0.32 5.53802 0.812554
-0.318 5.82866 0.75574
-0.316 6.05085 0.678937
-0.314 6.19234 0.581805
-0.312 6.2428 0.464593
-0.31 6.19426 0.328175
-0.308 6.04148 0.174058
-0.306 5.78221 0.00437493
-0.304 5.41746 -0.178157
-0.302 4.9515 -0.370289
-0.3 4.39187 -0.568331
-0.298 3.74916 -0.768246
-0.296 3.0368 -0.965776
-0.294 2.27061 -1.15658
-0.292 1.46831 -1.33635
-0.29 0.648956 -1.50102
-0.288 -0.167736 -1.64682
-0.286 -0.962049 -1.77052
-0.284 -1.71497 -1.86945
-0.282 -2.40888 -1.9417
-0.28 -3.02815 -1.98615
-0.278 -3.55977 -2.00256
-0.276 -3.99378 -1.99158
-0.274 -4.3237 -1.95476
-0.272 -4.54679 -1.8945
-0.27 -4.66418 -1.81399
-0.268 -4.68088 -1.71712
-0.266 -4.60564 -1.60831
-0.264 -4.45068 -1.49239
-0.262 -4.23128 -1.37442
-0.26 -3.96523 -1.25948
-0.258 -3.67218 -1.15251
-0.256 -3.37299 -1.05806
-0.254 -3.08885 -0.980181
-0.252 -2.84056 -0.922173
-0.25 -2.64767 -0.886494
-0.248 -2.52773 -0.874613
-0.246 -2.49558 -0.88692
-0.244 -2.56267 -0.922673
-0.242 -2.73656 -0.97998
-0.24 -3.02051 -1.05583
-0.238 -3.4132 -1.14614
-0.236 -3.90858 -1.24591
-0.234 -4.49596 -1.34929
-0.232 -5.16014 -1.44987
-0.23 -5.88179 -1.54078
-0.228 -6.63797 -1.61504
-0.226 -7.40271 -1.66573
-0.224 -8.14785 -1.68631
-0.222 -8.84383 -1.67086
-0.22 -9.46071 -1.61433
-0.218 -9.96907 -1.5128
-0.216 -10.3411 -1.36364
-0.214 -10.5516 -1.16567
-0.212 -10.5787 -0.919325
-0.21 -10.4052 -0.626632
-0.208 -10.0187 -0.291263
-0.206 -9.41257 0.0815465
-0.204 -8.58639 0.485108
-0.202 -7.54592 0.911455
-0.2 -6.30319 1.35157
-0.198 -4.87626 1.79565
-0.196 -3.28872 2.2334
-0.194 -1.56905 2.65438
-0.192 0.250274 3.04832
-0.19 2.13369 3.4055
-0.188 4.04372 3.71703
-0.186 5.94205 3.97518
-0.184 7.79077 4.17367
-0.182 9.55342 4.30787
-0.18 11.1962 4.37494
-0.178 12.6886 4.37402
-0.176 14.0049 4.30619
-0.174 15.1239 4.17449
-0.172 16.0304 3.98383
-0.17 16.7147 3.74082
-0.168 17.1731 3.45356
-0.166 17.4078 3.13137
-0.164 17.4266 2.78448
-0.162 17.2423 2.42365
-0.16 16.8722 2.05981
-0.158 16.3374 1.70368
-0.156 15.6618 1.36536
-0.154 14.8712 1.05398
-0.152 13.9923 0.777346
-0.15 13.052 0.541671
-0.148 12.0759 0.351326
-0.146 11.0876 0.208676
-0.144 10.1084 0.113983
-0.142 9.15557 0.0653968
-0.14 8.24284 0.0590119
-0.138 7.37938 0.089017
-0.136 6.56984 0.147911
-0.134 5.81432 0.226791
-0.132 5.10855 0.315695
-0.13 4.44426 0.403996
-0.128 3.80972 0.48083
-0.126 3.19044 0.535541
-0.124 2.57002 0.558131
-0.122 1.93105 0.539699
-0.12 1.25608 0.47285
-0.118 0.528685 0.352052
-0.116 -0.265605 0.173939
-0.114 -1.13835 -0.0624707
-0.112 -2.09741 -0.355641
-0.11 -3.14625 -0.701477
-0.108 -4.28347 -1.09339
-0.106 -5.5025 -1.52244
-0.104 -6.79154 -1.97762
-0.102 -8.13377 -2.44617
-0.1 -9.50768 -2.91403
-0.098 -10.8877 -3.36629
-0.096 -12.2452 -3.78773
-0.094 -13.5491 -4.16342
-0.092 -14.7671 -4.47925
-0.09 -15.8672 -4.7225
-0.088 -16.8184 -4.88238
-0.086 -17.5918 -4.95046
-0.084 -18.1623 -4.92112
-0.082 -18.5088 -4.79182
-0.08 -18.6153 -4.56326
-0.078 -18.4715 -4.23954
-0.076 -18.0729 -3.82803
-0.074 -17.4209 -3.33926
-0.072 -16.5226 -2.7866
-0.07 -15.3906 -2.18589
-0.068 -14.0422 -1.55492
-0.066 -12.4988 -0.912857
-0.064 -10.785 -0.279627
-0.062 -8.92792 0.32478
-0.06 -6.95639 0.881004
-0.058 -4.90008 1.371
-0.056 -2.78896 1.77871
-0.054 -0.652687 2.09065
-0.052 1.47978 2.29643
-0.05 3.58052 2.38921
-0.048 5.62293 2.36599
-0.046 7.58185 2.22779
-0.044 9.43375 1.97974
-0.042 11.1569 1.63095
-0.04 12.7313 1.19431
-0.038 14.1393 0.686096
-0.036 15.3651 0.125517
-0.034 16.3955 -0.465935
-0.032 17.2196 -1.06518
-0.03 17.8288 -1.64837
-0.028 18.2171 -2.19167
-0.026 18.3808 -2.67224
-0.024 18.3184 -3.06902
-0.022 18.0308 -3.36358
-0.02 17.5217 -3.54091
-0.018 16.797 -3.59003
-0.016 15.8659 -3.50451
-0.014 14.7406 -3.28281
-0.012 13.4365 -2.92847
-0.01 11.9717 -2.45001
-0.008 10.3669 -1.86075
-0.006 8.64412 -1.17831
-0.004 6.82625 -0.424023
-0.002 4.93645 0.377873
0 2.99785 1.20115
0.002 1.0337 2.01861
0.004 -0.932333 2.80312
0.006 -2.87582 3.52872
0.008 -4.77144 4.17156
0.01 -6.59329 4.7109
0.012 -8.31548 5.1298
0.014 -9.91297 5.41582
0.016 -11.3624 5.56139
0.018 -12.6427 5.5641
0.02 -13.7354 5.42667
0.022 -14.625 5.15681
0.024 -15.2987 4.76684
0.026 -15.7464 4.27316
0.028 -15.9606 3.6956
0.03 -15.9365 3.0566
0.032 -15.6723 2.38035
0.034 -15.1688 1.69193
0.036 -14.4304 1.01639
0.038 -13.4645 0.377836
0.04 -12.2818 -0.201324
0.042 -10.8964 -0.701165
0.044 -9.32534 -1.10486
0.046 -7.58882 -1.39919
0.048 -5.70966 -1.5749
0.05 -3.71326 -1.62699
0.052 -1.62735 -1.55472
0.054 0.518282 -1.36158
0.056 2.69207 -1.05511
0.058 4.86101 -0.646523
0.06 6.99113 -0.150252
0.062 9.04803 0.416583
0.064 10.9976 1.03482
0.066 12.8067 1.68396
0.068 14.4442 2.34283
0.07 15.8816 2.99036
0.072 17.094 3.60629
0.074 18.0613 4.17178
0.076 18.7684 4.67006
0.078 19.2059 5.08691
0.08 19.371 5.4111
0.082 19.2671 5.63467
0.084 18.904 5.75312
0.086 18.2974 5.76543
0.088 17.4687 5.67404
0.09 16.4441 5.48459
0.092 15.2532 5.20567
0.094 13.9287 4.84837
0.096 12.5046 4.42588
0.098 11.0151 3.95288
0.1 9.49372 3.44501
0.102 7.97182 2.91829
0.104 6.47774 2.38851
0.106 5.03594 1.8707
0.108 3.6663 1.37864
0.11 2.38369 0.924352
0.112 1.19768 0.51779
0.114 0.11252 0.166523
0.116 -0.872632 -0.124445
0.118 -1.76335 -0.352764
0.12 -2.56933 -0.518722
0.122 -3.30367 -0.625135
0.124 -3.98195 -0.677145
0.126 -4.62133 -0.681929
0.128 -5.2395 -0.648352
0.13 -5.8537 -0.58655
0.132 -6.47974 -0.50749
0.134 -7.13113 -0.422497
0.136 -7.81824 -0.342791
0.138 -8.54775 -0.279026
0.14 -9.3221 -0.240867
0.142 -10.1392 -0.236617
0.144 -10.9925 -0.272891
0.146 -11.8707 -0.354377
0.148 -12.7584 -0.483661
0.15 -13.6367 -0.661137
0.152 -14.4834 -0.885009
0.154 -15.2741 -1.15136
0.156 -15.9832 -1.45433
0.158 -16.5848 -1.78631
0.16 -17.0536 -2.13826
0.162 -17.3661 -2.50004
0.164 -17.5017 -2.86077
0.166 -17.4431 -3.20927
0.168 -17.1777 -3.53444
0.17 -16.6978 -3.82565
0.172 -16.0012 -4.07317
0.174 -15.0915 -4.26848
0.176 -13.978 -4.40455
0.178 -12.6759 -4.47613
0.18 -11.2056 -4.4799
0.182 -9.59241 -4.41457
0.184 -7.86584 -4.28091
0.186 -6.05865 -4.08172
0.188 -4.20599 -3.82171
0.19 -2.34435 -3.5073
0.192 -0.510432 -3.14642
0.194 1.2599 -2.74823
0.196 2.93274 -2.32277
0.198 4.47708 -1.88063
0.2 5.86579 -1.43263
0.202 7.07637 -0.989425
0.204 8.09152 -0.561206
0.206 8.89963 -0.15735
0.208 9.49502 0.213833
0.21 9.87795 0.545342
0.212 10.0545 0.831666
0.214 10.0361 1.06891
0.216 9.83936 1.25487
0.218 9.48494 1.38903
0.22 8.99711 1.47253
0.222 8.40275 1.50805
0.224 7.73038 1.49969
0.226 7.00924 1.45272
0.228 6.26824 1.37341
0.23 5.53504 1.26872
0.232 4.83516 1.14609
0.234 4.19116 1.0131
0.236 3.62199 0.877234
0.238 3.14245 0.745597
0.24 2.76282 0.624688
0.242 2.48868 0.520182
0.244 2.32087 0.436758
0.246 2.25567 0.377967
0.248 2.28505 0.34615
0.25 2.39719 0.342391
0.252 2.57702 0.366533
0.254 2.80689 0.417225
0.256 3.06733 0.492018
0.258 3.33786 0.587491
0.26 3.59779 0.699417
0.262 3.82699 0.822938
0.264 4.0067 0.952768
0.266 4.12018 1.08339
0.268 4.15333 1.20929
0.27 4.09522 1.3251
0.272 3.93841 1.42587
0.274 3.67921 1.50714
0.276 3.3178 1.56519
0.278 2.85815 1.59704
0.28 2.30783 1.60066
0.282 1.6777 1.57491
0.284 0.981418 1.51962
0.286 0.234964 1.43556
0.288 -0.54402 1.32441
0.29 -1.33687 1.18864
0.292 -2.12455 1.03146
0.294 -2.88835 0.856669
0.296 -3.61048 0.668507
0.298 -4.27466 0.471533
0.3 -4.86662 0.270448
0.302 -5.37456 0.069942
0.304 -5.78939 -0.125459
0.306 -6.10506 -0.311537
0.308 -6.31856 -0.484506
0.31 -6.43 -0.641125
0.312 -6.44246 -0.778776
0.314 -6.3618 -0.895532
0.316 -6.19634 -0.990188
0.318 -5.95652 -1.06227
0.32 -5.65445 -1.112
0.322 -5.30344 -1.14029
0.324 -4.91753 -1.14865
0.326 -4.51099 -1.13912
0.328 -4.0978 -1.11414
0.33 -3.69123 -1.07651
0.332 -3.30343 -1.02923
0.334 -2.94501 -0.975369
0.336 -2.62483 -0.918011
0.338 -2.34971 -0.860098
0.34 -2.12431 -0.804354
0.342 -1.95105 -0.753195
0.344 -1.83016 -0.708661
0.346 -1.75974 -0.672363
0.348 -1.73596 -0.645449
0.35 -1.75329 -0.628591
0.352 -1.80482 -0.621985
0.354 -1.88257 -0.625374
0.356 -1.97789 -0.638084
0.358 -2.08181 -0.659073
0.36 -2.18541 -0.686991
0.362 -2.28022 -0.720252
0.364 -2.35848 -0.757108
0.366 -2.41346 -0.79573
0.368 -2.43968 -0.834281
0.37 -2.43304 -0.870995
0.372 -2.39096 -0.904241
0.374 -2.31243 -0.932588
0.376 -2.19794 -0.954845
0.378 -2.04943 -0.970102
0.38 -1.8702 -0.977745
0.382 -1.66466 -0.977468
0.384 -1.4382 -0.969265
0.386 -1.19687 -0.953409
0.388 -0.947189 -0.930427
0.39 -0.695854 -0.901066
0.392 -0.449465 -0.866244
0.394 -0.214282 -0.827009
0.396 0.00400741 -0.784486
0.398 0.200489 -0.739826
0.4 0.37119 -0.694158
0.402 0.513206 -0.648532
0.404 0.62479 -0.603882
0.406 0.705394 -0.560976
0.408 0.755683 -0.520393
0.41 0.777488 -0.48249
0.412 0.773736 -0.447396
0.414 0.74833 -0.415005
0.416 0.705995 -0.384986
0.418 0.652095 -0.356801
0.42 0.592426 -0.329736
0.422 0.532992 -0.302938
0.424 0.479777 -0.27546
0.426 0.43851 -0.246311
0.428 0.414446 -0.214512
0.43 0.412161 -0.179142
0.432 0.435372 -0.139396
0.434 0.486792 -0.0946232
0.436 0.568015 -0.0443683
0.438 0.679464 0.0115993
0.44 0.820371 0.0732663
0.442 0.988819 0.140365
0.444 1.18182 0.21237
0.446 1.39543 0.28851
0.448 1.62492 0.367781
0.45 1.86491 0.448969
0.452 2.10962 0.530687
0.454 2.35301 0.611405
0.456 2.589 0.6895
0.458 2.8117 0.763298
0.46 3.01554 0.831128
0.462 3.19545 0.891376
0.464 3.34703 0.942533
0.466 3.46664 0.983251
0.468 3.55148 1.01239
0.47 3.59969 1.02906
0.472 3.61031 1.03264
0.474 3.58331 1.02282
0.476 3.51957 0.999623
0.478 3.42075 0.963364
0.48 3.28924 0.914682
0.482 3.12805 0.854506
0.484 2.94066 0.784027
0.486 2.73093 0.704661
0.488 2.50289 0.618005
0.49 2.26065 0.525791
0.492 2.00825 0.429835
0.494 1.74952 0.331982
0.496 1.48797 0.234056
0.498 1.22668 0.137812
0.4 0.167198 0.182264
0.8 0.16863 0.183103
1.2 0.171 0.184486
1.6 0.174277 0.186389
2 0.178424 0.188782
2.4 0.183392 0.191623
2.8 0.189123 0.194865
3.2 0.19555 0.198455
3.6 0.2026 0.202333
4 0.210194 0.206435
4.4 0.218246 0.210693
4.8 0.226668 0.215038
5.2 0.23537 0.219399
5.6 0.244258 0.223704
6 0.253243 0.227885
6.4 0.262233 0.231874
6.8 0.271141 0.235606
7.2 0.279884 0.239023
7.6 0.288383 0.24207
8 0.296567 0.244699
8.4 0.304369 0.246867
8.8 0.311731 0.248541
9.2 0.318603 0.249691
9.6 0.324943 0.2503
10 0.330718 0.250353
10.4 0.335904 0.249847
10.8 0.340485 0.248785
11.2 0.344454 0.247175
11.6 0.347812 0.245033
12 0.350569 0.242383
12.4 0.352739 0.239251
12.8 0.354345 0.23567
13.2 0.355416 0.231675
13.6 0.355984 0.227307
14 0.356087 0.222608
14.4 0.355765 0.21762
14.8 0.35506 0.212389
15.2 0.354018 0.206958
15.6 0.352682 0.201373
16 0.351096 0.195677
16.4 0.349305 0.189911
16.8 0.347349 0.184115
17.2 0.345268 0.178325
17.6 0.343099 0.172577
18 0.340873 0.166901
18.4 0.338621 0.161324
18.8 0.336367 0.155873
19.2 0.334133 0.150568
19.6 0.331935 0.145427
20 0.329786 0.140464
20.4 0.327694 0.135692
20.8 0.325663 0.131119
21.2 0.323696 0.126752
21.6 0.321788 0.122594
22 0.319934 0.118647
22.4 0.318125 0.11491
22.8 0.316353 0.111381
23.2 0.314603 0.108056
23.6 0.312862 0.104931
24 0.311115 0.101999
24.4 0.309349 0.0992537
24.8 0.307547 0.0966876
25.2 0.305694 0.0942923
25.6 0.303777 0.0920591
26 0.301782 0.089979
26.4 0.299698 0.0880423
26.8 0.297514 0.0862395
27.2 0.29522 0.0845605
27.6 0.29281 0.0829948
28 0.290278 0.0815321
28.4 0.287621 0.0801616
28.8 0.284835 0.0788722
29.2 0.281921 0.0776528
29.6 0.278879 0.076492
30 0.275713 0.0753784
30.4 0.272425 0.0743003
30.8 0.269021 0.0732462
31.2 0.265506 0.0722046
31.6 0.261886 0.071164
32 0.258167 0.0701134
32.4 0.254357 0.0690419
32.8 0.250464 0.0679393
33.2 0.246492 0.0667959
33.6 0.242451 0.065603
34 0.238345 0.0643524
34.4 0.234182 0.0630372
34.8 0.229967 0.0616517
35.2 0.225704 0.0601913
35.6 0.221401 0.0586527
36 0.217059 0.0570344
36.4 0.212685 0.0553359
36.8 0.208281 0.0535587
37.2 0.203852 0.0517055
37.6 0.199402 0.0497809
38 0.194935 0.0477907
38.4 0.190454 0.0457423
38.8 0.185966 0.0436444
39.2 0.181475 0.0415072
39.6 0.176987 0.0393418
40 0.172511 0.0371603
40.4 0.168054 0.034976
40.8 0.163625 0.0328024
41.2 0.159235 0.0306538
41.6 0.154896 0.0285448
42 0.150621 0.0264902
42.4 0.146423 0.0245044
42.8 0.142318 0.022602
43.2 0.138322 0.020797
43.6 0.134452 0.0191027
44 0.130725 0.017532
44.4 0.127159 0.0160964
44.8 0.123772 0.014807
45.2 0.120583 0.0136733
45.6 0.117609 0.0127037
46 0.114866 0.0119054
46.4 0.112372 0.0112842
46.8 0.11014 0.0108443
47.2 0.108184 0.0105886
47.6 0.106515 0.0105184
48 0.105141 0.0106336
48.4 0.10407 0.0109327
48.8 0.103305 0.0114124
49.2 0.102849 0.0120684
49.6 0.102698 0.0128947
50 0.10285 0.0138841
50.4 0.103296 0.0150282
50.8 0.104027 0.0163171
51.2 0.105028 0.0177403
51.6 0.106286 0.019286
52 0.107781 0.0209414
52.4 0.109494 0.0226932
52.8 0.111402 0.0245272
53.2 0.113482 0.0264288
53.6 0.11571 0.0283829
54 0.118059 0.0303742
54.4 0.120504 0.0323871
54.8 0.12302 0.0344064
55.2 0.125582 0.0364166
55.6 0.128166 0.0384028
56 0.13075 0.0403506
56.4 0.133313 0.042246
56.8 0.135837 0.044076
57.2 0.138306 0.0458283
57.6 0.140707 0.0474918
58 0.143029 0.0490564
58.4 0.145266 0.0505133
58.8 0.147413 0.051855
59.2 0.14947 0.0530754
59.6 0.151439 0.0541699
60 0.153325 0.0551354
60.4 0.155135 0.0559701
60.8 0.15688 0.0566738
61.2 0.158572 0.0572478
61.6 0.160224 0.0576946
62 0.161852 0.0580182
62.4 0.163471 0.0582236
62.8 0.165097 0.0583168
63.2 0.166747 0.058305
63.6 0.168434 0.0581959
64 0.170174 0.057998
64.4 0.171978 0.05772
64.8 0.173857 0.0573711
65.2 0.175817 0.0569604
65.6 0.177863 0.056497
66 0.179997 0.0559897
66.4 0.182218 0.0554471
66.8 0.184519 0.0548768
67.2 0.186892 0.0542863
67.6 0.189324 0.0536819
68 0.1918 0.0530692
68.4 0.1943 0.052453
68.8 0.196803 0.0518372
69.2 0.199283 0.0512245
69.6 0.201713 0.0506171
70 0.204064 0.050016
70.4 0.206306 0.0494217
70.8 0.208407 0.0488337
71.2 0.210336 0.0482512
71.6 0.212061 0.0476727
72 0.213551 0.0470964
72.4 0.214777 0.0465204
72.8 0.215711 0.0459425
73.2 0.216328 0.0453607
73.6 0.216605 0.0447729
74 0.216523 0.0441777
74.4 0.216065 0.0435735
74.8 0.21522 0.0429597
75.2 0.213979 0.0423357
75.6 0.212339 0.0417017
76 0.210298 0.0410584
76.4 0.207861 0.0404071
76.8 0.205037 0.0397494
77.2 0.201837 0.0390876
77.6 0.198276 0.0384241
78 0.194375 0.0377619
78.4 0.190155 0.0371039
78.8 0.18564 0.0364532
79.2 0.180858 0.0358128
79.6 0.175838 0.0351855
80 0.17061 0.0345738
80.4 0.165204 0.0339796
80.8 0.159654 0.0334045
81.2 0.15399 0.0328491
81.6 0.148243 0.0323136
82 0.142445 0.0317971
82.4 0.136626 0.0312978
82.8 0.130812 0.0308134
83.2 0.125032 0.0303402
83.6 0.119309 0.0298741
84 0.113667 0.0294099
84.4 0.108126 0.028942
84.8 0.102705 0.0284639
85.2 0.097419 0.027969
85.6 0.0922825 0.0274502
86 0.0873073 0.0269002
86.4 0.0825028 0.0263121
86.8 0.0778767 0.0256788
87.2 0.0734349 0.024994
87.6 0.0691812 0.0242518
88 0.0651184 0.0234472
88.4 0.0612474 0.0225761
88.8 0.0575682 0.0216356
89.2 0.0540797 0.0206237
89.6 0.0507799 0.0195402
90 0.0476659 0.0183859
90.4 0.0447344 0.0171633
90.8 0.0419813 0.0158763
91.2 0.0394023 0.01453
91.6 0.0369925 0.0131311
92 0.0347469 0.0116876
92.4 0.0326601 0.0102086
92.8 0.0307264 0.00870417
93.2 0.0289399 0.00718537
93.6 0.0272944 0.00566387
94 0.0257835 0.00415182
94.4 0.0244004 0.00266162
94.8 0.023138 0.00120572
95.2 0.0219891 -0.00020361
95.6 0.0209459 -0.00155454
96 0.0200004 -0.00283583
96.4 0.0191445 -0.0040371
96.8 0.0183694 -0.00514895
97.2 0.0176665 -0.00616316
97.6 0.0170268 -0.00707284
98 0.0164412 -0.00787249
98.4 0.0159006 -0.00855815
98.8 0.0153961 -0.00912738
99.2 0.0149187 -0.00957936
99.6 0.0144601 -0.0099148
100 0.014012 -0.010136
100.4 0.0135668 -0.0102466
100.8 0.0131176 -0.0102517
101.2 0.0126581 -0.0101577
101.6 0.012183 -0.00997192
102 0.0116879 -0.00970275
102.4 0.0111694 -0.00935932
102.8 0.0106252 -0.00895133
103.2 0.010054 -0.00848889
103.6 0.00945588 -0.00798231
104 0.00883181 -0.00744192
104.4 0.00818397 -0.00687791
104.8 0.00751553 -0.00630011
105.2 0.00683066 -0.00571789
105.6 0.00613435 -0.00514
106 0.00543234 -0.00457444
106.4 0.00473097 -0.00402836
106.8 0.00403706 -0.00350801
107.2 0.00335768 -0.00301865
107.6 0.00270005 -0.00256453
108 0.00207133 -0.00214888
108.4 0.00147848 -0.00177394
108.8 0.00092807 -0.00144096
109.2 0.000426129 -0.00115025
109.6 -2.1982e-05 -0.000901289
110 -0.000411708 -0.000692744
110.4 -0.000739402 -0.000522607
110.8 -0.00100242 -0.000388277
111.2 -0.00119916 -0.000286665
111.6 -0.00132913 -0.000214307
112 -0.00139294 -0.00016747
112.4 -0.0013923 -0.000142265
112.8 -0.00132996 -0.00013474
113.2 -0.00120968 -0.000140988
113.6 -0.00103613 -0.000157225
114 -0.000814788 -0.000179874
114.4 -0.000551829 -0.000205632
114.8 -0.000253983 -0.000231522
115.2 7.15992e-05 -0.000254939
115.6 0.000417497 -0.000273681
116 0.00077617 -0.000285963
116.4 0.00114011 -0.000290431
116.8 0.00150199 -0.000286151
117.2 0.0018548 -0.000272596
117.6 0.00219196 -0.000249624
118 0.00250746 -0.000217447
118.4 0.00279597 -0.00017659
118.8 0.00305285 -0.000127852
119.2 0.00327432 -7.22589e-05
119.6 0.00345741 -1.10167e-05
120 0.00360002 5.45379e-05
120.4 0.00370095 0.000122984
120.8 0.00375985 0.000192862
121.2 0.00377718 0.000262716
121.6 0.0037542 0.000331133
122 0.00369288 0.000396776
122.4 0.00359583 0.000458414
122.8 0.00346619 0.000514945
123.2 0.0033076 0.000565415
123.6 0.00312404 0.000609029
124 0.00291974 0.000645162
124.4 0.00269911 0.000673356
124.8 0.0024666 0.000693324
125.2 0.00222664 0.000704939
125.6 0.00198353 0.000708226
126 0.00174138 0.000703349
126.4 0.00150402 0.000690598
126.8 0.00127494 0.000670367
127.2 0.00105727 0.000643144
127.6 0.000853692 0.000609487
128 0.00066647 0.000570011
128.4 0.000497396 0.000525368
128.8 0.000347805 0.000476231
129.2 0.000218572 0.000423283
129.6 0.000110135 0.000367199
130 2.25113e-05 0.000308642
130.4 -4.4666e-05 0.000248245
130.8 -9.21165e-05 0.000186615
131.2 -0.000120871 0.000124316
131.6 -0.000132231 6.18755e-05
132 -0.000127721 -2.23344e-07
132.4 -0.000109048 -6.154e-05
132.8 -7.80571e-05 -0.000121676
133.2 -3.66871e-05 -0.000180275
133.6 1.30652e-05 -0.000237018
134 6.9183e-05 -0.000291621
134.4 0.000129662 -0.000343836
134.8 0.000192537 -0.000393444
135.2 0.000255911 -0.000440255
135.6 0.000317971 -0.000484102
136 0.000377006 -0.000524847
136.4 0.000431421 -0.00056237
136.8 0.000479745 -0.000596577
137.2 0.000520642 -0.000627394
137.6 0.000552908 -0.000654769
138 0.000575478 -0.000678674
138.4 0.000587429 -0.000699104
138.8 0.000587972 -0.00071608
139.2 0.00057646 -0.000729646
139.6 0.000552379 -0.000739875
140 0.000515351 -0.000746868
140.4 0.000465131 -0.000750752
140.8 0.000401606 -0.000751681
141.2 0.000324796 -0.000749839
141.6 0.00023485 -0.000745431
142 0.000132046 -0.000738688
142.4 1.67946e-05 -0.000729862
142.8 -0.000110367 -0.000719219
143.2 -0.000248772 -0.00070704
143.6 -0.00039763 -0.000693614
144 -0.000556026 -0.000679232
144.4 -0.000722929 -0.000664186
144.8 -0.000897192 -0.000648755
145.2 -0.00107757 -0.00063321
145.6 -0.0012627 -0.0006178
146 -0.00145117 -0.000602751
146.4 -0.00164147 -0.00058826
146.8 -0.00183203 -0.000574491
147.2 -0.00202125 -0.000561573
147.6 -0.0022075 -0.000549595
148 -0.00238916 -0.000538607
148.4 -0.00256461 -0.000528617
148.8 -0.00273227 -0.000519592
149.2 -0.00289061 -0.000511461
149.6 -0.00303819 -0.000504116
150 -0.00317366 -0.000497417
150.4 -0.00329579 -0.000491191
150.8 -0.00340347 -0.000485246
151.2 -0.00349576 -0.000479367
151.6 -0.00357185 -0.00047333
152 -0.00363112 -0.000466904
152.4 -0.00367314 -0.000459858
152.8 -0.00369762 -0.000451968
153.2 -0.0037045 -0.000443026
153.6 -0.00369387 -0.000432842
154 -0.00366602 -0.000421249
154.4 -0.0036214 -0.000408113
154.8 -0.00356062 -0.000393333
155.2 -0.00348444 -0.000376845
155.6 -0.00339375 -0.000358622
156 -0.00328957 -0.000338682
156.4 -0.00317301 -0.000317079
156.8 -0.00304527 -0.00029391
157.2 -0.00290762 -0.000269308
157.6 -0.00276134 -0.000243443
158 -0.00260779 -0.000216513
158.4 -0.00244829 -0.000188749
158.8 -0.00228418 -0.000160399
159.2 -0.00211677 -0.000131732
159.6 -0.00194732 -0.000103026
160 -0.00177705 -7.4566e-05
160.4 -0.00160711 -4.66356e-05
160.8 -0.00143858 -1.95128e-05
161.2 -0.00127247 6.53637e-06
161.6 -0.0011097 3.12624e-05
162 -0.000951094 5.44376e-05
162.4 -0.000797395 7.58595e-05
162.8 -0.000649256 9.53545e-05
163.2 -0.000507243 0.000112781
163.6 -0.000371834 0.000128029
164 -0.000243426 0.000141025
164.4 -0.000122338 0.000151729
164.8 -8.81657e-06 0.000160136
165.2 9.6961e-05 0.000166271
165.6 0.000194879 0.000170194
166 0.000284877 0.000171991
166.4 0.000366949 0.000171773
166.8 0.000441134 0.000169676
167.2 0.000507511 0.000165853
167.6 0.000566198 0.000160471
168 0.000617345 0.000153711
168.4 0.000661132 0.000145757
168.8 0.000697764 0.000136801
169.2 0.00072747 0.00012703
169.6 0.000750499 0.000116633
170 0.00076712 0.000105787
170.4 0.000777616 9.4666e-05
170.8 0.000782287 8.34285e-05
171.2 0.000781445 7.22225e-05
171.6 0.000775412 6.11816e-05
172 0.00076452 5.04249e-05
172.4 0.000749111 4.00564e-05
172.8 0.00072953 3.01648e-05
173.2 0.000706128 2.08244e-05
173.6 0.000679256 1.20953e-05
174 0.000649267 4.02418e-06
174.4 0.00061651 -3.35413e-06
174.8 0.000581331 -1.00159e-05
175.2 0.000544068 -1.59472e-05
175.6 0.000505052 -2.11423e-05
176 0.000464602 -2.56028e-05
176.4 0.000423026 -2.9336e-05
176.8 0.000380616 -3.23542e-05
177.2 0.000337651 -3.46736e-05
177.6 0.000294391 -3.63135e-05
178 0.000251081 -3.72956e-05
178.4 0.000207948 -3.76433e-05
178.8 0.0001652 -3.73818e-05
179.2 0.00012303 -3.65379e-05
179.6 8.16118e-05 -3.51395e-05
180 4.11053e-05 -3.3216e-05
180.4 1.65405e-06 -3.07981e-05
180.8 -3.66115e-05 -2.79186e-05
181.2 -7.35735e-05 -2.4612e-05
181.6 -0.000109125 -2.09146e-05
182 -0.000143168 -1.68654e-05
182.4 -0.000175615 -1.25052e-05
182.8 -0.000206382 -7.8774e-06
183.2 -0.000235395 -3.02742e-06
183.6 -0.000262582 1.99725e-06
184 -0.000287878 7.14749e-06
184.4 -0.000311222 1.23729e-05
184.8 -0.000332556 1.76222e-05
185.2 -0.000351829 2.28441e-05
185.6 -0.000368995 2.79877e-05
186 -0.000384014 3.30032e-05
186.4 -0.000396853 3.7843e-05
186.8 -0.000407488 4.24616e-05
187.2 -0.000415904 4.68174e-05
187.6 -0.0004221 5.08722e-05
188 -0.000426083 5.45928e-05
188.4 -0.000427877 5.79505e-05
188.8 -0.000427519 6.09223e-05
189.2 -0.000425062 6.34904e-05
189.6 -0.000420575 6.56429e-05
190 -0.000414141 6.73733e-05
190.4 -0.000405863 6.86803e-05
190.8 -0.000395855 6.95681e-05
191.2 -0.000384249 7.00449e-05
191.6 -0.000371188 7.01235e-05
192 -0.000356827 6.98197e-05
192.4 -0.000341332 6.91525e-05
192.8 -0.000324875 6.81427e-05
193.2 -0.000307634 6.68124e-05
193.6 -0.00028979 6.51848e-05
194 -0.000271524 6.32828e-05
194.4 -0.000253014 6.11289e-05
194.8 -0.000234433 5.87447e-05
195.2 -0.000215946 5.61506e-05
195.6 -0.000197711 5.33651e-05
196 -0.00017987 5.04052e-05
196.4 -0.000162557 4.72863e-05
196.8 -0.000145886 4.40221e-05
197.2 -0.00012996 4.0625e-05
197.6 -0.000114863 3.71063e-05
198 -0.000100665 3.34769e-05
198.4 -8.74181e-05 2.97474e-05
198.8 -7.51612e-05 2.59287e-05
199.2 -6.39178e-05 2.20328e-05
199.6 -5.36985e-05 1.80728e-05
200 -4.45021e-05 1.40639e-05
200.4 -3.63178e-05 1.00231e-05
200.8 -2.9126e-05 5.97016e-06
201.2 -2.29011e-05 1.92732e-06
201.6 -1.76122e-05 -2.08045e-06
202 -1.32256e-05 -6.02561e-06
202.4 -9.70587e-06 -9.87821e-06
202.8 -7.01709e-06 -1.36063e-05
203.2 -5.12422e-06 -1.71764e-05
203.6 -3.99373e-06 -2.0554e-05
204 -3.59418e-06 -2.37045e-05
204.4 -3.89647e-06 -2.65937e-05
204.8 -4.87377e-06 -2.91888e-05
205.2 -6.50126e-06 -3.14594e-05
205.6 -8.75551e-06 -3.3378e-05
206 -1.16138e-05 -3.4921e-05
206.4 -1.50531e-05 -3.60696e-05
206.8 -1.90493e-05 -3.68103e-05
207.2 -2.35755e-05 -3.71355e-05
207.6 -2.86018e-05 -3.70441e-05
208 -3.40936e-05 -3.65411e-05
208.4 -4.00107e-05 -3.56388e-05
208.8 -4.6307e-05 -3.43556e-05
209.2 -5.29294e-05 -3.27165e-05
209.6 -5.98179e-05 -3.07522e-05
210 -6.69051e-05 -2.84988e-05
210.4 -7.41169e-05 -2.5997e-05
210.8 -8.13728e-05 -2.3291e-05
211.2 -8.85864e-05 -2.04276e-05
211.6 -9.5667e-05 -1.74557e-05
212 -0.000102521 -1.44241e-05
212.4 -0.000109052 -1.13815e-05
212.8 -0.000115166 -8.37481e-06
213.2 -0.000120767 -5.44815e-06
213.6 -0.000125767 -2.64211e-06
214 -0.000130081 7.19623e-09
214.4 -0.000133633 2.46884e-06
214.8 -0.000136354 4.71757e-06
215.2 -0.000138189 6.73424e-06
215.6 -0.000139094 8.50598e-06
216 -0.000139037 1.00262e-05
216.4 -0.000138002 1.12945e-05
216.8 -0.000135988 1.23162e-05
217.2 -0.000133007 1.31022e-05
217.6 -0.000129089 1.36677e-05
218 -0.000124277 1.40324e-05
218.4 -0.000118626 1.42188e-05
218.8 -0.000112206 1.4252e-05
219.2 -0.000105098 1.41583e-05
219.6 -9.73917e-05 1.39648e-05
220 -8.91849e-05 1.3698e-05
220.4 -8.05817e-05 1.33834e-05
220.8 -7.16902e-05 1.30446e-05
221.2 -6.26201e-05 1.27027e-05
221.6 -5.34813e-05 1.2376e-05
222 -4.43815e-05 1.2079e-05
222.4 -3.54242e-05 1.1823e-05
222.8 -2.67077e-05 1.16154e-05
223.2 -1.83227e-05 1.14599e-05
223.6 -1.03517e-05 1.13569e-05
224 -2.86752e-06 1.13034e-05
224.4 4.06722e-06 1.12937e-05
224.8 1.04009e-05 1.13198e-05
225.2 1.60929e-05 1.13718e-05
225.6 2.11139e-05 1.14386e-05
226 2.54454e-05 1.15085e-05
226.4 2.90797e-05 1.15699e-05
226.8 3.20186e-05 1.16115e-05
227.2 3.42734e-05 1.16231e-05
227.6 3.58635e-05 1.15959e-05
228 3.68155e-05 1.15231e-05
228.4 3.71623e-05 1.13998e-05
228.8 3.69418e-05 1.12233e-05
229.2 3.6196e-05 1.09933e-05
229.6 3.49699e-05 1.07116e-05
230 3.33104e-05 1.03821e-05
230.4 3.12657e-05 1.00108e-05
230.8 2.88841e-05 9.60496e-06
231.2 2.62136e-05 9.17314e-06
231.6 2.33013e-05 8.72468e-06
232 2.01927e-05 8.26925e-06
232.4 1.69315e-05 7.81641e-06
232.8 1.35592e-05 7.37524e-06
233.2 1.01154e-05 6.95384e-06
233.6 6.63698e-06 6.55909e-06
234 3.1586e-06 6.19628e-06
234.4 -2.87379e-07 5.86893e-06
234.8 -3.67088e-06 5.57865e-06
235.2 -6.96397e-06 5.32507e-06
235.6 -1.01408e-05 5.1059e-06
236 -1.31775e-05 4.91703e-06
236.4 -1.6052e-05 4.75271e-06
236.8 -1.87443e-05 4.60585e-06
237.2 -2.12359e-05 4.46831e-06
237.6 -2.35104e-05 4.33126e-06
238 -2.55533e-05 4.18558e-06
238.4 -2.73518e-05 4.02228e-06
238.8 -2.88953e-05 3.83287e-06
239.2 -3.01755e-05 3.60976e-06
239.6 -3.11862e-05 3.34657e-06
240 -3.19237e-05 3.03846e-06
240.4 -3.23868e-05 2.68232e-06
240.8 -3.2577e-05 2.27696e-06
241.2 -3.24984e-05 1.82318e-06
241.6 -3.2158e-05 1.32378e-06
242 -3.15653e-05 7.83463e-07
242.4 -3.07327e-05 2.08711e-07
242.8 -2.96749e-05 -3.92455e-07
243.2 -2.8409e-05 -1.01075e-06
243.6 -2.69544e-05 -1.63594e-06
244 -2.53323e-05 -2.25725e-06
244.4 -2.35654e-05 -2.86371e-06
244.8 -2.16777e-05 -3.44456e-06
245.2 -1.9694e-05 -3.98963e-06
245.6 -1.76395e-05 -4.48972e-06
246 -1.55396e-05 -4.9369e-06
246.4 -1.34192e-05 -5.32478e-06
246.8 -1.13026e-05 -5.64873e-06
247.2 -9.21275e-06 -5.90602e-06
247.6 -7.17151e-06 -6.09589e-06
248 -5.19889e-06 -6.21954e-06
248.4 -3.31295e-06 -6.28003e-06
248.8 -1.52968e-06 -6.28217e-06
249.2 1.37203e-07 -6.23227e-06
249.6 1.6763e-06 -6.1379e-06
250 3.07856e-06 -6.00754e-06
250.4 4.33723e-06 -5.85025e-06
250.8 5.44782e-06 -5.67532e-06
251.2 6.40795e-06 -5.4919e-06
251.6 7.21721e-06 -5.30863e-06
252 7.87702e-06 -5.13331e-06
252.4 8.39038e-06 -4.97262e-06
252.8 8.76173e-06 -4.83189e-06
253.2 8.99669e-06 -4.71488e-06
253.6 9.10192e-06 -4.62367e-06
254 9.08491e-06 -4.55864e-06
254.4 8.95381e-06 -4.51843e-06
254.8 8.71731e-06 -4.50008e-06
255.2 8.38449e-06 -4.49915e-06
255.6 7.96473e-06 -4.50994e-06
256 7.46767e-06 -4.52575e-06
256.4 6.90311e-06 -4.53918e-06
256.8 6.28101e-06 -4.54246e-06
257.2 5.61143e-06 -4.52778e-06
257.6 4.90459e-06 -4.48762e-06
258 4.17077e-06 -4.41514e-06
258.4 3.42039e-06 -4.30438e-06
258.8 2.66394e-06 -4.15063e-06
259.2 1.91195e-06 -3.95059e-06
259.6 1.17499e-06 -3.70253e-06
260 4.6356e-07 -3.40643e-06
260.4 -2.11962e-07 -3.06398e-06
260.8 -8.41441e-07 -2.67858e-06
261.2 -1.4151e-06 -2.25521e-06
261.6 -1.92368e-06 -1.80032e-06
262 -2.35858e-06 -1.32158e-06
262.4 -2.71203e-06 -8.27675e-07
262.8 -2.97726e-06 -3.27954e-07
263.2 -3.14872e-06 1.67839e-07
263.6 -3.22216e-06 6.49909e-07
264 -3.19484e-06 1.10873e-06
264.4 -3.06565e-06 1.53538e-06
264.8 -2.83518e-06 1.92181e-06
265.2 -2.50581e-06 2.26108e-06
265.6 -2.08168e-06 2.54764e-06
266 -1.56875e-06 2.77741e-06
266.4 -9.74664e-07 2.94795e-06
266.8 -3.0865e-07 3.05844e-06
267.2 4.18624e-07 3.10972e-06
267.6 1.19527e-06 3.10418e-06
268 2.00839e-06 3.04564e-06
268.4 2.84441e-06 2.93915e-06
268.8 3.6893e-06 2.79081e-06
269.2 4.52896e-06 2.60745e-06
269.6 5.34948e-06 2.39642e-06
270 6.1375e-06 2.16528e-06
270.4 6.8805e-06 1.92147e-06
270.8 7.56711e-06 1.6721e-06
271.2 8.18732e-06 1.42367e-06
271.6 8.73276e-06 1.18184e-06
272 9.19682e-06 9.51269e-07
272.4 9.5748e-06 7.35468e-07
272.8 9.86399e-06 5.36721e-07
273.2 1.00637e-05 3.56061e-07
273.6 1.0175e-05 1.93288e-07
274 1.02012e-05 4.70498e-08
274.4 1.0147e-05 -8.50384e-08
274.8 1.00187e-05 -2.06225e-07
275.2 9.82404e-06 -3.20422e-07
275.6 9.57162e-06 -4.31983e-07
276 9.27093e-06 -5.45457e-07
276.4 8.93191e-06 -6.65344e-07
276.8 8.5647e-06 -7.9585e-07
277.2 8.17937e-06 -9.40663e-07
277.6 7.78563e-06 -1.10275e-06
278 7.3926e-06 -1.28416e-06
278.4 7.00862e-06 -1.48595e-06
278.8 6.64106e-06 -1.70804e-06
279.2 6.29624e-06 -1.9492e-06
279.6 5.97929e-06 -2.20706e-06
280 5.69416e-06 -2.47816e-06
280.4 5.44365e-06 -2.75806e-06
280.8 5.22941e-06 -3.04151e-06
281.2 5.05209e-06 -3.32261e-06
281.6 4.91144e-06 -3.59502e-06
282 4.80646e-06 -3.85221e-06
282.4 4.73561e-06 -4.08771e-06
282.8 4.69695e-06 -4.29534e-06
283.2 4.68835e-06 -4.46944e-06
283.6 4.70764e-06 -4.60513e-06
284 4.75283e-06 -4.69844e-06
284.4 4.82217e-06 -4.74654e-06
284.8 4.91435e-06 -4.74779e-06
285.2 5.02852e-06 -4.70185e-06
285.6 5.16436e-06 -4.6097e-06
286 5.32206e-06 -4.47361e-06
286.4 5.50235e-06 -4.29706e-06
286.8 5.70637e-06 -4.08465e-06
287.2 5.93559e-06 -3.84191e-06
287.6 6.1917e-06 -3.57511e-06
288 6.47644e-06 -3.29108e-06
288.4 6.79143e-06 -2.99693e-06
288.8 7.138e-06 -2.69981e-06
289.2 7.51703e-06 -2.40669e-06
289.6 7.92874e-06 -2.12409e-06
290 8.37258e-06 -1.85789e-06
290.4 8.84709e-06 -1.61312e-06
290.8 9.34976e-06 -1.3938e-06
291.2 9.87703e-06 -1.20283e-06
291.6 1.04242e-05 -1.04193e-06
292 1.09856e-05 -9.11571e-07
292.4 1.15543e-05 -8.11023e-07
292.8 1.21226e-05 -7.38407e-07
293.2 1.26821e-05 -6.90803e-07
293.6 1.32235e-05 -6.64388e-07
294 1.37375e-05 -6.54616e-07
294.4 1.42142e-05 -6.56413e-07
294.8 1.4644e-05 -6.64397e-07
295.2 1.50178e-05 -6.73104e-07
295.6 1.53269e-05 -6.77206e-07
296 1.55633e-05 -6.71734e-07
296.4 1.57206e-05 -6.52271e-07
296.8 1.57931e-05 -6.15124e-07
297.2 1.5777e-05 -5.5747e-07
297.6 1.56698e-05 -4.77455e-07
298 1.5471e-05 -3.74265e-07
298.4 1.51816e-05 -2.48144e-07
298.8 1.48043e-05 -1.00372e-07
299.2 1.43437e-05 6.67878e-08
299.6 1.38058e-05 2.50198e-07
300 1.31981e-05 4.45974e-07
300.4 1.25293e-05 6.49651e-07
300.8 1.18091e-05 8.5636e-07
301.2 1.10481e-05 1.06104e-06
301.6 1.02571e-05 1.25861e-06
302 9.44756e-06 1.44421e-06
302.4 8.63056e-06 1.61337e-06
302.8 7.81699e-06 1.76219e-06
303.2 7.01715e-06 1.88746e-06
303.6 6.24052e-06 1.98685e-06
304 5.49558e-06 2.05891e-06
304.4 4.78964e-06 2.10319e-06
304.8 4.12869e-06 2.12019e-06
305.2 3.51733e-06 2.11137e-06
305.6 2.95875e-06 2.07909e-06
306 2.45469e-06 2.02645e-06
306.4 2.00553e-06 1.95722e-06
306.8 1.61034e-06 1.87567e-06
307.2 1.26701e-06 1.78638e-06
307.6 9.72431e-07 1.69406e-06
308 7.22612e-07 1.60338e-06
308.4 5.12909e-07 1.51876e-06
308.8 3.38213e-07 1.44423e-06
309.2 1.93148e-07 1.38326e-06
309.6 7.22681e-08 1.33861e-06
310 -2.97587e-08 1.31227e-06
310.4 -1.17984e-07 1.30538e-06
310.8 -1.97038e-07 1.31817e-06
311.2 -2.71011e-07 1.35001e-06
311.6 -3.43368e-07 1.39941e-06
312 -4.16893e-07 1.46411e-06
312.4 -4.93666e-07 1.54119e-06
312.8 -5.75069e-07 1.62721e-06
313.2 -6.61825e-07 1.71831e-06
313.6 -7.54055e-07 1.81044e-06
314 -8.51364e-07 1.8995e-06
314.4 -9.52943e-07 1.98149e-06
314.8 -1.05767e-06 2.05273e-06
315.2 -1.16426e-06 2.10997e-06
315.6 -1.27132e-06 2.15056e-06
316 -1.37753e-06 2.17251e-06
316.4 -1.48172e-06 2.17461e-06
316.8 -1.58294e-06 2.1565e-06
317.2 -1.68055e-06 2.1186e-06
317.6 -1.77429e-06 2.06217e-06
318 -1.86426e-06 1.98925e-06
318.4 -1.95096e-06 1.90252e-06
318.8 -2.03526e-06 1.80525e-06
319.2 -2.11836e-06 1.70114e-06
319.6 -2.20172e-06 1.59418e-06
320 -2.28699e-06 1.48845e-06
320.4 -2.37594e-06 1.38801e-06
320.8 -2.47032e-06 1.29671e-06
321.2 -2.57176e-06 1.21801e-06
321.6 -2.68173e-06 1.15488e-06
322 -2.80134e-06 1.10966e-06
322.4 -2.93136e-06 1.08395e-06
322.8 -3.07206e-06 1.07858e-06
323.2 -3.2232e-06 1.09354e-06
323.6 -3.38399e-06 1.12799e-06
324 -3.55306e-06 1.18031e-06
324.4 -3.72849e-06 1.24813e-06
324.8 -3.90783e-06 1.32845e-06
325.2 -4.08816e-06 1.41776e-06
325.6 -4.26615e-06 1.51213e-06
326 -4.4382e-06 1.60744e-06
326.4 -4.60048e-06 1.69945e-06
326.8 -4.7491e-06 1.78406e-06
327.2 -4.88022e-06 1.85741e-06
327.6 -4.99017e-06 1.91603e-06
328 -5.07559e-06 1.95702e-06
328.4 -5.13351e-06 1.97809e-06
328.8 -5.1615e-06 1.97774e-06
329.2 -5.15773e-06 1.95524e-06
329.6 -5.12102e-06 1.91069e-06
330 -5.05095e-06 1.84502e-06
330.4 -4.94781e-06 1.75992e-06
330.8 -4.81265e-06 1.65783e-06
331.2 -4.64723e-06 1.54179e-06
331.6 -4.45401e-06 1.41535e-06
332 -4.23603e-06 1.28242e-06
332.4 -3.99685e-06 1.14714e-06
332.8 -3.74045e-06 1.0137e-06
333.2 -3.47113e-06 8.8617e-07
333.6 -3.19334e-06 7.68381e-07
334 -2.91161e-06 6.63749e-07
334.4 -2.63039e-06 5.75163e-07
334.8 -2.35396e-06 5.04872e-07
335.2 -2.08628e-06 4.54405e-07
335.6 -1.83095e-06 4.24518e-07
336 -1.59107e-06 4.15174e-07
336.4 -1.36922e-06 4.25545e-07
336.8 -1.16742e-06 4.54057e-07
337.2 -9.87064e-07 4.98456e-07
337.6 -8.28973e-07 5.55897e-07
338 -6.93382e-07 6.23066e-07
338.4 -5.79987e-07 6.96308e-07
338.8 -4.88003e-07 7.71775e-07
339.2 -4.16226e-07 8.45576e-07
339.6 -3.63117e-07 9.13929e-07
340 -3.26884e-07 9.73309e-07
340.4 -3.05574e-07 1.02058e-06
340.8 -2.9716e-07 1.05312e-06
341.2 -2.99628e-07 1.06891e-06
341.6 -3.11053e-07 1.06662e-06
342 -3.29667e-07 1.04564e-06
342.4 -3.53918e-07 1.00611e-06
342.8 -3.82506e-07 9.48909e-07
343.2 -4.14415e-07 8.756e-07
343.6 -4.48919e-07 7.88376e-07
344 -4.85576e-07 6.89968e-07
344.4 -5.24211e-07 5.83529e-07
344.8 -5.64881e-07 4.72507e-07
345.2 -6.07827e-07 3.60512e-07
345.6 -6.53425e-07 2.5117e-07
346 -7.02123e-07 1.47983e-07
346.4 -7.54378e-07 5.41891e-08
346.8 -8.10595e-07 -2.73553e-08
347.2 -8.71067e-07 -9.42892e-08
347.6 -9.35919e-07 -1.44832e-07
348 -1.00507e-06 -1.77848e-07
348.4 -1.07818e-06 -1.92884e-07
348.8 -1.15465e-06 -1.90182e-07
349.2 -1.23362e-06 -1.7066e-07
349.6 -1.31395e-06 -1.35869e-07
350 -1.39423e-06 -8.79271e-08
350.4 -1.47288e-06 -2.94259e-08
350.8 -1.54811e-06 3.66742e-08
351.2 -1.61804e-06 1.07167e-07
351.6 -1.68073e-06 1.7873e-07
352 -1.73428e-06 2.48062e-07
352.4 -1.77685e-06 3.12007e-07
352.8 -1.80681e-06 3.6769e-07
353.2 -1.82272e-06 4.1262e-07
353.6 -1.82345e-06 4.44794e-07
354 -1.80823e-06 4.62769e-07
354.4 -1.77666e-06 4.65718e-07
354.8 -1.72878e-06 4.53459e-07
355.2 -1.66504e-06 4.26454e-07
355.6 -1.58634e-06 3.85793e-07
356 -1.49398e-06 3.33138e-07
356.4 -1.38964e-06 2.70658e-07
356.8 -1.27536e-06 2.00935e-07
357.2 -1.15344e-06 1.2686e-07
357.6 -1.0264e-06 5.15152e-08
358 -8.96888e-07 -2.1955e-08
358.4 -7.67606e-07 -9.04681e-08
358.8 -6.4123e-07 -1.51129e-07
359.2 -5.20323e-07 -2.01345e-07
359.6 -4.07253e-07 -2.38933e-07
360 -3.04125e-07 -2.62202e-07
360.4 -2.12718e-07 -2.70023e-07
360.8 -1.34431e-07 -2.61875e-07
361.2 -7.0249e-08 -2.37864e-07
361.6 -2.07155e-08 -1.98717e-07
362 1.40718e-08 -1.45759e-07
362.4 3.44549e-08 -8.08554e-08
362.8 4.11923e-08 -6.3416e-09
363.2 3.54221e-08 7.5068e-08
363.6 1.86124e-08 1.60386e-07
364 -7.49891e-09 2.46468e-07
364.4 -4.09723e-08 3.30134e-07
364.8 -7.97409e-08 4.08289e-07
365.2 -1.21687e-07 4.78043e-07
365.6 -1.64719e-07 5.36822e-07
366 -2.06845e-07 5.82461e-07
366.4 -2.4624e-07 6.13286e-07
366.8 -2.81309e-07 6.28175e-07
367.2 -3.10732e-07 6.266e-07
367.6 -3.33506e-07 6.08635e-07
368 -3.48968e-07 5.74956e-07
368.4 -3.56807e-07 5.26805e-07
368.8 -3.57061e-07 4.65939e-07
369.2 -3.50101e-07 3.94558e-07
369.6 -3.36602e-07 3.15216e-07
370 -3.17505e-07 2.30718e-07
370.4 -2.93967e-07 1.4401e-07
370.8 -2.67303e-07 5.80632e-08
371.2 -2.38931e-07 -2.42379e-08
371.6 -2.10301e-07 -1.0021e-07
372 -1.82842e-07 -1.67469e-07
372.4 -1.57891e-07 -2.24021e-07
372.8 -1.36651e-07 -2.68332e-07
373.2 -1.20131e-07 -2.99386e-07
373.6 -1.0912e-07 -3.16711e-07
374 -1.04151e-07 -3.20392e-07
374.4 -1.05488e-07 -3.11064e-07
374.8 -1.13123e-07 -2.8987e-07
375.2 -1.26781e-07 -2.58416e-07
375.6 -1.45942e-07 -2.18695e-07
376 -1.69868e-07 -1.73001e-07
376.4 -1.97642e-07 -1.23838e-07
376.8 -2.28214e-07 -7.38062e-08
377.2 -2.60451e-07 -2.55034e-08
377.6 -2.93189e-07 1.85862e-08
378 -3.25293e-07 5.61909e-08
378.4 -3.557e-07 8.53428e-08
378.8 -3.83477e-07 1.04456e-07
379.2 -4.07857e-07 1.1239e-07
379.6 -4.28279e-07 1.08491e-07
380 -4.44407e-07 9.26175e-08
380.4 -4.56153e-07 6.51429e-08
380.8 -4.63676e-07 2.69373e-08
381.2 -4.67377e-07 -2.06702e-08
381.6 -4.67882e-07 -7.59478e-08
382 -4.66014e-07 -1.36833e-07
382.4 -4.62758e-07 -2.01017e-07
382.8 -4.59214e-07 -2.66041e-07
383.2 -4.56553e-07 -3.29395e-07
383.6 -4.55958e-07 -3.88619e-07
384 -4.58575e-07 -4.41404e-07
384.4 -4.65457e-07 -4.85683e-07
384.8 -4.77512e-07 -5.19717e-07
385.2 -4.95463e-07 -5.4216e-07
385.6 -5.19807e-07 -5.52116e-07
386 -5.50783e-07 -5.49171e-07
386.4 -5.88358e-07 -5.33412e-07
386.8 -6.32214e-07 -5.05421e-07
387.2 -6.81752e-07 -4.66249e-07
387.6 -7.36106e-07 -4.1738e-07
388 -7.94166e-07 -3.60662e-07
388.4 -8.54612e-07 -2.9824e-07
388.8 -9.15959e-07 -2.32471e-07
389.2 -9.76603e-07 -1.65823e-07
389.6 -1.03488e-06 -1.00787e-07
390 -1.08912e-06 -3.97716e-08
390.4 -1.1377e-06 1.49892e-08
390.8 -1.17912e-06 6.15221e-08
391.2 -1.21204e-06 9.81926e-08
391.6 -1.23532e-06 1.23768e-07
392 -1.24809e-06 1.37462e-07
392.4 -1.24976e-06 1.38969e-07
392.8 -1.24003e-06 1.28467e-07
393.2 -1.21893e-06 1.06614e-07
393.6 -1.18681e-06 7.45181e-08
394 -1.1443e-06 3.36914e-08
394.4 -1.09233e-06 -1.40111e-08
394.8 -1.03208e-06 -6.64657e-08
395.2 -9.64914e-07 -1.21365e-07
395.6 -8.92379e-07 -1.76311e-07
396 -8.16116e-07 -2.28905e-07
396.4 -7.37818e-07 -2.7685e-07
396.8 -6.59171e-07 -3.18032e-07
397.2 -5.81797e-07 -3.50609e-07
397.6 -5.07203e-07 -3.7308e-07
398 -4.36731e-07 -3.84338e-07
398.4 -3.71521e-07 -3.8372e-07
398.8 -3.12474e-07 -3.71024e-07
399.2 -2.60234e-07 -3.46518e-07
399.6 -2.15173e-07 -3.10927e-07
400 -1.77386e-07 -2.65403e-07
