-0.498 1.10295 0.756211
-0.496 1.3435 0.78326
-0.494 1.53999 0.796014
-0.492 1.68373 0.793008
-0.49 1.76845 0.773331
-0.488 1.79054 0.736687
-0.486 1.74925 0.683435
-0.484 1.64669 0.614594
-0.482 1.48771 0.531818
-0.48 1.2797 0.437337
-0.478 1.03216 0.333878
-0.476 0.756314 0.224552
-0.474 0.4645 0.112726
-0.472 0.169633 0.00188533
-0.47 -0.115431 -0.104517
-0.468 -0.378493 -0.203209
-0.466 -0.60858 -0.291237
-0.464 -0.796445 -0.366092
-0.462 -0.93498 -0.425816
-0.46 -1.01952 -0.46908
-0.458 -1.04803 -0.495235
-0.456 -1.02116 -0.504329
-0.454 -0.942134 -0.497097
-0.452 -0.816593 -0.474909
-0.45 -0.652235 -0.4397
-0.448 -0.458407 -0.393869
-0.446 -0.245608 -0.340155
-0.444 -0.024943 -0.281504
-0.442 0.192453 -0.220926
-0.44 0.395971 -0.161347
-0.438 0.576062 -0.105479
-0.436 0.724697 -0.0556891
-0.434 0.835748 -0.013899
-0.432 0.905265 0.0184976
-0.43 0.931624 0.0406865
-0.428 0.915567 0.0524543
-0.426 0.860097 0.0541783
-0.424 0.770263 0.0467857
-0.422 0.652832 0.0316842
-0.42 0.515879 0.0106675
-0.418 0.368295 -0.0141979
-0.416 0.219265 -0.0407011
-0.414 0.0777321 -0.06662
-0.412 -0.0481277 -0.0898558
-0.41 -0.151381 -0.108559
-0.408 -0.226742 -0.121241
-0.406 -0.270889 -0.126866
-0.404 -0.282664 -0.124916
-0.402 -0.263155 -0.115427
-0.4 -0.215649 -0.0989951
-0.398 -0.145462 -0.0767461
-0.396 -0.0596491 -0.0502803
-0.394 0.0333874 -0.0215841
-0.392 0.124372 0.00708032
-0.39 0.20369 0.0333037
-0.388 0.26195 0.0546701
-0.386 0.290547 0.0689012
-0.384 0.2822 0.0739977
-0.382 0.231429 0.0683695
-0.38 0.134944 0.0509472
-0.378 -0.0080648 0.0212695
-0.376 -0.19577 -0.0204586
-0.374 -0.423678 -0.0733421
-0.372 -0.684741 -0.135807
-0.37 -0.969605 -0.205647
-0.368 -1.26699 -0.280103
-0.366 -1.56417 -0.35598
-0.364 -1.84754 -0.429777
-0.362 -2.10327 -0.497852
-0.36 -2.31796 -0.556587
-0.358 -2.47929 -0.602564
-0.356 -2.57667 -0.632735
-0.354 -2.60177 -0.644574
-0.352 -2.54901 -0.63622
-0.35 -2.4159 -0.606582
-0.348 -2.20322 -0.555415
-0.346 -1.91513 -0.483356
-0.344 -1.55897 -0.391927
-0.342 -1.14511 -0.283488
-0.34 -0.686452 -0.161159
-0.338 -0.197983 -0.0287019
-0.336 0.303902 0.109626
-0.334 0.802084 0.249244
-0.332 1.27946 0.385439
-0.33 1.7197 0.513559
-0.328 2.10793 0.62921
-0.326 2.43143 0.728441
-0.324 2.68015 0.807913
-0.322 2.84714 0.865038
-0.32 2.92887 0.898088
-0.318 2.92531 0.906265
-0.316 2.83993 0.889727
-0.314 2.67949 0.849576
-0.312 2.45367 0.787798
-0.31 2.17459 0.707171
-0.308 1.85624 0.61113
-0.306 1.51375 0.503608
-0.304 1.16266 0.388858
-0.302 0.818217 0.271258
-0.3 0.494612 0.155116
-0.298 0.20433 0.0444798
-0.296 -0.0424258 -0.057035
-0.294 -0.23818 -0.146396
-0.292 -0.378504 -0.221274
-0.29 -0.462168 -0.280125
-0.288 -0.49113 -0.322235
-0.286 -0.470373 -0.347719
-0.284 -0.407575 -0.35749
-0.282 -0.312651 -0.353174
-0.28 -0.197182 -0.337003
-0.278 -0.0737607 -0.31168
-0.276 0.0447146 -0.280216
-0.274 0.145757 -0.245762
-0.272 0.217988 -0.211435
-0.27 0.251769 -0.180155
-0.268 0.239753 -0.154485
-0.266 0.177304 -0.136507
-0.264 0.0627904 -0.127716
-0.262 -0.102293 -0.128951
-0.26 -0.313355 -0.140362
-0.258 -0.562902 -0.161418
-0.256 -0.84089 -0.190945
-0.254 -1.13521 -0.227204
-0.252 -1.4323 -0.268
-0.25 -1.7178 -0.31081
-0.248 -1.97732 -0.352932
-0.246 -2.1972 -0.391646
-0.244 -2.36522 -0.424372
-0.242 -2.47126 -0.448821
-0.24 -2.50796 -0.463133
-0.238 -2.47108 -0.465989
-0.236 -2.35989 -0.456698
-0.234 -2.17728 -0.435246
-0.232 -1.92971 -0.402309
-0.23 -1.62701 -0.359227
-0.228 -1.28201 -0.307945
-0.226 -0.909923 -0.250913
-0.224 -0.527706 -0.190957
-0.222 -0.15324 -0.131136
-0.22 0.195532 -0.0745665
-0.218 0.501497 -0.024255
-0.216 0.749249 0.0170763
-0.214 0.925893 0.0471495
-0.212 1.02176 0.0642716
-0.21 1.03097 0.0674467
-0.208 0.951817 0.0564553
-0.206 0.786971 0.0318928
-0.204 0.543453 -0.00483199
-0.202 0.232412 -0.0515426
-0.2 -0.131319 -0.10538
-0.198 -0.52984 -0.162928
-0.196 -0.942973 -0.220364
-0.194 -1.34917 -0.273642
-0.192 -1.72649 -0.318688
-0.19 -2.05365 -0.351597
-0.188 -2.31098 -0.368836
-0.186 -2.48142 -0.367425
-0.184 -2.55132 -0.345097
-0.182 -2.51112 -0.300436
-0.18 -2.35585 -0.23296
-0.178 -2.08546 -0.143179
-0.176 -1.70482 -0.0325994
-0.174 -1.22361 0.0963198
-0.172 -0.655958 0.240249
-0.17 -0.0198272 0.395113
-0.168 0.663694 0.556254
-0.166 1.37128 0.718618
-0.164 2.07837 0.876963
-0.162 2.76016 1.02607
-0.16 3.39265 1.16097
-0.158 3.95366 1.27713
-0.156 4.42374 1.37066
-0.154 4.78691 1.43845
-0.152 5.03134 1.4783
-0.15 5.14978 1.48898
-0.148 5.1398 1.47031
-0.146 5.00382 1.42309
-0.144 4.74895 1.34908
-0.142 4.38662 1.25088
-0.14 3.93199 1.13183
-0.138 3.40332 0.995808
-0.136 2.82105 0.847056
-0.134 2.20695 0.689994
-0.132 1.58318 0.529011
-0.13 0.971304 0.368278
-0.128 0.391418 0.211573
-0.126 -0.138665 0.0621387
-0.124 -0.604105 -0.0774358
-0.122 -0.99358 -0.205287
-0.12 -1.29965 -0.320312
-0.118 -1.51893 -0.422158
-0.116 -1.6521 -0.511174
-0.114 -1.70373 -0.588318
-0.112 -1.68188 -0.655045
-0.11 -1.59763 -0.713154
-0.108 -1.46445 -0.764633
-0.106 -1.29747 -0.811487
-0.104 -1.11273 -0.855578
-0.102 -0.926375 -0.89847
-0.1 -0.753885 -0.941298
-0.098 -0.609348 -0.984671
-0.096 -0.504813 -1.0286
-0.094 -0.449745 -1.07247
-0.092 -0.450612 -1.11507
-0.09 -0.51061 -1.15462
-0.088 -0.629542 -1.18888
-0.086 -0.80386 -1.21531
-0.084 -1.02686 -1.23114
-0.082 -1.28902 -1.23363
-0.08 -1.5785 -1.2202
-0.078 -1.88172 -1.18865
-0.076 -2.18406 -1.13727
-0.074 -2.47057 -1.06507
-0.072 -2.72679 -0.971825
-0.07 -2.93943 -0.858216
-0.068 -3.09709 -0.725829
-0.066 -3.19081 -0.577167
-0.064 -3.21457 -0.415586
-0.062 -3.16553 -0.245193
-0.06 -3.04421 -0.0707019
-0.058 -2.85434 0.102753
-0.056 -2.60268 0.269829
-0.054 -2.29856 0.425206
-0.052 -1.95339 0.563827
-0.05 -1.57994 0.681131
-0.048 -1.19171 0.773274
-0.046 -0.802167 0.837323
-0.044 -0.42405 0.871407
-0.042 -0.0687823 0.874831
-0.04 0.254063 0.84813
-0.038 0.537136 0.793071
-0.036 0.775537 0.712599
-0.034 0.966886 0.610725
-0.032 1.11123 0.492361
-0.03 1.21082 0.363112
-0.028 1.26974 0.229038
-0.026 1.29344 0.0963777
-0.024 1.28827 -0.0287283
-0.022 1.26091 -0.140518
-0.02 1.21792 -0.233875
-0.018 1.16524 -0.304569
-0.016 1.10785 -0.349453
-0.014 1.04958 -0.366618
-0.012 0.992907 -0.355486
-0.01 0.938988 -0.316839
-0.008 0.887749 -0.252791
-0.006 0.838047 -0.166688
-0.004 0.787903 -0.0629534
-0.002 0.734756 0.0531179
0 0.675741 0.175612
0.002 0.60818 0.298283
0.004 0.529152 0.414826
0.006 0.436481 0.5192
0.008 0.32874 0.605912
0.01 0.205498 0.670278
0.012 0.0675333 0.708646
0.014 -0.0829882 0.718573
0.016 -0.242405 0.698944
0.018 -0.405539 0.650025
0.02 -0.565788 0.573452
0.022 -0.715338 0.472161
0.024 -0.845491 0.350251
0.026 -0.947119 0.212796
0.028 -1.01119 0.0656152
0.03 -1.02934 -0.0849925
0.032 -0.994517 -0.23253
0.034 -0.901475 -0.370593
0.036 -0.747326 -0.49315
0.038 -0.531887 -0.594804
0.04 -0.257915 -0.671024
0.042 0.0688271 -0.718328
0.044 0.43969 -0.734422
0.046 0.843436 -0.718285
0.048 1.2667 -0.670184
0.05 1.69458 -0.591647
0.052 2.11138 -0.485367
0.054 2.50137 -0.355064
0.056 2.84961 -0.205297
0.058 3.14273 -0.0412532
0.06 3.36962 0.131495
0.062 3.52207 0.307237
0.064 3.59517 0.480375
0.066 3.58762 0.64565
0.068 3.50179 0.798358
0.07 3.34357 0.934518
0.072 3.12211 1.05101
0.074 2.84926 1.14566
0.076 2.53904 1.21728
0.078 2.20681 1.26563
0.08 1.86857 1.29142
0.082 1.54008 1.29613
0.084 1.2361 1.28194
0.086 0.96964 1.25151
0.088 0.751331 1.20784
0.09 0.58889 1.15407
0.092 0.486752 1.09327
0.094 0.445841 1.02828
0.096 0.463522 0.961568
0.098 0.533707 0.895104
0.1 0.647139 0.830257
0.102 0.791811 0.767759
0.104 0.95353 0.7077
0.106 1.11659 0.649557
0.108 1.26454 0.592271
0.11 1.38095 0.53435
0.112 1.45028 0.474005
0.114 1.45867 0.409299
0.116 1.39467 0.338313
0.118 1.24987 0.259305
0.12 1.0195 0.170866
0.122 0.702704 0.0720583
0.124 0.302801 -0.0374762
0.126 -0.172733 -0.157435
0.128 -0.712452 -0.286814
0.13 -1.30131 -0.423901
0.132 -1.92123 -0.566318
0.134 -2.55178 -0.711093
0.136 -3.17103 -0.854772
0.138 -3.75649 -0.993561
0.14 -4.28604 -1.12349
0.142 -4.73891 -1.24059
0.144 -5.09664 -1.34108
0.146 -5.34389 -1.42155
0.148 -5.46921 -1.47912
0.15 -5.46556 -1.51161
0.152 -5.33071 -1.51761
0.154 -5.06742 -1.49664
0.156 -4.68339 -1.44911
0.158 -4.19102 -1.3764
0.16 -3.60691 -1.28073
0.162 -2.95123 -1.16518
0.164 -2.2469 -1.03348
0.166 -1.51866 -0.889926
0.168 -0.792018 -0.739147
0.17 -0.0921822 -0.585955
0.172 0.556976 -0.435125
0.174 1.13394 -0.291201
0.176 1.62046 -0.158307
0.178 2.00229 -0.039983
0.18 2.26976 0.0609583
0.182 2.41819 0.142532
0.184 2.44798 0.203649
0.186 2.36457 0.244139
0.188 2.17811 0.26473
0.19 1.90291 0.266989
0.192 1.55678 0.253226
0.194 1.16014 0.226357
0.196 0.735043 0.189754
0.198 0.304144 0.147063
0.2 -0.110339 0.102025
0.202 -0.487646 0.0582901
0.204 -0.809403 0.0192437
0.206 -1.06042 -0.0121537
0.208 -1.22932 -0.0334968
0.21 -1.309 -0.043038
0.212 -1.29686 -0.0397534
0.214 -1.19478 -0.0233709
0.216 -1.00898 0.00564038
0.218 -0.749555 0.0461187
0.22 -0.429941 0.0962918
0.222 -0.0661542 0.153889
0.224 0.324036 0.216276
0.226 0.722007 0.280605
0.228 1.10921 0.343972
0.23 1.46805 0.403575
0.232 1.78274 0.456858
0.234 2.03997 0.501646
0.236 2.22955 0.536244
0.238 2.34474 0.559524
0.24 2.38255 0.570961
0.242 2.34372 0.57065
0.244 2.23263 0.559283
0.246 2.05694 0.538087
0.248 1.82712 0.50875
0.25 1.55588 0.473303
0.252 1.25742 0.433999
0.254 0.946723 0.393176
0.256 0.638738 0.353117
0.258 0.347636 0.315912
0.26 0.0860934 0.283337
0.262 -0.135329 0.256746
0.264 -0.308688 0.236989
0.266 -0.429024 0.224361
0.268 -0.494563 0.218577
0.27 -0.50676 0.218786
0.272 -0.47017 0.223612
0.274 -0.392163 0.231231
0.276 -0.282495 0.239468
0.278 -0.152754 0.245925
0.28 -0.0157193 0.248115
0.282 0.115344 0.243608
0.284 0.227418 0.230182
0.286 0.308444 0.205961
0.288 0.348 0.169538
0.29 0.337884 0.120084
0.292 0.272593 0.0574192
0.294 0.149666 -0.01794
0.296 -0.0301313 -0.10477
0.298 -0.26278 -0.201169
0.3 -0.54115 -0.304613
0.302 -0.855297 -0.412053
0.304 -1.19291 -0.520039
0.306 -1.53989 -0.624858
0.308 -1.88098 -0.722703
0.31 -2.20053 -0.809834
0.312 -2.48322 -0.882758
0.314 -2.71484 -0.938379
0.316 -2.88293 -0.974153
0.318 -2.97746 -0.988206
0.32 -2.99129 -0.979433
0.322 -2.92054 -0.947552
0.324 -2.76483 -0.893133
0.326 -2.52733 -0.817586
0.328 -2.21462 -0.723102
0.33 -1.83642 -0.612578
0.332 -1.4052 -0.489492
0.334 -0.935561 -0.357765
0.336 -0.443674 -0.221595
0.338 0.0534983 -0.0852929
0.34 0.538929 0.046902
0.342 0.996269 0.170989
0.344 1.41056 0.283363
0.346 1.76884 0.38096
0.348 2.06073 0.461363
0.35 2.27876 0.522888
0.352 2.41871 0.564632
0.354 2.47964 0.586487
0.356 2.46388 0.589112
0.358 2.37685 0.573884
0.36 2.22665 0.542802
0.362 2.02366 0.498378
0.364 1.77996 0.443502
0.366 1.50871 0.381295
0.368 1.22349 0.31496
0.37 0.937663 0.247624
0.372 0.663721 0.182203
0.374 0.412738 0.121274
0.376 0.193885 0.0669727
0.378 0.0140621 0.0209113
0.38 -0.122351 -0.0158648
0.382 -0.213601 -0.0428963
0.384 -0.260538 -0.060296
0.386 -0.266453 -0.0687045
0.388 -0.236798 -0.0692206
0.39 -0.178797 -0.0633089
0.392 -0.100974 -0.0526913
0.394 -0.012621 -0.039228
0.396 0.0767623 -0.0247948
0.398 0.158028 -0.0111639
0.4 0.222913 0.000105641
0.402 0.264511 0.00776223
0.404 0.277664 0.0109353
0.406 0.259249 0.00918446
0.408 0.208349 0.00252271
0.41 0.126299 -0.00858892
0.412 0.0165977 -0.023273
0.414 -0.115295 -0.0402929
0.416 -0.262279 -0.0581316
0.418 -0.416026 -0.0750879
0.42 -0.567459 -0.0893847
0.422 -0.707282 -0.0992833
0.424 -0.826518 -0.103198
0.426 -0.917042 -0.0998032
0.428 -0.97206 -0.0881298
0.43 -0.986523 -0.0676418
0.432 -0.957453 -0.0382928
0.434 -0.884155 -0.000555615
0.436 -0.768304 0.0445748
0.438 -0.613915 0.095607
0.44 -0.427176 0.150605
0.442 -0.216179 0.207267
0.444 0.00947014 0.263023
0.446 0.239109 0.315149
0.448 0.461547 0.360898
0.45 0.665626 0.397626
0.452 0.840779 0.422923
0.454 0.977581 0.434735
0.456 1.06823 0.431473
0.458 1.10698 0.412093
0.46 1.09042 0.376167
0.462 1.01775 0.323913
0.464 0.890789 0.256202
0.466 0.713973 0.174536
0.468 0.494162 0.0809898
0.47 0.240352 -0.0218631
0.472 -0.0367336 -0.131059
0.474 -0.325132 -0.243362
0.476 -0.612196 -0.3554
0.478 -0.885187 -0.463803
0.48 -1.13188 -0.565346
0.482 -1.34113 -0.657076
0.484 -1.50345 -0.736438
0.486 -1.61141 -0.801368
0.488 -1.66004 -0.850376
0.49 -1.64708 -0.882595
0.492 -1.57306 -0.897795
0.494 -1.44134 -0.896382
0.496 -1.2579 -0.879355
0.498 -1.03109 -0.84824
0.4 0.0166262 0.0144173
0.8 0.017138 0.0145612
1.2 0.0179856 0.0147987
1.6 0.0191608 0.0151263
2 0.0206525 0.0155394
2.4 0.0224464 0.016032
2.8 0.0245257 0.0165972
3.2 0.0268708 0.0172269
3.6 0.0294596 0.0179126
4 0.0322683 0.0186449
4.4 0.035271 0.0194142
4.8 0.0384401 0.0202104
5.2 0.0417472 0.0210236
5.6 0.0451627 0.0218439
6 0.0486566 0.0226618
6.4 0.0521987 0.0234683
6.8 0.0557588 0.0242548
7.2 0.0593071 0.0250139
7.6 0.0628148 0.0257389
8 0.0662538 0.026424
8.4 0.0695978 0.0270647
8.8 0.0728216 0.0276576
9.2 0.0759021 0.0282004
9.6 0.0788182 0.028692
10 0.0815509 0.0291324
10.4 0.0840837 0.029523
10.8 0.0864023 0.0298658
11.2 0.0884951 0.030164
11.6 0.090353 0.0304216
12 0.0919695 0.0306432
12.4 0.0933405 0.0308341
12.8 0.0944647 0.0310001
13.2 0.0953427 0.0311469
13.6 0.0959777 0.0312808
14 0.096375 0.0314078
14.4 0.0965417 0.0315336
14.8 0.0964868 0.0316639
15.2 0.0962209 0.0318036
15.6 0.0957558 0.0319573
16 0.0951046 0.0321288
16.4 0.0942812 0.0323211
16.8 0.0933004 0.0325364
17.2 0.0921772 0.0327759
17.6 0.090927 0.0330401
18 0.0895652 0.0333283
18.4 0.0881072 0.033639
18.8 0.0865679 0.0339698
19.2 0.0849617 0.0343173
19.6 0.0833025 0.0346775
20 0.0816033 0.0350454
20.4 0.0798762 0.0354155
20.8 0.0781325 0.0357816
21.2 0.0763823 0.0361372
21.6 0.0746348 0.0364753
22 0.0728978 0.0367887
22.4 0.0711782 0.0370701
22.8 0.069482 0.0373121
23.2 0.0678136 0.0375076
23.6 0.0661769 0.0376493
24 0.0645746 0.0377307
24.4 0.0630084 0.0377455
24.8 0.0614795 0.0376879
25.2 0.059988 0.0375526
25.6 0.0585335 0.0373353
26 0.0571152 0.037032
26.4 0.0557316 0.03664
26.8 0.0543809 0.0361571
27.2 0.053061 0.035582
27.6 0.0517696 0.0349144
28 0.0505043 0.034155
28.4 0.0492626 0.0333053
28.8 0.048042 0.0323677
29.2 0.04684 0.0313458
29.6 0.0456544 0.0302436
30 0.0444829 0.0290665
30.4 0.0433236 0.0278203
30.8 0.0421747 0.0265118
31.2 0.0410345 0.0251484
31.6 0.0399018 0.0237383
32 0.0387755 0.0222901
32.4 0.0376548 0.0208132
32.8 0.0365389 0.0193171
33.2 0.0354276 0.0178118
33.6 0.0343206 0.0163076
34 0.0332179 0.0148149
34.4 0.0321199 0.0133442
34.8 0.0310268 0.0119058
35.2 0.0299393 0.0105102
35.6 0.0288579 0.00916718
36 0.0277835 0.00788655
36.4 0.0267171 0.00667748
36.8 0.0256596 0.0055486
37.2 0.0246122 0.00450788
37.6 0.0235759 0.0035625
38 0.0225522 0.00271881
38.4 0.0215422 0.00198223
38.8 0.0205474 0.00135712
39.2 0.0195692 0.000846809
39.6 0.0186091 0.000453464
40 0.0176685 0.00017808
40.4 0.0167492 2.04453e-05
40.8 0.0158526 -2.088e-05
41.2 0.0149804 5.14397e-05
41.6 0.0141344 0.000233526
42 0.0133162 0.000520315
42.4 0.0125276 0.000905604
42.8 0.0117705 0.00138211
43.2 0.0110467 0.00194153
43.6 0.0103581 0.00257467
44 0.00970646 0.00327149
44.4 0.00909379 0.00402127
44.8 0.00852197 0.00481271
45.2 0.00799293 0.00563405
45.6 0.00750857 0.00647326
46 0.0070708 0.00731814
46.4 0.00668146 0.00815648
46.8 0.0063424 0.00897624
47.2 0.00605538 0.00976567
47.6 0.00582211 0.0105135
48 0.00564422 0.011209
48.4 0.00552322 0.0118422
48.8 0.00546054 0.0124039
49.2 0.00545743 0.0128861
49.6 0.00551501 0.0132817
50 0.00563421 0.0135846
50.4 0.00581578 0.0137903
50.8 0.00606023 0.0138953
51.2 0.00636782 0.0138975
51.6 0.00673856 0.013796
52 0.00717217 0.0135914
52.4 0.00766805 0.0132857
52.8 0.00822528 0.0128818
53.2 0.00884261 0.012384
53.6 0.0095184 0.0117979
54 0.0102507 0.0111299
54.4 0.011037 0.0103875
54.8 0.0118747 0.00957894
55.2 0.0127607 0.00871316
55.6 0.0136913 0.00779974
56 0.0146628 0.00684867
56.4 0.015671 0.00587024
56.8 0.0167114 0.00487488
57.2 0.0177791 0.00387304
57.6 0.0188692 0.00287505
58 0.0199765 0.00189096
58.4 0.0210955 0.000930439
58.8 0.0222208 2.63595e-06
59.2 0.0233471 -0.000883908
59.6 0.0244687 -0.00172137
60 0.0255804 -0.00250272
60.4 0.026677 -0.0032218
60.8 0.0277536 -0.00387337
61.2 0.0288056 -0.00445315
61.6 0.0298287 -0.00495783
62 0.0308192 -0.0053851
62.4 0.0317736 -0.00573363
62.8 0.0326893 -0.00600306
63.2 0.033564 -0.00619392
63.6 0.034396 -0.00630766
64 0.0351845 -0.00634649
64.4 0.035929 -0.00631341
64.8 0.0366299 -0.00621207
65.2 0.037288 -0.00604668
65.6 0.0379047 -0.00582196
66 0.0384821 -0.00554301
66.4 0.0390227 -0.00521523
66.8 0.0395293 -0.00484424
67.2 0.0400053 -0.00443573
67.6 0.0404541 -0.00399544
68 0.0408794 -0.00352902
68.4 0.0412851 -0.00304199
68.8 0.0416748 -0.00253965
69.2 0.0420522 -0.00202701
69.6 0.0424207 -0.00150876
70 0.0427834 -0.000989193
70.4 0.0431429 -0.000472217
70.8 0.0435014 3.87056e-05
71.2 0.0438606 0.000540551
71.6 0.0442214 0.00103074
72 0.0445842 0.00150714
72.4 0.0449484 0.00196804
72.8 0.0453131 0.00241211
73.2 0.0456763 0.0028384
73.6 0.0460354 0.00324631
74 0.0463872 0.00363551
74.4 0.0467278 0.00400592
74.8 0.0470527 0.00435768
75.2 0.0473569 0.00469108
75.6 0.0476351 0.00500653
76 0.0478816 0.00530451
76.4 0.0480905 0.00558556
76.8 0.0482561 0.0058502
77.2 0.0483724 0.00609893
77.6 0.0484338 0.00633221
78 0.048435 0.00655043
78.4 0.0483711 0.00675391
78.8 0.0482379 0.00694289
79.2 0.0480317 0.00711755
79.6 0.0477497 0.00727796
80 0.0473898 0.00742419
80.4 0.0469511 0.00755624
80.8 0.0464334 0.00767409
81.2 0.0458378 0.00777775
81.6 0.0451661 0.00786725
82 0.0444215 0.00794267
82.4 0.0436079 0.00800421
82.8 0.0427305 0.00805212
83.2 0.0417951 0.00808681
83.6 0.0408085 0.00810883
84 0.0397783 0.00811887
84.4 0.0387126 0.00811776
84.8 0.0376203 0.00810649
85.2 0.0365105 0.0080862
85.6 0.0353926 0.00805815
86 0.0342761 0.00802369
86.4 0.0331707 0.00798425
86.8 0.0320857 0.00794131
87.2 0.0310303 0.00789632
87.6 0.0300134 0.0078507
88 0.029043 0.00780578
88.4 0.0281269 0.00776273
88.8 0.0272718 0.00772253
89.2 0.0264838 0.00768593
89.6 0.025768 0.00765337
90 0.0251284 0.00762499
90.4 0.0245684 0.00760052
90.8 0.02409 0.00757934
91.2 0.0236942 0.00756039
91.6 0.023381 0.00754218
92 0.0231496 0.00752282
92.4 0.022998 0.00749996
92.8 0.0229231 0.0074709
93.2 0.0229214 0.00743253
93.6 0.0229881 0.00738146
94 0.023118 0.00731401
94.4 0.0233053 0.00722631
94.8 0.0235434 0.00711434
95.2 0.0238255 0.00697405
95.6 0.0241443 0.00680144
96 0.0244924 0.0065926
96.4 0.0248622 0.00634386
96.8 0.025246 0.00605188
97.2 0.0256362 0.00571371
97.6 0.0260254 0.00532687
98 0.0264063 0.00488948
98.4 0.026772 0.0044003
98.8 0.027116 0.00385879
99.2 0.027432 0.00326516
99.6 0.0277145 0.00262044
100 0.0279581 0.00192647
100.4 0.0281584 0.0011859
100.8 0.0283113 0.000402216
101.2 0.0284133 -0.000420286
101.6 0.0284617 -0.00127657
102 0.0284541 -0.00216088
102.4 0.0283889 -0.00306684
102.8 0.0282652 -0.0039875
103.2 0.0280825 -0.00491546
103.6 0.0278408 -0.00584298
104 0.0275408 -0.00676204
104.4 0.0271835 -0.00766453
104.8 0.0267707 -0.00854232
105.2 0.0263042 -0.00938741
105.6 0.0257865 -0.010192
106 0.0252205 -0.0109488
106.4 0.024609 -0.0116508
106.8 0.0239556 -0.0122917
107.2 0.0232638 -0.0128658
107.6 0.0225373 -0.0133683
108 0.0217802 -0.0137951
108.4 0.0209964 -0.014143
108.8 0.0201901 -0.0144099
109.2 0.0193654 -0.0145945
109.6 0.0185265 -0.0146964
110 0.0176775 -0.0147164
110.4 0.0168224 -0.0146561
110.8 0.0159652 -0.014518
111.2 0.0151098 -0.0143053
111.6 0.0142598 -0.0140224
112 0.0134186 -0.0136739
112.4 0.0125896 -0.0132653
112.8 0.0117759 -0.0128026
113.2 0.0109803 -0.0122922
113.6 0.0102054 -0.0117407
114 0.00945343 -0.011155
114.4 0.00872659 -0.0105422
114.8 0.00802662 -0.00990915
115.2 0.00735505 -0.00926278
115.6 0.00671314 -0.00860975
116 0.00610186 -0.00795644
116.4 0.00552193 -0.00730885
116.8 0.00497381 -0.00667255
117.2 0.00445773 -0.00605263
117.6 0.00397368 -0.00545363
118 0.00352143 -0.0048795
118.4 0.00310054 -0.00433361
118.8 0.00271042 -0.00381871
119.2 0.00235028 -0.00333695
119.6 0.00201921 -0.00288988
120 0.00171614 -0.00247846
120.4 0.00143993 -0.00210311
120.8 0.00118932 -0.00176373
121.2 0.000963001 -0.00145976
121.6 0.000759601 -0.00119021
122 0.000577716 -0.000953719
122.4 0.000415924 -0.000748628
122.8 0.000272798 -0.000573008
123.2 0.000146922 -0.000424733
123.6 3.69028e-05 -0.000301533
124 -5.86198e-05 -0.000201047
124.4 -0.000140963 -0.000120874
124.8 -0.000211395 -5.86157e-05
125.2 -0.000271126 -1.19242e-05
125.6 -0.000321302 2.14645e-05
126 -0.000363008 4.36985e-05
126.4 -0.000397255 5.67836e-05
126.8 -0.000424988 6.25631e-05
127.2 -0.00044708 6.27032e-05
127.6 -0.000464333 5.86835e-05
128 -0.000477482 5.1793e-05
128.4 -0.000487192 4.31304e-05
128.8 -0.000494064 3.36086e-05
129.2 -0.000498635 2.39631e-05
129.6 -0.000501384 1.47632e-05
130 -0.000502731 6.42592e-06
130.4 -0.000503042 -7.68506e-07
130.8 -0.000502633 -6.65958e-06
131.2 -0.000501771 -1.11891e-05
131.6 -0.00050068 -1.43832e-05
132 -0.000499544 -1.63354e-05
132.4 -0.000498506 -1.71894e-05
132.8 -0.000497677 -1.7124e-05
133.2 -0.000497135 -1.63385e-05
133.6 -0.000496931 -1.50409e-05
134 -0.000497089 -1.34364e-05
134.4 -0.000497613 -1.17189e-05
134.8 -0.000498485 -1.00641e-05
135.2 -0.000499675 -8.62413e-06
135.6 -0.000501137 -7.52428e-06
136 -0.000502817 -6.86107e-06
136.4 -0.000504652 -6.70204e-06
136.8 -0.000506578 -7.08654e-06
137.2 -0.000508528 -8.02777e-06
137.6 -0.000510438 -9.51549e-06
138 -0.000512245 -1.15194e-05
138.4 -0.000513895 -1.39929e-05
138.8 -0.000515342 -1.6877e-05
139.2 -0.000516549 -2.01044e-05
139.6 -0.00051749 -2.36029e-05
140 -0.00051815 -2.72994e-05
140.4 -0.00051853 -3.11224e-05
140.8 -0.000518639 -3.50051e-05
141.2 -0.000518501 -3.88871e-05
141.6 -0.000518151 -4.2716e-05
142 -0.000517634 -4.64483e-05
142.4 -0.000517005 -5.00498e-05
142.8 -0.000516325 -5.34955e-05
143.2 -0.00051566 -5.6769e-05
143.6 -0.00051508 -5.98619e-05
144 -0.000514655 -6.27722e-05
144.4 -0.000514453 -6.55031e-05
144.8 -0.000514538 -6.80615e-05
145.2 -0.000514967 -7.04568e-05
145.6 -0.000515788 -7.26988e-05
146 -0.00051704 -7.47969e-05
146.4 -0.000518747 -7.67587e-05
146.8 -0.000520923 -7.85889e-05
147.2 -0.000523563 -8.0289e-05
147.6 -0.000526652 -8.18561e-05
148 -0.000530156 -8.32835e-05
148.4 -0.000534029 -8.45603e-05
148.8 -0.00053821 -8.56719e-05
149.2 -0.000542626 -8.66003e-05
149.6 -0.000547194 -8.73253e-05
150 -0.000551821 -8.78248e-05
150.4 -0.000556408 -8.80765e-05
150.8 -0.000560852 -8.80581e-05
151.2 -0.000565048 -8.7749e-05
151.6 -0.000568892 -8.71313e-05
152 -0.000572284 -8.61901e-05
152.4 -0.000575131 -8.49154e-05
152.8 -0.000577346 -8.33017e-05
153.2 -0.000578856 -8.13492e-05
153.6 -0.000579596 -7.90642e-05
154 -0.00057952 -7.64587e-05
154.4 -0.000578592 -7.3551e-05
154.8 -0.000576795 -7.03649e-05
155.2 -0.000574126 -6.69299e-05
155.6 -0.000570598 -6.32801e-05
156 -0.000566239 -5.94536e-05
156.4 -0.000561093 -5.54921e-05
156.8 -0.000555212 -5.14393e-05
157.2 -0.000548665 -4.73406e-05
157.6 -0.000541526 -4.32417e-05
158 -0.000533879 -3.91877e-05
158.4 -0.00052581 -3.52221e-05
158.8 -0.000517412 -3.13863e-05
159.2 -0.000508776 -2.77181e-05
159.6 -0.000499991 -2.42516e-05
160 -0.000491146 -2.10161e-05
160.4 -0.000482321 -1.80363e-05
160.8 -0.000473591 -1.5331e-05
161.2 -0.000465022 -1.29139e-05
161.6 -0.000456673 -1.07929e-05
162 -0.000448589 -8.97023e-06
162.4 -0.000440809 -7.44289e-06
162.8 -0.000433357 -6.20272e-06
163.2 -0.00042625 -5.23688e-06
163.6 -0.000419494 -4.52832e-06
164 -0.000413083 -4.05627e-06
164.4 -0.000407007 -3.79691e-06
164.8 -0.000401245 -3.72392e-06
165.2 -0.00039577 -3.80919e-06
165.6 -0.00039055 -4.02339e-06
166 -0.00038555 -4.33666e-06
166.4 -0.000380732 -4.71921e-06
166.8 -0.000376053 -5.14186e-06
167.2 -0.000371475 -5.57659e-06
167.6 -0.000366955 -5.99702e-06
168 -0.000362456 -6.37881e-06
168.4 -0.000357939 -6.70001e-06
168.8 -0.00035337 -6.94138e-06
169.2 -0.000348717 -7.08655e-06
169.6 -0.000343951 -7.12224e-06
170 -0.000339048 -7.03833e-06
170.4 -0.000333986 -6.82787e-06
170.8 -0.000328745 -6.48708e-06
171.2 -0.000323312 -6.01526e-06
171.6 -0.000317673 -5.41466e-06
172 -0.000311819 -4.69029e-06
172.4 -0.000305742 -3.84976e-06
172.8 -0.000299439 -2.90295e-06
173.2 -0.000292905 -1.8618e-06
173.6 -0.000286141 -7.40017e-07
174 -0.000279148 4.473e-07
174.4 -0.000271928 1.68392e-06
174.8 -0.000264488 2.95285e-06
175.2 -0.000256834 4.23664e-06
175.6 -0.000248978 5.51772e-06
176 -0.000240931 6.77872e-06
176.4 -0.00023271 8.00277e-06
176.8 -0.000224334 9.17375e-06
177.2 -0.000215825 1.02766e-05
177.6 -0.000207209 1.12975e-05
178 -0.000198518 1.22241e-05
178.4 -0.000189786 1.30456e-05
178.8 -0.00018105 1.37532e-05
179.2 -0.000172354 1.43396e-05
179.6 -0.000163743 1.47996e-05
180 -0.000155265 1.513e-05
180.4 -0.000146972 1.53293e-05
180.8 -0.000138918 1.5398e-05
181.2 -0.000131156 1.53382e-05
181.6 -0.00012374 1.51537e-05
182 -0.000116724 1.48499e-05
182.4 -0.000110158 1.44335e-05
182.8 -0.000104092 1.3912e-05
183.2 -9.85673e-05 1.32943e-05
183.6 -9.36232e-05 1.25898e-05
184 -8.92912e-05 1.18084e-05
184.4 -8.55955e-05 1.09604e-05
184.8 -8.25523e-05 1.00561e-05
185.2 -8.01688e-05 9.10592e-06
185.6 -7.84429e-05 8.11988e-06
186 -7.7363e-05 7.10771e-06
186.4 -7.6908e-05 6.07863e-06
186.8 -7.70472e-05 5.04126e-06
187.2 -7.7741e-05 4.00353e-06
187.6 -7.89414e-05 2.97268e-06
188 -8.05927e-05 1.95517e-06
188.4 -8.26328e-05 9.56763e-07
188.8 -8.49942e-05 -1.75286e-08
189.2 -8.76054e-05 -9.63359e-07
189.6 -9.03922e-05 -1.87701e-06
190 -9.3279e-05 -2.75531e-06
190.4 -9.61909e-05 -3.59559e-06
190.8 -9.90546e-05 -4.39556e-06
191.2 -0.0001018 -5.1533e-06
191.6 -0.000104362 -5.86711e-06
192 -0.00010668 -6.53551e-06
192.4 -0.000108702 -7.15716e-06
192.8 -0.000110382 -7.73082e-06
193.2 -0.000111683 -8.25533e-06
193.6 -0.000112578 -8.72958e-06
194 -0.000113048 -9.15255e-06
194.4 -0.000113082 -9.52328e-06
194.8 -0.000112679 -9.84092e-06
195.2 -0.000111847 -1.01048e-05
195.6 -0.000110602 -1.03144e-05
196 -0.000108964 -1.04695e-05
196.4 -0.000106964 -1.05702e-05
196.8 -0.000104633 -1.06169e-05
197.2 -0.000102011 -1.06103e-05
197.6 -9.91373e-05 -1.05518e-05
198 -9.60541e-05 -1.04431e-05
198.4 -9.28045e-05 -1.02863e-05
198.8 -8.94308e-05 -1.00843e-05
199.2 -8.59741e-05 -9.84024e-06
199.6 -8.24729e-05 -9.55769e-06
200 -7.89626e-05 -9.24074e-06
200.4 -7.54751e-05 -8.89377e-06
200.8 -7.20378e-05 -8.52147e-06
201.2 -6.86738e-05 -8.12868e-06
201.6 -6.54013e-05 -7.72036e-06
202 -6.2234e-05 -7.30147e-06
202.4 -5.9181e-05 -6.87688e-06
202.8 -5.62471e-05 -6.45125e-06
203.2 -5.34333e-05 -6.02897e-06
203.6 -5.07369e-05 -5.61405e-06
204 -4.81526e-05 -5.21004e-06
204.4 -4.56728e-05 -4.82002e-06
204.8 -4.32882e-05 -4.44649e-06
205.2 -4.09882e-05 -4.09138e-06
205.6 -3.87623e-05 -3.75603e-06
206 -3.65996e-05 -3.44122e-06
206.4 -3.44902e-05 -3.14714e-06
206.8 -3.2425e-05 -2.87351e-06
207.2 -3.03966e-05 -2.61957e-06
207.6 -2.83992e-05 -2.3842e-06
208 -2.64286e-05 -2.16594e-06
208.4 -2.44831e-05 -1.96316e-06
208.8 -2.25624e-05 -1.77406e-06
209.2 -2.06684e-05 -1.59681e-06
209.6 -1.88047e-05 -1.42964e-06
210 -1.69761e-05 -1.27088e-06
210.4 -1.51888e-05 -1.11906e-06
210.8 -1.34497e-05 -9.72973e-07
211.2 -1.17666e-05 -8.31675e-07
211.6 -1.01469e-05 -6.94559e-07
212 -8.59841e-06 -5.61347e-07
212.4 -7.12806e-06 -4.32089e-07
212.8 -5.74219e-06 -3.07143e-07
213.2 -4.44608e-06 -1.87148e-07
213.6 -3.24382e-06 -7.29735e-08
214 -2.13811e-06 3.43319e-08
214.4 -1.13022e-06 1.33604e-07
214.8 -2.19926e-07 2.23628e-07
215.2 5.94438e-07 3.03211e-07
215.6 1.31593e-06 3.71242e-07
216 1.94886e-06 4.26763e-07
216.4 2.49865e-06 4.69018e-07
216.8 2.97159e-06 4.97501e-07
217.2 3.37471e-06 5.11996e-07
217.6 3.71547e-06 5.12593e-07
218 4.00157e-06 4.997e-07
218.4 4.24073e-06 4.74042e-07
218.8 4.44048e-06 4.36637e-07
219.2 4.60796e-06 3.88771e-07
219.6 4.74977e-06 3.31952e-07
220 4.87184e-06 2.67863e-07
220.4 4.97934e-06 1.98303e-07
220.8 5.07661e-06 1.25122e-07
221.2 5.16717e-06 5.01612e-08
221.6 5.25371e-06 -2.48136e-08
222 5.33811e-06 -9.81709e-08
222.4 5.42156e-06 -1.68467e-07
222.8 5.50462e-06 -2.34492e-07
223.2 5.58732e-06 -2.95305e-07
223.6 5.66931e-06 -3.50256e-07
224 5.74995e-06 -3.99001e-07
224.4 5.82841e-06 -4.41497e-07
224.8 5.90382e-06 -4.7799e-07
225.2 5.97536e-06 -5.08985e-07
225.6 6.04229e-06 -5.35215e-07
226 6.10407e-06 -5.57588e-07
226.4 6.16035e-06 -5.77139e-07
226.8 6.21103e-06 -5.9497e-07
227.2 6.25619e-06 -6.12189e-07
227.6 6.29613e-06 -6.29851e-07
228 6.33131e-06 -6.48904e-07
228.4 6.36225e-06 -6.70134e-07
228.8 6.38954e-06 -6.94121e-07
229.2 6.41368e-06 -7.21212e-07
229.6 6.43508e-06 -7.51489e-07
230 6.45398e-06 -7.84768e-07
230.4 6.47035e-06 -8.20592e-07
230.8 6.48387e-06 -8.58253e-07
231.2 6.49393e-06 -8.96815e-07
231.6 6.49954e-06 -9.35154e-07
232 6.49941e-06 -9.72003e-07
232.4 6.49191e-06 -1.00601e-06
232.8 6.47517e-06 -1.03578e-06
233.2 6.44711e-06 -1.05999e-06
233.6 6.40552e-06 -1.07737e-06
234 6.34815e-06 -1.08683e-06
234.4 6.27281e-06 -1.08749e-06
234.8 6.17749e-06 -1.07874e-06
235.2 6.06044e-06 -1.06024e-06
235.6 5.92027e-06 -1.03199e-06
236 5.75606e-06 -9.94328e-07
236.4 5.56741e-06 -9.47926e-07
236.8 5.35452e-06 -8.9378e-07
237.2 5.11823e-06 -8.33185e-07
237.6 4.86002e-06 -7.67695e-07
238 4.582e-06 -6.99077e-07
238.4 4.28693e-06 -6.29249e-07
238.8 3.97808e-06 -5.60216e-07
239.2 3.65924e-06 -4.94004e-07
239.6 3.33456e-06 -4.32582e-07
240 3.00846e-06 -3.77796e-07
240.4 2.68553e-06 -3.31303e-07
240.8 2.37034e-06 -2.94508e-07
241.2 2.06736e-06 -2.68511e-07
241.6 1.78079e-06 -2.54072e-07
242 1.51444e-06 -2.51575e-07
242.4 1.27161e-06 -2.61018e-07
242.8 1.055e-06 -2.82008e-07
243.2 8.66622e-07 -3.13778e-07
243.6 7.07738e-07 -3.55208e-07
244 5.78822e-07 -4.0487e-07
244.4 4.7956e-07 -4.61075e-07
244.8 4.08862e-07 -5.21933e-07
245.2 3.64907e-07 -5.85425e-07
245.6 3.4521e-07 -6.49465e-07
246 3.46708e-07 -7.11984e-07
246.4 3.65871e-07 -7.70996e-07
246.8 3.98817e-07 -8.24667e-07
247.2 4.41447e-07 -8.71384e-07
247.6 4.89577e-07 -9.09799e-07
248 5.39078e-07 -9.38884e-07
248.4 5.86001e-07 -9.57955e-07
248.8 6.26705e-07 -9.66691e-07
249.2 6.5796e-07 -9.65144e-07
249.6 6.77039e-07 -9.53725e-07
250 6.81793e-07 -9.33181e-07
250.4 6.70694e-07 -9.04565e-07
250.8 6.42866e-07 -8.69185e-07
251.2 5.98082e-07 -8.28551e-07
251.6 5.36745e-07 -7.84315e-07
252 4.59846e-07 -7.38199e-07
252.4 3.68896e-07 -6.91932e-07
252.8 2.6585e-07 -6.47183e-07
253.2 1.53016e-07 -6.05489e-07
253.6 3.29436e-08 -5.68206e-07
254 -9.16729e-08 -5.36453e-07
254.4 -2.18111e-07 -5.11072e-07
254.8 -3.43723e-07 -4.92602e-07
255.2 -4.66033e-07 -4.81255e-07
255.6 -5.82825e-07 -4.7692e-07
256 -6.92218e-07 -4.79168e-07
256.4 -7.9272e-07 -4.87272e-07
256.8 -8.83269e-07 -5.00242e-07
257.2 -9.6325e-07 -5.16867e-07
257.6 -1.0325e-06 -5.35765e-07
258 -1.09127e-06 -5.55444e-07
258.4 -1.14023e-06 -5.74359e-07
258.8 -1.18037e-06 -5.90977e-07
259.2 -1.21297e-06 -6.03836e-07
259.6 -1.23949e-06 -6.11611e-07
260 -1.26153e-06 -6.13156e-07
260.4 -1.28072e-06 -6.07558e-07
260.8 -1.29865e-06 -5.94169e-07
261.2 -1.31678e-06 -5.72631e-07
261.6 -1.33635e-06 -5.42893e-07
262 -1.35839e-06 -5.05207e-07
262.4 -1.38358e-06 -4.60123e-07
262.8 -1.4123e-06 -4.08467e-07
263.2 -1.44454e-06 -3.51306e-07
263.6 -1.47998e-06 -2.89909e-07
264 -1.51793e-06 -2.25699e-07
264.4 -1.5574e-06 -1.602e-07
264.8 -1.59716e-06 -9.49759e-08
265.2 -1.63577e-06 -3.15783e-08
265.6 -1.67165e-06 2.85153e-08
266 -1.70319e-06 8.3952e-08
266.4 -1.72877e-06 1.33553e-07
266.8 -1.74689e-06 1.76352e-07
267.2 -1.7562e-06 2.11629e-07
267.6 -1.75563e-06 2.38933e-07
268 -1.74436e-06 2.58089e-07
268.4 -1.72196e-06 2.69202e-07
268.8 -1.68835e-06 2.72646e-07
269.2 -1.64387e-06 2.69041e-07
269.6 -1.58925e-06 2.59225e-07
270 -1.52559e-06 2.44216e-07
270.4 -1.45439e-06 2.25167e-07
270.8 -1.37743e-06 2.03316e-07
271.2 -1.29676e-06 1.79936e-07
271.6 -1.21464e-06 1.56284e-07
272 -1.13341e-06 1.33547e-07
272.4 -1.05549e-06 1.12801e-07
272.8 -9.83227e-07 9.49666e-08
273.2 -9.18866e-07 8.07734e-08
273.6 -8.64442e-07 7.07381e-08
274 -8.21728e-07 6.51455e-08
274.4 -7.92167e-07 6.40426e-08
274.8 -7.76832e-07 6.72415e-08
275.2 -7.76385e-07 7.43323e-08
275.6 -7.91067e-07 8.47051e-08
276 -8.20684e-07 9.75798e-08
276.4 -8.6463e-07 1.12043e-07
276.8 -9.21906e-07 1.2709e-07
277.2 -9.91162e-07 1.41669e-07
277.6 -1.07075e-06 1.54731e-07
278 -1.1588e-06 1.65271e-07
278.4 -1.25325e-06 1.72378e-07
278.8 -1.35197e-06 1.7527e-07
279.2 -1.45281e-06 1.73333e-07
279.6 -1.55367e-06 1.66145e-07
280 -1.65259e-06 1.53497e-07
280.4 -1.74779e-06 1.35402e-07
280.8 -1.83777e-06 1.12099e-07
281.2 -1.9213e-06 8.40417e-08
281.6 -1.99749e-06 5.18849e-08
282 -2.06578e-06 1.64574e-08
282.4 -2.12599e-06 -2.12692e-08
282.8 -2.17825e-06 -6.02176e-08
283.2 -2.22304e-06 -9.92474e-08
283.6 -2.26112e-06 -1.37199e-07
284 -2.29348e-06 -1.72939e-07
284.4 -2.32131e-06 -2.05404e-07
284.8 -2.34595e-06 -2.33641e-07
285.2 -2.36877e-06 -2.56844e-07
285.6 -2.39119e-06 -2.74388e-07
286 -2.41454e-06 -2.85847e-07
286.4 -2.44005e-06 -2.91014e-07
286.8 -2.46877e-06 -2.89905e-07
287.2 -2.50156e-06 -2.82761e-07
287.6 -2.539e-06 -2.70033e-07
288 -2.58144e-06 -2.52366e-07
288.4 -2.6289e-06 -2.30573e-07
288.8 -2.68116e-06 -2.05601e-07
289.2 -2.73771e-06 -1.78495e-07
289.6 -2.79778e-06 -1.50355e-07
290 -2.86041e-06 -1.22296e-07
290.4 -2.92445e-06 -9.54039e-08
290.8 -2.98863e-06 -7.06912e-08
291.2 -3.05162e-06 -4.90631e-08
291.6 -3.11205e-06 -3.12813e-08
292 -3.16862e-06 -1.79369e-08
292.4 -3.2201e-06 -9.42992e-09
292.8 -3.2654e-06 -5.956e-09
293.2 -3.30365e-06 -7.50206e-09
293.6 -3.33415e-06 -1.38497e-08
294 -3.3565e-06 -2.45869e-08
294.4 -3.37052e-06 -3.91273e-08
294.8 -3.37633e-06 -5.67364e-08
295.2 -3.37428e-06 -7.65629e-08
295.6 -3.36499e-06 -9.76749e-08
296 -3.3493e-06 -1.19098e-07
296.4 -3.32823e-06 -1.39858e-07
296.8 -3.30294e-06 -1.59016e-07
297.2 -3.27469e-06 -1.75711e-07
297.6 -3.2448e-06 -1.89192e-07
298 -3.21458e-06 -1.98848e-07
298.4 -3.18529e-06 -2.04232e-07
298.8 -3.15807e-06 -2.05078e-07
299.2 -3.13394e-06 -2.0131e-07
299.6 -3.11373e-06 -1.93046e-07
300 -3.09806e-06 -1.80588e-07
300.4 -3.08732e-06 -1.64412e-07
300.8 -3.08167e-06 -1.45147e-07
301.2 -3.08101e-06 -1.23549e-07
301.6 -3.08502e-06 -1.00466e-07
302 -3.09317e-06 -7.68101e-08
302.4 -3.10472e-06 -5.3513e-08
302.8 -3.11882e-06 -3.14932e-08
303.2 -3.13445e-06 -1.16173e-08
303.6 -3.15058e-06 5.33481e-09
304 -3.1661e-06 1.87007e-08
304.4 -3.17997e-06 2.79617e-08
304.8 -3.19118e-06 3.27631e-08
305.2 -3.19886e-06 3.29279e-08
305.6 -3.20227e-06 2.8463e-08
306 -3.20085e-06 1.95584e-08
306.4 -3.19423e-06 6.57909e-09
306.8 -3.18227e-06 -9.95029e-09
307.2 -3.16505e-06 -2.93669e-08
307.6 -3.14285e-06 -5.08964e-08
308 -3.11617e-06 -7.36842e-08
308.4 -3.08568e-06 -9.68296e-08
308.8 -3.05221e-06 -1.19421e-07
309.2 -3.01671e-06 -1.40574e-07
309.6 -2.98022e-06 -1.59463e-07
310 -2.94382e-06 -1.75355e-07
310.4 -2.90857e-06 -1.87639e-07
310.8 -2.87549e-06 -1.95848e-07
311.2 -2.84554e-06 -1.99677e-07
311.6 -2.81951e-06 -1.98993e-07
312 -2.79807e-06 -1.93842e-07
312.4 -2.78169e-06 -1.84441e-07
312.8 -2.77066e-06 -1.71174e-07
313.2 -2.76503e-06 -1.54573e-07
313.6 -2.76467e-06 -1.35296e-07
314 -2.76922e-06 -1.141e-07
314.4 -2.77815e-06 -9.18121e-08
314.8 -2.79075e-06 -6.92938e-08
315.2 -2.80617e-06 -4.74101e-08
315.6 -2.82348e-06 -2.6993e-08
316 -2.84165e-06 -8.81025e-09
316.4 -2.85964e-06 6.46497e-09
316.8 -2.87643e-06 1.82795e-08
317.2 -2.89104e-06 2.62211e-08
317.6 -2.9026e-06 3.00334e-08
318 -2.91035e-06 2.96249e-08
318.4 -2.9137e-06 2.50709e-08
318.8 -2.91223e-06 1.66092e-08
319.2 -2.9057e-06 4.62951e-09
319.6 -2.89409e-06 -1.03437e-08
320 -2.87755e-06 -2.7673e-08
320.4 -2.85646e-06 -4.6634e-08
320.8 -2.83133e-06 -6.64452e-08
321.2 -2.80284e-06 -8.62991e-08
321.6 -2.77181e-06 -1.05395e-07
322 -2.73911e-06 -1.2297e-07
322.4 -2.7057e-06 -1.38329e-07
322.8 -2.67255e-06 -1.50874e-07
323.2 -2.64057e-06 -1.60122e-07
323.6 -2.61066e-06 -1.6573e-07
324 -2.58361e-06 -1.67501e-07
324.4 -2.56007e-06 -1.65395e-07
324.8 -2.54056e-06 -1.59526e-07
325.2 -2.52543e-06 -1.50159e-07
325.6 -2.51486e-06 -1.37698e-07
326 -2.50882e-06 -1.22665e-07
326.4 -2.50713e-06 -1.05683e-07
326.8 -2.50943e-06 -8.74466e-08
327.2 -2.5152e-06 -6.86971e-08
327.6 -2.52378e-06 -5.01894e-08
328 -2.53444e-06 -3.2663e-08
328.4 -2.54635e-06 -1.6813e-08
328.8 -2.55864e-06 -3.26174e-09
329.2 -2.57045e-06 7.46459e-09
329.6 -2.58094e-06 1.49569e-08
330 -2.58934e-06 1.89383e-08
330.4 -2.59497e-06 1.92745e-08
330.8 -2.59728e-06 1.59776e-08
331.2 -2.59585e-06 9.20509e-09
331.6 -2.59042e-06 -7.481e-10
332 -2.5809e-06 -1.3462e-08
332.4 -2.56736e-06 -2.84096e-08
332.8 -2.55003e-06 -4.49785e-08
333.2 -2.5293e-06 -6.24962e-08
333.6 -2.50569e-06 -8.02576e-08
334 -2.47984e-06 -9.75529e-08
334.4 -2.45246e-06 -1.13697e-07
334.8 -2.42432e-06 -1.28055e-07
335.2 -2.39623e-06 -1.40071e-07
335.6 -2.36897e-06 -1.49285e-07
336 -2.3433e-06 -1.55353e-07
336.4 -2.31989e-06 -1.58062e-07
336.8 -2.29933e-06 -1.57334e-07
337.2 -2.2821e-06 -1.53231e-07
337.6 -2.26851e-06 -1.45951e-07
338 -2.25876e-06 -1.35817e-07
338.4 -2.25288e-06 -1.23267e-07
338.8 -2.25074e-06 -1.08833e-07
339.2 -2.25209e-06 -9.31215e-08
339.6 -2.25651e-06 -7.67859e-08
340 -2.2635e-06 -6.05027e-08
340.4 -2.27245e-06 -4.49427e-08
340.8 -2.28267e-06 -3.07453e-08
341.2 -2.29344e-06 -1.84924e-08
341.6 -2.30405e-06 -8.6859e-09
342 -2.31378e-06 -1.72795e-09
342.4 -2.32197e-06 2.09446e-09
342.8 -2.32804e-06 2.62036e-09
343.2 -2.33149e-06 -1.7949e-10
343.6 -2.33195e-06 -6.20213e-09
344 -2.32917e-06 -1.52172e-08
344.4 -2.32306e-06 -2.6877e-08
344.8 -2.31366e-06 -4.07304e-08
345.2 -2.30113e-06 -5.6242e-08
345.6 -2.28578e-06 -7.28133e-08
346 -2.26805e-06 -8.9807e-08
346.4 -2.24846e-06 -1.06573e-07
346.8 -2.22759e-06 -1.22472e-07
347.2 -2.20612e-06 -1.36905e-07
347.6 -2.1847e-06 -1.49332e-07
348 -2.16402e-06 -1.59296e-07
348.4 -2.14471e-06 -1.6644e-07
348.8 -2.12735e-06 -1.70519e-07
349.2 -2.11246e-06 -1.71412e-07
349.6 -2.10043e-06 -1.69121e-07
350 -2.09156e-06 -1.63775e-07
350.4 -2.08599e-06 -1.55622e-07
350.8 -2.08375e-06 -1.45019e-07
351.2 -2.08473e-06 -1.32413e-07
351.6 -2.0887e-06 -1.1833e-07
352 -2.09529e-06 -1.03346e-07
352.4 -2.10405e-06 -8.80695e-08
352.8 -2.11441e-06 -7.31133e-08
353.2 -2.12578e-06 -5.90722e-08
353.6 -2.1375e-06 -4.64983e-08
354 -2.1489e-06 -3.58801e-08
354.4 -2.15934e-06 -2.76231e-08
354.8 -2.1682e-06 -2.20342e-08
355.2 -2.17495e-06 -1.93105e-08
355.6 -2.17912e-06 -1.95318e-08
356 -2.18035e-06 -2.26587e-08
356.4 -2.17841e-06 -2.85347e-08
356.8 -2.17317e-06 -3.68935e-08
357.2 -2.16466e-06 -4.73701e-08
357.6 -2.15301e-06 -5.95164e-08
358 -2.13849e-06 -7.28194e-08
358.4 -2.12148e-06 -8.67223e-08
358.8 -2.10245e-06 -1.00647e-07
359.2 -2.08195e-06 -1.14018e-07
359.6 -2.06058e-06 -1.26283e-07
360 -2.03897e-06 -1.3694e-07
360.4 -2.01777e-06 -1.45549e-07
360.8 -1.99759e-06 -1.51759e-07
361.2 -1.97902e-06 -1.55313e-07
361.6 -1.96255e-06 -1.56062e-07
362 -1.94862e-06 -1.53971e-07
362.4 -1.93754e-06 -1.49117e-07
362.8 -1.92953e-06 -1.41688e-07
363.2 -1.92467e-06 -1.31972e-07
363.6 -1.92293e-06 -1.20348e-07
364 -1.92416e-06 -1.07269e-07
364.4 -1.92809e-06 -9.32424e-08
364.8 -1.93434e-06 -7.88134e-08
365.2 -1.94246e-06 -6.45385e-08
365.6 -1.95193e-06 -5.09664e-08
366 -1.96218e-06 -3.86151e-08
366.4 -1.9726e-06 -2.79519e-08
366.8 -1.98261e-06 -1.93748e-08
367.2 -1.99163e-06 -1.31978e-08
367.6 -1.99914e-06 -9.63822e-09
368 -2.00468e-06 -8.80912e-09
368.4 -2.00787e-06 -1.07153e-08
368.8 -2.00843e-06 -1.52539e-08
369.2 -2.00618e-06 -2.2219e-08
369.6 -2.00108e-06 -3.13104e-08
370 -1.99317e-06 -4.21464e-08
370.4 -1.98261e-06 -5.42793e-08
370.8 -1.96968e-06 -6.72134e-08
371.2 -1.95473e-06 -8.04253e-08
371.6 -1.9382e-06 -9.33844e-08
372 -1.92058e-06 -1.05575e-07
372.4 -1.90239e-06 -1.16514e-07
372.8 -1.88419e-06 -1.25774e-07
373.2 -1.8665e-06 -1.32997e-07
373.6 -1.84985e-06 -1.37908e-07
374 -1.83469e-06 -1.40326e-07
374.4 -1.82142e-06 -1.40172e-07
374.8 -1.81036e-06 -1.37469e-07
375.2 -1.80173e-06 -1.32341e-07
375.6 -1.79565e-06 -1.25008e-07
376 -1.79214e-06 -1.15778e-07
376.4 -1.79112e-06 -1.0503e-07
376.8 -1.7924e-06 -9.32019e-08
377.2 -1.7957e-06 -8.0772e-08
377.6 -1.80066e-06 -6.82388e-08
378 -1.80686e-06 -5.61015e-08
378.4 -1.81384e-06 -4.48399e-08
378.8 -1.8211e-06 -3.48958e-08
379.2 -1.82813e-06 -2.66552e-08
379.6 -1.83446e-06 -2.04333e-08
380 -1.83962e-06 -1.64626e-08
380.4 -1.84322e-06 -1.4884e-08
380.8 -1.84491e-06 -1.57417e-08
381.2 -1.84443e-06 -1.89822e-08
381.6 -1.84163e-06 -2.44569e-08
382 -1.83644e-06 -3.19287e-08
382.4 -1.82888e-06 -4.1082e-08
382.8 -1.81908e-06 -5.15356e-08
383.2 -1.80725e-06 -6.28585e-08
383.6 -1.7937e-06 -7.45874e-08
384 -1.77879e-06 -8.62451e-08
384.4 -1.76295e-06 -9.736e-08
384.8 -1.74664e-06 -1.07485e-07
385.2 -1.73033e-06 -1.16213e-07
385.6 -1.7145e-06 -1.23198e-07
386 -1.69962e-06 -1.28162e-07
386.4 -1.68609e-06 -1.30912e-07
386.8 -1.67429e-06 -1.31341e-07
387.2 -1.66452e-06 -1.29438e-07
387.6 -1.65698e-06 -1.25283e-07
388 -1.65182e-06 -1.19045e-07
388.4 -1.64906e-06 -1.10976e-07
388.8 -1.64865e-06 -1.014e-07
389.2 -1.65045e-06 -9.06965e-08
389.6 -1.65422e-06 -7.92902e-08
390 -1.65967e-06 -6.76302e-08
390.4 -1.66641e-06 -5.61735e-08
390.8 -1.67405e-06 -4.53663e-08
391.2 -1.68215e-06 -3.56265e-08
391.6 -1.69023e-06 -2.73272e-08
392 -1.69787e-06 -2.07821e-08
392.4 -1.70464e-06 -1.62335e-08
392.8 -1.71015e-06 -1.38431e-08
393.2 -1.71407e-06 -1.36857e-08
393.6 -1.71615e-06 -1.57472e-08
394 -1.71621e-06 -1.99255e-08
394.4 -1.71414e-06 -2.6035e-08
394.8 -1.70994e-06 -3.38146e-08
395.2 -1.70368e-06 -4.29387e-08
395.6 -1.69552e-06 -5.30302e-08
396 -1.6857e-06 -6.36759e-08
396.4 -1.67452e-06 -7.44433e-08
396.8 -1.66234e-06 -8.48981e-08
397.2 -1.64953e-06 -9.46208e-08
397.6 -1.63653e-06 -1.03224e-07
398 -1.62374e-06 -1.10367e-07
398.4 -1.61158e-06 -1.15771e-07
398.8 -1.60043e-06 -1.19226e-07
399.2 -1.59062e-06 -1.20602e-07
399.6 -1.58243e-06 -1.19853e-07
400 -1.57607e-06 -1.17017e-07
