-0.498 1.11518 0.712748
-0.496 1.35379 0.74924
-0.494 1.54147 0.771282
-0.492 1.66971 0.777322
-0.49 1.73274 0.766384
-0.488 1.72768 0.738126
-0.486 1.6548 0.692876
-0.484 1.51737 0.631632
-0.482 1.32162 0.556035
-0.48 1.07635 0.468307
-0.478 0.792555 0.371165
-0.476 0.482881 0.267706
-0.474 0.16104 0.161282
-0.472 -0.158845 0.0553487
-0.47 -0.462903 -0.0466746
-0.468 -0.738154 -0.141558
-0.466 -0.973117 -0.226398
-0.464 -1.15832 -0.298741
-0.462 -1.28675 -0.356683
-0.46 -1.3541 -0.39895
-0.458 -1.359 -0.424941
-0.456 -1.30299 -0.43474
-0.454 -1.19041 -0.429102
-0.452 -1.02818 -0.409402
-0.45 -0.825385 -0.377554
-0.448 -0.592795 -0.335912
-0.446 -0.342331 -0.287144
-0.444 -0.086437 -0.2341
-0.442 0.162536 -0.179667
-0.44 0.392952 -0.126627
-0.438 0.594455 -0.0775294
-0.436 0.75847 -0.0345631
-0.434 0.878602 0.000535564
-0.432 0.950917 0.0265594
-0.43 0.974097 0.0428745
-0.428 0.949446 0.0494345
-0.426 0.880767 0.046763
-0.424 0.774103 0.0359058
-0.422 0.637362 0.018356
-0.42 0.479846 -0.00404518
-0.418 0.311705 -0.0292251
-0.416 0.143357 -0.0550083
-0.414 -0.0151104 -0.0792501
-0.412 -0.154513 -0.0999681
-0.41 -0.267092 -0.115464
-0.408 -0.346953 -0.124429
-0.406 -0.390404 -0.12603
-0.404 -0.396169 -0.119965
-0.402 -0.365467 -0.106489
-0.4 -0.301953 -0.0864146
-0.398 -0.211523 -0.0610731
-0.396 -0.101989 -0.0322466
-0.394 0.0173505 -0.00207513
-0.392 0.136235 0.0270608
-0.39 0.24402 0.0526746
-0.388 0.33029 0.0723176
-0.386 0.385468 0.0837261
-0.384 0.401393 0.0849626
-0.382 0.371832 0.0745449
-0.38 0.292898 0.0515539
-0.378 0.163359 0.0157161
-0.376 -0.015191 -0.0325455
-0.374 -0.238305 -0.092096
-0.372 -0.498802 -0.161108
-0.37 -0.787027 -0.237121
-0.368 -1.09125 -0.317129
-0.366 -1.3982 -0.397705
-0.364 -1.69361 -0.475146
-0.362 -1.96296 -0.545642
-0.36 -2.19216 -0.605447
-0.358 -2.36818 -0.651061
-0.356 -2.47982 -0.6794
-0.354 -2.51821 -0.687955
-0.352 -2.47736 -0.674924
-0.35 -2.35445 -0.639322
-0.348 -2.15014 -0.581043
-0.346 -1.86853 -0.500898
-0.344 -1.51714 -0.400602
-0.342 -1.10654 -0.282725
-0.34 -0.650029 -0.1506
-0.338 -0.163019 -0.00819805
-0.336 0.337607 0.140026
-0.334 0.834224 0.289313
-0.332 1.30925 0.434794
-0.33 1.74591 0.57169
-0.328 2.12901 0.695509
-0.326 2.44557 0.802233
-0.324 2.68545 0.88848
-0.322 2.84173 0.951646
-0.32 2.91108 0.990007
-0.318 2.89379 1.00278
-0.316 2.79381 0.990158
-0.314 2.61846 0.953269
-0.312 2.37813 0.894131
-0.31 2.08566 0.815549
-0.308 1.75579 0.720974
-0.306 1.4044 0.614345
-0.304 1.04774 0.499908
-0.302 0.701668 0.382021
-0.3 0.38086 0.264962
-0.298 0.0981465 0.152739
-0.296 -0.136096 0.0489215
-0.294 -0.31441 -0.0435052
-0.292 -0.432574 -0.122256
-0.29 -0.48976 -0.185825
-0.288 -0.488511 -0.23352
-0.286 -0.434554 -0.265467
-0.284 -0.33645 -0.282562
-0.282 -0.205104 -0.28639
-0.28 -0.0531503 -0.279116
-0.278 0.105736 -0.26334
-0.276 0.257589 -0.241943
-0.274 0.388913 -0.217913
-0.272 0.487414 -0.194175
-0.27 0.542674 -0.173431
-0.268 0.546724 -0.158007
-0.266 0.494498 -0.149732
-0.264 0.384133 -0.149846
-0.262 0.217109 -0.158934
-0.26 -0.00178825 -0.176906
-0.258 -0.264666 -0.203013
-0.256 -0.560895 -0.235901
-0.254 -0.877615 -0.273689
-0.252 -1.20037 -0.314095
-0.25 -1.51383 -0.354566
-0.248 -1.80255 -0.392435
-0.246 -2.05181 -0.42508
-0.244 -2.24833 -0.450085
-0.242 -2.38105 -0.46539
-0.24 -2.44169 -0.469414
-0.238 -2.42527 -0.46117
-0.236 -2.33047 -0.440331
-0.234 -2.15975 -0.407267
-0.232 -1.91934 -0.363048
-0.23 -1.61903 -0.309402
-0.228 -1.27176 -0.248632
-0.226 -0.893066 -0.183513
-0.224 -0.500349 -0.117146
-0.222 -0.11207 -0.0527965
-0.22 0.253151 0.00627675
-0.218 0.577461 0.0570033
-0.216 0.844679 0.0966737
-0.214 1.04114 0.123099
-0.212 1.15643 0.134746
-0.21 1.18398 0.130843
-0.208 1.1215 0.11145
-0.206 0.971165 0.0774832
-0.204 0.739623 0.0306998
-0.202 0.437787 -0.0263594
-0.2 0.0803911 -0.0904717
-0.198 -0.314629 -0.15787
-0.196 -0.726932 -0.22441
-0.194 -1.13469 -0.285761
-0.192 -1.51558 -0.337613
-0.19 -1.84786 -0.375882
-0.188 -2.11138 -0.396913
-0.186 -2.28855 -0.397668
-0.184 -2.3652 -0.375887
-0.182 -2.3313 -0.330212
-0.18 -2.1815 -0.260281
-0.178 -1.91541 -0.166768
-0.176 -1.53769 -0.0513803
-0.174 -1.05796 0.0831915
-0.172 -0.490346 0.233367
-0.17 0.14702 0.394814
-0.168 0.832792 0.562617
-0.166 1.54329 0.731477
-0.164 2.25353 0.895929
-0.162 2.93822 1.05056
-0.16 3.5729 1.19024
-0.158 4.13492 1.31032
-0.156 4.60437 1.40684
-0.154 4.96495 1.47664
-0.152 5.20456 1.51755
-0.15 5.3158 1.52839
-0.148 5.29622 1.50907
-0.146 5.14833 1.46049
-0.144 4.87947 1.38456
-0.142 4.5014 1.28404
-0.14 4.02971 1.16242
-0.138 3.48313 1.02373
-0.136 2.88264 0.872357
-0.134 2.25057 0.712853
-0.132 1.60959 0.549713
-0.13 0.981746 0.387189
-0.128 0.387546 0.229114
-0.126 -0.154882 0.0787559
-0.124 -0.630499 -0.061297
-0.122 -1.0279 -0.189208
-0.12 -1.33968 -0.303923
-0.118 -1.56264 -0.405156
-0.116 -1.69775 -0.493335
-0.114 -1.74993 -0.569506
-0.112 -1.72772 -0.63521
-0.11 -1.64272 -0.692335
-0.108 -1.50893 -0.742944
-0.106 -1.34201 -0.789106
-0.104 -1.1585 -0.832732
-0.102 -0.974942 -0.875417
-0.1 -0.807154 -0.918307
-0.098 -0.669422 -0.962004
-0.096 -0.573863 -1.0065
-0.094 -0.529867 -1.05115
-0.092 -0.543683 -1.09469
-0.09 -0.618151 -1.1353
-0.088 -0.752596 -1.17072
-0.086 -0.942891 -1.19833
-0.084 -1.18167 -1.21536
-0.082 -1.45871 -1.21906
-0.08 -1.76145 -1.20685
-0.078 -2.07561 -1.17653
-0.076 -2.38589 -1.12647
-0.074 -2.67678 -1.0557
-0.072 -2.93334 -0.964079
-0.07 -3.14193 -0.852362
-0.068 -3.29097 -0.722221
-0.066 -3.37149 -0.576246
-0.064 -3.37761 -0.417877
-0.062 -3.30685 -0.251298
-0.06 -3.16023 -0.0812846
-0.058 -2.94219 0.0869831
-0.056 -2.66032 0.248139
-0.054 -2.32495 0.396866
-0.052 -1.94855 0.528134
-0.05 -1.54504 0.637441
-0.048 -1.12908 0.721029
-0.046 -0.715266 0.776075
-0.044 -0.317427 0.800842
-0.042 0.0520663 0.794788
-0.04 0.382847 0.758612
-0.038 0.66697 0.694253
-0.036 0.899172 0.604825
-0.034 1.07696 0.494499
-0.032 1.20053 0.368334
-0.03 1.27254 0.232059
-0.028 1.29773 0.0918297
-0.026 1.28243 -0.04605
-0.024 1.23405 -0.17541
-0.022 1.16051 -0.290495
-0.02 1.06964 -0.386234
-0.018 0.968743 -0.458474
-0.016 0.864175 -0.504178
-0.014 0.761027 -0.521571
-0.012 0.662979 -0.510227
-0.01 0.572236 -0.471091
-0.008 0.489595 -0.40644
-0.006 0.414588 -0.319771
-0.004 0.345695 -0.215644
-0.002 0.280601 -0.0994574
0 0.216467 0.022804
0.002 0.150021 0.144864
0.004 0.0784279 0.260439
0.006 -0.00100825 0.363553
0.008 -0.0903783 0.448822
0.01 -0.190896 0.511714
0.012 -0.302652 0.548759
0.014 -0.424413 0.557723
0.016 -0.55348 0.537709
0.018 -0.685646 0.489201
0.02 -0.815252 0.414044
0.022 -0.935377 0.315352
0.024 -1.03814 0.197364
0.026 -1.11514 0.0652479
0.028 -1.15794 -0.0751428
0.03 -1.15863 -0.217535
0.032 -1.11046 -0.355521
0.034 -1.00833 -0.482851
0.036 -0.849349 -0.593707
0.038 -0.633143 -0.682958
0.04 -0.362155 -0.746379
0.042 -0.0416923 -0.780828
0.044 0.320158 -0.784366
0.046 0.712803 -0.756324
0.048 1.12358 -0.697312
0.05 1.53833 -0.609163
0.052 1.94208 -0.494832
0.054 2.31983 -0.358238
0.056 2.65729 -0.204072
0.058 2.9417 -0.0375682
0.06 3.16248 0.135735
0.062 3.31183 0.310249
0.064 3.38519 0.480576
0.066 3.38148 0.641737
0.068 3.30316 0.78937
0.07 3.15616 0.91989
0.072 2.94949 1.03061
0.074 2.69485 1.11979
0.076 2.40595 1.18671
0.078 2.09781 1.23155
0.08 1.78599 1.25541
0.082 1.48577 1.26011
0.084 1.21138 1.24809
0.086 0.975292 1.2222
0.088 0.78754 1.18554
0.09 0.655269 1.14123
0.092 0.582337 1.09225
0.094 0.569117 1.04124
0.096 0.612452 0.990379
0.098 0.705781 0.941244
0.1 0.839429 0.894763
0.102 1.00104 0.851165
0.104 1.17616 0.809997
0.106 1.34888 0.770178
0.108 1.50265 0.730092
0.11 1.62106 0.687717
0.112 1.68866 0.640773
0.114 1.69175 0.5869
0.116 1.61916 0.523831
0.118 1.46286 0.449572
0.12 1.21848 0.362567
0.122 0.885684 0.261837
0.124 0.468338 0.147097
0.126 -0.0254998 0.0188308
0.128 -0.583777 -0.121671
0.13 -1.19085 -0.272322
0.132 -1.82805 -0.43029
0.134 -2.47442 -0.592093
0.136 -3.10757 -0.753728
0.138 -3.70461 -0.910834
0.14 -4.24313 -1.05888
0.142 -4.70219 -1.19337
0.144 -5.06327 -1.31004
0.146 -5.31109 -1.40504
0.148 -5.43438 -1.47518
0.15 -5.42637 -1.51802
0.152 -5.28522 -1.532
0.154 -5.01414 -1.51659
0.156 -4.62135 -1.47225
0.158 -4.11979 -1.40048
0.16 -3.52661 -1.30375
0.162 -2.86253 -1.1854
0.164 -2.15098 -1.04952
0.166 -1.41714 -0.900751
0.168 -0.686902 -0.74413
0.17 0.0142343 -0.584852
0.172 0.662207 -0.428058
0.174 1.23541 -0.278629
0.176 1.71561 -0.140978
0.178 2.08866 -0.0188762
0.18 2.34513 0.0846912
0.182 2.48062 0.167636
0.184 2.49589 0.228829
0.186 2.39682 0.268127
0.188 2.194 0.286342
0.19 1.90225 0.285176
0.192 1.53986 0.267112
0.194 1.12771 0.235272
0.196 0.688274 0.193248
0.198 0.244583 0.144917
0.2 -0.180857 0.094237
0.202 -0.56708 0.0450622
0.204 -0.8956 0.000950439
0.206 -1.15121 -0.0349991
0.208 -1.32263 -0.0602853
0.21 -1.4029 -0.0731094
0.212 -1.38966 -0.0724422
0.214 -1.28508 -0.05805
0.216 -1.09571 -0.0304793
0.218 -0.831986 0.00899771
0.22 -0.507669 0.0584739
0.222 -0.139087 0.115528
0.224 0.255723 0.177371
0.226 0.657929 0.241004
0.228 1.04883 0.303385
0.23 1.41077 0.361599
0.232 1.72794 0.413007
0.234 1.98712 0.455385
0.236 2.17824 0.48703
0.238 2.29476 0.506846
0.24 2.33393 0.514384
0.242 2.29677 0.509849
0.244 2.18794 0.494074
0.246 2.0154 0.468456
0.248 1.78989 0.434864
0.25 1.52436 0.395519
0.252 1.23321 0.352856
0.254 0.931523 0.309381
0.256 0.63431 0.267517
0.258 0.355697 0.229464
0.26 0.108232 0.197064
0.262 -0.0977441 0.171692
0.264 -0.254592 0.154176
0.266 -0.357735 0.14474
0.268 -0.405849 0.142989
0.27 -0.400891 0.147923
0.272 -0.347955 0.157993
0.274 -0.254962 0.171183
0.276 -0.132218 0.18512
0.278 0.00816994 0.197211
0.28 0.15295 0.204791
0.282 0.288459 0.205283
0.284 0.401369 0.19635
0.286 0.479426 0.176046
0.288 0.512129 0.142942
0.29 0.491335 0.0962377
0.292 0.411736 0.0358331
0.294 0.271201 -0.0376295
0.296 0.0709574 -0.122762
0.298 -0.184398 -0.217464
0.3 -0.487057 -0.318998
0.302 -0.826322 -0.424092
0.304 -1.18908 -0.529079
0.306 -1.56039 -0.630051
0.308 -1.92419 -0.72304
0.31 -2.26405 -0.804193
0.312 -2.56395 -0.869959
0.314 -2.80906 -0.917253
0.316 -2.98644 -0.943611
0.318 -3.08573 -0.947312
0.32 -3.09961 -0.927472
0.322 -3.0242 -0.884099
0.324 -2.8593 -0.818108
0.326 -2.60842 -0.731293
0.328 -2.27864 -0.626261
0.33 -1.88034 -0.50633
0.332 -1.42676 -0.375393
0.334 -0.933396 -0.23775
0.336 -0.417317 -0.0979365
0.338 0.103556 0.0394759
0.34 0.611263 0.170067
0.342 1.08858 0.289754
0.344 1.51976 0.394959
0.346 1.89119 0.482755
0.348 2.19199 0.550973
0.35 2.41436 0.59829
0.352 2.55394 0.624256
0.354 2.60988 0.629302
0.356 2.58475 0.614691
0.358 2.48441 0.582442
0.36 2.31758 0.535218
0.362 2.09536 0.476182
0.364 1.83068 0.408842
0.366 1.53758 0.336874
0.368 1.23058 0.263946
0.37 0.923926 0.193547
0.372 0.630952 0.128826
0.374 0.363472 0.072455
0.376 0.131276 0.0265162
0.378 -0.0582698 -0.00757824
0.38 -0.200477 -0.0291292
0.382 -0.293457 -0.0381584
0.384 -0.338093 -0.0353785
0.386 -0.337872 -0.0221284
0.388 -0.298585 -0.000277896
0.39 -0.227926 0.0278934
0.392 -0.134987 0.0598359
0.394 -0.0297053 0.0928816
0.396 0.0777313 0.124399
0.398 0.177472 0.151942
0.4 0.260566 0.173389
0.402 0.319464 0.187061
0.404 0.348436 0.191811
0.406 0.343881 0.18709
0.408 0.304518 0.172972
0.41 0.231446 0.150152
0.412 0.128066 0.119901
0.414 -0.000120064 0.0839996
0.416 -0.145832 0.0446354
0.418 -0.30043 0.00428065
0.42 -0.454414 -0.0344456
0.422 -0.597972 -0.0689254
0.424 -0.721544 -0.0966906
0.426 -0.816384 -0.115565
0.428 -0.875076 -0.123794
0.43 -0.891983 -0.120149
0.432 -0.863601 -0.104013
0.434 -0.788809 -0.0754268
0.436 -0.668981 -0.0351092
0.438 -0.507981 0.0155624
0.44 -0.312008 0.0746026
0.442 -0.089333 0.139502
0.444 0.150092 0.207336
0.446 0.395106 0.2749
0.448 0.633887 0.338854
0.45 0.854543 0.395884
0.452 1.0457 0.442854
0.454 1.19712 0.476959
0.456 1.30016 0.495862
0.458 1.34832 0.497805
0.46 1.33754 0.481704
0.462 1.26647 0.447199
0.464 1.13657 0.394682
0.466 0.952084 0.325288
0.468 0.719895 0.240849
0.47 0.449206 0.143815
0.472 0.151145 0.0371535
0.474 -0.161742 -0.0757798
0.476 -0.476071 -0.191387
0.478 -0.778247 -0.30598
0.48 -1.0551 -0.415941
0.482 -1.29451 -0.517874
0.484 -1.48598 -0.608742
0.486 -1.62114 -0.685993
0.488 -1.69414 -0.747659
0.49 -1.70193 -0.79242
0.492 -1.64445 -0.819647
0.494 -1.52455 -0.829402
0.496 -1.34795 -0.822418
0.498 -1.12292 -0.800033
0.4 0.00680218 0.00425472
0.8 0.00691065 0.00427049
1.2 0.00709073 0.00429673
1.6 0.00734138 0.00433336
2 0.00766115 0.00438026
2.4 0.00804814 0.00443729
2.8 0.00850005 0.00450424
3.2 0.00901415 0.00458086
3.6 0.00958727 0.00466685
4 0.0102158 0.00476182
4.4 0.0108959 0.00486533
4.8 0.0116229 0.00497685
5.2 0.0123923 0.00509575
5.6 0.0131986 0.00522135
6 0.0140366 0.00535283
6.4 0.0149002 0.00548932
6.8 0.0157835 0.00562983
7.2 0.0166799 0.00577328
7.6 0.0175829 0.00591854
8 0.0184859 0.00606436
8.4 0.0193819 0.00620945
8.8 0.0202644 0.00635246
9.2 0.0211264 0.00649198
9.6 0.0219614 0.00662661
10 0.022763 0.00675489
10.4 0.0235251 0.00687541
10.8 0.0242419 0.00698677
11.2 0.0249082 0.0070876
11.6 0.0255191 0.00717661
12 0.0260704 0.00725257
12.4 0.0265586 0.00731438
12.8 0.0269808 0.007361
13.2 0.0273347 0.00739155
13.6 0.0276191 0.00740528
14 0.0278333 0.00740157
14.4 0.0279776 0.00737995
14.8 0.0280529 0.00734013
15.2 0.028061 0.00728195
15.6 0.0280045 0.00720539
16 0.0278866 0.00711061
16.4 0.0277113 0.00699788
16.8 0.0274831 0.00686761
17.2 0.027207 0.00672034
17.6 0.0268885 0.00655668
18 0.0265335 0.00637735
18.4 0.0261479 0.00618314
18.8 0.0257382 0.00597487
19.2 0.0253106 0.00575341
19.6 0.0248712 0.00551965
20 0.0244263 0.00527446
20.4 0.0239815 0.0050187
20.8 0.0235424 0.0047532
21.2 0.0231141 0.00447873
21.6 0.022701 0.00419602
22 0.0223071 0.00390571
22.4 0.0219359 0.00360839
22.8 0.0215899 0.00330454
23.2 0.0212712 0.0029946
23.6 0.0209811 0.00267889
24 0.0207202 0.00235769
24.4 0.0204884 0.00203121
24.8 0.0202849 0.00169959
25.2 0.0201085 0.00136293
25.6 0.0199573 0.0010213
26 0.0198289 0.000674761
26.4 0.0197205 0.000323375
26.8 0.019629 -3.27818e-05
27.2 0.0195511 -0.00039359
27.6 0.0194832 -0.000758874
28 0.0194219 -0.00112838
28.4 0.0193636 -0.00150177
28.8 0.0193048 -0.00187857
29.2 0.0192424 -0.00225821
29.6 0.0191735 -0.00263996
30 0.0190954 -0.00302294
30.4 0.0190061 -0.00340611
30.8 0.0189037 -0.00378825
31.2 0.0187871 -0.00416799
31.6 0.0186557 -0.00454377
32 0.0185091 -0.00491385
32.4 0.0183477 -0.00527634
32.8 0.0181725 -0.00562919
33.2 0.0179846 -0.00597018
33.6 0.0177859 -0.00629698
34 0.0175784 -0.00660715
34.4 0.0173646 -0.00689815
34.8 0.0171471 -0.00716737
35.2 0.0169288 -0.00741215
35.6 0.0167126 -0.00762985
36 0.0165012 -0.00781781
36.4 0.0162976 -0.00797345
36.8 0.0161042 -0.00809424
37.2 0.0159233 -0.00817779
37.6 0.0157569 -0.00822186
38 0.0156064 -0.00822439
38.4 0.0154728 -0.00818354
38.8 0.0153565 -0.00809772
39.2 0.0152574 -0.00796561
39.6 0.0151745 -0.00778621
40 0.0151064 -0.00755885
40.4 0.0150508 -0.00728322
40.8 0.0150051 -0.00695937
41.2 0.0149658 -0.00658777
41.6 0.0149289 -0.00616925
42 0.0148897 -0.00570508
42.4 0.0148434 -0.00519694
42.8 0.0147845 -0.00464688
43.2 0.0147074 -0.0040574
43.6 0.0146063 -0.00343135
44 0.0144753 -0.00277196
44.4 0.0143085 -0.00208282
44.8 0.0141004 -0.00136784
45.2 0.0138455 -0.000631208
45.6 0.013539 0.000122609
46 0.0131766 0.000888924
46.4 0.0127545 0.00166286
46.8 0.01227 0.00243941
47.2 0.011721 0.00321344
47.6 0.0111066 0.00397976
48 0.0104269 0.00473318
48.4 0.00968316 0.00546851
48.8 0.00887778 0.00618066
49.2 0.00801443 0.00686461
49.6 0.007098 0.00751552
50 0.0061346 0.00812872
50.4 0.00513155 0.00869976
50.8 0.00409732 0.00922445
51.2 0.00304144 0.00969887
51.6 0.00197446 0.0101194
52 0.000907803 0.0104828
52.4 -0.00014635 0.0107861
52.8 -0.0011752 0.0110268
53.2 -0.00216548 0.0112026
53.6 -0.00310365 0.0113118
54 -0.00397605 0.0113529
54.4 -0.00476911 0.011325
54.8 -0.00546954 0.0112275
55.2 -0.00606453 0.0110601
55.6 -0.00654194 0.0108231
56 -0.0068905 0.0105171
56.4 -0.0071 0.0101433
56.8 -0.00716148 0.00970297
57.2 -0.00706735 0.00919808
57.6 -0.00681162 0.00863088
58 -0.00638998 0.00800407
58.4 -0.00579989 0.00732072
58.8 -0.00504074 0.00658432
59.2 -0.00411388 0.00579873
59.6 -0.00302263 0.00496822
60 -0.00177236 0.00409742
60.4 -0.0003704 0.00319131
60.8 0.00117394 0.00225524
61.2 0.00284949 0.00129488
61.6 0.00464329 0.000316193
62 0.00654075 -0.000674568
62.4 0.00852575 -0.00167091
62.8 0.0105809 -0.00266614
63.2 0.0126876 -0.00365339
63.6 0.0148266 -0.00462568
64 0.0169776 -0.00557599
64.4 0.0191201 -0.00649729
64.8 0.0212335 -0.0073826
65.2 0.0232971 -0.0082251
65.6 0.0252908 -0.00901817
66 0.0271949 -0.00975547
66.4 0.0289907 -0.010431
66.8 0.0306605 -0.0110392
67.2 0.0321879 -0.0115752
67.6 0.0335583 -0.0120343
68 0.0347585 -0.0124128
68.4 0.0357774 -0.0127077
68.8 0.0366059 -0.0129166
69.2 0.037237 -0.0130381
69.6 0.0376659 -0.0130715
70 0.0378901 -0.013017
70.4 0.0379093 -0.0128759
70.8 0.0377254 -0.0126502
71.2 0.0373427 -0.0123427
71.6 0.0367674 -0.0119574
72 0.0360078 -0.0114987
72.4 0.0350739 -0.0109721
72.8 0.0339775 -0.0103836
73.2 0.0327319 -0.00973974
73.6 0.0313517 -0.00904781
74 0.0298524 -0.00831531
74.4 0.0282505 -0.00755008
74.8 0.0265631 -0.00676015
75.2 0.0248074 -0.00595355
75.6 0.0230009 -0.00513828
76 0.021161 -0.00432211
76.4 0.0193045 -0.00351248
76.8 0.017448 -0.00271638
77.2 0.0156068 -0.00194027
77.6 0.0137957 -0.00118995
78 0.0120282 -0.000470459
78.4 0.0103164 0.000213934
78.8 0.00867127 0.000859844
79.2 0.00710218 0.00146478
79.6 0.00561705 0.00202717
80 0.00422226 0.00254636
80.4 0.00292266 0.00302259
80.8 0.00172161 0.00345697
81.2 0.000620983 0.00385141
81.6 -0.000378701 0.00420856
82 -0.00127822 0.00453171
82.4 -0.00207953 0.0048247
82.8 -0.00278562 0.00509177
83.2 -0.00340041 0.00533752
83.6 -0.00392858 0.00556669
84 -0.00437541 0.00578409
84.4 -0.00474665 0.00599445
84.8 -0.00504836 0.00620228
85.2 -0.00528676 0.00641177
85.6 -0.00546807 0.00662667
86 -0.00559842 0.00685017
86.4 -0.00568371 0.00708483
86.8 -0.0057295 0.00733251
87.2 -0.00574096 0.00759428
87.6 -0.00572274 0.00787043
88 -0.00567896 0.00816042
88.4 -0.00561317 0.00846288
88.8 -0.00552833 0.00877565
89.2 -0.0054268 0.00909581
89.6 -0.00531038 0.00941974
90 -0.0051803 0.00974319
90.4 -0.00503731 0.0100614
90.8 -0.00488172 0.0103691
91.2 -0.00471345 0.0106608
91.6 -0.00453211 0.0109309
92 -0.0043371 0.0111734
92.4 -0.00412765 0.0113827
92.8 -0.00390292 0.0115533
93.2 -0.00366209 0.0116801
93.6 -0.0034044 0.0117581
94 -0.00312925 0.0117832
94.4 -0.00283624 0.011752
94.8 -0.00252521 0.0116614
95.2 -0.00219632 0.0115096
95.6 -0.00185003 0.0112954
96 -0.00148714 0.0110184
96.4 -0.00110882 0.0106793
96.8 -0.00071657 0.0102797
97.2 -0.000312198 0.00982196
97.6 0.000102167 0.00930934
98 0.00052414 0.00874589
98.4 0.00095111 0.0081364
98.8 0.00138029 0.00748626
99.2 0.00180879 0.00680143
99.6 0.00223363 0.00608829
100 0.00265184 0.00535354
100.4 0.00306049 0.00460411
100.8 0.00345677 0.00384701
101.2 0.00383803 0.00308923
101.6 0.00420182 0.00233764
102 0.00454593 0.00159884
102.4 0.00486846 0.000879127
102.8 0.0051678 0.000184332
103.2 0.00544269 -0.000480204
103.6 0.00569218 -0.00110972
104 0.0059157 -0.00170009
104.4 0.006113 -0.00224784
104.8 0.00628416 -0.0027502
105.2 0.00642956 -0.00320511
105.6 0.00654986 -0.0036112
106 0.00664595 -0.0039678
106.4 0.00671895 -0.00427487
106.8 0.00677012 -0.004533
107.2 0.00680086 -0.00474337
107.6 0.00681264 -0.00490765
108 0.00680696 -0.00502795
108.4 0.00678534 -0.00510679
108.8 0.00674924 -0.00514698
109.2 0.00670004 -0.00515157
109.6 0.00663904 -0.00512379
110 0.00656739 -0.00506697
110.4 0.00648609 -0.00498445
110.8 0.00639599 -0.00487958
111.2 0.00629779 -0.00475561
111.6 0.006192 -0.00461565
112 0.00607899 -0.00446266
112.4 0.00595898 -0.00429938
112.8 0.00583205 -0.00412834
113.2 0.00569821 -0.00395181
113.6 0.00555733 -0.00377182
114 0.00540929 -0.00359011
114.4 0.00525389 -0.0034082
114.8 0.00509096 -0.00322735
115.2 0.00492037 -0.00304859
115.6 0.00474202 -0.00287274
116 0.00455592 -0.00270044
116.4 0.00436217 -0.00253216
116.8 0.004161 -0.00236822
117.2 0.00395279 -0.00220885
117.6 0.00373805 -0.00205417
118 0.00351746 -0.00190425
118.4 0.00329183 -0.00175912
118.8 0.00306213 -0.00161878
119.2 0.00282947 -0.00148323
119.6 0.00259507 -0.00135248
120 0.00236024 -0.00122655
120.4 0.00212639 -0.0011055
120.8 0.00189497 -0.000989418
121.2 0.00166745 -0.000878407
121.6 0.0014453 -0.000772609
122 0.00122995 -0.000672184
122.4 0.00102279 -0.000577309
122.8 0.000825072 -0.000488164
123.2 0.000637978 -0.000404929
123.6 0.000462526 -0.000327769
124 0.00029958 -0.000256824
124.4 0.000149825 -0.000192202
124.8 1.37631e-05 -0.000133966
125.2 -0.000108303 -8.2132e-05
125.6 -0.000216267 -3.66564e-05
126 -0.000310219 2.56412e-06
126.4 -0.000390439 3.56964e-05
126.8 -0.000457387 6.29713e-05
127.2 -0.000511688 8.46814e-05
127.6 -0.000554117 0.000101178
128 -0.000585571 0.000112866
128.4 -0.000607057 0.000120194
128.8 -0.000619656 0.000123651
129.2 -0.000624506 0.000123752
129.6 -0.000622772 0.000121028
130 -0.000615621 0.00011602
130.4 -0.000604199 0.000109263
130.8 -0.000589607 0.000101274
131.2 -0.000572879 9.25495e-05
131.6 -0.000554967 8.35486e-05
132 -0.000536723 7.46887e-05
132.4 -0.00051889 6.63374e-05
132.8 -0.000502092 5.88076e-05
133.2 -0.000486829 5.23537e-05
133.6 -0.000473477 4.71692e-05
134 -0.000462288 4.33866e-05
134.4 -0.000453399 4.10781e-05
134.8 -0.000446835 4.02588e-05
135.2 -0.000442523 4.08903e-05
135.6 -0.000440307 4.2886e-05
136 -0.000439954 4.61176e-05
136.4 -0.00044118 5.04215e-05
136.8 -0.000443658 5.56069e-05
137.2 -0.000447036 6.14631e-05
137.6 -0.000450956 6.77677e-05
138 -0.000455065 7.42938e-05
138.4 -0.000459029 8.08177e-05
138.8 -0.000462549 8.71249e-05
139.2 -0.000465366 9.30167e-05
139.6 -0.000467272 9.83147e-05
140 -0.000468114 0.000102865
140.4 -0.0004678 0.000106541
140.8 -0.000466296 0.000109245
141.2 -0.00046363 0.000110911
141.6 -0.000459884 0.000111501
142 -0.000455191 0.000111009
142.4 -0.000449726 0.000109453
142.8 -0.000443702 0.000106879
143.2 -0.000437357 0.000103351
143.6 -0.000430944 9.89551e-05
144 -0.000424722 9.37885e-05
144.4 -0.000418946 8.79603e-05
144.8 -0.000413856 8.15858e-05
145.2 -0.000409668 7.47828e-05
145.6 -0.000406566 6.76685e-05
146 -0.000404695 6.03559e-05
146.4 -0.000404154 5.29514e-05
146.8 -0.000404995 4.55524e-05
147.2 -0.000407219 3.82458e-05
147.6 -0.000410774 3.11068e-05
148 -0.00041556 2.41978e-05
148.4 -0.000421426 1.75693e-05
148.8 -0.000428181 1.12592e-05
149.2 -0.000435593 5.29423e-06
149.6 -0.0004434 -3.0906e-07
150 -0.000451318 -5.54313e-06
150.4 -0.000459045 -1.04077e-05
150.8 -0.000466274 -1.49084e-05
151.2 -0.0004727 -1.90546e-05
151.6 -0.00047803 -2.28584e-05
152 -0.000481987 -2.63328e-05
152.4 -0.000484325 -2.94904e-05
152.8 -0.000484829 -3.23425e-05
153.2 -0.000483323 -3.48982e-05
153.6 -0.000479675 -3.71639e-05
154 -0.000473802 -3.9143e-05
154.4 -0.000465669 -4.08361e-05
154.8 -0.000455288 -4.22409e-05
155.2 -0.000442725 -4.33531e-05
155.6 -0.000428089 -4.41668e-05
156 -0.000411533 -4.46755e-05
156.4 -0.00039325 -4.48732e-05
156.8 -0.000373467 -4.47547e-05
157.2 -0.000352439 -4.43173e-05
157.6 -0.000330442 -4.35612e-05
158 -0.000307766 -4.24905e-05
158.4 -0.000284709 -4.11137e-05
158.8 -0.000261571 -3.94443e-05
159.2 -0.000238642 -3.75009e-05
159.6 -0.000216202 -3.53073e-05
160 -0.000194513 -3.28924e-05
160.4 -0.00017381 -3.02898e-05
160.8 -0.000154302 -2.7537e-05
161.2 -0.000136167 -2.46749e-05
161.6 -0.000119547 -2.17467e-05
162 -0.000104552 -1.8797e-05
162.4 -9.12504e-05 -1.58707e-05
162.8 -7.96796e-05 -1.30118e-05
163.2 -6.984e-05 -1.02623e-05
163.6 -6.16998e-05 -7.66107e-06
164 -5.51972e-05 -5.24303e-06
164.4 -5.02437e-05 -3.03814e-06
164.8 -4.67279e-05 -1.07071e-06
165.2 -4.45192e-05 6.41063e-07
165.6 -4.34724e-05 2.08551e-06
166 -4.3432e-05 3.25761e-06
166.4 -4.42363e-05 4.1589e-06
166.8 -4.57218e-05 4.79728e-06
167.2 -4.77266e-05 5.18653e-06
167.6 -5.00946e-05 5.3457e-06
168 -5.26777e-05 5.29845e-06
168.4 -5.53395e-05 5.07208e-06
168.8 -5.79564e-05 4.6967e-06
169.2 -6.042e-05 4.20422e-06
169.6 -6.26375e-05 3.62734e-06
170 -6.45327e-05 2.99863e-06
170.4 -6.60462e-05 2.34958e-06
170.8 -6.71345e-05 1.70978e-06
171.2 -6.77695e-05 1.10622e-06
171.6 -6.79378e-05 5.62651e-07
172 -6.76388e-05 9.91385e-08
172.4 -6.68833e-05 -2.68256e-07
172.8 -6.56921e-05 -5.27646e-07
173.2 -6.40938e-05 -6.71339e-07
173.6 -6.21236e-05 -6.95725e-07
174 -5.98212e-05 -6.01034e-07
174.4 -5.72292e-05 -3.90987e-07
174.8 -5.43918e-05 -7.23578e-08
175.2 -5.13537e-05 3.45528e-07
175.6 -4.81583e-05 8.51342e-07
176 -4.48476e-05 1.43232e-06
176.4 -4.14611e-05 2.07481e-06
176.8 -3.80351e-05 2.76485e-06
177.2 -3.46029e-05 3.48859e-06
177.6 -3.11941e-05 4.23278e-06
178 -2.78352e-05 4.98513e-06
178.4 -2.45492e-05 5.73453e-06
178.8 -2.13558e-05 6.47131e-06
179.2 -1.82722e-05 7.18726e-06
179.6 -1.5313e-05 7.87572e-06
180 -1.24903e-05 8.5315e-06
180.4 -9.81446e-06 9.1507e-06
180.8 -7.29428e-06 9.73059e-06
181.2 -4.93696e-06 1.02694e-05
181.6 -2.74843e-06 1.07659e-05
182 -7.33446e-07 1.12194e-05
182.4 1.1044e-06 1.16293e-05
182.8 2.76271e-06 1.19949e-05
183.2 4.24035e-06 1.23153e-05
183.6 5.53758e-06 1.25891e-05
184 6.65615e-06 1.28144e-05
184.4 7.59952e-06 1.29886e-05
184.8 8.37296e-06 1.31087e-05
185.2 8.98366e-06 1.31712e-05
185.6 9.44085e-06 1.31721e-05
186 9.75584e-06 1.31074e-05
186.4 9.94194e-06 1.2973e-05
186.8 1.00144e-05 1.27651e-05
187.2 9.99033e-06 1.24807e-05
187.6 9.8882e-06 1.21174e-05
188 9.72783e-06 1.16739e-05
188.4 9.52982e-06 1.11504e-05
188.8 9.31519e-06 1.05483e-05
189.2 9.10488e-06 9.87114e-06
189.6 8.91928e-06 9.12381e-06
190 8.77768e-06 8.31319e-06
190.4 8.69782e-06 7.44785e-06
190.8 8.69539e-06 6.53801e-06
191.2 8.78359e-06 5.59535e-06
191.6 8.97279e-06 4.63279e-06
192 9.27023e-06 3.66415e-06
192.4 9.6798e-06 2.70384e-06
192.8 1.02019e-05 1.76651e-06
193.2 1.08336e-05 8.66596e-07
193.6 1.15685e-05 1.79643e-08
194 1.2397e-05 -7.66503e-07
194.4 1.33067e-05 -1.47527e-06
194.8 1.42827e-05 -2.09851e-06
195.2 1.53079e-05 -2.62833e-06
195.6 1.63638e-05 -3.05909e-06
196 1.74309e-05 -3.38748e-06
196.4 1.84892e-05 -3.61265e-06
196.8 1.9519e-05 -3.73623e-06
197.2 2.05011e-05 -3.76221e-06
197.6 2.14179e-05 -3.69686e-06
198 2.22532e-05 -3.54847e-06
198.4 2.29933e-05 -3.32709e-06
198.8 2.36267e-05 -3.04421e-06
199.2 2.41449e-05 -2.71236e-06
199.6 2.45424e-05 -2.34474e-06
200 2.48163e-05 -1.95479e-06
200.4 2.49671e-05 -1.55579e-06
200.8 2.49978e-05 -1.16044e-06
201.2 2.49143e-05 -7.80516e-07
201.6 2.47246e-05 -4.26515e-07
202 2.44388e-05 -1.07395e-07
202.4 2.40683e-05 1.69655e-07
202.8 2.36259e-05 3.99359e-07
203.2 2.31249e-05 5.78446e-07
203.6 2.25787e-05 7.05653e-07
204 2.20005e-05 7.8167e-07
204.4 2.14028e-05 8.09009e-07
204.8 2.07968e-05 7.91826e-07
205.2 2.01927e-05 7.35675e-07
205.6 1.95987e-05 6.47235e-07
206 1.90212e-05 5.33998e-07
206.4 1.8465e-05 4.03941e-07
206.8 1.79325e-05 2.65192e-07
207.2 1.74244e-05 1.25708e-07
207.6 1.69399e-05 -7.03629e-09
208 1.64761e-05 -1.26323e-07
208.4 1.60293e-05 -2.26427e-07
208.8 1.55944e-05 -3.02807e-07
209.2 1.5166e-05 -3.52243e-07
209.6 1.4738e-05 -3.72911e-07
210 1.43046e-05 -3.64406e-07
210.4 1.38602e-05 -3.27704e-07
210.8 1.34e-05 -2.6507e-07
211.2 1.29201e-05 -1.79918e-07
211.6 1.24179e-05 -7.66253e-08
212 1.1892e-05 3.96844e-08
212.4 1.13428e-05 1.63383e-07
212.8 1.07721e-05 2.88596e-07
213.2 1.01835e-05 4.0946e-07
213.6 9.58173e-06 5.2038e-07
214 8.97333e-06 6.16265e-07
214.4 8.36584e-06 6.92733e-07
214.8 7.76781e-06 7.46297e-07
215.2 7.18851e-06 7.74493e-07
215.6 6.63761e-06 7.75976e-07
216 6.12489e-06 7.50563e-07
216.4 5.6599e-06 6.99223e-07
216.8 5.25166e-06 6.24033e-07
217.2 4.90838e-06 5.28073e-07
217.6 4.63715e-06 4.15292e-07
218 4.44375e-06 2.90339e-07
218.4 4.33248e-06 1.58364e-07
218.8 4.30597e-06 2.48038e-08
219.2 4.36517e-06 -1.04841e-07
219.6 4.50926e-06 -2.25227e-07
220 4.73575e-06 -3.31388e-07
220.4 5.04051e-06 -4.18924e-07
220.8 5.41793e-06 -4.84177e-07
221.2 5.86109e-06 -5.24368e-07
221.6 6.36198e-06 -5.37702e-07
222 6.91174e-06 -5.23428e-07
222.4 7.50089e-06 -4.81857e-07
222.8 8.11962e-06 -4.14343e-07
223.2 8.75806e-06 -3.23216e-07
223.6 9.40651e-06 -2.11681e-07
224 1.00557e-05 -8.3683e-08
224.4 1.06969e-05 5.62575e-08
224.8 1.13224e-05 2.03227e-07
225.2 1.19252e-05 3.52117e-07
225.6 1.24994e-05 4.97824e-07
226 1.30403e-05 6.35454e-07
226.4 1.35441e-05 7.60503e-07
226.8 1.40084e-05 8.69035e-07
227.2 1.44316e-05 9.57826e-07
227.6 1.4813e-05 1.02448e-06
228 1.51529e-05 1.0675e-06
228.4 1.54521e-05 1.08637e-06
228.8 1.57121e-05 1.08149e-06
229.2 1.59346e-05 1.05424e-06
229.6 1.61215e-05 1.00683e-06
230 1.62749e-05 9.42238e-07
230.4 1.63967e-05 8.64074e-07
230.8 1.64885e-05 7.7643e-07
231.2 1.65518e-05 6.83704e-07
231.6 1.65877e-05 5.90423e-07
232 1.65967e-05 5.01063e-07
232.4 1.65791e-05 4.19866e-07
232.8 1.65347e-05 3.50678e-07
233.2 1.64631e-05 2.96798e-07
233.6 1.63634e-05 2.60849e-07
234 1.62347e-05 2.44687e-07
234.4 1.6076e-05 2.4933e-07
234.8 1.58863e-05 2.7493e-07
235.2 1.56649e-05 3.20772e-07
235.6 1.54112e-05 3.8531e-07
236 1.51252e-05 4.66241e-07
236.4 1.48072e-05 5.60596e-07
236.8 1.44582e-05 6.64868e-07
237.2 1.408e-05 7.75154e-07
237.6 1.36747e-05 8.87308e-07
238 1.32454e-05 9.97108e-07
238.4 1.27957e-05 1.10042e-06
238.8 1.23298e-05 1.19336e-06
239.2 1.18525e-05 1.27245e-06
239.6 1.13691e-05 1.33471e-06
240 1.0885e-05 1.37784e-06
240.4 1.0406e-05 1.40022e-06
240.8 9.93775e-06 1.40102e-06
241.2 9.48589e-06 1.38022e-06
241.6 9.05576e-06 1.33857e-06
242 8.65229e-06 1.27756e-06
242.4 8.27985e-06 1.1994e-06
242.8 7.94216e-06 1.10685e-06
243.2 7.64214e-06 1.00316e-06
243.6 7.38191e-06 8.91917e-07
244 7.16267e-06 7.76922e-07
244.4 6.98474e-06 6.62012e-07
244.8 6.84753e-06 5.50929e-07
245.2 6.74958e-06 4.47176e-07
245.6 6.68865e-06 3.53884e-07
246 6.66179e-06 2.73695e-07
246.4 6.66544e-06 2.0867e-07
246.8 6.69557e-06 1.60221e-07
247.2 6.74782e-06 1.29063e-07
247.6 6.81763e-06 1.15201e-07
248 6.9004e-06 1.17944e-07
248.4 6.99161e-06 1.35941e-07
248.8 7.08697e-06 1.67249e-07
249.2 7.18255e-06 2.0942e-07
249.6 7.27485e-06 2.59603e-07
250 7.36092e-06 3.14673e-07
250.4 7.43837e-06 3.71352e-07
250.8 7.50547e-06 4.26347e-07
251.2 7.56112e-06 4.76482e-07
251.6 7.60481e-06 5.18824e-07
252 7.63664e-06 5.50795e-07
252.4 7.65722e-06 5.70276e-07
252.8 7.66762e-06 5.75684e-07
253.2 7.66925e-06 5.66026e-07
253.6 7.66378e-06 5.40939e-07
254 7.653e-06 5.00693e-07
254.4 7.63876e-06 4.46173e-07
254.8 7.62282e-06 3.78841e-07
255.2 7.60676e-06 3.0067e-07
255.6 7.59191e-06 2.1406e-07
256 7.57925e-06 1.21739e-07
256.4 7.56936e-06 2.66526e-08
256.8 7.56241e-06 -6.81552e-08
257.2 7.55809e-06 -1.59663e-07
257.6 7.55567e-06 -2.4499e-07
258 7.554e-06 -3.2151e-07
258.4 7.55153e-06 -3.8695e-07
258.8 7.54641e-06 -4.39475e-07
259.2 7.53657e-06 -4.77759e-07
259.6 7.51977e-06 -5.01026e-07
260 7.49372e-06 -5.09081e-07
260.4 7.45616e-06 -5.02304e-07
260.8 7.40501e-06 -4.81635e-07
261.2 7.33838e-06 -4.48523e-07
261.6 7.25473e-06 -4.04873e-07
262 7.15292e-06 -3.52957e-07
262.4 7.03226e-06 -2.95326e-07
262.8 6.89254e-06 -2.34702e-07
263.2 6.73411e-06 -1.73874e-07
263.6 6.55782e-06 -1.15585e-07
264 6.36505e-06 -6.24211e-08
264.4 6.15766e-06 -1.67194e-08
264.8 5.93794e-06 1.95274e-08
265.2 5.70853e-06 4.47428e-08
265.6 5.47237e-06 5.78242e-08
266 5.23258e-06 5.81807e-08
266.4 4.99239e-06 4.57499e-08
266.8 4.75501e-06 2.09952e-08
267.2 4.52355e-06 -1.51198e-08
267.6 4.30093e-06 -6.11742e-08
268 4.08977e-06 -1.15352e-07
268.4 3.89233e-06 -1.75516e-07
268.8 3.71046e-06 -2.393e-07
269.2 3.54551e-06 -3.04202e-07
269.6 3.39836e-06 -3.67683e-07
270 3.26935e-06 -4.27271e-07
270.4 3.15831e-06 -4.80656e-07
270.8 3.06462e-06 -5.2578e-07
271.2 2.98718e-06 -5.60917e-07
271.6 2.92452e-06 -5.84733e-07
272 2.87486e-06 -5.96341e-07
272.4 2.83614e-06 -5.95326e-07
272.8 2.80619e-06 -5.8176e-07
273.2 2.78274e-06 -5.56192e-07
273.6 2.76353e-06 -5.19626e-07
274 2.74642e-06 -4.7347e-07
274.4 2.72944e-06 -4.19483e-07
274.8 2.71086e-06 -3.59701e-07
275.2 2.68925e-06 -2.96354e-07
275.6 2.66353e-06 -2.31776e-07
276 2.633e-06 -1.68317e-07
276.4 2.59732e-06 -1.08246e-07
276.8 2.55657e-06 -5.3667e-08
277.2 2.51117e-06 -6.43947e-09
277.6 2.46187e-06 3.1893e-08
278 2.40971e-06 6.01577e-08
278.4 2.35597e-06 7.7594e-08
278.8 2.30209e-06 8.38772e-08
279.2 2.24961e-06 7.9126e-08
279.6 2.2001e-06 6.38912e-08
280 2.15507e-06 3.91284e-08
280.4 2.11593e-06 6.15495e-09
280.8 2.08392e-06 -3.34069e-08
281.2 2.06002e-06 -7.76983e-08
281.6 2.04498e-06 -1.247e-07
282 2.03921e-06 -1.72317e-07
282.4 2.0428e-06 -2.18456e-07
282.8 2.05551e-06 -2.61117e-07
283.2 2.0768e-06 -2.98466e-07
283.6 2.1058e-06 -3.28907e-07
284 2.14139e-06 -3.51142e-07
284.4 2.1822e-06 -3.64222e-07
284.8 2.22673e-06 -3.67577e-07
285.2 2.27333e-06 -3.61038e-07
285.6 2.32032e-06 -3.44834e-07
286 2.36602e-06 -3.19585e-07
286.4 2.40885e-06 -2.86268e-07
286.8 2.44734e-06 -2.46178e-07
287.2 2.48025e-06 -2.00871e-07
287.6 2.50655e-06 -1.52099e-07
288 2.52549e-06 -1.01741e-07
288.4 2.53663e-06 -5.17245e-08
288.8 2.53983e-06 -3.95147e-09
289.2 2.53528e-06 3.97797e-08
289.6 2.52347e-06 7.78427e-08
290 2.50517e-06 1.08846e-07
290.4 2.48139e-06 1.31687e-07
290.8 2.45336e-06 1.45591e-07
291.2 2.42245e-06 1.50139e-07
291.6 2.39015e-06 1.45281e-07
292 2.35797e-06 1.31335e-07
292.4 2.32741e-06 1.08969e-07
292.8 2.29988e-06 7.9175e-08
293.2 2.27668e-06 4.32202e-08
293.6 2.25891e-06 2.60021e-09
294 2.24744e-06 -4.1025e-08
294.4 2.24292e-06 -8.58976e-08
294.8 2.24569e-06 -1.30232e-07
295.2 2.2558e-06 -1.72286e-07
295.6 2.27302e-06 -2.10429e-07
296 2.29687e-06 -2.43203e-07
296.4 2.32656e-06 -2.69381e-07
296.8 2.36112e-06 -2.88011e-07
297.2 2.39937e-06 -2.98451e-07
297.6 2.44002e-06 -3.00392e-07
298 2.48166e-06 -2.93862e-07
298.4 2.52287e-06 -2.79228e-07
298.8 2.56225e-06 -2.57171e-07
299.2 2.59847e-06 -2.2866e-07
299.6 2.63031e-06 -1.94908e-07
300 2.65675e-06 -1.57321e-07
300.4 2.67694e-06 -1.17441e-07
300.8 2.69028e-06 -7.68849e-08
301.2 2.69643e-06 -3.72742e-08
301.6 2.69529e-06 -1.75371e-10
302 2.68703e-06 3.29641e-08
302.4 2.67208e-06 6.08719e-08
302.8 2.65109e-06 8.24996e-08
303.2 2.6249e-06 9.70621e-08
303.6 2.59453e-06 1.04067e-07
304 2.5611e-06 1.03329e-07
304.4 2.52584e-06 9.49794e-08
304.8 2.48998e-06 7.94514e-08
305.2 2.45474e-06 5.74643e-08
305.6 2.42126e-06 2.9991e-08
306 2.39059e-06 -1.78344e-09
306.4 2.36362e-06 -3.65108e-08
306.8 2.34105e-06 -7.27349e-08
307.2 2.32339e-06 -1.08951e-07
307.6 2.31092e-06 -1.43665e-07
308 2.3037e-06 -1.75455e-07
308.4 2.30155e-06 -2.03027e-07
308.8 2.3041e-06 -2.25262e-07
309.2 2.31077e-06 -2.41264e-07
309.6 2.32082e-06 -2.50394e-07
310 2.33335e-06 -2.52286e-07
310.4 2.34741e-06 -2.46872e-07
310.8 2.36196e-06 -2.3437e-07
311.2 2.37596e-06 -2.15281e-07
311.6 2.3884e-06 -1.90366e-07
312 2.39835e-06 -1.60613e-07
312.4 2.40498e-06 -1.27195e-07
312.8 2.4076e-06 -9.14253e-08
313.2 2.4057e-06 -5.47023e-08
313.6 2.39896e-06 -1.84555e-08
314 2.38724e-06 1.59123e-08
314.4 2.37063e-06 4.70796e-08
314.8 2.34941e-06 7.38573e-08
315.2 2.32404e-06 9.52349e-08
315.6 2.29516e-06 1.10418e-07
316 2.26354e-06 1.1886e-07
316.4 2.23006e-06 1.20278e-07
316.8 2.19569e-06 1.14666e-07
317.2 2.1614e-06 1.02287e-07
317.6 2.1282e-06 8.36693e-08
318 2.09703e-06 5.95741e-08
318.4 2.06875e-06 3.09701e-08
318.8 2.04412e-06 -1.00871e-09
319.2 2.02375e-06 -3.51086e-08
319.6 2.00807e-06 -7.00059e-08
320 1.99737e-06 -1.0436e-07
320.4 1.99171e-06 -1.36866e-07
320.8 1.99098e-06 -1.66303e-07
321.2 1.99488e-06 -1.91587e-07
321.6 2.00294e-06 -2.11805e-07
322 2.01454e-06 -2.26254e-07
322.4 2.02892e-06 -2.34463e-07
322.8 2.04525e-06 -2.36214e-07
323.2 2.06262e-06 -2.31541e-07
323.6 2.0801e-06 -2.20732e-07
324 2.09677e-06 -2.04313e-07
324.4 2.11176e-06 -1.83023e-07
324.8 2.12428e-06 -1.57786e-07
325.2 2.13363e-06 -1.29669e-07
325.6 2.13928e-06 -9.98409e-08
326 2.14083e-06 -6.95236e-08
326.4 2.13807e-06 -3.99445e-08
326.8 2.13094e-06 -1.22865e-08
327.2 2.11958e-06 1.23577e-08
327.6 2.10428e-06 3.30282e-08
328 2.0855e-06 4.89352e-08
328.4 2.06384e-06 5.94878e-08
328.8 2.03998e-06 6.43167e-08
329.2 2.01472e-06 6.32857e-08
329.6 1.9889e-06 5.64958e-08
330 1.96336e-06 4.42785e-08
330.4 1.93894e-06 2.7181e-08
330.8 1.91644e-06 5.94198e-09
331.2 1.89656e-06 -1.85391e-08
331.6 1.8799e-06 -4.52392e-08
332 1.86694e-06 -7.30535e-08
332.4 1.858e-06 -1.0084e-07
332.8 1.85326e-06 -1.27466e-07
333.2 1.85272e-06 -1.5185e-07
333.6 1.85622e-06 -1.7301e-07
334 1.86345e-06 -1.90097e-07
334.4 1.87397e-06 -2.02427e-07
334.8 1.88718e-06 -2.09513e-07
335.2 1.90243e-06 -2.11076e-07
335.6 1.91897e-06 -2.07058e-07
336 1.93601e-06 -1.97623e-07
336.4 1.95275e-06 -1.83147e-07
336.8 1.9684e-06 -1.64204e-07
337.2 1.98225e-06 -1.41539e-07
337.6 1.99364e-06 -1.16039e-07
338 2.00202e-06 -8.8699e-08
338.4 2.00697e-06 -6.05765e-08
338.8 2.00818e-06 -3.27545e-08
339.2 2.00552e-06 -6.2961e-09
339.6 1.99899e-06 1.77964e-08
340 1.98874e-06 3.86208e-08
340.4 1.97509e-06 5.54097e-08
340.8 1.95844e-06 6.75595e-08
341.2 1.93934e-06 7.46529e-08
341.6 1.9184e-06 7.64738e-08
342 1.89632e-06 7.30142e-08
342.4 1.87381e-06 6.44723e-08
342.8 1.85159e-06 5.12437e-08
343.2 1.83038e-06 3.39035e-08
343.6 1.81082e-06 1.31823e-08
344 1.79351e-06 -1.00639e-08
344.4 1.77892e-06 -3.48888e-08
344.8 1.76743e-06 -6.02933e-08
345.2 1.75929e-06 -8.52662e-08
345.6 1.7546e-06 -1.08824e-07
346 1.75333e-06 -1.30048e-07
346.4 1.75534e-06 -1.48122e-07
346.8 1.76032e-06 -1.62365e-07
347.2 1.76787e-06 -1.72251e-07
347.6 1.7775e-06 -1.77434e-07
348 1.78863e-06 -1.77759e-07
348.4 1.80063e-06 -1.73265e-07
348.8 1.81285e-06 -1.64182e-07
349.2 1.82463e-06 -1.5092e-07
349.6 1.83533e-06 -1.34054e-07
350 1.84438e-06 -1.14295e-07
350.4 1.85126e-06 -9.24634e-08
350.8 1.85556e-06 -6.94563e-08
351.2 1.85696e-06 -4.62088e-08
351.6 1.85526e-06 -2.3658e-08
352 1.8504e-06 -2.70532e-09
352.4 1.84243e-06 1.5819e-08
352.8 1.83152e-06 3.11885e-08
353.2 1.81797e-06 4.28082e-08
353.6 1.80216e-06 5.02378e-08
354 1.78458e-06 5.32076e-08
354.4 1.76576e-06 5.1628e-08
354.8 1.74629e-06 4.5592e-08
355.2 1.72677e-06 3.53699e-08
355.6 1.7078e-06 2.13973e-08
356 1.68995e-06 4.25661e-09
356.4 1.67374e-06 -1.53469e-08
356.8 1.65963e-06 -3.66141e-08
357.2 1.64797e-06 -5.86845e-08
357.6 1.63902e-06 -8.06707e-08
358 1.63295e-06 -1.01694e-07
358.4 1.62978e-06 -1.20918e-07
358.8 1.62944e-06 -1.37583e-07
359.2 1.63175e-06 -1.51036e-07
359.6 1.6364e-06 -1.60752e-07
360 1.64302e-06 -1.66361e-07
360.4 1.65115e-06 -1.67652e-07
360.8 1.66028e-06 -1.6459e-07
361.2 1.66987e-06 -1.5731e-07
361.6 1.67936e-06 -1.46112e-07
362 1.68819e-06 -1.31448e-07
362.4 1.69587e-06 -1.13906e-07
362.8 1.70191e-06 -9.41791e-08
363.2 1.70592e-06 -7.30452e-08
363.6 1.70759e-06 -5.13306e-08
364 1.7067e-06 -2.98787e-08
364.4 1.70314e-06 -9.51682e-09
364.8 1.6969e-06 8.97668e-09
365.2 1.68809e-06 2.49025e-08
365.6 1.6769e-06 3.76675e-08
366 1.66363e-06 4.68071e-08
366.4 1.64865e-06 5.20027e-08
366.8 1.6324e-06 5.30933e-08
367.2 1.61538e-06 5.00801e-08
367.6 1.59809e-06 4.3126e-08
368 1.58106e-06 3.25471e-08
368.4 1.5648e-06 1.87994e-08
368.8 1.54978e-06 2.45995e-09
369.2 1.53642e-06 -1.57975e-08
369.6 1.52509e-06 -3.52292e-08
370 1.51605e-06 -5.50519e-08
370.4 1.5095e-06 -7.44735e-08
370.8 1.50551e-06 -9.27251e-08
371.2 1.50409e-06 -1.0909e-07
371.6 1.50511e-06 -1.22934e-07
372 1.50837e-06 -1.33727e-07
372.4 1.51358e-06 -1.41065e-07
372.8 1.52039e-06 -1.44682e-07
373.2 1.52837e-06 -1.44466e-07
373.6 1.53708e-06 -1.40456e-07
374 1.54601e-06 -1.32839e-07
374.4 1.5547e-06 -1.21948e-07
374.8 1.56268e-06 -1.08241e-07
375.2 1.56951e-06 -9.22834e-08
375.6 1.5748e-06 -7.4727e-08
376 1.57825e-06 -5.62818e-08
376.4 1.57961e-06 -3.76874e-08
376.8 1.57873e-06 -1.96835e-08
377.2 1.57554e-06 -2.98114e-09
377.6 1.57007e-06 1.17661e-08
378 1.56244e-06 2.39872e-08
378.4 1.55285e-06 3.32155e-08
378.8 1.54159e-06 3.91072e-08
379.2 1.52899e-06 4.14533e-08
379.6 1.51546e-06 4.01875e-08
380 1.5014e-06 3.53876e-08
380.4 1.48729e-06 2.72714e-08
380.8 1.47354e-06 1.6187e-08
381.2 1.4606e-06 2.59834e-09
381.6 1.44884e-06 -1.29343e-08
382 1.43861e-06 -2.97769e-08
382.4 1.43019e-06 -4.72477e-08
382.8 1.42378e-06 -6.46443e-08
383.2 1.41951e-06 -8.12714e-08
383.6 1.41741e-06 -9.64691e-08
384 1.41743e-06 -1.09638e-07
384.4 1.41944e-06 -1.20263e-07
384.8 1.42325e-06 -1.27932e-07
385.2 1.42857e-06 -1.32355e-07
385.6 1.43507e-06 -1.3337e-07
386 1.44238e-06 -1.30952e-07
386.4 1.4501e-06 -1.2521e-07
386.8 1.45781e-06 -1.16387e-07
387.2 1.4651e-06 -1.04844e-07
387.6 1.47159e-06 -9.10472e-08
388 1.47692e-06 -7.55495e-08
388.4 1.4808e-06 -5.8967e-08
388.8 1.48296e-06 -4.19547e-08
389.2 1.48326e-06 -2.518e-08
389.6 1.48158e-06 -9.29665e-09
390 1.47791e-06 5.08132e-09
390.4 1.47231e-06 1.74035e-08
390.8 1.46493e-06 2.72043e-08
391.2 1.45596e-06 3.41209e-08
391.6 1.44567e-06 3.79071e-08
392 1.43438e-06 3.84416e-08
392.4 1.42245e-06 3.57324e-08
392.8 1.41025e-06 2.99158e-08
393.2 1.39816e-06 2.12494e-08
393.6 1.38656e-06 1.01017e-08
394 1.3758e-06 -3.06374e-09
394.4 1.36619e-06 -1.77068e-08
394.8 1.35802e-06 -3.32331e-08
395.2 1.35147e-06 -4.90178e-08
395.6 1.34669e-06 -6.44304e-08
396 1.34375e-06 -7.88598e-08
396.4 1.34265e-06 -9.17385e-08
396.8 1.34331e-06 -1.02565e-07
397.2 1.34558e-06 -1.10921e-07
397.6 1.34924e-06 -1.16492e-07
398 1.35404e-06 -1.19073e-07
398.4 1.35967e-06 -1.18582e-07
398.8 1.36578e-06 -1.15058e-07
399.2 1.37203e-06 -1.0866e-07
399.6 1.37804e-06 -9.96586e-08
400 1.38348e-06 -8.84284e-08
