-0.498 0.66029 0.691527
-0.496 0.895076 0.719163
-0.494 1.08786 0.733436
-0.492 1.23002 0.732513
-0.49 1.31536 0.715117
-0.488 1.3403 0.680609
-0.486 1.30413 0.629044
-0.484 1.20893 0.561185
-0.482 1.05953 0.478499
-0.48 0.86319 0.383098
-0.478 0.629281 0.277668
-0.476 0.36879 0.165355
-0.474 0.0937844 0.0496357
-0.472 -0.183176 -0.0658301
-0.47 -0.449647 -0.177361
-0.468 -0.693894 -0.281411
-0.466 -0.905442 -0.37473
-0.464 -1.07556 -0.454498
-0.462 -1.19764 -0.518451
-0.46 -1.26749 -0.564976
-0.458 -1.2835 -0.593177
-0.456 -1.24664 -0.602901
-0.454 -1.16039 -0.594741
-0.452 -1.03049 -0.569994
-0.45 -0.864645 -0.530593
-0.448 -0.672064 -0.479004
-0.446 -0.462992 -0.41811
-0.444 -0.248159 -0.351064
-0.442 -0.0382266 -0.281142
-0.44 0.15676 -0.211589
-0.438 0.327879 -0.14547
-0.436 0.467781 -0.08553
-0.434 0.571044 -0.0340776
-0.432 0.634431 0.00711072
-0.43 0.657024 0.0368568
-0.428 0.640233 0.0546157
-0.426 0.587678 0.0604775
-0.424 0.504952 0.0551366
-0.422 0.399271 0.0398313
-0.42 0.279036 0.0162562
-0.418 0.153333 -0.0135473
-0.416 0.0313851 -0.047316
-0.414 -0.0779945 -0.0826986
-0.412 -0.166934 -0.117392
-0.41 -0.228981 -0.149272
-0.408 -0.259505 -0.176511
-0.406 -0.255995 -0.19768
-0.404 -0.218243 -0.211823
-0.402 -0.148402 -0.218507
-0.4 -0.0509037 -0.217841
-0.398 0.0677507 -0.210464
-0.396 0.199316 -0.197499
-0.394 0.334241 -0.180486
-0.392 0.462184 -0.16128
-0.39 0.572586 -0.141939
-0.388 0.655278 -0.124594
-0.386 0.70107 -0.111309
-0.384 0.702321 -0.103953
-0.382 0.653427 -0.104066
-0.38 0.551222 -0.112753
-0.378 0.395267 -0.130594
-0.376 0.18799 -0.157581
-0.374 -0.0653026 -0.193091
-0.372 -0.356578 -0.235884
-0.37 -0.675361 -0.284145
-0.368 -1.00916 -0.335549
-0.366 -1.34402 -0.387366
-0.364 -1.66512 -0.436578
-0.362 -1.95749 -0.480032
-0.36 -2.20672 -0.514588
-0.358 -2.39968 -0.537285
-0.356 -2.52516 -0.5455
-0.354 -2.57446 -0.537088
-0.352 -2.54188 -0.510519
-0.35 -2.42506 -0.464973
-0.348 -2.22516 -0.400414
-0.346 -1.94688 -0.317628
-0.344 -1.59833 -0.218219
-0.342 -1.19073 -0.10457
-0.34 -0.73796 0.0202334
-0.338 -0.255957 0.152513
-0.336 0.237929 0.28814
-0.334 0.725705 0.4227
-0.332 1.18952 0.551675
-0.33 1.61243 0.670631
-0.328 1.97919 0.775409
-0.326 2.27686 0.862308
-0.324 2.49544 0.928245
-0.322 2.62825 0.970896
-0.32 2.67227 0.9888
-0.318 2.62822 0.981429
-0.316 2.50049 0.949214
-0.314 2.297 0.893533
-0.312 2.02871 0.816648
-0.31 1.70918 0.721611
-0.308 1.35388 0.612129
-0.306 0.979515 0.492403
-0.304 0.603175 0.366943
-0.302 0.241598 0.240372
-0.3 -0.08963 0.117224
-0.298 -0.376784 0.00175179
-0.296 -0.608627 -0.102256
-0.294 -0.77691 -0.191627
-0.292 -0.876733 -0.263933
-0.29 -0.906732 -0.317575
-0.288 -0.869108 -0.351836
-0.286 -0.769469 -0.366882
-0.284 -0.616523 -0.363726
-0.282 -0.421605 -0.344153
-0.28 -0.198089 -0.310609
-0.278 0.0392965 -0.266059
-0.276 0.275229 -0.213827
-0.274 0.494566 -0.157415
-0.272 0.683118 -0.100332
-0.27 0.828374 -0.045915
-0.268 0.920134 0.00283223
-0.266 0.951044 0.043375
-0.264 0.91697 0.0737608
-0.262 0.81723 0.0926964
-0.26 0.654646 0.0995902
-0.258 0.435415 0.0945564
-0.256 0.168825 0.0783831
-0.254 -0.133202 0.0524654
-0.252 -0.456688 0.0187087
-0.25 -0.786301 -0.0205924
-0.248 -1.10611 -0.0628938
-0.246 -1.40041 -0.105551
-0.244 -1.6545 -0.145971
-0.242 -1.85544 -0.18176
-0.24 -1.99278 -0.210856
-0.238 -2.05906 -0.231642
-0.236 -2.05027 -0.243032
-0.234 -1.96609 -0.244532
-0.232 -1.80994 -0.236258
-0.23 -1.58889 -0.218932
-0.228 -1.31333 -0.193829
-0.226 -0.996496 -0.162707
-0.224 -0.653826 -0.127701
-0.222 -0.302215 -0.0911955
-0.22 0.04083 -0.0556866
-0.218 0.358073 -0.0236288
-0.216 0.633431 0.00271173
-0.214 0.852809 0.0213988
-0.212 1.00485 0.0309507
-0.21 1.08157 0.0304427
-0.208 1.07878 0.0195796
-0.206 0.996401 -0.00126342
-0.204 0.838516 -0.0310372
-0.202 0.613239 -0.0680507
-0.2 0.33238 -0.110039
-0.198 0.0109183 -0.154264
-0.196 -0.333685 -0.197643
-0.194 -0.682304 -0.236902
-0.192 -1.01506 -0.268738
-0.19 -1.31227 -0.289993
-0.188 -1.55543 -0.297822
-0.186 -1.72807 -0.28985
-0.184 -1.81666 -0.264315
-0.182 -1.81119 -0.220173
-0.18 -1.70578 -0.157181
-0.178 -1.49899 -0.0759361
-0.176 -1.19392 0.0221234
-0.174 -0.798173 0.134756
-0.172 -0.323547 0.258993
-0.17 0.214444 0.391257
-0.168 0.797213 0.527498
-0.166 1.40389 0.663362
-0.164 2.01219 0.794372
-0.162 2.5994 0.916114
-0.16 3.14331 1.02442
-0.158 3.62315 1.11556
-0.156 4.02046 1.18636
-0.154 4.31987 1.23435
-0.152 4.5097 1.25789
-0.15 4.58241 1.25617
-0.148 4.53491 1.22926
-0.146 4.36863 1.17808
-0.144 4.0894 1.10437
-0.142 3.70718 1.01054
-0.14 3.23558 0.899585
-0.138 2.69125 0.774916
-0.136 2.09314 0.640207
-0.134 1.46167 0.499213
-0.132 0.817898 0.355606
-0.13 0.182597 0.212808
-0.128 -0.424564 0.0738521
-0.126 -0.985812 -0.0587324
-0.124 -1.48595 -0.183008
-0.122 -1.91289 -0.297675
-0.12 -2.2581 -0.402087
-0.118 -2.51676 -0.496222
-0.116 -2.68791 -0.580623
-0.114 -2.77427 -0.656301
-0.112 -2.78199 -0.724624
-0.11 -2.72026 -0.78717
-0.108 -2.60071 -0.845587
-0.106 -2.43685 -0.901441
-0.104 -2.24332 -0.956074
-0.102 -2.03521 -1.01048
-0.1 -1.82732 -1.0652
-0.098 -1.63351 -1.12026
-0.096 -1.46609 -1.17513
-0.094 -1.33528 -1.22871
-0.092 -1.24883 -1.2794
-0.09 -1.2117 -1.32514
-0.088 -1.22592 -1.36356
-0.086 -1.29061 -1.39209
-0.084 -1.40203 -1.40811
-0.082 -1.55388 -1.40912
-0.08 -1.73767 -1.39295
-0.078 -1.94315 -1.35785
-0.076 -2.15889 -1.30268
-0.074 -2.37289 -1.22704
-0.072 -2.57316 -1.13129
-0.07 -2.74841 -1.01667
-0.068 -2.88855 -0.885246
-0.066 -2.98522 -0.739881
-0.064 -3.03219 -0.584155
-0.062 -3.02557 -0.422225
-0.06 -2.96396 -0.258663
-0.058 -2.84841 -0.0982564
-0.056 -2.68218 0.0542034
-0.054 -2.47052 0.194144
-0.052 -2.22015 0.317434
-0.05 -1.93883 0.420591
-0.048 -1.63482 0.500961
-0.046 -1.31635 0.556868
-0.044 -0.991112 0.58772
-0.042 -0.665844 0.594058
-0.04 -0.346012 0.57756
-0.038 -0.035584 0.540984
-0.036 0.26306 0.48806
-0.034 0.549086 0.423329
-0.032 0.823046 0.351937
-0.03 1.0866 0.279401
-0.028 1.34216 0.211341
-0.026 1.59246 0.153206
-0.024 1.84009 0.109997
-0.022 2.08706 0.0860064
-0.02 2.33438 0.0845796
-0.018 2.58169 0.107922
-0.016 2.82708 0.156949
-0.014 3.06693 0.231205
-0.012 3.29595 0.328834
-0.01 3.50734 0.446629
-0.008 3.69305 0.580148
-0.006 3.84423 0.723882
-0.004 3.95161 0.8715
-0.002 4.00611 1.01612
0 3.99932 1.15063
0.002 3.92602 1.26799
0.004 3.77873 1.36164
0.006 3.55421 1.42577
0.008 3.25182 1.45558
0.01 2.87388 1.4476
0.012 2.42582 1.39983
0.014 1.91631 1.31189
0.016 1.35714 1.18508
0.018 0.763046 1.02232
0.02 0.151216 0.828094
0.022 -0.459234 0.608251
0.024 -1.04802 0.36979
0.026 -1.59454 0.120567
0.028 -2.07881 -0.131029
0.03 -2.48244 -0.376418
0.032 -2.78956 -0.607189
0.034 -2.98767 -0.815443
0.036 -3.06832 -0.994115
0.038 -3.0277 -1.13726
0.04 -2.86686 -1.24029
0.042 -2.59179 -1.30012
0.044 -2.21325 -1.31532
0.046 -1.74628 -1.28612
0.048 -1.20956 -1.21434
0.05 -0.624513 -1.10335
0.052 -0.0143535 -0.957873
0.054 0.597047 -0.783727
0.056 1.18626 -0.587604
0.058 1.73142 -0.376756
0.06 2.21319 -0.158679
0.062 2.61564 0.059202
0.064 2.92691 0.269832
0.066 3.13968 0.466806
0.068 3.25132 0.644608
0.07 3.26391 0.798802
0.072 3.18391 0.926162
0.074 3.0217 1.02475
0.076 2.79086 1.09393
0.078 2.50742 1.13431
0.08 2.18892 1.14763
0.082 1.85343 1.13663
0.084 1.5187 1.1048
0.086 1.20119 1.05621
0.088 0.915292 0.995218
0.09 0.672695 0.926233
0.092 0.481822 0.853466
0.094 0.347493 0.780709
0.096 0.270755 0.711138
0.098 0.248894 0.647163
0.1 0.275626 0.590321
0.102 0.341472 0.541223
0.104 0.434269 0.499565
0.106 0.539828 0.464172
0.108 0.642684 0.433115
0.11 0.726915 0.403855
0.112 0.777002 0.373428
0.114 0.778671 0.338654
0.116 0.719699 0.29636
0.118 0.590629 0.2436
0.12 0.385375 0.177866
0.122 0.101667 0.0972752
0.124 -0.258671 0.000723757
0.126 -0.68964 -0.112001
0.128 -1.18118 -0.240155
0.13 -1.71951 -0.382029
0.132 -2.2876 -0.534984
0.134 -2.86589 -0.695543
0.136 -3.43309 -0.859531
0.138 -3.96711 -1.02225
0.14 -4.44604 -1.17867
0.142 -4.84917 -1.3237
0.144 -5.15795 -1.45236
0.146 -5.35689 -1.56006
0.148 -5.43433 -1.64282
0.15 -5.38305 -1.69741
0.152 -5.20071 -1.72158
0.154 -4.89008 -1.7141
0.156 -4.45899 -1.67491
0.158 -3.92013 -1.60504
0.16 -3.29059 -1.50665
0.162 -2.59121 -1.38291
0.164 -1.84573 -1.23787
0.166 -1.07981 -1.07629
0.168 -0.320027 -0.903461
0.17 0.407338 -0.724934
0.172 1.07735 -0.546326
0.174 1.6675 -0.373072
0.176 2.15871 -0.210204
0.178 2.53608 -0.0621502
0.18 2.78959 0.0674388
0.182 2.91446 0.17582
0.184 2.91136 0.261249
0.186 2.78631 0.323022
0.188 2.5504 0.361472
0.19 2.21923 0.377914
0.192 1.81216 0.374551
0.194 1.35138 0.354338
0.196 0.860932 0.320813
0.198 0.365543 0.277914
0.2 -0.110475 0.229768
0.202 -0.544332 0.180494
0.204 -0.915766 0.133995
0.206 -1.20792 0.0937826
0.208 -1.40805 0.062812
0.21 -1.50801 0.0433614
0.212 -1.50455 0.0369422
0.214 -1.39932 0.044253
0.216 -1.19869 0.0651768
0.218 -0.913338 0.0988211
0.22 -0.55761 0.143596
0.222 -0.148782 0.19733
0.224 0.293854 0.257408
0.226 0.749945 0.320934
0.228 1.19907 0.384902
0.23 1.6217 0.446368
0.232 2.00008 0.502613
0.234 2.31903 0.551287
0.236 2.56655 0.590534
0.238 2.73427 0.619075
0.24 2.81775 0.636264
0.242 2.81652 0.642102
0.244 2.73396 0.637214
0.246 2.57702 0.622787
0.248 2.35572 0.60048
0.25 2.08256 0.572304
0.252 1.77184 0.540484
0.254 1.43888 0.507308
0.256 1.09922 0.474979
0.258 0.767871 0.445463
0.26 0.458534 0.420365
0.262 0.18299 0.400816
0.264 -0.049459 0.387392
0.266 -0.232389 0.38007
0.268 -0.362503 0.378215
0.27 -0.439721 0.380606
0.272 -0.467098 0.3855
0.274 -0.450583 0.390723
0.276 -0.398632 0.3938
0.278 -0.321692 0.392092
0.28 -0.231584 0.382961
0.282 -0.14082 0.363929
0.284 -0.0618754 0.332848
0.286 -0.00647831 0.288041
0.288 0.0150769 0.228436
0.29 -0.00546704 0.153668
0.292 -0.0738305 0.0641475
0.294 -0.192829 -0.0389104
0.296 -0.362156 -0.153494
0.298 -0.578332 -0.276847
0.3 -0.834819 -0.405556
0.302 -1.12229 -0.535683
0.304 -1.42908 -0.662915
0.306 -1.74169 -0.782748
0.308 -2.0455 -0.890682
0.31 -2.32543 -0.982423
0.312 -2.56675 -1.05408
0.314 -2.75578 -1.10236
0.316 -2.88062 -1.1247
0.318 -2.93177 -1.11944
0.32 -2.90261 -1.08589
0.322 -2.7898 -1.02439
0.324 -2.5935 -0.936339
0.326 -2.31739 -0.824117
0.328 -1.96857 -0.691035
0.33 -1.55727 -0.541206
0.332 -1.09641 -0.379382
0.334 -0.601031 -0.210771
0.336 -0.0876585 -0.0408296
0.338 0.426458 0.124954
0.34 0.924095 0.28128
0.342 1.38881 0.423247
0.344 1.80566 0.546546
0.346 2.16183 0.647623
0.348 2.44717 0.723818
0.35 2.65457 0.773454
0.352 2.78023 0.795893
0.354 2.82375 0.791538
0.356 2.78804 0.761798
0.358 2.67908 0.709008
0.36 2.50561 0.636311
0.362 2.2786 0.547504
0.364 2.01068 0.446864
0.366 1.71553 0.338954
0.368 1.40717 0.228421
0.37 1.09933 0.119794
0.372 0.804782 0.0172939
0.374 0.534791 -0.0753364
0.376 0.298623 -0.154981
0.378 0.103177 -0.219261
0.38 -0.0472517 -0.266614
0.382 -0.151079 -0.296324
0.384 -0.209391 -0.308522
0.386 -0.225771 -0.304141
0.388 -0.205998 -0.284832
0.39 -0.157642 -0.252854
0.392 -0.0895672 -0.210933
0.394 -0.0113873 -0.16211
0.396 0.0671168 -0.109567
0.398 0.136572 -0.056465
0.4 0.188556 -0.005776
0.402 0.216083 0.0398627
0.404 0.213998 0.0782761
0.406 0.179274 0.107851
0.408 0.111184 0.127604
0.41 0.011346 0.137215
0.412 -0.11636 0.137024
0.414 -0.266005 0.127995
0.416 -0.42993 0.111645
0.418 -0.599174 0.0899435
0.42 -0.763967 0.0651936
0.422 -0.914278 0.0398894
0.424 -1.04038 0.016569
0.426 -1.13341 -0.00233603
0.428 -1.18587 -0.014645
0.43 -1.19212 -0.0185583
0.432 -1.14869 -0.0127674
0.434 -1.05453 0.00346192
0.436 -0.911157 0.0302361
0.438 -0.722637 0.0670145
0.44 -0.49541 0.112624
0.442 -0.23804 0.165307
0.444 0.0391824 0.222802
0.446 0.324722 0.282448
0.448 0.606349 0.341312
0.45 0.871739 0.396333
0.452 1.10907 0.444471
0.454 1.30761 0.48286
0.456 1.45825 0.508947
0.458 1.55398 0.520623
0.46 1.59022 0.51633
0.462 1.56509 0.495142
0.464 1.4795 0.45682
0.466 1.33714 0.401827
0.468 1.14431 0.331315
0.47 0.909651 0.247084
0.472 0.643729 0.151497
0.474 0.358551 0.0473894
0.476 0.0669996 -0.0620612
0.478 -0.217766 -0.173467
0.48 -0.482932 -0.283377
0.482 -0.716627 -0.38842
0.484 -0.908479 -0.485443
0.486 -1.0501 -0.57164
0.488 -1.13547 -0.644662
0.49 -1.16121 -0.702695
0.492 -1.12676 -0.744527
0.494 -1.03435 -0.769576
0.496 -0.888918 -0.777889
0.498 -0.697837 -0.770118
0.4 0.00170904 0.000444214
0.8 0.00188759 0.000452447
1.2 0.00218695 0.00046685
1.6 0.00260977 0.000488463
2 0.00315971 0.000518769
2.4 0.00384136 0.000559729
2.8 0.00466019 0.00061381
3.2 0.00562247 0.000684026
3.6 0.00673515 0.000773976
4 0.00800578 0.000887879
4.4 0.00944239 0.00103061
4.8 0.0110533 0.00120772
5.2 0.0128472 0.00142547
5.6 0.0148326 0.00169082
6 0.0170183 0.0020114
6.4 0.0194127 0.00239554
6.8 0.022024 0.00285217
7.2 0.0248598 0.00339079
7.6 0.0279273 0.00402137
8 0.0312331 0.00475424
8.4 0.0347828 0.00559999
8.8 0.0385815 0.0065693
9.2 0.0426329 0.0076728
9.6 0.04694 0.00892085
10 0.0515047 0.0103234
10.4 0.0563278 0.0118898
10.8 0.0614089 0.0136285
11.2 0.0667464 0.015547
11.6 0.0723375 0.0176514
12 0.0781785 0.0199466
12.4 0.0842643 0.0224355
12.8 0.0905888 0.0251194
13.2 0.0971447 0.0279978
13.6 0.103924 0.0310678
14 0.110917 0.0343244
14.4 0.118113 0.0377604
14.8 0.125502 0.0413662
15.2 0.133072 0.04513
15.6 0.140808 0.0490375
16 0.148699 0.0530725
16.4 0.156729 0.0572164
16.8 0.164884 0.0614489
17.2 0.173147 0.0657478
17.6 0.181502 0.0700894
18 0.189932 0.0744486
18.4 0.198418 0.0787994
18.8 0.206943 0.0831149
19.2 0.215488 0.0873678
19.6 0.224031 0.091531
20 0.232553 0.0955771
20.4 0.241032 0.0994796
20.8 0.249446 0.103213
21.2 0.257771 0.106752
21.6 0.265984 0.110075
22 0.27406 0.113159
22.4 0.281973 0.115987
22.8 0.289697 0.11854
23.2 0.297205 0.120804
23.6 0.304468 0.122768
24 0.311458 0.124422
24.4 0.318147 0.125759
24.8 0.324504 0.126777
25.2 0.330499 0.127475
25.6 0.336104 0.127855
26 0.341288 0.127921
26.4 0.346023 0.127681
26.8 0.35028 0.127146
27.2 0.354031 0.126327
27.6 0.357252 0.125239
28 0.359918 0.123897
28.4 0.362007 0.122321
28.8 0.363499 0.120528
29.2 0.36438 0.118541
29.6 0.364634 0.116379
30 0.364254 0.114065
30.4 0.363234 0.111621
30.8 0.361573 0.10907
31.2 0.359274 0.106434
31.6 0.356347 0.103736
32 0.352804 0.100996
32.4 0.348667 0.0982378
32.8 0.343958 0.09548
33.2 0.338708 0.0927428
33.6 0.332951 0.0900448
34 0.326728 0.0874036
34.4 0.320083 0.0848359
34.8 0.313066 0.0823571
35.2 0.305731 0.0799816
35.6 0.298134 0.0777228
36 0.290337 0.0755928
36.4 0.2824 0.0736028
36.8 0.274388 0.0717628
37.2 0.266367 0.0700818
37.6 0.258402 0.0685678
38 0.250556 0.067228
38.4 0.242894 0.0660685
38.8 0.235474 0.0650944
39.2 0.228355 0.06431
39.6 0.221589 0.0637185
40 0.215225 0.0633223
40.4 0.209305 0.0631227
40.8 0.203866 0.06312
41.2 0.198937 0.0633134
41.6 0.194541 0.063701
42 0.190693 0.0642797
42.4 0.1874 0.0650453
42.8 0.184662 0.065992
43.2 0.182471 0.0671129
43.6 0.18081 0.0683996
44 0.179657 0.0698422
44.4 0.178982 0.0714295
44.8 0.178748 0.0731485
45.2 0.178913 0.0749852
45.6 0.179432 0.0769237
46 0.180255 0.078947
46.4 0.181326 0.0810367
46.8 0.182592 0.0831734
47.2 0.183997 0.0853365
47.6 0.185485 0.0875045
48 0.187 0.0896553
48.4 0.188493 0.0917664
48.8 0.189913 0.0938151
49.2 0.191216 0.0957787
49.6 0.192365 0.0976349
50 0.193325 0.0993619
50.4 0.194072 0.100939
50.8 0.194586 0.102347
51.2 0.194857 0.103567
51.6 0.194881 0.104585
52 0.194663 0.105384
52.4 0.194217 0.105955
52.8 0.193563 0.106288
53.2 0.192731 0.106378
53.6 0.191754 0.10622
54 0.190676 0.105815
54.4 0.189543 0.105166
54.8 0.188407 0.10428
55.2 0.187325 0.103166
55.6 0.186354 0.101837
56 0.185555 0.100309
56.4 0.184989 0.0986007
56.8 0.184715 0.0967332
57.2 0.184792 0.0947302
57.6 0.185275 0.0926174
58 0.186216 0.0904221
58.4 0.187663 0.0881729
58.8 0.189655 0.0858993
59.2 0.192228 0.0836311
59.6 0.195409 0.0813981
60 0.199218 0.0792296
60.4 0.203667 0.0771537
60.8 0.208759 0.0751973
61.2 0.214489 0.0733852
61.6 0.220842 0.0717399
62 0.227799 0.0702812
62.4 0.235327 0.0690257
62.8 0.24339 0.0679868
63.2 0.251943 0.0671742
63.6 0.260934 0.0665939
64 0.270307 0.0662478
64.4 0.279999 0.0661338
64.8 0.289943 0.066246
65.2 0.300069 0.0665745
65.6 0.310306 0.0671056
66 0.320578 0.0678222
66.4 0.330812 0.0687038
66.8 0.340931 0.0697269
67.2 0.350864 0.0708656
67.6 0.360536 0.072092
68 0.369879 0.0733763
68.4 0.378826 0.0746876
68.8 0.387314 0.0759947
69.2 0.395284 0.0772661
69.6 0.402683 0.0784708
70 0.409461 0.079579
70.4 0.415575 0.0805623
70.8 0.420987 0.0813945
71.2 0.425665 0.0820519
71.6 0.429583 0.0825137
72 0.43272 0.0827626
72.4 0.435061 0.0827848
72.8 0.436599 0.0825704
73.2 0.437329 0.0821138
73.6 0.437255 0.0814133
74 0.436385 0.0804715
74.4 0.434733 0.0792954
74.8 0.432316 0.0778959
75.2 0.429159 0.0762877
75.6 0.425288 0.0744894
76 0.420737 0.0725226
76.4 0.415542 0.0704121
76.8 0.409744 0.068185
77.2 0.403386 0.0658706
77.6 0.396515 0.0634996
78 0.389181 0.0611037
78.4 0.381439 0.0587151
78.8 0.373342 0.056366
79.2 0.364948 0.0540877
79.6 0.356316 0.0519104
80 0.347507 0.0498627
80.4 0.33858 0.047971
80.8 0.329599 0.0462591
81.2 0.320622 0.0447478
81.6 0.311713 0.0434548
82 0.30293 0.0423939
82.4 0.294331 0.0415755
82.8 0.285973 0.0410061
83.2 0.277909 0.0406881
83.6 0.270188 0.0406202
84 0.262859 0.0407972
84.4 0.255963 0.0412104
84.8 0.249538 0.0418473
85.2 0.243617 0.0426928
85.6 0.238227 0.0437285
86 0.233391 0.0449337
86.4 0.229123 0.0462857
86.8 0.225432 0.04776
87.2 0.222323 0.0493311
87.6 0.21979 0.0509727
88 0.217824 0.0526582
88.4 0.216409 0.0543611
88.8 0.215522 0.0560556
89.2 0.215133 0.0577169
89.6 0.21521 0.0593215
90 0.215713 0.0608478
90.4 0.216597 0.0622759
90.8 0.217815 0.0635884
91.2 0.219316 0.0647701
91.6 0.221045 0.0658086
92 0.222947 0.0666937
92.4 0.224963 0.0674184
92.8 0.227035 0.0679778
93.2 0.229106 0.0683699
93.6 0.231118 0.0685949
94 0.233017 0.0686553
94.4 0.234748 0.0685556
94.8 0.236263 0.0683023
95.2 0.237514 0.067903
95.6 0.238459 0.0673671
96 0.23906 0.0667046
96.4 0.239284 0.0659262
96.8 0.239104 0.0650433
97.2 0.238497 0.0640671
97.6 0.237446 0.0630089
98 0.235941 0.0618794
98.4 0.233974 0.0606891
98.8 0.231547 0.0594475
99.2 0.228663 0.0581632
99.6 0.225333 0.0568438
100 0.221572 0.055496
100.4 0.217397 0.0541252
100.8 0.212832 0.0527358
101.2 0.207902 0.051331
101.6 0.202636 0.0499131
102 0.197065 0.0484834
102.4 0.191222 0.0470425
102.8 0.185141 0.04559
103.2 0.178857 0.0441254
103.6 0.172406 0.0426476
104 0.165822 0.0411552
104.4 0.15914 0.0396469
104.8 0.152395 0.0381216
105.2 0.145619 0.0365782
105.6 0.138843 0.0350163
106 0.132096 0.0334358
106.4 0.125406 0.0318373
106.8 0.118798 0.0302222
107.2 0.112295 0.0285925
107.6 0.105919 0.026951
108 0.0996862 0.0253015
108.4 0.0936142 0.0236484
108.8 0.0877167 0.0219966
109.2 0.0820054 0.020352
109.6 0.0764899 0.0187209
110 0.071178 0.01711
110.4 0.0660757 0.0155263
110.8 0.0611871 0.0139772
111.2 0.056515 0.0124699
111.6 0.0520607 0.0110116
112 0.0478243 0.00960918
112.4 0.0438049 0.00826927
112.8 0.0400005 0.00699789
113.2 0.0364083 0.00580046
113.6 0.033025 0.00468165
114 0.0298465 0.00364531
114.4 0.0268681 0.00269437
114.8 0.024085 0.00183084
115.2 0.0214916 0.00105572
115.6 0.0190823 0.000369058
116 0.0168512 -0.000230111
116.4 0.014792 -0.000743677
116.8 0.0128983 -0.00117442
117.2 0.0111636 -0.00152596
117.6 0.00958118 -0.00180265
118 0.00814406 -0.00200946
118.4 0.00684527 -0.00215194
118.8 0.00567771 -0.00223602
119.2 0.00463415 -0.00226797
119.6 0.00370731 -0.00225421
120 0.00288986 -0.00220125
120.4 0.00217441 -0.00211553
120.8 0.0015536 -0.00200332
121.2 0.00102008 -0.00187066
121.6 0.00056657 -0.00172322
122 0.000185873 -0.00156624
122.4 -0.000129065 -0.0014045
122.8 -0.000385132 -0.0012422
123.2 -0.000589005 -0.00108301
123.6 -0.000747117 -0.000929991
124 -0.00086562 -0.000785613
124.4 -0.000950351 -0.000651762
124.8 -0.0010068 -0.000529767
125.2 -0.00104009 -0.000420425
125.6 -0.00105496 -0.000324051
126 -0.00105571 -0.000240528
126.4 -0.00104626 -0.000169364
126.8 -0.00103007 -0.000109755
127.2 -0.0010102 -6.0652e-05
127.6 -0.000989274 -2.08218e-05
128 -0.000969513 1.10848e-05
128.4 -0.00095274 3.64736e-05
128.8 -0.000940404 5.67499e-05
129.2 -0.000933604 7.32672e-05
129.6 -0.000933112 8.72831e-05
130 -0.000939406 9.99217e-05
130.4 -0.0009527 0.000112145
130.8 -0.000972975 0.000124732
131.2 -0.00100001 0.000138266
131.6 -0.00103343 0.000153131
132 -0.0010727 0.000169513
132.4 -0.0011172 0.000187411
132.8 -0.00116622 0.000206652
133.2 -0.00121902 0.000226914
133.6 -0.00127481 0.00024775
134 -0.00133281 0.000268614
134.4 -0.00139225 0.000288894
134.8 -0.00145238 0.000307941
135.2 -0.00151253 0.000325098
135.6 -0.00157204 0.000339731
136 -0.00163035 0.000351254
136.4 -0.00168694 0.000359151
136.8 -0.0017414 0.000363001
137.2 -0.00179337 0.000362485
137.6 -0.00184257 0.000357405
138 -0.00188883 0.000347687
138.4 -0.00193201 0.000333383
138.8 -0.0019721 0.000314669
139.2 -0.00200912 0.000291837
139.6 -0.00204317 0.00026529
140 -0.00207443 0.000235521
140.4 -0.00210313 0.000203101
140.8 -0.00212955 0.000168662
141.2 -0.00215403 0.000132877
141.6 -0.00217694 9.64389e-05
142 -0.0021987 6.00407e-05
142.4 -0.00221975 2.43588e-05
142.8 -0.00224056 -9.96632e-06
143.2 -0.00226161 -4.23458e-05
143.6 -0.00228337 -7.22557e-05
144 -0.00230632 -9.92486e-05
144.4 -0.00233093 -0.000122961
144.8 -0.00235764 -0.000143122
145.2 -0.00238685 -0.000159549
145.6 -0.00241892 -0.000172155
146 -0.00245416 -0.000180941
146.4 -0.00249282 -0.000185994
146.8 -0.00253507 -0.000187474
147.2 -0.00258102 -0.000185612
147.6 -0.00263067 -0.000180693
148 -0.00268395 -0.000173047
148.4 -0.00274069 -0.000163038
148.8 -0.00280063 -0.000151049
149.2 -0.0028634 -0.000137473
149.6 -0.00292855 -0.000122699
150 -0.00299554 -0.000107105
150.4 -0.00306375 -9.10458e-05
150.8 -0.00313247 -7.48459e-05
151.2 -0.00320094 -5.87955e-05
151.6 -0.00326834 -4.31447e-05
152 -0.00333381 -2.81015e-05
152.4 -0.00339646 -1.38308e-05
152.8 -0.0034554 -4.55027e-07
153.2 -0.00350974 1.19436e-05
153.6 -0.00355862 2.33197e-05
154 -0.0036012 3.36604e-05
154.4 -0.00363673 4.298e-05
154.8 -0.00366448 5.13147e-05
155.2 -0.00368386 5.87163e-05
155.6 -0.00369434 6.52464e-05
156 -0.00369552 7.09709e-05
156.4 -0.0036871 7.59547e-05
156.8 -0.00366892 8.02571e-05
157.2 -0.00364094 8.3928e-05
157.6 -0.00360325 8.70051e-05
158 -0.00355606 8.95121e-05
158.4 -0.00349973 9.14574e-05
158.8 -0.00343472 9.28347e-05
159.2 -0.00336161 9.36233e-05
159.6 -0.00328106 9.37907e-05
160 -0.00319386 9.32942e-05
160.4 -0.00310083 9.20847e-05
160.8 -0.00300287 9.011e-05
161.2 -0.00290094 8.73183e-05
161.6 -0.00279599 8.36622e-05
162 -0.00268901 7.91024e-05
162.4 -0.00258097 7.36111e-05
162.8 -0.00247282 6.71751e-05
163.2 -0.00236548 5.9798e-05
163.6 -0.00225981 5.15026e-05
164 -0.00215662 4.23317e-05
164.4 -0.00205663 3.23486e-05
164.8 -0.00196049 2.16367e-05
165.2 -0.00186875 1.02988e-05
165.6 -0.00178187 -1.54519e-06
166 -0.00170022 -1.37603e-05
166.4 -0.00162406 -2.61995e-05
166.8 -0.00155357 -3.87071e-05
167.2 -0.00148882 -5.11225e-05
167.6 -0.00142979 -6.3284e-05
168 -0.00137639 -7.50323e-05
168.4 -0.00132844 -8.62152e-05
168.8 -0.00128569 -9.66903e-05
169.2 -0.00124785 -0.000106329
169.6 -0.00121457 -0.000115018
170 -0.00118544 -0.000122664
170.4 -0.00116006 -0.000129193
170.8 -0.00113797 -0.000134553
171.2 -0.00111872 -0.000138714
171.6 -0.00110186 -0.000141668
172 -0.00108694 -0.000143428
172.4 -0.00107351 -0.000144026
172.8 -0.00106116 -0.000143514
173.2 -0.00104949 -0.00014196
173.6 -0.00103815 -0.000139442
174 -0.0010268 -0.000136054
174.4 -0.00101515 -0.000131893
174.8 -0.00100294 -0.000127064
175.2 -0.000989955 -0.000121673
175.6 -0.000976015 -0.000115825
176 -0.000960979 -0.000109623
176.4 -0.000944743 -0.000103165
176.8 -0.000927239 -9.65391e-05
177.2 -0.00090843 -8.98284e-05
177.6 -0.000888311 -8.31048e-05
178 -0.000866907 -7.64303e-05
178.4 -0.000844264 -6.9857e-05
178.8 -0.000820455 -6.34267e-05
179.2 -0.000795568 -5.71716e-05
179.6 -0.000769711 -5.11157e-05
180 -0.000743003 -4.52749e-05
180.4 -0.000715577 -3.96591e-05
180.8 -0.000687571 -3.42731e-05
181.2 -0.000659131 -2.91182e-05
181.6 -0.000630407 -2.41935e-05
182 -0.000601549 -1.94971e-05
182.4 -0.000572707 -1.50274e-05
182.8 -0.000544029 -1.07841e-05
183.2 -0.000515658 -6.76868e-06
183.6 -0.000487733 -2.98526e-06
184 -0.000460385 5.59426e-07
184.4 -0.000433736 3.85586e-06
184.8 -0.000407899 6.89207e-06
185.2 -0.000382977 9.65403e-06
185.6 -0.000359061 1.21264e-05
186 -0.00033623 1.42931e-05
186.4 -0.00031455 1.61386e-05
186.8 -0.000294075 1.76485e-05
187.2 -0.000274843 1.88107e-05
187.6 -0.000256881 1.96166e-05
188 -0.000240203 2.00612e-05
188.4 -0.000224808 2.01448e-05
188.8 -0.000210684 1.98728e-05
189.2 -0.000197806 1.92565e-05
189.6 -0.000186139 1.83131e-05
190 -0.000175638 1.70658e-05
190.4 -0.000166249 1.55433e-05
190.8 -0.000157911 1.37796e-05
191.2 -0.000150556 1.18131e-05
191.6 -0.000144113 9.68583e-06
192 -0.000138506 7.44248e-06
192.4 -0.000133659 5.12916e-06
192.8 -0.000129495 2.79237e-06
193.2 -0.000125938 4.77707e-07
193.6 -0.000122917 -1.77129e-06
194 -0.000120361 -3.91423e-06
194.4 -0.000118207 -5.91493e-06
194.8 -0.000116395 -7.74228e-06
195.2 -0.000114872 -9.37092e-06
195.6 -0.000113593 -1.07818e-05
196 -0.000112516 -1.19625e-05
196.4 -0.00011161 -1.29073e-05
196.8 -0.000110847 -1.36169e-05
197.2 -0.000110208 -1.40986e-05
197.6 -0.000109677 -1.43651e-05
198 -0.000109244 -1.44343e-05
198.4 -0.000108902 -1.43283e-05
198.8 -0.000108649 -1.40724e-05
199.2 -0.000108483 -1.36941e-05
199.6 -0.000108405 -1.32224e-05
200 -0.000108416 -1.26859e-05
200.4 -0.000108514 -1.21129e-05
200.8 -0.0001087 -1.15293e-05
201.2 -0.000108971 -1.09589e-05
201.6 -0.000109321 -1.04219e-05
202 -0.000109742 -9.9344e-06
202.4 -0.000110223 -9.50863e-06
202.8 -0.000110751 -9.15214e-06
203.2 -0.000111309 -8.86805e-06
203.6 -0.000111877 -8.65516e-06
204 -0.000112436 -8.50828e-06
204.4 -0.000112961 -8.41868e-06
204.8 -0.000113428 -8.37467e-06
205.2 -0.000113814 -8.36231e-06
205.6 -0.000114095 -8.36611e-06
206 -0.000114246 -8.36988e-06
206.4 -0.000114248 -8.35743e-06
206.8 -0.00011408 -8.31339e-06
207.2 -0.000113726 -8.2239e-06
207.6 -0.000113173 -8.07719e-06
208 -0.000112412 -7.86414e-06
208.4 -0.000111437 -7.57862e-06
208.8 -0.000110247 -7.21778e-06
209.2 -0.000108844 -6.78215e-06
209.6 -0.000107235 -6.27561e-06
210 -0.000105429 -5.70521e-06
210.4 -0.000103439 -5.08088e-06
210.8 -0.000101282 -4.41502e-06
211.2 -9.89755e-05 -3.72201e-06
211.6 -9.654e-05 -3.01758e-06
212 -9.39964e-05 -2.31823e-06
212.4 -9.13665e-05 -1.64058e-06
212.8 -8.86722e-05 -1.00068e-06
213.2 -8.59346e-05 -4.13426e-07
213.6 -8.3174e-05 1.07996e-07
214 -8.04094e-05 5.52633e-07
214.4 -7.76579e-05 9.12139e-07
214.8 -7.49347e-05 1.18108e-06
215.2 -7.22531e-05 1.3571e-06
215.6 -6.96239e-05 1.44099e-06
216 -6.70563e-05 1.43661e-06
216.4 -6.45571e-05 1.35072e-06
216.8 -6.21316e-05 1.19266e-06
217.2 -5.97834e-05 9.74029e-07
217.6 -5.75151e-05 7.08144e-07
218 -5.5328e-05 4.09581e-07
218.4 -5.32232e-05 9.35855e-08
218.8 -5.1201e-05 -2.24492e-07
219.2 -4.92621e-05 -5.29769e-07
219.6 -4.74071e-05 -8.08369e-07
220 -4.5637e-05 -1.04792e-06
220.4 -4.39532e-05 -1.23797e-06
220.8 -4.23577e-05 -1.37034e-06
221.2 -4.0853e-05 -1.43938e-06
221.6 -3.94419e-05 -1.44212e-06
222 -3.81275e-05 -1.3783e-06
222.4 -3.69128e-05 -1.25033e-06
222.8 -3.58007e-05 -1.06315e-06
223.2 -3.47935e-05 -8.23948e-07
223.6 -3.38927e-05 -5.41834e-07
224 -3.30986e-05 -2.27465e-07
224.4 -3.24102e-05 1.07413e-07
224.8 -3.18248e-05 4.50446e-07
225.2 -3.13377e-05 7.89158e-07
225.6 -3.09426e-05 1.11144e-06
226 -3.06305e-05 1.40601e-06
226.4 -3.03909e-05 1.66282e-06
226.8 -3.02111e-05 1.87345e-06
227.2 -3.00764e-05 2.03136e-06
227.6 -2.9971e-05 2.13213e-06
228 -2.98776e-05 2.17357e-06
228.4 -2.97783e-05 2.15579e-06
228.8 -2.96547e-05 2.08111e-06
229.2 -2.94887e-05 1.95395e-06
229.6 -2.9263e-05 1.7806e-06
230 -2.89615e-05 1.56896e-06
230.4 -2.85697e-05 1.32819e-06
230.8 -2.80755e-05 1.06834e-06
231.2 -2.74697e-05 7.99929e-07
231.6 -2.67457e-05 5.33561e-07
232 -2.59005e-05 2.79496e-07
232.4 -2.49346e-05 4.72692e-08
232.8 -2.3852e-05 -1.54652e-07
233.2 -2.26602e-05 -3.19171e-07
233.6 -2.13704e-05 -4.40803e-07
234 -1.99966e-05 -5.15841e-07
234.4 -1.85558e-05 -5.42459e-07
234.8 -1.70674e-05 -5.20734e-07
235.2 -1.55524e-05 -4.52593e-07
235.6 -1.40334e-05 -3.41691e-07
236 -1.25333e-05 -1.93226e-07
236.4 -1.10753e-05 -1.36917e-08
236.8 -9.68174e-06 1.8941e-07
237.2 -8.37371e-06 4.07891e-07
237.6 -7.17046e-06 6.33218e-07
238 -6.08881e-06 8.56862e-07
238.4 -5.14273e-06 1.07064e-06
238.8 -4.34296e-06 1.26702e-06
239.2 -3.69677e-06 1.43944e-06
239.6 -3.20781e-06 1.58252e-06
240 -2.87607e-06 1.69225e-06
240.4 -2.69792e-06 1.76615e-06
240.8 -2.66638e-06 1.80331e-06
241.2 -2.77135e-06 1.8044e-06
241.6 -3.00001e-06 1.77162e-06
242 -3.33727e-06 1.70858e-06
242.4 -3.76633e-06 1.62009e-06
242.8 -4.2692e-06 1.51201e-06
243.2 -4.8273e-06 1.39092e-06
243.6 -5.42207e-06 1.26388e-06
244 -6.03553e-06 1.13812e-06
244.4 -6.6508e-06 1.02074e-06
244.8 -7.25262e-06 9.18436e-07
245.2 -7.82773e-06 8.37191e-07
245.6 -8.36525e-06 7.82084e-07
246 -8.85686e-06 7.57063e-07
246.4 -9.29703e-06 7.64805e-07
246.8 -9.683e-06 8.06616e-07
247.2 -1.00148e-05 8.82389e-07
247.6 -1.02949e-05 9.90618e-07
248 -1.05284e-05 1.12847e-06
248.4 -1.07224e-05 1.29189e-06
248.8 -1.08855e-05 1.4758e-06
249.2 -1.10278e-05 1.67428e-06
249.6 -1.11603e-05 1.88079e-06
250 -1.12941e-05 2.08848e-06
250.4 -1.14405e-05 2.29039e-06
250.8 -1.16102e-05 2.47977e-06
251.2 -1.18129e-05 2.65031e-06
251.6 -1.20571e-05 2.79637e-06
252 -1.23497e-05 2.91322e-06
252.4 -1.26958e-05 2.99717e-06
252.8 -1.30984e-05 3.0457e-06
253.2 -1.35586e-05 3.05758e-06
253.6 -1.40754e-05 3.03287e-06
254 -1.46459e-05 2.97287e-06
254.4 -1.52652e-05 2.88011e-06
254.8 -1.59269e-05 2.75822e-06
255.2 -1.66232e-05 2.61174e-06
255.6 -1.73454e-05 2.44597e-06
256 -1.80838e-05 2.26676e-06
256.4 -1.88286e-05 2.08025e-06
256.8 -1.95698e-05 1.89267e-06
257.2 -2.02979e-05 1.71009e-06
257.6 -2.10038e-05 1.53817e-06
258 -2.16796e-05 1.38201e-06
258.4 -2.23183e-05 1.24592e-06
258.8 -2.29145e-05 1.1333e-06
259.2 -2.3464e-05 1.04654e-06
259.6 -2.39643e-05 9.86913e-07
260 -2.44145e-05 9.54618e-07
260.4 -2.48149e-05 9.48751e-07
260.8 -2.51675e-05 9.67389e-07
261.2 -2.54753e-05 1.00769e-06
261.6 -2.57425e-05 1.06603e-06
262 -2.59739e-05 1.13817e-06
262.4 -2.6175e-05 1.21944e-06
262.8 -2.63514e-05 1.30493e-06
263.2 -2.65089e-05 1.38972e-06
263.6 -2.6653e-05 1.46903e-06
264 -2.67888e-05 1.53848e-06
264.4 -2.69207e-05 1.59421e-06
264.8 -2.70523e-05 1.63305e-06
265.2 -2.71861e-05 1.65262e-06
265.6 -2.7324e-05 1.65144e-06
266 -2.74665e-05 1.62896e-06
266.4 -2.76133e-05 1.58556e-06
266.8 -2.7763e-05 1.52253e-06
267.2 -2.79136e-05 1.44201e-06
267.6 -2.80622e-05 1.34688e-06
268 -2.82055e-05 1.24063e-06
268.4 -2.83399e-05 1.12722e-06
268.8 -2.84615e-05 1.0109e-06
269.2 -2.85667e-05 8.96037e-07
269.6 -2.86521e-05 7.86941e-07
270 -2.87148e-05 6.87678e-07
270.4 -2.87525e-05 6.0191e-07
270.8 -2.87635e-05 5.32753e-07
271.2 -2.87472e-05 4.82647e-07
271.6 -2.87039e-05 4.53267e-07
272 -2.86345e-05 4.45458e-07
272.4 -2.85412e-05 4.59204e-07
272.8 -2.84267e-05 4.93636e-07
273.2 -2.82945e-05 5.47069e-07
273.6 -2.81489e-05 6.17076e-07
274 -2.79944e-05 7.00582e-07
274.4 -2.78357e-05 7.93996e-07
274.8 -2.76778e-05 8.93348e-07
275.2 -2.75253e-05 9.9445e-07
275.6 -2.73826e-05 1.09306e-06
276 -2.72536e-05 1.18505e-06
276.4 -2.71415e-05 1.26656e-06
276.8 -2.70486e-05 1.33414e-06
277.2 -2.69765e-05 1.38491e-06
277.6 -2.69256e-05 1.41663e-06
278 -2.68954e-05 1.42778e-06
278.4 -2.68846e-05 1.41766e-06
278.8 -2.68908e-05 1.38637e-06
279.2 -2.69106e-05 1.33478e-06
279.6 -2.69403e-05 1.26455e-06
280 -2.69754e-05 1.17801e-06
280.4 -2.7011e-05 1.07807e-06
280.8 -2.7042e-05 9.68136e-07
281.2 -2.70636e-05 8.51927e-07
281.6 -2.70708e-05 7.33365e-07
282 -2.70593e-05 6.16409e-07
282.4 -2.70253e-05 5.04905e-07
282.8 -2.69656e-05 4.02444e-07
283.2 -2.68781e-05 3.12225e-07
283.6 -2.67616e-05 2.36942e-07
284 -2.66157e-05 1.78683e-07
284.4 -2.64413e-05 1.38866e-07
284.8 -2.62402e-05 1.18187e-07
285.2 -2.60151e-05 1.16609e-07
285.6 -2.57698e-05 1.33372e-07
286 -2.55085e-05 1.67035e-07
286.4 -2.52363e-05 2.15537e-07
286.8 -2.49586e-05 2.7629e-07
287.2 -2.46809e-05 3.46286e-07
287.6 -2.44089e-05 4.22216e-07
288 -2.4148e-05 5.00603e-07
288.4 -2.39035e-05 5.77942e-07
288.8 -2.36798e-05 6.50827e-07
289.2 -2.34809e-05 7.16089e-07
289.6 -2.33099e-05 7.70909e-07
290 -2.31689e-05 8.12923e-07
290.4 -2.30591e-05 8.40302e-07
290.8 -2.29806e-05 8.51818e-07
291.2 -2.29328e-05 8.46879e-07
291.6 -2.29138e-05 8.25538e-07
292 -2.2921e-05 7.88484e-07
292.4 -2.29509e-05 7.37002e-07
292.8 -2.29995e-05 6.72913e-07
293.2 -2.30624e-05 5.98492e-07
293.6 -2.31345e-05 5.16371e-07
294 -2.32111e-05 4.29434e-07
294.4 -2.32871e-05 3.40694e-07
294.8 -2.33578e-05 2.53177e-07
295.2 -2.34189e-05 1.69801e-07
295.6 -2.34665e-05 9.32647e-08
296 -2.34975e-05 2.59446e-08
296.4 -2.35095e-05 -3.01918e-08
296.8 -2.35008e-05 -7.36564e-08
297.2 -2.34705e-05 -1.0349e-07
297.6 -2.34188e-05 -1.19292e-07
298 -2.33464e-05 -1.21222e-07
298.4 -2.32549e-05 -1.09987e-07
298.8 -2.31467e-05 -8.68033e-08
299.2 -2.30244e-05 -5.33336e-08
299.6 -2.28914e-05 -1.16174e-08
300 -2.27511e-05 3.602e-08
300.4 -2.26073e-05 8.70663e-08
300.8 -2.24637e-05 1.38926e-07
301.2 -2.23237e-05 1.89029e-07
301.6 -2.21907e-05 2.34932e-07
302 -2.20676e-05 2.74416e-07
302.4 -2.19568e-05 3.05578e-07
302.8 -2.18602e-05 3.26897e-07
303.2 -2.17789e-05 3.37297e-07
303.6 -2.17136e-05 3.36183e-07
304 -2.16643e-05 3.23459e-07
304.4 -2.16304e-05 2.99525e-07
304.8 -2.16106e-05 2.65261e-07
305.2 -2.16033e-05 2.21978e-07
305.6 -2.16065e-05 1.71368e-07
306 -2.16178e-05 1.15426e-07
306.4 -2.16346e-05 5.63701e-08
306.8 -2.16545e-05 -3.45162e-09
307.2 -2.16749e-05 -6.16579e-08
307.6 -2.16934e-05 -1.1593e-07
308 -2.1708e-05 -1.64104e-07
308.4 -2.1717e-05 -2.04259e-07
308.8 -2.17189e-05 -2.34791e-07
309.2 -2.17131e-05 -2.54473e-07
309.6 -2.16991e-05 -2.62508e-07
310 -2.16771e-05 -2.58552e-07
310.4 -2.16477e-05 -2.42727e-07
310.8 -2.16121e-05 -2.15615e-07
311.2 -2.15717e-05 -1.78228e-07
311.6 -2.15282e-05 -1.31972e-07
312 -2.14837e-05 -7.85825e-08
312.4 -2.14402e-05 -2.0058e-08
312.8 -2.14e-05 4.14206e-08
313.2 -2.1365e-05 1.03577e-07
313.6 -2.13371e-05 1.64129e-07
314 -2.13179e-05 2.20877e-07
314.4 -2.13086e-05 2.71788e-07
314.8 -2.13101e-05 3.15076e-07
315.2 -2.13227e-05 3.49267e-07
315.6 -2.13462e-05 3.73253e-07
316 -2.13801e-05 3.86331e-07
316.4 -2.14231e-05 3.8823e-07
316.8 -2.14738e-05 3.79113e-07
317.2 -2.15301e-05 3.59565e-07
317.6 -2.15898e-05 3.30572e-07
318 -2.16503e-05 2.93471e-07
318.4 -2.17091e-05 2.49899e-07
318.8 -2.17633e-05 2.01722e-07
319.2 -2.18103e-05 1.50963e-07
319.6 -2.18477e-05 9.97174e-08
320 -2.18731e-05 5.00738e-08
320.4 -2.18849e-05 4.03005e-09
320.8 -2.18814e-05 -3.65832e-08
321.2 -2.18617e-05 -7.01725e-08
321.6 -2.18254e-05 -9.54415e-08
322 -2.17726e-05 -1.11438e-07
322.4 -2.17037e-05 -1.17588e-07
322.8 -2.16201e-05 -1.13714e-07
323.2 -2.15232e-05 -1.00038e-07
323.6 -2.14151e-05 -7.7165e-08
324 -2.12981e-05 -4.60609e-08
324.4 -2.11748e-05 -8.00619e-09
324.8 -2.1048e-05 3.54565e-08
325.2 -2.09205e-05 8.25855e-08
325.6 -2.0795e-05 1.31511e-07
326 -2.06741e-05 1.8031e-07
326.4 -2.05602e-05 2.2708e-07
326.8 -2.04553e-05 2.70019e-07
327.2 -2.03611e-05 3.07489e-07
327.6 -2.02786e-05 3.38081e-07
328 -2.02086e-05 3.60668e-07
328.4 -2.01512e-05 3.74446e-07
328.8 -2.01061e-05 3.78963e-07
329.2 -2.00724e-05 3.74128e-07
329.6 -2.00489e-05 3.60218e-07
330 -2.00338e-05 3.37858e-07
330.4 -2.00252e-05 3.07991e-07
330.8 -2.00208e-05 2.71845e-07
331.2 -2.00182e-05 2.30874e-07
331.6 -2.00149e-05 1.86702e-07
332 -2.00086e-05 1.41057e-07
332.4 -1.99968e-05 9.57027e-08
332.8 -1.99777e-05 5.23672e-08
333.2 -1.99494e-05 1.26778e-08
333.6 -1.99105e-05 -2.1903e-08
334 -1.986e-05 -5.01317e-08
334.4 -1.97973e-05 -7.10308e-08
334.8 -1.97225e-05 -8.39232e-08
335.2 -1.96358e-05 -8.84554e-08
335.6 -1.95382e-05 -8.4607e-08
336 -1.94307e-05 -7.26872e-08
336.4 -1.93151e-05 -5.33187e-08
336.8 -1.91932e-05 -2.74087e-08
337.2 -1.90671e-05 3.89013e-09
337.6 -1.8939e-05 3.9229e-08
338 -1.88111e-05 7.71183e-08
338.4 -1.86858e-05 1.15989e-07
338.8 -1.8565e-05 1.54255e-07
339.2 -1.84507e-05 1.90378e-07
339.6 -1.83445e-05 2.22927e-07
340 -1.82476e-05 2.50632e-07
340.4 -1.81611e-05 2.72438e-07
340.8 -1.80854e-05 2.87539e-07
341.2 -1.80207e-05 2.95411e-07
341.6 -1.79666e-05 2.95826e-07
342 -1.79224e-05 2.88862e-07
342.4 -1.78872e-05 2.74895e-07
342.8 -1.78596e-05 2.54579e-07
343.2 -1.7838e-05 2.28818e-07
343.6 -1.78206e-05 1.9873e-07
344 -1.78057e-05 1.65594e-07
344.4 -1.77914e-05 1.30805e-07
344.8 -1.77758e-05 9.58089e-08
345.2 -1.77573e-05 6.20516e-08
345.6 -1.77345e-05 3.09159e-08
346 -1.77061e-05 3.66906e-09
346.4 -1.76711e-05 -1.85872e-08
346.8 -1.76292e-05 -3.49594e-08
347.2 -1.75799e-05 -4.47964e-08
347.6 -1.75236e-05 -4.77134e-08
348 -1.74608e-05 -4.36049e-08
348.4 -1.73922e-05 -3.26471e-08
348.8 -1.73191e-05 -1.52885e-08
349.2 -1.72429e-05 7.76959e-09
349.6 -1.71652e-05 3.56033e-08
350 -1.70876e-05 6.71042e-08
350.4 -1.7012e-05 1.01024e-07
350.8 -1.69401e-05 1.36027e-07
351.2 -1.68736e-05 1.70741e-07
351.6 -1.6814e-05 2.03813e-07
352 -1.67626e-05 2.33962e-07
352.4 -1.67203e-05 2.6003e-07
352.8 -1.6688e-05 2.81027e-07
353.2 -1.66659e-05 2.96165e-07
353.6 -1.66542e-05 3.04892e-07
354 -1.66524e-05 3.0691e-07
354.4 -1.66599e-05 3.02184e-07
354.8 -1.66756e-05 2.90943e-07
355.2 -1.66984e-05 2.73666e-07
355.6 -1.67266e-05 2.51064e-07
356 -1.67587e-05 2.24049e-07
356.4 -1.67927e-05 1.93697e-07
356.8 -1.6827e-05 1.61202e-07
357.2 -1.68596e-05 1.27833e-07
357.6 -1.68888e-05 9.48792e-08
358 -1.69131e-05 6.36005e-08
358.4 -1.6931e-05 3.51794e-08
358.8 -1.69415e-05 1.06747e-08
359.2 -1.69438e-05 -9.01873e-09
359.6 -1.69373e-05 -2.32035e-08
360 -1.69218e-05 -3.1405e-08
360.4 -1.68974e-05 -3.3388e-08
360.8 -1.68647e-05 -2.91629e-08
361.2 -1.68244e-05 -1.89838e-08
361.6 -1.67774e-05 -3.33494e-09
362 -1.67249e-05 1.70898e-08
362.4 -1.66683e-05 4.14168e-08
362.8 -1.66091e-05 6.86291e-08
363.2 -1.65486e-05 9.76076e-08
363.6 -1.64885e-05 1.27176e-07
364 -1.64299e-05 1.56149e-07
364.4 -1.63743e-05 1.83379e-07
364.8 -1.63226e-05 2.07797e-07
365.2 -1.62756e-05 2.28461e-07
365.6 -1.62339e-05 2.44588e-07
366 -1.61979e-05 2.55583e-07
366.4 -1.61674e-05 2.6106e-07
366.8 -1.61424e-05 2.60861e-07
367.2 -1.61222e-05 2.55051e-07
367.6 -1.6106e-05 2.43921e-07
368 -1.6093e-05 2.27971e-07
368.4 -1.6082e-05 2.07887e-07
368.8 -1.60717e-05 1.84515e-07
369.2 -1.60609e-05 1.58825e-07
369.6 -1.60484e-05 1.31868e-07
370 -1.60328e-05 1.04739e-07
370.4 -1.60132e-05 7.85308e-08
370.8 -1.59884e-05 5.42879e-08
371.2 -1.59578e-05 3.297e-08
371.6 -1.59209e-05 1.54117e-08
372 -1.58772e-05 2.29182e-09
372.4 -1.5827e-05 -5.89314e-09
372.8 -1.57703e-05 -8.84651e-09
373.2 -1.57076e-05 -6.48184e-09
373.6 -1.56398e-05 1.07545e-09
374 -1.55678e-05 1.34948e-08
374.4 -1.54927e-05 3.02551e-08
374.8 -1.54157e-05 5.06672e-08
375.2 -1.53383e-05 7.39023e-08
375.6 -1.52617e-05 9.90257e-08
376 -1.51872e-05 1.25035e-07
376.4 -1.51163e-05 1.50901e-07
376.8 -1.50499e-05 1.75605e-07
377.2 -1.4989e-05 1.98185e-07
377.6 -1.49345e-05 2.17769e-07
378 -1.48867e-05 2.33608e-07
378.4 -1.48461e-05 2.45108e-07
378.8 -1.48126e-05 2.51851e-07
379.2 -1.4786e-05 2.53608e-07
379.6 -1.47657e-05 2.50349e-07
380 -1.47511e-05 2.42243e-07
380.4 -1.47413e-05 2.29646e-07
380.8 -1.4735e-05 2.1309e-07
381.2 -1.47312e-05 1.93259e-07
381.6 -1.47286e-05 1.70958e-07
382 -1.47259e-05 1.47087e-07
382.4 -1.47218e-05 1.22596e-07
382.8 -1.47152e-05 9.84551e-08
383.2 -1.47049e-05 7.56119e-08
383.6 -1.46902e-05 5.49553e-08
384 -1.46702e-05 3.72813e-08
384.4 -1.46446e-05 2.32624e-08
384.8 -1.46132e-05 1.34221e-08
385.2 -1.45758e-05 8.11571e-09
385.6 -1.45329e-05 7.51786e-09
386 -1.44848e-05 1.16171e-08
386.4 -1.44323e-05 2.02183e-08
386.8 -1.43764e-05 3.29514e-08
387.2 -1.43179e-05 4.92883e-08
387.6 -1.4258e-05 6.85645e-08
388 -1.4198e-05 9.00068e-08
388.4 -1.41391e-05 1.12765e-07
388.8 -1.40823e-05 1.35945e-07
389.2 -1.40288e-05 1.58645e-07
389.6 -1.39796e-05 1.79994e-07
390 -1.39354e-05 1.9918e-07
390.4 -1.38968e-05 2.15485e-07
390.8 -1.38644e-05 2.28315e-07
391.2 -1.38382e-05 2.37215e-07
391.6 -1.38182e-05 2.41894e-07
392 -1.38041e-05 2.42229e-07
392.4 -1.37954e-05 2.38269e-07
392.8 -1.37915e-05 2.30235e-07
393.2 -1.37916e-05 2.18506e-07
393.6 -1.37945e-05 2.03602e-07
394 -1.37993e-05 1.86167e-07
394.4 -1.38049e-05 1.66935e-07
394.8 -1.38102e-05 1.46707e-07
395.2 -1.3814e-05 1.26313e-07
395.6 -1.38153e-05 1.06583e-07
396 -1.38134e-05 8.83092e-08
396.4 -1.38074e-05 7.22201e-08
396.8 -1.37968e-05 5.89483e-08
397.2 -1.37812e-05 4.90074e-08
397.6 -1.37605e-05 4.27722e-08
398 -1.37347e-05 4.04652e-08
398.4 -1.37041e-05 4.21487e-08
398.8 -1.3669e-05 4.77235e-08
399.2 -1.36302e-05 5.69342e-08
399.6 -1.35883e-05 6.93809e-08
400 -1.35442e-05 8.45355e-08
