    3.0201328315e+02    2.9669093386e+02   -4.3750573067e+04    1.7869416681e+00    1.7898925960e+00    1.7215264271e+00   -1.6439609104e-03   -5.2109771048e-04   -1.0066586708e-02    4.2241998216e+01    4.2241998216e+01    4.2241998216e+01
    2.9873747336e+02    2.9347285334e+02   -4.3745749698e+04    1.8663519511e+00    1.8346384140e+00    1.7460237206e+00   -9.5455649988e-04    4.5607571667e-03    3.1281621265e-03    4.2241998216e+01    4.2241998216e+01    4.2241998216e+01
    3.0083265509e+02    2.9553111190e+02   -4.3747638337e+04    1.8463715326e+00    1.7748656163e+00    1.8203912730e+00    9.3037495774e-03   -5.4616589649e-03    5.4490832567e-03    4.2241998216e+01    4.2241998216e+01    4.2241998216e+01
    2.9661692175e+02    2.9138967199e+02   -4.3743927897e+04    1.8221491296e+00    1.8717880268e+00    1.8220331531e+00    1.3241475808e-02    1.1583003902e-02    3.7844428490e-03    4.2241998216e+01    4.2241998216e+01    4.2241998216e+01
    3.0027529614e+02    2.9498357522e+02   -4.3746806830e+04    1.7603299424e+00    1.8373136246e+00    1.7969790639e+00    5.3646639926e-06    3.5263592198e-03    6.6637401220e-03    4.2241998216e+01    4.2241998216e+01    4.2241998216e+01
    2.9847054748e+02    2.9321063147e+02   -4.3745521588e+04    1.8540646403e+00    1.8105475873e+00    1.7961441094e+00    9.9363483426e-03    4.0443410753e-03    1.1313895870e-03    4.2241998216e+01    4.2241998216e+01    4.2241998216e+01
    2.9669354697e+02    2.9146494685e+02   -4.3743526371e+04    1.7690800395e+00    1.8327464306e+00    1.8127113095e+00    9.4461070541e-03   -4.2543863706e-04    1.7194521395e-03    4.2241998216e+01    4.2241998216e+01    4.2241998216e+01
    2.9933265767e+02    2.9405754878e+02   -4.3746290452e+04    1.8285550294e+00    1.8330702143e+00    1.7885992062e+00    1.0586311375e-02   -2.5959480648e-03   -9.7340301944e-03    4.2241998216e+01    4.2241998216e+01    4.2241998216e+01
    2.9987917909e+02    2.9459443891e+02   -4.3746696424e+04    1.7908204777e+00    1.8157736203e+00    1.7831774923e+00    9.7530555640e-03   -1.3310504693e-02    4.7518263820e-04    4.2241998216e+01    4.2241998216e+01    4.2241998216e+01
    3.0222632103e+02    2.9690021740e+02   -4.3748988416e+04    1.8141737497e+00    1.8141503350e+00    1.7689983565e+00    6.8931576935e-03   -3.2712390238e-03    8.9842775563e-03    4.2241998216e+01    4.2241998216e+01    4.2241998216e+01
    3.0302345428e+02    2.9768330285e+02   -4.3749991504e+04    1.8144684760e+00    1.7976219809e+00    1.7370168851e+00    2.2948076708e-04    7.0753035603e-03    2.2880877035e-03    4.2241998216e+01    4.2241998216e+01    4.2241998216e+01
    2.9943122141e+02    2.9415437554e+02   -4.3746340000e+04    1.8448467605e+00    1.8346580450e+00    1.7902153978e+00   -6.6200052239e-03    7.7881813148e-03    9.1881011144e-04    4.2241998216e+01    4.2241998216e+01    4.2241998216e+01
    2.9908351048e+02    2.9381279228e+02   -4.3745794420e+04    1.7847087862e+00    1.8993964690e+00    1.7593524463e+00    1.1340605981e-02   -4.0320186960e-03    1.7257665176e-03    4.2241998216e+01    4.2241998216e+01    4.2241998216e+01
    3.0064809525e+02    2.9534980454e+02   -4.3747387119e+04    1.8178116961e+00    1.8130721825e+00    1.7826276195e+00    8.7293236078e-03   -8.3630144034e-04   -1.0483149906e-02    4.2241998216e+01    4.2241998216e+01    4.2241998216e+01
    2.9898596609e+02    2.9371696690e+02   -4.3746000143e+04    1.8252901218e+00    1.7908497182e+00    1.7671343337e+00    8.9808486894e-05    6.7735965925e-03    8.0999491051e-03    4.2241998216e+01    4.2241998216e+01    4.2241998216e+01
    2.9920661617e+02    2.9393372849e+02   -4.3745590413e+04    1.8371723601e+00    1.8232045574e+00    1.8297887045e+00   -2.7611622296e-03    1.3263196143e-02    8.4385776166e-03    4.2241998216e+01    4.2241998216e+01    4.2241998216e+01
    2.9946656357e+02    2.9418909487e+02   -4.3746383637e+04    1.8179795695e+00    1.8521056656e+00    1.8194288794e+00    1.8607074648e-03    9.6882613774e-04    8.4390550541e-03    4.2241998216e+01    4.2241998216e+01    4.2241998216e+01
    2.9981522879e+02    2.9453161560e+02   -4.3746679431e+04    1.8407678572e+00    1.7965306756e+00    1.8029374290e+00    1.4371759052e-02    1.2363018187e-02   -1.5096024883e-02    4.2241998216e+01    4.2241998216e+01    4.2241998216e+01
    3.0136081961e+02    2.9604996863e+02   -4.3748451229e+04    1.8089791231e+00    1.8094671093e+00    1.8129576374e+00   -1.3574716670e-03   -1.6663534842e-02   -1.1714738010e-04    4.2241998216e+01    4.2241998216e+01    4.2241998216e+01
    3.0101924243e+02    2.9571441103e+02   -4.3748108422e+04    1.8140627248e+00    1.8019515247e+00    1.8904056325e+00    8.9041894592e-03   -4.2369761068e-03    7.2356662685e-03    4.2241998216e+01    4.2241998216e+01    4.2241998216e+01
    3.0052003557e+02    2.9522400164e+02   -4.3747159312e+04    1.8368085540e+00    1.7950182999e+00    1.8270804759e+00    2.9647544542e-03   -4.7677204456e-03    3.0285596779e-03    4.2241998216e+01    4.2241998216e+01    4.2241998216e+01
    2.9954705833e+02    2.9426817107e+02   -4.3746567348e+04    1.8280203546e+00    1.8210392632e+00    1.8086207002e+00    4.3199641482e-03   -3.4278291568e-03    2.1626123593e-02    4.2241998216e+01    4.2241998216e+01    4.2241998216e+01
    2.9857745290e+02    2.9331565291e+02   -4.3745232805e+04    1.8275837933e+00    1.8191452777e+00    1.7893434951e+00   -3.3219862706e-03   -1.2182746756e-02   -3.1471447872e-03    4.2241998216e+01    4.2241998216e+01    4.2241998216e+01
    2.9948700387e+02    2.9420917495e+02   -4.3746491509e+04    1.7999375608e+00    1.8972453031e+00    1.7915701437e+00    1.2765205855e-02   -6.8381875531e-03   -7.5865869265e-03    4.2241998216e+01    4.2241998216e+01    4.2241998216e+01
    2.9841279718e+02    2.9315389889e+02   -4.3745305525e+04    1.8656796967e+00    1.8387896279e+00    1.7905664561e+00   -5.1540049964e-03    3.2750623263e-03   -2.0173678920e-03    4.2241998216e+01    4.2241998216e+01    4.2241998216e+01
    3.0096883326e+02    2.9566489021e+02   -4.3747758742e+04    1.7854888258e+00    1.8036925352e+00    1.8227184025e+00   -3.5039611133e-03    5.5091664883e-03    6.6688222603e-03    4.2241998216e+01    4.2241998216e+01    4.2241998216e+01
    2.9930852901e+02    2.9403384533e+02   -4.3746196987e+04    1.8326502752e+00    1.7361191190e+00    1.7827323872e+00    7.0442854224e-03    4.8497974346e-03   -1.3683984659e-03    4.2241998216e+01    4.2241998216e+01    4.2241998216e+01
    2.9998734914e+02    2.9470070269e+02   -4.3746649592e+04    1.8413724714e+00    1.7733375291e+00    1.8001072747e+00    4.5892837352e-03   -1.0918343625e-02   -1.2266409417e-03    4.2241998216e+01    4.2241998216e+01    4.2241998216e+01
    3.0056169860e+02    2.9526493045e+02   -4.3747351691e+04    1.8455247128e+00    1.7883050402e+00    1.7992864846e+00    1.5564883360e-02   -1.1679689675e-02   -3.6213368521e-03    4.2241998216e+01    4.2241998216e+01    4.2241998216e+01
    3.0057586982e+02    2.9527885192e+02   -4.3747614444e+04    1.8316278877e+00    1.8069748341e+00    1.7970396521e+00    2.1699722889e-03    4.5650533978e-03   -5.3642786665e-03    4.2241998216e+01    4.2241998216e+01    4.2241998216e+01
    3.0045912019e+02    2.9516415976e+02   -4.3747327060e+04    1.8314746005e+00    1.7886089723e+00    1.7928931066e+00    7.0232936718e-03   -1.9850032209e-03    5.1228391212e-03    4.2241998216e+01    4.2241998216e+01    4.2241998216e+01
    3.0060257468e+02    2.9530508616e+02   -4.3747328702e+04    1.8742312273e+00    1.7892808289e+00    1.7923575044e+00    2.8373253127e-03   -1.2363248283e-02   -6.2377326395e-03    4.2241998216e+01    4.2241998216e+01    4.2241998216e+01
    2.9934462670e+02    2.9406930687e+02   -4.3745884258e+04    1.8545593847e+00    1.7931620909e+00    1.7984340060e+00    3.2118063523e-03   -3.3644329708e-03    5.1572771231e-03    4.2241998216e+01    4.2241998216e+01    4.2241998216e+01
    3.0059914017e+02    2.9530171218e+02   -4.3747616956e+04    1.8161813805e+00    1.8419893275e+00    1.8140693695e+00    3.1989072049e-03   -9.9087722724e-05   -9.6374027739e-03    4.2241998216e+01    4.2241998216e+01    4.2241998216e+01
    2.9682877045e+02    2.9159778731e+02   -4.3743773719e+04    1.8293232499e+00    1.8434486954e+00    1.8090247679e+00   -7.3289002058e-05   -7.1704643985e-03    3.7904463480e-03    4.2241998216e+01    4.2241998216e+01    4.2241998216e+01
    3.0201484456e+02    2.9669246776e+02   -4.3748457120e+04    1.8230497974e+00    1.7781804187e+00    1.7500689884e+00   -1.8186357794e-03   -2.5995779943e-03   -1.4645306853e-03    4.2241998216e+01    4.2241998216e+01    4.2241998216e+01
    3.0154000988e+02    2.9622600104e+02   -4.3748310250e+04    1.8313075339e+00    1.8682961365e+00    1.7490708085e+00    5.2719798827e-03    4.1912565171e-03   -3.7634320398e-03    4.2241998216e+01    4.2241998216e+01    4.2241998216e+01
    3.0110959381e+02    2.9580317015e+02   -4.3747766854e+04    1.7894466549e+00    1.8371418931e+00    1.7572569106e+00    6.2522730788e-03   -4.9442240101e-03   -9.1419532435e-03    4.2241998216e+01    4.2241998216e+01    4.2241998216e+01
    3.0044206009e+02    2.9514740031e+02   -4.3747271140e+04    1.8160145970e+00    1.7958528708e+00    1.8374371227e+00    5.2392977909e-03   -2.7830345106e-03   -1.2199833556e-02    4.2241998216e+01    4.2241998216e+01    4.2241998216e+01
    2.9902904664e+02    2.9375928825e+02   -4.3745887802e+04    1.8482170852e+00    1.8303244686e+00    1.8759422187e+00    1.1217318136e-03   -8.9196550744e-04    3.3697221777e-04    4.2241998216e+01    4.2241998216e+01    4.2241998216e+01
    3.0031762136e+02    2.9502515456e+02   -4.3747147467e+04    1.8832705735e+00    1.7704846553e+00    1.8244242806e+00    8.5696854229e-03    2.6857783476e-03   -4.6343982690e-03    4.2241998216e+01    4.2241998216e+01    4.2241998216e+01
    2.9977710582e+02    2.9449416446e+02   -4.3746645435e+04    1.8660204998e+00    1.7997278152e+00    1.8132039518e+00    1.1547599818e-02   -8.2742629428e-03    7.4833419795e-03    4.2241998216e+01    4.2241998216e+01    4.2241998216e+01
    3.0131391259e+02    2.9600388824e+02   -4.3748272301e+04    1.8171789473e+00    1.8218523035e+00    1.7932601708e+00    9.5119721431e-03    3.0800758527e-03    3.0205602884e-03    4.2241998216e+01    4.2241998216e+01    4.2241998216e+01
    3.0021553851e+02    2.9492487070e+02   -4.3747049897e+04    1.7747402441e+00    1.8405581322e+00    1.8229015227e+00    3.7790655440e-03    9.0547354737e-03   -1.0580111174e-02    4.2241998216e+01    4.2241998216e+01    4.2241998216e+01
    2.9963596312e+02    2.9435550911e+02   -4.3746559263e+04    1.8113860568e+00    1.8347192648e+00    1.8190356694e+00    1.7801627995e-02   -3.4538718328e-03    6.9132937690e-03    4.2241998216e+01    4.2241998216e+01    4.2241998216e+01
    2.9689008129e+02    2.9165801767e+02   -4.3743688433e+04    1.8218697697e+00    1.8724809731e+00    1.8054279039e+00    1.5564747620e-03    6.6719565322e-03    4.5258079873e-03    4.2241998216e+01    4.2241998216e+01    4.2241998216e+01
    3.0200163825e+02    2.9667949418e+02   -4.3748860904e+04    1.7913624093e+00    1.8147691960e+00    1.7976924986e+00    7.2103332376e-03   -2.4683138639e-03    1.0837008242e-02    4.2241998216e+01    4.2241998216e+01    4.2241998216e+01
    3.0119594457e+02    2.9588799916e+02   -4.3747778211e+04    1.8025719506e+00    1.8445736618e+00    1.7904540361e+00   -5.1229636102e-04   -1.4415637943e-02   -2.2452296545e-03    4.2241998216e+01    4.2241998216e+01    4.2241998216e+01
    3.0098299960e+02    2.9567880690e+02   -4.3747714933e+04    1.8439901481e+00    1.7761343979e+00    1.8540722128e+00   -2.0285420534e-03   -4.7458574868e-03    3.8943835661e-03    4.2241998216e+01    4.2241998216e+01    4.2241998216e+01
    2.9999253286e+02    2.9470579505e+02   -4.3746556805e+04    1.8078463017e+00    1.7889696271e+00    1.8048677067e+00    6.6354329651e-03    3.1087253156e-03    1.8355339998e-03    4.2241998216e+01    4.2241998216e+01    4.2241998216e+01
    3.0355369729e+02    2.9820420145e+02   -4.3750429696e+04    1.8024201444e+00    1.8052868974e+00    1.7615596967e+00    2.0677464870e-03   -1.9680762146e-03   -5.0026117304e-03    4.2241998216e+01    4.2241998216e+01    4.2241998216e+01
    2.9847352937e+02    2.9321356081e+02   -4.3745363448e+04    1.8157789708e+00    1.8535935501e+00    1.8409105745e+00    1.3623823632e-02    1.8151133601e-03   -4.2297848042e-03    4.2241998216e+01    4.2241998216e+01    4.2241998216e+01
    3.0103456568e+02    2.9572946423e+02   -4.3747676538e+04    1.7894508023e+00    1.7904005650e+00    1.8654198745e+00   -6.8427073511e-04   -1.0541472956e-03    8.9732336088e-03    4.2241998216e+01    4.2241998216e+01    4.2241998216e+01
    3.0176286460e+02    2.9644492842e+02   -4.3748689754e+04    1.7800969723e+00    1.8154609964e+00    1.8519197063e+00   -5.4723773097e-03    1.6957359026e-03    5.3657721318e-03    4.2241998216e+01    4.2241998216e+01    4.2241998216e+01
    2.9786112866e+02    2.9261195237e+02   -4.3744684887e+04    1.8611854206e+00    1.8428386405e+00    1.8006383125e+00    3.6814247813e-03   -5.7570310823e-03   -5.8122257344e-03    4.2241998216e+01    4.2241998216e+01    4.2241998216e+01
    3.0370121540e+02    2.9834911986e+02   -4.3750416610e+04    1.7602007270e+00    1.8273969088e+00    1.8499927703e+00    8.6795244284e-03    6.2507244955e-03    2.7464712105e-03    4.2241998216e+01    4.2241998216e+01    4.2241998216e+01
    2.9920047899e+02    2.9392769947e+02   -4.3745982856e+04    1.8169722968e+00    1.8059918287e+00    1.8299247308e+00    1.6842658905e-02    6.1672887541e-03   -5.3496848344e-04    4.2241998216e+01    4.2241998216e+01    4.2241998216e+01
    2.9879322858e+02    2.9352762599e+02   -4.3745671291e+04    1.8302977449e+00    1.8039468035e+00    1.8410983633e+00    1.1354423143e-02   -7.0245347195e-03   -2.0878156144e-03    4.2241998216e+01    4.2241998216e+01    4.2241998216e+01
    2.9583912635e+02    2.9062558360e+02   -4.3742980142e+04    1.7687138109e+00    1.8831866613e+00    1.8367476065e+00   -4.1483237513e-03    3.5418130072e-03   -9.1333792406e-04    4.2241998216e+01    4.2241998216e+01    4.2241998216e+01
    3.0227761823e+02    2.9695061060e+02   -4.3749138484e+04    1.8487397032e+00    1.8204790506e+00    1.8256028671e+00    7.0522180883e-03    4.1945389912e-03   -5.9789810900e-03    4.2241998216e+01    4.2241998216e+01    4.2241998216e+01
    3.0046370653e+02    2.9516866528e+02   -4.3747127324e+04    1.8023892749e+00    1.8089947873e+00    1.8225798809e+00    3.1194185300e-03   -1.9772841807e-03    2.4730958092e-03    4.2241998216e+01    4.2241998216e+01    4.2241998216e+01
    3.0297181876e+02    2.9763257730e+02   -4.3749292502e+04    1.8267146522e+00    1.7588438678e+00    1.8472645766e+00    9.3762939400e-03    6.1150178089e-04    5.3759662173e-03    4.2241998216e+01    4.2241998216e+01    4.2241998216e+01
    2.9729336407e+02    2.9205419344e+02   -4.3744061415e+04    1.8686674219e+00    1.8670789124e+00    1.7781549117e+00   -9.0123428586e-03    4.5199631179e-03    5.9889577546e-03    4.2241998216e+01    4.2241998216e+01    4.2241998216e+01
    2.9856283852e+02    2.9330129607e+02   -4.3745458298e+04    1.8104117127e+00    1.8167467940e+00    1.8767582862e+00    7.4805799154e-03    2.0516358090e-03   -1.7282992220e-02    4.2241998216e+01    4.2241998216e+01    4.2241998216e+01
    2.9459892929e+02    2.8940724241e+02   -4.3741623726e+04    1.8460222397e+00    1.8839061372e+00    1.8047029698e+00    1.1695361171e-02   -4.9044541797e-03    1.5334347785e-03    4.2241998216e+01    4.2241998216e+01    4.2241998216e+01
    3.0011150418e+02    2.9482266976e+02   -4.3747215767e+04    1.8327419657e+00    1.8362416576e+00    1.7841166308e+00    1.2133323725e-02   -3.8210511628e-04   -3.2425367990e-03    4.2241998216e+01    4.2241998216e+01    4.2241998216e+01
    2.9833160150e+02    2.9307413412e+02   -4.3744830210e+04    1.8744363994e+00    1.8246685008e+00    1.8120801288e+00    6.1049506181e-03   -1.2550282383e-02   -6.5284774776e-03    4.2241998216e+01    4.2241998216e+01    4.2241998216e+01
    3.0041118053e+02    2.9511706494e+02   -4.3747172212e+04    1.8151216967e+00    1.8266871367e+00    1.8274155554e+00    1.2311035062e-02   -2.8561306135e-03    5.6590208313e-04    4.2241998216e+01    4.2241998216e+01    4.2241998216e+01
    3.0196642187e+02    2.9664489842e+02   -4.3748759546e+04    1.7906114509e+00    1.7774576049e+00    1.8005557403e+00    1.0092834295e-02    4.8157048496e-03    3.0989088452e-03    4.2241998216e+01    4.2241998216e+01    4.2241998216e+01
    2.9782226334e+02    2.9257377197e+02   -4.3744774815e+04    1.8705857248e+00    1.8033402464e+00    1.8411035836e+00    7.6080418858e-03   -2.9161217748e-03    5.2868455170e-03    4.2241998216e+01    4.2241998216e+01    4.2241998216e+01
    2.9981940427e+02    2.9453571749e+02   -4.3746778717e+04    1.8453290817e+00    1.8719541359e+00    1.7546913619e+00    6.7025569653e-03    4.2777417484e-03    3.1234883359e-03    4.2241998216e+01    4.2241998216e+01    4.2241998216e+01
    2.9704964365e+02    2.9181476808e+02   -4.3743921715e+04    1.8329265081e+00    1.8448173356e+00    1.8277828049e+00   -1.0420344444e-02   -9.2653406337e-03    7.0264862252e-04    4.2241998216e+01    4.2241998216e+01    4.2241998216e+01
    3.0223772819e+02    2.9691142354e+02   -4.3749120595e+04    1.7990192623e+00    1.8266057218e+00    1.8060853844e+00   -2.0771382681e-03   -3.4452308770e-03    4.3295435495e-03    4.2241998216e+01    4.2241998216e+01    4.2241998216e+01
    2.9570283164e+02    2.9049169080e+02   -4.3742556433e+04    1.8417523686e+00    1.8204957185e+00    1.7909342617e+00    1.2997212253e-02   -7.6426142923e-04   -5.0843525096e-03    4.2241998216e+01    4.2241998216e+01    4.2241998216e+01
    3.0000084138e+02    2.9471395715e+02   -4.3746986393e+04    1.7675244959e+00    1.8603459450e+00    1.8055986437e+00    1.4335849870e-02   -1.4313987474e-02    4.8684024841e-03    4.2241998216e+01    4.2241998216e+01    4.2241998216e+01
    3.0012583458e+02    2.9483674761e+02   -4.3747238605e+04    1.8214891433e+00    1.8006809011e+00    1.8086652436e+00    4.6219197791e-03   -3.0629401220e-03    1.0677037238e-02    4.2241998216e+01    4.2241998216e+01    4.2241998216e+01
    3.0086410559e+02    2.9556200815e+02   -4.3747392288e+04    1.8303664151e+00    1.8184535248e+00    1.8089982500e+00    6.9084633033e-03   -1.1099622596e-03    2.0583089016e-03    4.2241998216e+01    4.2241998216e+01    4.2241998216e+01
    3.0002994020e+02    2.9474254317e+02   -4.3746706943e+04    1.7893726089e+00    1.8229343831e+00    1.8132068834e+00    4.6970447832e-03    9.8838754098e-04   -1.1044703462e-02    4.2241998216e+01    4.2241998216e+01    4.2241998216e+01
    2.9831408478e+02    2.9305692609e+02   -4.3744966097e+04    1.8544168542e+00    1.8497137283e+00    1.7993644788e+00    9.5297941336e-03   -1.6516194169e-02   -8.1989232121e-04    4.2241998216e+01    4.2241998216e+01    4.2241998216e+01
    3.0016666580e+02    2.9487685926e+02   -4.3747110734e+04    1.8425913498e+00    1.8238946901e+00    1.7463574757e+00    1.3985199429e-02    8.8492085285e-03    1.7732440398e-03    4.2241998216e+01    4.2241998216e+01    4.2241998216e+01
    3.0350254653e+02    2.9815395211e+02   -4.3750207522e+04    1.7943741142e+00    1.8256502472e+00    1.8361929791e+00   -1.8749414422e-03   -6.6421089928e-04    4.3408452009e-03    4.2241998216e+01    4.2241998216e+01    4.2241998216e+01
    3.0143934069e+02    2.9612710594e+02   -4.3748079912e+04    1.8402571202e+00    1.7590340925e+00    1.8442243718e+00    3.4898267117e-05   -7.9344389313e-04    1.3383194361e-02    4.2241998216e+01    4.2241998216e+01    4.2241998216e+01
    2.9622537059e+02    2.9100502110e+02   -4.3742995100e+04    1.7910488588e+00    1.8163299367e+00    1.8431679230e+00    1.1564700735e-02   -4.7872636797e-03    3.6958685732e-03    4.2241998216e+01    4.2241998216e+01    4.2241998216e+01
    2.9798018039e+02    2.9272890607e+02   -4.3744941045e+04    1.8396902483e+00    1.8169954199e+00    1.8331059400e+00    1.1421527940e-03    1.5643908902e-02   -1.3068325283e-02    4.2241998216e+01    4.2241998216e+01    4.2241998216e+01
    2.9873773251e+02    2.9347310792e+02   -4.3745804691e+04    1.8027093469e+00    1.7984169456e+00    1.8314463650e+00    4.0278927514e-03   -1.0349348288e-02   -9.4395682416e-04    4.2241998216e+01    4.2241998216e+01    4.2241998216e+01
    2.9634384844e+02    2.9112141103e+02   -4.3743179694e+04    1.8312855583e+00    1.8730213456e+00    1.8162027234e+00    4.9243410302e-03   -4.4808943511e-03    2.7070133151e-03    4.2241998216e+01    4.2241998216e+01    4.2241998216e+01
    2.9946424696e+02    2.9418681908e+02   -4.3746472337e+04    1.7911701309e+00    1.8280997961e+00    1.7989698839e+00   -8.5627624856e-03    3.8122210610e-05    1.1732158716e-03    4.2241998216e+01    4.2241998216e+01    4.2241998216e+01
    3.0187352259e+02    2.9655363629e+02   -4.3749076035e+04    1.7858199972e+00    1.8090738227e+00    1.8189377558e+00    8.0437168059e-03   -1.8007466217e-04   -4.6154532586e-03    4.2241998216e+01    4.2241998216e+01    4.2241998216e+01
    3.0559029928e+02    3.0020491260e+02   -4.3752296227e+04    1.7759861391e+00    1.7827504537e+00    1.7991559421e+00    1.3054905070e-02   -4.2260679430e-03   -1.9253635638e-03    4.2241998216e+01    4.2241998216e+01    4.2241998216e+01
    3.0066157951e+02    2.9536305116e+02   -4.3747204698e+04    1.8140642334e+00    1.8312029023e+00    1.8364128068e+00    7.5911647364e-03   -2.8444943261e-03    7.8260774429e-04    4.2241998216e+01    4.2241998216e+01    4.2241998216e+01
    3.0339954927e+02    2.9805276996e+02   -4.3750160300e+04    1.8309354434e+00    1.8341352223e+00    1.7521882041e+00    1.5288885956e-02    1.1691906171e-02    1.2376671280e-03    4.2241998216e+01    4.2241998216e+01    4.2241998216e+01
    2.9990271731e+02    2.9461756232e+02   -4.3746833337e+04    1.7591750331e+00    1.8431434101e+00    1.8090303491e+00    1.2661095306e-03    7.6842434979e-03    1.0475960643e-02    4.2241998216e+01    4.2241998216e+01    4.2241998216e+01
    3.0216660462e+02    2.9684155337e+02   -4.3749188559e+04    1.8222260721e+00    1.7853341225e+00    1.8162201965e+00    1.1261305725e-02   -7.2210976153e-03   -6.9774552368e-03    4.2241998216e+01    4.2241998216e+01    4.2241998216e+01
    3.0145415909e+02    2.9614166319e+02   -4.3747905285e+04    1.8571678780e+00    1.8327611407e+00    1.7969802522e+00    3.7737045507e-03   -4.6150739425e-03   -3.0118693653e-04    4.2241998216e+01    4.2241998216e+01    4.2241998216e+01
    2.9980219347e+02    2.9451880999e+02   -4.3746871612e+04    1.8309063286e+00    1.8530015954e+00    1.8025206113e+00    4.8100653804e-03   -1.2060611441e-03   -1.1145727076e-02    4.2241998216e+01    4.2241998216e+01    4.2241998216e+01
    2.9944400664e+02    2.9416693546e+02   -4.3746630359e+04    1.8395871935e+00    1.8138695093e+00    1.8077117432e+00    1.0853364526e-02   -1.0653506159e-02    1.9025266334e-02    4.2241998216e+01    4.2241998216e+01    4.2241998216e+01
    3.0114980401e+02    2.9584267173e+02   -4.3747877299e+04    1.8226791143e+00    1.7890783118e+00    1.8171438386e+00    9.4729139510e-03   -4.4431756273e-03    2.2838155528e-02    4.2241998216e+01    4.2241998216e+01    4.2241998216e+01
    3.0168746054e+02    2.9637085320e+02   -4.3748684626e+04    1.8252488428e+00    1.7570985919e+00    1.8063121580e+00    4.5938573003e-03   -1.0697563991e-02    2.3421643330e-03    4.2241998216e+01    4.2241998216e+01    4.2241998216e+01
    3.0351779738e+02    2.9816893420e+02   -4.3750427647e+04    1.7218002814e+00    1.8096753013e+00    1.8038823889e+00    6.8295543552e-04    4.6189433312e-03   -5.9776598351e-03    4.2241998216e+01    4.2241998216e+01    4.2241998216e+01
    2.9613370194e+02    2.9091496792e+02   -4.3743331812e+04    1.8162051694e+00    1.8824087403e+00    1.8201241279e+00    1.2112805920e-02    3.3577629814e-03   -9.2308614135e-03    4.2241998216e+01    4.2241998216e+01    4.2241998216e+01
