-0.498 -1.92613 -0.407835
-0.496 -2.16585 -0.513521
-0.494 -2.38884 -0.624041
-0.492 -2.5928 -0.737412
-0.49 -2.77568 -0.851469
-0.488 -2.93563 -0.963915
-0.486 -3.07109 -1.07237
-0.484 -3.18081 -1.17446
-0.482 -3.26389 -1.26783
-0.48 -3.31983 -1.35026
-0.478 -3.34858 -1.41969
-0.476 -3.35059 -1.47431
-0.474 -3.32686 -1.51258
-0.472 -3.27893 -1.5333
-0.47 -3.20887 -1.53563
-0.468 -3.1193 -1.51913
-0.466 -3.01331 -1.48377
-0.464 -2.89436 -1.42993
-0.462 -2.76621 -1.35842
-0.46 -2.63278 -1.27042
-0.458 -2.49798 -1.16744
-0.456 -2.36563 -1.05135
-0.454 -2.2392 -0.924226
-0.452 -2.1218 -0.788377
-0.45 -2.01598 -0.646246
-0.448 -1.92367 -0.500361
-0.446 -1.84613 -0.353277
-0.444 -1.78394 -0.207517
-0.442 -1.73696 -0.0655148
-0.44 -1.70436 0.0704394
-0.438 -1.68462 0.198254
-0.436 -1.67559 0.316083
-0.434 -1.6745 0.422372
-0.432 -1.678 0.515896
-0.43 -1.68227 0.595785
-0.428 -1.68306 0.66154
-0.426 -1.67583 0.713043
-0.424 -1.65595 0.750536
-0.422 -1.61881 0.774606
-0.42 -1.56004 0.786141
-0.418 -1.47573 0.786286
-0.416 -1.36256 0.776388
-0.414 -1.21801 0.757943
-0.412 -1.04054 0.732535
-0.41 -0.829668 0.701787
-0.408 -0.586095 0.667305
-0.406 -0.311745 0.630626
-0.404 -0.00976444 0.593182
-0.402 0.315534 0.556254
-0.4 0.658776 0.520942
-0.398 1.01369 0.488147
-0.396 1.37332 0.458556
-0.394 1.73026 0.432644
-0.392 2.07692 0.410678
-0.39 2.40586 0.392744
-0.388 2.70999 0.378766
-0.386 2.98286 0.368542
-0.384 3.21886 0.361781
-0.382 3.41339 0.358137
-0.38 3.56298 0.357253
-0.378 3.66541 0.358797
-0.376 3.71978 0.362507
-0.374 3.72653 0.368215
-0.372 3.6875 0.375884
-0.37 3.60579 0.385624
-0.368 3.4858 0.397695
-0.366 3.33301 0.412503
-0.364 3.15394 0.430568
-0.362 2.95588 0.452487
-0.36 2.7468 0.478879
-0.358 2.53515 0.510321
-0.356 2.32963 0.54728
-0.354 2.13906 0.590048
-0.352 1.97213 0.63868
-0.35 1.83723 0.692942
-0.348 1.74214 0.752278
-0.346 1.69381 0.815782
-0.344 1.698 0.882196
-0.342 1.75903 0.949921
-0.34 1.87939 1.01705
-0.338 2.05951 1.0814
-0.336 2.29748 1.14059
-0.334 2.58898 1.19208
-0.332 2.92721 1.23331
-0.33 3.30303 1.26167
-0.328 3.70519 1.27472
-0.326 4.12063 1.27014
-0.324 4.53502 1.24592
-0.322 4.93314 1.20037
-0.32 5.29955 1.13222
-0.318 5.61905 1.0407
-0.316 5.87725 0.925582
-0.314 6.0611 0.787254
-0.312 6.15936 0.626746
-0.31 6.163 0.445765
-0.308 6.06564 0.24669
-0.306 5.86377 0.0325493
-0.304 5.55705 -0.193035
-0.302 5.1484 -0.425923
-0.3 4.64401 -0.661566
-0.298 4.05325 -0.895127
-0.296 3.38846 -1.12163
-0.294 2.66454 -1.33611
-0.292 1.89851 -1.53377
-0.29 1.10896 -1.71014
-0.288 0.315342 -1.86123
-0.286 -0.462725 -1.9837
-0.284 -1.20619 -2.07493
-0.282 -1.89733 -2.13319
-0.28 -2.5204 -2.15768
-0.278 -3.06228 -2.14861
-0.276 -3.51293 -2.1072
-0.274 -3.8658 -2.03567
-0.272 -4.118 -1.93716
-0.27 -4.27044 -1.8157
-0.268 -4.32772 -1.67601
-0.266 -4.29799 -1.52339
-0.264 -4.19261 -1.36354
-0.262 -4.02574 -1.20236
-0.26 -3.81383 -1.04574
-0.258 -3.57502 -0.899342
-0.256 -3.32849 -0.768424
-0.254 -3.09378 -0.657613
-0.252 -2.89005 -0.570734
-0.25 -2.73539 -0.510639
-0.248 -2.64613 -0.479083
-0.246 -2.63613 -0.476619
-0.244 -2.71627 -0.502545
-0.242 -2.89384 -0.554888
-0.24 -3.17216 -0.630437
-0.238 -3.55032 -0.724817
-0.236 -4.02296 -0.83261
-0.234 -4.58029 -0.947517
-0.232 -5.20827 -1.06255
-0.23 -5.88889 -1.17027
-0.228 -6.60068 -1.26303
-0.226 -7.3193 -1.33328
-0.224 -8.01832 -1.37381
-0.222 -8.67005 -1.37808
-0.22 -9.24645 -1.34045
-0.218 -9.72014 -1.25646
-0.216 -10.0653 -1.12302
-0.214 -10.2587 -0.938603
-0.212 -10.2805 -0.703321
-0.21 -10.1148 -0.419019
-0.208 -9.75072 -0.0892602
-0.206 -9.18228 0.280732
-0.204 -8.40913 0.68419
-0.202 -7.43645 1.11298
-0.2 -6.27494 1.5578
-0.198 -4.9406 2.00852
-0.196 -3.45428 2.45438
-0.194 -1.84118 2.88442
-0.192 -0.130113 3.28778
-0.19 1.6473 3.65409
-0.188 3.45757 3.97375
-0.186 5.26626 4.23834
-0.184 7.03898 4.44085
-0.182 8.74234 4.57597
-0.18 10.3449 4.64027
-0.178 11.8179 4.63235
-0.176 13.1361 4.55293
-0.174 14.2786 4.40482
-0.172 15.2291 4.19286
-0.17 15.9764 3.92376
-0.168 16.5145 3.60589
-0.166 16.8431 3.24898
-0.164 16.9666 2.86377
-0.162 16.8946 2.46166
-0.16 16.6409 2.05424
-0.158 16.2229 1.65295
-0.156 15.6613 1.26861
-0.154 14.9785 0.911047
-0.152 14.1984 0.588751
-0.15 13.3453 0.308548
-0.148 12.443 0.0753612
-0.146 11.5138 -0.107971
-0.144 10.5778 -0.240799
-0.142 9.65235 -0.324682
-0.14 8.75128 -0.363328
-0.138 7.88452 -0.362449
-0.136 7.05789 -0.329536
-0.134 6.27299 -0.273565
-0.132 5.52733 -0.204636
-0.13 4.81456 -0.133563
-0.128 4.125 -0.0714351
-0.126 3.44617 -0.0291432
-0.124 2.76362 -0.0169181
-0.122 2.06173 -0.0438762
-0.12 1.32464 -0.117601
-0.118 0.537276 -0.243778
-0.116 -0.313718 -0.425894
-0.114 -1.23903 -0.665021
-0.112 -2.24584 -0.959689
-0.11 -3.33717 -1.30585
-0.108 -4.51135 -1.69696
-0.106 -5.76181 -2.12413
-0.104 -7.07699 -2.57637
-0.102 -8.44057 -3.04098
-0.1 -9.83195 -3.5039
-0.098 -11.2268 -3.95026
-0.096 -12.5981 -4.36483
-0.094 -13.9166 -4.7326
-0.092 -15.1524 -5.03935
-0.09 -16.2753 -5.27219
-0.088 -17.2565 -5.42004
-0.086 -18.069 -5.47418
-0.084 -18.6885 -5.42858
-0.082 -19.0948 -5.28026
-0.08 -19.2716 -5.02948
-0.078 -19.2076 -4.67987
-0.076 -18.8965 -4.2384
-0.074 -18.3375 -3.71523
-0.072 -17.5348 -3.12346
-0.07 -16.4976 -2.47872
-0.068 -15.2398 -1.79874
-0.066 -13.7792 -1.10275
-0.064 -12.137 -0.410835
-0.062 -10.3375 0.256698
-0.06 -8.40691 0.880045
-0.058 -6.3733 1.44058
-0.056 -4.26568 1.92154
-0.054 -2.11363 2.30859
-0.052 0.0531109 2.59037
-0.05 2.20508 2.75897
-0.048 4.31345 2.81022
-0.046 6.35037 2.74392
-0.044 8.28932 2.56389
-0.042 10.1055 2.278
-0.04 11.7761 1.8979
-0.038 13.2808 1.43871
-0.036 14.6021 0.918577
-0.034 15.7253 0.358069
-0.032 16.6388 -0.220547
-0.03 17.3341 -0.794086
-0.028 17.8053 -1.3393
-0.026 18.0493 -1.83376
-0.024 18.0654 -2.25673
-0.022 17.8555 -2.58995
-0.02 17.4237 -2.81842
-0.018 16.7768 -2.93099
-0.016 15.9244 -2.92085
-0.014 14.8784 -2.78583
-0.012 13.6537 -2.52855
-0.01 12.267 -2.15634
-0.008 10.7367 -1.68099
-0.006 9.08233 -1.11836
-0.004 7.32348 -0.487714
-0.002 5.47989 0.188962
0 3.57128 0.887829
0.002 1.61734 1.58393
0.004 -0.360853 2.25269
0.006 -2.34138 2.87034
0.008 -4.30088 3.41502
0.01 -6.21459 3.86761
0.012 -8.05686 4.21241
0.014 -9.80177 4.4377
0.016 -11.4239 4.53621
0.018 -12.899 4.50528
0.02 -14.2047 4.34697
0.022 -15.3207 4.06791
0.024 -16.2288 3.67903
0.026 -16.9134 3.19508
0.028 -17.3616 2.63406
0.03 -17.5631 2.01647
0.032 -17.5111 1.36457
0.034 -17.2017 0.701507
0.036 -16.6349 0.0504927
0.038 -15.8143 -0.566061
0.04 -14.747 -1.1273
0.042 -13.4444 -1.61466
0.044 -11.9214 -2.01241
0.046 -10.1968 -2.30823
0.048 -8.29297 -2.49348
0.05 -6.23599 -2.56348
0.052 -4.0552 -2.51756
0.054 -1.78297 -2.35898
0.056 0.545767 -2.09477
0.058 2.89402 -1.73537
0.06 5.22341 -1.29424
0.062 7.49498 -0.787257
0.064 9.67 -0.232203
0.066 11.711 0.351944
0.068 13.5829 0.945664
0.07 15.2537 1.52957
0.072 16.6957 2.08508
0.074 17.8866 2.59497
0.076 18.8095 3.04401
0.078 19.4542 3.41934
0.08 19.817 3.71089
0.082 19.9005 3.91162
0.084 19.7142 4.01771
0.086 19.2732 4.02857
0.088 18.598 3.94678
0.09 17.7139 3.77792
0.092 16.6496 3.53024
0.094 15.4366 3.21434
0.096 14.1078 2.84264
0.098 12.6966 2.42893
0.1 11.2354 1.98779
0.102 9.75516 1.53401
0.104 8.28377 1.08209
0.106 6.84561 0.64567
0.108 5.46074 0.237101
0.11 4.14449 -0.132966
0.112 2.90711 -0.455909
0.114 1.75379 -0.72536
0.116 0.684696 -0.937355
0.118 -0.304644 -1.09039
0.12 -1.22283 -1.18536
0.122 -2.08191 -1.22547
0.124 -2.89648 -1.216
0.126 -3.68281 -1.16407
0.128 -4.45773 -1.07826
0.13 -5.23765 -0.968295
0.132 -6.0375 -0.844581
0.134 -6.86979 -0.717811
0.136 -7.74374 -0.598517
0.138 -8.66457 -0.496644
0.14 -9.63298 -0.42116
0.142 -10.6449 -0.3797
0.144 -11.6912 -0.378269
0.146 -12.7582 -0.421014
0.148 -13.8279 -0.510066
0.15 -14.8782 -0.645468
0.152 -15.8845 -0.825172
0.154 -16.8197 -1.04513
0.156 -17.6559 -1.29943
0.158 -18.3651 -1.58057
0.16 -18.9206 -1.87966
0.162 -19.2976 -2.18683
0.164 -19.4746 -2.49158
0.166 -19.434 -2.78316
0.168 -19.1632 -3.05095
0.17 -18.6546 -3.28493
0.172 -17.9069 -3.47594
0.174 -16.9244 -3.61611
0.176 -15.7177 -3.69906
0.178 -14.3034 -3.72015
0.18 -12.7036 -3.67666
0.182 -10.9454 -3.5678
0.184 -9.06041 -3.3948
0.186 -7.08355 -3.16081
0.188 -5.05246 -2.87077
0.19 -3.00622 -2.53127
0.192 -0.984284 -2.15027
0.194 0.974683 -1.73687
0.196 2.83389 -1.30096
0.198 4.55948 -0.85294
0.2 6.12149 -0.40336
0.202 7.49461 0.0374203
0.204 8.65887 0.459539
0.206 9.60014 0.853939
0.208 10.3104 1.21263
0.21 10.7877 1.5289
0.212 11.0366 1.79753
0.214 11.0671 2.01485
0.216 10.8951 2.17884
0.218 10.5411 2.28914
0.22 10.0297 2.34693
0.222 9.38912 2.35489
0.224 8.64947 2.31701
0.226 7.84227 2.2384
0.228 6.99913 2.12509
0.23 6.15073 1.98375
0.232 5.32583 1.82148
0.234 4.55029 1.64552
0.236 3.84637 1.46305
0.238 3.23212 1.28092
0.24 2.72094 1.10551
0.242 2.32141 0.942515
0.244 2.03726 0.796817
0.246 1.86748 0.672399
0.248 1.80661 0.572243
0.25 1.8452 0.49829
0.252 1.97025 0.451417
0.254 2.16593 0.43145
0.256 2.41415 0.437206
0.258 2.69535 0.466564
0.26 2.98919 0.51656
0.262 3.27531 0.583507
0.264 3.53406 0.663138
0.266 3.74713 0.750762
0.268 3.89822 0.841436
0.27 3.97356 0.930154
0.272 3.96231 1.01203
0.274 3.85697 1.08247
0.276 3.65351 1.13736
0.278 3.35152 1.17321
0.28 2.95416 1.18727
0.282 2.46803 1.17762
0.284 1.9029 1.14324
0.286 1.27142 1.08398
0.288 0.588596 1.0006
0.29 -0.128684 0.894667
0.292 -0.862303 0.768488
0.294 -1.59355 0.62502
0.296 -2.30379 0.467735
0.298 -2.97516 0.300494
0.3 -3.59119 0.127405
0.302 -4.1374 -0.0473123
0.304 -4.60174 -0.219465
0.306 -4.97501 -0.385021
0.308 -5.25105 -0.540232
0.31 -5.4269 -0.681745
0.312 -5.50271 -0.806705
0.314 -5.48169 -0.912836
0.316 -5.3698 -0.998505
0.318 -5.17555 -1.06276
0.32 -4.90953 -1.10535
0.322 -4.58405 -1.12673
0.324 -4.21264 -1.12801
0.326 -3.80954 -1.11093
0.328 -3.38919 -1.07779
0.33 -2.96574 -1.03132
0.332 -2.55251 -0.97464
0.334 -2.16162 -0.911076
0.336 -1.80356 -0.844062
0.338 -1.48692 -0.776992
0.34 -1.21813 -0.713086
0.342 -1.00136 -0.655262
0.344 -0.838477 -0.606021
0.346 -0.729079 -0.567362
0.348 -0.670657 -0.540712
0.35 -0.658804 -0.526895
0.352 -0.687503 -0.526124
0.354 -0.74947 -0.538023
0.356 -0.836551 -0.561674
0.358 -0.940111 -0.595679
0.36 -1.05144 -0.638242
0.362 -1.16213 -0.68726
0.364 -1.26441 -0.740418
0.366 -1.35149 -0.795283
0.368 -1.41774 -0.849398
0.37 -1.45892 -0.90036
0.372 -1.47225 -0.945896
0.374 -1.45648 -0.983913
0.376 -1.41184 -1.01255
0.378 -1.33995 -1.03022
0.38 -1.24373 -1.03561
0.382 -1.12717 -1.02778
0.384 -0.995179 -1.00607
0.386 -0.85331 -0.970244
0.388 -0.707529 -0.920389
0.39 -0.563953 -0.856978
0.392 -0.428568 -0.78084
0.394 -0.30696 -0.69314
0.396 -0.204061 -0.595351
0.398 -0.123926 -0.489214
0.4 -0.0695606 -0.376699
0.402 -0.0427979 -0.259946
0.404 -0.0442333 -0.141208
0.406 -0.0732073 -0.0227864
0.408 -0.127839 0.09304
0.41 -0.205112 0.204086
0.412 -0.301 0.308329
0.414 -0.410634 0.403976
0.416 -0.528492 0.489517
0.418 -0.648602 0.563774
0.42 -0.764766 0.625929
0.422 -0.870773 0.675537
0.424 -0.960608 0.712522
0.426 -1.02864 0.737159
0.428 -1.06979 0.750043
0.43 -1.07969 0.752044
0.432 -1.05477 0.744264
0.434 -0.992415 0.727981
0.436 -0.891037 0.7046
0.438 -0.750132 0.675605
0.44 -0.570348 0.642507
0.442 -0.353517 0.606802
0.444 -0.102658 0.569927
0.446 0.178053 0.533221
0.448 0.483367 0.497892
0.45 0.807092 0.464991
0.452 1.14228 0.435383
0.454 1.48142 0.409737
0.456 1.81673 0.388513
0.458 2.14035 0.371961
0.46 2.44458 0.360132
0.462 2.72214 0.352889
0.464 2.96634 0.349935
0.466 3.17125 0.350841
0.468 3.33186 0.355071
0.47 3.44423 0.362025
0.472 3.50556 0.371062
0.474 3.51433 0.38153
0.476 3.47024 0.392791
0.478 3.37431 0.404236
0.48 3.22878 0.415299
0.482 3.03708 0.425467
0.484 2.80371 0.434282
0.486 2.53408 0.441349
0.488 2.23439 0.446335
0.49 1.91136 0.448966
0.492 1.57211 0.449025
0.494 1.22387 0.446341
0.496 0.87378 0.440789
0.498 0.528714 0.432273
0.4 -0.0203697 0.00230791
0.8 -0.0203297 0.00235081
1.2 -0.0202493 0.00242286
1.6 -0.0201083 0.00252486
2 -0.0198789 0.00265787
2.4 -0.0195261 0.00282319
2.8 -0.0190088 0.00302226
3.2 -0.01828 0.00325665
3.6 -0.0172884 0.00352794
4 -0.0159789 0.0038377
4.4 -0.0142939 0.00418742
4.8 -0.0121746 0.00457847
5.2 -0.0095624 0.00501206
5.6 -0.00639993 0.00548922
6 -0.00263265 0.00601085
6.4 0.00178983 0.00657768
6.8 0.00691235 0.00719042
7.2 0.0127729 0.00784976
7.6 0.0194014 0.00855652
8 0.0268184 0.0093118
8.4 0.0350341 0.0101171
8.8 0.0440474 0.0109746
9.2 0.0538454 0.011887
9.6 0.0644022 0.0128584
10 0.0756793 0.0138938
10.4 0.0876247 0.0149997
10.8 0.100174 0.0161841
11.2 0.113249 0.0174569
11.6 0.126761 0.0188297
12 0.140608 0.0203162
12.4 0.15468 0.0219323
12.8 0.168857 0.0236957
13.2 0.183011 0.0256263
13.6 0.197009 0.0277458
14 0.210716 0.0300779
14.4 0.223992 0.0326476
14.8 0.236701 0.0354812
15.2 0.248707 0.0386058
15.6 0.259882 0.042049
16 0.270102 0.0458383
16.4 0.279255 0.0500006
16.8 0.287239 0.0545615
17.2 0.293967 0.059545
17.6 0.299367 0.0649725
18 0.303382 0.0708624
18.4 0.305976 0.0772292
18.8 0.307129 0.0840833
19.2 0.306842 0.0914299
19.6 0.305135 0.0992688
20 0.30205 0.107594
20.4 0.297644 0.116393
20.8 0.291996 0.125646
21.2 0.2852 0.135328
21.6 0.277365 0.145404
22 0.268616 0.155836
22.4 0.259088 0.166576
22.8 0.248924 0.17757
23.2 0.238275 0.188758
23.6 0.227296 0.200076
24 0.216142 0.211451
24.4 0.204967 0.22281
24.8 0.193921 0.234072
25.2 0.183145 0.245157
25.6 0.172773 0.255982
26 0.162925 0.266462
26.4 0.153708 0.276513
26.8 0.145215 0.286055
27.2 0.137519 0.295006
27.6 0.130679 0.303291
28 0.124733 0.310837
28.4 0.1197 0.31758
28.8 0.115584 0.323458
29.2 0.11237 0.328418
29.6 0.110024 0.332417
30 0.108502 0.335415
30.4 0.107742 0.337386
30.8 0.107674 0.338309
31.2 0.108218 0.338174
31.6 0.109288 0.336981
32 0.110793 0.334735
32.4 0.112642 0.331454
32.8 0.114745 0.327162
33.2 0.117017 0.321892
33.6 0.119376 0.315682
34 0.121753 0.308579
34.4 0.124086 0.300635
34.8 0.126326 0.291906
35.2 0.128439 0.282453
35.6 0.130402 0.272342
36 0.13221 0.26164
36.4 0.133872 0.250416
36.8 0.13541 0.238741
37.2 0.136862 0.226684
37.6 0.138278 0.214318
38 0.139721 0.201713
38.4 0.14126 0.188936
38.8 0.142977 0.176056
39.2 0.144955 0.163139
39.6 0.147282 0.150247
40 0.150048 0.137441
40.4 0.153339 0.12478
40.8 0.157237 0.11232
41.2 0.16182 0.100114
41.6 0.167154 0.0882126
42 0.173295 0.076665
42.4 0.180288 0.0655164
42.8 0.188163 0.0548103
43.2 0.196934 0.0445874
43.6 0.2066 0.034886
44 0.217144 0.025742
44.4 0.228534 0.0171886
44.8 0.24072 0.00925603
45.2 0.25364 0.00197178
45.6 0.267215 -0.00463996
46 0.281357 -0.0105585
46.4 0.295967 -0.015767
46.8 0.310936 -0.0202526
47.2 0.326151 -0.0240073
47.6 0.341494 -0.0270278
48 0.356846 -0.029316
48.4 0.37209 -0.0308797
48.8 0.387109 -0.0317324
49.2 0.401795 -0.031894
49.6 0.416045 -0.0313904
50 0.429767 -0.0302544
50.4 0.442879 -0.028525
50.8 0.45531 -0.0262473
51.2 0.467003 -0.0234729
51.6 0.477914 -0.0202588
52 0.488013 -0.0166672
52.4 0.497283 -0.012765
52.8 0.505719 -0.00862285
53.2 0.513329 -0.00431428
53.6 0.520131 8.51545e-05
54 0.526154 0.00449899
54.4 0.531432 0.008851
54.8 0.536008 0.0130663
55.2 0.539928 0.0170727
55.6 0.543238 0.0208018
56 0.545988 0.0241899
56.4 0.548224 0.0271798
56.8 0.549988 0.029721
57.2 0.551319 0.0317714
57.6 0.552247 0.0332975
58 0.552797 0.0342754
58.4 0.552984 0.0346911
58.8 0.552813 0.0345408
59.2 0.552282 0.0338311
59.6 0.551379 0.0325788
60 0.550082 0.0308106
60.4 0.548361 0.0285626
60.8 0.546182 0.0258796
61.2 0.543502 0.0228139
61.6 0.540276 0.0194249
62 0.536455 0.0157773
62.4 0.531989 0.0119401
62.8 0.526833 0.00798491
63.2 0.520942 0.00398485
63.6 0.514277 1.28135e-05
64 0.506808 -0.00385997
64.4 0.498512 -0.00756533
64.8 0.489377 -0.0110396
65.2 0.479403 -0.0142247
65.6 0.468605 -0.0170697
66 0.457009 -0.0195311
66.4 0.444656 -0.0215744
66.8 0.431603 -0.0231741
67.2 0.417918 -0.0243144
67.6 0.403684 -0.0249894
68 0.388998 -0.0252027
68.4 0.373966 -0.0249676
68.8 0.358703 -0.0243064
69.2 0.343335 -0.0232496
69.6 0.327991 -0.0218355
70 0.312804 -0.0201086
70.4 0.297909 -0.018119
70.8 0.283438 -0.015921
71.2 0.269521 -0.0135716
71.6 0.256281 -0.0111296
72 0.243833 -0.00865364
72.4 0.232282 -0.00620154
72.8 0.221718 -0.00382862
73.2 0.21222 -0.00158665
73.6 0.20385 0.000477215
74 0.196652 0.00232136
74.4 0.190655 0.00391048
74.8 0.185869 0.00521618
75.2 0.182284 0.00621742
75.6 0.179877 0.0069007
76 0.178602 0.00726013
76.4 0.178401 0.00729728
76.8 0.1792 0.00702089
77.2 0.180911 0.00644635
77.6 0.183436 0.00559508
78 0.186664 0.00449382
78.4 0.190479 0.0031737
78.8 0.19476 0.00166937
79.2 0.199379 1.79941e-05
79.6 0.204212 -0.0017418
80 0.209132 -0.00357089
80.4 0.214018 -0.00543064
80.8 0.218751 -0.00728388
81.2 0.223222 -0.00909571
81.6 0.22733 -0.0108343
82 0.230982 -0.0124714
82.4 0.234097 -0.0139832
82.8 0.236607 -0.0153503
83.2 0.238456 -0.0165581
83.6 0.239598 -0.0175973
84 0.240002 -0.018463
84.4 0.239651 -0.0191555
84.8 0.238537 -0.0196792
85.2 0.236664 -0.0200426
85.6 0.234048 -0.020258
86 0.230714 -0.0203402
86.4 0.226695 -0.0203066
86.8 0.222031 -0.0201761
87.2 0.216769 -0.0199685
87.6 0.210959 -0.0197039
88 0.204655 -0.0194018
88.4 0.197914 -0.0190807
88.8 0.190794 -0.0187575
89.2 0.18335 -0.0184469
89.6 0.17564 -0.018161
90 0.167717 -0.017909
90.4 0.159633 -0.0176972
90.8 0.151435 -0.0175286
91.2 0.143168 -0.0174029
91.6 0.134873 -0.0173169
92 0.126584 -0.0172645
92.4 0.118336 -0.017237
92.8 0.110155 -0.0172234
93.2 0.102068 -0.017211
93.6 0.0940936 -0.0171857
94 0.0862512 -0.0171327
94.4 0.0785562 -0.0170369
94.8 0.0710217 -0.0168834
95.2 0.0636593 -0.0166583
95.6 0.0564794 -0.0163487
96 0.0494914 -0.0159436
96.4 0.0427044 -0.015434
96.8 0.0361271 -0.0148135
97.2 0.0297685 -0.0140782
97.6 0.0236378 -0.0132273
98 0.0177445 -0.0122625
98.4 0.0120987 -0.011189
98.8 0.00671059 -0.0100145
99.2 0.00159086 -0.00874941
99.6 -0.00324991 -0.00740678
100 -0.0078013 -0.00600168
100.4 -0.0120533 -0.00455104
100.8 -0.0159968 -0.00307316
101.2 -0.0196236 -0.00158733
101.6 -0.0229271 -0.000113346
102 -0.0259024 0.00132896
102.4 -0.0285466 0.00272017
102.8 -0.0308591 0.00404173
103.2 -0.0328419 0.00527633
103.6 -0.0344997 0.00640834
104 -0.0358397 0.0074241
104.4 -0.0368724 0.00831218
104.8 -0.0376106 0.00906364
105.2 -0.0380699 0.00967213
105.6 -0.0382685 0.010134
106 -0.0382266 0.0104483
106.4 -0.0379665 0.0106168
106.8 -0.0375118 0.0106436
107.2 -0.0368875 0.0105355
107.6 -0.0361192 0.0103012
108 -0.0352327 0.00995134
108.4 -0.0342536 0.00949831
108.8 -0.033207 0.00895562
109.2 -0.0321166 0.00833778
109.6 -0.0310049 0.00765986
110 -0.0298922 0.00693722
110.4 -0.0287968 0.00618509
110.8 -0.0277345 0.00541834
111.2 -0.0267184 0.00465111
111.6 -0.0257586 0.00389662
112 -0.0248625 0.00316689
112.4 -0.0240346 0.0024726
112.8 -0.0232765 0.00182294
113.2 -0.0225873 0.00122549
113.6 -0.0219633 0.000686222
114 -0.0213989 0.000209428
114.4 -0.0208866 -0.000202204
114.8 -0.020417 -0.000547536
115.2 -0.0199798 -0.000826883
115.6 -0.0195638 -0.00104188
116 -0.0191575 -0.00119532
116.4 -0.0187491 -0.001291
116.8 -0.0183274 -0.00133357
117.2 -0.017882 -0.00132825
117.6 -0.0174032 -0.00128078
118 -0.0168828 -0.00119712
118.4 -0.0163144 -0.00108335
118.8 -0.0156929 -0.000945482
119.2 -0.0150155 -0.000789343
119.6 -0.0142812 -0.000620429
120 -0.0134908 -0.000443818
120.4 -0.0126474 -0.000264095
120.8 -0.0117558 -8.52894e-05
121.2 -0.0108225 8.91512e-05
121.6 -0.00985564 0.000256376
122 -0.00886455 0.000414122
122.4 -0.00785978 0.000560691
122.8 -0.00685265 0.000694905
123.2 -0.005855 0.000816062
123.6 -0.0048789 0.000923869
124 -0.00393637 0.00101838
124.4 -0.00303904 0.00109992
124.8 -0.00219795 0.00116903
125.2 -0.00142324 0.00122639
125.6 -0.000723943 0.00127275
126 -0.000107814 0.00130888
126.4 0.000418855 0.00133555
126.8 0.000851345 0.00135343
127.2 0.00118658 0.00136312
127.6 0.00142319 0.00136512
128 0.00156148 0.00135981
128.4 0.0016034 0.00134742
128.8 0.00155249 0.00132813
129.2 0.00141375 0.001302
129.6 0.00119351 0.00126902
130 0.000899281 0.00122915
130.4 0.000539549 0.00118236
130.8 0.000123602 0.0011286
131.2 -0.000338678 0.00106792
131.6 -0.000837031 0.00100043
132 -0.00136102 0.000926333
132.4 -0.00190023 0.000845986
132.8 -0.00244447 0.000759873
133.2 -0.00298396 0.000668632
133.6 -0.00350946 0.000573054
134 -0.00401245 0.00047408
134.4 -0.00448523 0.000372791
134.8 -0.00492104 0.000270388
135.2 -0.00531409 0.000168174
135.6 -0.00565969 6.75224e-05
136 -0.00595418 -3.01463e-05
136.4 -0.00619504 -0.000123404
136.8 -0.00638077 -0.000210845
137.2 -0.00651094 -0.000291124
137.6 -0.00658609 -0.000362985
138 -0.00660768 -0.000425298
138.4 -0.006578 -0.000477083
138.8 -0.00650008 -0.000517538
139.2 -0.00637759 -0.000546057
139.6 -0.00621475 -0.000562244
140 -0.00601619 -0.000565925
140.4 -0.00578687 -0.000557148
140.8 -0.00553196 -0.000536184
141.2 -0.00525676 -0.000503515
141.6 -0.00496655 -0.000459825
142 -0.00466653 -0.000405979
142.4 -0.00436176 -0.000343002
142.8 -0.00405701 -0.000272055
143.2 -0.00375677 -0.000194406
143.6 -0.00346513 -0.000111397
144 -0.00318579 -2.4423e-05
144.4 -0.00292194 6.5109e-05
144.8 -0.00267631 0.000155802
145.2 -0.00245112 0.000246301
145.6 -0.00224803 0.000335314
146 -0.00206822 0.000421642
146.4 -0.00191231 0.000504191
146.8 -0.00178043 0.000581991
147.2 -0.00167223 0.000654209
147.6 -0.00158689 0.000720157
148 -0.00152318 0.000779293
148.4 -0.00147946 0.000831228
148.8 -0.00145378 0.000875715
149.2 -0.00144387 0.00091265
149.6 -0.00144724 0.000942061
150 -0.00146118 0.000964095
150.4 -0.00148289 0.000979009
150.8 -0.00150943 0.000987152
151.2 -0.0015379 0.000988953
151.6 -0.00156538 0.000984903
152 -0.00158906 0.000975543
152.4 -0.00160626 0.000961446
152.8 -0.00161447 0.000943204
153.2 -0.00161143 0.000921416
153.6 -0.00159511 0.000896674
154 -0.0015638 0.000869554
154.4 -0.00151613 0.000840607
154.8 -0.00145103 0.000810353
155.2 -0.00136783 0.000779272
155.6 -0.00126622 0.000747801
156 -0.00114624 0.000716334
156.4 -0.0010083 0.000685216
156.8 -0.00085316 0.000654744
157.2 -0.000681898 0.000625169
157.6 -0.000495889 0.000596695
158 -0.000296772 0.000569481
158.4 -8.64121e-05 0.000543644
158.8 0.000133144 0.000519263
159.2 0.00035971 0.000496379
159.6 0.00059101 0.000474997
160 0.000824728 0.000455096
160.4 0.00105855 0.000436624
160.8 0.00129022 0.000419506
161.2 0.00151757 0.000403646
161.6 0.00173859 0.000388929
162 0.00195142 0.000375227
162.4 0.00215443 0.000362399
162.8 0.00234622 0.000350298
163.2 0.00252563 0.000338771
163.6 0.00269179 0.000327663
164 0.00284407 0.000316824
164.4 0.00298214 0.000306108
164.8 0.00310592 0.000295378
165.2 0.00321559 0.000284511
165.6 0.00331155 0.000273401
166 0.0033944 0.00026196
166.4 0.00346493 0.000250123
166.8 0.00352406 0.00023785
167.2 0.00357284 0.000225126
167.6 0.00361234 0.000211967
168 0.00364373 0.000198416
168.4 0.00366812 0.000184543
168.8 0.00368662 0.00017045
169.2 0.00370025 0.000156262
169.6 0.00370993 0.00014213
170 0.00371649 0.000128223
170.4 0.00372058 0.000114729
170.8 0.00372272 0.000101849
171.2 0.00372326 8.97867e-05
171.6 0.00372239 7.87504e-05
172 0.00372012 6.89419e-05
172.4 0.00371634 6.05524e-05
172.8 0.00371075 5.37555e-05
173.2 0.00370298 4.87022e-05
173.6 0.00369251 4.55147e-05
174 0.00367877 4.4282e-05
174.4 0.00366113 4.50556e-05
174.8 0.00363892 4.78464e-05
175.2 0.0036115 5.26225e-05
175.6 0.00357824 5.93079e-05
176 0.00353857 6.77831e-05
176.4 0.00349199 7.78861e-05
176.8 0.00343811 8.94149e-05
177.2 0.00337665 0.000102131
177.6 0.00330748 0.000115766
178 0.00323058 0.000130023
178.4 0.0031461 0.000144589
178.8 0.00305434 0.000159136
179.2 0.00295572 0.000173334
179.6 0.0028508 0.000186855
180 0.00274029 0.000199383
180.4 0.00262499 0.00021062
180.8 0.00250578 0.000220294
181.2 0.00238364 0.000228166
181.6 0.00225957 0.000234037
182 0.00213462 0.000237748
182.4 0.00200982 0.000239189
182.8 0.00188622 0.0002383
183.2 0.00176479 0.000235071
183.6 0.00164645 0.000229542
184 0.00153206 0.000221805
184.4 0.00142237 0.000211997
184.8 0.00131801 0.000200298
185.2 0.00121953 0.00018693
185.6 0.00112731 0.000172145
186 0.00104165 0.000156225
186.4 0.000962698 0.00013947
186.8 0.000890471 0.000122196
187.2 0.000824883 0.000104724
187.6 0.000765732 8.73739e-05
188 0.000712715 7.04581e-05
188.4 0.000665443 5.42748e-05
188.8 0.000623451 3.9102e-05
189.2 0.000586215 2.51923e-05
189.6 0.000553163 1.27683e-05
190 0.000523694 2.01942e-06
190.4 0.000497189 -6.90091e-06
190.8 0.000473029 -1.38767e-05
191.2 0.000450602 -1.88304e-05
191.6 0.00042932 -2.17219e-05
192 0.000408627 -2.25483e-05
192.4 0.000388006 -2.13414e-05
192.8 0.000366988 -1.81652e-05
193.2 0.000345159 -1.3113e-05
193.6 0.000322158 -6.30353e-06
194 0.000297686 2.12271e-06
194.4 0.000271501 1.20077e-05
194.8 0.000243424 2.31799e-05
195.2 0.00021333 3.54584e-05
195.6 0.000181151 4.86568e-05
196 0.000146871 6.25867e-05
196.4 0.000110525 7.70612e-05
196.8 7.21892e-05 9.18977e-05
197.2 3.19833e-05 0.00010692
197.6 -9.93735e-06 0.000121961
198 -5.33843e-05 0.000136865
198.4 -9.81405e-05 0.000151485
198.8 -0.000143963 0.000165689
199.2 -0.000190589 0.000179356
199.6 -0.000237735 0.000192379
200 -0.000285103 0.00020466
200.4 -0.000332382 0.000216117
200.8 -0.000379251 0.000226678
201.2 -0.000425383 0.000236281
201.6 -0.000470446 0.000244874
202 -0.000514105 0.000252416
202.4 -0.00055603 0.000258875
202.8 -0.000595891 0.000264226
203.2 -0.000633372 0.000268454
203.6 -0.000668164 0.000271551
204 -0.000699977 0.000273518
204.4 -0.00072854 0.000274364
204.8 -0.000753607 0.000274104
205.2 -0.000774959 0.000272766
205.6 -0.000792411 0.000270382
206 -0.000805815 0.000266994
206.4 -0.000815063 0.000262654
206.8 -0.000820091 0.000257422
207.2 -0.000820882 0.000251365
207.6 -0.000817466 0.00024456
208 -0.000809924 0.000237089
208.4 -0.000798387 0.000229045
208.8 -0.000783036 0.000220522
209.2 -0.000764099 0.000211621
209.6 -0.000741849 0.000202446
210 -0.000716602 0.000193102
210.4 -0.000688711 0.000183694
210.8 -0.000658561 0.000174324
211.2 -0.00062656 0.000165093
211.6 -0.000593138 0.000156093
212 -0.000558735 0.00014741
212.4 -0.000523794 0.000139123
212.8 -0.000488754 0.000131297
213.2 -0.000454044 0.000123987
213.6 -0.00042007 0.000117236
214 -0.000387215 0.000111072
214.4 -0.000355828 0.00010551
214.8 -0.000326217 0.000100553
215.2 -0.00029865 9.61862e-05
215.6 -0.000273347 9.23864e-05
216 -0.000250477 8.91163e-05
216.4 -0.000230159 8.63287e-05
216.8 -0.00021246 8.39674e-05
217.2 -0.000197396 8.19687e-05
217.6 -0.000184937 8.02638e-05
218 -0.000175002 7.87804e-05
218.4 -0.000167474 7.74449e-05
218.8 -0.000162196 7.61843e-05
219.2 -0.000158979 7.49283e-05
219.6 -0.000157611 7.36107e-05
220 -0.000157857 7.21716e-05
220.4 -0.000159473 7.05581e-05
220.8 -0.000162204 6.87261e-05
221.2 -0.000165797 6.66404e-05
221.6 -0.000170004 6.42758e-05
222 -0.000174588 6.16169e-05
222.4 -0.000179325 5.86584e-05
222.8 -0.000184012 5.54042e-05
223.2 -0.000188469 5.18671e-05
223.6 -0.000192542 4.80679e-05
224 -0.000196102 4.40343e-05
224.4 -0.000199049 3.97994e-05
224.8 -0.000201312 3.54009e-05
225.2 -0.000202847 3.08791e-05
225.6 -0.000203635 2.62763e-05
226 -0.000203687 2.16347e-05
226.4 -0.000203031 1.69955e-05
226.8 -0.000201718 1.23981e-05
227.2 -0.000199818 7.87854e-06
227.6 -0.000197414 3.4691e-06
228 -0.000194599 -8.02319e-07
228.4 -0.000191479 -4.91259e-06
228.8 -0.000188164 -8.84354e-06
229.2 -0.000184765 -1.25819e-05
229.6 -0.000181398 -1.6119e-05
230 -0.000178175 -1.94506e-05
230.4 -0.000175205 -2.25762e-05
230.8 -0.000172593 -2.54983e-05
231.2 -0.000170437 -2.82222e-05
231.6 -0.000168828 -3.07547e-05
232 -0.000167848 -3.31036e-05
232.4 -0.000167571 -3.52774e-05
232.8 -0.000168059 -3.72839e-05
233.2 -0.000169367 -3.91304e-05
233.6 -0.000171537 -4.08227e-05
234 -0.000174602 -4.23652e-05
234.4 -0.000178582 -4.37607e-05
234.8 -0.000183486 -4.501e-05
235.2 -0.000189314 -4.61124e-05
235.6 -0.000196051 -4.70656e-05
236 -0.000203671 -4.78664e-05
236.4 -0.000212134 -4.85105e-05
236.8 -0.000221391 -4.89937e-05
237.2 -0.000231375 -4.9312e-05
237.6 -0.000242012 -4.94619e-05
238 -0.00025321 -4.94414e-05
238.4 -0.000264869 -4.92502e-05
238.8 -0.000276875 -4.88901e-05
239.2 -0.000289103 -4.83652e-05
239.6 -0.000301419 -4.76825e-05
240 -0.000313681 -4.68516e-05
240.4 -0.000325739 -4.58846e-05
240.8 -0.00033744 -4.47965e-05
241.2 -0.000348627 -4.36043e-05
241.6 -0.000359144 -4.23271e-05
242 -0.000368838 -4.09853e-05
242.4 -0.00037756 -3.96004e-05
242.8 -0.000385171 -3.8194e-05
243.2 -0.000391542 -3.67874e-05
243.6 -0.000396561 -3.54011e-05
244 -0.000400129 -3.40539e-05
244.4 -0.000402169 -3.27625e-05
244.8 -0.000402623 -3.15409e-05
245.2 -0.000401457 -3.04002e-05
245.6 -0.000398663 -2.9348e-05
246 -0.000394254 -2.83884e-05
246.4 -0.000388271 -2.7522e-05
246.8 -0.000380779 -2.67457e-05
247.2 -0.000371864 -2.60532e-05
247.6 -0.000361638 -2.5435e-05
248 -0.000350231 -2.48791e-05
248.4 -0.000337789 -2.43713e-05
248.8 -0.000324476 -2.3896e-05
249.2 -0.000310463 -2.34365e-05
249.6 -0.000295931 -2.29759e-05
250 -0.000281064 -2.24978e-05
250.4 -0.000266045 -2.19866e-05
250.8 -0.000251055 -2.14286e-05
251.2 -0.000236266 -2.08118e-05
251.6 -0.000221837 -2.01271e-05
252 -0.000207918 -1.93682e-05
252.4 -0.000194637 -1.85315e-05
252.8 -0.000182105 -1.7617e-05
253.2 -0.000170414 -1.66276e-05
253.6 -0.000159631 -1.55691e-05
254 -0.000149804 -1.445e-05
254.4 -0.000140957 -1.32812e-05
254.8 -0.000133094 -1.20755e-05
255.2 -0.000126197 -1.08467e-05
255.6 -0.000120231 -9.60989e-06
256 -0.000115144 -8.37997e-06
256.4 -0.00011087 -7.17164e-06
256.8 -0.000107334 -5.99863e-06
257.2 -0.000104449 -4.87322e-06
257.6 -0.000102124 -3.80579e-06
258 -0.000100268 -2.80449e-06
258.4 -9.87878e-05 -1.87492e-06
258.8 -9.75929e-05 -1.02e-06
259.2 -9.6599e-05 -2.39908e-07
259.6 -9.57289e-05 4.67865e-07
260 -9.4914e-05 1.10836e-06
260.4 -9.40954e-05 1.68889e-06
260.8 -9.32254e-05 2.21866e-06
261.2 -9.22668e-05 2.70838e-06
261.6 -9.11935e-05 3.1698e-06
262 -8.99897e-05 3.61514e-06
262.4 -8.86491e-05 4.0566e-06
262.8 -8.71737e-05 4.50584e-06
263.2 -8.55725e-05 4.97348e-06
263.6 -8.38598e-05 5.46863e-06
264 -8.20538e-05 5.99853e-06
264.4 -8.01747e-05 6.56823e-06
264.8 -7.82433e-05 7.18037e-06
265.2 -7.62791e-05 7.83504e-06
265.6 -7.42995e-05 8.52981e-06
266 -7.23182e-05 9.25975e-06
266.4 -7.03448e-05 1.00176e-05
266.8 -6.83839e-05 1.07942e-05
267.2 -6.64347e-05 1.15786e-05
267.6 -6.44914e-05 1.23586e-05
268 -6.25434e-05 1.31211e-05
268.4 -6.05757e-05 1.38529e-05
268.8 -5.85698e-05 1.45406e-05
269.2 -5.65046e-05 1.51719e-05
269.6 -5.43577e-05 1.57353e-05
270 -5.21064e-05 1.6221e-05
270.4 -4.9729e-05 1.6621e-05
270.8 -4.72059e-05 1.69296e-05
271.2 -4.45209e-05 1.71433e-05
271.6 -4.1662e-05 1.72614e-05
272 -3.8622e-05 1.72853e-05
272.4 -3.53995e-05 1.72193e-05
272.8 -3.19991e-05 1.70697e-05
273.2 -2.84313e-05 1.68448e-05
273.6 -2.47124e-05 1.65548e-05
274 -2.08642e-05 1.62112e-05
274.4 -1.69133e-05 1.58263e-05
274.8 -1.28904e-05 1.5413e-05
275.2 -8.82895e-06 1.49842e-05
275.6 -4.76437e-06 1.45524e-05
276 -7.32696e-07 1.41292e-05
276.4 3.23064e-06 1.37251e-05
276.8 7.09197e-06 1.33489e-05
277.2 1.08206e-05 1.30078e-05
277.6 1.43895e-05 1.27067e-05
278 1.77768e-05 1.24486e-05
278.4 2.09658e-05 1.22343e-05
278.8 2.39455e-05 1.20626e-05
279.2 2.6711e-05 1.19303e-05
279.6 2.92634e-05 1.18323e-05
280 3.16095e-05 1.17623e-05
280.4 3.37609e-05 1.17126e-05
280.8 3.57339e-05 1.16749e-05
281.2 3.7548e-05 1.16403e-05
281.6 3.92254e-05 1.16e-05
282 4.07893e-05 1.15453e-05
282.4 4.22633e-05 1.14685e-05
282.8 4.36697e-05 1.13627e-05
283.2 4.50289e-05 1.12223e-05
283.6 4.63579e-05 1.10431e-05
284 4.76698e-05 1.08228e-05
284.4 4.89731e-05 1.05607e-05
284.8 5.02709e-05 1.02576e-05
285.2 5.1561e-05 9.91635e-06
285.6 5.28359e-05 9.54108e-06
286 5.40827e-05 9.13738e-06
286.4 5.5284e-05 8.71196e-06
286.8 5.64184e-05 8.27236e-06
287.2 5.74615e-05 7.82668e-06
287.6 5.83865e-05 7.38325e-06
288 5.91663e-05 6.95028e-06
288.4 5.97737e-05 6.53557e-06
288.8 6.01833e-05 6.14625e-06
289.2 6.03726e-05 5.78844e-06
289.6 6.03229e-05 5.46712e-06
290 6.00207e-05 5.18593e-06
290.4 5.94583e-05 4.94707e-06
290.8 5.86345e-05 4.75124e-06
291.2 5.75548e-05 4.59768e-06
291.6 5.62322e-05 4.48424e-06
292 5.46862e-05 4.40749e-06
292.4 5.29433e-05 4.36292e-06
292.8 5.10358e-05 4.34515e-06
293.2 4.90013e-05 4.34816e-06
293.6 4.68813e-05 4.3656e-06
294 4.47204e-05 4.39102e-06
294.4 4.25647e-05 4.41817e-06
294.8 4.04605e-05 4.44127e-06
295.2 3.84528e-05 4.4552e-06
295.6 3.65838e-05 4.45577e-06
296 3.48917e-05 4.43981e-06
296.4 3.34095e-05 4.40532e-06
296.8 3.21637e-05 4.3515e-06
297.2 3.1174e-05 4.27881e-06
297.6 3.04518e-05 4.18886e-06
298 3.00008e-05 4.08435e-06
298.4 2.98163e-05 3.96891e-06
298.8 2.98854e-05 3.84693e-06
299.2 3.01879e-05 3.72332e-06
299.6 3.06965e-05 3.60332e-06
300 3.1378e-05 3.49221e-06
300.4 3.21943e-05 3.39509e-06
300.8 3.31036e-05 3.3166e-06
301.2 3.40621e-05 3.26077e-06
301.6 3.50249e-05 3.23075e-06
302 3.59479e-05 3.22872e-06
302.4 3.6789e-05 3.25573e-06
302.8 3.75094e-05 3.31166e-06
303.2 3.80748e-05 3.39519e-06
303.6 3.84564e-05 3.50386e-06
304 3.86318e-05 3.63412e-06
304.4 3.85856e-05 3.78147e-06
304.8 3.83094e-05 3.94064e-06
305.2 3.78023e-05 4.10577e-06
305.6 3.70707e-05 4.27066e-06
306 3.61276e-05 4.42899e-06
306.4 3.49925e-05 4.57459e-06
306.8 3.36902e-05 4.70168e-06
307.2 3.22498e-05 4.80506e-06
307.6 3.07041e-05 4.88038e-06
308 2.90881e-05 4.92427e-06
308.4 2.74376e-05 4.93452e-06
308.8 2.57887e-05 4.91011e-06
309.2 2.41758e-05 4.85133e-06
309.6 2.26315e-05 4.75972e-06
310 2.11848e-05 4.63806e-06
310.4 1.98608e-05 4.49025e-06
310.8 1.868e-05 4.32115e-06
311.2 1.7658e-05 4.13646e-06
311.6 1.68048e-05 3.94246e-06
312 1.61256e-05 3.74579e-06
312.4 1.56201e-05 3.5532e-06
312.8 1.52836e-05 3.37134e-06
313.2 1.51069e-05 3.20647e-06
313.6 1.50773e-05 3.06423e-06
314 1.51792e-05 2.94949e-06
314.4 1.5395e-05 2.86612e-06
314.8 1.57059e-05 2.81687e-06
315.2 1.60927e-05 2.8033e-06
315.6 1.65365e-05 2.82569e-06
316 1.70198e-05 2.88309e-06
316.4 1.75268e-05 2.97331e-06
316.8 1.80441e-05 3.09306e-06
317.2 1.8561e-05 3.23806e-06
317.6 1.90699e-05 3.4032e-06
318 1.95664e-05 3.58275e-06
318.4 2.00488e-05 3.77056e-06
318.8 2.05188e-05 3.9603e-06
319.2 2.09803e-05 4.14571e-06
319.6 2.14394e-05 4.32079e-06
320 2.1904e-05 4.48002e-06
320.4 2.23828e-05 4.61857e-06
320.8 2.28851e-05 4.73246e-06
321.2 2.34197e-05 4.81868e-06
321.6 2.39951e-05 4.87524e-06
322 2.46178e-05 4.90131e-06
322.4 2.52929e-05 4.89711e-06
322.8 2.60229e-05 4.86398e-06
323.2 2.68082e-05 4.8042e-06
323.6 2.7646e-05 4.72094e-06
324 2.8531e-05 4.6181e-06
324.4 2.94552e-05 4.50012e-06
324.8 3.04083e-05 4.37179e-06
325.2 3.13776e-05 4.23806e-06
325.6 3.2349e-05 4.10385e-06
326 3.33072e-05 3.9738e-06
326.4 3.42361e-05 3.85214e-06
326.8 3.51198e-05 3.74251e-06
327.2 3.59431e-05 3.64781e-06
327.6 3.66919e-05 3.5701e-06
328 3.73537e-05 3.51054e-06
328.4 3.79187e-05 3.46936e-06
328.8 3.83794e-05 3.44584e-06
329.2 3.87315e-05 3.43838e-06
329.6 3.89736e-05 3.4446e-06
330 3.91078e-05 3.46141e-06
330.4 3.91392e-05 3.48515e-06
330.8 3.90758e-05 3.51181e-06
331.2 3.89285e-05 3.53713e-06
331.6 3.87101e-05 3.55684e-06
332 3.84356e-05 3.56682e-06
332.4 3.81207e-05 3.56327e-06
332.8 3.77821e-05 3.54289e-06
333.2 3.74363e-05 3.50299e-06
333.6 3.70991e-05 3.44166e-06
334 3.67852e-05 3.3578e-06
334.4 3.65073e-05 3.2512e-06
334.8 3.62759e-05 3.12255e-06
335.2 3.6099e-05 2.97341e-06
335.6 3.59814e-05 2.8062e-06
336 3.59252e-05 2.62405e-06
336.4 3.59289e-05 2.43075e-06
336.8 3.59885e-05 2.23055e-06
337.2 3.60967e-05 2.02806e-06
337.6 3.6244e-05 1.82807e-06
338 3.64186e-05 1.63532e-06
338.4 3.66074e-05 1.45443e-06
338.8 3.67958e-05 1.28964e-06
339.2 3.69691e-05 1.14471e-06
339.6 3.71125e-05 1.0228e-06
340 3.72119e-05 9.26317e-07
340.4 3.72547e-05 8.56888e-07
340.8 3.72299e-05 8.15285e-07
341.2 3.71286e-05 8.01419e-07
341.6 3.69447e-05 8.14362e-07
342 3.66746e-05 8.52393e-07
342.4 3.63179e-05 9.13079e-07
342.8 3.58767e-05 9.93378e-07
343.2 3.53564e-05 1.08977e-06
343.6 3.47646e-05 1.19838e-06
344 3.41114e-05 1.31516e-06
344.4 3.34086e-05 1.436e-06
344.8 3.26696e-05 1.55695e-06
345.2 3.19085e-05 1.67427e-06
345.6 3.114e-05 1.78464e-06
346 3.03783e-05 1.88526e-06
346.4 2.96371e-05 1.97388e-06
346.8 2.89286e-05 2.04896e-06
347.2 2.82635e-05 2.10962e-06
347.6 2.76505e-05 2.1557e-06
348 2.70957e-05 2.18771e-06
348.4 2.66027e-05 2.20682e-06
348.8 2.61727e-05 2.21475e-06
349.2 2.58041e-05 2.21366e-06
349.6 2.54929e-05 2.20611e-06
350 2.52329e-05 2.19486e-06
350.4 2.50159e-05 2.18279e-06
350.8 2.48322e-05 2.17273e-06
351.2 2.46711e-05 2.16736e-06
351.6 2.45211e-05 2.16908e-06
352 2.43709e-05 2.17989e-06
352.4 2.42095e-05 2.20131e-06
352.8 2.40267e-05 2.23431e-06
353.2 2.38138e-05 2.27929e-06
353.6 2.35637e-05 2.33602e-06
354 2.32713e-05 2.40367e-06
354.4 2.2934e-05 2.48085e-06
354.8 2.25513e-05 2.56563e-06
355.2 2.21251e-05 2.65566e-06
355.6 2.16596e-05 2.74826e-06
356 2.11613e-05 2.84048e-06
356.4 2.06382e-05 2.92928e-06
356.8 2.01002e-05 3.01161e-06
357.2 1.95578e-05 3.08454e-06
357.6 1.90226e-05 3.1454e-06
358 1.85059e-05 3.19185e-06
358.4 1.8019e-05 3.22199e-06
358.8 1.75719e-05 3.23442e-06
359.2 1.71737e-05 3.22832e-06
359.6 1.68314e-05 3.20344e-06
360 1.65504e-05 3.16014e-06
360.4 1.63332e-05 3.09935e-06
360.8 1.61802e-05 3.02254e-06
361.2 1.60891e-05 2.93166e-06
361.6 1.6055e-05 2.82904e-06
362 1.60708e-05 2.71733e-06
362.4 1.61269e-05 2.59936e-06
362.8 1.6212e-05 2.47805e-06
363.2 1.63134e-05 2.35628e-06
363.6 1.64172e-05 2.23681e-06
364 1.6509e-05 2.12211e-06
364.4 1.65743e-05 2.01435e-06
364.8 1.65992e-05 1.91526e-06
365.2 1.65708e-05 1.8261e-06
365.6 1.64776e-05 1.7476e-06
366 1.63099e-05 1.67996e-06
366.4 1.60603e-05 1.62285e-06
366.8 1.57241e-05 1.57544e-06
367.2 1.52989e-05 1.53642e-06
367.6 1.47854e-05 1.50413e-06
368 1.41868e-05 1.47654e-06
368.4 1.35091e-05 1.45147e-06
368.8 1.27606e-05 1.42658e-06
369.2 1.19517e-05 1.39954e-06
369.6 1.10946e-05 1.36812e-06
370 1.02028e-05 1.33031e-06
370.4 9.29067e-06 1.28438e-06
370.8 8.37292e-06 1.22899e-06
371.2 7.46406e-06 1.16324e-06
371.6 6.57797e-06 1.08673e-06
372 5.72745e-06 9.99585e-07
372.4 4.92377e-06 9.02445e-07
372.8 4.17634e-06 7.96473e-07
373.2 3.49245e-06 6.83302e-07
373.6 2.8771e-06 5.64989e-07
374 2.33283e-06 4.43933e-07
374.4 1.85982e-06 3.22793e-07
374.8 1.4559e-06 2.04387e-07
375.2 1.11676e-06 9.15884e-08
375.6 8.36184e-07 -1.27842e-08
376 6.06399e-07 -1.06073e-07
376.4 4.18417e-07 -1.85884e-07
376.8 2.62459e-07 -2.50175e-07
377.2 1.28386e-07 -2.97341e-07
377.6 6.1348e-09 -3.26269e-07
378 -1.1386e-07 -3.36391e-07
378.4 -2.40276e-07 -3.27699e-07
378.8 -3.80555e-07 -3.00758e-07
379.2 -5.40614e-07 -2.56679e-07
379.6 -7.24629e-07 -1.97087e-07
380 -9.3489e-07 -1.2406e-07
380.4 -1.17174e-06 -4.00611e-08
380.8 -1.43361e-06 5.21557e-08
381.2 -1.7171e-06 1.49638e-07
381.6 -2.01718e-06 2.49338e-07
382 -2.32739e-06 3.48225e-07
382.4 -2.64024e-06 4.4338e-07
382.8 -2.94743e-06 5.32106e-07
383.2 -3.24033e-06 6.12008e-07
383.6 -3.51031e-06 6.81078e-07
384 -3.74914e-06 7.37754e-07
384.4 -3.94936e-06 7.80963e-07
384.8 -4.10462e-06 8.10151e-07
385.2 -4.20994e-06 8.25286e-07
385.6 -4.26197e-06 8.26845e-07
386 -4.25915e-06 8.15781e-07
386.4 -4.20174e-06 7.93475e-07
386.8 -4.09193e-06 7.61669e-07
387.2 -3.93369e-06 7.22391e-07
387.6 -3.73266e-06 6.77865e-07
388 -3.49597e-06 6.3042e-07
388.4 -3.23191e-06 5.82396e-07
388.8 -2.94969e-06 5.3605e-07
389.2 -2.65904e-06 4.9347e-07
389.6 -2.36987e-06 4.56492e-07
390 -2.09186e-06 4.26636e-07
390.4 -1.83414e-06 4.05053e-07
390.8 -1.60491e-06 3.92482e-07
391.2 -1.41113e-06 3.89237e-07
391.6 -1.25832e-06 3.95196e-07
392 -1.15027e-06 4.09826e-07
392.4 -1.08901e-06 4.32203e-07
392.8 -1.07468e-06 4.61068e-07
393.2 -1.10558e-06 4.94883e-07
393.6 -1.17825e-06 5.31901e-07
394 -1.28763e-06 5.70247e-07
394.4 -1.42728e-06 6.07995e-07
394.8 -1.58964e-06 6.43258e-07
395.2 -1.76637e-06 6.74263e-07
395.6 -1.94869e-06 6.99429e-07
396 -2.12772e-06 7.17432e-07
396.4 -2.29485e-06 7.27263e-07
396.8 -2.44212e-06 7.28266e-07
397.2 -2.56249e-06 7.20169e-07
397.6 -2.65014e-06 7.0309e-07
398 -2.70074e-06 6.77539e-07
398.4 -2.71155e-06 6.4439e-07
398.8 -2.68159e-06 6.04849e-07
399.2 -2.61161e-06 5.60404e-07
399.6 -2.50412e-06 5.12766e-07
400 -2.36324e-06 4.63798e-07
