    8.9824781848e+02    8.1182464170e+02   -3.9304918899e+04    3.7486637844e+00    3.8076879712e+00    3.9467617603e+00   -2.4186934544e-02    3.4792989269e-02    1.0647169827e-02    4.2735579810e+01    4.2735579810e+01    4.2735579810e+01
    8.9305286801e+02    8.0712951333e+02   -3.9299332344e+04    3.8510109483e+00    3.9973482370e+00    3.7229370223e+00    7.7947869011e-03    3.5704515138e-02   -2.8363844673e-02    4.2735579810e+01    4.2735579810e+01    4.2735579810e+01
    9.1407851615e+02    8.2613221940e+02   -3.9315988884e+04    3.9977557483e+00    3.8218674938e+00    3.9277593103e+00    1.1902214365e-02   -1.7543464420e-03   -1.2499952615e-02    4.2735579810e+01    4.2735579810e+01    4.2735579810e+01
    9.0067579826e+02    8.1401901809e+02   -3.9304320377e+04    4.0537747611e+00    3.9720483305e+00    3.6580607489e+00    8.2487696541e-04   -1.8087104266e-02    1.7689958940e-02    4.2735579810e+01    4.2735579810e+01    4.2735579810e+01
    8.9191674579e+02    8.0610270091e+02   -3.9296436242e+04    3.9311304503e+00    3.9449559353e+00    3.9141360179e+00    1.2402745954e-02    4.1852336314e-02   -1.0320547949e-03    4.2735579810e+01    4.2735579810e+01    4.2735579810e+01
    9.0490761267e+02    8.1784367666e+02   -3.9309001031e+04    3.8323698182e+00    3.9078312677e+00    3.6904310819e+00    3.0951588280e-02    1.7341261649e-03    2.0161354606e-02    4.2735579810e+01    4.2735579810e+01    4.2735579810e+01
    8.9959613557e+02    8.1304323306e+02   -3.9302928073e+04    3.9800944502e+00    3.8728564511e+00    3.8934569837e+00   -1.5064488197e-02    8.2705203400e-03   -2.2481393872e-03    4.2735579810e+01    4.2735579810e+01    4.2735579810e+01
    8.9460166491e+02    8.0852929574e+02   -3.9298207631e+04    3.8908635454e+00    3.9961478770e+00    3.8404411809e+00    1.0271070551e-02    1.3623894162e-02   -5.2294749339e-03    4.2735579810e+01    4.2735579810e+01    4.2735579810e+01
    8.9392497655e+02    8.0791771364e+02   -3.9297223683e+04    3.8498136212e+00    3.9001126820e+00    4.0764655485e+00    9.8747825986e-03    2.6007206864e-02   -3.5505330686e-02    4.2735579810e+01    4.2735579810e+01    4.2735579810e+01
    8.9303587651e+02    8.0711415664e+02   -3.9296050955e+04    3.9175904957e+00    3.8953854010e+00    3.8303345284e+00   -4.9642728869e-02    3.2058404408e-02   -1.8086480494e-03    4.2735579810e+01    4.2735579810e+01    4.2735579810e+01
    8.9749771590e+02    8.1114670878e+02   -3.9300465497e+04    3.8723384534e+00    3.9231120707e+00    3.7588466033e+00    2.8932296871e-02    6.4041800253e-03    1.9621986758e-02    4.2735579810e+01    4.2735579810e+01    4.2735579810e+01
    9.0057100324e+02    8.1392430572e+02   -3.9303488580e+04    3.9636876404e+00    3.9321813867e+00    3.9112437627e+00   -2.3041747897e-02    3.1806824182e-02   -7.7350590153e-03    4.2735579810e+01    4.2735579810e+01    4.2735579810e+01
    9.0048740837e+02    8.1384875377e+02   -3.9304334563e+04    4.1710286781e+00    3.6207453033e+00    3.8153808598e+00    6.9451113292e-03   -3.1399233625e-03    1.7091524454e-02    4.2735579810e+01    4.2735579810e+01    4.2735579810e+01
    9.0255519741e+02    8.1571759449e+02   -3.9308208869e+04    3.8725951413e+00    4.0549620533e+00    3.8221412480e+00   -4.0722316344e-03   -5.3267209972e-03   -2.5807190925e-02    4.2735579810e+01    4.2735579810e+01    4.2735579810e+01
    9.0549965802e+02    8.1837875952e+02   -3.9309718699e+04    3.7656199481e+00    3.8825206748e+00    3.8195276585e+00   -1.0990902736e-02    2.4016052773e-03    1.7181362337e-02    4.2735579810e+01    4.2735579810e+01    4.2735579810e+01
    9.0558687352e+02    8.1845758374e+02   -3.9309105212e+04    3.8838688048e+00    3.8396955960e+00    3.8928185211e+00    3.0164522847e-02   -1.6332957471e-02   -4.0687843337e-02    4.2735579810e+01    4.2735579810e+01    4.2735579810e+01
    8.9987953494e+02    8.1329936571e+02   -3.9303907302e+04    3.9800281665e+00    3.9077491087e+00    3.6337671795e+00    1.2757430681e-02    2.2055508170e-02    2.0983800996e-02    4.2735579810e+01    4.2735579810e+01    4.2735579810e+01
    8.8841870901e+02    8.0294122098e+02   -3.9293907332e+04    3.9772844348e+00    4.1334871270e+00    3.8002841223e+00    3.7680922166e-02   -1.8456808435e-02   -3.5981594859e-02    4.2735579810e+01    4.2735579810e+01    4.2735579810e+01
    9.0332074894e+02    8.1640948996e+02   -3.9308013356e+04    3.9413812789e+00    3.9059182546e+00    3.8771334981e+00   -1.2714226190e-02   -8.8707758979e-03    4.5568423375e-03    4.2735579810e+01    4.2735579810e+01    4.2735579810e+01
    9.0068690975e+02    8.1402906051e+02   -3.9305036429e+04    3.8199086593e+00    3.7261867352e+00    4.0130271523e+00   -2.3056628940e-02   -5.5103209139e-03    3.1138696371e-03    4.2735579810e+01    4.2735579810e+01    4.2735579810e+01
    8.9820647583e+02    8.1178727675e+02   -3.9301485490e+04    3.8088050150e+00    4.0007201550e+00    3.8459880628e+00    4.0197089961e-03    1.2875591423e-02   -5.3046966956e-03    4.2735579810e+01    4.2735579810e+01    4.2735579810e+01
    8.9944842240e+02    8.1290973182e+02   -3.9303530648e+04    3.8185989227e+00    3.7561277849e+00    3.9736451747e+00   -5.3156628382e-03   -3.4232888621e-03   -1.5333531670e-02    4.2735579810e+01    4.2735579810e+01    4.2735579810e+01
    8.9529740330e+02    8.0915809500e+02   -3.9300364866e+04    3.9317615217e+00    3.7950035563e+00    3.9696593272e+00    1.6580603856e-02   -4.2299261314e-03    3.0954077245e-02    4.2735579810e+01    4.2735579810e+01    4.2735579810e+01
    8.9440700661e+02    8.0835336611e+02   -3.9299324927e+04    3.9392611090e+00    3.8624249233e+00    3.9701012398e+00   -9.4962930489e-03    7.6417917820e-03    4.4365393062e-02    4.2735579810e+01    4.2735579810e+01    4.2735579810e+01
    8.9872115036e+02    8.1225243286e+02   -3.9302682915e+04    3.8960717726e+00    4.0629179014e+00    3.7846542295e+00    2.8191694758e-02   -7.6410426692e-03   -3.3572222337e-03    4.2735579810e+01    4.2735579810e+01    4.2735579810e+01
    9.0425748921e+02    8.1725610357e+02   -3.9306637663e+04    3.8133960264e+00    4.0545824861e+00    3.8162879214e+00   -3.8205965987e-03    5.0126020075e-03   -2.9640787582e-02    4.2735579810e+01    4.2735579810e+01    4.2735579810e+01
    9.1205944880e+02    8.2430741271e+02   -3.9313912911e+04    3.9504452764e+00    4.0119644105e+00    3.4624589030e+00   -3.5805459198e-03   -5.3462125818e-03   -2.9833042101e-02    4.2735579810e+01    4.2735579810e+01    4.2735579810e+01
    8.9857490472e+02    8.1212025796e+02   -3.9302594790e+04    4.0160353652e+00    4.0281623295e+00    3.5479413916e+00    1.2666782511e-02    1.8746266520e-02    1.4481001098e-02    4.2735579810e+01    4.2735579810e+01    4.2735579810e+01
    8.9278198024e+02    8.0688468851e+02   -3.9297549792e+04    4.0399482352e+00    4.1097993694e+00    3.7672484276e+00   -4.4735202213e-03    1.9311845574e-02   -8.5362113850e-03    4.2735579810e+01    4.2735579810e+01    4.2735579810e+01
    8.9916627559e+02    8.1265473123e+02   -3.9303293679e+04    3.8383634439e+00    3.9261405257e+00    3.8851077777e+00   -3.7551866874e-03    7.0839056639e-03    2.0526079180e-02    4.2735579810e+01    4.2735579810e+01    4.2735579810e+01
    9.0912605005e+02    8.2165624525e+02   -3.9311197557e+04    3.8699893077e+00    3.8733854614e+00    3.8800799725e+00    9.6543203751e-03    1.8372126301e-02    1.0805536488e-02    4.2735579810e+01    4.2735579810e+01    4.2735579810e+01
    8.9213175961e+02    8.0629702760e+02   -3.9297025679e+04    4.0124318468e+00    4.0234466677e+00    3.7415579915e+00    7.9980188962e-03   -1.7556922349e-03   -5.3253659869e-03    4.2735579810e+01    4.2735579810e+01    4.2735579810e+01
    9.0337273424e+02    8.1645647360e+02   -3.9307050912e+04    3.8211228624e+00    3.8062096533e+00    3.8850300257e+00    4.1201892453e-02   -2.6673415931e-02   -6.1224467701e-03    4.2735579810e+01    4.2735579810e+01    4.2735579810e+01
    9.0284557106e+02    8.1598003040e+02   -3.9308126445e+04    3.8504825360e+00    4.0114284006e+00    3.8087211078e+00    1.9732716885e-02   -1.1481432959e-02    3.2668208793e-02    4.2735579810e+01    4.2735579810e+01    4.2735579810e+01
    9.0694931355e+02    8.1968893924e+02   -3.9309391777e+04    3.9585647347e+00    3.7051357560e+00    3.7971068812e+00    7.0160178284e-03    1.9489510844e-02   -9.5654226168e-04    4.2735579810e+01    4.2735579810e+01    4.2735579810e+01
    8.9276048924e+02    8.0686526523e+02   -3.9298286425e+04    3.8577280677e+00    3.9454693883e+00    3.8952883936e+00    3.7252465486e-02   -5.6397149049e-03   -6.5874754827e-03    4.2735579810e+01    4.2735579810e+01    4.2735579810e+01
    9.1343159540e+02    8.2554754088e+02   -3.9315286945e+04    3.7435269541e+00    3.7918627664e+00    3.7662016443e+00   -3.8263440283e-02    1.4990142646e-02    3.5221155428e-03    4.2735579810e+01    4.2735579810e+01    4.2735579810e+01
    9.0034423143e+02    8.1371935233e+02   -3.9303562191e+04    3.8166208413e+00    4.0651051447e+00    3.8073028153e+00    1.3284394990e-02   -6.7128475991e-03    2.1651435772e-02    4.2735579810e+01    4.2735579810e+01    4.2735579810e+01
    8.9758499507e+02    8.1122559055e+02   -3.9301864311e+04    3.8086381727e+00    4.0795992215e+00    3.8040211045e+00    6.4823841512e-02    2.2018861519e-02    2.2291904568e-03    4.2735579810e+01    4.2735579810e+01    4.2735579810e+01
    8.9588461840e+02    8.0968881234e+02   -3.9301164790e+04    4.0221586095e+00    3.9483762032e+00    3.8028909204e+00   -7.2484919894e-03    3.3075705505e-03    2.0840396152e-02    4.2735579810e+01    4.2735579810e+01    4.2735579810e+01
    8.9833835379e+02    8.1190646632e+02   -3.9302299939e+04    3.9510459945e+00    3.9773820703e+00    3.6910032893e+00    1.1855127953e-02    4.2970201312e-02    7.0198556068e-03    4.2735579810e+01    4.2735579810e+01    4.2735579810e+01
    8.9398941757e+02    8.0797595459e+02   -3.9298651208e+04    3.9510451979e+00    3.9045860594e+00    3.7493421341e+00    4.0367145932e-03    8.1051131431e-03   -2.8062181508e-02    4.2735579810e+01    4.2735579810e+01    4.2735579810e+01
    9.0040628498e+02    8.1377543552e+02   -3.9304535782e+04    3.7921449436e+00    3.7317156268e+00    3.9332537121e+00    4.1983561828e-03    2.1323201410e-02    3.7911742407e-02    4.2735579810e+01    4.2735579810e+01    4.2735579810e+01
    9.0774556914e+02    8.2040858464e+02   -3.9311910946e+04    3.7249417324e+00    4.0463961156e+00    3.7695592344e+00    5.5734469752e-02   -5.7854074377e-03   -3.2610347351e-05    4.2735579810e+01    4.2735579810e+01    4.2735579810e+01
    8.9296398371e+02    8.0704918087e+02   -3.9297393467e+04    4.0125829745e+00    3.9216328662e+00    3.8011980350e+00    1.2616335670e-02   -2.0195409822e-03    1.0221901305e-02    4.2735579810e+01    4.2735579810e+01    4.2735579810e+01
    8.9766716226e+02    8.1129985219e+02   -3.9301844128e+04    3.9589327254e+00    4.0704422411e+00    3.8018793797e+00    1.3427513208e-02    1.5307771421e-02    1.7097959637e-03    4.2735579810e+01    4.2735579810e+01    4.2735579810e+01
    8.9957637890e+02    8.1302537724e+02   -3.9304516222e+04    3.9036282896e+00    3.8562443395e+00    3.9177114405e+00   -3.2969092089e-02    7.9694555916e-03    2.3346967806e-02    4.2735579810e+01    4.2735579810e+01    4.2735579810e+01
    9.0728149003e+02    8.1998915601e+02   -3.9309327548e+04    3.8551075275e+00    3.9611315851e+00    3.8800663894e+00    8.0159951508e-04    1.1821047066e-02    2.3636220407e-02    4.2735579810e+01    4.2735579810e+01    4.2735579810e+01
    9.0578398463e+02    8.1863573019e+02   -3.9310385272e+04    3.7597378781e+00    3.8988654266e+00    3.9752979432e+00   -2.3834778136e-02   -2.5144530142e-03   -1.7022875739e-02    4.2735579810e+01    4.2735579810e+01    4.2735579810e+01
    9.0065101380e+02    8.1399661822e+02   -3.9304179124e+04    3.8875519944e+00    4.1915090286e+00    3.7971091252e+00   -1.4547198603e-02    2.0114077391e-02   -3.2421128880e-02    4.2735579810e+01    4.2735579810e+01    4.2735579810e+01
    9.0464533990e+02    8.1760663796e+02   -3.9308901902e+04    3.7801176226e+00    3.9124195963e+00    3.8392264382e+00    2.2745250136e-02    8.3970189460e-03    1.6679332785e-02    4.2735579810e+01    4.2735579810e+01    4.2735579810e+01
    8.9812091189e+02    8.1170994517e+02   -3.9300744945e+04    4.0198277189e+00    4.0879208438e+00    3.8471276106e+00   -7.3205155921e-03    2.4887537275e-02    2.1200000745e-02    4.2735579810e+01    4.2735579810e+01    4.2735579810e+01
    8.8624757461e+02    8.0097897808e+02   -3.9291301695e+04    4.2164951103e+00    3.9914962979e+00    3.8696844274e+00    2.6975295423e-02   -1.8082753647e-02    1.7350780445e-02    4.2735579810e+01    4.2735579810e+01    4.2735579810e+01
    9.0779761506e+02    8.2045562307e+02   -3.9312215258e+04    3.7406609477e+00    3.9068821988e+00    3.9018067388e+00    1.1608518761e-02    1.5912679909e-02   -9.1798164342e-03    4.2735579810e+01    4.2735579810e+01    4.2735579810e+01
    9.0334066538e+02    8.1642749018e+02   -3.9307695762e+04    3.7624191221e+00    4.0611704541e+00    3.7652767239e+00    1.3931915908e-02   -5.6344191318e-03    3.5769114316e-03    4.2735579810e+01    4.2735579810e+01    4.2735579810e+01
    9.0966418223e+02    8.2214260208e+02   -3.9311619129e+04    3.6341624731e+00    3.9970012736e+00    3.8165063089e+00    3.0703710849e-03   -9.3010602376e-03   -1.4749029571e-02    4.2735579810e+01    4.2735579810e+01    4.2735579810e+01
    9.0072965380e+02    8.1406769203e+02   -3.9305379043e+04    3.8637836545e+00    3.9971188432e+00    3.7515627157e+00    1.8360404234e-02   -2.7672011068e-02    4.4297130864e-02    4.2735579810e+01    4.2735579810e+01    4.2735579810e+01
    9.0169310832e+02    8.1493844963e+02   -3.9305711236e+04    3.7592184047e+00    3.9301718354e+00    3.7606243842e+00    9.2227809371e-04   -1.0080358492e-02    1.9638195819e-02    4.2735579810e+01    4.2735579810e+01    4.2735579810e+01
    8.9953488519e+02    8.1298787577e+02   -3.9303917145e+04    3.8549493088e+00    3.8564655933e+00    4.0524269889e+00    1.2930432122e-03   -2.0808162308e-02   -3.3946705234e-02    4.2735579810e+01    4.2735579810e+01    4.2735579810e+01
    9.0030706327e+02    8.1368576023e+02   -3.9305308089e+04    3.9827732696e+00    3.9793082861e+00    3.8254338429e+00    2.3355148759e-02    1.3860241608e-03   -2.3332039810e-03    4.2735579810e+01    4.2735579810e+01    4.2735579810e+01
    9.0287641439e+02    8.1600790620e+02   -3.9306886234e+04    3.9734035312e+00    3.9493927526e+00    3.7163987865e+00   -5.5577629983e-03    1.9549142133e-02    1.6775468887e-02    4.2735579810e+01    4.2735579810e+01    4.2735579810e+01
    8.9482488191e+02    8.0873103634e+02   -3.9299184167e+04    3.8966590625e+00    4.0856221331e+00    3.6860875183e+00   -2.9624785722e-02    5.7445870104e-03   -2.0748339055e-03    4.2735579810e+01    4.2735579810e+01    4.2735579810e+01
    8.9353789320e+02    8.0756787277e+02   -3.9299230105e+04    3.8392434115e+00    4.0358598268e+00    3.8701240353e+00    1.4283615997e-02    1.0095033584e-02   -1.9892201211e-03    4.2735579810e+01    4.2735579810e+01    4.2735579810e+01
    8.9968674984e+02    8.1312512906e+02   -3.9303327839e+04    3.9121296248e+00    3.9049075585e+00    3.8734614559e+00   -1.8058047315e-02    2.2100013905e-02   -8.3613239683e-03    4.2735579810e+01    4.2735579810e+01    4.2735579810e+01
    9.0225627999e+02    8.1544743683e+02   -3.9306405957e+04    3.7990461861e+00    3.8983380105e+00    3.9274607839e+00   -4.6568063225e-02   -3.8085116731e-02    5.7614035751e-03    4.2735579810e+01    4.2735579810e+01    4.2735579810e+01
    9.0238614854e+02    8.1556481033e+02   -3.9305619097e+04    3.7703694415e+00    3.9868699107e+00    3.7270089840e+00    2.8229876022e-02    1.5352841135e-02    1.3270283860e-03    4.2735579810e+01    4.2735579810e+01    4.2735579810e+01
    9.0767931538e+02    8.2034870536e+02   -3.9311073603e+04    3.6586936677e+00    3.8345260350e+00    3.9698387337e+00   -9.5451246030e-04    3.2750458444e-02   -2.7526589916e-02    4.2735579810e+01    4.2735579810e+01    4.2735579810e+01
    9.0562921501e+02    8.1849585143e+02   -3.9308476883e+04    3.7471139517e+00    3.9796559187e+00    3.7249410959e+00   -7.6812219321e-03    1.7537141748e-04   -5.2867361329e-02    4.2735579810e+01    4.2735579810e+01    4.2735579810e+01
    9.0292390092e+02    8.1605082390e+02   -3.9307436507e+04    3.9653698493e+00    4.1156107705e+00    3.6200293343e+00   -3.8736783838e-04    2.6404483960e-03    1.8090447582e-03    4.2735579810e+01    4.2735579810e+01    4.2735579810e+01
    9.0113883262e+02    8.1443750250e+02   -3.9304433403e+04    3.9506470130e+00    3.9345009670e+00    3.8595552047e+00   -1.6613882887e-02    3.3232046313e-02   -5.5590355835e-03    4.2735579810e+01    4.2735579810e+01    4.2735579810e+01
    8.9073817806e+02    8.0503752680e+02   -3.9295840094e+04    4.0240706774e+00    4.1081153019e+00    3.6745288277e+00    2.0987934270e-02    8.9272385453e-03    2.9773323477e-02    4.2735579810e+01    4.2735579810e+01    4.2735579810e+01
    8.9702127680e+02    8.1071610935e+02   -3.9301294949e+04    3.9533401647e+00    4.0082209426e+00    3.8974379895e+00    1.0619280590e-02   -1.7557035613e-02    9.2035697399e-03    4.2735579810e+01    4.2735579810e+01    4.2735579810e+01
    9.0156723358e+02    8.1482468569e+02   -3.9305135391e+04    3.8590206945e+00    4.0789741188e+00    3.7500569873e+00   -2.5627471097e-03    1.4475942039e-02   -1.3032872389e-02    4.2735579810e+01    4.2735579810e+01    4.2735579810e+01
    9.0588129029e+02    8.1872367377e+02   -3.9312353062e+04    3.9474290123e+00    3.8745474432e+00    3.6543330007e+00    9.8817858792e-03   -8.9641266263e-03   -3.1482257317e-03    4.2735579810e+01    4.2735579810e+01    4.2735579810e+01
    8.9585696766e+02    8.0966382196e+02   -3.9299436122e+04    3.9192986121e+00    3.8140086792e+00    3.9369154206e+00   -1.1395531029e-02    2.3425811668e-02    3.8813066960e-02    4.2735579810e+01    4.2735579810e+01    4.2735579810e+01
    9.0134747833e+02    8.1462607376e+02   -3.9304860601e+04    3.9526986195e+00    3.9198036815e+00    3.7474672460e+00   -8.8711201979e-04    2.4063437665e-02    2.6646828800e-03    4.2735579810e+01    4.2735579810e+01    4.2735579810e+01
    9.0348687101e+02    8.1655962892e+02   -3.9306948453e+04    3.7428174412e+00    3.9115362518e+00    3.8128823492e+00    1.2711193310e-02   -2.5806868502e-02   -1.1676025626e-02    4.2735579810e+01    4.2735579810e+01    4.2735579810e+01
    8.8988355844e+02    8.0426513276e+02   -3.9293245931e+04    3.9579677895e+00    4.1304053811e+00    3.9000739896e+00    8.2897506942e-04    8.8602617189e-03    1.5908691031e-03    4.2735579810e+01    4.2735579810e+01    4.2735579810e+01
    9.0011895929e+02    8.1351575431e+02   -3.9304803817e+04    3.8531161219e+00    4.0192472431e+00    3.8192461585e+00    2.6945134413e-02    1.9851967968e-02   -2.9510612941e-02    4.2735579810e+01    4.2735579810e+01    4.2735579810e+01
    8.9714981559e+02    8.1083228103e+02   -3.9301924664e+04    3.8487567245e+00    4.0798281979e+00    3.7588996255e+00    1.1028459750e-03   -2.6606064716e-02   -1.6793652540e-02    4.2735579810e+01    4.2735579810e+01    4.2735579810e+01
    8.9842789376e+02    8.1198739138e+02   -3.9301514290e+04    3.9875962071e+00    3.9361161077e+00    3.6815260187e+00   -3.2723129870e-03   -2.2095538688e-02   -4.0568278486e-02    4.2735579810e+01    4.2735579810e+01    4.2735579810e+01
    8.9455040684e+02    8.0848296936e+02   -3.9297694761e+04    3.9706230865e+00    3.8784052201e+00    3.8445747196e+00    4.1176209139e-03   -1.0532067999e-02    1.3529678784e-02    4.2735579810e+01    4.2735579810e+01    4.2735579810e+01
    9.0383499954e+02    8.1687426293e+02   -3.9307880759e+04    4.0400703148e+00    3.9796998501e+00    3.8049696002e+00   -6.9341178521e-03    1.1379579874e-02   -1.4199300403e-02    4.2735579810e+01    4.2735579810e+01    4.2735579810e+01
    8.9764645016e+02    8.1128113286e+02   -3.9302870003e+04    3.9495335778e+00    3.8770849426e+00    3.8670541698e+00    2.4968130015e-02    1.8986662348e-02    4.2839286783e-03    4.2735579810e+01    4.2735579810e+01    4.2735579810e+01
    9.0182574636e+02    8.1505832616e+02   -3.9305893834e+04    3.7868923369e+00    3.7918160763e+00    3.9160740214e+00    1.1070419450e-02   -4.7717505137e-05    8.8705094377e-03    4.2735579810e+01    4.2735579810e+01    4.2735579810e+01
    9.0418326835e+02    8.1718902374e+02   -3.9307087078e+04    3.6888713446e+00    4.0293681720e+00    3.7564518126e+00    2.9670517430e-02   -1.4500827844e-02    2.9565172351e-02    4.2735579810e+01    4.2735579810e+01    4.2735579810e+01
    9.0367975271e+02    8.1673395288e+02   -3.9306738379e+04    3.6836844456e+00    3.8250860769e+00    3.9112239164e+00    1.8839164665e-02    1.1000683874e-02   -1.3736603577e-03    4.2735579810e+01    4.2735579810e+01    4.2735579810e+01
    9.0996125491e+02    8.2241109249e+02   -3.9312527191e+04    3.9972414962e+00    3.9714580256e+00    3.5963015776e+00   -1.9483895910e-03    8.3299335295e-03    8.8000955436e-03    4.2735579810e+01    4.2735579810e+01    4.2735579810e+01
    9.0971605311e+02    8.2218948231e+02   -3.9313864808e+04    3.6707615162e+00    4.0515677489e+00    3.9157311014e+00    2.1284431006e-02    2.5853279602e-02   -1.4069533744e-02    4.2735579810e+01    4.2735579810e+01    4.2735579810e+01
    8.9878084350e+02    8.1230638274e+02   -3.9302921591e+04    3.9660665427e+00    3.9113197335e+00    3.9212361871e+00    2.6398656846e-02    1.1645731849e-02   -9.9700914431e-03    4.2735579810e+01    4.2735579810e+01    4.2735579810e+01
    9.0051084368e+02    8.1386993430e+02   -3.9302027575e+04    3.9012951639e+00    3.9248637970e+00    3.7930503267e+00    1.3665176028e-02    1.9810645358e-02   -1.3530594908e-02    4.2735579810e+01    4.2735579810e+01    4.2735579810e+01
    8.9428053384e+02    8.0823906167e+02   -3.9298183964e+04    3.9480307703e+00    3.9936239980e+00    3.6992234995e+00    1.8911632165e-02    2.0720579368e-02   -1.7254668520e-02    4.2735579810e+01    4.2735579810e+01    4.2735579810e+01
    9.0306779516e+02    8.1618087364e+02   -3.9309500566e+04    3.9060956689e+00    3.9510258643e+00    3.7716011680e+00    5.1284299341e-02   -3.1741943374e-04    2.5012749590e-02    4.2735579810e+01    4.2735579810e+01    4.2735579810e+01
    9.0824533813e+02    8.2086026933e+02   -3.9310623577e+04    3.8339432700e+00    3.9064650637e+00    3.5791123464e+00    7.7863297803e-03    5.3002349802e-03    1.1537755849e-02    4.2735579810e+01    4.2735579810e+01    4.2735579810e+01
    9.0128670776e+02    8.1457115012e+02   -3.9304733512e+04    4.0087401710e+00    3.9514988308e+00    3.7645781752e+00    2.8711043879e-02   -1.6264642156e-03   -1.8436843571e-02    4.2735579810e+01    4.2735579810e+01    4.2735579810e+01
    9.0204635446e+02    8.1525770888e+02   -3.9305719499e+04    3.8247010700e+00    3.8597560552e+00    3.8179083335e+00    4.5591152692e-02    3.1664980636e-02    8.1680893758e-03    4.2735579810e+01    4.2735579810e+01    4.2735579810e+01
    9.0413557386e+02    8.1714591807e+02   -3.9306920366e+04    3.9537477832e+00    3.8129526435e+00    3.7528313250e+00    3.9330986885e-02    1.7889198362e-02   -3.5675724596e-02    4.2735579810e+01    4.2735579810e+01    4.2735579810e+01
    8.9798230658e+02    8.1158467550e+02   -3.9302305916e+04    3.8692418846e+00    3.9906669016e+00    3.8249760972e+00    8.8444639967e-04    5.6432637308e-04   -1.7627152522e-02    4.2735579810e+01    4.2735579810e+01    4.2735579810e+01
    8.9883755484e+02    8.1235763771e+02   -3.9304152955e+04    3.8377705798e+00    3.9006590087e+00    4.0774301527e+00    1.3054296531e-03    1.9750577102e-02   -1.8551046065e-02    4.2735579810e+01    4.2735579810e+01    4.2735579810e+01
    9.0000415401e+02    8.1341199479e+02   -3.9303081717e+04    3.9216971363e+00    4.0375212943e+00    3.9072350893e+00   -1.7458454910e-02    3.0044886431e-02    4.3863262736e-02    4.2735579810e+01    4.2735579810e+01    4.2735579810e+01
