-0.498 -1.81666 -0.750969
-0.496 -1.85433 -0.766235
-0.494 -1.87582 -0.776798
-0.492 -1.88113 -0.782383
-0.49 -1.87046 -0.782778
-0.488 -1.84424 -0.777827
-0.486 -1.80308 -0.767445
-0.484 -1.74778 -0.751615
-0.482 -1.6793 -0.730393
-0.48 -1.59872 -0.703913
-0.478 -1.50726 -0.672382
-0.476 -1.40624 -0.636088
-0.474 -1.29706 -0.595389
-0.472 -1.18119 -0.550718
-0.47 -1.06014 -0.502573
-0.468 -0.93544 -0.451514
-0.466 -0.808653 -0.398153
-0.464 -0.681323 -0.343146
-0.462 -0.554977 -0.287186
-0.46 -0.431107 -0.230989
-0.458 -0.311157 -0.175287
-0.456 -0.196504 -0.120812
-0.454 -0.0884452 -0.0682893
-0.452 0.0118191 -0.0184247
-0.45 0.103199 0.0281065
-0.448 0.184733 0.0706684
-0.446 0.255596 0.108674
-0.444 0.315117 0.141595
-0.442 0.362786 0.168965
-0.44 0.398257 0.19039
-0.438 0.421359 0.205552
-0.436 0.432089 0.214214
-0.434 0.430616 0.216221
-0.432 0.417273 0.211503
-0.43 0.392553 0.20008
-0.428 0.3571 0.182054
-0.426 0.311697 0.157618
-0.424 0.257256 0.127043
-0.422 0.194801 0.0906845
-0.42 0.125454 0.048971
-0.418 0.0504123 0.00240185
-0.416 -0.0290662 -0.04846
-0.414 -0.111689 -0.102996
-0.412 -0.196148 -0.160537
-0.41 -0.281143 -0.220378
-0.408 -0.365398 -0.281779
-0.406 -0.447682 -0.343978
-0.404 -0.526819 -0.406203
-0.402 -0.601705 -0.467674
-0.4 -0.671311 -0.52762
-0.398 -0.734694 -0.585282
-0.396 -0.791003 -0.63993
-0.394 -0.839479 -0.690865
-0.392 -0.87946 -0.737437
-0.39 -0.910388 -0.779052
-0.388 -0.931807 -0.81518
-0.386 -0.943374 -0.845367
-0.384 -0.944855 -0.869244
-0.382 -0.936139 -0.88653
-0.38 -0.917236 -0.897044
-0.378 -0.888286 -0.900704
-0.376 -0.849562 -0.897532
-0.374 -0.801479 -0.887654
-0.372 -0.744593 -0.871298
-0.37 -0.67961 -0.848789
-0.368 -0.607387 -0.820548
-0.366 -0.528933 -0.787079
-0.364 -0.445406 -0.748966
-0.362 -0.358108 -0.706859
-0.36 -0.268476 -0.661468
-0.358 -0.178068 -0.613548
-0.356 -0.0885395 -0.563887
-0.354 -0.00162413 -0.513298
-0.352 0.0809004 -0.462604
-0.35 0.157245 -0.412626
-0.348 0.225646 -0.364174
-0.346 0.284409 -0.318037
-0.344 0.331945 -0.274966
-0.342 0.366816 -0.235674
-0.34 0.387774 -0.200815
-0.338 0.393797 -0.170985
-0.336 0.384122 -0.146703
-0.334 0.358276 -0.12841
-0.332 0.316099 -0.116457
-0.33 0.257761 -0.111096
-0.328 0.183772 -0.112476
-0.326 0.0949876 -0.120636
-0.324 -0.00739712 -0.135499
-0.322 -0.121857 -0.156869
-0.32 -0.246557 -0.184433
-0.318 -0.379381 -0.21776
-0.316 -0.517967 -0.256303
-0.314 -0.659749 -0.299409
-0.312 -0.802007 -0.346324
-0.31 -0.941921 -0.396209
-0.308 -1.07663 -0.448149
-0.306 -1.2033 -0.501175
-0.304 -1.31916 -0.554275
-0.302 -1.42162 -0.606421
-0.3 -1.50827 -0.656585
-0.298 -1.57697 -0.70376
-0.296 -1.62589 -0.746982
-0.294 -1.65358 -0.78535
-0.292 -1.65895 -0.818043
-0.29 -1.6414 -0.844339
-0.288 -1.60072 -0.863627
-0.286 -1.5372 -0.875421
-0.284 -1.45158 -0.879368
-0.282 -1.34507 -0.875257
-0.28 -1.21932 -0.863017
-0.278 -1.07639 -0.842726
-0.276 -0.918709 -0.814601
-0.274 -0.74905 -0.779
-0.272 -0.570458 -0.73641
-0.27 -0.386193 -0.687442
-0.268 -0.199659 -0.63282
-0.266 -0.0143308 -0.573365
-0.264 0.166322 -0.509983
-0.262 0.338916 -0.44365
-0.26 0.500233 -0.375392
-0.258 0.647296 -0.306268
-0.256 0.777441 -0.237353
-0.254 0.888384 -0.169716
-0.252 0.978278 -0.104401
-0.25 1.04576 -0.0424128
-0.248 1.09 0.0153082
-0.246 1.11069 0.0678984
-0.244 1.10812 0.114589
-0.242 1.08311 0.154718
-0.24 1.03702 0.187747
-0.238 0.971727 0.213268
-0.236 0.889565 0.231009
-0.234 0.793268 0.240843
-0.232 0.685903 0.242791
-0.23 0.570786 0.237014
-0.228 0.451397 0.223817
-0.226 0.331291 0.203638
-0.224 0.214 0.177039
-0.222 0.102944 0.144694
-0.22 0.00133962 0.107376
-0.218 -0.08788 0.0659352
-0.216 -0.162144 0.0212864
-0.214 -0.219308 -0.0256165
-0.212 -0.257708 -0.0737998
-0.21 -0.276203 -0.122292
-0.208 -0.274196 -0.170148
-0.206 -0.251653 -0.216466
-0.204 -0.209094 -0.260413
-0.202 -0.14757 -0.301241
-0.2 -0.0686335 -0.338301
-0.198 0.0257147 -0.371063
-0.196 0.133088 -0.39912
-0.194 0.250788 -0.422198
-0.192 0.375883 -0.440161
-0.19 0.505296 -0.453008
-0.188 0.635894 -0.460872
-0.186 0.764575 -0.464011
-0.184 0.888352 -0.462796
-0.182 1.00443 -0.457702
-0.18 1.11027 -0.449284
-0.178 1.20367 -0.438166
-0.176 1.28276 -0.425013
-0.174 1.3461 -0.410516
-0.172 1.39266 -0.395364
-0.17 1.4218 -0.380227
-0.168 1.43333 -0.365731
-0.166 1.42743 -0.352442
-0.164 1.40461 -0.340847
-0.162 1.36572 -0.331339
-0.16 1.31187 -0.324206
-0.158 1.24436 -0.319624
-0.156 1.16465 -0.317652
-0.154 1.07433 -0.318235
-0.152 0.974987 -0.321201
-0.15 0.868251 -0.326275
-0.148 0.755698 -0.333087
-0.146 0.638839 -0.341185
-0.144 0.519086 -0.350052
-0.142 0.397743 -0.359123
-0.14 0.275989 -0.367805
-0.138 0.154885 -0.375496
-0.136 0.0353742 -0.381603
-0.134 -0.0817012 -0.385566
-0.132 -0.195586 -0.386872
-0.13 -0.305587 -0.385075
-0.128 -0.411057 -0.37981
-0.126 -0.511361 -0.370805
-0.124 -0.605864 -0.357891
-0.122 -0.693905 -0.341006
-0.12 -0.774781 -0.320202
-0.118 -0.847739 -0.29564
-0.116 -0.91197 -0.267582
-0.114 -0.966613 -0.236387
-0.112 -1.01076 -0.202495
-0.11 -1.04349 -0.166412
-0.108 -1.06386 -0.128691
-0.106 -1.07096 -0.0899156
-0.104 -1.06396 -0.0506744
-0.102 -1.04208 -0.0115443
-0.1 -1.00473 0.0269305
-0.098 -0.951461 0.0642568
-0.096 -0.882046 0.100009
-0.094 -0.796517 0.133841
-0.092 -0.69519 0.1655
-0.09 -0.578701 0.19483
-0.088 -0.448024 0.221779
-0.086 -0.304496 0.246395
-0.084 -0.149817 0.268826
-0.082 0.0139449 0.289312
-0.08 0.184367 0.308176
-0.078 0.358696 0.32581
-0.076 0.533882 0.34266
-0.074 0.706626 0.359214
-0.072 0.873441 0.37598
-0.07 1.03073 0.39347
-0.068 1.17485 0.412184
-0.066 1.30226 0.432591
-0.064 1.40956 0.455114
-0.062 1.49369 0.480117
-0.06 1.55197 0.507891
-0.058 1.58231 0.538642
-0.056 1.58327 0.572488
-0.054 1.5542 0.609447
-0.052 1.49532 0.64944
-0.05 1.40782 0.692286
-0.048 1.29388 0.737708
-0.046 1.15667 0.785337
-0.044 1.00033 0.834715
-0.042 0.829841 0.885309
-0.04 0.650961 0.936522
-0.038 0.470009 0.987702
-0.036 0.293696 1.03816
-0.034 0.128903 1.08717
-0.032 -0.0175347 1.13402
-0.03 -0.13906 1.17798
-0.028 -0.229606 1.21836
-0.026 -0.2838 1.2545
-0.024 -0.297142 1.28579
-0.022 -0.266175 1.31172
-0.02 -0.188614 1.33184
-0.018 -0.0634629 1.34584
-0.016 0.108902 1.3535
-0.014 0.326686 1.35476
-0.012 0.586659 1.3497
-0.01 0.884199 1.33852
-0.008 1.21337 1.32159
-0.006 1.56705 1.29941
-0.004 1.93716 1.27259
-0.002 2.31483 1.24185
0 2.69076 1.20795
0.002 3.05539 1.17172
0.004 3.39941 1.134
0.006 3.71391 1.09558
0.008 3.99072 1.05723
0.01 4.22265 1.01959
0.012 4.40376 0.983247
0.014 4.52946 0.948623
0.016 4.59667 0.916025
0.018 4.60385 0.885619
0.02 4.55101 0.857438
0.022 4.43966 0.831392
0.024 4.27275 0.807283
0.026 4.05449 0.784825
0.028 3.79031 0.763664
0.03 3.48658 0.743403
0.032 3.1505 0.723624
0.034 2.78988 0.703913
0.036 2.41289 0.68388
0.038 2.02787 0.663179
0.04 1.64308 0.641522
0.042 1.26649 0.618699
0.044 0.905534 0.594577
0.046 0.566931 0.569118
0.048 0.256528 0.542373
0.05 -0.0208387 0.514484
0.052 -0.261426 0.48568
0.054 -0.462625 0.45627
0.056 -0.622961 0.426631
0.058 -0.742059 0.397195
0.06 -0.820564 0.368435
0.062 -0.860048 0.340853
0.064 -0.862888 0.314954
0.066 -0.832135 0.291241
0.068 -0.771377 0.270188
0.07 -0.684597 0.252232
0.072 -0.576041 0.237754
0.074 -0.450087 0.227068
0.076 -0.311128 0.220413
0.078 -0.163466 0.217936
0.08 -0.0112201 0.219693
0.082 0.141754 0.22564
0.084 0.291926 0.235632
0.086 0.436144 0.249424
0.088 0.571669 0.266674
0.09 0.696195 0.286947
0.092 0.807857 0.309728
0.094 0.905233 0.334428
0.096 0.987323 0.360401
0.098 1.05353 0.386957
0.1 1.10362 0.413383
0.102 1.13771 0.438957
0.104 1.15618 0.462967
0.106 1.15968 0.484733
0.108 1.14905 0.503621
0.11 1.1253 0.519065
0.112 1.08953 0.530578
0.114 1.04293 0.53777
0.116 0.986716 0.540358
0.118 0.922106 0.538176
0.12 0.850283 0.531181
0.122 0.772375 0.519457
0.124 0.689435 0.503212
0.126 0.602431 0.48278
0.128 0.512243 0.458605
0.13 0.41966 0.431238
0.132 0.325392 0.401317
0.134 0.230088 0.369556
0.136 0.134349 0.33672
0.138 0.0387527 0.303607
0.14 -0.05612 0.271027
0.142 -0.149666 0.239775
0.144 -0.241238 0.210615
0.146 -0.330123 0.184255
0.148 -0.415538 0.161325
0.15 -0.496615 0.142365
0.152 -0.57241 0.127805
0.154 -0.64191 0.117953
0.156 -0.704054 0.112985
0.158 -0.757759 0.112942
0.16 -0.801954 0.117724
0.162 -0.835626 0.127094
0.164 -0.857861 0.140682
0.166 -0.867894 0.157995
0.168 -0.865154 0.178427
0.17 -0.84931 0.201277
0.172 -0.820308 0.225766
0.174 -0.778402 0.251058
0.176 -0.724176 0.276278
0.178 -0.658552 0.30054
0.18 -0.582785 0.322965
0.182 -0.498453 0.342705
0.184 -0.407426 0.358965
0.186 -0.311826 0.371022
0.188 -0.213977 0.378246
0.19 -0.116352 0.38011
0.192 -0.0215023 0.376213
0.194 0.0680013 0.366283
0.196 0.149643 0.350189
0.198 0.221025 0.327944
0.2 0.279935 0.29971
0.202 0.324404 0.265792
0.204 0.352764 0.226636
0.206 0.363692 0.18282
0.208 0.356257 0.135043
0.21 0.329949 0.0841075
0.212 0.284706 0.0309074
0.214 0.22093 -0.0235952
0.216 0.139495 -0.07839
0.218 0.0417355 -0.132441
0.22 -0.0705637 -0.184709
0.222 -0.1952 -0.234176
0.224 -0.329595 -0.279866
0.226 -0.470842 -0.320869
0.228 -0.615774 -0.356358
0.23 -0.761034 -0.385609
0.232 -0.903152 -0.408014
0.234 -1.03863 -0.423096
0.236 -1.16404 -0.43052
0.238 -1.27607 -0.430093
0.24 -1.37169 -0.421777
0.242 -1.44814 -0.40568
0.244 -1.50307 -0.382061
0.246 -1.53459 -0.351319
0.248 -1.54129 -0.313986
0.25 -1.52235 -0.270718
0.252 -1.47751 -0.22228
0.254 -1.40712 -0.169527
0.256 -1.3121 -0.113397
0.258 -1.19399 -0.0548805
0.26 -1.05484 0.00498681
0.262 -0.897227 0.0651507
0.264 -0.724161 0.124556
0.266 -0.539028 0.182164
0.268 -0.345505 0.236976
0.27 -0.147475 0.288047
0.272 0.051067 0.334506
0.274 0.246109 0.375571
0.276 0.433715 0.410562
0.278 0.610122 0.438913
0.28 0.771819 0.460183
0.282 0.915629 0.474063
0.284 1.03878 0.480377
0.286 1.13895 0.479087
0.288 1.21432 0.470291
0.29 1.26363 0.454218
0.292 1.28614 0.431219
0.294 1.28169 0.401764
0.296 1.25067 0.366426
0.298 1.194 0.325867
0.3 1.11311 0.280828
0.302 1.00992 0.23211
0.304 0.886712 0.18056
0.306 0.746178 0.127048
0.308 0.591275 0.0724583
0.31 0.425191 0.0176667
0.312 0.25126 -0.0364738
0.314 0.072887 -0.0891483
0.316 -0.106524 -0.139594
0.318 -0.283644 -0.187112
0.32 -0.455285 -0.231076
0.322 -0.618464 -0.270944
0.324 -0.770449 -0.306259
0.326 -0.908812 -0.336653
0.328 -1.03146 -0.361849
0.33 -1.13665 -0.38166
0.332 -1.22304 -0.395986
0.334 -1.28966 -0.404807
0.336 -1.33593 -0.408182
0.338 -1.36167 -0.40624
0.34 -1.36704 -0.399175
0.342 -1.35259 -0.387241
0.344 -1.3192 -0.370743
0.346 -1.26803 -0.350031
0.348 -1.20055 -0.325494
0.35 -1.11848 -0.297555
0.352 -1.02372 -0.266661
0.354 -0.918367 -0.23328
0.356 -0.804658 -0.197896
0.358 -0.68491 -0.161001
0.36 -0.561494 -0.123091
0.362 -0.436787 -0.0846625
0.364 -0.313129 -0.0462067
0.366 -0.192783 -0.00820601
0.368 -0.0778947 0.0288701
0.37 0.029543 0.0645692
0.372 0.127723 0.098459
0.374 0.215051 0.130132
0.376 0.290168 0.159206
0.378 0.351967 0.185333
0.38 0.399603 0.208196
0.382 0.4325 0.227515
0.384 0.45035 0.243048
0.386 0.453108 0.254595
0.388 0.440982 0.261999
0.39 0.414419 0.265149
0.392 0.374085 0.263979
0.394 0.320849 0.258475
0.396 0.255757 0.248669
0.398 0.180007 0.234646
0.4 0.0949245 0.216544
0.402 0.00193756 0.194551
0.404 -0.0974497 0.168909
0.406 -0.201682 0.13991
0.408 -0.309174 0.107896
0.41 -0.418336 0.0732578
0.412 -0.527591 0.0364311
0.414 -0.635397 -0.00210694
0.416 -0.740257 -0.0418421
0.418 -0.840744 -0.0822289
0.42 -0.935507 -0.122697
0.422 -1.02329 -0.162659
0.424 -1.10294 -0.201519
0.426 -1.17341 -0.238682
0.428 -1.23378 -0.273566
0.43 -1.28328 -0.30561
0.432 -1.32126 -0.334284
0.434 -1.34719 -0.359107
0.436 -1.36074 -0.379647
0.438 -1.36167 -0.39554
0.44 -1.34992 -0.406495
0.442 -1.32558 -0.412302
0.444 -1.28888 -0.412837
0.446 -1.24018 -0.408071
0.448 -1.18001 -0.398067
0.45 -1.10902 -0.382986
0.452 -1.02799 -0.36308
0.454 -0.937837 -0.338694
0.456 -0.839589 -0.310254
0.458 -0.734385 -0.278264
0.46 -0.623459 -0.243292
0.462 -0.508135 -0.205962
0.464 -0.38981 -0.166939
0.466 -0.26994 -0.126913
0.468 -0.15003 -0.0865898
0.47 -0.0316093 -0.0466743
0.472 0.0837754 -0.00785531
0.474 0.194584 0.0292062
0.476 0.2993 0.0638902
0.478 0.396447 0.095629
0.48 0.484609 0.123917
0.482 0.562455 0.148322
0.484 0.62875 0.168489
0.486 0.682384 0.18415
0.488 0.722388 0.195126
0.49 0.747953 0.201331
0.492 0.758451 0.202775
0.494 0.753452 0.199559
0.496 0.732738 0.191873
0.498 0.696315 0.179993
0.4 0.392247 0.213431
0.8 0.393383 0.214463
1.2 0.395247 0.216162
1.6 0.397794 0.218496
2 0.400967 0.221422
2.4 0.404689 0.224885
2.8 0.408874 0.228821
3.2 0.413421 0.233158
3.6 0.418224 0.237814
4 0.423165 0.242703
4.4 0.428126 0.247735
4.8 0.432983 0.252816
5.2 0.437615 0.257853
5.6 0.441904 0.262751
6 0.445735 0.267421
6.4 0.449003 0.271774
6.8 0.451612 0.275731
7.2 0.453477 0.279215
7.6 0.454527 0.282162
8 0.454706 0.284513
8.4 0.45397 0.286222
8.8 0.452296 0.287253
9.2 0.449675 0.28758
9.6 0.446114 0.28719
10 0.441638 0.28608
10.4 0.436284 0.284258
10.8 0.430108 0.281746
11.2 0.423175 0.278571
11.6 0.415565 0.274774
12 0.407364 0.270402
12.4 0.39867 0.265509
12.8 0.389586 0.260157
13.2 0.380218 0.254412
13.6 0.370675 0.248343
14 0.361066 0.242022
14.4 0.351498 0.235521
14.8 0.342075 0.228912
15.2 0.332894 0.222266
15.6 0.324046 0.215651
16 0.315613 0.209129
16.4 0.30767 0.202758
16.8 0.300279 0.196592
17.2 0.293491 0.190676
17.6 0.287348 0.185048
18 0.281877 0.17974
18.4 0.277098 0.174776
18.8 0.273015 0.17017
19.2 0.269626 0.165931
19.6 0.266915 0.162059
20 0.264859 0.158547
20.4 0.263426 0.155382
20.8 0.262579 0.152544
21.2 0.262271 0.150008
21.6 0.262453 0.147745
22 0.263072 0.145722
22.4 0.264073 0.143903
22.8 0.265396 0.14225
23.2 0.266986 0.140724
23.6 0.268785 0.139286
24 0.270737 0.137898
24.4 0.27279 0.136522
24.8 0.274892 0.135124
25.2 0.276997 0.133672
25.6 0.279063 0.132136
26 0.28105 0.130492
26.4 0.282923 0.12872
26.8 0.284654 0.126801
27.2 0.286215 0.124726
27.6 0.287587 0.122486
28 0.288751 0.12008
28.4 0.289694 0.117509
28.8 0.290406 0.114779
29.2 0.29088 0.1119
29.6 0.291113 0.108886
30 0.291103 0.105754
30.4 0.29085 0.102523
30.8 0.290357 0.0992141
31.2 0.289628 0.0958506
31.6 0.288668 0.0924566
32 0.287483 0.0890566
32.4 0.286078 0.0856751
32.8 0.284462 0.0823359
33.2 0.282642 0.079062
33.6 0.280625 0.0758747
34 0.278418 0.0727935
34.4 0.276029 0.0698356
34.8 0.273467 0.0670158
35.2 0.270738 0.064346
35.6 0.267849 0.0618356
36 0.264809 0.0594907
36.4 0.261624 0.0573145
36.8 0.258301 0.0553076
37.2 0.254848 0.0534675
37.6 0.251273 0.0517893
38 0.24758 0.0502654
38.4 0.243779 0.0488866
38.8 0.239875 0.0476414
39.2 0.235875 0.0465172
39.6 0.231786 0.0455001
40 0.227613 0.0445756
40.4 0.223364 0.0437289
40.8 0.219043 0.042945
41.2 0.214656 0.0422098
41.6 0.210209 0.0415094
42 0.205707 0.0408316
42.4 0.201155 0.0401652
42.8 0.196557 0.0395008
43.2 0.191919 0.0388308
43.6 0.187245 0.0381498
44 0.18254 0.0374542
44.4 0.177808 0.0367428
44.8 0.173057 0.0360166
45.2 0.16829 0.0352785
45.6 0.163514 0.0345334
46 0.158738 0.0337883
46.4 0.153967 0.0330513
46.8 0.149212 0.0323324
47.2 0.144481 0.0316421
47.6 0.139786 0.0309921
48 0.135138 0.0303942
48.4 0.130549 0.0298602
48.8 0.126033 0.0294018
49.2 0.121606 0.0290297
49.6 0.117281 0.0287538
50 0.113075 0.0285826
50.4 0.109005 0.0285228
50.8 0.105085 0.0285793
51.2 0.101334 0.0287548
51.6 0.0977659 0.0290498
52 0.0943966 0.0294621
52.4 0.0912401 0.0299872
52.8 0.0883093 0.0306182
53.2 0.0856151 0.0313454
53.6 0.0831669 0.0321571
54 0.0809713 0.0330393
54.4 0.0790329 0.033976
54.8 0.0773534 0.0349495
55.2 0.0759314 0.0359409
55.6 0.0747629 0.03693
56 0.0738405 0.0378962
56.4 0.073154 0.0388185
56.8 0.0726899 0.039676
57.2 0.0724322 0.0404485
57.6 0.0723619 0.0411167
58 0.0724577 0.0416626
58.4 0.0726961 0.0420699
58.8 0.0730517 0.0423244
59.2 0.0734979 0.0424141
59.6 0.074007 0.0423297
60 0.0745507 0.0420645
60.4 0.0751009 0.0416148
60.8 0.0756297 0.0409798
61.2 0.0761102 0.0401615
61.6 0.0765167 0.0391651
62 0.0768256 0.0379983
62.4 0.0770152 0.0366716
62.8 0.0770667 0.035198
63.2 0.0769638 0.0335924
63.6 0.0766936 0.0318717
64 0.0762464 0.0300542
64.4 0.075616 0.0281594
64.8 0.0747998 0.0262075
65.2 0.0737986 0.0242191
65.6 0.0726164 0.0222148
66 0.071261 0.0202145
66.4 0.0697428 0.0182377
66.8 0.0680752 0.0163024
67.2 0.066274 0.0144253
67.6 0.0643572 0.0126216
68 0.0623446 0.0109042
68.4 0.0602571 0.00928402
68.8 0.0581167 0.00776982
69.2 0.0559457 0.00636794
69.6 0.0537663 0.00508243
70 0.0516005 0.00391501
70.4 0.0494692 0.00286517
70.8 0.0473922 0.00193032
71.2 0.0453877 0.00110593
71.6 0.0434718 0.000385745
72 0.0416587 -0.000237965
72.4 0.0399601 -0.000774161
72.8 0.0383851 -0.00123275
73.2 0.0369403 -0.0016243
73.6 0.0356294 -0.00195973
74 0.0344537 -0.00225007
74.4 0.0334117 -0.00250614
74.8 0.0324994 -0.00273831
75.2 0.0317104 -0.00295628
75.6 0.0310363 -0.00316888
76 0.0304667 -0.00338385
76.4 0.0299894 -0.00360778
76.8 0.0295911 -0.00384593
77.2 0.0292572 -0.00410224
77.6 0.0289725 -0.00437927
78 0.0287213 -0.0046782
78.4 0.0284877 -0.00499893
78.8 0.0282561 -0.00534011
79.2 0.0280115 -0.00569929
79.6 0.0277394 -0.00607301
80 0.0274265 -0.00645702
80.4 0.0270608 -0.00684638
80.8 0.0266316 -0.00723569
81.2 0.0261298 -0.00761926
81.6 0.0255481 -0.00799127
82 0.0248811 -0.00834601
82.4 0.0241251 -0.00867796
82.8 0.0232784 -0.00898201
83.2 0.0223412 -0.0092536
83.6 0.0213155 -0.00948877
84 0.020205 -0.00968432
84.4 0.0190153 -0.00983785
84.8 0.0177532 -0.00994781
85.2 0.0164272 -0.0100135
85.6 0.0150466 -0.0100351
86 0.0136222 -0.0100136
86.4 0.0121652 -0.00995072
86.8 0.0106877 -0.00984901
87.2 0.00920202 -0.00971154
87.6 0.00772076 -0.00954192
88 0.00625648 -0.0093442
88.4 0.00482157 -0.00912271
88.8 0.00342798 -0.00888195
89.2 0.0020871 -0.00862651
89.6 0.000809586 -0.00836092
90 -0.000394811 -0.00808956
90.4 -0.00151734 -0.00781655
90.8 -0.00255036 -0.00754568
91.2 -0.00348747 -0.00728034
91.6 -0.00432349 -0.00702344
92 -0.0050546 -0.0067774
92.4 -0.00567827 -0.00654409
92.8 -0.00619334 -0.00632485
93.2 -0.00659992 -0.00612048
93.6 -0.00689941 -0.00593127
94 -0.00709439 -0.005757
94.4 -0.00718858 -0.00559704
94.8 -0.00718673 -0.00545033
95.2 -0.0070945 -0.00531553
95.6 -0.00691838 -0.00519099
96 -0.00666552 -0.00507488
96.4 -0.00634363 -0.00496525
96.8 -0.00596082 -0.00486009
97.2 -0.00552551 -0.00475738
97.6 -0.00504623 -0.0046552
98 -0.00453154 -0.00455171
98.4 -0.00398989 -0.00444529
98.8 -0.00342949 -0.00433449
99.2 -0.00285823 -0.00421812
99.6 -0.00228356 -0.00409527
100 -0.00171242 -0.00396526
100.4 -0.00115115 -0.00382775
100.8 -0.000605468 -0.00368263
101.2 -8.04129e-05 -0.00353009
101.6 0.000419687 -0.00337053
102 0.000891216 -0.0032046
102.4 0.00133127 -0.00303313
102.8 0.00173765 -0.00285713
103.2 0.0021088 -0.00267769
103.6 0.00244382 -0.00249604
104 0.00274237 -0.00231343
104.4 0.00300465 -0.00213113
104.8 0.00323131 -0.00195041
105.2 0.00342339 -0.00177247
105.6 0.00358229 -0.00159844
106 0.00370963 -0.00142938
106.4 0.00380724 -0.00126621
106.8 0.00387708 -0.00110972
107.2 0.00392117 -0.00096057
107.6 0.00394155 -0.000819273
108 0.00394023 -0.000686199
108.4 0.00391913 -0.000561576
108.8 0.00388007 -0.000445499
109.2 0.00382475 -0.000337937
109.6 0.0037547 -0.000238749
110 0.00367131 -0.000147694
110.4 0.0035758 -6.44491e-05
110.8 0.00346927 1.13754e-05
111.2 0.00335266 8.02193e-05
111.6 0.00322678 0.000142557
112 0.00309239 0.000198883
112.4 0.00295013 0.000249696
112.8 0.00280062 0.00029549
113.2 0.00264447 0.000336739
113.6 0.00248228 0.000373891
114 0.0023147 0.000407362
114.4 0.00214243 0.000437528
114.8 0.00196625 0.000464724
115.2 0.00178702 0.000489239
115.6 0.00160571 0.000511321
116 0.00142338 0.000531176
116.4 0.00124119 0.000548969
116.8 0.00106039 0.00056483
117.2 0.000882332 0.000578856
117.6 0.000708406 0.00059112
118 0.000540055 0.000601668
118.4 0.000378741 0.000610534
118.8 0.000225913 0.000617736
119.2 8.29839e-05 0.000623285
119.6 -4.8702e-05 0.000627188
120 -0.000167898 0.000629454
120.4 -0.000273485 0.000630094
120.8 -0.000364495 0.000629123
121.2 -0.000440138 0.000626568
121.6 -0.000499823 0.000622463
122 -0.000543171 0.000616853
122.4 -0.000570028 0.000609794
122.8 -0.000580475 0.000601353
123.2 -0.000574824 0.00059161
123.6 -0.000553618 0.000580655
124 -0.000517621 0.000568587
124.4 -0.000467806 0.000555516
124.8 -0.000405333 0.00054156
125.2 -0.000331532 0.000526844
125.6 -0.000247873 0.000511498
126 -0.000155941 0.00049566
126.4 -5.74059e-05 0.00047947
126.8 4.60123e-05 0.000463071
127.2 0.000152571 0.000446608
127.6 0.000260538 0.000430223
128 0.000368221 0.00041406
128.4 0.000473999 0.000398259
128.8 0.000576342 0.000382955
129.2 0.000673841 0.000368276
129.6 0.000765224 0.000354344
130 0.000849373 0.000341271
130.4 0.000925335 0.000329157
130.8 0.000992334 0.000318089
131.2 0.00104977 0.000308142
131.6 0.00109723 0.000299371
132 0.00113447 0.000291818
132.4 0.00116143 0.000285503
132.8 0.00117818 0.000280431
133.2 0.00118498 0.000276584
133.6 0.00118221 0.000273926
134 0.00117036 0.000272401
134.4 0.00115004 0.000271935
134.8 0.00112193 0.000272435
135.2 0.0010868 0.000273795
135.6 0.00104545 0.000275891
136 0.000998729 0.000278591
136.4 0.000947493 0.000281751
136.8 0.000892608 0.000285222
137.2 0.000834925 0.000288853
137.6 0.000775274 0.000292492
138 0.000714449 0.000295989
138.4 0.0006532 0.000299205
138.8 0.000592228 0.000302005
139.2 0.000532177 0.000304272
139.6 0.00047363 0.0003059
140 0.000417105 0.000306803
140.4 0.000363055 0.000306912
140.8 0.000311868 0.000306178
141.2 0.000263867 0.000304574
141.6 0.000219309 0.000302093
142 0.000178392 0.000298747
142.4 0.000141251 0.000294569
142.8 0.000107969 0.000289608
143.2 7.85732e-05 0.00028393
143.6 5.30432e-05 0.000277612
144 3.13135e-05 0.000270746
144.4 1.32771e-05 0.000263426
144.8 -1.20944e-06 0.000255756
145.2 -1.23227e-05 0.000247838
145.6 -2.02673e-05 0.000239775
146 -2.52723e-05 0.000231665
146.4 -2.75863e-05 0.0002236
146.8 -2.74732e-05 0.000215663
147.2 -2.52078e-05 0.000207927
147.6 -2.10714e-05 0.000200454
148 -1.5347e-05 0.000193289
148.4 -8.31562e-06 0.000186469
148.8 -2.51152e-07 0.000180014
149.2 8.58313e-06 0.000173932
149.6 1.79387e-05 0.00016822
150 2.75854e-05 0.000162863
150.4 3.73146e-05 0.000157837
150.8 4.69421e-05 0.000153109
151.2 5.63103e-05 0.000148643
151.6 6.529e-05 0.000144397
152 7.37813e-05 0.00014033
152.4 8.1714e-05 0.000136397
152.8 8.90475e-05 0.000132559
153.2 9.57694e-05 0.000128778
153.6 0.000101894 0.000125023
154 0.000107459 0.000121268
154.4 0.000112524 0.000117494
154.8 0.000117166 0.000113688
155.2 0.000121475 0.000109845
155.6 0.000125549 0.000105967
156 0.000129493 0.000102061
156.4 0.000133409 9.81418e-05
156.8 0.000137396 9.42263e-05
157.2 0.000141542 9.03356e-05
157.6 0.000145924 8.64925e-05
158 0.0001506 8.27205e-05
158.4 0.000155609 7.90422e-05
158.8 0.000160971 7.54785e-05
159.2 0.000166678 7.20474e-05
159.6 0.0001727 6.8763e-05
160 0.000178985 6.56349e-05
160.4 0.000185456 6.26679e-05
160.8 0.000192017 5.98618e-05
161.2 0.000198551 5.72114e-05
161.6 0.000204929 5.4707e-05
162 0.00021101 5.23349e-05
162.4 0.000216645 5.00783e-05
162.8 0.000221685 4.79182e-05
163.2 0.000225982 4.58343e-05
163.6 0.000229395 4.38064e-05
164 0.000231793 4.18154e-05
164.4 0.000233065 3.98445e-05
164.8 0.000233115 3.78801e-05
165.2 0.000231872 3.59125e-05
165.6 0.000229288 3.3937e-05
166 0.000225344 3.19541e-05
166.4 0.000220045 2.99697e-05
166.8 0.000213426 2.79954e-05
167.2 0.000205547 2.60475e-05
167.6 0.000196495 2.41476e-05
168 0.000186377 2.23206e-05
168.4 0.000175322 2.05947e-05
168.8 0.000163472 1.90001e-05
169.2 0.000150986 1.75673e-05
169.6 0.000138026 1.63263e-05
170 0.00012476 1.53051e-05
170.4 0.000111355 1.45285e-05
170.8 9.7973e-05 1.40169e-05
171.2 8.47671e-05 1.37851e-05
171.6 7.18778e-05 1.38416e-05
172 5.943e-05 1.4188e-05
172.4 4.75308e-05 1.48183e-05
172.8 3.62677e-05 1.5719e-05
173.2 2.57072e-05 1.68694e-05
173.6 1.58946e-05 1.82416e-05
174 6.8543e-06 1.98015e-05
174.4 -1.40934e-06 2.15093e-05
174.8 -8.91036e-06 2.33212e-05
175.2 -1.56792e-05 2.51902e-05
175.6 -2.17603e-05 2.70676e-05
176 -2.72092e-05 2.89047e-05
176.4 -3.20893e-05 3.0654e-05
176.8 -3.64694e-05 3.22706e-05
177.2 -4.042e-05 3.37138e-05
177.6 -4.40107e-05 3.49482e-05
178 -4.73074e-05 3.59447e-05
178.4 -5.037e-05 3.66814e-05
178.8 -5.32506e-05 3.71439e-05
179.2 -5.59916e-05 3.7326e-05
179.6 -5.86252e-05 3.72295e-05
180 -6.11726e-05 3.68638e-05
180.4 -6.36441e-05 3.62459e-05
180.8 -6.60398e-05 3.5399e-05
181.2 -6.83501e-05 3.43521e-05
181.6 -7.05576e-05 3.31385e-05
182 -7.26384e-05 3.17948e-05
182.4 -7.45638e-05 3.03593e-05
182.8 -7.63025e-05 2.8871e-05
183.2 -7.78229e-05 2.73679e-05
183.6 -7.90945e-05 2.58859e-05
184 -8.00901e-05 2.44574e-05
184.4 -8.07873e-05 2.31108e-05
184.8 -8.11701e-05 2.18691e-05
185.2 -8.12296e-05 2.07497e-05
185.6 -8.09649e-05 1.97638e-05
186 -8.03833e-05 1.89162e-05
186.4 -7.95001e-05 1.82058e-05
186.8 -7.83383e-05 1.76256e-05
187.2 -7.69276e-05 1.71632e-05
187.6 -7.53033e-05 1.6802e-05
188 -7.35051e-05 1.65215e-05
188.4 -7.15749e-05 1.62988e-05
188.8 -6.95561e-05 1.61094e-05
189.2 -6.74909e-05 1.59286e-05
189.6 -6.54192e-05 1.57322e-05
190 -6.3377e-05 1.5498e-05
190.4 -6.13947e-05 1.52063e-05
190.8 -5.94961e-05 1.48412e-05
191.2 -5.76977e-05 1.43908e-05
191.6 -5.60082e-05 1.3848e-05
192 -5.4428e-05 1.32105e-05
192.4 -5.29496e-05 1.2481e-05
192.8 -5.15583e-05 1.16673e-05
193.2 -5.02326e-05 1.07811e-05
193.6 -4.89458e-05 9.83858e-06
194 -4.76673e-05 8.85884e-06
194.4 -4.63638e-05 7.86351e-06
194.8 -4.50015e-05 6.8757e-06
195.2 -4.35475e-05 5.91908e-06
195.6 -4.19716e-05 5.01687e-06
196 -4.0248e-05 4.19088e-06
196.4 -3.83565e-05 3.46065e-06
196.8 -3.6284e-05 2.84264e-06
197.2 -3.40252e-05 2.34954e-06
197.6 -3.15834e-05 1.98977e-06
198 -2.89707e-05 1.76715e-06
198.4 -2.62078e-05 1.68072e-06
198.8 -2.3324e-05 1.72478e-06
199.2 -2.03558e-05 1.88912e-06
199.6 -1.73463e-05 2.15937e-06
200 -1.43437e-05 2.5176e-06
200.4 -1.13996e-05 2.94297e-06
200.8 -8.56729e-06 3.41251e-06
201.2 -5.90021e-06 3.90203e-06
201.6 -3.44969e-06 4.38698e-06
202 -1.26335e-06 4.84339e-06
202.4 6.16637e-07 5.24873e-06
202.8 2.15507e-06 5.58274e-06
203.2 3.325e-06 5.82814e-06
203.6 4.10872e-06 5.97122e-06
204 4.49844e-06 6.00232e-06
204.4 4.49663e-06 5.9161e-06
204.8 4.11598e-06 5.71165e-06
205.2 3.37903e-06 5.39251e-06
205.6 2.31745e-06 4.96639e-06
206 9.70996e-07 4.44482e-06
206.4 -6.13776e-07 3.84266e-06
206.8 -2.38504e-06 3.17747e-06
207.2 -4.28737e-06 2.46877e-06
207.6 -6.26355e-06 1.7373e-06
208 -8.25637e-06 1.00415e-06
208.4 -1.02104e-05 2.90031e-07
208.8 -1.20739e-05 -3.85584e-07
209.2 -1.37998e-05 -1.00511e-06
209.6 -1.53476e-05 -1.55352e-06
210 -1.66844e-05 -2.01883e-06
210.4 -1.77852e-05 -2.39247e-06
210.8 -1.86338e-05 -2.66956e-06
211.2 -1.9223e-05 -2.84899e-06
211.6 -1.9554e-05 -2.93332e-06
212 -1.96364e-05 -2.92862e-06
212.4 -1.9487e-05 -2.8441e-06
212.8 -1.91294e-05 -2.69166e-06
213.2 -1.8592e-05 -2.48532e-06
213.6 -1.79074e-05 -2.2406e-06
214 -1.71103e-05 -1.97384e-06
214.4 -1.62366e-05 -1.70147e-06
214.8 -1.53216e-05 -1.43938e-06
215.2 -1.43986e-05 -1.20221e-06
215.6 -1.34977e-05 -1.00278e-06
216 -1.26449e-05 -8.516e-07
216.4 -1.1861e-05 -7.56467e-07
216.8 -1.1161e-05 -7.22175e-07
217.2 -1.0554e-05 -7.50376e-07
217.6 -1.00428e-05 -8.39563e-07
218 -9.62435e-06 -9.85189e-07
218.4 -9.28993e-06 -1.17991e-06
218.8 -9.02605e-06 -1.41394e-06
219.2 -8.81517e-06 -1.67552e-06
219.6 -8.63678e-06 -1.95143e-06
220 -8.46852e-06 -2.22759e-06
220.4 -8.28734e-06 -2.48968e-06
220.8 -8.07072e-06 -2.72379e-06
221.2 -7.79783e-06 -2.91697e-06
221.6 -7.45057e-06 -3.05784e-06
222 -7.01452e-06 -3.13706e-06
222.4 -6.47971e-06 -3.14773e-06
222.8 -5.84113e-06 -3.0857e-06
223.2 -5.0991e-06 -2.94976e-06
223.6 -4.25937e-06 -2.74168e-06
224 -3.33295e-06 -2.46618e-06
224.4 -2.33575e-06 -2.13074e-06
224.8 -1.288e-06 -1.74531e-06
225.2 -2.13473e-07 -1.32189e-06
225.6 8.61455e-07 -8.74117e-07
226 1.90884e-06 -4.16659e-07
226.4 2.90027e-06 3.53206e-08
226.8 3.80806e-06 4.66776e-07
227.2 4.6063e-06 8.63373e-07
227.6 5.27198e-06 1.21205e-06
228 5.78586e-06 1.50153e-06
228.4 6.13335e-06 1.72276e-06
228.8 6.30503e-06 1.86925e-06
229.2 6.29716e-06 1.93735e-06
229.6 6.11177e-06 1.92636e-06
230 5.7567e-06 1.83855e-06
230.4 5.24529e-06 1.67906e-06
230.8 4.59593e-06 1.45573e-06
231.2 3.83137e-06 1.17872e-06
231.6 2.97787e-06 8.60169e-07
232 2.06424e-06 5.13688e-07
232.4 1.12078e-06 1.5383e-07
232.8 1.78116e-07 -2.04471e-07
233.2 -7.33881e-07 -5.46471e-07
233.6 -1.58722e-06 -8.58189e-07
234 -2.3568e-06 -1.12693e-06
234.4 -3.0213e-06 -1.34176e-06
234.8 -3.56392e-06 -1.49393e-06
235.2 -3.97296e-06 -1.57715e-06
235.6 -4.24215e-06 -1.58786e-06
236 -4.37082e-06 -1.52531e-06
236.4 -4.36384e-06 -1.39154e-06
236.8 -4.23128e-06 -1.19133e-06
237.2 -3.98796e-06 -9.31934e-07
237.6 -3.65279e-06 -6.22808e-07
238 -3.2479e-06 -2.752e-07
238.4 -2.79774e-06 9.82896e-08
238.8 -2.32803e-06 4.84218e-07
239.2 -1.86473e-06 8.68821e-07
239.6 -1.43292e-06 1.23855e-06
240 -1.05584e-06 1.5806e-06
240.4 -7.53907e-07 1.88337e-06
240.8 -5.43925e-07 2.13692e-06
241.2 -4.3841e-07 2.33333e-06
241.6 -4.45104e-07 2.46693e-06
242 -5.66673e-07 2.53458e-06
242.4 -8.00621e-07 2.53564e-06
242.8 -1.1394e-06 2.47205e-06
243.2 -1.57073e-06 2.34817e-06
243.6 -2.07808e-06 2.17054e-06
244 -2.64139e-06 1.94767e-06
244.4 -3.2378e-06 1.68959e-06
244.8 -3.84261e-06 1.40745e-06
245.2 -4.43026e-06 1.11309e-06
245.6 -4.97532e-06 8.1853e-07
246 -5.4535e-06 5.35471e-07
246.4 -5.8426e-06 2.74863e-07
246.8 -6.12337e-06 4.64567e-08
247.2 -6.2803e-06 -1.41568e-07
247.6 -6.30216e-06 -2.82909e-07
248 -6.18246e-06 -3.73372e-07
248.4 -5.91971e-06 -4.11007e-07
248.8 -5.51746e-06 -3.96165e-07
249.2 -4.98415e-06 -3.31446e-07
249.6 -4.3328e-06 -2.21569e-07
250 -3.58051e-06 -7.31516e-08
250.4 -2.74779e-06 1.05585e-07
250.8 -1.85781e-06 3.0517e-07
251.2 -9.3551e-07 5.15286e-07
251.6 -6.65915e-09 7.25203e-07
252 9.03072e-07 9.24226e-07
252.4 1.76907e-06 1.10213e-06
252.8 2.56867e-06 1.2496e-06
253.2 3.28196e-06 1.35858e-06
253.6 3.89245e-06 1.42262e-06
254 4.38769e-06 1.43712e-06
254.4 4.75958e-06 1.39955e-06
254.8 5.00467e-06 1.3095e-06
255.2 5.12412e-06 1.16871e-06
255.6 5.12366e-06 9.81024e-07
256 5.01317e-06 7.52182e-07
256.4 4.80632e-06 4.89636e-07
256.8 4.51989e-06 2.02223e-07
257.2 4.17307e-06 -1.0018e-07
257.6 3.7867e-06 -4.07049e-07
258 3.38237e-06 -7.0763e-07
258.4 2.98157e-06 -9.91364e-07
258.8 2.60487e-06 -1.24829e-06
259.2 2.27107e-06 -1.46947e-06
259.6 1.99652e-06 -1.64726e-06
260 1.7945e-06 -1.77568e-06
260.4 1.67474e-06 -1.85062e-06
260.8 1.64308e-06 -1.86996e-06
261.2 1.70131e-06 -1.83366e-06
261.6 1.84717e-06 -1.74377e-06
262 2.07448e-06 -1.60432e-06
262.4 2.37345e-06 -1.42116e-06
262.8 2.73115e-06 -1.2017e-06
263.2 3.13208e-06 -9.54657e-07
263.6 3.5588e-06 -6.89676e-07
264 3.99268e-06 -4.16964e-07
264.4 4.41469e-06 -1.46893e-07
264.8 4.80618e-06 1.10404e-07
265.2 5.1496e-06 3.45414e-07
265.6 5.42926e-06 5.49608e-07
266 5.63191e-06 7.15759e-07
266.4 5.74728e-06 8.38204e-07
266.8 5.76848e-06 9.13046e-07
267.2 5.69227e-06 9.38284e-07
267.6 5.51914e-06 9.13868e-07
268 5.25329e-06 8.41679e-07
268.4 4.90246e-06 7.25427e-07
268.8 4.47757e-06 5.7049e-07
269.2 3.99232e-06 3.83679e-07
269.6 3.46261e-06 1.72958e-07
270 2.90591e-06 -5.28864e-08
270.4 2.34059e-06 -2.84597e-07
270.8 1.78516e-06 -5.12814e-07
271.2 1.25762e-06 -7.28447e-07
271.6 7.74706e-07 -9.23025e-07
272 3.51305e-07 -1.08902e-06
272.4 -1.15563e-10 -1.22015e-06
272.8 -2.69955e-07 -1.31158e-06
273.2 -4.51812e-07 -1.36011e-06
273.6 -5.42683e-07 -1.3643e-06
274 -5.43033e-07 -1.32447e-06
274.4 -4.56723e-07 -1.24268e-06
274.8 -2.90805e-07 -1.12265e-06
275.2 -5.51955e-08 -9.69534e-07
275.6 2.37761e-07 -7.89769e-07
276 5.7382e-07 -5.9075e-07
276.4 9.3743e-07 -3.80544e-07
276.8 1.31238e-06 -1.67558e-07
277.2 1.68243e-06 3.97976e-08
277.6 2.032e-06 2.33451e-07
278 2.34676e-06 4.05981e-07
278.4 2.61418e-06 5.50911e-07
278.8 2.82403e-06 6.62956e-07
279.2 2.96872e-06 7.38218e-07
279.6 3.04361e-06 7.74334e-07
280 3.04712e-06 7.70544e-07
280.4 2.98077e-06 7.27714e-07
280.8 2.84904e-06 6.48278e-07
281.2 2.6592e-06 5.36125e-07
281.6 2.4209e-06 3.96428e-07
282 2.1458e-06 2.35427e-07
282.4 1.84703e-06 6.01581e-08
282.8 1.53861e-06 -1.21827e-07
283.2 1.23491e-06 -3.02775e-07
283.6 9.49993e-07 -4.75046e-07
284 6.97046e-07 -6.31419e-07
284.4 4.8784e-07 -7.65375e-07
284.8 3.32238e-07 -8.71361e-07
285.2 2.37792e-07 -9.44999e-07
285.6 2.09437e-07 -9.83256e-07
286 2.49295e-07 -9.84555e-07
286.4 3.56584e-07 -9.48827e-07
286.8 5.27665e-07 -8.775e-07
287.2 7.56183e-07 -7.73434e-07
287.6 1.03333e-06 -6.40794e-07
288 1.34821e-06 -4.84873e-07
288.4 1.68828e-06 -3.11873e-07
288.8 2.03983e-06 -1.28649e-07
289.2 2.38857e-06 5.75695e-08
289.6 2.72019e-06 2.39471e-07
290 3.02092e-06 4.09955e-07
290.4 3.27808e-06 5.62414e-07
290.8 3.48061e-06 6.90993e-07
291.2 3.61945e-06 7.90823e-07
291.6 3.68795e-06 8.58201e-07
292 3.68211e-06 8.90738e-07
292.4 3.6007e-06 8.8744e-07
292.8 3.44536e-06 8.48741e-07
293.2 3.22047e-06 7.76474e-07
293.6 2.93304e-06 6.73791e-07
294 2.59234e-06 5.45027e-07
294.4 2.20964e-06 3.95521e-07
294.8 1.79766e-06 2.31396e-07
295.2 1.37015e-06 5.9311e-08
295.6 9.41322e-07 -1.13808e-07
296 5.25307e-07 -2.81044e-07
296.4 1.35609e-07 -4.35764e-07
296.8 -2.15401e-07 -5.7188e-07
297.2 -5.16952e-07 -6.84087e-07
297.6 -7.60277e-07 -7.68068e-07
298 -9.38921e-07 -8.20656e-07
298.4 -1.04897e-06 -8.39957e-07
298.8 -1.08917e-06 -8.25409e-07
299.2 -1.06096e-06 -7.778e-07
299.6 -9.68342e-07 -6.99225e-07
300 -8.17735e-07 -5.92991e-07
300.4 -6.17674e-07 -4.63482e-07
300.8 -3.78444e-07 -3.15973e-07
301.2 -1.1166e-07 -1.56417e-07
301.6 1.70215e-07 8.79789e-09
302 4.54372e-07 1.73104e-07
302.4 7.28173e-07 3.30018e-07
302.8 9.79648e-07 4.73392e-07
303.2 1.19797e-06 5.97662e-07
303.6 1.37387e-06 6.98059e-07
304 1.5e-06 7.70796e-07
304.4 1.57119e-06 8.13208e-07
304.8 1.58465e-06 8.23849e-07
305.2 1.54006e-06 8.02547e-07
305.6 1.43952e-06 7.50393e-07
306 1.2875e-06 6.69694e-07
306.4 1.09059e-06 5.6387e-07
306.8 8.57229e-07 4.37314e-07
307.2 5.97366e-07 2.95205e-07
307.6 3.22013e-07 1.43304e-07
308 4.2811e-08 -1.22831e-08
308.4 -2.28452e-07 -1.6535e-07
308.8 -4.80318e-07 -3.09833e-07
309.2 -7.02125e-07 -4.40054e-07
309.6 -8.84427e-07 -5.5094e-07
310 -1.01938e-06 -6.38221e-07
310.4 -1.10103e-06 -6.98591e-07
310.8 -1.12558e-06 -7.29834e-07
311.2 -1.0915e-06 -7.30904e-07
311.6 -9.99582e-07 -7.01955e-07
312 -8.52923e-07 -6.44329e-07
312.4 -6.5677e-07 -5.60492e-07
312.8 -4.18312e-07 -4.53928e-07
313.2 -1.46382e-07 -3.28995e-07
313.6 1.48895e-07 -1.90746e-07
314 4.56514e-07 -4.47221e-08
314.4 7.65025e-07 1.0327e-07
314.8 1.06299e-06 2.47389e-07
315.2 1.33943e-06 3.81989e-07
315.6 1.58426e-06 5.01845e-07
316 1.78867e-06 6.02353e-07
316.4 1.94549e-06 6.7971e-07
316.8 2.04943e-06 7.31056e-07
317.2 2.09729e-06 7.5458e-07
317.6 2.08808e-06 7.49586e-07
318 2.02303e-06 7.1651e-07
318.4 1.90555e-06 6.56891e-07
318.8 1.74103e-06 5.73307e-07
319.2 1.53668e-06 4.69262e-07
319.6 1.30118e-06 3.49037e-07
320 1.04435e-06 2.1752e-07
320.4 7.76769e-07 8.00034e-08
320.8 5.09315e-07 -5.80281e-08
321.2 2.5276e-07 -1.91115e-07
321.6 1.7343e-08 -3.14042e-07
322 -1.87634e-07 -4.22039e-07
322.4 -3.54165e-07 -5.10968e-07
322.8 -4.75845e-07 -5.77486e-07
323.2 -5.48109e-07 -6.19164e-07
323.6 -5.68401e-07 -6.34582e-07
324 -5.36258e-07 -6.23374e-07
324.4 -4.53311e-07 -5.86237e-07
324.8 -3.23204e-07 -5.24892e-07
325.2 -1.51434e-07 -4.42006e-07
325.6 5.48776e-08 -3.41085e-07
326 2.87285e-07 -2.26322e-07
326.4 5.36359e-07 -1.02426e-07
326.8 7.92068e-07 2.55667e-08
327.2 1.04418e-06 1.52498e-07
327.6 1.28268e-06 2.73291e-07
328 1.49813e-06 3.83157e-07
328.4 1.68209e-06 4.77777e-07
328.8 1.8274e-06 5.53474e-07
329.2 1.92847e-06 6.07353e-07
329.6 1.98152e-06 6.37411e-07
330 1.98464e-06 6.4261e-07
330.4 1.93793e-06 6.22911e-07
330.8 1.84343e-06 5.79267e-07
331.2 1.70506e-06 5.13579e-07
331.6 1.52841e-06 4.28615e-07
332 1.32055e-06 3.27889e-07
332.4 1.0897e-06 2.1552e-07
332.8 8.44916e-07 9.60627e-08
333.2 5.95726e-07 -2.56779e-08
333.6 3.51739e-07 -1.44839e-07
334 1.22271e-07 -2.56693e-07
334.4 -8.40256e-08 -3.56836e-07
334.8 -2.59496e-07 -4.4136e-07
335.2 -3.97781e-07 -5.07005e-07
335.6 -4.94057e-07 -5.51282e-07
336 -5.45213e-07 -5.72572e-07
336.4 -5.49963e-07 -5.70179e-07
336.8 -5.08882e-07 -5.44354e-07
337.2 -4.24362e-07 -4.96277e-07
337.6 -3.0051e-07 -4.28006e-07
338 -1.42964e-07 -3.42387e-07
338.4 4.13414e-08 -2.42938e-07
338.8 2.44462e-07 -1.337e-07
339.2 4.5777e-07 -1.90783e-08
339.6 6.723e-07 9.63367e-08
340 8.79114e-07 2.07955e-07
340.4 1.06965e-06 3.11367e-07
340.8 1.23609e-06 4.02518e-07
341.2 1.3716e-06 4.77867e-07
341.6 1.47068e-06 5.34525e-07
342 1.52931e-06 5.70361e-07
342.4 1.54514e-06 5.84085e-07
342.8 1.51754e-06 5.75295e-07
343.2 1.44764e-06 5.44481e-07
343.6 1.33826e-06 4.93004e-07
344 1.1938e-06 4.23036e-07
344.4 1.02002e-06 3.37464e-07
344.8 8.23853e-07 2.39777e-07
345.2 6.13073e-07 1.33917e-07
345.6 3.96014e-07 2.41237e-08
346 1.81219e-07 -8.52381e-08
346.4 -2.28974e-08 -1.89851e-07
346.8 -2.08384e-07 -2.85618e-07
347.2 -3.68064e-07 -3.6882e-07
347.6 -4.95816e-07 -4.36265e-07
348 -5.86813e-07 -4.85408e-07
348.4 -6.37701e-07 -5.14449e-07
348.8 -6.46727e-07 -5.22398e-07
349.2 -6.13798e-07 -5.0911e-07
349.6 -5.40471e-07 -4.75285e-07
350 -4.29883e-07 -4.2243e-07
350.4 -2.86618e-07 -3.52801e-07
350.8 -1.16512e-07 -2.693e-07
351.2 7.35848e-08 -1.75362e-07
351.6 2.76083e-07 -7.48114e-08
352 4.82965e-07 2.82938e-08
352.4 6.86102e-07 1.29821e-07
352.8 8.77576e-07 2.25732e-07
353.2 1.04999e-06 3.12238e-07
353.6 1.19678e-06 3.85953e-07
354 1.31242e-06 4.44023e-07
354.4 1.39268e-06 4.84236e-07
354.8 1.43476e-06 5.05108e-07
355.2 1.43742e-06 5.05932e-07
355.6 1.40096e-06 4.86804e-07
356 1.32726e-06 4.48615e-07
356.4 1.21965e-06 3.93007e-07
356.8 1.0828e-06 3.22304e-07
357.2 9.22488e-07 2.39417e-07
357.6 7.45396e-07 1.4772e-07
358 5.58818e-07 5.0916e-08
358.4 3.70371e-07 -4.71132e-08
358.8 1.8769e-07 -1.42463e-07
359.2 1.81239e-08 -2.31359e-07
359.6 -1.31557e-07 -3.10312e-07
360 -2.55425e-07 -3.76248e-07
360.4 -3.48626e-07 -4.26631e-07
360.8 -4.07564e-07 -4.59561e-07
361.2 -4.3004e-07 -4.73844e-07
361.6 -4.15327e-07 -4.69034e-07
362 -3.6419e-07 -4.45447e-07
362.4 -2.78846e-07 -4.04146e-07
362.8 -1.62868e-07 -3.46888e-07
363.2 -2.10341e-08 -2.76055e-07
363.6 1.40874e-07 -1.94553e-07
364 3.16303e-07 -1.05693e-07
364.4 4.98194e-07 -1.30572e-08
364.8 6.79269e-07 7.96445e-08
365.2 8.52318e-07 1.68723e-07
365.6 1.01049e-06 2.50658e-07
366 1.14755e-06 3.22233e-07
366.4 1.25815e-06 3.80665e-07
366.8 1.33801e-06 4.2371e-07
367.2 1.38408e-06 4.4975e-07
367.6 1.39468e-06 4.57851e-07
368 1.36954e-06 4.47799e-07
368.4 1.30979e-06 4.20101e-07
368.8 1.21794e-06 3.7596e-07
369.2 1.09773e-06 3.17226e-07
369.6 9.54008e-07 2.46315e-07
370 7.92527e-07 1.66111e-07
370.4 6.19688e-07 7.98481e-08
370.8 4.42303e-07 -9.01977e-09
371.2 2.67316e-07 -9.69582e-08
371.6 1.01525e-07 -1.80493e-07
372 -4.86837e-08 -2.56346e-07
372.4 -1.77588e-07 -3.21567e-07
372.8 -2.80352e-07 -3.73647e-07
373.2 -3.5321e-07 -4.10614e-07
373.6 -3.93614e-07 -4.3111e-07
374 -4.00321e-07 -4.34439e-07
374.4 -3.73436e-07 -4.20591e-07
374.8 -3.144e-07 -3.9024e-07
375.2 -2.25919e-07 -3.44707e-07
375.6 -1.11857e-07 -2.85912e-07
376 2.29353e-08 -2.16284e-07
376.4 1.72813e-07 -1.38669e-07
376.8 3.3157e-07 -5.62108e-08
377.2 4.92687e-07 2.7775e-08
377.6 6.49595e-07 1.09935e-07
378 7.95935e-07 1.87009e-07
378.4 9.2581e-07 2.55963e-07
378.8 1.03402e-06 3.14104e-07
379.2 1.11625e-06 3.59187e-07
379.6 1.16926e-06 3.895e-07
380 1.19099e-06 4.03932e-07
380.4 1.18064e-06 4.02009e-07
380.8 1.13868e-06 3.83911e-07
381.2 1.06684e-06 3.50459e-07
381.6 9.68052e-07 3.03083e-07
382 8.46267e-07 2.43753e-07
382.4 7.06347e-07 1.74906e-07
382.8 5.53844e-07 9.93395e-08
383.2 3.94774e-07 2.01027e-08
383.6 2.35381e-07 -5.96295e-08
384 8.1882e-08 -1.36682e-07
384.4 -5.97756e-08 -2.08006e-07
384.8 -1.84151e-07 -2.70801e-07
385.2 -2.86522e-07 -3.2262e-07
385.6 -3.6307e-07 -3.61469e-07
386 -4.11023e-07 -3.85884e-07
386.4 -4.28762e-07 -3.94982e-07
386.8 -4.15877e-07 -3.88495e-07
387.2 -3.73175e-07 -3.66775e-07
387.6 -3.02642e-07 -3.3078e-07
388 -2.07355e-07 -2.82029e-07
388.4 -9.13551e-08 -2.22537e-07
388.8 4.0522e-08 -1.54737e-07
389.2 1.82841e-07 -8.1374e-08
389.6 3.29788e-07 -5.40084e-09
390 4.75404e-07 7.01458e-08
390.4 6.13821e-07 1.42264e-07
390.8 7.39498e-07 2.08106e-07
391.2 8.47436e-07 2.6509e-07
391.6 9.33376e-07 3.11004e-07
392 9.93963e-07 3.44087e-07
392.4 1.02687e-06 3.63099e-07
392.8 1.0309e-06 3.67367e-07
393.2 1.00601e-06 3.56806e-07
393.6 9.53289e-07 3.31924e-07
394 8.74966e-07 2.93791e-07
394.4 7.74257e-07 2.44e-07
394.8 6.55258e-07 1.84595e-07
395.2 5.22772e-07 1.17992e-07
395.6 3.82111e-07 4.68754e-08
396 2.38888e-07 -2.59054e-08
396.4 9.87866e-08 -9.74531e-08
396.8 -3.26635e-08 -1.64937e-07
397.2 -1.50305e-07 -2.25705e-07
397.6 -2.49556e-07 -2.77387e-07
398 -3.2659e-07 -3.17991e-07
398.4 -3.78483e-07 -3.45975e-07
398.8 -4.03322e-07 -3.60308e-07
399.2 -4.00281e-07 -3.60508e-07
399.6 -3.69641e-07 -3.46659e-07
400 -3.12779e-07 -3.19399e-07
