-0.498 1.11224 0.747895
-0.496 1.34584 0.775709
-0.494 1.53151 0.788534
-0.492 1.66066 0.784937
-0.49 1.7273 0.764064
-0.488 1.72828 0.725706
-0.486 1.66349 0.670322
-0.484 1.53577 0.59904
-0.482 1.35087 0.513627
-0.48 1.11707 0.416422
-0.478 0.844863 0.310251
-0.476 0.546397 0.198309
-0.474 0.234918 0.0840318
-0.472 -0.0758635 -0.0290514
-0.47 -0.372418 -0.137463
-0.468 -0.642031 -0.237926
-0.466 -0.87339 -0.327501
-0.464 -1.0571 -0.40371
-0.462 -1.18612 -0.464635
-0.46 -1.25602 -0.508996
-0.458 -1.26521 -0.536193
-0.456 -1.21493 -0.546323
-0.454 -1.10919 -0.540156
-0.452 -0.954462 -0.519091
-0.45 -0.759396 -0.485073
-0.448 -0.534316 -0.440493
-0.446 -0.290705 -0.388065
-0.444 -0.0406094 -0.33069
-0.442 0.203964 -0.271317
-0.44 0.431641 -0.212798
-0.438 0.632243 -0.157761
-0.436 0.797267 -0.108487
-0.434 0.920283 -0.0668116
-0.432 0.99722 -0.0340514
-0.43 1.02652 -0.0109586
-0.428 1.00916 0.00229529
-0.426 0.948536 0.00610432
-0.424 0.850251 0.00138343
-0.422 0.721734 -0.0105033
-0.42 0.571807 -0.0278374
-0.418 0.410166 -0.0486587
-0.416 0.246822 -0.0708895
-0.414 0.0915212 -0.092464
-0.412 -0.0468055 -0.111456
-0.41 -0.160558 -0.126197
-0.408 -0.243899 -0.135379
-0.406 -0.293092 -0.138139
-0.404 -0.306724 -0.134112
-0.402 -0.28579 -0.123461
-0.4 -0.233655 -0.106873
-0.398 -0.155871 -0.0855288
-0.396 -0.0598762 -0.0610334
-0.394 0.0454171 -0.0353324
-0.392 0.150127 -0.0105989
-0.39 0.243966 0.0108932
-0.388 0.316838 0.026905
-0.386 0.359438 0.0353714
-0.384 0.363826 0.0345336
-0.382 0.323934 0.0230595
-0.38 0.235985 0.000144064
-0.378 0.0988081 -0.0344146
-0.376 -0.085988 -0.08017
-0.374 -0.313976 -0.136015
-0.372 -0.578023 -0.200201
-0.37 -0.868544 -0.270399
-0.368 -1.17389 -0.343782
-0.366 -1.48087 -0.417146
-0.364 -1.77531 -0.487043
-0.362 -2.04279 -0.549946
-0.36 -2.26926 -0.602406
-0.358 -2.44181 -0.641222
-0.356 -2.54927 -0.663601
-0.354 -2.58287 -0.667302
-0.352 -2.53665 -0.650756
-0.35 -2.40788 -0.613166
-0.348 -2.19728 -0.554565
-0.346 -1.90901 -0.475839
-0.344 -1.55065 -0.378715
-0.342 -1.13286 -0.265709
-0.34 -0.669002 -0.140036
-0.338 -0.174548 -0.00548986
-0.336 0.333544 0.133707
-0.334 0.83759 0.273073
-0.332 1.31995 0.40805
-0.33 1.76379 0.534194
-0.328 2.15388 0.647357
-0.326 2.47719 0.743864
-0.324 2.72355 0.82066
-0.322 2.88601 0.875443
-0.32 2.96117 0.906749
-0.318 2.94932 0.914015
-0.316 2.85433 0.897587
-0.314 2.68348 0.8587
-0.312 2.44706 0.79941
-0.31 2.15782 0.722495
-0.308 1.83042 0.631319
-0.306 1.48059 0.529676
-0.304 1.12449 0.421615
-0.302 0.77782 0.311253
-0.3 0.455149 0.202592
-0.298 0.169193 0.099344
-0.296 -0.0697602 0.00477098
-0.294 -0.254315 -0.0784483
-0.292 -0.380277 -0.148321
-0.29 -0.446799 -0.203606
-0.288 -0.45636 -0.243844
-0.286 -0.41457 -0.269345
-0.284 -0.329824 -0.281139
-0.282 -0.212807 -0.280893
-0.28 -0.075892 -0.270794
-0.278 0.0675491 -0.253412
-0.276 0.203884 -0.231544
-0.274 0.319971 -0.208051
-0.272 0.40388 -0.185699
-0.27 0.445556 -0.166998
-0.268 0.437383 -0.154073
-0.266 0.374624 -0.148547
-0.264 0.255718 -0.151457
-0.262 0.0824086 -0.163207
-0.26 -0.140296 -0.183552
-0.258 -0.404331 -0.211618
-0.256 -0.698942 -0.245962
-0.254 -1.0112 -0.284659
-0.252 -1.32665 -0.325415
-0.25 -1.63 -0.365704
-0.248 -1.90595 -0.40292
-0.246 -2.13996 -0.434524
-0.244 -2.31901 -0.458201
-0.242 -2.43236 -0.471999
-0.24 -2.47217 -0.474448
-0.238 -2.43392 -0.464659
-0.236 -2.31682 -0.442388
-0.234 -2.12392 -0.408067
-0.232 -1.86206 -0.362794
-0.23 -1.54167 -0.308294
-0.228 -1.17633 -0.246834
-0.226 -0.782182 -0.181116
-0.224 -0.377196 -0.114136
-0.222 0.0196645 -0.0490281
-0.22 0.389363 0.0111037
-0.218 0.713736 0.063359
-0.216 0.976407 0.105204
-0.214 1.16365 0.134622
-0.212 1.26513 0.150239
-0.21 1.27449 0.151417
-0.208 1.1898 0.138314
-0.206 1.01372 0.111902
-0.204 0.75349 0.0739431
-0.202 0.420729 0.0269234
-0.2 0.0309506 -0.0260501
-0.198 -0.397079 -0.0813886
-0.196 -0.842155 -0.135188
-0.194 -1.28159 -0.183416
-0.192 -1.69223 -0.222109
-0.19 -2.05154 -0.24757
-0.188 -2.33869 -0.256561
-0.186 -2.53547 -0.246472
-0.184 -2.62726 -0.21547
-0.182 -2.60369 -0.162606
-0.18 -2.45922 -0.0878881
-0.178 -2.19342 0.0076909
-0.176 -1.81109 0.122173
-0.174 -1.3221 0.252698
-0.172 -0.740993 0.395609
-0.17 -0.0864337 0.546596
-0.168 0.619598 0.700872
-0.166 1.35271 0.853367
-0.164 2.08714 0.998945
-0.162 2.7968 1.13262
-0.16 3.45643 1.24975
-0.158 4.04261 1.34625
-0.156 4.53473 1.41877
-0.154 4.91586 1.46478
-0.152 5.17338 1.48272
-0.15 5.29952 1.47204
-0.148 5.29155 1.43318
-0.146 5.15191 1.36755
-0.144 4.88796 1.27745
-0.142 4.51163 1.16594
-0.14 4.03884 1.03671
-0.138 3.48872 0.893858
-0.136 2.88275 0.741717
-0.134 2.24381 0.584668
-0.132 1.59515 0.426927
-0.13 0.959404 0.272369
-0.128 0.357644 0.124368
-0.126 -0.191496 -0.0143297
-0.124 -0.672537 -0.141697
-0.122 -1.07372 -0.256473
-0.12 -1.3874 -0.358175
-0.118 -1.61023 -0.447056
-0.116 -1.74312 -0.524031
-0.114 -1.79109 -0.590564
-0.112 -1.76282 -0.648529
-0.11 -1.67017 -0.700047
-0.108 -1.52744 -0.747312
-0.106 -1.35067 -0.792422
-0.104 -1.1568 -0.837209
-0.102 -0.962804 -0.883092
-0.1 -0.784893 -0.93096
-0.098 -0.637746 -0.981082
-0.096 -0.533821 -1.03306
-0.094 -0.48279 -1.08582
-0.092 -0.491106 -1.13766
-0.09 -0.561726 -1.18631
-0.088 -0.693999 -1.22907
-0.086 -0.883723 -1.26294
-0.084 -1.12337 -1.28481
-0.082 -1.40245 -1.29164
-0.08 -1.70809 -1.28067
-0.078 -2.02562 -1.24955
-0.076 -2.33933 -1.19662
-0.074 -2.6333 -1.12095
-0.072 -2.89217 -1.02252
-0.07 -3.10193 -0.902266
-0.068 -3.25071 -0.762106
-0.066 -3.32931 -0.604921
-0.064 -3.33175 -0.434478
-0.062 -3.25554 -0.255301
-0.06 -3.10181 -0.0725107
-0.058 -2.87523 0.108383
-0.056 -2.58373 0.281707
-0.054 -2.23805 0.441875
-0.052 -1.85114 0.583635
-0.05 -1.43747 0.702317
-0.048 -1.01222 0.794051
-0.046 -0.590517 0.855961
-0.044 -0.186653 0.886318
-0.042 0.186599 0.884635
-0.04 0.518568 0.851717
-0.038 0.801113 0.789645
-0.036 1.02889 0.7017
-0.034 1.19944 0.592239
-0.032 1.31311 0.466507
-0.03 1.3728 0.330414
-0.028 1.38356 0.190276
-0.026 1.35213 0.0525306
-0.024 1.28635 -0.0765528
-0.022 1.19457 -0.19116
-0.02 1.08511 -0.2862
-0.018 0.965716 -0.357542
-0.016 0.843149 -0.402208
-0.014 0.722895 -0.418516
-0.012 0.608968 -0.406154
-0.01 0.503862 -0.3662
-0.008 0.4086 -0.301068
-0.006 0.322881 -0.214392
-0.004 0.245293 -0.110851
-0.002 0.173561 0.00405655
0 0.104826 0.124274
0.002 0.0354983 0.24348
0.004 -0.0371464 0.3554
0.006 -0.115989 0.454096
0.008 -0.203348 0.534262
0.01 -0.300699 0.591473
0.012 -0.408417 0.622399
0.014 -0.525558 0.624966
0.016 -0.649709 0.59845
0.018 -0.776925 0.543519
0.02 -0.901777 0.462195
0.022 -1.01753 0.357762
0.024 -1.11645 0.234613
0.026 -1.1902 0.0980437
0.028 -1.23037 -0.0459925
0.03 -1.22906 -0.191156
0.032 -1.17942 -0.331008
0.034 -1.07627 -0.459305
0.036 -0.916569 -0.570269
0.038 -0.699813 -0.658845
0.04 -0.428287 -0.720915
0.042 -0.107157 -0.753467
0.044 0.255612 -0.754714
0.046 0.649521 -0.724153
0.048 1.06196 -0.662561
0.05 1.47876 -0.571943
0.052 1.88493 -0.455415
0.054 2.26534 -0.317045
0.056 2.60558 -0.16165
0.058 2.89268 0.00543026
0.06 3.11585 0.178583
0.062 3.26707 0.352173
0.064 3.34153 0.520785
0.066 3.33793 0.679453
0.068 3.25857 0.823852
0.07 3.10921 0.950457
0.072 2.89881 1.05666
0.074 2.63907 1.14081
0.076 2.34375 1.20228
0.078 2.02805 1.24135
0.08 1.70776 1.2592
0.082 1.39846 1.25774
0.084 1.11475 1.23947
0.086 0.869517 1.20729
0.088 0.673257 1.16432
0.09 0.533581 1.1137
0.092 0.454819 1.05839
0.094 0.437791 1.00104
0.096 0.479748 0.943785
0.098 0.57448 0.888201
0.1 0.712585 0.835192
0.102 0.881893 0.784986
0.104 1.06803 0.737144
0.106 1.25507 0.69062
0.108 1.42632 0.643861
0.11 1.56512 0.594933
0.112 1.65564 0.541679
0.114 1.68375 0.481882
0.116 1.6377 0.413449
0.118 1.50884 0.334577
0.12 1.29212 0.243912
0.122 0.986491 0.140684
0.124 0.595103 0.0248135
0.126 0.125322 -0.103027
0.128 -0.411446 -0.241382
0.13 -1.00013 -0.388039
0.132 -1.62253 -0.540079
0.134 -2.25806 -0.693988
0.136 -2.88455 -0.845791
0.138 -3.4792 -0.991217
0.14 -4.01956 -1.12589
0.142 -4.48451 -1.24552
0.144 -4.85519 -1.34612
0.146 -5.11591 -1.42418
0.148 -5.25486 -1.47685
0.15 -5.26469 -1.50211
0.152 -5.14291 -1.49881
0.154 -4.89207 -1.46684
0.156 -4.51972 -1.40708
0.158 -4.03816 -1.32142
0.16 -3.46397 -1.21268
0.162 -2.81733 -1.0845
0.164 -2.12125 -0.941199
0.166 -1.40056 -0.78761
0.168 -0.680869 -0.628854
0.17 0.0124612 -0.470143
0.172 0.655444 -0.316557
0.174 1.22646 -0.172833
0.176 1.70717 -0.0431697
0.178 2.0833 0.0689391
0.18 2.34517 0.160843
0.182 2.48815 0.230831
0.184 2.51272 0.27818
0.186 2.42444 0.303167
0.188 2.23361 0.307022
0.19 1.95474 0.29185
0.192 1.60582 0.260508
0.194 1.20747 0.216445
0.196 0.781931 0.163527
0.198 0.352009 0.105837
0.2 -0.0599595 0.0474782
0.202 -0.433155 -0.00763118
0.204 -0.749206 -0.0559368
0.206 -0.992996 -0.0944123
0.208 -1.15331 -0.120691
0.21 -1.22326 -0.133163
0.212 -1.20056 -0.131029
0.214 -1.08746 -0.114312
0.216 -0.89059 -0.0838356
0.218 -0.620528 -0.041148
0.22 -0.291184 0.0115778
0.222 0.080936 0.071678
0.224 0.477592 0.136154
0.226 0.879734 0.201841
0.228 1.26844 0.265581
0.23 1.62584 0.324391
0.232 1.93595 0.375621
0.234 2.18539 0.417083
0.236 2.36401 0.447162
0.238 2.46526 0.464888
0.24 2.48644 0.469967
0.242 2.42876 0.462788
0.244 2.29712 0.444379
0.246 2.09981 0.416338
0.248 1.84802 0.380725
0.25 1.55518 0.339943
0.252 1.23626 0.296587
0.254 0.906943 0.253292
0.256 0.582848 0.21258
0.258 0.278712 0.176713
0.26 0.00766665 0.147555
0.262 -0.219409 0.12647
0.264 -0.394402 0.114233
0.266 -0.512342 0.110983
0.268 -0.571599 0.11621
0.27 -0.573923 0.128774
0.272 -0.524302 0.146966
0.274 -0.430657 0.1686
0.276 -0.303387 0.191124
0.278 -0.154794 0.211772
0.28 0.00159693 0.227714
0.282 0.151769 0.236218
0.284 0.281978 0.234817
0.286 0.379504 0.221456
0.288 0.433342 0.194625
0.29 0.434822 0.153469
0.292 0.378098 0.0978585
0.294 0.260505 0.0284327
0.296 0.0827539 -0.0534039
0.298 -0.15105 -0.145519
0.3 -0.433549 -0.245132
0.302 -0.75445 -0.348925
0.304 -1.10098 -0.453184
0.306 -1.45849 -0.553964
0.308 -1.81112 -0.64727
0.31 -2.14259 -0.729237
0.312 -2.43692 -0.796315
0.314 -2.67928 -0.845437
0.316 -2.85665 -0.87417
0.318 -2.9585 -0.880831
0.32 -2.97729 -0.864578
0.322 -2.90889 -0.825457
0.324 -2.75277 -0.76441
0.326 -2.51211 -0.683244
0.328 -2.19363 -0.584555
0.33 -1.80735 -0.471624
0.332 -1.36616 -0.348275
0.334 -0.885198 -0.218711
0.336 -0.38126 -0.0873352
0.338 0.128002 0.0414379
0.34 0.624838 0.163371
0.342 1.09218 0.274579
0.344 1.51438 0.371694
0.346 1.87788 0.451998
0.348 2.17176 0.513523
0.35 2.38821 0.555128
0.352 2.52274 0.576518
0.354 2.57437 0.578242
0.356 2.54554 0.561642
0.358 2.44194 0.528765
0.36 2.27211 0.482254
0.362 2.04702 0.4252
0.364 1.77945 0.360988
0.366 1.48334 0.293126
0.368 1.1731 0.225074
0.37 0.862921 0.160079
0.372 0.56611 0.101024
0.374 0.294467 0.0503026
0.376 0.057789 0.0097155
0.378 -0.13654 -0.0195976
0.38 -0.28381 -0.0371911
0.382 -0.382114 -0.0433105
0.384 -0.432323 -0.0388539
0.386 -0.437924 -0.0253002
0.388 -0.404721 -0.0046074
0.39 -0.340433 0.0209113
0.392 -0.254184 0.0487295
0.394 -0.155947 0.0762583
0.396 -0.0559431 0.100998
0.398 0.0359572 0.120686
0.4 0.110803 0.133422
0.402 0.16107 0.137786
0.404 0.181089 0.132917
0.406 0.167358 0.118563
0.408 0.118731 0.0951041
0.41 0.0364824 0.0635351
0.412 -0.075778 0.0254132
0.414 -0.212312 -0.0172216
0.416 -0.365586 -0.0619547
0.418 -0.5267 -0.106126
0.42 -0.685904 -0.146976
0.422 -0.833154 -0.181794
0.424 -0.958698 -0.208071
0.426 -1.05364 -0.223642
0.428 -1.11049 -0.226814
0.43 -1.12358 -0.216466
0.432 -1.08945 -0.192135
0.434 -1.00712 -0.154052
0.436 -0.878141 -0.103159
0.438 -0.706627 -0.0410823
0.44 -0.499076 0.0299272
0.442 -0.264089 0.107083
0.444 -0.0119702 0.187182
0.446 0.245765 0.266747
0.448 0.496954 0.34218
0.45 0.729384 0.409928
0.452 0.931414 0.466646
0.454 1.09256 0.509354
0.456 1.20402 0.535577
0.458 1.25919 0.543466
0.46 1.25397 0.531884
0.462 1.18701 0.500468
0.464 1.05987 0.44965
0.466 0.876929 0.380642
0.468 0.645267 0.295392
0.47 0.374328 0.196494
0.472 0.0755249 0.0870824
0.474 -0.238283 -0.0293079
0.476 -0.553379 -0.148893
0.478 -0.855824 -0.267805
0.48 -1.13211 -0.382253
0.482 -1.36979 -0.488687
0.484 -1.55809 -0.583945
0.486 -1.68838 -0.665371
0.488 -1.75466 -0.730926
0.49 -1.75377 -0.779248
0.492 -1.68563 -0.809694
0.494 -1.5532 -0.822339
0.496 -1.36237 -0.817947
0.498 -1.1217 -0.797903
0.4 0.00364348 0.0114312
0.8 0.00377298 0.0115061
1.2 0.00398659 0.0116293
1.6 0.00428105 0.0117982
2 0.00465186 0.0120095
2.4 0.00509343 0.0122589
2.8 0.00559914 0.0125415
3.2 0.00616149 0.0128518
3.6 0.00677227 0.0131836
4 0.00742272 0.0135306
4.4 0.00810366 0.0138863
4.8 0.00880573 0.0142442
5.2 0.00951954 0.0145978
5.6 0.0102358 0.0149409
6 0.0109457 0.0152679
6.4 0.0116407 0.0155737
6.8 0.0123131 0.0158537
7.2 0.0129556 0.0161043
7.6 0.0135623 0.0163225
8 0.0141279 0.0165064
8.4 0.014648 0.0166551
8.8 0.0151198 0.0167683
9.2 0.0155409 0.0168471
9.6 0.0159106 0.016893
10 0.0162288 0.0169086
10.4 0.0164966 0.0168974
10.8 0.0167159 0.0168632
11.2 0.0168896 0.0168106
11.6 0.0170211 0.0167446
12 0.0171145 0.0166703
12.4 0.0171743 0.0165932
12.8 0.0172055 0.0165187
13.2 0.017213 0.016452
13.6 0.017202 0.0163983
14 0.0171776 0.0163621
14.4 0.0171446 0.0163476
14.8 0.0171074 0.0163585
15.2 0.0170703 0.0163977
15.6 0.0170369 0.0164675
16 0.0170102 0.0165693
16.4 0.0169927 0.0167039
16.8 0.0169862 0.0168711
17.2 0.0169918 0.0170703
17.6 0.0170101 0.0172997
18 0.017041 0.0175572
18.4 0.0170837 0.0178401
18.8 0.0171371 0.018145
19.2 0.0171996 0.0184681
19.6 0.017269 0.0188055
20 0.017343 0.0191528
20.4 0.0174191 0.0195057
20.8 0.0174946 0.0198597
21.2 0.0175669 0.0202108
21.6 0.0176332 0.0205546
22 0.0176913 0.0208874
22.4 0.0177387 0.0212058
22.8 0.0177736 0.0215067
23.2 0.0177943 0.0217874
23.6 0.0177995 0.0220457
24 0.0177883 0.0222801
24.4 0.0177602 0.0224892
24.8 0.0177153 0.0226724
25.2 0.0176537 0.0228294
25.6 0.0175761 0.0229602
26 0.0174834 0.0230652
26.4 0.017377 0.0231451
26.8 0.017258 0.0232007
27.2 0.0171282 0.023233
27.6 0.016989 0.023243
28 0.0168421 0.0232316
28.4 0.0166889 0.0231997
28.8 0.0165308 0.023148
29.2 0.0163689 0.0230769
29.6 0.0162041 0.0229866
30 0.016037 0.022877
30.4 0.0158678 0.0227475
30.8 0.0156964 0.0225975
31.2 0.0155224 0.0224257
31.6 0.0153449 0.0222306
32 0.0151628 0.0220107
32.4 0.0149746 0.0217638
32.8 0.0147786 0.0214878
33.2 0.0145729 0.0211805
33.6 0.0143554 0.0208395
34 0.0141239 0.0204625
34.4 0.0138763 0.0200474
34.8 0.0136107 0.0195921
35.2 0.0133251 0.0190951
35.6 0.0130178 0.0185549
36 0.0126876 0.0179705
36.4 0.0123337 0.0173416
36.8 0.0119554 0.0166682
37.2 0.0115528 0.0159509
37.6 0.0111266 0.015191
38 0.010678 0.0143903
38.4 0.0102085 0.0135512
38.8 0.00972069 0.0126767
39.2 0.00921733 0.0117705
39.6 0.00870188 0.0108366
40 0.00817824 0.00987966
40.4 0.00765078 0.00890454
40.8 0.00712417 0.00791657
41.2 0.0066034 0.00692126
41.6 0.0060936 0.00592432
42 0.00560003 0.00493151
42.4 0.00512788 0.00394858
42.8 0.00468224 0.00298118
43.2 0.00426798 0.00203476
43.6 0.00388963 0.00111454
44 0.00355127 0.000225382
44.4 0.0032565 -0.000628239
44.8 0.0030083 -0.00144229
45.2 0.00280898 -0.00221324
45.6 0.00266016 -0.00293806
46 0.00256266 -0.00361427
46.4 0.00251654 -0.00423993
46.8 0.00252104 -0.00481365
47.2 0.0025746 -0.00533456
47.6 0.00267492 -0.0058023
48 0.00281893 -0.00621701
48.4 0.00300287 -0.00657923
48.8 0.00322237 -0.00688994
49.2 0.00347248 -0.00715044
49.6 0.00374781 -0.00736235
50 0.00404258 -0.00752754
50.4 0.00435072 -0.00764811
50.8 0.004666 -0.00772627
51.2 0.00498209 -0.00776441
51.6 0.00529271 -0.00776495
52 0.0055917 -0.00773039
52.4 0.00587311 -0.00766323
52.8 0.00613132 -0.00756597
53.2 0.00636107 -0.00744108
53.6 0.00655761 -0.00729101
54 0.00671667 -0.00711815
54.4 0.00683458 -0.00692488
54.8 0.00690826 -0.00671349
55.2 0.00693529 -0.00648627
55.6 0.00691389 -0.00624545
56 0.00684293 -0.00599323
56.4 0.00672193 -0.00573179
56.8 0.00655105 -0.00546329
57.2 0.00633102 -0.00518986
57.6 0.00606315 -0.00491358
58 0.00574928 -0.00463654
58.4 0.00539172 -0.00436074
58.8 0.00499318 -0.00408815
59.2 0.00455676 -0.00382063
59.6 0.00408588 -0.00355996
60 0.00358419 -0.00330776
60.4 0.00305557 -0.00306552
60.8 0.00250406 -0.0028345
61.2 0.0019338 -0.00261576
61.6 0.00134901 -0.0024101
62 0.000753924 -0.00221802
62.4 0.000152797 -0.00203972
62.8 -0.000450153 -0.00187508
63.2 -0.00105075 -0.00172362
63.6 -0.00164489 -0.00158449
64 -0.00222855 -0.00145654
64.4 -0.00279777 -0.00133823
64.8 -0.00334869 -0.00122772
65.2 -0.00387758 -0.00112289
65.6 -0.00438075 -0.00102136
66 -0.00485464 -0.000920529
66.4 -0.0052958 -0.000817685
66.8 -0.00570085 -0.000710019
67.2 -0.00606656 -0.000594718
67.6 -0.00638979 -0.000469041
68 -0.00666754 -0.000330392
68.4 -0.00689696 -0.000176408
68.8 -0.00707536 -5.0299e-06
69.2 -0.00720023 0.000185416
69.6 -0.00726929 0.000396153
70 -0.00728051 0.000627888
70.4 -0.00723213 0.000880764
70.8 -0.00712272 0.00115432
71.2 -0.00695119 0.00144746
71.6 -0.00671686 0.00175845
72 -0.00641948 0.00208491
72.4 -0.00605927 0.00242385
72.8 -0.00563695 0.0027717
73.2 -0.00515378 0.00312437
73.6 -0.00461159 0.00347729
74 -0.00401278 0.00382553
74.4 -0.00336034 0.0041639
74.8 -0.00265788 0.004487
75.2 -0.00190956 0.00478942
75.6 -0.00112017 0.00506577
76 -0.000295031 0.00531088
76.4 0.000560013 0.00551989
76.8 0.00143863 0.00568835
77.2 0.00233405 0.0058124
77.6 0.00323916 0.00588879
78 0.00414652 0.00591505
78.4 0.00504849 0.00588951
78.8 0.00593728 0.00581141
79.2 0.00680505 0.0056809
79.6 0.00764402 0.0054991
80 0.00844653 0.00526806
80.4 0.00920516 0.00499079
80.8 0.00991283 0.00467116
81.2 0.0105629 0.0043139
81.6 0.0111491 0.00392445
82 0.011666 0.00350893
82.4 0.0121086 0.00307395
82.8 0.0124727 0.00262655
83.2 0.0127551 0.00217399
83.6 0.012953 0.00172367
84 0.013065 0.00128294
84.4 0.0130901 0.000858926
84.8 0.0130285 0.000458442
85.2 0.0128813 8.78011e-05
85.6 0.0126503 -0.000247299
86 0.0123383 -0.000541894
86.4 0.0119488 -0.000791858
86.8 0.0114863 -0.000993983
87.2 0.0109558 -0.00114604
87.6 0.010363 -0.00124682
88 0.009714 -0.00129616
88.4 0.00901564 -0.0012949
88.8 0.00827495 -0.0012449
89.2 0.00749932 -0.00114896
89.6 0.00669627 -0.00101075
90 0.00587346 -0.000834695
90.4 0.0050385 -0.000625914
90.8 0.00419893 -0.000390042
91.2 0.00336207 -0.000133123
91.6 0.00253497 0.000138546
92 0.00172433 0.000418562
92.4 0.00093641 0.000700565
92.8 0.000176975 0.000978385
93.2 -0.000548753 0.00124618
93.6 -0.00123615 0.00149859
94 -0.00188122 0.00173081
94.4 -0.00248062 0.00193873
94.8 -0.00303168 0.00211901
95.2 -0.0035324 0.00226915
95.6 -0.00398144 0.00238751
96 -0.00437813 0.00247337
96.4 -0.00472243 0.00252689
96.8 -0.00501488 0.00254913
97.2 -0.0052566 0.00254196
97.6 -0.00544923 0.00250804
98 -0.00559485 0.00245071
98.4 -0.00569599 0.00237392
98.8 -0.00575548 0.00228207
99.2 -0.00577651 0.00217995
99.6 -0.00576244 0.00207259
100 -0.00571683 0.0019651
100.4 -0.00564336 0.00186259
100.8 -0.00554573 0.00176998
101.2 -0.00542765 0.00169195
101.6 -0.00529276 0.00163274
102 -0.0051446 0.00159612
102.4 -0.00498655 0.00158526
102.8 -0.00482178 0.00160265
103.2 -0.00465326 0.00165008
103.6 -0.00448366 0.00172855
104 -0.0043154 0.0018383
104.4 -0.00415058 0.00197877
104.8 -0.00399101 0.00214863
105.2 -0.00383816 0.00234583
105.6 -0.0036932 0.00256764
106 -0.00355699 0.00281069
106.4 -0.00343008 0.0030711
106.8 -0.00331273 0.00334456
107.2 -0.00320496 0.00362639
107.6 -0.00310653 0.0039117
108 -0.00301698 0.00419547
108.4 -0.00293565 0.00447267
108.8 -0.00286176 0.00473834
109.2 -0.00279436 0.00498777
109.6 -0.00273242 0.00521651
110 -0.00267484 0.00542052
110.4 -0.00262048 0.00559622
110.8 -0.00256821 0.00574054
111.2 -0.00251689 0.00585104
111.6 -0.00246545 0.00592588
112 -0.0024129 0.00596385
112.4 -0.0023583 0.00596444
112.8 -0.00230087 0.00592775
113.2 -0.00223992 0.00585454
113.6 -0.00217489 0.00574614
114 -0.00210538 0.00560447
114.4 -0.00203113 0.00543193
114.8 -0.00195201 0.00523134
115.2 -0.00186806 0.00500592
115.6 -0.00177944 0.00475915
116 -0.00168645 0.00449474
116.4 -0.00158949 0.00421652
116.8 -0.00148908 0.00392837
117.2 -0.00138582 0.00363415
117.6 -0.00128041 0.00333763
118 -0.00117358 0.00304239
118.4 -0.0010661 0.00275182
118.8 -0.000958778 0.002469
119.2 -0.000852404 0.00219671
119.6 -0.000747768 0.00193735
120 -0.00064562 0.00169298
120.4 -0.000546669 0.00146522
120.8 -0.00045156 0.00125532
121.2 -0.000360868 0.00106413
121.6 -0.000275086 0.000892089
122 -0.000194619 0.000739302
122.4 -0.000119777 0.000605519
122.8 -5.07731e-05 0.000490184
123.2 1.22744e-05 0.000392471
123.6 6.93439e-05 0.000311323
124 0.000120504 0.000245493
124.4 0.000165909 0.000193591
124.8 0.000205789 0.000154123
125.2 0.000240442 0.000125532
125.6 0.000270223 0.000106244
126 0.000295533 9.47008e-05
126.4 0.000316804 8.93918e-05
126.8 0.000334489 8.88875e-05
127.2 0.00034905 9.18614e-05
127.6 0.000360942 9.71108e-05
128 0.000370608 0.000103571
128.4 0.00037846 0.000110328
128.8 0.000384876 0.000116617
129.2 0.000390189 0.000121832
129.6 0.000394682 0.000125517
130 0.00039858 0.000127357
130.4 0.000402053 0.000127175
130.8 0.000405207 0.000124912
131.2 0.00040809 0.000120617
131.6 0.000410694 0.000114427
132 0.000412955 0.000106554
132.4 0.000414765 9.72649e-05
132.8 0.00041597 8.68654e-05
133.2 0.000416387 7.56847e-05
133.6 0.000415804 6.40597e-05
134 0.000413997 5.23217e-05
134.4 0.000410735 4.07849e-05
134.8 0.000405789 2.97362e-05
135.2 0.000398946 1.94279e-05
135.6 0.000390012 1.0072e-05
136 0.000378825 1.83637e-06
136.4 0.00036526 -5.15692e-06
136.8 0.000349236 -1.08313e-05
137.2 0.000330718 -1.51539e-05
137.6 0.000309727 -1.8133e-05
138 0.000286334 -1.98132e-05
138.4 0.000260667 -2.02706e-05
138.8 0.000232905 -1.96074e-05
139.2 0.000203278 -1.79457e-05
139.6 0.000172063 -1.54215e-05
140 0.00013958 -1.21788e-05
140.4 0.00010618 -8.36418e-06
140.8 7.22451e-05 -4.12192e-06
141.2 3.81763e-05 4.1065e-07
141.6 4.38536e-06 5.10651e-06
142 -2.87136e-05 9.85182e-06
142.4 -6.07128e-05 1.45479e-05
142.8 -9.12199e-05 1.91122e-05
143.2 -0.000119866 2.3479e-05
143.6 -0.000146314 2.75987e-05
144 -0.000170265 3.14374e-05
144.4 -0.000191463 3.49746e-05
144.8 -0.000209703 3.82024e-05
145.2 -0.000224832 4.11225e-05
145.6 -0.000236753 4.37444e-05
146 -0.000245425 4.60831e-05
146.4 -0.000250863 4.81567e-05
146.8 -0.000253136 4.99843e-05
147.2 -0.000252367 5.15845e-05
147.6 -0.000248727 5.29739e-05
148 -0.000242429 5.41655e-05
148.4 -0.000233726 5.51687e-05
148.8 -0.000222901 5.59881e-05
149.2 -0.000210264 5.66245e-05
149.6 -0.000196139 5.70742e-05
150 -0.000180864 5.73305e-05
150.4 -0.000164776 5.73841e-05
150.8 -0.000148212 5.72245e-05
151.2 -0.000131495 5.6841e-05
151.6 -0.000114931 5.62239e-05
152 -9.88031e-05 5.53657e-05
152.4 -8.33678e-05 5.42626e-05
152.8 -6.88488e-05 5.29151e-05
153.2 -5.54351e-05 5.13286e-05
153.6 -4.3279e-05 4.95146e-05
154 -3.24944e-05 4.74904e-05
154.4 -2.31572e-05 4.52795e-05
154.8 -1.53053e-05 4.2911e-05
155.2 -8.94065e-06 4.04194e-05
155.6 -4.03135e-06 3.78437e-05
156 -5.146e-07 3.52265e-05
156.4 1.69973e-06 3.26127e-05
156.8 2.72515e-06 3.00484e-05
157.2 2.6942e-06 2.75796e-05
157.6 1.75406e-06 2.52506e-05
158 6.19012e-08 2.31029e-05
158.4 -2.21956e-06 2.1174e-05
158.8 -4.92642e-06 1.94959e-05
159.2 -7.89766e-06 1.80947e-05
159.6 -1.09789e-05 1.69895e-05
160 -1.40255e-05 1.61918e-05
160.4 -1.69058e-05 1.57055e-05
160.8 -1.95029e-05 1.55269e-05
161.2 -2.17165e-05 1.56446e-05
161.6 -2.34644e-05 1.60402e-05
162 -2.46827e-05 1.6689e-05
162.4 -2.53259e-05 1.75606e-05
162.8 -2.5367e-05 1.86202e-05
163.2 -2.47957e-05 1.98296e-05
163.6 -2.36181e-05 2.11486e-05
164 -2.18545e-05 2.25356e-05
164.4 -1.95377e-05 2.39499e-05
164.8 -1.67114e-05 2.53517e-05
165.2 -1.34274e-05 2.6704e-05
165.6 -9.74378e-06 2.79734e-05
166 -5.72301e-06 2.91305e-05
166.4 -1.42948e-06 3.01512e-05
166.8 3.07216e-06 3.10164e-05
167.2 7.71878e-06 3.1713e-05
167.6 1.24502e-05 3.22333e-05
168 1.72106e-05 3.25753e-05
168.4 2.19492e-05 3.27421e-05
168.8 2.66211e-05 3.2742e-05
169.2 3.1188e-05 3.25869e-05
169.6 3.56178e-05 3.22926e-05
170 3.9885e-05 3.18774e-05
170.4 4.397e-05 3.13616e-05
170.8 4.78592e-05 3.07664e-05
171.2 5.15437e-05 3.01134e-05
171.6 5.5019e-05 2.94234e-05
172 5.82843e-05 2.8716e-05
172.4 6.13412e-05 2.80091e-05
172.8 6.4193e-05 2.73179e-05
173.2 6.6844e-05 2.66551e-05
173.6 6.92989e-05 2.60302e-05
174 7.15617e-05 2.54496e-05
174.4 7.36352e-05 2.49166e-05
174.8 7.5521e-05 2.44314e-05
175.2 7.72186e-05 2.39915e-05
175.6 7.87256e-05 2.3592e-05
176 8.00376e-05 2.32259e-05
176.4 8.11479e-05 2.28847e-05
176.8 8.20483e-05 2.25586e-05
177.2 8.2729e-05 2.22376e-05
177.6 8.31793e-05 2.19113e-05
178 8.33874e-05 2.15699e-05
178.4 8.33418e-05 2.12045e-05
178.8 8.30312e-05 2.08074e-05
179.2 8.24453e-05 2.03722e-05
179.6 8.15753e-05 1.98946e-05
180 8.04142e-05 1.93719e-05
180.4 7.89575e-05 1.88036e-05
180.8 7.72034e-05 1.81909e-05
181.2 7.51534e-05 1.75369e-05
181.6 7.28121e-05 1.68465e-05
182 7.01875e-05 1.61258e-05
182.4 6.72912e-05 1.5382e-05
182.8 6.41382e-05 1.46234e-05
183.2 6.07468e-05 1.38585e-05
183.6 5.71384e-05 1.30962e-05
184 5.33373e-05 1.23451e-05
184.4 4.937e-05 1.16133e-05
184.8 4.52654e-05 1.09083e-05
185.2 4.1054e-05 1.02367e-05
185.6 3.67673e-05 9.60375e-06
186 3.24378e-05 9.01371e-06
186.4 2.80981e-05 8.46943e-06
186.8 2.37807e-05 7.97246e-06
187.2 1.95173e-05 7.52314e-06
187.6 1.53386e-05 7.12061e-06
188 1.1274e-05 6.76304e-06
188.4 7.35088e-06 6.44771e-06
188.8 3.5945e-06 6.17129e-06
189.2 2.78373e-08 5.92998e-06
189.6 -3.32878e-06 5.71977e-06
190 -6.45777e-06 5.53662e-06
190.4 -9.34447e-06 5.37667e-06
190.8 -1.19772e-05 5.23641e-06
191.2 -1.43471e-05 5.1128e-06
191.6 -1.64486e-05 5.0034e-06
192 -1.8279e-05 4.90641e-06
192.4 -1.98382e-05 4.82073e-06
192.8 -2.11292e-05 4.74591e-06
193.2 -2.21575e-05 4.68212e-06
193.6 -2.29311e-05 4.63007e-06
194 -2.34603e-05 4.59089e-06
194.4 -2.37574e-05 4.566e-06
194.8 -2.38367e-05 4.55693e-06
195.2 -2.37142e-05 4.56523e-06
195.6 -2.34071e-05 4.59222e-06
196 -2.2934e-05 4.63895e-06
196.4 -2.23142e-05 4.70596e-06
196.8 -2.15676e-05 4.79324e-06
197.2 -2.07148e-05 4.90014e-06
197.6 -1.97759e-05 5.02527e-06
198 -1.87714e-05 5.16654e-06
198.4 -1.77209e-05 5.32114e-06
198.8 -1.66435e-05 5.4856e-06
199.2 -1.55573e-05 5.65587e-06
199.6 -1.44791e-05 5.82744e-06
200 -1.34243e-05 5.99545e-06
200.4 -1.24069e-05 6.1549e-06
200.8 -1.14389e-05 6.30074e-06
201.2 -1.05304e-05 6.42811e-06
201.6 -9.68963e-06 6.53246e-06
202 -8.9227e-06 6.60976e-06
202.4 -8.23362e-06 6.65659e-06
202.8 -7.62438e-06 6.67031e-06
203.2 -7.09495e-06 6.64913e-06
203.6 -6.64338e-06 6.59222e-06
204 -6.26599e-06 6.49967e-06
204.4 -5.9575e-06 6.37257e-06
204.8 -5.71122e-06 6.21292e-06
205.2 -5.51932e-06 6.0236e-06
205.6 -5.37309e-06 5.80824e-06
206 -5.26315e-06 5.57113e-06
206.4 -5.17978e-06 5.31704e-06
206.8 -5.11318e-06 5.05109e-06
207.2 -5.05375e-06 4.77855e-06
207.6 -4.99231e-06 4.50468e-06
208 -4.9204e-06 4.23456e-06
208.4 -4.83044e-06 3.97291e-06
208.8 -4.71596e-06 3.72397e-06
209.2 -4.57167e-06 3.49134e-06
209.6 -4.39364e-06 3.27792e-06
210 -4.17931e-06 3.08578e-06
210.4 -3.92753e-06 2.91618e-06
210.8 -3.63852e-06 2.7695e-06
211.2 -3.3138e-06 2.64533e-06
211.6 -2.95611e-06 2.54242e-06
212 -2.56923e-06 2.45888e-06
212.4 -2.15781e-06 2.39216e-06
212.8 -1.7272e-06 2.33926e-06
213.2 -1.28323e-06 2.29683e-06
213.6 -8.31976e-07 2.26129e-06
214 -3.79537e-07 2.22905e-06
214.4 6.81698e-08 2.19657e-06
214.8 5.05622e-07 2.16054e-06
215.2 9.27878e-07 2.11801e-06
215.6 1.33073e-06 2.06649e-06
216 1.71084e-06 2.00402e-06
216.4 2.06584e-06 1.92923e-06
216.8 2.39435e-06 1.84142e-06
217.2 2.69605e-06 1.74052e-06
217.6 2.97164e-06 1.6271e-06
218 3.22275e-06 1.50231e-06
218.4 3.45189e-06 1.36786e-06
218.8 3.66232e-06 1.22586e-06
219.2 3.85787e-06 1.07884e-06
219.6 4.04281e-06 9.29505e-07
220 4.22164e-06 7.8074e-07
220.4 4.39891e-06 6.35421e-07
220.8 4.57904e-06 4.9633e-07
221.2 4.76612e-06 3.66041e-07
221.6 4.96373e-06 2.4683e-07
222 5.17483e-06 1.40591e-07
222.4 5.40161e-06 4.87779e-08
222.8 5.64538e-06 -2.76407e-08
223.2 5.90653e-06 -8.82021e-08
223.6 6.1845e-06 -1.3295e-07
224 6.47778e-06 -1.62416e-07
224.4 6.78393e-06 -1.77577e-07
224.8 7.0997e-06 -1.79804e-07
225.2 7.4211e-06 -1.70788e-07
225.6 7.74354e-06 -1.52463e-07
226 8.06199e-06 -1.26914e-07
226.4 8.37113e-06 -9.62891e-08
226.8 8.66556e-06 -6.27072e-08
227.2 8.93995e-06 -2.8172e-08
227.6 9.18925e-06 5.5061e-09
228 9.40882e-06 3.67775e-08
228.4 9.59463e-06 6.44071e-08
228.8 9.74338e-06 8.75124e-08
229.2 9.85259e-06 1.05585e-07
229.6 9.92072e-06 1.18494e-07
230 9.94719e-06 1.26475e-07
230.4 9.93242e-06 1.30098e-07
230.8 9.8778e-06 1.30228e-07
231.2 9.78567e-06 1.27964e-07
231.6 9.65921e-06 1.24576e-07
232 9.50238e-06 1.21436e-07
232.4 9.31976e-06 1.19936e-07
232.8 9.11645e-06 1.21417e-07
233.2 8.89785e-06 1.27097e-07
233.6 8.66956e-06 1.38002e-07
234 8.43718e-06 1.54915e-07
234.4 8.20618e-06 1.78326e-07
234.8 7.98169e-06 2.08403e-07
235.2 7.76843e-06 2.44979e-07
235.6 7.57054e-06 2.87545e-07
236 7.39151e-06 3.3527e-07
236.4 7.2341e-06 3.87025e-07
236.8 7.10029e-06 4.41431e-07
237.2 6.99127e-06 4.96909e-07
237.6 6.90744e-06 5.51746e-07
238 6.84846e-06 6.04161e-07
238.4 6.8133e-06 6.52383e-07
238.8 6.80033e-06 6.94721e-07
239.2 6.8074e-06 7.29637e-07
239.6 6.83197e-06 7.55811e-07
240 6.87125e-06 7.72196e-07
240.4 6.92227e-06 7.78069e-07
240.8 6.98208e-06 7.7306e-07
241.2 7.04781e-06 7.57174e-07
241.6 7.11681e-06 7.30796e-07
242 7.18673e-06 6.94679e-07
242.4 7.25563e-06 6.49922e-07
242.8 7.32201e-06 5.97927e-07
243.2 7.38487e-06 5.40355e-07
243.6 7.44372e-06 4.79056e-07
244 7.49857e-06 4.16011e-07
244.4 7.54993e-06 3.5325e-07
244.8 7.59872e-06 2.92781e-07
245.2 7.64624e-06 2.36512e-07
245.6 7.6941e-06 1.86187e-07
246 7.74409e-06 1.43312e-07
246.4 7.79811e-06 1.09109e-07
246.8 7.85808e-06 8.44675e-08
247.2 7.92579e-06 6.99127e-08
247.6 8.00288e-06 6.55918e-08
248 8.09067e-06 7.12695e-08
248.4 8.19014e-06 8.63407e-08
248.8 8.30186e-06 1.09856e-07
249.2 8.42591e-06 1.40564e-07
249.6 8.5619e-06 1.76955e-07
250 8.70892e-06 2.17331e-07
250.4 8.8656e-06 2.59861e-07
250.8 9.03009e-06 3.02662e-07
251.2 9.20014e-06 3.43865e-07
251.6 9.37314e-06 3.8169e-07
252 9.54624e-06 4.14512e-07
252.4 9.71638e-06 4.4092e-07
252.8 9.88041e-06 4.59771e-07
253.2 1.00352e-05 4.70232e-07
253.6 1.01778e-05 4.71805e-07
254 1.03053e-05 4.64346e-07
254.4 1.04152e-05 4.48063e-07
254.8 1.05053e-05 4.23511e-07
255.2 1.05739e-05 3.9156e-07
255.6 1.06197e-05 3.5336e-07
256 1.0642e-05 3.103e-07
256.4 1.06404e-05 2.63943e-07
256.8 1.06154e-05 2.15973e-07
257.2 1.05676e-05 1.68122e-07
257.6 1.04984e-05 1.22112e-07
258 1.04094e-05 7.95827e-08
258.4 1.03027e-05 4.2033e-08
258.8 1.01806e-05 1.07675e-08
259.2 1.00456e-05 -1.3152e-08
259.6 9.90038e-06 -2.89424e-08
260 9.74767e-06 -3.61246e-08
260.4 9.59011e-06 -3.45372e-08
260.8 9.43026e-06 -2.43374e-08
261.2 9.27047e-06 -5.98957e-09
261.6 9.11286e-06 1.97577e-08
262 8.95924e-06 5.19051e-08
262.4 8.81109e-06 8.92449e-08
262.8 8.66954e-06 1.30411e-07
263.2 8.53534e-06 1.73935e-07
263.6 8.4089e-06 2.18301e-07
264 8.29029e-06 2.6201e-07
264.4 8.17926e-06 3.03631e-07
264.8 8.07531e-06 3.4186e-07
265.2 7.97771e-06 3.75562e-07
265.6 7.88557e-06 4.03813e-07
266 7.79789e-06 4.25934e-07
266.4 7.71366e-06 4.41506e-07
266.8 7.63186e-06 4.50382e-07
267.2 7.55155e-06 4.52687e-07
267.6 7.47191e-06 4.48804e-07
268 7.39229e-06 4.39352e-07
268.4 7.31225e-06 4.25156e-07
268.8 7.23154e-06 4.07207e-07
269.2 7.15019e-06 3.86616e-07
269.6 7.06841e-06 3.64568e-07
270 6.98669e-06 3.42267e-07
270.4 6.90569e-06 3.20888e-07
270.8 6.82624e-06 3.01527e-07
271.2 6.74934e-06 2.85154e-07
271.6 6.67605e-06 2.72579e-07
272 6.60749e-06 2.64412e-07
272.4 6.5448e-06 2.61048e-07
272.8 6.48902e-06 2.62647e-07
273.2 6.44113e-06 2.69133e-07
273.6 6.40196e-06 2.80196e-07
274 6.37214e-06 2.95311e-07
274.4 6.35211e-06 3.13758e-07
274.8 6.34207e-06 3.34659e-07
275.2 6.34196e-06 3.57007e-07
275.6 6.35149e-06 3.79718e-07
276 6.37011e-06 4.01671e-07
276.4 6.39704e-06 4.21755e-07
276.8 6.4313e-06 4.38917e-07
277.2 6.47175e-06 4.52205e-07
277.6 6.51708e-06 4.60807e-07
278 6.56591e-06 4.6408e-07
278.4 6.61681e-06 4.61585e-07
278.8 6.66835e-06 4.53094e-07
279.2 6.71913e-06 4.38608e-07
279.6 6.76785e-06 4.18354e-07
280 6.81335e-06 3.92772e-07
280.4 6.8546e-06 3.62504e-07
280.8 6.89079e-06 3.28364e-07
281.2 6.92131e-06 2.9131e-07
281.6 6.94576e-06 2.52403e-07
282 6.96398e-06 2.12764e-07
282.4 6.97601e-06 1.73539e-07
282.8 6.98211e-06 1.35845e-07
283.2 6.98272e-06 1.00734e-07
283.6 6.97843e-06 6.91514e-08
284 6.96994e-06 4.19008e-08
284.4 6.95806e-06 1.96144e-08
284.8 6.94363e-06 2.73155e-09
285.2 6.92749e-06 -8.5163e-09
285.6 6.91047e-06 -1.41115e-08
286 6.89331e-06 -1.42482e-08
286.4 6.87665e-06 -9.32177e-09
286.8 6.86102e-06 8.95858e-11
287.2 6.84677e-06 1.32498e-08
287.6 6.83413e-06 2.92963e-08
288 6.82311e-06 4.72755e-08
288.4 6.81359e-06 6.61821e-08
288.8 6.80528e-06 8.4999e-08
289.2 6.79773e-06 1.02738e-07
289.6 6.79038e-06 1.1848e-07
290 6.78259e-06 1.31407e-07
290.4 6.77361e-06 1.40837e-07
290.8 6.76272e-06 1.46248e-07
291.2 6.74914e-06 1.47296e-07
291.6 6.73219e-06 1.43828e-07
292 6.71121e-06 1.35884e-07
292.4 6.68569e-06 1.23694e-07
292.8 6.65521e-06 1.07666e-07
293.2 6.61953e-06 8.83694e-08
293.6 6.57856e-06 6.65059e-08
294 6.53239e-06 4.28843e-08
294.4 6.4813e-06 1.83843e-08
294.8 6.42572e-06 -6.07903e-09
295.2 6.36624e-06 -2.95925e-08
295.6 6.3036e-06 -5.12817e-08
296 6.23866e-06 -7.03454e-08
296.4 6.17236e-06 -8.60877e-08
296.8 6.10567e-06 -9.79443e-08
297.2 6.03963e-06 -1.05505e-07
297.6 5.97521e-06 -1.08527e-07
298 5.91337e-06 -1.06945e-07
298.4 5.85497e-06 -1.00873e-07
298.8 5.80075e-06 -9.05939e-08
299.2 5.75132e-06 -7.65519e-08
299.6 5.70713e-06 -5.93301e-08
300 5.66846e-06 -3.96277e-08
300.4 5.63539e-06 -1.82301e-08
300.8 5.60785e-06 4.02253e-09
301.2 5.58555e-06 2.62692e-08
301.6 5.56808e-06 4.76627e-08
302 5.55484e-06 6.74031e-08
302.4 5.54515e-06 8.47689e-08
302.8 5.53821e-06 9.9145e-08
303.2 5.53314e-06 1.10046e-07
303.6 5.52907e-06 1.17135e-07
304 5.52511e-06 1.20235e-07
304.4 5.52039e-06 1.19331e-07
304.8 5.51412e-06 1.14576e-07
305.2 5.50563e-06 1.06277e-07
305.6 5.49433e-06 9.48828e-08
306 5.4798e-06 8.09651e-08
306.4 5.46175e-06 6.51939e-08
306.8 5.44006e-06 4.83092e-08
307.2 5.41478e-06 3.10905e-08
307.6 5.38612e-06 1.43253e-08
308 5.35442e-06 -1.2235e-09
308.4 5.32017e-06 -1.48481e-08
308.8 5.28396e-06 -2.59239e-08
309.2 5.24649e-06 -3.39347e-08
309.6 5.20848e-06 -3.84924e-08
310 5.17071e-06 -3.93526e-08
310.4 5.13395e-06 -3.64232e-08
310.8 5.09894e-06 -2.97677e-08
311.2 5.06636e-06 -1.96016e-08
311.6 5.03679e-06 -6.28376e-09
312 5.01073e-06 9.6994e-09
312.4 4.98855e-06 2.77532e-08
312.8 4.97046e-06 4.71991e-08
313.2 4.95655e-06 6.7302e-08
313.6 4.94676e-06 8.72994e-08
314 4.94088e-06 1.06432e-07
314.4 4.93858e-06 1.23973e-07
314.8 4.9394e-06 1.39258e-07
315.2 4.94278e-06 1.51709e-07
315.6 4.94809e-06 1.60857e-07
316 4.95465e-06 1.66363e-07
316.4 4.96175e-06 1.68025e-07
316.8 4.96868e-06 1.65789e-07
317.2 4.97474e-06 1.59749e-07
317.6 4.97932e-06 1.50143e-07
318 4.98185e-06 1.37342e-07
318.4 4.98187e-06 1.21834e-07
318.8 4.97902e-06 1.04207e-07
319.2 4.97307e-06 8.51219e-08
319.6 4.96389e-06 6.5287e-08
320 4.95151e-06 4.54317e-08
320.4 4.93606e-06 2.62765e-08
320.8 4.91779e-06 8.50549e-09
321.2 4.89705e-06 -7.26026e-09
321.6 4.87427e-06 -2.0486e-08
322 4.84994e-06 -3.07432e-08
322.4 4.82462e-06 -3.77257e-08
322.8 4.79885e-06 -4.12598e-08
323.2 4.77319e-06 -4.13096e-08
323.6 4.74816e-06 -3.79773e-08
324 4.72426e-06 -3.14975e-08
324.4 4.70189e-06 -2.2226e-08
324.8 4.68138e-06 -1.06249e-08
325.2 4.66297e-06 2.75708e-09
325.6 4.6468e-06 1.73074e-08
326 4.63289e-06 3.23746e-08
326.4 4.62117e-06 4.72949e-08
326.8 4.61145e-06 6.14182e-08
327.2 4.60346e-06 7.41347e-08
327.6 4.59687e-06 8.4898e-08
328 4.59124e-06 9.32469e-08
328.4 4.58614e-06 9.88228e-08
328.8 4.58106e-06 1.01383e-07
329.2 4.57554e-06 1.0081e-07
329.6 4.5691e-06 9.71135e-08
330 4.5613e-06 9.04314e-08
330.4 4.55177e-06 8.10211e-08
330.8 4.54021e-06 6.92492e-08
331.2 4.5264e-06 5.55759e-08
331.6 4.51019e-06 4.05361e-08
332 4.49158e-06 2.47169e-08
332.4 4.47062e-06 8.73472e-09
332.8 4.44749e-06 -6.79037e-09
333.2 4.42246e-06 -2.12587e-08
333.6 4.39587e-06 -3.41151e-08
334 4.36813e-06 -4.48703e-08
334.4 4.33972e-06 -5.31202e-08
334.8 4.31115e-06 -5.85609e-08
335.2 4.28293e-06 -6.10006e-08
335.6 4.25558e-06 -6.03658e-08
336 4.22959e-06 -5.67036e-08
336.4 4.20543e-06 -5.0179e-08
336.8 4.18349e-06 -4.10675e-08
337.2 4.16408e-06 -2.97432e-08
337.6 4.14744e-06 -1.66631e-08
338 4.13371e-06 -2.3491e-09
338.4 4.12295e-06 1.2634e-08
338.8 4.1151e-06 2.77006e-08
339.2 4.10999e-06 4.22679e-08
339.6 4.10741e-06 5.57787e-08
340 4.10702e-06 6.77234e-08
340.4 4.10844e-06 7.76596e-08
340.8 4.11122e-06 8.52291e-08
341.2 4.1149e-06 9.01714e-08
341.6 4.11898e-06 9.23333e-08
342 4.12297e-06 9.16737e-08
342.4 4.12641e-06 8.82644e-08
342.8 4.12885e-06 8.22864e-08
343.2 4.12993e-06 7.40217e-08
343.6 4.12931e-06 6.38413e-08
344 4.12677e-06 5.21893e-08
344.4 4.12216e-06 3.95651e-08
344.8 4.1154e-06 2.65029e-08
345.2 4.10651e-06 1.35499e-08
345.6 4.09561e-06 1.24459e-09
346 4.08289e-06 -9.90469e-09
346.4 4.0686e-06 -1.94399e-08
346.8 4.05306e-06 -2.69711e-08
347.2 4.03663e-06 -3.21917e-08
347.6 4.01971e-06 -3.489e-08
348 4.0027e-06 -3.49568e-08
348.4 3.98601e-06 -3.23898e-08
348.8 3.97001e-06 -2.7292e-08
349.2 3.95505e-06 -1.98678e-08
349.6 3.94143e-06 -1.04138e-08
350 3.9294e-06 6.93199e-10
350.4 3.91912e-06 1.30121e-08
350.8 3.91068e-06 2.6055e-08
351.2 3.90411e-06 3.93067e-08
351.6 3.89933e-06 5.22458e-08
352 3.89623e-06 6.43648e-08
352.4 3.89458e-06 7.51901e-08
352.8 3.89414e-06 8.43011e-08
353.2 3.89458e-06 9.13457e-08
353.6 3.89556e-06 9.60541e-08
354 3.89671e-06 9.82489e-08
354.4 3.89765e-06 9.78515e-08
354.8 3.89803e-06 9.48845e-08
355.2 3.89749e-06 8.94701e-08
355.6 3.89574e-06 8.18248e-08
356 3.89251e-06 7.225e-08
356.4 3.88761e-06 6.11197e-08
356.8 3.88091e-06 4.88652e-08
357.2 3.87235e-06 3.5958e-08
357.6 3.86194e-06 2.28908e-08
358 3.84976e-06 1.01579e-08
358.4 3.83597e-06 -1.76386e-09
358.8 3.82078e-06 -1.24339e-08
359.2 3.80445e-06 -2.14647e-08
359.6 3.7873e-06 -2.8537e-08
360 3.76965e-06 -3.34109e-08
360.4 3.75187e-06 -3.59355e-08
360.8 3.7343e-06 -3.60534e-08
361.2 3.71729e-06 -3.38021e-08
361.6 3.70116e-06 -2.93122e-08
362 3.68619e-06 -2.28008e-08
362.4 3.6726e-06 -1.45621e-08
362.8 3.66057e-06 -4.95556e-09
363.2 3.65022e-06 5.60939e-09
363.6 3.64159e-06 1.66899e-08
364 3.63466e-06 2.78276e-08
364.4 3.62935e-06 3.85668e-08
364.8 3.62549e-06 4.84728e-08
365.2 3.6229e-06 5.71487e-08
365.6 3.62132e-06 6.42511e-08
366 3.62047e-06 6.9503e-08
366.4 3.62003e-06 7.27047e-08
366.8 3.61968e-06 7.37405e-08
367.2 3.6191e-06 7.25831e-08
367.6 3.61798e-06 6.92938e-08
368 3.61606e-06 6.40191e-08
368.4 3.61307e-06 5.69845e-08
368.8 3.60883e-06 4.84847e-08
369.2 3.60319e-06 3.88713e-08
369.6 3.59607e-06 2.85385e-08
370 3.58745e-06 1.79066e-08
370.4 3.57736e-06 7.4056e-09
370.8 3.56591e-06 -2.54247e-09
371.2 3.55324e-06 -1.15401e-08
371.6 3.53957e-06 -1.92302e-08
372 3.52514e-06 -2.53099e-08
372.4 3.51021e-06 -2.95422e-08
372.8 3.49509e-06 -3.17654e-08
373.2 3.48007e-06 -3.18986e-08
373.6 3.46545e-06 -2.99447e-08
374 3.4515e-06 -2.59894e-08
374.4 3.43847e-06 -2.01979e-08
374.8 3.42657e-06 -1.28073e-08
375.2 3.41598e-06 -4.11688e-09
375.6 3.4068e-06 5.52412e-09
376 3.3991e-06 1.57307e-08
376.4 3.39287e-06 2.60974e-08
376.8 3.38805e-06 3.62151e-08
377.2 3.38453e-06 4.56864e-08
377.6 3.38215e-06 5.41419e-08
378 3.3807e-06 6.12547e-08
378.4 3.37993e-06 6.67526e-08
378.8 3.37958e-06 7.04289e-08
379.2 3.37936e-06 7.215e-08
379.6 3.37899e-06 7.18603e-08
380 3.37818e-06 6.95837e-08
380.4 3.37668e-06 6.54226e-08
380.8 3.37426e-06 5.95527e-08
381.2 3.37072e-06 5.22159e-08
381.6 3.36591e-06 4.37103e-08
382 3.35973e-06 3.4378e-08
382.4 3.35214e-06 2.45912e-08
382.8 3.34315e-06 1.47373e-08
383.2 3.33283e-06 5.20349e-09
383.6 3.32129e-06 -3.63843e-09
384 3.30871e-06 -1.14469e-08
384.4 3.29527e-06 -1.79237e-08
384.8 3.28123e-06 -2.28255e-08
385.2 3.26684e-06 -2.59732e-08
385.6 3.25237e-06 -2.72583e-08
386 3.23809e-06 -2.66468e-08
386.4 3.22428e-06 -2.41801e-08
386.8 3.21118e-06 -1.9973e-08
387.2 3.199e-06 -1.42079e-08
387.6 3.18793e-06 -7.12786e-09
388 3.17811e-06 9.73807e-10
388.4 3.16962e-06 9.76554e-09
388.8 3.16252e-06 1.88909e-08
389.2 3.15679e-06 2.79828e-08
389.6 3.15236e-06 3.66784e-08
390 3.14912e-06 4.46332e-08
390.4 3.14693e-06 5.15345e-08
390.8 3.1456e-06 5.71141e-08
391.2 3.1449e-06 6.11579e-08
391.6 3.1446e-06 6.35147e-08
392 3.14445e-06 6.41013e-08
392.4 3.14421e-06 6.29056e-08
392.8 3.14363e-06 5.99863e-08
393.2 3.1425e-06 5.54705e-08
393.6 3.14061e-06 4.95479e-08
394 3.13782e-06 4.24627e-08
394.4 3.134e-06 3.45039e-08
394.8 3.12907e-06 2.59934e-08
395.2 3.12301e-06 1.72728e-08
395.6 3.11583e-06 8.68992e-09
396 3.1076e-06 5.85006e-10
396.4 3.09843e-06 -6.723e-09
396.8 3.08846e-06 -1.29488e-08
397.2 3.07786e-06 -1.78518e-08
397.6 3.06684e-06 -2.12455e-08
398 3.05562e-06 -2.30046e-08
398.4 3.04441e-06 -2.30693e-08
398.8 3.03343e-06 -2.14475e-08
399.2 3.02291e-06 -1.82141e-08
399.6 3.01303e-06 -1.35073e-08
400 3.00395e-06 -7.52307e-09
