-0.498 1.2933 0.819347
-0.496 1.52531 0.849937
-0.494 1.70362 0.863246
-0.492 1.82013 0.857849
-0.49 1.86949 0.832984
-0.488 1.84942 0.788614
-0.486 1.76075 0.725447
-0.484 1.6074 0.644928
-0.482 1.39619 0.549197
-0.48 1.13651 0.44101
-0.478 0.839893 0.323636
-0.476 0.519436 0.200724
-0.474 0.189208 0.0761567
-0.472 -0.136417 -0.0461131
-0.47 -0.443429 -0.162226
-0.468 -0.718832 -0.268581
-0.466 -0.951238 -0.361981
-0.464 -1.13138 -0.439773
-0.462 -1.25253 -0.499952
-0.46 -1.31078 -0.541242
-0.458 -1.30517 -0.563141
-0.456 -1.23771 -0.565933
-0.454 -1.11326 -0.550664
-0.452 -0.939212 -0.51908
-0.45 -0.725116 -0.473536
-0.448 -0.482188 -0.416882
-0.446 -0.222728 -0.35232
-0.444 0.040493 -0.28325
-0.442 0.29487 -0.213111
-0.44 0.52858 -0.14522
-0.438 0.731157 -0.0826177
-0.436 0.893988 -0.0279355
-0.434 1.01071 0.0167225
-0.432 1.07749 0.0498648
-0.43 1.09318 0.0706679
-0.428 1.05929 0.0789978
-0.426 0.97991 0.0753958
-0.424 0.861392 0.0610302
-0.422 0.711989 0.0376171
-0.42 0.541363 0.00731274
-0.418 0.360032 -0.027415
-0.416 0.178767 -0.0639311
-0.414 0.00797997 -0.0995844
-0.412 -0.142864 -0.13186
-0.41 -0.265783 -0.15852
-0.408 -0.354731 -0.177737
-0.406 -0.405943 -0.18819
-0.404 -0.418152 -0.189148
-0.402 -0.392669 -0.180515
-0.4 -0.333317 -0.162835
-0.398 -0.246227 -0.137267
-0.396 -0.1395 -0.105529
-0.394 -0.0227572 -0.0698002
-0.392 0.0933975 -0.0326041
-0.39 0.197981 0.00333198
-0.388 0.280262 0.0352315
-0.386 0.33039 0.060429
-0.384 0.339992 0.0765272
-0.382 0.302694 0.0815446
-0.38 0.214556 0.0740425
-0.378 0.0743845 0.053228
-0.376 -0.116095 0.0190239
-0.374 -0.352208 -0.0278962
-0.372 -0.626458 -0.0861117
-0.37 -0.928798 -0.153497
-0.368 -1.24704 -0.227303
-0.366 -1.5674 -0.304267
-0.364 -1.87508 -0.38076
-0.362 -2.15504 -0.452947
-0.36 -2.39262 -0.516973
-0.358 -2.57435 -0.569139
-0.356 -2.68858 -0.606093
-0.354 -2.72611 -0.624995
-0.352 -2.68069 -0.623666
-0.35 -2.54941 -0.600715
-0.348 -2.3329 -0.555619
-0.346 -2.03539 -0.488776
-0.344 -1.66464 -0.401509
-0.342 -1.23162 -0.29603
-0.34 -0.750085 -0.175367
-0.338 -0.236042 -0.0432403
-0.336 0.292965 0.0960789
-0.334 0.818589 0.237947
-0.332 1.32249 0.377541
-0.33 1.78713 0.51006
-0.328 2.19654 0.630932
-0.326 2.53705 0.736004
-0.324 2.79784 0.82172
-0.322 2.97146 0.885269
-0.32 3.05407 0.924703
-0.318 3.04566 0.939011
-0.316 2.94993 0.928154
-0.314 2.77416 0.893059
-0.312 2.52875 0.83556
-0.31 2.22678 0.75831
-0.308 1.88327 0.66465
-0.306 1.51455 0.558449
-0.304 1.1374 0.443923
-0.302 0.768266 0.325442
-0.3 0.422495 0.207331
-0.298 0.113616 0.0936814
-0.296 -0.147279 -0.0118307
-0.294 -0.352023 -0.106095
-0.292 -0.495714 -0.186689
-0.29 -0.576885 -0.251969
-0.288 -0.597505 -0.301111
-0.286 -0.562797 -0.334122
-0.284 -0.480907 -0.351798
-0.282 -0.362414 -0.355656
-0.28 -0.219729 -0.347817
-0.278 -0.0664023 -0.330877
-0.276 0.0836282 -0.307741
-0.274 0.216796 -0.281461
-0.272 0.320647 -0.255054
-0.27 0.384524 -0.231339
-0.268 0.400148 -0.212785
-0.266 0.362086 -0.201376
-0.264 0.268067 -0.198513
-0.262 0.119131 -0.204943
-0.26 -0.0803835 -0.220728
-0.258 -0.323033 -0.245257
-0.256 -0.598619 -0.277284
-0.254 -0.894688 -0.315015
-0.252 -1.19715 -0.35621
-0.25 -1.49101 -0.398327
-0.248 -1.76111 -0.438667
-0.246 -1.99296 -0.474535
-0.244 -2.17349 -0.503405
-0.242 -2.29177 -0.52307
-0.24 -2.33967 -0.531775
-0.238 -2.31232 -0.528333
-0.236 -2.20845 -0.512203
-0.234 -2.03058 -0.483536
-0.232 -1.78501 -0.443181
-0.23 -1.48155 -0.392657
-0.228 -1.13319 -0.334079
-0.226 -0.755487 -0.270057
-0.224 -0.365876 -0.20356
-0.222 0.0171709 -0.137763
-0.22 0.375035 -0.0758723
-0.218 0.689881 -0.0209515
-0.216 0.945573 0.0242523
-0.214 1.12852 0.0574686
-0.212 1.22843 0.0770416
-0.21 1.23888 0.0820401
-0.208 1.15777 0.0723302
-0.206 0.987511 0.0486097
-0.204 0.735035 0.0123986
-0.202 0.411559 -0.034012
-0.2 0.0321563 -0.0876531
-0.198 -0.384881 -0.145007
-0.196 -0.818841 -0.202169
-0.194 -1.24752 -0.25503
-0.192 -1.64825 -0.299478
-0.19 -1.99893 -0.3316
-0.188 -2.27909 -0.34788
-0.186 -2.47086 -0.345389
-0.184 -2.55984 -0.321938
-0.182 -2.53581 -0.27621
-0.18 -2.39329 -0.207847
-0.178 -2.13181 -0.117495
-0.176 -1.75603 -0.00680281
-0.174 -1.27561 0.121626
-0.172 -0.704812 0.264327
-0.17 -0.0619227 0.417111
-0.168 0.631483 0.575227
-0.166 1.35147 0.733566
-0.164 2.07272 0.886869
-0.162 2.76965 1.02995
-0.16 3.41743 1.15791
-0.158 3.99306 1.26636
-0.156 4.4763 1.35158
-0.154 4.85051 1.41069
-0.152 5.10329 1.44175
-0.15 5.22695 1.44384
-0.148 5.2188 1.41708
-0.146 5.08119 1.3626
-0.144 4.8213 1.28248
-0.142 4.45078 1.17964
-0.14 3.98521 1.05768
-0.138 3.44332 0.920707
-0.136 2.84615 0.773136
-0.134 2.21612 0.619495
-0.132 1.57606 0.464208
-0.13 0.948194 0.311406
-0.128 0.353233 0.164747
-0.126 -0.190465 0.0272767
-0.124 -0.667613 -0.0986833
-0.122 -1.06655 -0.211603
-0.12 -1.37965 -0.310768
-0.118 -1.60344 -0.396258
-0.116 -1.73869 -0.468881
-0.114 -1.79014 -0.530075
-0.112 -1.76617 -0.581767
-0.11 -1.67825 -0.626218
-0.108 -1.54032 -0.665841
-0.106 -1.368 -0.703021
-0.104 -1.17785 -0.73994
-0.102 -0.986512 -0.778409
-0.1 -0.809898 -0.819731
-0.098 -0.662469 -0.864593
-0.096 -0.556552 -0.912999
-0.094 -0.501782 -0.96424
-0.092 -0.50468 -1.01691
-0.09 -0.568377 -1.06898
-0.088 -0.692499 -1.11788
-0.086 -0.873215 -1.16066
-0.084 -1.10345 -1.19413
-0.082 -1.37324 -1.21508
-0.08 -1.67026 -1.22045
-0.078 -1.98041 -1.20754
-0.076 -2.28856 -1.1742
-0.074 -2.57928 -1.11897
-0.072 -2.83765 -1.04125
-0.07 -3.05004 -0.941335
-0.068 -3.20478 -0.820535
-0.066 -3.29275 -0.681116
-0.064 -3.30792 -0.526269
-0.062 -3.24757 -0.360004
-0.06 -3.11244 -0.187005
-0.058 -2.90668 -0.0124419
-0.056 -2.63755 0.158249
-0.054 -2.31502 0.319599
-0.052 -1.9512 0.466359
-0.05 -1.55964 0.593738
-0.048 -1.15462 0.697635
-0.046 -0.750351 0.774838
-0.044 -0.360293 0.823187
-0.042 0.00354027 0.841694
-0.04 0.331112 0.830602
-0.038 0.614778 0.791398
-0.036 0.849531 0.726755
-0.034 1.03308 0.640429
-0.032 1.16575 0.537098
-0.03 1.25026 0.422151
-0.028 1.29129 0.301453
-0.026 1.29507 0.18107
-0.024 1.26875 0.0669924
-0.022 1.21991 -0.035148
-0.02 1.15598 -0.120343
-0.018 1.08373 -0.184447
-0.016 1.00894 -0.224381
-0.014 0.936079 -0.23828
-0.012 0.868174 -0.225589
-0.01 0.806776 -0.187093
-0.008 0.752049 -0.124887
-0.006 0.702934 -0.0422757
-0.004 0.657381 0.0563796
-0.002 0.612623 0.165869
0 0.565458 0.280386
0.002 0.512531 0.393804
0.004 0.450652 0.499972
0.006 0.37705 0.59302
0.008 0.289665 0.667635
0.01 0.187408 0.719332
0.012 0.0704085 0.744668
0.014 -0.0597928 0.741414
0.016 -0.200115 0.708673
0.018 -0.345901 0.646927
0.02 -0.490994 0.558024
0.022 -0.62794 0.445098
0.024 -0.748315 0.312426
0.026 -0.843169 0.165245
0.028 -0.903553 0.00950374
0.03 -0.92111 -0.148393
0.032 -0.888674 -0.301879
0.034 -0.800847 -0.444512
0.036 -0.654493 -0.570259
0.038 -0.44913 -0.673755
0.04 -0.187168 -0.750531
0.042 0.126008 -0.797196
0.044 0.482147 -0.81157
0.046 0.870409 -0.79276
0.048 1.27782 -0.741176
0.05 1.68985 -0.658492
0.052 2.09113 -0.547543
0.054 2.46625 -0.412187
0.056 2.80053 -0.257108
0.058 3.08081 -0.0876034
0.06 3.29619 0.0906606
0.062 3.43862 0.271897
0.064 3.50334 0.450444
0.066 3.48918 0.620997
0.068 3.39861 0.778809
0.07 3.23763 0.91987
0.072 3.01549 1.04103
0.074 2.74412 1.14007
0.076 2.43761 1.21578
0.078 2.11137 1.26788
0.08 1.78141 1.297
0.082 1.46349 1.30457
0.084 1.17229 1.2927
0.086 0.92072 1.26396
0.088 0.719227 1.22126
0.09 0.575292 1.16763
0.092 0.493045 1.10607
0.094 0.47304 1.03933
0.096 0.512206 0.969806
0.098 0.603969 0.899394
0.1 0.738534 0.829431
0.102 0.903331 0.76064
0.104 1.08359 0.693131
0.106 1.26302 0.626438
0.108 1.42463 0.559598
0.11 1.55147 0.491254
0.112 1.62758 0.419797
0.114 1.63872 0.343508
0.116 1.5732 0.260727
0.118 1.42249 0.170004
0.12 1.18181 0.070255
0.122 0.850452 -0.0391138
0.124 0.432036 -0.158102
0.126 -0.0655296 -0.286049
0.128 -0.630225 -0.421599
0.13 -1.24632 -0.562716
0.132 -1.89493 -0.706735
0.134 -2.5548 -0.850448
0.136 -3.20309 -0.990233
0.138 -3.81643 -1.1222
0.14 -4.37181 -1.24238
0.142 -4.84771 -1.34689
0.144 -5.22496 -1.43212
0.146 -5.48769 -1.49496
0.148 -5.62405 -1.53291
0.15 -5.62677 -1.54423
0.152 -5.49359 -1.52806
0.154 -5.22741 -1.48451
0.156 -4.83624 -1.41463
0.158 -4.33295 -1.32042
0.16 -3.73475 -1.20479
0.162 -3.0625 -1.07141
0.164 -2.33991 -0.924597
0.166 -1.59251 -0.769126
0.168 -0.846605 -0.610045
0.17 -0.128183 -0.45246
0.172 0.538204 -0.301322
0.174 1.13045 -0.161221
0.176 1.62985 -0.0361971
0.178 2.02183 0.0704277
0.18 2.29658 0.156179
0.182 2.44939 0.219526
0.184 2.48081 0.259925
0.186 2.39657 0.277834
0.188 2.20721 0.27466
0.19 1.92754 0.252682
0.192 1.57593 0.214926
0.194 1.17338 0.165006
0.196 0.742499 0.106945
0.198 0.306494 0.0449772
0.2 -0.11197 -0.0166572
0.202 -0.491783 -0.0739115
0.204 -0.814339 -0.123121
0.206 -1.06435 -0.161168
0.208 -1.2305 -0.18562
0.21 -1.30585 -0.194825
0.212 -1.2881 -0.187975
0.214 -1.17953 -0.165123
0.216 -0.986832 -0.127152
0.218 -0.720643 -0.0757154
0.22 -0.394934 -0.0131249
0.222 -0.0262559 0.0577787
0.224 0.36713 0.133787
0.226 0.76618 0.211496
0.228 1.15201 0.28749
0.23 1.50683 0.358511
0.232 1.81474 0.421631
0.234 2.0625 0.474391
0.236 2.24009 0.514916
0.238 2.34111 0.542001
0.24 2.363 0.555153
0.242 2.30707 0.5546
0.244 2.17835 0.541254
0.246 1.98518 0.516648
0.248 1.7388 0.482831
0.25 1.45263 0.44224
0.252 1.14158 0.397557
0.254 0.821269 0.351547
0.256 0.50717 0.306897
0.258 0.213861 0.266064
0.26 -0.0457225 0.231129
0.262 -0.26093 0.20368
0.264 -0.423906 0.18472
0.266 -0.529952 0.174606
0.268 -0.577735 0.173027
0.27 -0.569308 0.17902
0.272 -0.509964 0.191017
0.274 -0.407919 0.206934
0.276 -0.273853 0.224287
0.278 -0.120313 0.240329
0.28 0.0389714 0.252209
0.282 0.189837 0.257138
0.284 0.318461 0.252553
0.286 0.412121 0.236276
0.288 0.459899 0.206655
0.29 0.453292 0.16268
0.292 0.386714 0.104063
0.294 0.257839 0.0312962
0.296 0.0677842 -0.0543455
0.298 -0.17888 -0.15083
0.3 -0.474298 -0.255439
0.302 -0.807661 -0.36487
0.304 -1.1657 -0.475377
0.306 -1.53329 -0.582927
0.308 -1.89417 -0.683384
0.31 -2.23173 -0.772693
0.312 -2.52978 -0.847068
0.314 -2.77335 -0.903174
0.316 -2.94945 -0.93828
0.318 -3.04765 -0.950401
0.32 -3.06068 -0.938394
0.322 -2.98474 -0.902025
0.324 -2.81974 -0.841995
0.326 -2.56936 -0.759914
0.328 -2.24085 -0.65825
0.33 -1.84481 -0.540228
0.332 -1.39463 -0.409694
0.334 -0.905989 -0.270963
0.336 -0.396095 -0.128631
0.338 0.117049 0.012612
0.34 0.615448 0.148181
0.342 1.08191 0.273784
0.344 1.50078 0.3856
0.346 1.85864 0.480429
0.348 2.14482 0.555817
0.35 2.35184 0.610144
0.352 2.47572 0.642676
0.354 2.51599 0.65357
0.356 2.47571 0.643846
0.358 2.36119 0.615317
0.36 2.18161 0.570483
0.362 1.94856 0.512397
0.364 1.67536 0.44451
0.366 1.37643 0.370499
0.368 1.06658 0.294089
0.37 0.760232 0.218883
0.372 0.470828 0.148192
0.374 0.210149 0.0848944
0.376 -0.0121725 0.0313139
0.378 -0.189051 -0.0108667
0.38 -0.316206 -0.0406608
0.382 -0.392275 -0.0577946
0.384 -0.418767 -0.0626869
0.386 -0.399879 -0.0563945
0.388 -0.342172 -0.0405249
0.39 -0.254132 -0.0171237
0.392 -0.14564 0.0114592
0.394 -0.0273803 0.042715
0.396 0.0897859 0.0741266
0.398 0.195445 0.103316
0.4 0.280219 0.12818
0.402 0.336291 0.147009
0.404 0.35784 0.158578
0.406 0.341357 0.162214
0.408 0.285835 0.157826
0.41 0.192817 0.145907
0.412 0.0663058 0.127496
0.414 -0.0874621 0.104117
0.416 -0.26037 0.0776819
0.418 -0.442872 0.0503809
0.42 -0.624531 0.0245466
0.422 -0.794597 0.00251607
0.424 -0.942619 -0.0135117
0.426 -1.05904 -0.021612
0.428 -1.13573 -0.0202582
0.43 -1.16648 -0.00842478
0.432 -1.1474 0.0143344
0.434 -1.07712 0.0478372
0.436 -0.956968 0.091258
0.438 -0.790931 0.143145
0.44 -0.585511 0.201473
0.442 -0.349425 0.263723
0.444 -0.0932053 0.326997
0.446 0.171312 0.388145
0.448 0.431564 0.443915
0.45 0.674884 0.491111
0.452 0.889139 0.526744
0.454 1.06334 0.548186
0.456 1.1882 0.553306
0.458 1.25665 0.540579
0.46 1.26415 0.509175
0.462 1.20902 0.459016
0.464 1.09253 0.390792
0.466 0.918836 0.30595
0.468 0.694889 0.206641
0.47 0.430071 0.0956398
0.472 0.1358 -0.0237703
0.474 -0.175004 -0.147932
0.476 -0.488512 -0.272966
0.478 -0.79064 -0.39494
0.48 -1.06771 -0.510025
0.482 -1.30709 -0.614668
0.484 -1.49782 -0.705729
0.486 -1.6311 -0.780616
0.488 -1.70072 -0.837382
0.49 -1.70341 -0.874799
0.492 -1.6389 -0.892398
0.494 -1.51005 -0.890464
0.496 -1.32265 -0.870015
0.498 -1.08517 -0.832725
0.4 0.0195921 0.00786502
0.8 0.0199957 0.00801378
1.2 0.0206632 0.00826078
1.6 0.0215868 0.00860458
2 0.022756 0.00904321
2.4 0.0241573 0.00957414
2.8 0.0257749 0.0101943
3.2 0.0275907 0.0109001
3.6 0.0295845 0.0116875
4 0.0317347 0.0125519
4.4 0.0340182 0.0134883
4.8 0.0364111 0.0144912
5.2 0.0388889 0.0155548
5.6 0.041427 0.0166728
6 0.0440007 0.0178389
6.4 0.0465863 0.0190462
6.8 0.0491606 0.0202876
7.2 0.0517017 0.0215559
7.6 0.0541892 0.0228439
8 0.0566045 0.0241441
8.4 0.0589308 0.0254491
8.8 0.0611535 0.0267515
9.2 0.0632601 0.0280439
9.6 0.0652406 0.0293192
10 0.0670872 0.0305706
10.4 0.0687945 0.0317912
10.8 0.0703593 0.0329749
11.2 0.0717807 0.0341155
11.6 0.0730596 0.0352077
12 0.0741991 0.0362463
12.4 0.0752038 0.0372267
12.8 0.0760798 0.0381451
13.2 0.0768344 0.038998
13.6 0.0774759 0.0397827
14 0.0780133 0.0404968
14.4 0.0784559 0.0411389
14.8 0.0788134 0.0417081
15.2 0.0790954 0.0422041
15.6 0.0793112 0.0426271
16 0.0794693 0.0429782
16.4 0.079578 0.0432586
16.8 0.0796442 0.0434705
17.2 0.0796743 0.0436163
17.6 0.079673 0.0436987
18 0.0796444 0.0437211
18.4 0.0795909 0.043687
18.8 0.079514 0.0436001
19.2 0.0794136 0.0434645
19.6 0.0792888 0.0432841
20 0.0791373 0.0430631
20.4 0.0789562 0.0428056
20.8 0.0787412 0.0425157
21.2 0.0784878 0.042197
21.6 0.0781906 0.0418534
22 0.0778439 0.0414883
22.4 0.0774418 0.0411048
22.8 0.0769785 0.0407056
23.2 0.076448 0.0402933
23.6 0.0758448 0.0398699
24 0.0751638 0.0394371
24.4 0.0744005 0.0389962
24.8 0.0735511 0.0385481
25.2 0.0726126 0.0380933
25.6 0.0715829 0.0376321
26 0.0704609 0.0371643
26.4 0.0692466 0.0366894
26.8 0.0679408 0.0362068
27.2 0.0665455 0.0357157
27.6 0.0650637 0.0352149
28 0.0634994 0.0347034
28.4 0.0618574 0.0341799
28.8 0.0601434 0.0336434
29.2 0.0583638 0.0330927
29.6 0.0565258 0.0325268
30 0.0546369 0.0319449
30.4 0.0527053 0.0313463
30.8 0.0507391 0.0307307
31.2 0.0487469 0.030098
31.6 0.0467372 0.0294483
32 0.0447186 0.0287822
32.4 0.0426995 0.0281006
32.8 0.0406878 0.0274047
33.2 0.0386915 0.026696
33.6 0.0367177 0.0259764
34 0.0347735 0.0252482
34.4 0.0328651 0.0245138
34.8 0.0309983 0.023776
35.2 0.0291784 0.0230379
35.6 0.02741 0.0223025
36 0.0256971 0.0215732
36.4 0.0240433 0.0208535
36.8 0.0224515 0.0201469
37.2 0.0209242 0.0194567
37.6 0.0194635 0.0187864
38 0.018071 0.0181393
38.4 0.0167479 0.0175187
38.8 0.0154953 0.0169274
39.2 0.0143139 0.0163681
39.6 0.0132043 0.0158433
40 0.0121671 0.0153552
40.4 0.0112026 0.0149054
40.8 0.0103112 0.0144953
41.2 0.0094932 0.0141261
41.6 0.00874913 0.0137983
42 0.00807941 0.013512
42.4 0.00748462 0.0132672
42.8 0.00696536 0.0130631
43.2 0.00652234 0.0128988
43.6 0.00615632 0.0127729
44 0.00586809 0.0126837
44.4 0.00565845 0.0126292
44.8 0.00552818 0.0126069
45.2 0.00547798 0.0126143
45.6 0.00550845 0.0126486
46 0.00562001 0.0127067
46.4 0.00581289 0.0127854
46.8 0.00608701 0.0128816
47.2 0.006442 0.0129919
47.6 0.00687711 0.013113
48 0.00739117 0.0132417
48.4 0.00798252 0.0133746
48.8 0.00864903 0.0135088
49.2 0.00938801 0.0136414
49.6 0.0101962 0.0137695
50 0.0110698 0.0138909
50.4 0.0120044 0.0140031
50.8 0.0129949 0.0141044
51.2 0.0140358 0.0141933
51.6 0.015121 0.0142684
52 0.0162437 0.0143289
52.4 0.0173968 0.0143744
52.8 0.0185728 0.0144047
53.2 0.0197636 0.0144203
53.6 0.0209611 0.0144218
54 0.0221567 0.0144103
54.4 0.0233418 0.0143873
54.8 0.0245076 0.0143546
55.2 0.0256457 0.0143142
55.6 0.0267474 0.0142687
56 0.0278045 0.0142208
56.4 0.0288091 0.0141734
56.8 0.0297536 0.0141295
57.2 0.0306312 0.0140924
57.6 0.0314355 0.0140654
58 0.0321609 0.0140519
58.4 0.0328026 0.0140552
58.8 0.0333566 0.0140784
59.2 0.03382 0.0141248
59.6 0.0341908 0.0141972
60 0.0344678 0.0142982
60.4 0.0346512 0.0144302
60.8 0.0347419 0.0145951
61.2 0.0347421 0.0147946
61.6 0.034655 0.0150298
62 0.0344845 0.0153014
62.4 0.0342358 0.0156095
62.8 0.0339147 0.0159538
63.2 0.033528 0.0163335
63.6 0.0330829 0.0167472
64 0.0325876 0.0171928
64.4 0.0320504 0.017668
64.8 0.03148 0.0181698
65.2 0.0308857 0.0186949
65.6 0.0302763 0.0192393
66 0.029661 0.0197989
66.4 0.0290486 0.0203691
66.8 0.0284477 0.0209451
67.2 0.0278662 0.0215218
67.6 0.0273118 0.0220941
68 0.0267912 0.0226566
68.4 0.0263103 0.0232042
68.8 0.0258743 0.0237314
69.2 0.0254872 0.0242333
69.6 0.0251522 0.0247048
70 0.0248712 0.0251413
70.4 0.024645 0.0255384
70.8 0.0244735 0.0258919
71.2 0.0243553 0.0261982
71.6 0.0242879 0.026454
72 0.0242679 0.0266565
72.4 0.0242909 0.0268033
72.8 0.0243516 0.0268926
73.2 0.024444 0.0269229
73.6 0.0245612 0.0268933
74 0.024696 0.0268034
74.4 0.0248408 0.026653
74.8 0.0249876 0.0264427
75.2 0.0251284 0.0261731
75.6 0.0252552 0.0258454
76 0.02536 0.025461
76.4 0.0254355 0.0250216
76.8 0.0254745 0.0245292
77.2 0.0254706 0.023986
77.6 0.0254181 0.0233942
78 0.0253119 0.0227563
78.4 0.0251482 0.0220748
78.8 0.0249238 0.0213523
79.2 0.0246368 0.0205914
79.6 0.0242863 0.0197948
80 0.0238723 0.0189652
80.4 0.0233964 0.0181053
80.8 0.0228607 0.0172176
81.2 0.0222688 0.016305
81.6 0.0216249 0.01537
82 0.0209346 0.0144155
82.4 0.0202038 0.0134441
82.8 0.0194395 0.0124585
83.2 0.0186492 0.0114618
83.6 0.0178408 0.0104566
84 0.0170227 0.00944613
84.4 0.0162035 0.00843336
84.8 0.0153919 0.00742151
85.2 0.0145964 0.00641388
85.6 0.0138255 0.00541388
86 0.0130874 0.004425
86.4 0.0123897 0.00345085
86.8 0.0117395 0.00249507
87.2 0.0111435 0.00156137
87.6 0.0106072 0.000653466
88 0.0101358 -0.000224954
88.4 0.00973313 -0.00107026
88.8 0.00940243 -0.00187895
89.2 0.00914585 -0.00264766
89.6 0.00896456 -0.00337326
90 0.00885878 -0.00405285
90.4 0.00882776 -0.00468389
90.8 0.00886982 -0.00526416
91.2 0.00898238 -0.00579189
91.6 0.00916205 -0.00626574
92 0.00940466 -0.00668489
92.4 0.00970537 -0.00704901
92.8 0.0100587 -0.00735835
93.2 0.0104588 -0.00761369
93.6 0.0108991 -0.00781641
94 0.0113731 -0.00796842
94.4 0.0118739 -0.00807218
94.8 0.0123944 -0.00813067
95.2 0.0129277 -0.00814735
95.6 0.0134668 -0.0081261
96 0.0140049 -0.00807121
96.4 0.0145357 -0.00798724
96.8 0.0150528 -0.00787902
97.2 0.0155505 -0.00775153
97.6 0.0160235 -0.00760987
98 0.0164669 -0.00745909
98.4 0.0168766 -0.0073042
98.8 0.0172486 -0.00715002
99.2 0.0175799 -0.00700115
99.6 0.017868 -0.00686183
100 0.0181107 -0.00673594
100.4 0.0183069 -0.00662688
100.8 0.0184555 -0.00653755
101.2 0.0185563 -0.00647028
101.6 0.0186094 -0.00642683
102 0.0186155 -0.00640832
102.4 0.0185756 -0.00641524
102.8 0.0184911 -0.00644748
103.2 0.0183637 -0.00650429
103.6 0.0181955 -0.00658434
104 0.0179885 -0.00668575
104.4 0.0177451 -0.00680613
104.8 0.017468 -0.00694263
105.2 0.0171595 -0.007092
105.6 0.0168222 -0.0072507
106 0.0164589 -0.00741491
106.4 0.0160719 -0.00758067
106.8 0.0156638 -0.00774392
107.2 0.0152368 -0.00790058
107.6 0.0147934 -0.00804668
108 0.0143356 -0.00817836
108.4 0.0138655 -0.008292
108.8 0.0133848 -0.00838427
109.2 0.0128953 -0.00845218
109.6 0.0123986 -0.00849314
110 0.0118963 -0.00850501
110.4 0.0113895 -0.0084861
110.8 0.0108797 -0.00843523
111.2 0.0103679 -0.00835174
111.6 0.00985524 -0.00823547
112 0.00934283 -0.00808676
112.4 0.00883165 -0.00790643
112.8 0.0083227 -0.0076958
113.2 0.00781697 -0.00745658
113.6 0.00731546 -0.00719088
114 0.00681917 -0.00690118
114.4 0.00632916 -0.00659021
114.8 0.00584649 -0.00626097
115.2 0.00537226 -0.00591662
115.6 0.0049076 -0.00556047
116 0.00445367 -0.00519586
116.4 0.00401164 -0.00482616
116.8 0.0035827 -0.0044547
117.2 0.00316802 -0.00408469
117.6 0.00276878 -0.0037192
118 0.0023861 -0.00336112
118.4 0.00202105 -0.00301312
118.8 0.00167464 -0.0026776
119.2 0.0013478 -0.00235668
119.6 0.00104133 -0.00205219
120 0.000755936 -0.00176564
120.4 0.000492166 -0.00149823
120.8 0.000250424 -0.00125083
121.2 3.09498e-05 -0.00102403
121.6 -0.000166187 -0.000818069
122 -0.000341096 -0.000632949
122.4 -0.000494066 -0.000468385
122.8 -0.000625566 -0.000323855
123.2 -0.000736241 -0.000198622
123.6 -0.000826903 -9.17629e-05
124 -0.000898525 -2.1959e-06
124.4 -0.00095222 7.12877e-05
124.8 -0.000989233 0.000129994
125.2 -0.00101092 0.000175298
125.6 -0.00101871 0.000208613
126 -0.00101413 0.000231366
126.4 -0.000998717 0.000244971
126.8 -0.00097405 0.000250811
127.2 -0.000941691 0.00025021
127.6 -0.000903181 0.000244425
128 -0.000860006 0.000234626
128.4 -0.000813584 0.000221885
128.8 -0.000765241 0.000207173
129.2 -0.000716195 0.000191347
129.6 -0.000667544 0.000175152
130 -0.000620252 0.000159218
130.4 -0.000575144 0.000144066
130.8 -0.000532897 0.000130106
131.2 -0.00049404 0.000117646
131.6 -0.000458958 0.000106899
132 -0.000427892 9.7988e-05
132.4 -0.000400946 9.09606e-05
132.8 -0.000378101 8.57932e-05
133.2 -0.000359225 8.24032e-05
133.6 -0.000344082 8.06589e-05
134 -0.000332355 8.03891e-05
134.4 -0.000323658 8.13928e-05
134.8 -0.000317553 8.34481e-05
135.2 -0.000313567 8.63208e-05
135.6 -0.00031121 8.9772e-05
136 -0.000309991 9.35654e-05
136.4 -0.000309431 9.74727e-05
136.8 -0.00030908 0.00010128
137.2 -0.000308526 0.00010479
137.6 -0.000307406 0.000107828
138 -0.000305417 0.000110243
138.4 -0.000302316 0.000111909
138.8 -0.000297928 0.000112727
139.2 -0.000292148 0.000112625
139.6 -0.000284938 0.000111558
140 -0.000276323 0.000109506
140.4 -0.000266391 0.000106474
140.8 -0.000255285 0.000102487
141.2 -0.000243192 9.75948e-05
141.6 -0.000230341 9.18615e-05
142 -0.000216988 8.5368e-05
142.4 -0.000203412 7.82079e-05
142.8 -0.000189899 7.04846e-05
143.2 -0.000176738 6.23087e-05
143.6 -0.000164209 5.37953e-05
144 -0.000152574 4.50616e-05
144.4 -0.000142072 3.62238e-05
144.8 -0.000132911 2.73954e-05
145.2 -0.000125264 1.86849e-05
145.6 -0.000119263 1.01937e-05
146 -0.000114998 2.01483e-06
146.4 -0.000112516 -5.76881e-06
146.8 -0.000111822 -1.30853e-05
147.2 -0.000112878 -1.98744e-05
147.6 -0.000115607 -2.60887e-05
148 -0.0001199 -3.1693e-05
148.4 -0.000125614 -3.6665e-05
148.8 -0.000132581 -4.09947e-05
149.2 -0.000140615 -4.4684e-05
149.6 -0.000149515 -4.77459e-05
150 -0.00015907 -5.02037e-05
150.4 -0.000169071 -5.20898e-05
150.8 -0.000179309 -5.34443e-05
151.2 -0.000189585 -5.4314e-05
151.6 -0.000199711 -5.47508e-05
152 -0.000209518 -5.48102e-05
152.4 -0.000218855 -5.45499e-05
152.8 -0.000227592 -5.40283e-05
153.2 -0.000235624 -5.33035e-05
153.6 -0.000242869 -5.24312e-05
154 -0.000249267 -5.14646e-05
154.4 -0.000254783 -5.04524e-05
154.8 -0.000259399 -4.94388e-05
155.2 -0.00026312 -4.8462e-05
155.6 -0.000265963 -4.75544e-05
156 -0.00026796 -4.6742e-05
156.4 -0.000269154 -4.60443e-05
156.8 -0.000269593 -4.54742e-05
157.2 -0.000269331 -4.50388e-05
157.6 -0.000268421 -4.47391e-05
158 -0.000266917 -4.45711e-05
158.4 -0.000264869 -4.45262e-05
158.8 -0.00026232 -4.45918e-05
159.2 -0.000259309 -4.47524e-05
159.6 -0.000255865 -4.49903e-05
160 -0.000252012 -4.52866e-05
160.4 -0.000247765 -4.56215e-05
160.8 -0.000243132 -4.59759e-05
161.2 -0.000238115 -4.63312e-05
161.6 -0.00023271 -4.66708e-05
162 -0.000226913 -4.69799e-05
162.4 -0.000220715 -4.72462e-05
162.8 -0.000214108 -4.74603e-05
163.2 -0.000207086 -4.76154e-05
163.6 -0.000199647 -4.77078e-05
164 -0.000191793 -4.77366e-05
164.4 -0.000183532 -4.77034e-05
164.8 -0.000174881 -4.76121e-05
165.2 -0.000165863 -4.74685e-05
165.6 -0.000156509 -4.72798e-05
166 -0.000146862 -4.70543e-05
166.4 -0.000136967 -4.68007e-05
166.8 -0.000126882 -4.65274e-05
167.2 -0.000116669 -4.62428e-05
167.6 -0.000106393 -4.59538e-05
168 -9.61269e-05 -4.56663e-05
168.4 -8.59428e-05 -4.53845e-05
168.8 -7.59143e-05 -4.51106e-05
169.2 -6.61136e-05 -4.48451e-05
169.6 -5.66102e-05 -4.45862e-05
170 -4.7469e-05 -4.43302e-05
170.4 -3.8749e-05 -4.40715e-05
170.8 -3.05024e-05 -4.38031e-05
171.2 -2.2773e-05 -4.35164e-05
171.6 -1.55962e-05 -4.32021e-05
172 -8.99813e-06 -4.285e-05
172.4 -2.99545e-06 -4.24502e-05
172.8 2.40418e-06 -4.19928e-05
173.2 7.20189e-06 -4.14687e-05
173.6 1.14069e-05 -4.087e-05
174 1.50356e-05 -4.01902e-05
174.4 1.81106e-05 -3.94246e-05
174.8 2.06596e-05 -3.85707e-05
175.2 2.27139e-05 -3.76282e-05
175.6 2.43075e-05 -3.65989e-05
176 2.54756e-05 -3.54873e-05
176.4 2.62536e-05 -3.42998e-05
176.8 2.66761e-05 -3.30451e-05
177.2 2.67758e-05 -3.17337e-05
177.6 2.65829e-05 -3.03776e-05
178 2.61249e-05 -2.89902e-05
178.4 2.54257e-05 -2.75856e-05
178.8 2.45061e-05 -2.61782e-05
179.2 2.33834e-05 -2.47825e-05
179.6 2.20724e-05 -2.34126e-05
180 2.0585e-05 -2.20815e-05
180.4 1.89316e-05 -2.08013e-05
180.8 1.71214e-05 -1.95822e-05
181.2 1.51631e-05 -1.84328e-05
181.6 1.3066e-05 -1.73595e-05
182 1.08405e-05 -1.63669e-05
182.4 8.49875e-06 -1.54568e-05
182.8 6.05547e-06 -1.46292e-05
183.2 3.52826e-06 -1.3882e-05
183.6 9.37895e-07 -1.3211e-05
184 -1.69154e-06 -1.26103e-05
184.4 -4.3327e-06 -1.20727e-05
184.8 -6.95527e-06 -1.15897e-05
185.2 -9.5264e-06 -1.11521e-05
185.6 -1.20113e-05 -1.07505e-05
186 -1.43741e-05 -1.03751e-05
186.4 -1.65785e-05 -1.00167e-05
186.8 -1.85891e-05 -9.66676e-06
187.2 -2.03722e-05 -9.31754e-06
187.6 -2.18968e-05 -8.96264e-06
188 -2.31357e-05 -8.59704e-06
188.4 -2.40667e-05 -8.2173e-06
188.8 -2.46727e-05 -7.8216e-06
189.2 -2.49434e-05 -7.40979e-06
189.6 -2.48748e-05 -6.98332e-06
190 -2.44704e-05 -6.54513e-06
190.4 -2.37407e-05 -6.09952e-06
190.8 -2.27033e-05 -5.65185e-06
191.2 -2.13826e-05 -5.20841e-06
191.6 -1.98094e-05 -4.77603e-06
192 -1.80197e-05 -4.36184e-06
192.4 -1.60542e-05 -3.97296e-06
192.8 -1.39571e-05 -3.6162e-06
193.2 -1.1775e-05 -3.29775e-06
193.6 -9.55532e-06 -3.02296e-06
194 -7.34552e-06 -2.79611e-06
194.4 -5.1914e-06 -2.62023e-06
194.8 -3.13612e-06 -2.49695e-06
195.2 -1.21897e-06 -2.42646e-06
195.6 5.25619e-07 -2.40747e-06
196 2.06887e-06 -2.43724e-06
196.4 3.38837e-06 -2.51166e-06
196.8 4.46845e-06 -2.62541e-06
197.2 5.30047e-06 -2.7721e-06
197.6 5.88278e-06 -2.94451e-06
198 6.22051e-06 -3.1348e-06
198.4 6.32513e-06 -3.33482e-06
198.8 6.21384e-06 -3.53628e-06
199.2 5.90878e-06 -3.73113e-06
199.6 5.43607e-06 -3.9117e-06
200 4.82481e-06 -4.07104e-06
200.4 4.10598e-06 -4.20305e-06
200.8 3.31129e-06 -4.30266e-06
201.2 2.47209e-06 -4.36603e-06
201.6 1.61831e-06 -4.39055e-06
202 7.77471e-07 -4.37496e-06
202.4 -2.6166e-08 -4.3193e-06
202.8 -7.72299e-07 -4.2249e-06
203.2 -1.44514e-06 -4.09427e-06
203.6 -2.03376e-06 -3.93098e-06
204 -2.53226e-06 -3.73953e-06
204.4 -2.93978e-06 -3.52512e-06
204.8 -3.26021e-06 -3.29348e-06
205.2 -3.50191e-06 -3.05066e-06
205.6 -3.67705e-06 -2.80282e-06
206 -3.80106e-06 -2.55597e-06
206.4 -3.89174e-06 -2.31585e-06
206.8 -3.9685e-06 -2.08768e-06
207.2 -4.05141e-06 -1.87604e-06
207.6 -4.16033e-06 -1.68474e-06
208 -4.31403e-06 -1.51672e-06
208.4 -4.52943e-06 -1.37398e-06
208.8 -4.82078e-06 -1.25759e-06
209.2 -5.19918e-06 -1.16765e-06
209.6 -5.67199e-06 -1.10339e-06
210 -6.2426e-06 -1.06321e-06
210.4 -6.91022e-06 -1.04478e-06
210.8 -7.66988e-06 -1.04519e-06
211.2 -8.5126e-06 -1.06106e-06
211.6 -9.42572e-06 -1.08872e-06
212 -1.03933e-05 -1.12434e-06
212.4 -1.13966e-05 -1.16409e-06
212.8 -1.24151e-05 -1.20429e-06
213.2 -1.34267e-05 -1.24155e-06
213.6 -1.44088e-05 -1.27287e-06
214 -1.53391e-05 -1.29576e-06
214.4 -1.61963e-05 -1.30828e-06
214.8 -1.69607e-05 -1.3091e-06
215.2 -1.7615e-05 -1.29754e-06
215.6 -1.81448e-05 -1.27355e-06
216 -1.8539e-05 -1.23764e-06
216.4 -1.87902e-05 -1.19091e-06
216.8 -1.88949e-05 -1.13491e-06
217.2 -1.88533e-05 -1.07157e-06
217.6 -1.86696e-05 -1.0031e-06
218 -1.83515e-05 -9.31904e-07
218.4 -1.79098e-05 -8.60422e-07
218.8 -1.73584e-05 -7.91067e-07
219.2 -1.6713e-05 -7.26099e-07
219.6 -1.59915e-05 -6.67537e-07
220 -1.52122e-05 -6.1708e-07
220.4 -1.43943e-05 -5.76046e-07
220.8 -1.35565e-05 -5.45323e-07
221.2 -1.27163e-05 -5.25346e-07
221.6 -1.18903e-05 -5.16092e-07
222 -1.10927e-05 -5.17093e-07
222.4 -1.03354e-05 -5.27467e-07
222.8 -9.62773e-06 -5.45967e-07
223.2 -8.97613e-06 -5.71047e-07
223.6 -8.38405e-06 -6.00926e-07
224 -7.85205e-06 -6.33681e-07
224.4 -7.37794e-06 -6.67321e-07
224.8 -6.957e-06 -6.99878e-07
225.2 -6.58233e-06 -7.29489e-07
225.6 -6.24526e-06 -7.5447e-07
226 -5.93582e-06 -7.73384e-07
226.4 -5.64323e-06 -7.85092e-07
226.8 -5.35641e-06 -7.88802e-07
227.2 -5.06453e-06 -7.84086e-07
227.6 -4.75747e-06 -7.70896e-07
228 -4.42626e-06 -7.49553e-07
228.4 -4.06354e-06 -7.20731e-07
228.8 -3.66377e-06 -6.8542e-07
229.2 -3.22357e-06 -6.44878e-07
229.6 -2.74181e-06 -6.00571e-07
230 -2.21966e-06 -5.54116e-07
230.4 -1.66057e-06 -5.07201e-07
230.8 -1.07014e-06 -4.61521e-07
231.2 -4.55892e-07 -4.18706e-07
231.6 1.73019e-07 -3.80254e-07
232 8.06145e-07 -3.47468e-07
232.4 1.43214e-06 -3.21413e-07
232.8 2.03921e-06 -3.02868e-07
233.2 2.61549e-06 -2.92301e-07
233.6 3.14954e-06 -2.89854e-07
234 3.63075e-06 -2.95343e-07
234.4 4.04967e-06 -3.08265e-07
234.8 4.39839e-06 -3.27822e-07
235.2 4.67079e-06 -3.52962e-07
235.6 4.86273e-06 -3.82413e-07
236 4.97219e-06 -4.14744e-07
236.4 4.99929e-06 -4.48415e-07
236.8 4.94626e-06 -4.81843e-07
237.2 4.81738e-06 -5.13455e-07
237.6 4.6187e-06 -5.41754e-07
238 4.35792e-06 -5.65365e-07
238.4 4.04398e-06 -5.83091e-07
238.8 3.68682e-06 -5.93946e-07
239.2 3.29701e-06 -5.97188e-07
239.6 2.88533e-06 -5.92338e-07
240 2.46248e-06 -5.7919e-07
240.4 2.03869e-06 -5.57807e-07
240.8 1.62343e-06 -5.28512e-07
241.2 1.22512e-06 -4.91859e-07
241.6 8.50918e-07 -4.4861e-07
242 5.06531e-07 -3.99692e-07
242.4 1.96133e-07 -3.46152e-07
242.8 -7.76951e-08 -2.89118e-07
243.2 -3.13938e-07 -2.29743e-07
243.6 -5.1307e-07 -1.69162e-07
244 -6.76921e-07 -1.08446e-07
244.4 -8.08496e-07 -4.85624e-08
244.8 -9.11752e-07 9.65658e-09
245.2 -9.91352e-07 6.55443e-08
245.6 -1.0524e-06 1.18616e-07
246 -1.10017e-06 1.68576e-07
246.4 -1.13983e-06 2.15324e-07
246.8 -1.17622e-06 2.58939e-07
247.2 -1.21359e-06 2.99667e-07
247.6 -1.25547e-06 3.37897e-07
248 -1.30445e-06 3.74127e-07
248.4 -1.36213e-06 4.08933e-07
248.8 -1.42908e-06 4.42929e-07
249.2 -1.5048e-06 4.76727e-07
249.6 -1.5878e-06 5.10899e-07
250 -1.67568e-06 5.45942e-07
250.4 -1.76529e-06 5.82241e-07
250.8 -1.85285e-06 6.20047e-07
251.2 -1.93422e-06 6.59453e-07
251.6 -2.00503e-06 7.00379e-07
252 -2.06098e-06 7.42571e-07
252.4 -2.09799e-06 7.85601e-07
252.8 -2.11243e-06 8.28879e-07
253.2 -2.10131e-06 8.7167e-07
253.6 -2.06245e-06 9.13124e-07
254 -1.99455e-06 9.52302e-07
254.4 -1.89731e-06 9.88218e-07
254.8 -1.77148e-06 1.01987e-06
255.2 -1.61881e-06 1.0463e-06
255.6 -1.44202e-06 1.0666e-06
256 -1.24472e-06 1.07998e-06
256.4 -1.03128e-06 1.0858e-06
256.8 -8.06647e-07 1.08358e-06
257.2 -5.76182e-07 1.07307e-06
257.6 -3.45451e-07 1.05419e-06
258 -1.20015e-07 1.02711e-06
258.4 9.47787e-08 9.9223e-07
258.8 2.93997e-07 9.50143e-07
259.2 4.73306e-07 9.01659e-07
259.6 6.29128e-07 8.47758e-07
260 7.58769e-07 7.89569e-07
260.4 8.60512e-07 7.28328e-07
260.8 9.33669e-07 6.65344e-07
261.2 9.78587e-07 6.01952e-07
261.6 9.96624e-07 5.39473e-07
262 9.90074e-07 4.79166e-07
262.4 9.62055e-07 4.22193e-07
262.8 9.16378e-07 3.69577e-07
263.2 8.5737e-07 3.22172e-07
263.6 7.89693e-07 2.80638e-07
264 7.18146e-07 2.45418e-07
264.4 6.47462e-07 2.16734e-07
264.8 5.82109e-07 1.94577e-07
265.2 5.2611e-07 1.78719e-07
265.6 4.82873e-07 1.6872e-07
266 4.55059e-07 1.63953e-07
266.4 4.44469e-07 1.6363e-07
266.8 4.51981e-07 1.66834e-07
267.2 4.77516e-07 1.72556e-07
267.6 5.20044e-07 1.79733e-07
268 5.77638e-07 1.8729e-07
268.4 6.47554e-07 1.94183e-07
268.8 7.26355e-07 1.99429e-07
269.2 8.10051e-07 2.02152e-07
269.6 8.94279e-07 2.01603e-07
270 9.74479e-07 1.97196e-07
270.4 1.0461e-06 1.88516e-07
270.8 1.10477e-06 1.75339e-07
271.2 1.14651e-06 1.57633e-07
271.6 1.1679e-06 1.35557e-07
272 1.16622e-06 1.09448e-07
272.4 1.13955e-06 7.98064e-08
272.8 1.08693e-06 4.72754e-08
273.2 1.00833e-06 1.26108e-08
273.6 9.0471e-07 -2.33481e-08
274 7.78003e-07 -5.97125e-08
274.4 6.3103e-07 -9.55786e-08
274.8 4.67413e-07 -1.30062e-07
275.2 2.91453e-07 -1.62329e-07
275.6 1.07968e-07 -1.91631e-07
276 -7.78771e-08 -2.17324e-07
276.4 -2.60757e-07 -2.38899e-07
276.8 -4.35384e-07 -2.55988e-07
277.2 -5.96695e-07 -2.68383e-07
277.6 -7.4004e-07 -2.76033e-07
278 -8.61346e-07 -2.79048e-07
278.4 -9.57265e-07 -2.77682e-07
278.8 -1.02529e-06 -2.72329e-07
279.2 -1.06384e-06 -2.63497e-07
279.6 -1.07231e-06 -2.51785e-07
280 -1.05109e-06 -2.37862e-07
280.4 -1.00154e-06 -2.22435e-07
280.8 -9.25933e-07 -2.0622e-07
281.2 -8.27341e-07 -1.89918e-07
281.6 -7.09544e-07 -1.74182e-07
282 -5.76866e-07 -1.59597e-07
282.4 -4.34013e-07 -1.46657e-07
282.8 -2.85892e-07 -1.35748e-07
283.2 -1.37432e-07 -1.27139e-07
283.6 6.59957e-09 -1.20971e-07
284 1.4177e-07 -1.17258e-07
284.4 2.64138e-07 -1.1589e-07
284.8 3.70394e-07 -1.16643e-07
285.2 4.57965e-07 -1.19189e-07
285.6 5.25099e-07 -1.23118e-07
286 5.70913e-07 -1.27954e-07
286.4 5.95405e-07 -1.33183e-07
286.8 5.99435e-07 -1.38269e-07
287.2 5.84668e-07 -1.42686e-07
287.6 5.53495e-07 -1.4594e-07
288 5.08918e-07 -1.47586e-07
288.4 4.54415e-07 -1.47253e-07
288.8 3.93797e-07 -1.44658e-07
289.2 3.31039e-07 -1.39618e-07
289.6 2.70119e-07 -1.32058e-07
290 2.14857e-07 -1.22014e-07
290.4 1.68757e-07 -1.09633e-07
290.8 1.34869e-07 -9.51647e-08
291.2 1.1567e-07 -7.89524e-08
291.6 1.12966e-07 -6.14193e-08
292 1.27831e-07 -4.30509e-08
292.4 1.60559e-07 -2.4375e-08
292.8 2.10669e-07 -5.94047e-09
293.2 2.76921e-07 1.17045e-08
293.6 3.57378e-07 2.80345e-08
294 4.49481e-07 4.2568e-08
294.4 5.50162e-07 5.48857e-08
294.8 6.55964e-07 6.46478e-08
295.2 7.63183e-07 7.16061e-08
295.6 8.68015e-07 7.56141e-08
296 9.66709e-07 7.6632e-08
296.4 1.05571e-06 7.47278e-08
296.8 1.13181e-06 7.00737e-08
297.2 1.19224e-06 6.29395e-08
297.6 1.23482e-06 5.36807e-08
298 1.25801e-06 4.27249e-08
298.4 1.26097e-06 3.05541e-08
298.8 1.2436e-06 1.7686e-08
299.2 1.20651e-06 4.65383e-09
299.6 1.15103e-06 -8.0143e-09
300 1.07913e-06 -1.98157e-08
300.4 9.93338e-07 -3.02921e-08
300.8 8.96644e-07 -3.90463e-08
301.2 7.9238e-07 -4.57571e-08
301.6 6.84088e-07 -5.01902e-08
302 5.75385e-07 -5.22062e-08
302.4 4.6982e-07 -5.17645e-08
302.8 3.70741e-07 -4.8923e-08
303.2 2.81171e-07 -4.38349e-08
303.6 2.03695e-07 -3.67406e-08
304 1.40369e-07 -2.79571e-08
304.4 9.2647e-08 -1.78647e-08
304.8 6.13377e-08 -6.89015e-09
305.2 4.65816e-08 4.50991e-09
305.6 4.78583e-08 1.58681e-08
306 6.40181e-08 2.67248e-08
306.4 9.33386e-08 3.66461e-08
306.8 1.33603e-07 4.52406e-08
307.2 1.82196e-07 5.21745e-08
307.6 2.36217e-07 5.71839e-08
308 2.92599e-07 6.0084e-08
308.4 3.48236e-07 6.07757e-08
308.8 4.00109e-07 5.9248e-08
309.2 4.45407e-07 5.55774e-08
309.6 4.81639e-07 4.99235e-08
310 5.0673e-07 4.25216e-08
310.4 5.19103e-07 3.36721e-08
310.8 5.17735e-07 2.37279e-08
311.2 5.02194e-07 1.30796e-08
311.6 4.72654e-07 2.13965e-09
312 4.29877e-07 -8.67468e-09
312.4 3.75182e-07 -1.89575e-08
312.8 3.10387e-07 -2.83306e-08
313.2 2.37728e-07 -3.64576e-08
313.6 1.59771e-07 -4.3057e-08
314 7.93034e-08 -4.79126e-08
314.4 -7.78042e-10 -5.08807e-08
314.8 -7.75837e-08 -5.18951e-08
315.2 -1.48347e-07 -5.09687e-08
315.6 -2.10533e-07 -4.81913e-08
316 -2.61939e-07 -4.37254e-08
316.4 -3.00778e-07 -3.77983e-08
316.8 -3.2575e-07 -3.06922e-08
317.2 -3.36085e-07 -2.27323e-08
317.6 -3.31577e-07 -1.42729e-08
318 -3.12581e-07 -5.68309e-09
318.4 -2.80001e-07 2.66856e-09
318.8 -2.35247e-07 1.04283e-08
319.2 -1.80176e-07 1.72715e-08
319.6 -1.1702e-07 2.29149e-08
320 -4.82912e-08 2.71276e-08
320.4 2.33177e-08 2.97396e-08
320.8 9.50382e-08 3.06472e-08
321.2 1.64136e-07 2.9817e-08
321.6 2.28017e-07 2.72857e-08
322 2.84328e-07 2.31576e-08
322.4 3.31044e-07 1.75999e-08
322.8 3.66545e-07 1.08346e-08
323.2 3.89677e-07 3.129e-09
323.6 3.99785e-07 -5.21554e-09
324 3.96742e-07 -1.38765e-08
324.4 3.8094e-07 -2.25232e-08
324.8 3.53272e-07 -3.08306e-08
325.2 3.15092e-07 -3.84918e-08
325.6 2.68151e-07 -4.52307e-08
326 2.14528e-07 -5.08124e-08
326.4 1.5654e-07 -5.50524e-08
326.8 9.66484e-08 -5.7823e-08
327.2 3.73613e-08 -5.90581e-08
327.6 -1.88704e-08 -5.87548e-08
328 -6.9748e-08 -5.69729e-08
328.4 -1.13216e-07 -5.38315e-08
328.8 -1.4754e-07 -4.95034e-08
329.2 -1.71376e-07 -4.42076e-08
329.6 -1.83816e-07 -3.81995e-08
330 -1.84423e-07 -3.17605e-08
330.4 -1.73243e-07 -2.51857e-08
330.8 -1.50799e-07 -1.87721e-08
331.2 -1.18063e-07 -1.28064e-08
331.6 -7.64178e-08 -7.55306e-09
332 -2.75931e-08 -3.24429e-09
332.4 2.64038e-08 -7.03878e-11
332.8 8.33716e-08 1.82743e-09
333.2 1.41004e-07 2.36238e-09
333.6 1.96984e-07 1.50521e-09
334 2.49076e-07 -7.15084e-10
334.4 2.95212e-07 -4.21287e-09
334.8 3.33575e-07 -8.84979e-09
335.2 3.62672e-07 -1.44407e-08
335.6 3.81385e-07 -2.07617e-08
336 3.89015e-07 -2.7559e-08
336.4 3.85307e-07 -3.45598e-08
336.8 3.70457e-07 -4.14832e-08
337.2 3.45098e-07 -4.80515e-08
337.6 3.10273e-07 -5.40014e-08
338 2.6739e-07 -5.90945e-08
338.4 2.18163e-07 -6.31264e-08
338.8 1.64538e-07 -6.59352e-08
339.2 1.0862e-07 -6.74069e-08
339.6 5.25812e-08 -6.74803e-08
340 -1.42122e-09 -6.61487e-08
340.4 -5.13336e-08 -6.34602e-08
340.8 -9.52858e-08 -5.95148e-08
341.2 -1.31664e-07 -5.44607e-08
341.6 -1.59173e-07 -4.84879e-08
342 -1.76885e-07 -4.18202e-08
342.4 -1.84275e-07 -3.47067e-08
342.8 -1.81237e-07 -2.74111e-08
343.2 -1.68083e-07 -2.0202e-08
343.6 -1.45532e-07 -1.33418e-08
344 -1.14673e-07 -7.0768e-09
344.4 -7.69234e-08 -1.62768e-09
344.8 -3.39656e-08 2.81894e-09
345.2 1.23199e-08 6.11736e-09
345.6 5.99317e-08 8.16806e-09
346 1.06828e-07 8.92107e-09
346.4 1.51009e-07 8.37738e-09
346.8 1.90596e-07 6.58827e-09
347.2 2.23905e-07 3.6527e-09
347.6 2.49515e-07 -2.87123e-10
348 2.66321e-07 -5.05188e-09
348.4 2.73575e-07 -1.04327e-08
348.8 2.70916e-07 -1.61995e-08
349.2 2.58381e-07 -2.21108e-08
349.6 2.36401e-07 -2.79229e-08
350 2.05783e-07 -3.33998e-08
350.4 1.67672e-07 -3.83221e-08
350.8 1.23509e-07 -4.24958e-08
351.2 7.49677e-08 -4.57597e-08
351.6 2.38889e-08 -4.79907e-08
352 -2.7793e-08 -4.91088e-08
352.4 -7.81272e-08 -4.90796e-08
352.8 -1.25224e-07 -4.79148e-08
353.2 -1.67327e-07 -4.56711e-08
353.6 -2.02883e-07 -4.24475e-08
354 -2.30603e-07 -3.83811e-08
354.4 -2.49505e-07 -3.36402e-08
354.8 -2.58959e-07 -2.84181e-08
355.2 -2.58701e-07 -2.29245e-08
355.6 -2.48844e-07 -1.7377e-08
356 -2.29873e-07 -1.19925e-08
356.4 -2.02617e-07 -6.97803e-09
356.8 -1.68219e-07 -2.52312e-09
357.2 -1.28085e-07 1.20801e-09
357.6 -8.38291e-08 4.08254e-09
358 -3.72048e-08 6.00405e-09
358.4 9.9625e-09 6.91598e-09
358.8 5.58491e-08 6.80338e-09
359.2 9.87049e-08 5.69303e-09
359.6 1.36922e-07 3.65191e-09
360 1.69095e-07 7.83991e-10
360.4 1.94078e-07 -2.77438e-09
360.8 2.11024e-07 -6.86031e-09
361.2 2.19419e-07 -1.12913e-08
361.6 2.19094e-07 -1.58727e-08
362 2.10235e-07 -2.0406e-08
362.4 1.93367e-07 -2.46963e-08
362.8 1.69333e-07 -2.8561e-08
363.2 1.39253e-07 -3.18362e-08
363.6 1.04484e-07 -3.43837e-08
364 6.65563e-08 -3.60961e-08
364.4 2.71161e-08 -3.69011e-08
364.8 -1.21446e-08 -3.67635e-08
365.2 -4.95544e-08 -3.56872e-08
365.6 -8.35299e-08 -3.37136e-08
366 -1.12638e-07 -3.09208e-08
366.4 -1.35654e-07 -2.74189e-08
366.8 -1.51605e-07 -2.33464e-08
367.2 -1.59811e-07 -1.88636e-08
367.6 -1.5991e-07 -1.41465e-08
368 -1.51867e-07 -9.37913e-09
368.4 -1.35976e-07 -4.74659e-09
368.8 -1.12846e-07 -4.27221e-10
369.2 -8.33745e-08 3.41428e-09
369.6 -4.87084e-08 6.6334e-09
370 -1.01991e-08 9.11143e-09
370.4 3.06537e-08 1.076e-08
370.8 7.22627e-08 1.15243e-08
371.2 1.13016e-07 1.13851e-08
371.6 1.51342e-07 1.03591e-08
372 1.8577e-07 8.49812e-09
372.4 2.1499e-07 5.88662e-09
372.8 2.37903e-07 2.63806e-09
373.2 2.53661e-07 -1.10982e-09
373.6 2.61703e-07 -5.20071e-09
374 2.6177e-07 -9.46611e-09
374.4 2.5392e-07 -1.37321e-08
374.8 2.38518e-07 -1.78265e-08
375.2 2.16221e-07 -2.15852e-08
375.6 1.87952e-07 -2.48594e-08
376 1.54861e-07 -2.75206e-08
376.4 1.18275e-07 -2.9466e-08
376.8 7.96496e-08 -3.06222e-08
377.2 4.0506e-08 -3.09478e-08
377.6 2.37334e-09 -3.04349e-08
378 -3.32727e-08 -2.91088e-08
378.4 -6.50675e-08 -2.70272e-08
378.8 -9.18106e-08 -2.42769e-08
379.2 -1.12512e-07 -2.09708e-08
379.6 -1.26428e-07 -1.72425e-08
380 -1.33092e-07 -1.32413e-08
380.4 -1.32326e-07 -9.12589e-09
380.8 -1.2425e-07 -5.05791e-09
381.2 -1.09272e-07 -1.19557e-09
381.6 -8.80676e-08 2.31258e-09
382 -6.15569e-08 5.33353e-09
382.4 -3.08604e-08 7.7549e-09
382.8 2.74459e-09 9.48922e-09
383.2 3.78764e-08 1.04771e-08
383.6 7.3105e-08 1.06895e-08
384 1.07009e-07 1.01283e-08
384.4 1.38231e-07 8.82607e-09
384.8 1.65535e-07 6.84444e-09
385.2 1.87848e-07 4.27135e-09
385.6 2.0431e-07 1.21724e-09
386 2.14297e-07 -2.18957e-09
386.4 2.17452e-07 -5.8082e-09
386.8 2.13694e-07 -9.49093e-09
387.2 2.03219e-07 -1.30892e-08
387.6 1.86489e-07 -1.64596e-08
388 1.64216e-07 -1.94695e-08
388.4 1.37327e-07 -2.20021e-08
388.8 1.06927e-07 -2.39612e-08
389.2 7.42573e-08 -2.52749e-08
389.6 4.06383e-08 -2.58977e-08
390 7.42194e-09 -2.58127e-08
390.4 -2.40646e-08 -2.50317e-08
390.8 -5.25714e-08 -2.35943e-08
391.2 -7.69751e-08 -2.15663e-08
391.6 -9.63227e-08 -1.90368e-08
392 -1.09868e-07 -1.61141e-08
392.4 -1.17102e-07 -1.29216e-08
392.8 -1.17769e-07 -9.59229e-09
393.2 -1.11874e-07 -6.26362e-09
393.6 -9.96883e-08 -3.07179e-09
394 -8.17273e-08 -1.46346e-10
394.4 -5.87352e-08 2.39499e-09
394.8 -3.16513e-08 4.45093e-09
395.2 -1.57211e-09 5.94056e-09
395.6 3.02932e-08 6.8064e-09
396 6.26716e-08 7.01653e-09
396.4 9.4277e-08 6.56565e-09
396.8 1.23862e-07 5.47507e-09
397.2 1.50265e-07 3.79166e-09
397.6 1.72459e-07 1.58572e-09
398 1.89589e-07 -1.05194e-09
398.4 2.01006e-07 -4.01388e-09
398.8 2.0629e-07 -7.18042e-09
399.2 2.05266e-07 -1.04245e-08
399.6 1.98011e-07 -1.36169e-08
400 1.84847e-07 -1.66312e-08
