-0.498 1.09431 0.730913
-0.496 1.34034 0.751377
-0.494 1.53901 0.757694
-0.492 1.68118 0.748568
-0.49 1.76023 0.723261
-0.488 1.77243 0.681645
-0.486 1.71711 0.624237
-0.484 1.59664 0.552193
-0.482 1.41636 0.467281
-0.48 1.18428 0.371816
-0.478 0.910729 0.26857
-0.476 0.607835 0.160666
-0.474 0.288961 0.0514434
-0.472 -0.0319353 -0.0556828
-0.47 -0.34095 -0.157365
-0.468 -0.624886 -0.250471
-0.466 -0.871864 -0.332216
-0.464 -1.07186 -0.400281
-0.462 -1.21716 -0.452917
-0.46 -1.30269 -0.48901
-0.458 -1.3262 -0.508127
-0.456 -1.28836 -0.510529
-0.454 -1.19266 -0.497146
-0.452 -1.04519 -0.469525
-0.45 -0.854332 -0.429754
-0.448 -0.630272 -0.380353
-0.446 -0.384501 -0.32415
-0.444 -0.129216 -0.264147
-0.442 0.123288 -0.203373
-0.44 0.361234 -0.144743
-0.438 0.57393 -0.0909221
-0.436 0.752288 -0.0442076
-0.434 0.889245 -0.00642612
-0.432 0.980074 0.0211405
-0.43 1.02257 0.0378016
-0.428 1.01712 0.0434736
-0.426 0.966584 0.0386644
-0.424 0.876126 0.0244275
-0.422 0.752848 0.00228894
-0.42 0.605377 -0.0258507
-0.418 0.443342 -0.0578315
-0.416 0.276823 -0.0913629
-0.414 0.11577 -0.124157
-0.412 -0.0305654 -0.154063
-0.41 -0.154152 -0.179186
-0.408 -0.248635 -0.198005
-0.406 -0.309693 -0.209449
-0.404 -0.335284 -0.212971
-0.402 -0.32576 -0.20857
-0.4 -0.283851 -0.196801
-0.398 -0.214513 -0.178741
-0.396 -0.12465 -0.155928
-0.394 -0.0227225 -0.130277
-0.392 0.0817305 -0.103966
-0.39 0.178644 -0.0793123
-0.388 0.258009 -0.0586331
-0.386 0.31047 -0.0441043
-0.384 0.327889 -0.0376247
-0.382 0.303863 -0.0406908
-0.38 0.234152 -0.054291
-0.378 0.117005 -0.0788241
-0.376 -0.0466445 -0.114048
-0.374 -0.253111 -0.15906
-0.372 -0.496045 -0.212314
-0.37 -0.766653 -0.27167
-0.368 -1.05406 -0.334481
-0.366 -1.34577 -0.397698
-0.364 -1.62827 -0.458016
-0.362 -1.8876 -0.512023
-0.36 -2.11012 -0.556367
-0.358 -2.2831 -0.587922
-0.356 -2.39544 -0.60395
-0.354 -2.43821 -0.602246
-0.352 -2.40516 -0.581267
-0.35 -2.29312 -0.540225
-0.348 -2.1022 -0.479152
-0.346 -1.83587 -0.398925
-0.344 -1.50094 -0.301257
-0.342 -1.10726 -0.188641
-0.34 -0.66736 -0.0642646
-0.338 -0.195947 0.0681132
-0.336 0.290741 0.204312
-0.334 0.77563 0.3399
-0.332 1.24157 0.47038
-0.33 1.67208 0.591382
-0.328 2.05211 0.698844
-0.326 2.3687 0.78919
-0.324 2.61155 0.859483
-0.322 2.77347 0.90755
-0.32 2.85071 0.932074
-0.318 2.8431 0.932647
-0.316 2.75399 0.909783
-0.314 2.5901 0.864892
-0.312 2.36116 0.800206
-0.31 2.07941 0.718678
-0.308 1.75898 0.623839
-0.306 1.41522 0.519638
-0.304 1.06394 0.410261
-0.302 0.720654 0.299937
-0.3 0.399816 0.192751
-0.298 0.114164 0.0924585
-0.296 -0.125886 0.00232898
-0.294 -0.312705 -0.0749974
-0.292 -0.441775 -0.137612
-0.29 -0.51186 -0.184409
-0.288 -0.524998 -0.215107
-0.286 -0.486341 -0.230245
-0.284 -0.403826 -0.231119
-0.282 -0.287714 -0.219701
-0.28 -0.150008 -0.19851
-0.278 -0.00379096 -0.170469
-0.276 0.137497 -0.138735
-0.274 0.260791 -0.106528
-0.272 0.354112 -0.0769573
-0.27 0.407233 -0.0528506
-0.268 0.412236 -0.0366095
-0.266 0.363971 -0.0300835
-0.264 0.260357 -0.0344763
-0.262 0.102535 -0.0502879
-0.26 -0.105147 -0.0772937
-0.258 -0.355317 -0.114563
-0.256 -0.637918 -0.160514
-0.254 -0.940693 -0.213007
-0.252 -1.24979 -0.269459
-0.25 -1.55044 -0.326994
-0.248 -1.82776 -0.382596
-0.246 -2.06747 -0.433283
-0.244 -2.25667 -0.476265
-0.242 -2.38457 -0.509108
-0.24 -2.44307 -0.529866
-0.238 -2.42728 -0.537198
-0.236 -2.3358 -0.530448
-0.234 -2.17098 -0.509687
-0.232 -1.9388 -0.475723
-0.23 -1.64875 -0.430067
-0.228 -1.3134 -0.374857
-0.226 -0.947872 -0.312758
-0.224 -0.569137 -0.24682
-0.222 -0.195216 -0.180318
-0.22 0.155697 -0.116584
-0.218 0.466138 -0.058818
-0.216 0.72027 -0.00991793
-0.214 0.904713 0.027687
-0.212 1.00928 0.0521776
-0.21 1.02755 0.0624568
-0.208 0.957303 0.0582267
-0.206 0.800739 0.0400244
-0.204 0.564462 0.00921622
-0.202 0.259284 -0.0320524
-0.2 -0.100195 -0.0809465
-0.198 -0.496208 -0.134069
-0.196 -0.908593 -0.187621
-0.194 -1.3157 -0.237579
-0.192 -1.6954 -0.279896
-0.19 -2.02608 -0.3107
-0.188 -2.28773 -0.326493
-0.186 -2.46284 -0.324331
-0.184 -2.5373 -0.301986
-0.182 -2.5011 -0.25807
-0.18 -2.34883 -0.192125
-0.178 -2.08004 -0.104675
-0.176 -1.69932 0.00278038
-0.174 -1.21615 0.127802
-0.172 -0.644558 0.267102
-0.17 -0.00254846 0.41667
-0.168 0.688633 0.571936
-0.166 1.40539 0.727954
-0.164 2.12277 0.879613
-0.162 2.8155 1.02184
-0.16 3.45906 1.14984
-0.158 4.03073 1.25925
-0.156 4.51045 1.34635
-0.154 4.88174 1.40823
-0.152 5.13229 1.44284
-0.15 5.25443 1.44913
-0.148 5.24545 1.42704
-0.146 5.10758 1.37749
-0.144 4.84788 1.3023
-0.142 4.47784 1.20413
-0.14 4.01284 1.08631
-0.138 3.47142 0.952681
-0.136 2.87442 0.807411
-0.134 2.24411 0.654807
-0.132 1.60315 0.499115
-0.13 0.97367 0.34434
-0.128 0.37634 0.194079
-0.126 -0.170482 0.0513797
-0.124 -0.651453 -0.081358
-0.122 -1.0548 -0.202453
-0.12 -1.37271 -0.310968
-0.118 -1.60152 -0.406691
-0.116 -1.74173 -0.49008
-0.114 -1.79781 -0.562172
-0.112 -1.77786 -0.624459
-0.11 -1.69308 -0.678744
-0.108 -1.55714 -0.726979
-0.106 -1.38548 -0.771105
-0.104 -1.19448 -0.812891
-0.102 -1.0007 -0.853788
-0.1 -0.820053 -0.894811
-0.098 -0.66706 -0.936441
-0.096 -0.554201 -0.978575
-0.094 -0.491339 -1.0205
-0.092 -0.485288 -1.06094
-0.09 -0.539529 -1.09806
-0.088 -0.654073 -1.12965
-0.086 -0.825497 -1.15317
-0.084 -1.04713 -1.16597
-0.082 -1.3094 -1.16541
-0.08 -1.60032 -1.14907
-0.078 -1.90609 -1.11492
-0.076 -2.2118 -1.06146
-0.074 -2.50216 -0.987885
-0.072 -2.76232 -0.894166
-0.07 -2.97859 -0.781146
-0.068 -3.13917 -0.65055
-0.066 -3.23475 -0.504974
-0.064 -3.25896 -0.347813
-0.062 -3.20873 -0.18316
-0.06 -3.08436 -0.0156462
-0.058 -2.88951 0.149736
-0.056 -2.63097 0.307848
-0.054 -2.31819 0.453632
-0.052 -1.9628 0.582336
-0.05 -1.57793 0.689743
-0.048 -1.17748 0.772376
-0.046 -0.775396 0.827673
-0.044 -0.38496 0.854125
-0.042 -0.0181381 0.851372
-0.04 0.314955 0.820236
-0.038 0.606462 0.762716
-0.036 0.851038 0.681912
-0.034 1.04594 0.581905
-0.032 1.19094 0.467588
-0.03 1.28813 0.344453
-0.028 1.34154 0.218349
-0.026 1.3567 0.0952187
-0.024 1.34012 -0.0191746
-0.022 1.29878 -0.119512
-0.02 1.23959 -0.201172
-0.018 1.16891 -0.260447
-0.016 1.09226 -0.29473
-0.014 1.01395 -0.302634
-0.012 0.937042 -0.284072
-0.01 0.863235 -0.240267
-0.008 0.792988 -0.173693
-0.006 0.725661 -0.0879686
-0.004 0.659728 0.0123186
-0.002 0.593027 0.121826
0 0.523023 0.234716
0.002 0.446916 0.344925
0.004 0.362403 0.446489
0.006 0.267425 0.533805
0.008 0.160596 0.601917
0.01 0.0414387 0.646758
0.012 -0.0893945 0.665356
0.014 -0.229952 0.655982
0.016 -0.37687 0.61824
0.018 -0.525357 0.553093
0.02 -0.669271 0.462828
0.022 -0.801331 0.350948
0.024 -0.913431 0.222018
0.026 -0.997074 0.0814563
0.028 -1.04388 -0.0647174
0.03 -1.04615 -0.210151
0.032 -0.997432 -0.348451
0.034 -0.893069 -0.473465
0.036 -0.730657 -0.579558
0.038 -0.510405 -0.661857
0.04 -0.235342 -0.716459
0.042 0.0886293 -0.740595
0.044 0.452857 -0.732732
0.046 0.846242 -0.692633
0.048 1.25569 -0.62134
0.05 1.66671 -0.521111
0.052 2.06412 -0.395301
0.054 2.43281 -0.248194
0.056 2.75853 -0.0847977
0.058 3.02865 0.0893895
0.06 3.23288 0.268627
0.062 3.36378 0.447184
0.064 3.41726 0.619588
0.066 3.39276 0.780843
0.068 3.29333 0.92663
0.07 3.12547 1.05346
0.072 2.89882 1.15878
0.074 2.62563 1.24104
0.076 2.32012 1.2997
0.078 1.99776 1.33518
0.08 1.67444 1.34879
0.082 1.36571 1.34259
0.084 1.08592 1.31922
0.086 0.847545 1.28174
0.088 0.660533 1.2334
0.09 0.531819 1.17749
0.092 0.464956 1.11707
0.094 0.459934 1.05488
0.096 0.513144 0.993145
0.098 0.61753 0.933478
0.1 0.762891 0.876811
0.102 0.936341 0.823367
0.104 1.1229 0.772682
0.106 1.30617 0.72366
0.108 1.46917 0.67468
0.11 1.59508 0.623727
0.112 1.66814 0.568546
0.114 1.67444 0.506826
0.116 1.60265 0.436372
0.118 1.44469 0.355288
0.12 1.19624 0.262136
0.122 0.857077 0.156076
0.124 0.431276 0.0369773
0.126 -0.0728178 -0.0945178
0.128 -0.64281 -0.236963
0.13 -1.26266 -0.388124
0.132 -1.91328 -0.545046
0.134 -2.57326 -0.704147
0.136 -3.21975 -0.861369
0.138 -3.82942 -1.01234
0.14 -4.37946 -1.15256
0.142 -4.84855 -1.27762
0.144 -5.21785 -1.3834
0.146 -5.47185 -1.46627
0.148 -5.59909 -1.52325
0.15 -5.59271 -1.5522
0.152 -5.45085 -1.5519
0.154 -5.17679 -1.52215
0.156 -4.77886 -1.46378
0.158 -4.27019 -1.37867
0.16 -3.66817 -1.26963
0.162 -2.9938 -1.14035
0.164 -2.27079 -0.995227
0.166 -1.52463 -0.839183
0.168 -0.781501 -0.677465
0.17 -0.0671884 -0.515433
0.172 0.593993 -0.35833
0.174 1.18022 -0.211065
0.176 1.67308 -0.0780168
0.178 2.05829 0.0371494
0.18 2.32634 0.13162
0.182 2.47277 0.20354
0.184 2.49835 0.252069
0.186 2.40897 0.277394
0.188 2.21528 0.280699
0.19 1.93215 0.264079
0.192 1.57796 0.230422
0.194 1.17363 0.183256
0.196 0.741725 0.126565
0.198 0.305302 0.0645891
0.2 -0.113108 0.00161789
0.202 -0.49254 -0.0582148
0.204 -0.814539 -0.111124
0.206 -1.06396 -0.153843
0.208 -1.22958 -0.183769
0.21 -1.30458 -0.199063
0.212 -1.2867 -0.198719
0.214 -1.17828 -0.182583
0.216 -0.986013 -0.151331
0.218 -0.720504 -0.106409
0.22 -0.395682 -0.0499275
0.222 -0.0280303 0.015464
0.224 0.364272 0.0867361
0.226 0.762274 0.160647
0.228 1.14719 0.23392
0.23 1.50132 0.303414
0.232 1.80886 0.366284
0.234 2.05664 0.420122
0.236 2.23467 0.463065
0.238 2.33659 0.49388
0.24 2.35983 0.512
0.242 2.30566 0.517533
0.244 2.17902 0.511233
0.246 1.98817 0.494425
0.248 1.74418 0.468916
0.25 1.46034 0.436869
0.252 1.15139 0.400667
0.254 0.832732 0.36276
0.256 0.519692 0.325515
0.258 0.226679 0.291075
0.26 -0.0335076 0.261225
0.262 -0.250317 0.237287
0.264 -0.415945 0.220037
0.266 -0.525696 0.209656
0.268 -0.578182 0.205716
0.27 -0.575338 0.207203
0.272 -0.522282 0.212568
0.274 -0.427003 0.219818
0.276 -0.299898 0.226631
0.278 -0.153196 0.23049
0.28 -0.000281722 0.228838
0.282 0.145042 0.21923
0.284 0.269307 0.199495
0.286 0.36012 0.167874
0.288 0.406852 0.123152
0.29 0.401232 0.0647571
0.292 0.337825 -0.00717211
0.294 0.214373 -0.0917492
0.296 0.0319625 -0.187346
0.298 -0.204968 -0.291636
0.3 -0.488793 -0.401672
0.302 -0.809029 -0.514004
0.304 -1.15281 -0.624817
0.306 -1.50548 -0.730102
0.308 -1.85131 -0.825827
0.31 -2.17421 -0.908127
0.312 -2.45853 -0.973484
0.314 -2.68983 -1.01889
0.316 -2.85555 -1.04201
0.318 -2.94567 -1.04127
0.32 -2.95321 -1.01599
0.322 -2.87454 -0.966388
0.324 -2.70966 -0.893604
0.326 -2.46218 -0.799669
0.328 -2.13919 -0.687428
0.33 -1.75097 -0.560423
0.332 -1.31053 -0.422756
0.334 -0.833059 -0.278915
0.336 -0.335205 -0.133595
0.338 0.165629 0.00849894
0.34 0.652075 0.142847
0.342 1.10755 0.265297
0.344 1.51701 0.372228
0.346 1.86752 0.460699
0.348 2.14887 0.528551
0.35 2.35393 0.574485
0.352 2.47889 0.598097
0.354 2.52339 0.599868
0.356 2.49038 0.581121
0.358 2.38598 0.543939
0.36 2.21901 0.491047
0.362 2.00057 0.425674
0.364 1.7434 0.351389
0.366 1.46128 0.271931
0.368 1.16826 0.191033
0.37 0.878083 0.112249
0.372 0.603441 0.0388017
0.374 0.355462 -0.026558
0.376 0.143199 -0.0816566
0.378 -0.0267294 -0.124977
0.38 -0.150371 -0.155701
0.382 -0.226534 -0.173716
0.384 -0.256731 -0.179583
0.386 -0.244988 -0.174477
0.388 -0.197525 -0.160093
0.39 -0.122335 -0.138526
0.392 -0.0286683 -0.112142
0.394 0.0735327 -0.0834284
0.396 0.174224 -0.0548479
0.398 0.26385 -0.0286959
0.4 0.333893 -0.00697065
0.402 0.377363 0.00873828
0.404 0.389188 0.0173354
0.406 0.366506 0.0182763
0.408 0.308816 0.011593
0.41 0.218013 -0.0021142
0.412 0.098269 -0.0217167
0.414 -0.044197 -0.0456274
0.416 -0.201477 -0.071897
0.418 -0.364422 -0.0983309
0.42 -0.523165 -0.12262
0.422 -0.667683 -0.142482
0.424 -0.78838 -0.155795
0.426 -0.876648 -0.160735
0.428 -0.925374 -0.155891
0.43 -0.929383 -0.140361
0.432 -0.885772 -0.113822
0.434 -0.794127 -0.0765727
0.436 -0.656612 -0.0295398
0.438 -0.477919 0.0257448
0.44 -0.265085 0.0872019
0.442 -0.0271805 0.15229
0.444 0.225109 0.21812
0.446 0.479997 0.281583
0.448 0.725169 0.339497
0.45 0.948395 0.388762
0.452 1.13814 0.426506
0.454 1.28417 0.450232
0.456 1.37804 0.457941
0.458 1.4136 0.448238
0.46 1.38731 0.420408
0.462 1.29843 0.374464
0.464 1.14916 0.311157
0.466 0.944516 0.231956
0.468 0.692196 0.13899
0.47 0.402204 0.034961
0.472 0.0864297 -0.076964
0.474 -0.241893 -0.193292
0.476 -0.568794 -0.310352
0.478 -0.880211 -0.424449
0.48 -1.16265 -0.532023
0.482 -1.4038 -0.629799
0.484 -1.59315 -0.714919
0.486 -1.72245 -0.785058
0.488 -1.78612 -0.838512
0.49 -1.78153 -0.874257
0.492 -1.70912 -0.891974
0.494 -1.57237 -0.892039
0.496 -1.37767 -0.875489
0.498 -1.13401 -0.843947
0.4 0.00934605 0.0228151
0.8 0.00968605 0.0230234
1.2 0.0102507 0.0233666
1.6 0.0110367 0.023839
2 0.01204 0.0244324
2.4 0.0132547 0.0251371
2.8 0.0146742 0.0259412
3.2 0.0162901 0.0268316
3.6 0.0180932 0.0277937
4 0.0200728 0.0288121
4.4 0.022217 0.0298708
4.8 0.0245127 0.0309532
5.2 0.0269457 0.0320432
5.6 0.0295006 0.0331247
6 0.032161 0.0341824
6.4 0.0349093 0.0352019
6.8 0.0377274 0.0361699
7.2 0.0405962 0.0370748
7.6 0.043496 0.0379065
8 0.0464066 0.0386566
8.4 0.0493077 0.0393186
8.8 0.0521785 0.0398881
9.2 0.0549987 0.0403625
9.6 0.057748 0.0407411
10 0.0604065 0.0410252
10.4 0.0629554 0.0412176
10.8 0.0653764 0.0413229
11.2 0.0676526 0.041347
11.6 0.0697683 0.0412968
12 0.0717093 0.0411802
12.4 0.0734632 0.041006
12.8 0.0750194 0.0407829
13.2 0.0763693 0.0405202
13.6 0.0775065 0.0402268
14 0.0784266 0.0399112
14.4 0.0791275 0.0395814
14.8 0.0796095 0.0392444
15.2 0.0798749 0.0389064
15.6 0.0799284 0.0385723
16 0.0797767 0.0382457
16.4 0.0794285 0.0379289
16.8 0.0788942 0.0376228
17.2 0.0781862 0.0373268
17.6 0.0773182 0.0370393
18 0.076305 0.0367569
18.4 0.0751626 0.0364754
18.8 0.0739077 0.0361895
19.2 0.0725576 0.0358931
19.6 0.0711296 0.0355793
20 0.0696413 0.0352408
20.4 0.0681097 0.0348701
20.8 0.0665513 0.0344597
21.2 0.0649821 0.0340023
21.6 0.0634168 0.0334909
22 0.0618691 0.0329193
22.4 0.0603512 0.032282
22.8 0.058874 0.0315747
23.2 0.0574465 0.0307938
23.6 0.0560764 0.0299373
24 0.0547694 0.0290044
24.4 0.0535296 0.0279957
24.8 0.0523594 0.0269131
25.2 0.0512594 0.0257599
25.6 0.0502287 0.0245409
26 0.0492651 0.0232619
26.4 0.0483648 0.0219299
26.8 0.0475229 0.020553
27.2 0.0467336 0.0191401
27.6 0.0459901 0.0177008
28 0.045285 0.0162451
28.4 0.0446106 0.0147836
28.8 0.0439588 0.0133266
29.2 0.0433214 0.0118848
29.6 0.0426905 0.0104684
30 0.0420583 0.00908707
30.4 0.0414176 0.00775012
30.8 0.0407617 0.00646601
31.2 0.040085 0.00524235
31.6 0.0393821 0.00408582
32 0.0386492 0.00300202
32.4 0.037883 0.0019955
32.8 0.0370816 0.00106966
33.2 0.0362438 0.000226804
33.6 0.0353697 -0.000531887
34 0.0344603 -0.00120627
34.4 0.0335177 -0.00179722
34.8 0.0325447 -0.00230648
35.2 0.031545 -0.00273663
35.6 0.0305232 -0.00309095
36 0.0294843 -0.00337331
36.4 0.0284339 -0.00358802
36.8 0.027378 -0.00373974
37.2 0.0263229 -0.00383333
37.6 0.025275 -0.00387377
38 0.0242407 -0.00386599
38.4 0.0232263 -0.00381485
38.8 0.022238 -0.00372497
39.2 0.0212817 -0.00360073
39.6 0.0203628 -0.00344617
40 0.0194862 -0.00326499
40.4 0.0186564 -0.00306048
40.8 0.0178772 -0.00283558
41.2 0.0171519 -0.00259282
41.6 0.0164828 -0.00233442
42 0.0158718 -0.00206228
42.4 0.0153201 -0.00177805
42.8 0.0148281 -0.00148321
43.2 0.0143956 -0.00117909
43.6 0.0140217 -0.000867009
44 0.013705 -0.000548277
44.4 0.0134435 -0.000224314
44.8 0.0132348 0.000103301
45.2 0.0130761 0.00043277
45.6 0.012964 0.000762029
46 0.0128951 0.00108871
46.4 0.0128658 0.00141012
46.8 0.0128722 0.00172323
47.2 0.0129105 0.00202467
47.6 0.0129767 0.0023108
48 0.0130672 0.00257769
48.4 0.0131784 0.0028212
48.8 0.0133068 0.00303709
49.2 0.0134492 0.00322103
49.6 0.013603 0.00336876
50 0.0137656 0.00347615
50.4 0.013935 0.00353936
50.8 0.0141095 0.0035549
51.2 0.0142878 0.0035198
51.6 0.0144693 0.00343167
52 0.0146535 0.00328887
52.4 0.0148406 0.00309054
52.8 0.0150311 0.00283677
53.2 0.015226 0.0025286
53.6 0.0154264 0.00216811
54 0.015634 0.00175848
54.4 0.0158508 0.00130395
54.8 0.0160788 0.000809893
55.2 0.0163205 0.000282701
55.6 0.0165781 -0.000270202
56 0.0168544 -0.000840465
56.4 0.0171517 -0.0014189
56.8 0.0174725 -0.00199561
57.2 0.0178191 -0.00256012
57.6 0.0181937 -0.00310153
58 0.018598 -0.00360871
58.4 0.0190336 -0.00407047
58.8 0.0195018 -0.00447576
59.2 0.0200031 -0.00481385
59.6 0.0205379 -0.00507457
60 0.021106 -0.00524846
60.4 0.0217065 -0.005327
60.8 0.0223383 -0.00530278
61.2 0.0229993 -0.00516965
61.6 0.0236872 -0.00492289
62 0.0243989 -0.00455933
62.4 0.025131 -0.00407744
62.8 0.0258795 -0.00347742
63.2 0.0266398 -0.00276127
63.6 0.0274071 -0.00193274
64 0.0281761 -0.000997385
64.4 0.0289412 3.75006e-05
64.8 0.0296966 0.00116298
65.2 0.0304364 0.00236854
65.6 0.0311546 0.00364229
66 0.031845 0.00497103
66.4 0.0325019 0.00634053
66.8 0.0331193 0.00773568
67.2 0.0336918 0.00914071
67.6 0.0342142 0.0105395
68 0.0346815 0.0119156
68.4 0.0350895 0.0132529
68.8 0.0354342 0.0145356
69.2 0.0357124 0.0157482
69.6 0.0359214 0.0168763
70 0.036059 0.0179066
70.4 0.036124 0.0188269
70.8 0.0361154 0.0196266
71.2 0.0360334 0.0202967
71.6 0.0358783 0.0208299
72 0.0356514 0.0212209
72.4 0.0353544 0.0214663
72.8 0.0349897 0.0215649
73.2 0.0345601 0.0215172
73.6 0.0340689 0.021326
74 0.0335197 0.0209962
74.4 0.0329167 0.0205342
74.8 0.0322639 0.0199485
75.2 0.031566 0.0192493
75.6 0.0308274 0.018448
76 0.0300528 0.0175577
76.4 0.0292469 0.0165924
76.8 0.0284142 0.0155669
77.2 0.0275593 0.0144969
77.6 0.0266864 0.0133984
78 0.0257996 0.0122876
78.4 0.024903 0.0111806
78.8 0.024 0.0100935
79.2 0.0230942 0.00904146
79.6 0.0221886 0.00803921
80 0.0212861 0.00710045
80.4 0.0203893 0.00623779
80.8 0.0195006 0.00546255
81.2 0.0186222 0.00478463
81.6 0.017756 0.00421241
82 0.0169038 0.00375266
82.4 0.0160674 0.00341042
82.8 0.0152484 0.00318904
83.2 0.0144483 0.00309013
83.6 0.0136688 0.00311356
84 0.0129114 0.00325753
84.4 0.0121778 0.00351861
84.8 0.0114698 0.00389185
85.2 0.0107891 0.00437085
85.6 0.0101378 0.00494793
86 0.00951786 0.00561421
86.4 0.0089316 0.00635982
86.8 0.00838132 0.00717403
87.2 0.00786946 0.00804539
87.6 0.00739855 0.00896197
88 0.00697117 0.0099115
88.4 0.00658994 0.0108815
88.8 0.00625743 0.0118596
89.2 0.00597618 0.0128334
89.6 0.00574858 0.0137911
90 0.00557689 0.0147212
90.4 0.00546312 0.0156127
90.8 0.00540902 0.0164557
91.2 0.00541601 0.0172407
91.6 0.00548512 0.0179595
92 0.00561698 0.0186048
92.4 0.0058117 0.0191702
92.8 0.00606893 0.0196507
93.2 0.00638775 0.0200424
93.6 0.00676668 0.0203423
94 0.00720366 0.0205488
94.4 0.00769604 0.0206614
94.8 0.00824058 0.0206808
95.2 0.00883347 0.0206085
95.6 0.00947035 0.0204472
96 0.0101463 0.0202004
96.4 0.010856 0.0198727
96.8 0.0115936 0.0194692
97.2 0.012353 0.0189957
97.6 0.0131275 0.0184587
98 0.0139104 0.017865
98.4 0.0146948 0.0172219
98.8 0.0154735 0.0165368
99.2 0.0162396 0.0158173
99.6 0.0169859 0.0150711
100 0.0177055 0.0143058
100.4 0.0183918 0.0135288
100.8 0.0190383 0.0127472
101.2 0.019639 0.0119679
101.6 0.0201882 0.0111974
102 0.0206809 0.0104414
102.4 0.0211125 0.0097055
102.8 0.0214789 0.00899446
103.2 0.0217768 0.00831249
103.6 0.0220037 0.00766315
104 0.0221574 0.00704933
104.4 0.0222367 0.00647327
104.8 0.0222412 0.00593654
105.2 0.0221708 0.00544006
105.6 0.0220265 0.00498415
106 0.0218098 0.00456851
106.4 0.021523 0.00419234
106.8 0.0211686 0.00385429
107.2 0.0207502 0.0035526
107.6 0.0202716 0.00328512
108 0.019737 0.00304936
108.4 0.0191513 0.0028426
108.8 0.0185195 0.0026619
109.2 0.0178468 0.00250421
109.6 0.0171389 0.00236641
110 0.0164013 0.00224538
110.4 0.0156398 0.00213808
110.8 0.0148602 0.00204156
111.2 0.0140681 0.00195305
111.6 0.013269 0.00186998
112 0.0124684 0.00179003
112.4 0.0116713 0.00171117
112.8 0.0108826 0.00163165
113.2 0.0101069 0.00155004
113.6 0.00934832 0.00146524
114 0.00861071 0.00137646
114.4 0.00789746 0.00128324
114.8 0.00721154 0.00118543
115.2 0.0065555 0.00108313
115.6 0.00593143 0.00097674
116 0.00534102 0.000866868
116.4 0.0047855 0.000754326
116.8 0.0042657 0.00064009
117.2 0.00378205 0.000525258
117.6 0.00333462 0.000411015
118 0.0029231 0.000298596
118.4 0.00254688 0.000189244
118.8 0.00220506 8.41791e-05
119.2 0.00189648 -1.54395e-05
119.6 0.00161975 -0.00010854
120 0.00137331 -0.000194167
120.4 0.00115544 -0.000271502
120.8 0.000964291 -0.000339881
121.2 0.000797956 -0.000398808
121.6 0.000654459 -0.000447963
122 0.000531807 -0.000487205
122.4 0.000428016 -0.00051657
122.8 0.000341134 -0.000536265
123.2 0.000269263 -0.000546657
123.6 0.00021058 -0.000548262
124 0.000163354 -0.000541725
124.4 0.000125959 -0.000527803
124.8 9.68827e-05 -0.000507343
125.2 7.47362e-05 -0.000481259
125.6 5.8257e-05 -0.00045051
126 4.63114e-05 -0.000416076
126.4 3.78939e-05 -0.000378936
126.8 3.21242e-05 -0.000340048
127.2 2.82422e-05 -0.000300327
127.6 2.56024e-05 -0.00026063
128 2.36655e-05 -0.00022174
128.4 2.19902e-05 -0.000184352
128.8 2.02236e-05 -0.000149067
129.2 1.80915e-05 -0.000116384
129.6 1.53886e-05 -8.66962e-05
130 1.19689e-05 -6.02894e-05
130.4 7.73568e-06 -3.73471e-05
130.8 2.63344e-06 -1.79528e-05
131.2 -3.36085e-06 -2.09789e-06
131.6 -1.02449e-05 1.03098e-05
132 -1.79975e-05 1.94357e-05
132.4 -2.65843e-05 2.55069e-05
132.8 -3.59618e-05 2.88002e-05
133.2 -4.60813e-05 2.96292e-05
133.6 -5.68917e-05 2.83322e-05
134 -6.83407e-05 2.52597e-05
134.4 -8.03764e-05 2.07634e-05
134.8 -9.29471e-05 1.51857e-05
135.2 -0.000106002 8.85017e-06
135.6 -0.000119488 2.05459e-06
136 -0.000133355 -4.93587e-06
136.4 -0.000147545 -1.18929e-05
136.8 -0.000162002 -1.8628e-05
137.2 -0.000176661 -2.49939e-05
137.6 -0.000191454 -3.08844e-05
138 -0.000206307 -3.62326e-05
138.4 -0.000221137 -4.10082e-05
138.8 -0.000235858 -4.5214e-05
139.2 -0.000250374 -4.88809e-05
139.6 -0.000264585 -5.20629e-05
140 -0.000278387 -5.48316e-05
140.4 -0.000291671 -5.72704e-05
140.8 -0.000304328 -5.94688e-05
141.2 -0.000316249 -6.15175e-05
141.6 -0.000327326 -6.35031e-05
142 -0.000337456 -6.55043e-05
142.4 -0.000346546 -6.75879e-05
142.8 -0.000354507 -6.98064e-05
143.2 -0.000361265 -7.21959e-05
143.6 -0.000366758 -7.47752e-05
144 -0.000370937 -7.75458e-05
144.4 -0.000373771 -8.04918e-05
144.8 -0.000375245 -8.35821e-05
145.2 -0.000375364 -8.67717e-05
145.6 -0.000374146 -9.00042e-05
146 -0.00037163 -9.32148e-05
146.4 -0.000367872 -9.6333e-05
146.8 -0.000362942 -9.92863e-05
147.2 -0.000356927 -0.000102002
147.6 -0.000349923 -0.000104413
148 -0.000342041 -0.000106456
148.4 -0.000333399 -0.000108078
148.8 -0.000324119 -0.000109235
149.2 -0.000314331 -0.000109897
149.6 -0.000304165 -0.000110046
150 -0.000293748 -0.000109675
150.4 -0.000283207 -0.000108793
150.8 -0.000272661 -0.000107419
151.2 -0.000262224 -0.000105584
151.6 -0.000252 -0.000103329
152 -0.000242084 -0.000100702
152.4 -0.000232557 -9.77564e-05
152.8 -0.000223491 -9.45504e-05
153.2 -0.000214944 -9.11429e-05
153.6 -0.000206962 -8.75923e-05
154 -0.000199578 -8.39543e-05
154.4 -0.000192812 -8.028e-05
154.8 -0.000186676 -7.66146e-05
155.2 -0.000181167 -7.29962e-05
155.6 -0.000176275 -6.94546e-05
156 -0.000171983 -6.60114e-05
156.4 -0.000168264 -6.26795e-05
156.8 -0.000165086 -5.94633e-05
157.2 -0.000162415 -5.636e-05
157.6 -0.000160209 -5.33597e-05
158 -0.000158427 -5.04471e-05
158.4 -0.000157025 -4.76028e-05
158.8 -0.000155961 -4.48048e-05
159.2 -0.000155192 -4.20298e-05
159.6 -0.000154674 -3.92553e-05
160 -0.000154368 -3.64609e-05
160.4 -0.000154234 -3.36292e-05
160.8 -0.000154237 -3.07479e-05
161.2 -0.000154341 -2.78099e-05
161.6 -0.000154514 -2.48145e-05
162 -0.000154725 -2.17677e-05
162.4 -0.000154946 -1.86822e-05
162.8 -0.000155149 -1.55771e-05
163.2 -0.000155308 -1.24777e-05
163.6 -0.000155399 -9.41458e-06
164 -0.000155398 -6.42259e-06
164.4 -0.000155283 -3.53967e-06
164.8 -0.000155032 -8.05572e-07
165.2 -0.000154623 1.73961e-06
165.6 -0.000154038 4.05683e-06
166 -0.000153258 6.10957e-06
166.4 -0.000152265 7.86516e-06
166.8 -0.000151043 9.29597e-06
167.2 -0.00014958 1.03805e-05
167.6 -0.000147864 1.11043e-05
168 -0.000145887 1.14603e-05
168.4 -0.000143645 1.14494e-05
168.8 -0.000141135 1.10806e-05
169.2 -0.00013836 1.03706e-05
169.6 -0.000135327 9.34334e-06
170 -0.000132048 8.02957e-06
170.4 -0.000128537 6.46573e-06
170.8 -0.000124815 4.69299e-06
171.2 -0.000120907 2.75596e-06
171.6 -0.000116839 7.01485e-07
172 -0.000112645 -1.42276e-06
172.4 -0.00010836 -3.56958e-06
172.8 -0.000104022 -5.69358e-06
173.2 -9.96693e-05 -7.75231e-06
173.6 -9.53441e-05 -9.70741e-06
174 -9.10873e-05 -1.15255e-05
174.4 -8.69398e-05 -1.31788e-05
174.8 -8.29409e-05 -1.46458e-05
175.2 -7.91278e-05 -1.59115e-05
175.6 -7.55349e-05 -1.69675e-05
176 -7.21926e-05 -1.78118e-05
176.4 -6.91269e-05 -1.84485e-05
176.8 -6.63589e-05 -1.88873e-05
177.2 -6.39042e-05 -1.9143e-05
177.6 -6.17724e-05 -1.9234e-05
178 -5.99673e-05 -1.91825e-05
178.4 -5.84865e-05 -1.90124e-05
178.8 -5.73218e-05 -1.87493e-05
179.2 -5.6459e-05 -1.84187e-05
179.6 -5.58785e-05 -1.80457e-05
180 -5.55559e-05 -1.76537e-05
180.4 -5.54624e-05 -1.72642e-05
180.8 -5.55654e-05 -1.68956e-05
181.2 -5.58294e-05 -1.65628e-05
181.6 -5.62166e-05 -1.62776e-05
182 -5.66883e-05 -1.60474e-05
182.4 -5.72047e-05 -1.58763e-05
182.8 -5.77268e-05 -1.57643e-05
183.2 -5.82164e-05 -1.57085e-05
183.6 -5.86374e-05 -1.57025e-05
184 -5.8956e-05 -1.57378e-05
184.4 -5.91416e-05 -1.58037e-05
184.8 -5.91672e-05 -1.58884e-05
185.2 -5.90097e-05 -1.59791e-05
185.6 -5.86507e-05 -1.60631e-05
186 -5.80757e-05 -1.61284e-05
186.4 -5.72753e-05 -1.61636e-05
186.8 -5.62445e-05 -1.61591e-05
187.2 -5.49826e-05 -1.61072e-05
187.6 -5.34934e-05 -1.60023e-05
188 -5.17845e-05 -1.58411e-05
188.4 -4.98674e-05 -1.56228e-05
188.8 -4.77568e-05 -1.53489e-05
189.2 -4.54702e-05 -1.50232e-05
189.6 -4.30275e-05 -1.46512e-05
190 -4.04508e-05 -1.42404e-05
190.4 -3.77635e-05 -1.37995e-05
190.8 -3.49901e-05 -1.3338e-05
191.2 -3.21558e-05 -1.28659e-05
191.6 -2.9286e-05 -1.23933e-05
192 -2.64059e-05 -1.19298e-05
192.4 -2.35402e-05 -1.14841e-05
192.8 -2.07131e-05 -1.10639e-05
193.2 -1.79473e-05 -1.06754e-05
193.6 -1.52645e-05 -1.03232e-05
194 -1.26848e-05 -1.00102e-05
194.4 -1.02269e-05 -9.73724e-06
194.8 -7.90743e-06 -9.50359e-06
195.2 -5.74138e-06 -9.30672e-06
195.6 -3.74173e-06 -9.14266e-06
196 -1.91949e-06 -9.00615e-06
196.4 -2.83615e-07 -8.89094e-06
196.8 1.15898e-06 -8.79016e-06
197.2 2.40349e-06 -8.69663e-06
197.6 3.44717e-06 -8.60324e-06
198 4.28939e-06 -8.50323e-06
198.4 4.93158e-06 -8.39058e-06
198.8 5.37725e-06 -8.26027e-06
199.2 5.63193e-06 -8.10847e-06
199.6 5.7031e-06 -7.93276e-06
200 5.6002e-06 -7.73221e-06
200.4 5.33445e-06 -7.50743e-06
200.8 4.91882e-06 -7.26055e-06
201.2 4.36787e-06 -6.99512e-06
201.6 3.69756e-06 -6.71592e-06
202 2.92515e-06 -6.4288e-06
202.4 2.06891e-06 -6.14041e-06
202.8 1.14791e-06 -5.85788e-06
203.2 1.81789e-07 -5.58855e-06
203.6 -8.09565e-07 -5.33964e-06
204 -1.80628e-06 -5.11793e-06
204.4 -2.78884e-06 -4.92946e-06
204.8 -3.73836e-06 -4.77931e-06
205.2 -4.63692e-06 -4.67131e-06
205.6 -5.46787e-06 -4.60793e-06
206 -6.21611e-06 -4.59013e-06
206.4 -6.86834e-06 -4.6173e-06
206.8 -7.41334e-06 -4.68727e-06
207.2 -7.8421e-06 -4.79639e-06
207.6 -8.14802e-06 -4.93964e-06
208 -8.32699e-06 -5.11082e-06
208.4 -8.37746e-06 -5.30273e-06
208.8 -8.30041e-06 -5.50748e-06
209.2 -8.09933e-06 -5.71676e-06
209.6 -7.78006e-06 -5.92211e-06
210 -7.35064e-06 -6.11523e-06
210.4 -6.82112e-06 -6.2883e-06
210.8 -6.20325e-06 -6.43422e-06
211.2 -5.51024e-06 -6.54682e-06
211.6 -4.75636e-06 -6.62115e-06
212 -3.95668e-06 -6.65355e-06
212.4 -3.12663e-06 -6.64177e-06
212.8 -2.28167e-06 -6.58505e-06
213.2 -1.43695e-06 -6.48408e-06
213.6 -6.06925e-07 -6.34097e-06
214 1.94899e-07 -6.15909e-06
214.4 9.56299e-07 -5.94295e-06
214.8 1.66654e-06 -5.69803e-06
215.2 2.3166e-06 -5.43046e-06
215.6 2.89928e-06 -5.1469e-06
216 3.40932e-06 -4.85416e-06
216.4 3.8434e-06 -4.55905e-06
216.8 4.20019e-06 -4.26805e-06
217.2 4.48021e-06 -3.98714e-06
217.6 4.68575e-06 -3.72154e-06
218 4.8207e-06 -3.4756e-06
218.4 4.89037e-06 -3.25264e-06
218.8 4.90124e-06 -3.05489e-06
219.2 4.86072e-06 -2.88341e-06
219.6 4.77692e-06 -2.73815e-06
220 4.65836e-06 -2.61796e-06
220.4 4.51368e-06 -2.52074e-06
220.8 4.35145e-06 -2.44349e-06
221.2 4.17991e-06 -2.38257e-06
221.6 4.00675e-06 -2.33382e-06
222 3.83895e-06 -2.29276e-06
222.4 3.68263e-06 -2.25484e-06
222.8 3.54297e-06 -2.21559e-06
223.2 3.42409e-06 -2.17088e-06
223.6 3.32906e-06 -2.11703e-06
224 3.25989e-06 -2.05098e-06
224.4 3.21759e-06 -1.97045e-06
224.8 3.20221e-06 -1.87397e-06
225.2 3.21298e-06 -1.76096e-06
225.6 3.24837e-06 -1.63173e-06
226 3.30629e-06 -1.48744e-06
226.4 3.38419e-06 -1.33006e-06
226.8 3.47922e-06 -1.16225e-06
227.2 3.58838e-06 -9.87251e-07
227.6 3.70863e-06 -8.0871e-07
228 3.83706e-06 -6.30544e-07
228.4 3.97096e-06 -4.56753e-07
228.8 4.10792e-06 -2.9125e-07
229.2 4.24589e-06 -1.37693e-07
229.6 4.38322e-06 6.70438e-10
230 4.51871e-06 1.21136e-07
230.4 4.65155e-06 2.21656e-07
230.8 4.78132e-06 3.00918e-07
231.2 4.90796e-06 3.58397e-07
231.6 5.03168e-06 3.94371e-07
232 5.15291e-06 4.09904e-07
232.4 5.2722e-06 4.06796e-07
232.8 5.39014e-06 3.87501e-07
233.2 5.50731e-06 3.55024e-07
233.6 5.62412e-06 3.12789e-07
234 5.74085e-06 2.64498e-07
234.4 5.85749e-06 2.13975e-07
234.8 5.97375e-06 1.65007e-07
235.2 6.08904e-06 1.21193e-07
235.6 6.20241e-06 8.57922e-08
236 6.31262e-06 6.15998e-08
236.4 6.41814e-06 5.08324e-08
236.8 6.51715e-06 5.50442e-08
237.2 6.60769e-06 7.50693e-08
237.6 6.68764e-06 1.10994e-07
238 6.75485e-06 1.62159e-07
238.4 6.80721e-06 2.27195e-07
238.8 6.84272e-06 3.04081e-07
239.2 6.8596e-06 3.90239e-07
239.6 6.85634e-06 4.82636e-07
240 6.83182e-06 5.77917e-07
240.4 6.78528e-06 6.72544e-07
240.8 6.71646e-06 7.62942e-07
241.2 6.62556e-06 8.45644e-07
241.6 6.51328e-06 9.17433e-07
242 6.38079e-06 9.75474e-07
242.4 6.22972e-06 1.01742e-06
242.8 6.06214e-06 1.04153e-06
243.2 5.88045e-06 1.04669e-06
243.6 5.68733e-06 1.03251e-06
244 5.4857e-06 9.99299e-07
244.4 5.27855e-06 9.48072e-07
244.8 5.06893e-06 8.80501e-07
245.2 4.85981e-06 7.98845e-07
245.6 4.65399e-06 7.05868e-07
246 4.45406e-06 6.04722e-07
246.4 4.26226e-06 4.9883e-07
246.8 4.08049e-06 3.9175e-07
247.2 3.91021e-06 2.87041e-07
247.6 3.75246e-06 1.88122e-07
248 3.60779e-06 9.81521e-08
248.4 3.47632e-06 1.99074e-08
248.8 3.35772e-06 -4.43177e-08
249.2 3.25128e-06 -9.27907e-08
249.6 3.15595e-06 -1.24399e-07
250 3.07039e-06 -1.38684e-07
250.4 2.99309e-06 -1.35846e-07
250.8 2.92239e-06 -1.16726e-07
251.2 2.8566e-06 -8.27647e-08
251.6 2.79409e-06 -3.59314e-08
252 2.73334e-06 2.13569e-08
252.4 2.67304e-06 8.63406e-08
252.8 2.61214e-06 1.5603e-07
253.2 2.54991e-06 2.27328e-07
253.6 2.48595e-06 2.97152e-07
254 2.42027e-06 3.62554e-07
254.4 2.35324e-06 4.20836e-07
254.8 2.2856e-06 4.69652e-07
255.2 2.21842e-06 5.07091e-07
255.6 2.15311e-06 5.31749e-07
256 2.09128e-06 5.4277e-07
256.4 2.03476e-06 5.39875e-07
256.8 1.98546e-06 5.23356e-07
257.2 1.94532e-06 4.9406e-07
257.6 1.91624e-06 4.53341e-07
258 1.89996e-06 4.02993e-07
258.4 1.89802e-06 3.45177e-07
258.8 1.91167e-06 2.8232e-07
259.2 1.94181e-06 2.17016e-07
259.6 1.98895e-06 1.51912e-07
260 2.05317e-06 8.96076e-08
260.4 2.13408e-06 3.25412e-08
260.8 2.23085e-06 -1.71024e-08
261.2 2.34221e-06 -5.74794e-08
261.6 2.46644e-06 -8.71577e-08
262 2.60148e-06 -1.05169e-07
262.4 2.74493e-06 -1.11045e-07
262.8 2.89415e-06 -1.04826e-07
263.2 3.04631e-06 -8.7056e-08
263.6 3.19849e-06 -5.87555e-08
264 3.34775e-06 -2.13717e-08
264.4 3.49122e-06 2.32839e-08
264.8 3.62619e-06 7.3113e-08
265.2 3.75017e-06 1.25819e-07
265.6 3.86099e-06 1.79004e-07
266 3.9568e-06 2.30262e-07
266.4 4.03618e-06 2.77284e-07
266.8 4.09812e-06 3.17944e-07
267.2 4.14206e-06 3.50387e-07
267.6 4.1679e-06 3.73097e-07
268 4.17597e-06 3.84961e-07
268.4 4.16702e-06 3.85305e-07
268.8 4.14215e-06 3.73918e-07
269.2 4.10281e-06 3.51058e-07
269.6 4.05068e-06 3.17436e-07
270 3.98768e-06 2.74181e-07
270.4 3.91583e-06 2.22797e-07
270.8 3.83722e-06 1.65095e-07
271.2 3.75391e-06 1.03117e-07
271.6 3.66792e-06 3.9058e-08
272 3.5811e-06 -2.48262e-08
272.4 3.49513e-06 -8.63079e-08
272.8 3.41145e-06 -1.43275e-07
273.2 3.33124e-06 -1.93811e-07
273.6 3.25542e-06 -2.36271e-07
274 3.18458e-06 -2.6934e-07
274.4 3.11906e-06 -2.92082e-07
274.8 3.0589e-06 -3.0397e-07
275.2 3.00392e-06 -3.04902e-07
275.6 2.95371e-06 -2.95197e-07
276 2.9077e-06 -2.75577e-07
276.4 2.86519e-06 -2.4713e-07
276.8 2.82539e-06 -2.11263e-07
277.2 2.7875e-06 -1.69639e-07
277.6 2.75074e-06 -1.24106e-07
278 2.71438e-06 -7.66192e-08
278.4 2.67783e-06 -2.9162e-08
278.8 2.64062e-06 1.63368e-08
279.2 2.60243e-06 5.80794e-08
279.6 2.56315e-06 9.447e-08
280 2.52285e-06 1.24177e-07
280.4 2.48179e-06 1.46184e-07
280.8 2.44039e-06 1.59825e-07
281.2 2.39925e-06 1.64809e-07
281.6 2.35909e-06 1.61223e-07
282 2.32071e-06 1.49529e-07
282.4 2.28497e-06 1.30533e-07
282.8 2.25275e-06 1.05351e-07
283.2 2.22489e-06 7.53601e-08
283.6 2.20216e-06 4.21346e-08
284 2.18522e-06 7.38039e-09
284.4 2.17458e-06 -2.71379e-08
284.8 2.17056e-06 -5.96713e-08
285.2 2.17329e-06 -8.85593e-08
285.6 2.18268e-06 -1.12299e-07
286 2.19842e-06 -1.29605e-07
286.4 2.21996e-06 -1.39465e-07
286.8 2.24658e-06 -1.41177e-07
287.2 2.27734e-06 -1.3438e-07
287.6 2.31115e-06 -1.19065e-07
288 2.34681e-06 -9.55773e-08
288.4 2.38302e-06 -6.45998e-08
288.8 2.41844e-06 -2.71244e-08
289.2 2.45174e-06 1.55882e-08
289.6 2.48163e-06 6.20606e-08
290 2.50695e-06 1.10658e-07
290.4 2.52664e-06 1.59654e-07
290.8 2.53982e-06 2.07301e-07
291.2 2.54584e-06 2.51899e-07
291.6 2.54425e-06 2.91859e-07
292 2.53485e-06 3.25775e-07
292.4 2.5177e-06 3.52468e-07
292.8 2.49309e-06 3.71037e-07
293.2 2.46157e-06 3.80894e-07
293.6 2.42386e-06 3.8178e-07
294 2.38092e-06 3.7378e-07
294.4 2.33383e-06 3.5731e-07
294.8 2.28379e-06 3.33105e-07
295.2 2.23208e-06 3.02185e-07
295.6 2.18002e-06 2.65811e-07
296 2.12887e-06 2.25438e-07
296.4 2.07987e-06 1.82653e-07
296.8 2.03416e-06 1.39114e-07
297.2 1.9927e-06 9.64843e-08
297.6 1.95632e-06 5.63657e-08
298 1.92565e-06 2.02394e-08
298.4 1.9011e-06 -1.05926e-08
298.8 1.88287e-06 -3.50554e-08
299.2 1.87093e-06 -5.23409e-08
299.6 1.86505e-06 -6.19365e-08
300 1.86481e-06 -6.36413e-08
300.4 1.86959e-06 -5.75703e-08
300.8 1.87865e-06 -4.41458e-08
301.2 1.89114e-06 -2.40767e-08
301.6 1.9061e-06 1.673e-09
302 1.92256e-06 3.19261e-08
302.4 1.93954e-06 6.53414e-08
302.8 1.95611e-06 1.00469e-07
303.2 1.97139e-06 1.35811e-07
303.6 1.98463e-06 1.69879e-07
304 1.99518e-06 2.01255e-07
304.4 2.00256e-06 2.28651e-07
304.8 2.00646e-06 2.50951e-07
305.2 2.00672e-06 2.67262e-07
305.6 2.00338e-06 2.76942e-07
306 1.99662e-06 2.79624e-07
306.4 1.98679e-06 2.7523e-07
306.8 1.97436e-06 2.63968e-07
307.2 1.95992e-06 2.46325e-07
307.6 1.94413e-06 2.23037e-07
308 1.92769e-06 1.95065e-07
308.4 1.91135e-06 1.6355e-07
308.8 1.89582e-06 1.29765e-07
309.2 1.88177e-06 9.50653e-08
309.6 1.8698e-06 6.083e-08
310 1.8604e-06 2.84093e-08
310.4 1.85395e-06 -9.30593e-10
310.8 1.85069e-06 -2.60572e-08
311.2 1.85071e-06 -4.60158e-08
311.6 1.85398e-06 -6.00661e-08
312 1.86029e-06 -6.77093e-08
312.4 1.86932e-06 -6.87064e-08
312.8 1.88061e-06 -6.30846e-08
313.2 1.89362e-06 -5.1134e-08
313.6 1.90771e-06 -3.33933e-08
314 1.9222e-06 -1.06259e-08
314.4 1.93638e-06 1.62132e-08
314.8 1.94957e-06 4.60169e-08
315.2 1.96108e-06 7.75723e-08
315.6 1.97033e-06 1.0961e-07
316 1.9768e-06 1.40856e-07
316.4 1.98007e-06 1.7008e-07
316.8 1.97987e-06 1.96151e-07
317.2 1.97604e-06 2.18072e-07
317.6 1.96858e-06 2.35028e-07
318 1.95762e-06 2.46408e-07
318.4 1.94342e-06 2.51836e-07
318.8 1.92639e-06 2.51177e-07
319.2 1.90702e-06 2.44543e-07
319.6 1.88592e-06 2.32285e-07
320 1.86373e-06 2.14979e-07
320.4 1.84115e-06 1.93395e-07
320.8 1.81891e-06 1.68471e-07
321.2 1.79769e-06 1.41268e-07
321.6 1.77816e-06 1.12929e-07
322 1.76091e-06 8.46309e-08
322.4 1.74644e-06 5.75377e-08
322.8 1.73515e-06 3.27526e-08
323.2 1.72732e-06 1.12748e-08
323.6 1.72308e-06 -6.04054e-09
324 1.72247e-06 -1.85148e-08
324.4 1.72535e-06 -2.56723e-08
324.8 1.73148e-06 -2.72578e-08
325.2 1.7405e-06 -2.32445e-08
325.6 1.75195e-06 -1.38339e-08
326 1.76527e-06 5.54646e-10
326.4 1.77988e-06 1.93025e-08
326.8 1.79513e-06 4.1618e-08
327.2 1.81038e-06 6.657e-08
327.6 1.82499e-06 9.31261e-08
328 1.83838e-06 1.20195e-07
328.4 1.85003e-06 1.46672e-07
328.8 1.85947e-06 1.71482e-07
329.2 1.86637e-06 1.93622e-07
329.6 1.87049e-06 2.12203e-07
330 1.87171e-06 2.26486e-07
330.4 1.87001e-06 2.35904e-07
330.8 1.86553e-06 2.40091e-07
331.2 1.85848e-06 2.38894e-07
331.6 1.84919e-06 2.32372e-07
332 1.83807e-06 2.208e-07
332.4 1.82558e-06 2.0465e-07
332.8 1.81226e-06 1.84576e-07
333.2 1.79864e-06 1.61383e-07
333.6 1.78525e-06 1.35995e-07
334 1.77262e-06 1.09417e-07
334.4 1.76122e-06 8.26963e-08
334.8 1.75146e-06 5.68776e-08
335.2 1.74366e-06 3.29632e-08
335.6 1.73806e-06 1.18726e-08
336 1.73478e-06 -5.59275e-09
336.4 1.73385e-06 -1.87812e-08
336.8 1.73517e-06 -2.72151e-08
337.2 1.73857e-06 -3.06088e-08
337.6 1.74374e-06 -2.88785e-08
338 1.75032e-06 -2.21436e-08
338.4 1.75786e-06 -1.07211e-08
338.8 1.76588e-06 4.88953e-09
339.2 1.77385e-06 2.4027e-08
339.6 1.78124e-06 4.5896e-08
340 1.78753e-06 6.96001e-08
340.4 1.79224e-06 9.41781e-08
340.8 1.79494e-06 1.18643e-07
341.2 1.79527e-06 1.42021e-07
341.6 1.79295e-06 1.63391e-07
342 1.78781e-06 1.81919e-07
342.4 1.77978e-06 1.96894e-07
342.8 1.76889e-06 2.0775e-07
343.2 1.75528e-06 2.14094e-07
343.6 1.73919e-06 2.15714e-07
344 1.72095e-06 2.12589e-07
344.4 1.70098e-06 2.04886e-07
344.8 1.67976e-06 1.92956e-07
345.2 1.65779e-06 1.77314e-07
345.6 1.63564e-06 1.58617e-07
346 1.61384e-06 1.3764e-07
346.4 1.59293e-06 1.15242e-07
346.8 1.57341e-06 9.23295e-08
347.2 1.55572e-06 6.98214e-08
347.6 1.54023e-06 4.86125e-08
348 1.52723e-06 2.95369e-08
348.4 1.5169e-06 1.33355e-08
348.8 1.50935e-06 6.26943e-10
349.2 1.50457e-06 -8.11581e-09
349.6 1.50243e-06 -1.25836e-08
350 1.50273e-06 -1.26419e-08
350.4 1.50518e-06 -8.33498e-09
350.8 1.50941e-06 1.17615e-10
351.2 1.51499e-06 1.2331e-08
351.6 1.52145e-06 2.77716e-08
352 1.52832e-06 4.57802e-08
352.4 1.53508e-06 6.55987e-08
352.8 1.54127e-06 8.64016e-08
353.2 1.54645e-06 1.0733e-07
353.6 1.55022e-06 1.27524e-07
354 1.55226e-06 1.46162e-07
354.4 1.55233e-06 1.62487e-07
354.8 1.55027e-06 1.75843e-07
355.2 1.54602e-06 1.85694e-07
355.6 1.5396e-06 1.91649e-07
356 1.53114e-06 1.93476e-07
356.4 1.52083e-06 1.91109e-07
356.8 1.50898e-06 1.8465e-07
357.2 1.49591e-06 1.74362e-07
357.6 1.48202e-06 1.60662e-07
358 1.46775e-06 1.44096e-07
358.4 1.45355e-06 1.25324e-07
358.8 1.43984e-06 1.05088e-07
359.2 1.42707e-06 8.41808e-08
359.6 1.41561e-06 6.34191e-08
360 1.40579e-06 4.36061e-08
360.4 1.39789e-06 2.55012e-08
360.8 1.3921e-06 9.79029e-09
361.2 1.38853e-06 -2.94167e-09
361.6 1.3872e-06 -1.22328e-08
362 1.38806e-06 -1.7762e-08
362.4 1.39094e-06 -1.93605e-08
362.8 1.39564e-06 -1.70177e-08
363.2 1.40186e-06 -1.08801e-08
363.6 1.40924e-06 -1.24436e-09
364 1.4174e-06 1.14557e-08
364.4 1.42592e-06 2.66677e-08
364.8 1.43436e-06 4.37434e-08
365.2 1.44231e-06 6.19656e-08
365.6 1.44937e-06 8.05771e-08
366 1.45518e-06 9.88117e-08
366.4 1.45942e-06 1.15924e-07
366.8 1.46186e-06 1.31221e-07
367.2 1.46232e-06 1.44087e-07
367.6 1.4607e-06 1.5401e-07
368 1.457e-06 1.60597e-07
368.4 1.45127e-06 1.63597e-07
368.8 1.44367e-06 1.62901e-07
369.2 1.43441e-06 1.58551e-07
369.6 1.42376e-06 1.50735e-07
370 1.41205e-06 1.3978e-07
370.4 1.39965e-06 1.26136e-07
370.8 1.38693e-06 1.10358e-07
371.2 1.37429e-06 9.30824e-08
371.6 1.3621e-06 7.50031e-08
372 1.35073e-06 5.68407e-08
372.4 1.34048e-06 3.93145e-08
372.8 1.33162e-06 2.31142e-08
373.2 1.32435e-06 8.87181e-09
373.6 1.31882e-06 -2.86295e-09
374 1.31509e-06 -1.1644e-08
374.4 1.31314e-06 -1.71463e-08
374.8 1.31289e-06 -1.91775e-08
375.2 1.31418e-06 -1.76853e-08
375.6 1.31681e-06 -1.27584e-08
376 1.3205e-06 -4.62166e-09
376.4 1.32494e-06 6.3733e-09
376.8 1.32979e-06 1.97634e-08
377.2 1.3347e-06 3.4993e-08
377.6 1.33931e-06 5.14373e-08
378 1.34329e-06 6.84269e-08
378.4 1.34633e-06 8.52758e-08
378.8 1.34816e-06 1.01308e-07
379.2 1.34855e-06 1.15885e-07
379.6 1.34735e-06 1.28431e-07
380 1.34446e-06 1.38456e-07
380.4 1.33988e-06 1.45572e-07
380.8 1.33363e-06 1.49511e-07
381.2 1.32584e-06 1.50134e-07
381.6 1.31669e-06 1.47436e-07
382 1.30642e-06 1.41544e-07
382.4 1.2953e-06 1.32709e-07
382.8 1.28365e-06 1.21302e-07
383.2 1.27181e-06 1.07792e-07
383.6 1.26013e-06 9.27286e-08
384 1.24895e-06 7.67197e-08
384.4 1.2386e-06 6.04068e-08
384.8 1.22937e-06 4.44393e-08
385.2 1.22151e-06 2.94479e-08
385.6 1.21522e-06 1.60201e-08
386 1.21064e-06 4.67686e-09
386.4 1.20783e-06 -4.14768e-09
386.8 1.20681e-06 -1.0123e-08
387.2 1.20751e-06 -1.30348e-08
387.6 1.2098e-06 -1.27923e-08
388 1.2135e-06 -9.43144e-09
388.4 1.21836e-06 -3.11249e-09
388.8 1.22411e-06 5.8874e-09
389.2 1.23043e-06 1.71859e-08
389.6 1.23699e-06 3.03117e-08
390 1.24345e-06 4.47236e-08
390.4 1.24948e-06 5.9833e-08
390.8 1.25477e-06 7.50276e-08
391.2 1.25903e-06 8.96958e-08
391.6 1.26204e-06 1.03251e-07
392 1.26359e-06 1.15157e-07
392.4 1.26358e-06 1.24945e-07
392.8 1.26191e-06 1.32234e-07
393.2 1.25861e-06 1.36748e-07
393.6 1.25371e-06 1.38323e-07
394 1.24735e-06 1.36912e-07
394.4 1.23971e-06 1.32589e-07
394.8 1.231e-06 1.25544e-07
395.2 1.22148e-06 1.16075e-07
395.6 1.21145e-06 1.04575e-07
396 1.20121e-06 9.15148e-08
396.4 1.19107e-06 7.74253e-08
396.8 1.18133e-06 6.28749e-08
397.2 1.17226e-06 4.8447e-08
397.6 1.16413e-06 3.47164e-08
398 1.15712e-06 2.22261e-08
398.4 1.15142e-06 1.14665e-08
398.8 1.14711e-06 2.85559e-09
399.2 1.14424e-06 -3.27705e-09
399.6 1.14282e-06 -6.70291e-09
400 1.14276e-06 -7.30295e-09
