-0.498 1.14637 0.768923
-0.496 1.35266 0.798963
-0.494 1.51095 0.81443
-0.492 1.61367 0.813876
-0.49 1.65577 0.796405
-0.488 1.63495 0.761733
-0.486 1.55177 0.710222
-0.484 1.40965 0.642878
-0.482 1.2147 0.561329
-0.48 0.975403 0.467761
-0.478 0.702261 0.364836
-0.476 0.40727 0.255585
-0.474 0.103364 0.143281
-0.472 -0.196195 0.0313043
-0.47 -0.478441 -0.0770039
-0.468 -0.731304 -0.17848
-0.466 -0.944174 -0.270272
-0.464 -1.10838 -0.349957
-0.462 -1.2176 -0.41564
-0.46 -1.26808 -0.466025
-0.458 -1.25887 -0.500461
-0.456 -1.19173 -0.518954
-0.454 -1.07109 -0.522149
-0.452 -0.903779 -0.511287
-0.45 -0.698637 -0.488126
-0.448 -0.466083 -0.454843
-0.446 -0.217574 -0.413922
-0.444 0.0349678 -0.368021
-0.442 0.279747 -0.319835
-0.44 0.505674 -0.27197
-0.438 0.702903 -0.226809
-0.436 0.863294 -0.186402
-0.434 0.980792 -0.152374
-0.432 1.05169 -0.125856
-0.43 1.07475 -0.107442
-0.428 1.05125 -0.0971785
-0.426 0.984827 -0.0945835
-0.424 0.881237 -0.0986913
-0.422 0.748008 -0.108127
-0.42 0.593987 -0.121201
-0.418 0.428823 -0.136021
-0.416 0.262414 -0.150615
-0.414 0.104339 -0.16306
-0.412 -0.0366838 -0.171602
-0.41 -0.153295 -0.174776
-0.408 -0.239911 -0.171503
-0.406 -0.293044 -0.161166
-0.404 -0.3115 -0.143662
-0.402 -0.296458 -0.119424
-0.4 -0.251407 -0.0894137
-0.398 -0.181955 -0.0550788
-0.396 -0.0955194 -0.0182856
-0.394 -0.000911263 0.0187772
-0.392 0.0921678 0.0537145
-0.39 0.173682 0.0840582
-0.388 0.233851 0.107408
-0.386 0.263734 0.121573
-0.384 0.255782 0.124711
-0.382 0.204333 0.115447
-0.38 0.106007 0.0929825
-0.378 -0.0399981 0.0571628
-0.376 -0.231752 0.0085287
-0.374 -0.464568 -0.0516755
-0.372 -0.731128 -0.121527
-0.37 -1.02175 -0.198482
-0.368 -1.32477 -0.279476
-0.366 -1.62709 -0.361039
-0.364 -1.91471 -0.439448
-0.362 -2.17346 -0.510887
-0.36 -2.38963 -0.571628
-0.358 -2.55071 -0.618198
-0.356 -2.64595 -0.647554
-0.354 -2.66705 -0.657235
-0.352 -2.60851 -0.645488
-0.35 -2.46805 -0.611376
-0.348 -2.24679 -0.554837
-0.346 -1.94926 -0.476714
-0.344 -1.5833 -0.378746
-0.342 -1.15978 -0.263507
-0.34 -0.692153 -0.134323
-0.338 -0.195906 0.00486242
-0.336 0.312094 0.149636
-0.334 0.814336 0.295298
-0.332 1.29343 0.437051
-0.33 1.73285 0.570197
-0.328 2.11772 0.690335
-0.326 2.43538 0.79354
-0.324 2.67603 0.876525
-0.322 2.83309 0.936778
-0.32 2.90349 0.972655
-0.318 2.88779 0.983446
-0.316 2.79009 0.969389
-0.314 2.61784 0.931653
-0.312 2.3814 0.872268
-0.31 2.09355 0.794023
-0.308 1.76886 0.700336
-0.306 1.42296 0.595085
-0.304 1.07176 0.482435
-0.302 0.730723 0.366643
-0.3 0.414095 0.251869
-0.298 0.134243 0.141994
-0.296 -0.0989183 0.0404554
-0.294 -0.278367 -0.0498943
-0.292 -0.40027 -0.126897
-0.29 -0.464112 -0.189161
-0.288 -0.472659 -0.236094
-0.286 -0.431745 -0.267899
-0.284 -0.349917 -0.285524
-0.282 -0.237931 -0.290585
-0.28 -0.108143 -0.285244
-0.278 0.0261833 -0.272076
-0.276 0.151613 -0.253909
-0.274 0.255283 -0.233659
-0.272 0.32562 -0.214158
-0.27 0.352987 -0.198002
-0.268 0.330231 -0.187404
-0.266 0.253106 -0.184074
-0.264 0.120549 -0.189133
-0.262 -0.0652168 -0.203056
-0.26 -0.29874 -0.22565
-0.258 -0.571571 -0.256075
-0.256 -0.872651 -0.292899
-0.254 -1.18884 -0.334181
-0.252 -1.50556 -0.377588
-0.25 -1.80752 -0.420534
-0.248 -2.07952 -0.46033
-0.246 -2.3072 -0.494341
-0.244 -2.47786 -0.520146
-0.242 -2.58111 -0.535685
-0.24 -2.60951 -0.539383
-0.238 -2.55902 -0.530255
-0.236 -2.42931 -0.507979
-0.234 -2.22388 -0.472931
-0.232 -1.95003 -0.426178
-0.23 -1.61859 -0.369446
-0.228 -1.24347 -0.305034
-0.226 -0.841102 -0.235708
-0.224 -0.429656 -0.16456
-0.222 -0.0282176 -0.0948486
-0.22 0.344139 -0.0298268
-0.218 0.66929 0.0274348
-0.216 0.930978 0.0742184
-0.214 1.11566 0.108315
-0.212 1.21325 0.128157
-0.21 1.2177 0.13292
-0.208 1.12738 0.122591
-0.206 0.945322 0.0979905
-0.204 0.679122 0.0607566
-0.202 0.340742 0.0132871
-0.2 -0.0539799 -0.0413611
-0.198 -0.485993 -0.0996059
-0.196 -0.93386 -0.157505
-0.194 -1.37472 -0.21094
-0.192 -1.78532 -0.255816
-0.19 -2.14309 -0.288264
-0.188 -2.42724 -0.30483
-0.186 -2.61967 -0.30266
-0.184 -2.70592 -0.279649
-0.182 -2.67586 -0.234562
-0.18 -2.5242 -0.167114
-0.178 -2.25082 -0.0780117
-0.176 -1.86081 0.03106
-0.174 -1.36434 0.157486
-0.172 -0.776266 0.297821
-0.17 -0.115499 0.447922
-0.168 0.595757 0.603116
-0.166 1.33294 0.758395
-0.164 2.07016 0.908625
-0.162 2.78131 1.04876
-0.16 3.44111 1.17405
-0.158 4.02623 1.28024
-0.156 4.51618 1.36375
-0.154 4.89418 1.42181
-0.152 5.14783 1.45257
-0.15 5.26953 1.45516
-0.148 5.25681 1.4297
-0.146 5.11227 1.37731
-0.144 4.84348 1.29998
-0.142 4.46253 1.2005
-0.14 3.98545 1.08233
-0.138 3.43145 0.94936
-0.136 2.82207 0.80581
-0.134 2.1802 0.655974
-0.132 1.52909 0.504045
-0.13 0.891335 0.353935
-0.128 0.287975 0.209108
-0.126 -0.262398 0.0724485
-0.124 -0.744334 -0.0538366
-0.122 -1.14609 -0.168277
-0.12 -1.45999 -0.270157
-0.118 -1.68266 -0.35949
-0.116 -1.81493 -0.436952
-0.114 -1.8617 -0.503785
-0.112 -1.83154 -0.561664
-0.11 -1.73614 -0.612546
-0.108 -1.58964 -0.658505
-0.106 -1.40794 -0.701567
-0.104 -1.20781 -0.743545
-0.102 -1.00613 -0.785895
-0.1 -0.819043 -0.829595
-0.098 -0.661203 -0.875056
-0.096 -0.545114 -0.922065
-0.094 -0.480555 -0.969775
-0.092 -0.474155 -1.01673
-0.09 -0.529114 -1.06095
-0.088 -0.645087 -1.09999
-0.086 -0.818234 -1.13113
-0.084 -1.04144 -1.15152
-0.082 -1.30467 -1.15834
-0.08 -1.59553 -1.14898
-0.078 -1.89981 -1.12125
-0.076 -2.2023 -1.07352
-0.074 -2.4875 -1.00487
-0.072 -2.74045 -0.9152
-0.07 -2.94747 -0.805291
-0.068 -3.09689 -0.676844
-0.066 -3.17965 -0.532451
-0.064 -3.18973 -0.375534
-0.062 -3.12449 -0.210225
-0.06 -2.98476 -0.0412192
-0.058 -2.77476 0.126417
-0.056 -2.50183 0.287459
-0.054 -2.17601 0.43675
-0.052 -1.80946 0.569439
-0.05 -1.41576 0.681205
-0.048 -1.00921 0.768464
-0.046 -0.604019 0.828551
-0.044 -0.21362 0.85986
-0.042 0.150013 0.861934
-0.04 0.476899 0.835513
-0.038 0.759452 0.782515
-0.036 0.992729 0.705975
-0.034 1.1745 0.609913
-0.032 1.30514 0.499171
-0.03 1.38741 0.3792
-0.028 1.42602 0.255812
-0.026 1.42721 0.134921
-0.024 1.39814 0.0222667
-0.022 1.34636 -0.0768535
-0.02 1.27926 -0.157834
-0.018 1.20357 -0.216982
-0.016 1.125 -0.251697
-0.014 1.04795 -0.260602
-0.012 0.975346 -0.24361
-0.01 0.908645 -0.201939
-0.008 0.847902 -0.138053
-0.006 0.791948 -0.0555526
-0.004 0.738628 0.0409973
-0.002 0.685081 0.146287
0 0.628034 0.254517
0.002 0.564365 0.359671
0.004 0.490622 0.455833
0.006 0.404086 0.537451
0.008 0.302809 0.599623
0.01 0.185884 0.638334
0.012 0.0536842 0.65066
0.014 -0.0919395 0.634915
0.016 -0.24754 0.59074
0.018 -0.408046 0.519127
0.02 -0.566857 0.422384
0.022 -0.716057 0.304032
0.024 -0.846765 0.168648
0.026 -0.949589 0.0216588
0.028 -1.01518 -0.130904
0.03 -1.03485 -0.282673
0.032 -1.00115 -0.427236
0.034 -0.908522 -0.558412
0.036 -0.753747 -0.670527
0.038 -0.536378 -0.75866
0.04 -0.258977 -0.818846
0.042 0.07281 -0.848245
0.044 0.450356 -0.845245
0.046 0.862345 -0.809517
0.048 1.29523 -0.742013
0.05 1.73384 -0.644896
0.052 2.1621 -0.521428
0.054 2.56385 -0.375809
0.056 2.92364 -0.212973
0.058 3.22757 -0.0383613
0.06 3.464 0.142324
0.062 3.62419 0.323368
0.064 3.70279 0.499283
0.066 3.69812 0.665037
0.068 3.61227 0.816238
0.07 3.45099 0.949297
0.072 3.22341 1.06154
0.074 2.94155 1.15125
0.076 2.6197 1.21771
0.078 2.2737 1.26116
0.08 1.92008 1.28269
0.082 1.57528 1.28414
0.084 1.2548 1.26796
0.086 0.972434 1.23698
0.088 0.739577 1.1943
0.09 0.564677 1.14303
0.092 0.45281 1.08613
0.094 0.405424 1.02625
0.096 0.420247 0.965581
0.098 0.491381 0.905747
0.1 0.609557 0.847742
0.102 0.762559 0.791895
0.104 0.935785 0.73789
0.106 1.11294 0.684823
0.108 1.27681 0.631291
0.11 1.41009 0.575522
0.112 1.4963 0.515519
0.114 1.52057 0.449232
0.116 1.47045 0.374722
0.118 1.33664 0.290334
0.12 1.11356 0.194846
0.122 0.79972 0.0876024
0.124 0.397998 -0.0313885
0.126 -0.0843452 -0.161387
0.128 -0.635832 -0.300903
0.13 -1.24114 -0.447712
0.132 -1.88168 -0.598919
0.134 -2.53628 -0.751059
0.136 -3.18209 -0.900235
0.138 -3.79555 -1.04228
0.14 -4.35335 -1.17295
0.142 -4.83351 -1.28809
0.144 -5.21635 -1.3839
0.146 -5.4854 -1.45702
0.148 -5.62814 -1.50481
0.15 -5.63669 -1.52539
0.152 -5.50814 -1.51782
0.154 -5.24485 -1.48215
0.156 -4.85436 -1.4194
0.158 -4.34916 -1.3316
0.16 -3.74624 -1.22166
0.162 -3.06641 -1.09331
0.164 -2.33346 -0.950928
0.166 -1.57318 -0.799346
0.168 -0.812264 -0.643678
0.17 -0.07725 -0.489089
0.172 0.606652 -0.340583
0.174 1.21659 -0.202794
0.176 1.73305 -0.0797914
0.178 2.14063 0.0250801
0.18 2.42871 0.109336
0.182 2.5918 0.171441
0.184 2.62981 0.210857
0.186 2.54789 0.228043
0.188 2.35618 0.224412
0.19 2.06928 0.20224
0.192 1.70553 0.164542
0.194 1.2861 0.114909
0.196 0.834008 0.0573285
0.198 0.373028 -0.00401573
0.2 -0.0733964 -0.0649473
0.202 -0.483226 -0.121495
0.204 -0.836807 -0.17008
0.206 -1.11773 -0.207671
0.208 -1.3135 -0.231923
0.21 -1.41607 -0.241264
0.212 -1.42204 -0.234954
0.214 -1.33277 -0.213093
0.216 -1.15415 -0.176588
0.218 -0.89623 -0.12709
0.22 -0.572615 -0.066878
0.222 -0.199731 0.00126871
0.224 0.204033 0.0742323
0.226 0.619263 0.148725
0.228 1.02648 0.221466
0.23 1.40707 0.289349
0.232 1.74418 0.349601
0.234 2.02345 0.399918
0.236 2.23364 0.438571
0.238 2.36712 0.464484
0.24 2.42011 0.477267
0.242 2.39273 0.47722
0.244 2.28895 0.465296
0.246 2.11619 0.443029
0.248 1.88495 0.412429
0.25 1.60813 0.375862
0.252 1.30035 0.335898
0.254 0.977181 0.295163
0.256 0.654289 0.256177
0.258 0.346683 0.221209
0.26 0.0679394 0.192143
0.262 -0.17046 0.170362
0.264 -0.359672 0.156668
0.266 -0.493905 0.15123
0.268 -0.570659 0.153565
0.27 -0.590801 0.162565
0.272 -0.55847 0.176551
0.274 -0.480807 0.193363
0.276 -0.367535 0.210482
0.278 -0.230412 0.225168
0.28 -0.082575 0.234621
0.282 0.0621825 0.236146
0.284 0.190169 0.22731
0.286 0.288549 0.206103
0.288 0.34605 0.171065
0.29 0.353597 0.121403
0.292 0.304836 0.0570594
0.294 0.196512 -0.0212402
0.296 0.0287032 -0.11199
0.298 -0.195125 -0.212939
0.3 -0.468232 -0.321173
0.302 -0.780888 -0.433221
0.304 -1.1208 -0.545204
0.306 -1.4737 -0.652997
0.308 -1.82399 -0.752415
0.31 -2.15551 -0.839399
0.312 -2.45231 -0.910209
0.314 -2.69942 -0.961593
0.316 -2.88359 -0.99095
0.318 -2.99395 -0.996457
0.32 -3.02254 -0.977163
0.322 -2.96475 -0.933048
0.324 -2.81952 -0.865037
0.326 -2.58949 -0.774975
0.328 -2.28084 -0.665556
0.33 -1.90309 -0.540221
0.332 -1.46865 -0.403015
0.334 -0.992287 -0.258421
0.336 -0.490468 -0.111176
0.338 0.019368 0.0339252
0.34 0.519583 0.172227
0.342 0.993112 0.299404
0.344 1.4242 0.411635
0.346 1.79908 0.505755
0.348 2.10651 0.579367
0.35 2.33826 0.630937
0.352 2.48939 0.65983
0.354 2.55837 0.666317
0.356 2.54706 0.651537
0.358 2.46058 0.617427
0.36 2.30691 0.566607
0.362 2.0965 0.502247
0.364 1.84167 0.427909
0.366 1.556 0.34737
0.368 1.25365 0.264453
0.37 0.948678 0.182843
0.372 0.654404 0.105934
0.374 0.382771 0.0366782
0.376 0.143852 -0.0225283
0.378 -0.0545678 -0.0699339
0.38 -0.207277 -0.104485
0.382 -0.311789 -0.125841
0.384 -0.368346 -0.134359
0.386 -0.379794 -0.131037
0.388 -0.351317 -0.11743
0.39 -0.290064 -0.0955411
0.392 -0.204682 -0.0676925
0.394 -0.104774 -0.0363807
0.396 -0.000329106 -0.00413143
0.398 0.0988648 0.0266458
0.4 0.183783 0.0537913
0.402 0.246673 0.0755121
0.404 0.281487 0.0904762
0.406 0.284212 0.0978791
0.408 0.253084 0.0974796
0.41 0.188672 0.0896035
0.412 0.09383 0.0751158
0.414 -0.0264775 0.0553619
0.416 -0.165471 0.0320831
0.418 -0.314955 0.00730882
0.42 -0.465789 -0.0167662
0.422 -0.608428 -0.0379152
0.424 -0.73347 -0.0540149
0.426 -0.832213 -0.0631763
0.428 -0.897167 -0.063863
0.43 -0.922508 -0.0549927
0.432 -0.904445 -0.036014
0.434 -0.841474 -0.00695625
0.436 -0.734514 0.0315516
0.438 -0.586917 0.0782932
0.44 -0.40434 0.131508
0.442 -0.194498 0.188967
0.444 0.0331941 0.248064
0.446 0.268079 0.305944
0.448 0.498778 0.359631
0.45 0.713761 0.40617
0.452 0.90193 0.442776
0.454 1.05319 0.466964
0.456 1.15896 0.476683
0.458 1.21265 0.470413
0.46 1.21002 0.447254
0.462 1.1494 0.406975
0.464 1.03184 0.350042
0.466 0.861112 0.277601
0.468 0.643518 0.191445
0.47 0.387673 0.0939371
0.472 0.104094 -0.0120846
0.474 -0.19527 -0.123425
0.476 -0.497594 -0.236669
0.478 -0.789772 -0.348324
0.48 -1.05904 -0.454967
0.482 -1.29356 -0.55339
0.484 -1.48302 -0.640728
0.486 -1.61908 -0.714571
0.488 -1.69582 -0.77306
0.49 -1.70997 -0.814949
0.492 -1.66112 -0.839638
0.494 -1.5517 -0.847181
0.496 -1.3869 -0.838256
0.498 -1.1744 -0.814114
0.4 0.0243256 0.0130372
0.8 0.0248811 0.0132093
1.2 0.025801 0.013494
1.6 0.0270761 0.0138877
2 0.028694 0.0143859
2.4 0.0306388 0.0149828
2.8 0.0328916 0.0156714
3.2 0.0354306 0.016444
3.6 0.0382313 0.0172918
4 0.041267 0.0182055
4.4 0.044509 0.0191749
4.8 0.0479267 0.0201899
5.2 0.0514885 0.0212398
5.6 0.0551618 0.022314
6 0.0589133 0.023402
6.4 0.0627098 0.0244932
6.8 0.0665181 0.0255779
7.2 0.0703057 0.0266463
7.6 0.074041 0.0276897
8 0.0776938 0.0286996
8.4 0.0812352 0.0296685
8.8 0.0846386 0.0305897
9.2 0.0878793 0.0314572
9.6 0.0909351 0.032266
10 0.0937862 0.0330118
10.4 0.0964156 0.033691
10.8 0.0988093 0.0343012
11.2 0.100956 0.0348404
11.6 0.102847 0.0353073
12 0.104478 0.0357013
12.4 0.105845 0.0360225
12.8 0.106949 0.0362711
13.2 0.107793 0.036448
13.6 0.108383 0.0365544
14 0.108725 0.0365917
14.4 0.10883 0.0365615
14.8 0.10871 0.0364655
15.2 0.108377 0.0363056
15.6 0.107846 0.0360837
16 0.107134 0.0358018
16.4 0.106255 0.0354617
16.8 0.105228 0.0350656
17.2 0.104069 0.0346155
17.6 0.102796 0.0341133
18 0.101424 0.0335613
18.4 0.099971 0.0329615
18.8 0.0984515 0.0323165
19.2 0.0968801 0.0316285
19.6 0.0952703 0.0309003
20 0.093634 0.0301348
20.4 0.0919821 0.0293352
20.8 0.0903239 0.0285048
21.2 0.0886671 0.0276473
21.6 0.0870181 0.0267668
22 0.0853817 0.0258676
22.4 0.0837612 0.0249541
22.8 0.0821588 0.0240313
23.2 0.0805751 0.0231041
23.6 0.0790097 0.0221779
24 0.0774613 0.0212577
24.4 0.0759274 0.0203492
24.8 0.0744051 0.0194574
25.2 0.0728907 0.0185878
25.6 0.0713802 0.0177452
26 0.0698693 0.0169345
26.4 0.0683538 0.0161599
26.8 0.0668294 0.0154255
27.2 0.0652922 0.0147347
27.6 0.0637385 0.0140902
28 0.062165 0.0134942
28.4 0.0605692 0.0129483
28.8 0.0589491 0.0124531
29.2 0.0573033 0.0120087
29.6 0.0556312 0.0116143
30 0.053933 0.0112685
30.4 0.0522094 0.0109691
30.8 0.0504619 0.0107132
31.2 0.0486927 0.0104974
31.6 0.0469045 0.0103178
32 0.0451003 0.01017
32.4 0.0432838 0.0100492
32.8 0.0414589 0.00995056
33.2 0.0396297 0.00986886
33.6 0.0378002 0.00979905
34 0.0359747 0.00973613
34.4 0.0341573 0.00967532
34.8 0.0323518 0.00961214
35.2 0.0305619 0.00954255
35.6 0.0287907 0.009463
36 0.0270412 0.0093705
36.4 0.0253158 0.00926272
36.8 0.0236165 0.009138
37.2 0.0219448 0.00899537
37.6 0.0203018 0.00883459
38 0.0186879 0.00865612
38.4 0.0171036 0.0084611
38.8 0.0155487 0.00825132
39.2 0.0140229 0.00802911
39.6 0.0125255 0.00779735
40 0.011056 0.00755931
40.4 0.00961382 0.00731859
40.8 0.00819829 0.00707903
41.2 0.00680911 0.00684458
41.6 0.00544619 0.0066192
42 0.00410981 0.00640676
42.4 0.00280067 0.00621093
42.8 0.00152 0.00603509
43.2 0.000269548 0.00588223
43.6 -0.000948353 0.00575488
44 -0.00213077 0.00565505
44.4 -0.00327416 0.00558419
44.8 -0.00437444 0.00554314
45.2 -0.00542695 0.00553209
45.6 -0.00642657 0.00555063
46 -0.00736778 0.00559775
46.4 -0.00824472 0.00567184
46.8 -0.00905132 0.00577077
47.2 -0.00978143 0.00589192
47.6 -0.0104289 0.0060323
48 -0.0109877 0.00618857
48.4 -0.0114521 0.00635717
48.8 -0.0118169 0.00653439
49.2 -0.0120772 0.0067165
49.6 -0.0122289 0.0068998
50 -0.0122687 0.00708075
50.4 -0.0121941 0.00725603
50.8 -0.0120036 0.00742265
51.2 -0.0116966 0.00757801
51.6 -0.0112736 0.00771996
52 -0.0107363 0.00784683
52.4 -0.0100875 0.00795752
52.8 -0.00933084 0.00805147
53.2 -0.00847128 0.00812869
53.6 -0.00751463 0.00818975
54 -0.00646765 0.00823577
54.4 -0.00533792 0.00826837
54.8 -0.00413374 0.00828963
55.2 -0.00286401 0.00830204
55.6 -0.00153809 0.00830843
56 -0.000165696 0.0083119
56.4 0.0012433 0.00831575
56.8 0.00267894 0.00832337
57.2 0.00413139 0.00833821
57.6 0.00559101 0.00836364
58 0.00704854 0.00840292
58.4 0.00849518 0.0084591
58.8 0.00992269 0.00853496
59.2 0.0113235 0.00863297
59.6 0.0126908 0.0087552
60 0.0140186 0.00890332
60.4 0.0153016 0.00907855
60.8 0.0165355 0.00928163
61.2 0.0177168 0.00951286
61.6 0.018843 0.00977203
62 0.0199121 0.0100585
62.4 0.0209232 0.0103712
62.8 0.0218759 0.0107086
63.2 0.0227706 0.0110688
63.6 0.0236081 0.0114497
64 0.0243901 0.0118488
64.4 0.0251182 0.0122633
64.8 0.0257946 0.0126905
65.2 0.0264219 0.0131272
65.6 0.0270025 0.0135704
66 0.0275393 0.014017
66.4 0.0280349 0.0144638
66.8 0.0284921 0.0149078
67.2 0.0289134 0.015346
67.6 0.0293013 0.0157756
68 0.0296582 0.0161939
68.4 0.0299863 0.0165983
68.8 0.0302873 0.0169863
69.2 0.0305633 0.017356
69.6 0.0308156 0.0177051
70 0.0310457 0.0180319
70.4 0.0312549 0.0183348
70.8 0.0314443 0.0186122
71.2 0.0316148 0.0188629
71.6 0.0317676 0.0190857
72 0.0319033 0.0192796
72.4 0.032023 0.0194436
72.8 0.0321275 0.0195771
73.2 0.0322178 0.0196794
73.6 0.0322947 0.0197501
74 0.0323594 0.0197886
74.4 0.0324127 0.0197948
74.8 0.0324559 0.0197686
75.2 0.03249 0.0197099
75.6 0.0325163 0.0196189
76 0.0325358 0.0194959
76.4 0.0325496 0.0193414
76.8 0.0325589 0.0191561
77.2 0.0325647 0.0189409
77.6 0.0325676 0.0186969
78 0.0325686 0.0184252
78.4 0.032568 0.0181277
78.8 0.0325662 0.0178058
79.2 0.0325633 0.0174618
79.6 0.0325591 0.0170978
80 0.0325532 0.0167163
80.4 0.032545 0.0163198
80.8 0.0325337 0.0159113
81.2 0.032518 0.0154937
81.6 0.0324968 0.0150701
82 0.0324686 0.0146436
82.4 0.0324317 0.0142174
82.8 0.0323847 0.0137947
83.2 0.0323258 0.0133787
83.6 0.0322534 0.0129723
84 0.0321661 0.0125785
84.4 0.0320625 0.0121998
84.8 0.0319416 0.0118387
85.2 0.0318024 0.0114973
85.6 0.0316445 0.0111774
86 0.0314678 0.0108803
86.4 0.0312725 0.0106072
86.8 0.0310594 0.0103585
87.2 0.0308296 0.0101346
87.6 0.0305847 0.00993503
88 0.0303268 0.00975929
88.4 0.0300583 0.00960627
88.8 0.029782 0.00947451
89.2 0.0295012 0.00936223
89.6 0.0292192 0.00926732
90 0.0289397 0.0091874
90.4 0.0286664 0.00911989
90.8 0.0284032 0.00906205
91.2 0.0281536 0.00901104
91.6 0.0279212 0.008964
92 0.0277094 0.00891808
92.4 0.0275211 0.00887051
92.8 0.0273588 0.0088187
93.2 0.0272245 0.00876024
93.6 0.0271196 0.00869298
94 0.0270449 0.00861506
94.4 0.0270004 0.00852496
94.8 0.0269854 0.00842154
95.2 0.0269985 0.00830401
95.6 0.0270374 0.00817201
96 0.0270991 0.00802557
96.4 0.02718 0.00786509
96.8 0.0272756 0.00769137
97.2 0.0273811 0.00750556
97.6 0.0274909 0.00730911
98 0.0275989 0.00710377
98.4 0.027699 0.00689152
98.8 0.0277846 0.00667452
99.2 0.0278491 0.00645506
99.6 0.0278858 0.0062355
100 0.0278883 0.00601824
100.4 0.0278503 0.00580561
100.8 0.027766 0.00559987
101.2 0.0276301 0.00540314
101.6 0.0274379 0.00521733
102 0.0271853 0.00504412
102.4 0.0268691 0.00488494
102.8 0.0264868 0.00474089
103.2 0.0260371 0.00461279
103.6 0.0255194 0.00450109
104 0.024934 0.00440593
104.4 0.0242824 0.0043271
104.8 0.0235668 0.00426406
105.2 0.0227904 0.00421597
105.6 0.0219572 0.0041817
106 0.0210721 0.00415987
106.4 0.0201406 0.00414888
106.8 0.0191687 0.00414694
107.2 0.0181632 0.00415212
107.6 0.017131 0.00416241
108 0.0160794 0.00417574
108.4 0.0150159 0.00419004
108.8 0.0139478 0.00420326
109.2 0.0128828 0.00421346
109.6 0.0118279 0.00421879
110 0.0107901 0.00421759
110.4 0.0097759 0.00420834
110.8 0.00879144 0.00418975
111.2 0.0078422 0.00416077
111.6 0.00693307 0.00412057
112 0.00606831 0.00406858
112.4 0.00525143 0.00400448
112.8 0.00448527 0.0039282
113.2 0.0037719 0.00383991
113.6 0.00311269 0.00374
114 0.00250829 0.00362909
114.4 0.00195869 0.00350795
114.8 0.00146324 0.00337756
115.2 0.00102069 0.00323899
115.6 0.000629292 0.00309344
116 0.00028681 0.00294221
116.4 -9.37376e-06 0.00278661
116.8 -0.000262203 0.00262799
117.2 -0.00047487 0.00246771
117.6 -0.000650747 0.00230707
118 -0.000793311 0.00214733
118.4 -0.00090608 0.00198968
118.8 -0.000992548 0.00183521
119.2 -0.00105613 0.0016849
119.6 -0.0011001 0.00153962
120 -0.00112757 0.00140011
120.4 -0.00114142 0.00126698
120.8 -0.00114432 0.00114072
121.2 -0.00113863 0.00102168
121.6 -0.00112648 0.000910084
122 -0.00110969 0.00080605
122.4 -0.00108979 0.000709583
122.8 -0.00106807 0.00062059
123.2 -0.00104551 0.000538897
123.6 -0.00102288 0.000464254
124 -0.00100072 0.000396352
124.4 -0.000979362 0.000334839
124.8 -0.000958965 0.000279326
125.2 -0.000939551 0.000229405
125.6 -0.000921022 0.000184657
126 -0.000903194 0.000144663
126.4 -0.000885821 0.000109015
126.8 -0.000868625 7.73199e-05
127.2 -0.000851314 4.92064e-05
127.6 -0.000833606 2.43317e-05
128 -0.000815245 2.38213e-06
128.4 -0.000796016 -1.69239e-05
128.8 -0.000775758 -3.38359e-05
129.2 -0.000754366 -4.8572e-05
129.6 -0.0007318 -6.13204e-05
130 -0.000708086 -7.22423e-05
130.4 -0.00068331 -8.14741e-05
130.8 -0.000657618 -8.91317e-05
131.2 -0.00063121 -9.53137e-05
131.6 -0.000604327 -0.000100105
132 -0.000577245 -0.000103582
132.4 -0.000550263 -0.000105812
132.8 -0.000523693 -0.000106862
133.2 -0.000497848 -0.000106797
133.6 -0.000473032 -0.000105683
134 -0.000449527 -0.00010359
134.4 -0.000427589 -0.000100592
134.8 -0.000407435 -9.67667e-05
135.2 -0.000389238 -9.21985e-05
135.6 -0.000373123 -8.69745e-05
136 -0.000359165 -8.1186e-05
136.4 -0.000347382 -7.49265e-05
136.8 -0.000337742 -6.82907e-05
137.2 -0.000330159 -6.1373e-05
137.6 -0.000324501 -5.42657e-05
138 -0.00032059 -4.70577e-05
138.4 -0.000318211 -3.98332e-05
138.8 -0.000317119 -3.26701e-05
139.2 -0.000317044 -2.56393e-05
139.6 -0.000317698 -1.88037e-05
140 -0.000318788 -1.22179e-05
140.4 -0.000320019 -5.92742e-06
140.8 -0.000321106 3.03914e-08
141.2 -0.000321777 5.62674e-06
141.6 -0.000321784 1.08405e-05
142 -0.000320907 1.56575e-05
142.4 -0.000318956 2.00695e-05
142.8 -0.000315783 2.40735e-05
143.2 -0.000311275 2.76701e-05
143.6 -0.000305365 3.08628e-05
144 -0.000298026 3.36567e-05
144.4 -0.000289273 3.60576e-05
144.8 -0.000279161 3.80713e-05
145.2 -0.000267784 3.97026e-05
145.6 -0.000255269 4.09551e-05
146 -0.000241774 4.18308e-05
146.4 -0.000227481 4.23298e-05
146.8 -0.000212594 4.2451e-05
147.2 -0.000197328 4.21918e-05
147.6 -0.000181911 4.15491e-05
148 -0.00016657 4.05195e-05
148.4 -0.000151532 3.91006e-05
148.8 -0.000137013 3.72911e-05
149.2 -0.000123217 3.50925e-05
149.6 -0.00011033 3.25094e-05
150 -9.85162e-05 2.95501e-05
150.4 -8.79146e-05 2.62281e-05
150.8 -7.86362e-05 2.25617e-05
151.2 -7.07625e-05 1.85751e-05
151.6 -6.43444e-05 1.42983e-05
152 -5.94018e-05 9.76705e-06
152.4 -5.59242e-05 5.02295e-06
152.8 -5.38719e-05 1.12702e-07
153.2 -5.31774e-05 -4.9123e-06
153.6 -5.37484e-05 -9.99685e-06
154 -5.54704e-05 -1.50828e-05
154.4 -5.82099e-05 -2.01103e-05
154.8 -6.18185e-05 -2.50188e-05
155.2 -6.61365e-05 -2.97484e-05
155.6 -7.09968e-05 -3.42411e-05
156 -7.62295e-05 -3.84421e-05
156.4 -8.16653e-05 -4.23009e-05
156.8 -8.71399e-05 -4.57725e-05
157.2 -9.24972e-05 -4.88182e-05
157.6 -9.75927e-05 -5.14065e-05
158 -0.000102297 -5.35136e-05
158.4 -0.000106497 -5.51243e-05
158.8 -0.000110099 -5.62313e-05
159.2 -0.00011303 -5.68362e-05
159.6 -0.000115239 -5.69483e-05
160 -0.000116696 -5.65851e-05
160.4 -0.000117394 -5.57709e-05
160.8 -0.000117345 -5.45365e-05
161.2 -0.000116585 -5.29182e-05
161.6 -0.000115164 -5.09567e-05
162 -0.000113153 -4.86959e-05
162.4 -0.000110634 -4.61821e-05
162.8 -0.000107703 -4.34626e-05
163.2 -0.000104464 -4.05848e-05
163.6 -0.000101027 -3.75948e-05
164 -9.75074e-05 -3.4537e-05
164.4 -9.40181e-05 -3.14528e-05
164.8 -9.06709e-05 -2.83801e-05
165.2 -8.75722e-05 -2.53527e-05
165.6 -8.48202e-05 -2.23998e-05
166 -8.25033e-05 -1.95461e-05
166.4 -8.06974e-05 -1.68112e-05
166.8 -7.9465e-05 -1.42103e-05
167.2 -7.88533e-05 -1.17538e-05
167.6 -7.88937e-05 -9.44782e-06
168 -7.96011e-05 -7.29492e-06
168.4 -8.0974e-05 -5.29423e-06
168.8 -8.29944e-05 -3.44218e-06
169.2 -8.56292e-05 -1.73308e-06
169.6 -8.88306e-05 -1.59709e-07
170 -9.25375e-05 1.28606e-06
170.4 -9.66777e-05 2.61276e-06
170.8 -0.000101169 3.82877e-06
171.2 -0.000105922 4.94192e-06
171.6 -0.000110841 5.95915e-06
172 -0.000115829 6.88618e-06
172.4 -0.000120786 7.72744e-06
172.8 -0.000125614 8.4859e-06
173.2 -0.000130219 9.16315e-06
173.6 -0.000134512 9.75947e-06
174 -0.000138413 1.0274e-05
174.4 -0.000141848 1.07049e-05
174.8 -0.000144755 1.10499e-05
175.2 -0.000147084 1.13062e-05
175.6 -0.000148797 1.1471e-05
176 -0.000149869 1.15421e-05
176.4 -0.000150286 1.15176e-05
176.8 -0.000150049 1.13967e-05
177.2 -0.000149172 1.11797e-05
177.6 -0.00014768 1.08683e-05
178 -0.000145609 1.04655e-05
178.4 -0.000143005 9.97596e-06
178.8 -0.000139924 9.40588e-06
179.2 -0.000136427 8.76285e-06
179.6 -0.000132582 8.05584e-06
180 -0.000128461 7.29495e-06
180.4 -0.00012414 6.49125e-06
180.8 -0.000119692 5.65645e-06
181.2 -0.000115192 4.80268e-06
181.6 -0.000110713 3.94213e-06
182 -0.000106323 3.0868e-06
182.4 -0.000102085 2.24817e-06
182.8 -9.80562e-05 1.43698e-06
183.2 -9.42875e-05 6.6293e-07
183.6 -9.08209e-05 -6.54796e-08
184 -8.76907e-05 -7.41109e-07
184.4 -8.49221e-05 -1.35829e-06
184.8 -8.25318e-05 -1.91287e-06
185.2 -8.05276e-05 -2.40221e-06
185.6 -7.89089e-05 -2.82515e-06
186 -7.76669e-05 -3.18189e-06
186.4 -7.67852e-05 -3.47387e-06
186.8 -7.62406e-05 -3.70357e-06
187.2 -7.60038e-05 -3.87435e-06
187.6 -7.60404e-05 -3.99019e-06
188 -7.63118e-05 -4.05552e-06
188.4 -7.6776e-05 -4.07496e-06
188.8 -7.7389e-05 -4.05312e-06
189.2 -7.81054e-05 -3.99443e-06
189.6 -7.88795e-05 -3.90295e-06
190 -7.96666e-05 -3.78228e-06
190.4 -8.04231e-05 -3.63541e-06
190.8 -8.1108e-05 -3.46473e-06
191.2 -8.16831e-05 -3.27196e-06
191.6 -8.21141e-05 -3.05822e-06
192 -8.23704e-05 -2.82407e-06
192.4 -8.24262e-05 -2.56959e-06
192.8 -8.22603e-05 -2.29454e-06
193.2 -8.18565e-05 -1.99847e-06
193.6 -8.12034e-05 -1.68087e-06
194 -8.02949e-05 -1.34135e-06
194.4 -7.91293e-05 -9.79801e-07
194.8 -7.771e-05 -5.96505e-07
195.2 -7.60445e-05 -1.92301e-07
195.6 -7.41442e-05 2.31332e-07
196 -7.20245e-05 6.72186e-07
196.4 -6.97037e-05 1.12729e-06
196.8 -6.72028e-05 1.5929e-06
197.2 -6.45453e-05 2.06451e-06
197.6 -6.17561e-05 2.53696e-06
198 -5.88617e-05 3.00448e-06
198.4 -5.5889e-05 3.46085e-06
198.8 -5.28654e-05 3.89954e-06
199.2 -4.98179e-05 4.3139e-06
199.6 -4.67731e-05 4.69733e-06
200 -4.37562e-05 5.04348e-06
200.4 -4.07913e-05 5.34643e-06
200.8 -3.79007e-05 5.60088e-06
201.2 -3.51046e-05 5.80233e-06
201.6 -3.2421e-05 5.9472e-06
202 -2.98655e-05 6.03297e-06
202.4 -2.7451e-05 6.05824e-06
202.8 -2.51879e-05 6.02282e-06
203.2 -2.30838e-05 5.92768e-06
203.6 -2.11435e-05 5.775e-06
204 -1.93694e-05 5.56806e-06
204.4 -1.77609e-05 5.31115e-06
204.8 -1.63155e-05 5.00946e-06
205.2 -1.50279e-05 4.66891e-06
205.6 -1.38911e-05 4.29598e-06
206 -1.28961e-05 3.89756e-06
206.4 -1.20323e-05 3.48067e-06
206.8 -1.12878e-05 3.05237e-06
207.2 -1.06498e-05 2.61946e-06
207.6 -1.01044e-05 2.18842e-06
208 -9.63778e-06 1.76514e-06
208.4 -9.23554e-06 1.35486e-06
208.8 -8.88368e-06 9.62027e-07
209.2 -8.56855e-06 5.90244e-07
209.6 -8.27723e-06 2.42201e-07
210 -7.99772e-06 -8.03211e-08
210.4 -7.71918e-06 -3.7643e-07
210.8 -7.43208e-06 -6.46069e-07
211.2 -7.12837e-06 -8.89938e-07
211.6 -6.80159e-06 -1.10939e-06
212 -6.44692e-06 -1.3063e-06
212.4 -6.06123e-06 -1.48294e-06
212.8 -5.64307e-06 -1.64182e-06
213.2 -5.19263e-06 -1.78557e-06
213.6 -4.71164e-06 -1.91675e-06
214 -4.20328e-06 -2.03777e-06
214.4 -3.67202e-06 -2.15073e-06
214.8 -3.12344e-06 -2.25736e-06
215.2 -2.56408e-06 -2.3589e-06
215.6 -2.00118e-06 -2.45611e-06
216 -1.44249e-06 -2.54917e-06
216.4 -8.96031e-07 -2.63774e-06
216.8 -3.69897e-07 -2.72099e-06
217.2 1.27997e-07 -2.79762e-06
217.6 5.90101e-07 -2.86594e-06
218 1.00943e-06 -2.924e-06
218.4 1.37972e-06 -2.96966e-06
218.8 1.69561e-06 -3.00072e-06
219.2 1.95271e-06 -3.01503e-06
219.6 2.14772e-06 -3.01064e-06
220 2.27851e-06 -2.98587e-06
220.4 2.3441e-06 -2.93946e-06
220.8 2.34468e-06 -2.87059e-06
221.2 2.28159e-06 -2.77903e-06
221.6 2.15724e-06 -2.66513e-06
222 1.97504e-06 -2.52984e-06
222.4 1.73927e-06 -2.37476e-06
222.8 1.45499e-06 -2.20206e-06
223.2 1.12785e-06 -2.01445e-06
223.6 7.63993e-07 -1.81514e-06
224 3.69872e-07 -1.60768e-06
224.4 -4.79044e-08 -1.39594e-06
224.8 -4.8272e-07 -1.18391e-06
225.2 -9.28095e-07 -9.75657e-07
225.6 -1.37782e-06 -7.75135e-07
226 -1.82609e-06 -5.86098e-07
226.4 -2.26759e-06 -4.11971e-07
226.8 -2.69758e-06 -2.55749e-07
227.2 -3.11199e-06 -1.19908e-07
227.6 -3.50744e-06 -6.33164e-09
228 -3.88127e-06 8.37353e-08
228.4 -4.23155e-06 1.49718e-07
228.8 -4.55708e-06 1.91716e-07
229.2 -4.85734e-06 2.10482e-07
229.6 -5.13244e-06 2.07383e-07
230 -5.38311e-06 1.84338e-07
230.4 -5.61057e-06 1.43741e-07
230.8 -5.8165e-06 8.83643e-08
231.2 -6.00293e-06 2.12567e-08
231.6 -6.17217e-06 -5.43708e-08
232 -6.32673e-06 -1.35258e-07
232.4 -6.46922e-06 -2.18208e-07
232.8 -6.60228e-06 -3.00197e-07
233.2 -6.72852e-06 -3.78469e-07
233.6 -6.85044e-06 -4.50621e-07
234 -6.97037e-06 -5.14674e-07
234.4 -7.09043e-06 -5.69123e-07
234.8 -7.2125e-06 -6.12968e-07
235.2 -7.33815e-06 -6.45725e-07
235.6 -7.46866e-06 -6.67417e-07
236 -7.605e-06 -6.78547e-07
236.4 -7.7478e-06 -6.80052e-07
236.8 -7.89737e-06 -6.73239e-07
237.2 -8.05371e-06 -6.59713e-07
237.6 -8.21652e-06 -6.41293e-07
238 -8.38521e-06 -6.19922e-07
238.4 -8.55891e-06 -5.97575e-07
238.8 -8.73652e-06 -5.76168e-07
239.2 -8.91672e-06 -5.57475e-07
239.6 -9.09799e-06 -5.43045e-07
240 -9.27863e-06 -5.34142e-07
240.4 -9.45682e-06 -5.3169e-07
240.8 -9.63059e-06 -5.36235e-07
241.2 -9.79792e-06 -5.47927e-07
241.6 -9.95669e-06 -5.66518e-07
242 -1.01048e-05 -5.91371e-07
242.4 -1.024e-05 -6.21497e-07
242.8 -1.03602e-05 -6.55596e-07
243.2 -1.04634e-05 -6.92114e-07
243.6 -1.05476e-05 -7.29315e-07
244 -1.06108e-05 -7.65353e-07
244.4 -1.06513e-05 -7.98351e-07
244.8 -1.06676e-05 -8.26483e-07
245.2 -1.06582e-05 -8.48052e-07
245.6 -1.0622e-05 -8.6156e-07
246 -1.05581e-05 -8.65772e-07
246.4 -1.04659e-05 -8.59774e-07
246.8 -1.03452e-05 -8.43006e-07
247.2 -1.01959e-05 -8.15294e-07
247.6 -1.00185e-05 -7.76856e-07
248 -9.81373e-06 -7.28299e-07
248.4 -9.58265e-06 -6.706e-07
248.8 -9.32672e-06 -6.0507e-07
249.2 -9.04776e-06 -5.33305e-07
249.6 -8.74789e-06 -4.57129e-07
250 -8.42956e-06 -3.78529e-07
250.4 -8.09546e-06 -2.99577e-07
250.8 -7.74854e-06 -2.22359e-07
251.2 -7.39194e-06 -1.48896e-07
251.6 -7.02891e-06 -8.10723e-08
252 -6.66281e-06 -2.05662e-08
252.4 -6.29702e-06 3.12075e-08
252.8 -5.93488e-06 7.31473e-08
253.2 -5.57964e-06 1.04502e-07
253.6 -5.23438e-06 1.24894e-07
254 -4.90201e-06 1.34328e-07
254.4 -4.58515e-06 1.33187e-07
254.8 -4.28611e-06 1.22213e-07
255.2 -4.00687e-06 1.02474e-07
255.6 -3.74903e-06 7.53213e-08
256 -3.51379e-06 4.23348e-08
256.4 -3.30193e-06 5.26277e-09
256.8 -3.11384e-06 -3.40455e-08
257.2 -2.94948e-06 -7.37087e-08
257.6 -2.80843e-06 -1.11883e-07
258 -2.68991e-06 -1.46827e-07
258.4 -2.5928e-06 -1.76966e-07
258.8 -2.5157e-06 -2.00943e-07
259.2 -2.45696e-06 -2.17666e-07
259.6 -2.41475e-06 -2.26339e-07
260 -2.38709e-06 -2.26487e-07
260.4 -2.37192e-06 -2.17962e-07
260.8 -2.36717e-06 -2.00942e-07
261.2 -2.37077e-06 -1.75914e-07
261.6 -2.38075e-06 -1.43647e-07
262 -2.39522e-06 -1.05155e-07
262.4 -2.4125e-06 -6.16517e-08
262.8 -2.43105e-06 -1.44963e-08
263.2 -2.44957e-06 3.48622e-08
263.6 -2.46697e-06 8.49437e-08
264 -2.48241e-06 1.34297e-07
264.4 -2.49527e-06 1.81553e-07
264.8 -2.50515e-06 2.2548e-07
265.2 -2.51188e-06 2.65025e-07
265.6 -2.51546e-06 2.99352e-07
266 -2.51607e-06 3.27868e-07
266.4 -2.51399e-06 3.50238e-07
266.8 -2.50963e-06 3.66394e-07
267.2 -2.50347e-06 3.76525e-07
267.6 -2.496e-06 3.81065e-07
268 -2.48773e-06 3.80664e-07
268.4 -2.47914e-06 3.76155e-07
268.8 -2.47066e-06 3.68517e-07
269.2 -2.46265e-06 3.5882e-07
269.6 -2.45539e-06 3.48187e-07
270 -2.44905e-06 3.37732e-07
270.4 -2.44371e-06 3.28522e-07
270.8 -2.43935e-06 3.21522e-07
271.2 -2.43586e-06 3.17557e-07
271.6 -2.43306e-06 3.17279e-07
272 -2.43069e-06 3.21136e-07
272.4 -2.42847e-06 3.29356e-07
272.8 -2.42607e-06 3.41937e-07
273.2 -2.42317e-06 3.5865e-07
273.6 -2.41949e-06 3.79049e-07
274 -2.41477e-06 4.02488e-07
274.4 -2.40883e-06 4.28151e-07
274.8 -2.40156e-06 4.5509e-07
275.2 -2.39294e-06 4.8226e-07
275.6 -2.38307e-06 5.08564e-07
276 -2.37215e-06 5.32903e-07
276.4 -2.36046e-06 5.54219e-07
276.8 -2.34842e-06 5.71541e-07
277.2 -2.33652e-06 5.84024e-07
277.6 -2.32531e-06 5.90988e-07
278 -2.31542e-06 5.91943e-07
278.4 -2.30751e-06 5.86615e-07
278.8 -2.30224e-06 5.74953e-07
279.2 -2.30027e-06 5.57139e-07
279.6 -2.3022e-06 5.33578e-07
280 -2.30859e-06 5.04886e-07
280.4 -2.3199e-06 4.71866e-07
280.8 -2.33649e-06 4.3548e-07
281.2 -2.35858e-06 3.96811e-07
281.6 -2.38628e-06 3.57023e-07
282 -2.41953e-06 3.17318e-07
282.4 -2.45815e-06 2.78891e-07
282.8 -2.50177e-06 2.42883e-07
283.2 -2.54993e-06 2.10341e-07
283.6 -2.60201e-06 1.82181e-07
284 -2.65729e-06 1.59151e-07
284.4 -2.71494e-06 1.41805e-07
284.8 -2.77409e-06 1.30486e-07
285.2 -2.8338e-06 1.25315e-07
285.6 -2.89312e-06 1.26188e-07
286 -2.95111e-06 1.3278e-07
286.4 -3.00687e-06 1.44564e-07
286.8 -3.05953e-06 1.60831e-07
287.2 -3.10835e-06 1.80721e-07
287.6 -3.15264e-06 2.03254e-07
288 -3.19187e-06 2.27372e-07
288.4 -3.22561e-06 2.51979e-07
288.8 -3.25358e-06 2.75985e-07
289.2 -3.27564e-06 2.98345e-07
289.6 -3.29179e-06 3.18102e-07
290 -3.30214e-06 3.34417e-07
290.4 -3.30696e-06 3.46606e-07
290.8 -3.30659e-06 3.5416e-07
291.2 -3.30149e-06 3.56764e-07
291.6 -3.29217e-06 3.54304e-07
292 -3.27921e-06 3.4687e-07
292.4 -3.26321e-06 3.34751e-07
292.8 -3.24478e-06 3.18418e-07
293.2 -3.22453e-06 2.98503e-07
293.6 -3.20303e-06 2.75772e-07
294 -3.18081e-06 2.51095e-07
294.4 -3.15834e-06 2.25407e-07
294.8 -3.13604e-06 1.99673e-07
295.2 -3.11422e-06 1.74845e-07
295.6 -3.09314e-06 1.51829e-07
296 -3.07298e-06 1.31448e-07
296.4 -3.05382e-06 1.14409e-07
296.8 -3.0357e-06 1.01276e-07
297.2 -3.01859e-06 9.24506e-08
297.6 -3.00241e-06 8.81587e-08
298 -2.98705e-06 8.84404e-08
298.4 -2.97236e-06 9.31524e-08
298.8 -2.95821e-06 1.01975e-07
299.2 -2.94445e-06 1.14425e-07
299.6 -2.93096e-06 1.2988e-07
300 -2.91764e-06 1.47602e-07
300.4 -2.90442e-06 1.66765e-07
300.8 -2.8913e-06 1.86496e-07
301.2 -2.87829e-06 2.05901e-07
301.6 -2.86547e-06 2.24108e-07
302 -2.85296e-06 2.40296e-07
302.4 -2.8409e-06 2.53732e-07
302.8 -2.82949e-06 2.63792e-07
303.2 -2.81895e-06 2.69993e-07
303.6 -2.80949e-06 2.72004e-07
304 -2.80134e-06 2.69661e-07
304.4 -2.79472e-06 2.62973e-07
304.8 -2.78982e-06 2.52117e-07
305.2 -2.78681e-06 2.3743e-07
305.6 -2.78579e-06 2.19399e-07
306 -2.78682e-06 1.98635e-07
306.4 -2.7899e-06 1.75851e-07
306.8 -2.79497e-06 1.51833e-07
307.2 -2.80189e-06 1.27407e-07
307.6 -2.81047e-06 1.0341e-07
308 -2.82043e-06 8.06537e-08
308.4 -2.83148e-06 5.98954e-08
308.8 -2.84325e-06 4.18083e-08
309.2 -2.85533e-06 2.69567e-08
309.6 -2.86731e-06 1.57748e-08
310 -2.87877e-06 8.55194e-09
310.4 -2.88927e-06 5.42242e-09
310.8 -2.89843e-06 6.36258e-09
311.2 -2.90586e-06 1.11935e-08
311.6 -2.91126e-06 1.95899e-08
312 -2.91436e-06 3.10947e-08
312.4 -2.91496e-06 4.51387e-08
312.8 -2.91297e-06 6.10639e-08
313.2 -2.90833e-06 7.8151e-08
313.6 -2.9011e-06 9.5648e-08
314 -2.8914e-06 1.12801e-07
314.4 -2.87944e-06 1.28881e-07
314.8 -2.86548e-06 1.43218e-07
315.2 -2.84987e-06 1.55221e-07
315.6 -2.83296e-06 1.64402e-07
316 -2.81519e-06 1.70397e-07
316.4 -2.79697e-06 1.72973e-07
316.8 -2.77875e-06 1.72042e-07
317.2 -2.76094e-06 1.67657e-07
317.6 -2.74395e-06 1.60013e-07
318 -2.72814e-06 1.49434e-07
318.4 -2.71381e-06 1.36359e-07
318.8 -2.70121e-06 1.21324e-07
319.2 -2.69052e-06 1.04941e-07
319.6 -2.68184e-06 8.78677e-08
320 -2.67519e-06 7.07863e-08
320.4 -2.67054e-06 5.43721e-08
320.8 -2.66776e-06 3.92684e-08
321.2 -2.66665e-06 2.60598e-08
321.6 -2.66698e-06 1.52505e-08
322 -2.66846e-06 7.24407e-09
322.4 -2.67075e-06 2.32839e-09
322.8 -2.67351e-06 6.65395e-10
323.2 -2.67638e-06 2.28554e-09
323.6 -2.67901e-06 7.08777e-09
324 -2.68107e-06 1.48447e-08
324.4 -2.68226e-06 2.52127e-08
324.8 -2.68232e-06 3.77467e-08
325.2 -2.68106e-06 5.19186e-08
325.6 -2.67831e-06 6.71394e-08
326 -2.67401e-06 8.27826e-08
326.4 -2.66814e-06 9.82098e-08
326.8 -2.66073e-06 1.12796e-07
327.2 -2.65191e-06 1.25955e-07
327.6 -2.64184e-06 1.37161e-07
328 -2.63074e-06 1.45971e-07
328.4 -2.61885e-06 1.52039e-07
328.8 -2.60646e-06 1.55132e-07
329.2 -2.59386e-06 1.55136e-07
329.6 -2.58137e-06 1.5206e-07
330 -2.56927e-06 1.46038e-07
330.4 -2.55784e-06 1.37314e-07
330.8 -2.54734e-06 1.26244e-07
331.2 -2.53795e-06 1.13268e-07
331.6 -2.52985e-06 9.89016e-08
332 -2.52313e-06 8.37101e-08
332.4 -2.51786e-06 6.82868e-08
332.8 -2.51401e-06 5.32294e-08
333.2 -2.51154e-06 3.91161e-08
333.6 -2.51033e-06 2.64826e-08
334 -2.51021e-06 1.58017e-08
334.4 -2.51098e-06 7.46451e-09
334.8 -2.51241e-06 1.76591e-09
335.2 -2.51425e-06 -1.10658e-09
335.6 -2.51623e-06 -1.07933e-09
336 -2.51809e-06 1.80535e-09
336.4 -2.51958e-06 7.39176e-09
336.8 -2.52047e-06 1.54178e-08
337.2 -2.52055e-06 2.55263e-08
337.6 -2.51967e-06 3.72797e-08
338 -2.5177e-06 5.0178e-08
338.4 -2.51457e-06 6.36794e-08
338.8 -2.51026e-06 7.72213e-08
339.2 -2.5048e-06 9.02435e-08
339.6 -2.49827e-06 1.0221e-07
340 -2.49079e-06 1.1263e-07
340.4 -2.48253e-06 1.21077e-07
340.8 -2.47366e-06 1.27205e-07
341.2 -2.46441e-06 1.30763e-07
341.6 -2.45502e-06 1.31601e-07
342 -2.4457e-06 1.2968e-07
342.4 -2.43669e-06 1.25067e-07
342.8 -2.42819e-06 1.17937e-07
343.2 -2.42041e-06 1.08562e-07
343.6 -2.41349e-06 9.73006e-08
344 -2.40755e-06 8.45837e-08
344.4 -2.40266e-06 7.08961e-08
344.8 -2.39887e-06 5.67577e-08
345.2 -2.39615e-06 4.27028e-08
345.6 -2.39444e-06 2.92585e-08
346 -2.39363e-06 1.69248e-08
346.4 -2.39359e-06 6.15457e-09
346.8 -2.39414e-06 -2.66341e-09
347.2 -2.39509e-06 -9.21943e-09
347.6 -2.3962e-06 -1.32943e-08
348 -2.39727e-06 -1.4767e-08
348.4 -2.39807e-06 -1.36188e-08
348.8 -2.39839e-06 -9.93313e-09
349.2 -2.39803e-06 -3.89113e-09
349.6 -2.39683e-06 4.23607e-09
350 -2.39466e-06 1.40989e-08
350.4 -2.39142e-06 2.5284e-08
350.8 -2.38706e-06 3.73305e-08
351.2 -2.38157e-06 4.97494e-08
351.6 -2.37499e-06 6.20423e-08
352 -2.36739e-06 7.37217e-08
352.4 -2.35889e-06 8.43297e-08
352.8 -2.34963e-06 9.34562e-08
353.2 -2.3398e-06 1.00754e-07
353.6 -2.32958e-06 1.05953e-07
354 -2.3192e-06 1.08868e-07
354.4 -2.30886e-06 1.09409e-07
354.8 -2.29876e-06 1.07579e-07
355.2 -2.28911e-06 1.03478e-07
355.6 -2.28007e-06 9.72932e-08
356 -2.27179e-06 8.9295e-08
356.4 -2.26438e-06 7.98234e-08
356.8 -2.25791e-06 6.92739e-08
357.2 -2.25241e-06 5.80819e-08
357.6 -2.24787e-06 4.67047e-08
358 -2.24424e-06 3.56034e-08
358.4 -2.24143e-06 2.5224e-08
358.8 -2.23932e-06 1.59804e-08
359.2 -2.23776e-06 8.23781e-09
359.6 -2.23656e-06 2.29866e-09
360 -2.23554e-06 -1.60884e-09
360.4 -2.2345e-06 -3.33929e-09
360.8 -2.23324e-06 -2.83522e-09
361.2 -2.23156e-06 -1.28776e-10
361.6 -2.2293e-06 4.66026e-09
362 -2.22631e-06 1.13298e-08
362.4 -2.22247e-06 1.96042e-08
362.8 -2.21768e-06 2.91455e-08
363.2 -2.21191e-06 3.95675e-08
363.6 -2.20515e-06 5.04512e-08
364 -2.19743e-06 6.13616e-08
364.4 -2.18882e-06 7.18655e-08
364.8 -2.17944e-06 8.15481e-08
365.2 -2.16941e-06 9.00294e-08
365.6 -2.15892e-06 9.69793e-08
366 -2.14815e-06 1.0213e-07
366.4 -2.13729e-06 1.05286e-07
366.8 -2.12655e-06 1.06332e-07
367.2 -2.11614e-06 1.05236e-07
367.6 -2.10624e-06 1.02051e-07
368 -2.09703e-06 9.69109e-08
368.4 -2.08865e-06 9.00264e-08
368.8 -2.08123e-06 8.16744e-08
369.2 -2.07484e-06 7.2188e-08
369.6 -2.06953e-06 6.1942e-08
370 -2.06531e-06 5.13382e-08
370.4 -2.06214e-06 4.07896e-08
370.8 -2.05996e-06 3.07035e-08
371.2 -2.05866e-06 2.1466e-08
371.6 -2.05811e-06 1.34263e-08
372 -2.05814e-06 6.8842e-09
372.4 -2.05859e-06 2.07765e-09
372.8 -2.05925e-06 -8.2551e-10
373.2 -2.05994e-06 -1.73382e-09
373.6 -2.06047e-06 -6.35185e-10
374 -2.06066e-06 2.40328e-09
374.4 -2.06035e-06 7.23857e-09
374.8 -2.0594e-06 1.3658e-08
375.2 -2.05771e-06 2.13882e-08
375.6 -2.05519e-06 3.01063e-08
376 -2.0518e-06 3.94534e-08
376.4 -2.04753e-06 4.90485e-08
376.8 -2.04242e-06 5.85045e-08
377.2 -2.03653e-06 6.74427e-08
377.6 -2.02994e-06 7.55083e-08
378 -2.02278e-06 8.23842e-08
378.4 -2.01518e-06 8.78028e-08
378.8 -2.00731e-06 9.1557e-08
379.2 -1.99932e-06 9.35069e-08
379.6 -1.99137e-06 9.35857e-08
380 -1.98364e-06 9.18013e-08
380.4 -1.97626e-06 8.82354e-08
380.8 -1.96937e-06 8.30401e-08
381.2 -1.96307e-06 7.64305e-08
381.6 -1.95745e-06 6.86767e-08
382 -1.95257e-06 6.00919e-08
382.4 -1.94843e-06 5.10198e-08
382.8 -1.94504e-06 4.1821e-08
383.2 -1.94235e-06 3.28585e-08
383.6 -1.94028e-06 2.44828e-08
384 -1.93875e-06 1.7019e-08
384.4 -1.93764e-06 1.07531e-08
384.8 -1.9368e-06 5.92158e-09
385.2 -1.93611e-06 2.70234e-09
385.6 -1.9354e-06 1.20778e-09
386 -1.93454e-06 1.481e-09
386.4 -1.93339e-06 3.49459e-09
386.8 -1.93181e-06 7.15219e-09
387.2 -1.92971e-06 1.22928e-08
387.6 -1.927e-06 1.86977e-08
388 -1.92362e-06 2.60993e-08
388.4 -1.91956e-06 3.41925e-08
388.8 -1.91481e-06 4.26466e-08
389.2 -1.9094e-06 5.11191e-08
389.6 -1.90339e-06 5.92687e-08
390 -1.89687e-06 6.67695e-08
390.4 -1.88996e-06 7.33234e-08
390.8 -1.88276e-06 7.86718e-08
391.2 -1.87542e-06 8.26058e-08
391.6 -1.86809e-06 8.49738e-08
392 -1.8609e-06 8.56874e-08
392.4 -1.85401e-06 8.47241e-08
392.8 -1.84753e-06 8.21284e-08
393.2 -1.84157e-06 7.8009e-08
393.6 -1.83624e-06 7.2534e-08
394 -1.8316e-06 6.59246e-08
394.4 -1.82768e-06 5.84451e-08
394.8 -1.8245e-06 5.03926e-08
395.2 -1.82205e-06 4.20851e-08
395.6 -1.82027e-06 3.38483e-08
396 -1.81908e-06 2.60033e-08
396.4 -1.81841e-06 1.88535e-08
396.8 -1.81812e-06 1.26726e-08
397.2 -1.81808e-06 7.69451e-09
397.6 -1.81817e-06 4.10373e-09
398 -1.81821e-06 2.02887e-09
398.4 -1.81809e-06 1.53771e-09
398.8 -1.81765e-06 2.63497e-09
399.2 -1.81677e-06 5.26258e-09
399.6 -1.81535e-06 9.3024e-09
400 -1.81329e-06 1.45813e-08
