-0.498 1.03588 0.844911
-0.496 1.25798 0.872444
-0.494 1.43325 0.884332
-0.492 1.55351 0.879133
-0.49 1.61315 0.855993
-0.488 1.60931 0.814707
-0.486 1.54212 0.755753
-0.484 1.41456 0.680291
-0.482 1.23243 0.590137
-0.48 1.00399 0.487699
-0.478 0.739576 0.37589
-0.476 0.451121 0.258013
-0.474 0.151568 0.137629
-0.472 -0.145744 0.0184116
-0.47 -0.427714 -0.0960062
-0.468 -0.682094 -0.202181
-0.466 -0.898063 -0.297005
-0.464 -1.06673 -0.37783
-0.462 -1.18153 -0.44258
-0.46 -1.2385 -0.489827
-0.458 -1.23648 -0.518848
-0.456 -1.17706 -0.529639
-0.454 -1.06453 -0.522904
-0.452 -0.905586 -0.500009
-0.45 -0.708996 -0.462906
-0.448 -0.485114 -0.414032
-0.446 -0.245356 -0.356186
-0.444 -0.00161009 -0.292392
-0.442 0.234361 -0.225756
-0.44 0.451509 -0.159319
-0.438 0.640046 -0.0959217
-0.436 0.791917 -0.0380744
-0.434 0.901176 0.0121441
-0.432 0.964255 0.053171
-0.43 0.980101 0.0840117
-0.428 0.950177 0.104264
-0.426 0.878339 0.114108
-0.424 0.770576 0.114272
-0.422 0.63465 0.105963
-0.42 0.47963 0.0907771
-0.418 0.315372 0.0705929
-0.416 0.151949 0.0474479
-0.414 -0.000923504 0.023411
-0.412 -0.134438 0.0004551
-0.41 -0.241203 -0.0196634
-0.408 -0.31566 -0.0355101
-0.406 -0.354411 -0.0460594
-0.404 -0.356422 -0.050756
-0.402 -0.323089 -0.0495491
-0.4 -0.258185 -0.0428967
-0.398 -0.167656 -0.0317396
-0.396 -0.0593045 -0.0174467
-0.394 0.0576336 -0.00173339
-0.392 0.173006 0.0134412
-0.39 0.276314 0.0259946
-0.388 0.357315 0.0338509
-0.386 0.406619 0.0350751
-0.384 0.416262 0.0280027
-0.382 0.380205 0.011359
-0.38 0.294749 -0.0156396
-0.378 0.158832 -0.0532077
-0.376 -0.0258038 -0.100942
-0.374 -0.254584 -0.157802
-0.372 -0.520228 -0.222129
-0.37 -0.813011 -0.291692
-0.368 -1.12117 -0.363772
-0.366 -1.43139 -0.43527
-0.364 -1.72944 -0.502841
-0.362 -2.00083 -0.563046
-0.36 -2.2315 -0.612513
-0.358 -2.4085 -0.6481
-0.356 -2.52069 -0.667055
-0.354 -2.55925 -0.667163
-0.352 -2.51826 -0.646865
-0.35 -2.39497 -0.605358
-0.348 -2.19005 -0.54266
-0.346 -1.90765 -0.45964
-0.344 -1.55525 -0.358001
-0.342 -1.14345 -0.240239
-0.34 -0.685479 -0.109556
-0.338 -0.196707 0.0302627
-0.336 0.306042 0.174988
-0.334 0.805209 0.320122
-0.332 1.28327 0.461074
-0.33 1.7235 0.593354
-0.328 2.11071 0.712755
-0.326 2.43194 0.815526
-0.324 2.67699 0.898531
-0.322 2.83886 0.959369
-0.32 2.91408 0.996474
-0.318 2.90277 1.00917
-0.316 2.80866 0.997697
-0.314 2.63881 0.963169
-0.312 2.40332 0.907532
-0.31 2.11474 0.833455
-0.308 1.7875 0.744203
-0.306 1.43717 0.643479
-0.304 1.07974 0.535255
-0.302 0.730825 0.423588
-0.3 0.404922 0.312439
-0.298 0.114752 0.205497
-0.296 -0.129345 0.106025
-0.294 -0.31986 0.0167245
-0.292 -0.452436 -0.0603635
-0.29 -0.526021 -0.123929
-0.288 -0.542848 -0.173422
-0.286 -0.50826 -0.209042
-0.284 -0.430369 -0.231692
-0.282 -0.319574 -0.242898
-0.28 -0.187971 -0.244698
-0.278 -0.0486749 -0.239506
-0.276 0.08491 -0.229964
-0.274 0.19983 -0.21878
-0.272 0.284299 -0.208571
-0.27 0.328349 -0.201711
-0.268 0.324396 -0.200198
-0.266 0.26767 -0.205543
-0.264 0.15651 -0.218684
-0.262 -0.00750691 -0.239941
-0.26 -0.219602 -0.268998
-0.258 -0.472002 -0.304927
-0.256 -0.7543 -0.346238
-0.254 -1.05396 -0.390973
-0.252 -1.35694 -0.436816
-0.25 -1.64839 -0.481229
-0.248 -1.91345 -0.521599
-0.246 -2.13797 -0.555391
-0.244 -2.30933 -0.580303
-0.242 -2.41711 -0.594402
-0.24 -2.45367 -0.596249
-0.238 -2.41466 -0.584992
-0.236 -2.29933 -0.560436
-0.234 -2.11066 -0.523067
-0.232 -1.85533 -0.474052
-0.23 -1.54347 -0.415192
-0.228 -1.1883 -0.348841
-0.226 -0.805494 -0.277796
-0.224 -0.412511 -0.205158
-0.222 -0.0277454 -0.134175
-0.22 0.330352 -0.0680701
-0.218 0.644198 -0.00986991
-0.216 0.897973 0.0377622
-0.214 1.07845 0.0726782
-0.212 1.17574 0.0933742
-0.21 1.18384 0.0990884
-0.208 1.10104 0.0898637
-0.206 0.930137 0.0665703
-0.204 0.678394 0.0308857
-0.202 0.357309 -0.0147656
-0.2 -0.0178377 -0.0673133
-0.198 -0.428628 -0.123176
-0.196 -0.854311 -0.178427
-0.194 -1.27274 -0.228978
-0.192 -1.66138 -0.270777
-0.19 -1.99837 -0.300009
-0.188 -2.26354 -0.313289
-0.186 -2.43941 -0.307837
-0.184 -2.51198 -0.281631
-0.182 -2.47152 -0.233519
-0.18 -2.313 -0.163303
-0.178 -2.03643 -0.0717707
-0.176 -1.64691 0.0393164
-0.174 -1.1545 0.167277
-0.172 -0.573805 0.30861
-0.17 0.0766138 0.459132
-0.168 0.774989 0.614147
-0.166 1.49727 0.768641
-0.164 2.21813 0.91749
-0.162 2.91203 1.05568
-0.16 3.5543 1.1785
-0.158 4.12214 1.28177
-0.156 4.59561 1.36198
-0.154 4.95838 1.41645
-0.152 5.19844 1.44343
-0.15 5.30851 1.44215
-0.148 5.28633 1.41285
-0.146 5.13462 1.35674
-0.144 4.86099 1.27592
-0.142 4.47746 1.17329
-0.14 3.99992 1.05237
-0.138 3.44737 0.917137
-0.136 2.84107 0.771863
-0.134 2.2036 0.620881
-0.132 1.55783 0.468401
-0.13 0.926014 0.318332
-0.128 0.328785 0.174114
-0.126 -0.215631 0.0385872
-0.124 -0.69214 -0.0861057
-0.122 -1.08933 -0.198578
-0.12 -1.39983 -0.298214
-0.118 -1.6205 -0.385139
-0.116 -1.7524 -0.460154
-0.114 -1.80057 -0.524629
-0.112 -1.77369 -0.580371
-0.11 -1.68347 -0.629465
-0.108 -1.54408 -0.674107
-0.106 -1.37129 -0.716428
-0.104 -1.18178 -0.758331
-0.102 -0.992218 -0.801339
-0.1 -0.818515 -0.846471
-0.098 -0.675051 -0.894145
-0.096 -0.574014 -0.944128
-0.094 -0.524847 -0.995515
-0.092 -0.533832 -1.04676
-0.09 -0.603819 -1.09576
-0.088 -0.734126 -1.13991
-0.086 -0.920594 -1.17633
-0.084 -1.15582 -1.20196
-0.082 -1.42951 -1.21375
-0.08 -1.72905 -1.20891
-0.078 -2.04008 -1.18503
-0.076 -2.34725 -1.14029
-0.074 -2.63502 -1.0736
-0.072 -2.88841 -0.984728
-0.07 -3.0938 -0.87437
-0.068 -3.23963 -0.74419
-0.066 -3.31701 -0.596801
-0.064 -3.32017 -0.435699
-0.062 -3.24677 -0.265156
-0.06 -3.09798 -0.0900561
-0.058 -2.87842 0.0842895
-0.056 -2.59586 0.252369
-0.054 -2.2608 0.408707
-0.052 -1.88587 0.548108
-0.05 -1.48513 0.665898
-0.048 -1.07329 0.758146
-0.046 -0.665009 0.821857
-0.044 -0.274064 0.855124
-0.042 0.0872621 0.85724
-0.04 0.408759 0.828748
-0.038 0.682695 0.771436
-0.036 0.904075 0.688284
-0.034 1.07071 0.583339
-0.032 1.18313 0.461551
-0.03 1.24433 0.328558
-0.028 1.25938 0.190442
-0.026 1.23492 0.0534564
-0.024 1.17864 -0.0762597
-0.022 1.09864 -0.192958
-0.02 1.00294 -0.291547
-0.018 0.898901 -0.367831
-0.016 0.792899 -0.418704
-0.014 0.689968 -0.442296
-0.012 0.593665 -0.438064
-0.01 0.506019 -0.406816
-0.008 0.4276 -0.35067
-0.006 0.357679 -0.272957
-0.004 0.29445 -0.178056
-0.002 0.235298 -0.0711863
0 0.177081 0.0418474
0.002 0.116528 0.154941
0.004 0.0502157 0.261963
0.006 -0.0248166 0.35708
0.008 -0.110885 0.435027
0.01 -0.209382 0.491367
0.012 -0.320518 0.522704
0.014 -0.443112 0.52685
0.016 -0.574447 0.502933
0.018 -0.71022 0.451439
0.02 -0.8446 0.374196
0.022 -0.970427 0.274287
0.024 -1.07952 0.155907
0.026 -1.16311 0.0241717
0.028 -1.21237 -0.115123
0.03 -1.21901 -0.255763
0.032 -1.17586 -0.3914
0.034 -1.07745 -0.51584
0.036 -0.920524 -0.623316
0.038 -0.704452 -0.708744
0.04 -0.431466 -0.767942
0.042 -0.106767 -0.797805
0.044 0.261564 -0.796428
0.046 0.662827 -0.763177
0.048 1.08413 -0.698694
0.05 1.51099 -0.604851
0.052 1.92798 -0.484646
0.054 2.31958 -0.342052
0.056 2.6709 -0.18182
0.058 2.96854 -0.00926223
0.06 3.20127 0.169994
0.062 3.36067 0.350255
0.064 3.4416 0.526006
0.066 3.44251 0.692137
0.068 3.3655 0.844145
0.07 3.21624 0.978298
0.072 3.0037 1.09176
0.074 2.73964 1.18265
0.076 2.43804 1.2501
0.078 2.11433 1.29418
0.08 1.78462 1.31587
0.082 1.46489 1.31693
0.084 1.17018 1.29974
0.086 0.913793 1.26715
0.088 0.706713 1.22227
0.09 0.556997 1.16831
0.092 0.469399 1.10833
0.094 0.445123 1.04515
0.096 0.481745 0.981125
0.098 0.573304 0.918075
0.1 0.710561 0.857187
0.102 0.881414 0.798985
0.104 1.07145 0.743327
0.106 1.26462 0.689454
0.108 1.44397 0.636078
0.11 1.59252 0.581494
0.112 1.69404 0.523726
0.114 1.7339 0.460691
0.116 1.69983 0.390365
0.118 1.58263 0.310956
0.12 1.37672 0.221062
0.122 1.08049 0.119803
0.124 0.696616 0.00693993
0.126 0.232038 -0.117059
0.128 -0.302185 -0.250977
0.13 -0.891229 -0.392859
0.132 -1.51705 -0.540058
0.134 -2.15908 -0.689327
0.136 -2.79507 -0.836939
0.138 -3.40204 -0.978849
0.14 -3.95722 -1.11086
0.142 -4.43909 -1.22884
0.144 -4.82834 -1.32887
0.146 -5.10874 -1.40748
0.148 -5.26788 -1.4618
0.15 -5.29783 -1.48971
0.152 -5.19548 -1.48994
0.154 -4.96283 -1.4622
0.156 -4.60688 -1.40716
0.158 -4.13948 -1.32646
0.16 -3.57684 -1.22267
0.162 -2.93886 -1.09918
0.164 -2.24838 -0.960067
0.166 -1.53018 -0.809951
0.168 -0.809964 -0.653775
0.17 -0.113265 -0.496618
0.172 0.535619 -0.343482
0.174 1.11467 -0.199084
0.176 1.60506 -0.0676669
0.178 1.99195 0.0471744
0.18 2.26511 0.14263
0.182 2.41927 0.216779
0.184 2.45436 0.26865
0.186 2.37538 0.298237
0.188 2.19216 0.306477
0.19 1.91882 0.295176
0.192 1.57308 0.266905
0.194 1.17538 0.224858
0.196 0.747945 0.172681
0.198 0.313678 0.114295
0.2 -0.104865 0.053699
0.202 -0.48653 -0.00522036
0.204 -0.812513 -0.0588686
0.206 -1.06719 -0.104105
0.208 -1.2388 -0.138377
0.21 -1.31987 -0.159822
0.212 -1.30751 -0.167332
0.214 -1.20346 -0.160579
0.216 -1.01383 -0.139997
0.218 -0.748785 -0.106736
0.22 -0.421909 -0.0625674
0.222 -0.0494876 -0.00977056
0.224 0.350342 0.0490066
0.226 0.758514 0.110902
0.228 1.15597 0.173001
0.23 1.5246 0.232493
0.232 1.84805 0.28682
0.234 2.11253 0.333809
0.236 2.30735 0.37177
0.238 2.4254 0.399581
0.24 2.4634 0.41672
0.242 2.42191 0.423281
0.244 2.30525 0.419938
0.246 2.12115 0.407891
0.248 1.88031 0.388775
0.25 1.59576 0.364545
0.252 1.28215 0.337352
0.254 0.954997 0.309401
0.256 0.629877 0.282808
0.258 0.321624 0.259471
0.26 0.0436023 0.240943
0.262 -0.192951 0.228334
0.264 -0.379458 0.222235
0.266 -0.510392 0.222669
0.268 -0.583515 0.229084
0.27 -0.599938 0.240369
0.272 -0.564012 0.254909
0.274 -0.483054 0.270672
0.276 -0.366922 0.28532
0.278 -0.227459 0.296337
0.28 -0.0778339 0.30118
0.282 0.0681773 0.297428
0.284 0.196953 0.282935
0.286 0.295771 0.255969
0.288 0.353518 0.215335
0.29 0.361307 0.160475
0.292 0.312993 0.0915335
0.294 0.205548 0.00939353
0.296 0.0392677 -0.0843285
0.298 -0.182174 -0.187324
0.3 -0.45186 -0.29667
0.302 -0.759917 -0.408941
0.304 -1.09397 -0.520346
0.306 -1.43971 -0.626893
0.308 -1.78158 -0.724561
0.31 -2.10352 -0.809483
0.312 -2.38975 -0.878123
0.314 -2.62552 -0.927442
0.316 -2.79788 -0.955043
0.318 -2.89628 -0.959294
0.32 -2.91311 -0.939409
0.322 -2.84411 -0.8955
0.324 -2.6886 -0.828586
0.326 -2.44954 -0.740559
0.328 -2.13342 -0.634114
0.33 -1.74999 -0.512644
0.332 -1.31185 -0.380099
0.334 -0.833884 -0.240827
0.336 -0.332596 -0.0993911
0.338 0.174614 0.0396178
0.34 0.670218 0.17177
0.342 1.13733 0.29298
0.344 1.56044 0.399666
0.346 1.92607 0.488895
0.348 2.22332 0.558493
0.35 2.44432 0.607115
0.352 2.58451 0.634291
0.354 2.64276 0.640414
0.356 2.62132 0.626708
0.358 2.52567 0.595144
0.36 2.36415 0.548334
0.362 2.14749 0.489393
0.364 1.88826 0.42178
0.366 1.60023 0.349134
0.368 1.29766 0.275096
0.37 0.994663 0.203142
0.372 0.704473 0.136424
0.374 0.438896 0.0776389
0.376 0.207772 0.0289096
0.378 0.0185721 -0.00828919
0.38 -0.123879 -0.0331788
0.382 -0.217537 -0.045685
0.384 -0.263127 -0.0464116
0.386 -0.263996 -0.0365786
0.388 -0.225824 -0.0179318
0.39 -0.156234 0.00737494
0.392 -0.0642944 0.0369144
0.394 0.0400366 0.0681333
0.396 0.146502 0.098502
0.398 0.245147 0.125661
0.4 0.326887 0.147554
0.402 0.384024 0.162543
0.404 0.410677 0.169498
0.406 0.403106 0.167855
0.408 0.359914 0.15765
0.41 0.282122 0.139505
0.412 0.173093 0.114594
0.414 0.0383456 0.0845766
0.416 -0.114773 0.0514942
0.418 -0.277504 0.0176583
0.42 -0.440175 -0.0144856
0.422 -0.592758 -0.0424986
0.424 -0.725443 -0.0640913
0.426 -0.829205 -0.0772596
0.428 -0.896332 -0.0804066
0.43 -0.920887 -0.0724447
0.432 -0.899076 -0.0528725
0.434 -0.829506 -0.0218212
0.436 -0.713318 0.0199299
0.438 -0.554184 0.0709721
0.44 -0.358178 0.129318
0.442 -0.133507 0.192484
0.444 0.109856 0.257594
0.446 0.360649 0.321514
0.448 0.606861 0.380992
0.45 0.836324 0.432812
0.452 1.03731 0.473948
0.454 1.19915 0.50171
0.456 1.31274 0.513877
0.458 1.37105 0.50881
0.46 1.36949 0.485539
0.462 1.30621 0.443816
0.464 1.18217 0.384143
0.466 1.00122 0.307755
0.468 0.769894 0.21658
0.47 0.497194 0.113158
0.472 0.194158 0.000540128
0.474 -0.126618 -0.117845
0.476 -0.451554 -0.238331
0.478 -0.766715 -0.357172
0.48 -1.05846 -0.470698
0.482 -1.31409 -0.57547
0.484 -1.52242 -0.668417
0.486 -1.67435 -0.746962
0.488 -1.76326 -0.809119
0.49 -1.78537 -0.853562
0.492 -1.73987 -0.879664
0.494 -1.62901 -0.887503
0.496 -1.45798 -0.877836
0.498 -1.23467 -0.852042
0.4 0.00212792 0.00272555
0.8 0.00226102 0.00279456
1.2 0.00248255 0.00290946
1.6 0.00279205 0.00307011
2 0.00318881 0.00327626
2.4 0.00367183 0.00352756
2.8 0.00423976 0.00382354
3.2 0.00489081 0.00416357
3.6 0.00562272 0.00454684
4 0.00643263 0.00497233
4.4 0.00731703 0.00543878
4.8 0.00827169 0.00594462
5.2 0.00929158 0.00648802
5.6 0.0103708 0.00706678
6 0.0115027 0.00767836
6.4 0.0126795 0.00831986
6.8 0.0138927 0.00898796
7.2 0.0151329 0.00967899
7.6 0.0163897 0.0103889
8 0.0176521 0.0111131
8.4 0.0189085 0.011847
8.8 0.0201464 0.0125853
9.2 0.0213532 0.0133227
9.6 0.0225159 0.0140534
10 0.0236215 0.0147716
10.4 0.024657 0.0154712
10.8 0.0256098 0.0161462
11.2 0.0264678 0.0167904
11.6 0.0272196 0.0173978
12 0.0278547 0.0179625
12.4 0.0283639 0.0184787
12.8 0.0287393 0.018941
13.2 0.0289744 0.0193443
13.6 0.0290644 0.0196841
14 0.0290065 0.0199561
14.4 0.0287996 0.0201568
14.8 0.0284445 0.0202832
15.2 0.0279444 0.0203329
15.6 0.0273041 0.0203043
16 0.0265306 0.0201965
16.4 0.0256328 0.0200093
16.8 0.0246213 0.0197433
17.2 0.0235085 0.0193997
17.6 0.0223082 0.0189806
18 0.0210355 0.0184887
18.4 0.0197068 0.0179274
18.8 0.0183388 0.0173009
19.2 0.0169493 0.0166137
19.6 0.0155561 0.0158711
20 0.0141769 0.0150786
20.4 0.0128293 0.0142424
20.8 0.0115303 0.0133688
21.2 0.0102959 0.0124645
21.6 0.00914108 0.0115364
22 0.00807953 0.0105913
22.4 0.0071233 0.00963629
22.8 0.00628271 0.00867833
23.2 0.00556619 0.00772424
23.6 0.00498014 0.00678072
24 0.00452887 0.00585421
24.4 0.00421452 0.00495085
24.8 0.00403709 0.00407648
25.2 0.00399444 0.0032365
25.6 0.00408237 0.00243593
26 0.00429474 0.0016793
26.4 0.00462355 0.000970652
26.8 0.00505915 0.000313525
27.2 0.00559044 -0.000289077
27.6 0.00620503 -0.000834688
28 0.00688953 -0.00132139
28.4 0.00762973 -0.00174783
28.8 0.00841092 -0.00211317
29.2 0.00921809 -0.00241714
29.6 0.0100362 -0.00266002
30 0.0108506 -0.00284257
30.4 0.0116468 -0.00296611
30.8 0.0124113 -0.00303242
31.2 0.0131313 -0.00304377
31.6 0.0137952 -0.0030029
32 0.0143927 -0.00291297
32.4 0.0149148 -0.00277757
32.8 0.015354 -0.00260067
33.2 0.0157045 -0.0023866
33.6 0.015962 -0.00214003
34 0.016124 -0.00186594
34.4 0.0161896 -0.00156955
34.8 0.0161594 -0.00125635
35.2 0.0160356 -0.000931992
35.6 0.0158221 -0.000602273
36 0.0155239 -0.000273098
36.4 0.0151473 4.9584e-05
36.8 0.0146998 0.000359831
37.2 0.0141896 0.000651765
37.6 0.0136259 0.000919633
38 0.0130184 0.00115787
38.4 0.0123771 0.00136116
38.8 0.0117124 0.00152452
39.2 0.0110347 0.00164333
39.6 0.0103541 0.00171344
40 0.00968066 0.00173119
40.4 0.00902384 0.00169354
40.8 0.00839254 0.00159804
41.2 0.00779493 0.00144296
41.6 0.00723837 0.00122729
42 0.00672927 0.000950782
42.4 0.00627303 0.000614018
42.8 0.00587401 0.000218387
43.2 0.00553544 -0.000233886
43.6 0.00525944 -0.00073974
44 0.005047 -0.0012953
44.4 0.00489799 -0.0018959
44.8 0.00481122 -0.00253611
45.2 0.00478446 -0.00320981
45.6 0.00481454 -0.00391025
46 0.00489739 -0.00463011
46.4 0.00502815 -0.00536158
46.8 0.00520127 -0.00609651
47.2 0.00541062 -0.00682645
47.6 0.00564959 -0.00754281
48 0.00591123 -0.00823695
48.4 0.00618835 -0.00890033
48.8 0.00647367 -0.0095246
49.2 0.00675988 -0.0101017
49.6 0.00703984 -0.0106242
50 0.00730662 -0.011085
50.4 0.00755364 -0.0114777
50.8 0.00777476 -0.0117969
51.2 0.00796434 -0.0120379
51.6 0.00811739 -0.0121968
52 0.00822952 -0.0122709
52.4 0.00829711 -0.0122584
52.8 0.00831727 -0.0121588
53.2 0.00828788 -0.0119723
53.6 0.00820766 -0.0117004
54 0.00807607 -0.0113457
54.4 0.0078934 -0.0109117
54.8 0.00766068 -0.0104027
55.2 0.00737967 -0.00982415
55.6 0.00705281 -0.00918204
56 0.00668316 -0.00848316
56.4 0.00627437 -0.0077348
56.8 0.00583057 -0.00694473
57.2 0.00535631 -0.00612102
57.6 0.00485649 -0.00527193
58 0.00433631 -0.00440577
58.4 0.00380112 -0.00353081
58.8 0.00325641 -0.00265509
59.2 0.00270771 -0.00178636
59.6 0.0021605 -0.000931948
60 0.00162018 -9.86712e-05
60.4 0.00109199 0.000707261
60.8 0.000580949 0.00148031
61.2 9.18251e-05 0.00221565
61.6 -0.00037091 0.00290925
62 -0.000803112 0.00355782
62.4 -0.00120098 0.00415892
62.8 -0.00156109 0.00471083
63.2 -0.00188037 0.00521263
63.6 -0.00215613 0.00566411
64 -0.00238603 0.00606569
64.4 -0.0025681 0.00641843
64.8 -0.0027007 0.00672386
65.2 -0.0027825 0.00698399
65.6 -0.00281249 0.00720116
66 -0.00278992 0.00737796
66.4 -0.0027143 0.00751716
66.8 -0.0025854 0.00762161
67.2 -0.00240318 0.00769413
67.6 -0.00216785 0.00773747
68 -0.00187977 0.00775423
68.4 -0.00153955 0.00774677
68.8 -0.00114796 0.0077172
69.2 -0.000705995 0.00766733
69.6 -0.000214836 0.00759862
70 0.000324091 0.00751221
70.4 0.000909123 0.00740889
70.8 0.00153834 0.00728917
71.2 0.00220952 0.00715323
71.6 0.00292015 0.00700102
72 0.00366737 0.0068323
72.4 0.00444799 0.00664669
72.8 0.00525843 0.00644373
73.2 0.00609471 0.00622297
73.6 0.0069525 0.00598402
74 0.00782705 0.00572664
74.4 0.00871321 0.00545081
74.8 0.0096055 0.00515675
75.2 0.0104981 0.00484507
75.6 0.0113847 0.00451671
76 0.0122591 0.00417307
76.4 0.0131146 0.00381597
76.8 0.0139445 0.00344772
77.2 0.0147418 0.00307107
77.6 0.0154999 0.00268923
78 0.016212 0.00230581
78.4 0.0168717 0.00192481
78.8 0.0174729 0.00155055
79.2 0.0180098 0.00118758
79.6 0.0184771 0.000840651
80 0.0188703 0.000514558
80.4 0.0191855 0.0002141
80.8 0.0194195 -5.60438e-05
81.2 0.0195701 -0.000291417
81.6 0.0196361 -0.000487885
82 0.0196172 -0.000641741
82.4 0.019514 -0.000749798
82.8 0.0193284 -0.000809477
83.2 0.0190632 -0.000818891
83.6 0.0187224 -0.000776903
84 0.0183107 -0.000683188
84.4 0.0178342 -0.000538266
84.8 0.0172996 -0.000343522
85.2 0.0167145 -0.000101213
85.6 0.0160871 0.000185548
86 0.0154264 0.000512822
86.4 0.0147417 0.000875895
86.8 0.0140427 0.00126934
87.2 0.0133394 0.00168712
87.6 0.0126415 0.00212263
88 0.0119589 0.00256888
88.4 0.0113011 0.00301854
88.8 0.0106771 0.00346412
89.2 0.0100956 0.00389807
89.6 0.00956428 0.00431292
90 0.00909016 0.00470142
90.4 0.00867928 0.00505665
90.8 0.00833666 0.00537218
91.2 0.00806621 0.00564213
91.6 0.00787066 0.00586134
92 0.00775156 0.0060254
92.4 0.00770919 0.00613077
92.8 0.00774266 0.00617482
93.2 0.00784985 0.00615588
93.6 0.00802748 0.00607327
94 0.00827118 0.00592731
94.4 0.00857558 0.00571927
94.8 0.00893437 0.0054514
95.2 0.00934042 0.00512683
95.6 0.00978594 0.00474956
96 0.0102625 0.00432433
96.4 0.0107615 0.00385655
96.8 0.0112736 0.0033522
97.2 0.0117897 0.00281774
97.6 0.0123006 0.00225993
98 0.0127973 0.00168579
98.4 0.0132709 0.00110243
98.8 0.013713 0.000516903
99.2 0.0141159 -6.38375e-05
99.6 0.0144723 -0.000633113
100 0.0147756 -0.0011846
100.4 0.0150202 -0.00171243
100.8 0.0152012 -0.00221127
101.2 0.0153148 -0.0026764
101.6 0.015358 -0.00310375
102 0.0153288 -0.00348999
102.4 0.0152261 -0.00383249
102.8 0.01505 -0.0041294
103.2 0.0148013 -0.00437961
103.6 0.0144817 -0.00458274
104 0.0140939 -0.00473912
104.4 0.0136414 -0.00484974
104.8 0.0131282 -0.00491622
105.2 0.0125591 -0.00494071
105.6 0.0119395 -0.00492588
106 0.0112751 -0.00487479
106.4 0.010572 -0.00479084
106.8 0.00983679 -0.00467768
107.2 0.00907603 -0.00453914
107.6 0.00829646 -0.00437915
108 0.00750484 -0.00420165
108.4 0.00670784 -0.00401052
108.8 0.00591197 -0.00380954
109.2 0.00512353 -0.00360229
109.6 0.00434852 -0.00339213
110 0.00359258 -0.00318213
110.4 0.00286095 -0.00297506
110.8 0.0021584 -0.00277333
111.2 0.00148923 -0.00257903
111.6 0.000857213 -0.00239385
112 0.000265567 -0.00221914
112.4 -0.000283033 -0.00205587
112.8 -0.000786476 -0.00190468
113.2 -0.00124321 -0.00176591
113.6 -0.00165225 -0.00163956
114 -0.00201312 -0.00152541
114.4 -0.00232589 -0.00142298
114.8 -0.0025911 -0.00133162
115.2 -0.00280976 -0.00125052
115.6 -0.00298332 -0.00117875
116 -0.00311359 -0.00111531
116.4 -0.00320274 -0.00105913
116.8 -0.00325324 -0.00100917
117.2 -0.00326781 -0.000964386
117.6 -0.00324941 -0.000923779
118 -0.00320112 -0.000886427
118.4 -0.00312617 -0.000851495
118.8 -0.00302783 -0.000818249
119.2 -0.00290943 -0.000786066
119.6 -0.00277425 -0.000754438
120 -0.00262554 -0.000722979
120.4 -0.00246643 -0.000691414
120.8 -0.00229994 -0.000659582
121.2 -0.00212892 -0.000627419
121.6 -0.00195602 -0.000594953
122 -0.00178371 -0.000562291
122.4 -0.0016142 -0.000529601
122.8 -0.00144947 -0.0004971
123.2 -0.00129124 -0.000465037
123.6 -0.00114097 -0.000433683
124 -0.000999864 -0.000403309
124.4 -0.000868872 -0.000374181
124.8 -0.000748682 -0.000346544
125.2 -0.00063975 -0.000320612
125.6 -0.000542301 -0.000296563
126 -0.000456353 -0.000274531
126.4 -0.000381733 -0.000254603
126.8 -0.000318097 -0.000236815
127.2 -0.000264957 -0.000221155
127.6 -0.0002217 -0.000207566
128 -0.000187616 -0.000195943
128.4 -0.000161919 -0.000186145
128.8 -0.00014377 -0.000177998
129.2 -0.000132306 -0.000171301
129.6 -0.000126651 -0.000165834
130 -0.000125946 -0.000161367
130.4 -0.000129358 -0.000157666
130.8 -0.000136098 -0.000154499
131.2 -0.000145436 -0.000151647
131.6 -0.000156707 -0.000148906
132 -0.000169321 -0.000146096
132.4 -0.000182763 -0.00014306
132.8 -0.000196601 -0.000139672
133.2 -0.000210482 -0.000135837
133.6 -0.00022413 -0.000131491
134 -0.000237341 -0.000126605
134.4 -0.000249975 -0.000121176
134.8 -0.000261954 -0.000115233
135.2 -0.000273245 -0.000108829
135.6 -0.000283859 -0.000102039
136 -0.000293834 -9.49539e-05
136.4 -0.000303231 -8.76804e-05
136.8 -0.000312122 -8.03316e-05
137.2 -0.000320581 -7.30246e-05
137.6 -0.00032868 -6.58755e-05
138 -0.000336476 -5.89952e-05
138.4 -0.000344011 -5.24855e-05
138.8 -0.000351308 -4.64358e-05
139.2 -0.000358366 -4.09204e-05
139.6 -0.00036516 -3.59966e-05
140 -0.000371641 -3.1703e-05
140.4 -0.000377741 -2.8059e-05
140.8 -0.00038337 -2.50653e-05
141.2 -0.000388425 -2.27039e-05
141.6 -0.000392793 -2.09398e-05
142 -0.000396355 -1.97228e-05
142.4 -0.000398994 -1.89898e-05
142.8 -0.0004006 -1.86672e-05
143.2 -0.000401072 -1.8674e-05
143.6 -0.000400331 -1.89244e-05
144 -0.000398314 -1.93312e-05
144.4 -0.000394989 -1.98085e-05
144.8 -0.000390349 -2.02744e-05
145.2 -0.000384419 -2.06536e-05
145.6 -0.000377254 -2.08795e-05
146 -0.000368941 -2.08961e-05
146.4 -0.000359596 -2.06592e-05
146.8 -0.000349361 -2.01373e-05
147.2 -0.000338403 -1.93126e-05
147.6 -0.000326906 -1.81804e-05
148 -0.00031507 -1.67489e-05
148.4 -0.000303102 -1.50385e-05
148.8 -0.000291213 -1.30809e-05
149.2 -0.000279608 -1.0917e-05
149.6 -0.000268485 -8.59599e-06
150 -0.000258025 -6.173e-06
150.4 -0.000248391 -3.70732e-06
150.8 -0.000239717 -1.26042e-06
151.2 -0.000232113 1.10606e-06
151.6 -0.000225654 3.33217e-06
152 -0.000220381 5.36144e-06
152.4 -0.000216301 7.14241e-06
152.8 -0.000213389 8.63002e-06
153.2 -0.000211582 9.78667e-06
153.6 -0.000210789 1.05831e-05
154 -0.00021089 1.0999e-05
154.4 -0.000211741 1.1023e-05
154.8 -0.000213178 1.06532e-05
155.2 -0.000215022 9.89635e-06
155.6 -0.000217086 8.76774e-06
156 -0.000219178 7.2904e-06
156.4 -0.00022111 5.49422e-06
156.8 -0.0002227 3.41498e-06
157.2 -0.000223779 1.09328e-06
157.6 -0.000224195 -1.42669e-06
158 -0.000223819 -4.09824e-06
158.4 -0.000222543 -6.87341e-06
158.8 -0.00022029 -9.70406e-06
159.2 -0.000217008 -1.25429e-05
159.6 -0.000212678 -1.53446e-05
160 -0.000207306 -1.80663e-05
160.4 -0.000200931 -2.06688e-05
160.8 -0.000193613 -2.31166e-05
161.2 -0.000185441 -2.53788e-05
161.6 -0.000176522 -2.74293e-05
162 -0.00016698 -2.92468e-05
162.4 -0.000156953 -3.08149e-05
162.8 -0.000146587 -3.2122e-05
163.2 -0.000136035 -3.31616e-05
163.6 -0.000125448 -3.39314e-05
164 -0.000114974 -3.44332e-05
164.4 -0.000104753 -3.46729e-05
164.8 -9.49165e-05 -3.46596e-05
165.2 -8.55794e-05 -3.44054e-05
165.6 -7.68419e-05 -3.39252e-05
166 -6.87861e-05 -3.32357e-05
166.4 -6.1475e-05 -3.23559e-05
166.8 -5.4952e-05 -3.13056e-05
167.2 -4.92411e-05 -3.01062e-05
167.6 -4.43473e-05 -2.87793e-05
168 -4.0258e-05 -2.73473e-05
168.4 -3.69445e-05 -2.58325e-05
168.8 -3.4364e-05 -2.42573e-05
169.2 -3.24618e-05 -2.26436e-05
169.6 -3.11735e-05 -2.10129e-05
170 -3.04281e-05 -1.93859e-05
170.4 -3.01499e-05 -1.77826e-05
170.8 -3.02612e-05 -1.62217e-05
171.2 -3.06847e-05 -1.4721e-05
171.6 -3.13453e-05 -1.32966e-05
172 -3.21717e-05 -1.19633e-05
172.4 -3.30984e-05 -1.07343e-05
172.8 -3.40663e-05 -9.62085e-06
173.2 -3.50235e-05 -8.63228e-06
173.6 -3.59258e-05 -7.7759e-06
174 -3.67368e-05 -7.05682e-06
174.4 -3.74274e-05 -6.47793e-06
174.8 -3.79755e-05 -6.03977e-06
175.2 -3.83652e-05 -5.74054e-06
175.6 -3.85858e-05 -5.57614e-06
176 -3.86311e-05 -5.54015e-06
176.4 -3.84981e-05 -5.62397e-06
176.8 -3.81863e-05 -5.81695e-06
177.2 -3.76963e-05 -6.10656e-06
177.6 -3.70294e-05 -6.47862e-06
178 -3.61869e-05 -6.91758e-06
178.4 -3.51693e-05 -7.4068e-06
178.8 -3.39762e-05 -7.92891e-06
179.2 -3.26064e-05 -8.46615e-06
179.6 -3.10576e-05 -9.00077e-06
180 -2.93272e-05 -9.51538e-06
180.4 -2.74122e-05 -9.99335e-06
180.8 -2.53104e-05 -1.04192e-05
181.2 -2.30206e-05 -1.07789e-05
181.6 -2.05438e-05 -1.10602e-05
182 -1.78834e-05 -1.12528e-05
182.4 -1.50465e-05 -1.1349e-05
182.8 -1.20443e-05 -1.1343e-05
183.2 -8.89248e-06 -1.12321e-05
183.6 -5.6119e-06 -1.10157e-05
184 -2.22846e-06 -1.0696e-05
184.4 1.22674e-06 -1.02777e-05
184.8 4.71772e-06 -9.76744e-06
185.2 8.20405e-06 -9.17432e-06
185.6 1.16416e-05 -8.50905e-06
186 1.49833e-05 -7.78389e-06
186.4 1.81804e-05 -7.01224e-06
186.8 2.11834e-05 -6.20828e-06
187.2 2.39437e-05 -5.3866e-06
187.6 2.64146e-05 -4.56179e-06
188 2.85528e-05 -3.74808e-06
188.4 3.03198e-05 -2.95898e-06
188.8 3.16831e-05 -2.20694e-06
189.2 3.26173e-05 -1.50307e-06
189.6 3.31048e-05 -8.56883e-07
190 3.31369e-05 -2.76129e-07
190.4 3.2714e-05 2.33378e-07
190.8 3.18458e-05 6.67811e-07
191.2 3.05513e-05 1.02536e-06
191.6 2.88585e-05 1.30618e-06
192 2.68037e-05 1.5123e-06
192.4 2.44306e-05 1.64749e-06
192.8 2.17892e-05 1.71704e-06
193.2 1.89348e-05 1.72754e-06
193.6 1.59261e-05 1.68664e-06
194 1.2824e-05 1.60274e-06
194.4 9.68999e-06 1.48472e-06
194.8 6.58434e-06 1.34167e-06
195.2 3.56479e-06 1.18254e-06
195.6 6.8498e-07 1.01594e-06
196 -2.00681e-06 8.4987e-07
196.4 -4.4688e-06 6.91519e-07
196.8 -6.66665e-06 5.47076e-07
197.2 -8.57408e-06 4.21612e-07
197.6 -1.01733e-05 3.18981e-07
198 -1.14552e-05 2.41781e-07
198.4 -1.2419e-05 1.91346e-07
198.8 -1.30724e-05 1.67793e-07
199.2 -1.34303e-05 1.70098e-07
199.6 -1.35145e-05 1.96209e-07
200 -1.33523e-05 2.43192e-07
200.4 -1.29758e-05 3.07394e-07
200.8 -1.24201e-05 3.84626e-07
201.2 -1.17226e-05 4.70352e-07
201.6 -1.09211e-05 5.59887e-07
202 -1.00533e-05 6.48578e-07
202.4 -9.15458e-06 7.31988e-07
202.8 -8.25797e-06 8.06054e-07
203.2 -7.39252e-06 8.67225e-07
203.6 -6.58288e-06 9.12577e-07
204 -5.84865e-06 9.39898e-07
204.4 -5.20407e-06 9.47742e-07
204.8 -4.65788e-06 9.35452e-07
205.2 -4.21341e-06 9.0316e-07
205.6 -3.86888e-06 8.51744e-07
206 -3.61783e-06 7.82774e-07
206.4 -3.44974e-06 6.98424e-07
206.8 -3.35081e-06 6.01372e-07
207.2 -3.30475e-06 4.94685e-07
207.6 -3.29371e-06 3.81689e-07
208 -3.2992e-06 2.65843e-07
208.4 -3.30296e-06 1.50608e-07
208.8 -3.28787e-06 3.93223e-08
209.2 -3.23866e-06 -6.49126e-08
209.6 -3.14264e-06 -1.59333e-07
210 -2.99016e-06 -2.41599e-07
210.4 -2.77509e-06 -3.09859e-07
210.8 -2.49495e-06 -3.62796e-07
211.2 -2.15104e-06 -3.99652e-07
211.6 -1.74831e-06 -4.2023e-07
212 -1.29509e-06 -4.24879e-07
212.4 -8.02731e-07 -4.14458e-07
212.8 -2.85079e-07 -3.90279e-07
213.2 2.42155e-07 -3.54046e-07
213.6 7.6206e-07 -3.07775e-07
214 1.25726e-06 -2.53709e-07
214.4 1.71062e-06 -1.94231e-07
214.8 2.10603e-06 -1.31772e-07
215.2 2.42899e-06 -6.87239e-08
215.6 2.66728e-06 -7.36289e-09
216 2.81141e-06 5.0227e-08
216.4 2.85505e-06 1.02214e-07
216.8 2.79526e-06 1.47066e-07
217.2 2.63264e-06 1.83589e-07
217.6 2.37129e-06 2.10944e-07
218 2.01869e-06 2.28658e-07
218.4 1.58538e-06 2.3661e-07
218.8 1.08459e-06 2.35019e-07
219.2 5.31745e-07 2.24404e-07
219.6 -5.61172e-08 2.05551e-07
220 -6.60986e-07 1.79458e-07
220.4 -1.26453e-06 1.47287e-07
220.8 -1.84877e-06 1.10305e-07
221.2 -2.39673e-06 6.98278e-08
221.6 -2.89302e-06 2.71684e-08
222 -3.3244e-06 -1.64149e-08
222.4 -3.68022e-06 -5.97616e-08
222.8 -3.95273e-06 -1.01846e-07
223.2 -4.13739e-06 -1.41806e-07
223.6 -4.2329e-06 -1.7896e-07
224 -4.24124e-06 -2.12818e-07
224.4 -4.16752e-06 -2.43083e-07
224.8 -4.01974e-06 -2.69642e-07
225.2 -3.80842e-06 -2.92546e-07
225.6 -3.5462e-06 -3.11995e-07
226 -3.2473e-06 -3.28302e-07
226.4 -2.92697e-06 -3.41868e-07
226.8 -2.60092e-06 -3.53142e-07
227.2 -2.28471e-06 -3.62593e-07
227.6 -1.99318e-06 -3.70675e-07
228 -1.73992e-06 -3.77796e-07
228.4 -1.53681e-06 -3.84293e-07
228.8 -1.39357e-06 -3.90414e-07
229.2 -1.31748e-06 -3.96303e-07
229.6 -1.31315e-06 -4.01988e-07
230 -1.3824e-06 -4.07389e-07
230.4 -1.52427e-06 -4.12315e-07
230.8 -1.73509e-06 -4.16481e-07
231.2 -2.0087e-06 -4.19523e-07
231.6 -2.33673e-06 -4.21023e-07
232 -2.70893e-06 -4.20533e-07
232.4 -3.11365e-06 -4.17599e-07
232.8 -3.53824e-06 -4.11797e-07
233.2 -3.96957e-06 -4.02755e-07
233.6 -4.39456e-06 -3.90178e-07
234 -4.80058e-06 -3.73878e-07
234.4 -5.17599e-06 -3.53784e-07
234.8 -5.51047e-06 -3.29961e-07
235.2 -5.79543e-06 -3.02615e-07
235.6 -6.02422e-06 -2.72098e-07
236 -6.19235e-06 -2.38899e-07
236.4 -6.29758e-06 -2.03635e-07
236.8 -6.33994e-06 -1.67034e-07
237.2 -6.32165e-06 -1.29916e-07
237.6 -6.24694e-06 -9.31627e-08
238 -6.12187e-06 -5.76919e-08
238.4 -5.954e-06 -2.44248e-08
238.8 -5.75204e-06 5.7456e-09
239.2 -5.52551e-06 3.19851e-08
239.6 -5.28431e-06 5.35486e-08
240 -5.03834e-06 6.9806e-08
240.4 -4.79709e-06 8.02651e-08
240.8 -4.56933e-06 8.45889e-08
241.2 -4.36271e-06 8.26078e-08
241.6 -4.18358e-06 7.43253e-08
242 -4.03672e-06 5.99176e-08
242.4 -3.92526e-06 3.97273e-08
242.8 -3.85057e-06 1.42505e-08
243.2 -3.81228e-06 -1.58813e-08
243.6 -3.80839e-06 -4.99239e-08
244 -3.8354e-06 -8.7047e-08
244.4 -3.88847e-06 -1.26364e-07
244.8 -3.96177e-06 -1.66961e-07
245.2 -4.04865e-06 -2.07934e-07
245.6 -4.14208e-06 -2.48411e-07
246 -4.23487e-06 -2.8759e-07
246.4 -4.32005e-06 -3.24755e-07
246.8 -4.39118e-06 -3.59309e-07
247.2 -4.44257e-06 -3.90781e-07
247.6 -4.46962e-06 -4.18843e-07
248 -4.46891e-06 -4.43316e-07
248.4 -4.4384e-06 -4.6417e-07
248.8 -4.37749e-06 -4.81515e-07
249.2 -4.28702e-06 -4.95594e-07
249.6 -4.16925e-06 -5.06769e-07
250 -4.02771e-06 -5.15492e-07
250.4 -3.86709e-06 -5.22293e-07
250.8 -3.693e-06 -5.27744e-07
251.2 -3.51172e-06 -5.32438e-07
251.6 -3.32996e-06 -5.3696e-07
252 -3.15455e-06 -5.4186e-07
252.4 -2.99215e-06 -5.47625e-07
252.8 -2.84897e-06 -5.54666e-07
253.2 -2.73052e-06 -5.63289e-07
253.6 -2.64136e-06 -5.73691e-07
254 -2.58493e-06 -5.85944e-07
254.4 -2.56338e-06 -5.99995e-07
254.8 -2.5775e-06 -6.15665e-07
255.2 -2.62667e-06 -6.3266e-07
255.6 -2.70888e-06 -6.50577e-07
256 -2.82082e-06 -6.68924e-07
256.4 -2.95799e-06 -6.87139e-07
256.8 -3.11487e-06 -7.0461e-07
257.2 -3.28517e-06 -7.20702e-07
257.6 -3.46202e-06 -7.34782e-07
258 -3.6383e-06 -7.46242e-07
258.4 -3.80683e-06 -7.54527e-07
258.8 -3.96073e-06 -7.59155e-07
259.2 -4.09362e-06 -7.59737e-07
259.6 -4.19987e-06 -7.55994e-07
260 -4.27485e-06 -7.47768e-07
260.4 -4.31504e-06 -7.35032e-07
260.8 -4.31819e-06 -7.17889e-07
261.2 -4.2834e-06 -6.96572e-07
261.6 -4.21109e-06 -6.71438e-07
262 -4.10305e-06 -6.42954e-07
262.4 -3.96229e-06 -6.11685e-07
262.8 -3.79295e-06 -5.78273e-07
263.2 -3.60012e-06 -5.43416e-07
263.6 -3.38964e-06 -5.07846e-07
264 -3.16785e-06 -4.72306e-07
264.4 -2.9414e-06 -4.37524e-07
264.8 -2.71692e-06 -4.04187e-07
265.2 -2.50082e-06 -3.72929e-07
265.6 -2.29907e-06 -3.443e-07
266 -2.11691e-06 -3.18761e-07
266.4 -1.95875e-06 -2.96663e-07
266.8 -1.82796e-06 -2.78243e-07
267.2 -1.72679e-06 -2.63621e-07
267.6 -1.65632e-06 -2.52798e-07
268 -1.61641e-06 -2.45658e-07
268.4 -1.60576e-06 -2.41983e-07
268.8 -1.62198e-06 -2.41458e-07
269.2 -1.66171e-06 -2.4369e-07
269.6 -1.72079e-06 -2.48223e-07
270 -1.79441e-06 -2.5456e-07
270.4 -1.87736e-06 -2.62176e-07
270.8 -1.96422e-06 -2.70547e-07
271.2 -2.04959e-06 -2.7916e-07
271.6 -2.12831e-06 -2.87538e-07
272 -2.19568e-06 -2.95252e-07
272.4 -2.24764e-06 -3.01937e-07
272.8 -2.28088e-06 -3.07299e-07
273.2 -2.29306e-06 -3.11125e-07
273.6 -2.28278e-06 -3.13285e-07
274 -2.24972e-06 -3.13735e-07
274.4 -2.19456e-06 -3.1251e-07
274.8 -2.11901e-06 -3.0972e-07
275.2 -2.02565e-06 -3.05539e-07
275.6 -1.91788e-06 -3.00195e-07
276 -1.79974e-06 -2.93959e-07
276.4 -1.67573e-06 -2.87126e-07
276.8 -1.55063e-06 -2.8e-07
277.2 -1.4293e-06 -2.72883e-07
277.6 -1.31647e-06 -2.6606e-07
278 -1.21656e-06 -2.5978e-07
278.4 -1.13348e-06 -2.54254e-07
278.8 -1.07048e-06 -2.49637e-07
279.2 -1.03003e-06 -2.46028e-07
279.6 -1.01372e-06 -2.43464e-07
280 -1.02216e-06 -2.41918e-07
280.4 -1.05503e-06 -2.41302e-07
280.8 -1.11101e-06 -2.41471e-07
281.2 -1.1879e-06 -2.42234e-07
281.6 -1.28269e-06 -2.43356e-07
282 -1.39166e-06 -2.44576e-07
282.4 -1.51056e-06 -2.45615e-07
282.8 -1.63474e-06 -2.4619e-07
283.2 -1.75938e-06 -2.46029e-07
283.6 -1.87963e-06 -2.44881e-07
284 -1.99083e-06 -2.42526e-07
284.4 -2.08868e-06 -2.38791e-07
284.8 -2.1694e-06 -2.33552e-07
285.2 -2.22986e-06 -2.26747e-07
285.6 -2.26772e-06 -2.1837e-07
286 -2.2815e-06 -2.08483e-07
286.4 -2.27064e-06 -1.97208e-07
286.8 -2.23549e-06 -1.84722e-07
287.2 -2.1773e-06 -1.71257e-07
287.6 -2.09819e-06 -1.57084e-07
288 -2.001e-06 -1.4251e-07
288.4 -1.88924e-06 -1.27861e-07
288.8 -1.7669e-06 -1.13472e-07
289.2 -1.63831e-06 -9.96739e-08
289.6 -1.50798e-06 -8.6782e-08
290 -1.38041e-06 -7.5083e-08
290.4 -1.25992e-06 -6.48244e-08
290.8 -1.1505e-06 -5.62058e-08
291.2 -1.05562e-06 -4.93713e-08
291.6 -9.78192e-07 -4.44046e-08
292 -9.20364e-07 -4.13259e-08
292.4 -8.8352e-07 -4.0092e-08
292.8 -8.68214e-07 -4.05982e-08
293.2 -8.74166e-07 -4.26832e-08
293.6 -9.00287e-07 -4.6135e-08
294 -9.44736e-07 -5.07002e-08
294.4 -1.00501e-06 -5.60937e-08
294.8 -1.07804e-06 -6.20098e-08
295.2 -1.16033e-06 -6.81342e-08
295.6 -1.24814e-06 -7.41561e-08
296 -1.33754e-06 -7.97796e-08
296.4 -1.4247e-06 -8.47354e-08
296.8 -1.50591e-06 -8.87903e-08
297.2 -1.57784e-06 -9.17556e-08
297.6 -1.63759e-06 -9.3494e-08
298 -1.68283e-06 -9.39237e-08
298.4 -1.71187e-06 -9.30211e-08
298.8 -1.72375e-06 -9.08207e-08
299.2 -1.71822e-06 -8.74129e-08
299.6 -1.69577e-06 -8.29394e-08
300 -1.65761e-06 -7.75874e-08
300.4 -1.60556e-06 -7.15809e-08
300.8 -1.54202e-06 -6.51722e-08
301.2 -1.46984e-06 -5.86308e-08
301.6 -1.3922e-06 -5.22333e-08
302 -1.31247e-06 -4.62518e-08
302.4 -1.23408e-06 -4.09434e-08
302.8 -1.16036e-06 -3.65406e-08
303.2 -1.09444e-06 -3.32419e-08
303.6 -1.03908e-06 -3.12046e-08
304 -9.96588e-07 -3.05393e-08
304.4 -9.6872e-07 -3.13056e-08
304.8 -9.56611e-07 -3.35106e-08
305.2 -9.60734e-07 -3.71089e-08
305.6 -9.80882e-07 -4.20053e-08
306 -1.01619e-06 -4.80584e-08
306.4 -1.06515e-06 -5.5087e-08
306.8 -1.1257e-06 -6.28771e-08
307.2 -1.19531e-06 -7.11909e-08
307.6 -1.27107e-06 -7.97755e-08
308 -1.3498e-06 -8.83733e-08
308.4 -1.42821e-06 -9.67314e-08
308.8 -1.50301e-06 -1.04611e-07
309.2 -1.57105e-06 -1.11798e-07
309.6 -1.62943e-06 -1.18106e-07
310 -1.67564e-06 -1.2339e-07
310.4 -1.70763e-06 -1.27543e-07
310.8 -1.7239e-06 -1.30506e-07
311.2 -1.72357e-06 -1.32265e-07
311.6 -1.70638e-06 -1.32854e-07
312 -1.67275e-06 -1.32349e-07
312.4 -1.62369e-06 -1.30866e-07
312.8 -1.56082e-06 -1.28556e-07
313.2 -1.48626e-06 -1.25597e-07
313.6 -1.40258e-06 -1.22185e-07
314 -1.31267e-06 -1.18531e-07
314.4 -1.21963e-06 -1.14846e-07
314.8 -1.12668e-06 -1.11335e-07
315.2 -1.03699e-06 -1.0819e-07
315.6 -9.5358e-07 -1.05581e-07
316 -8.79213e-07 -1.0365e-07
316.4 -8.16276e-07 -1.02505e-07
316.8 -7.66702e-07 -1.02215e-07
317.2 -7.31895e-07 -1.02814e-07
317.6 -7.12683e-07 -1.04289e-07
318 -7.09297e-07 -1.06594e-07
318.4 -7.21364e-07 -1.09643e-07
318.8 -7.47932e-07 -1.13316e-07
319.2 -7.87513e-07 -1.17468e-07
319.6 -8.38152e-07 -1.21933e-07
320 -8.97502e-07 -1.26529e-07
320.4 -9.62928e-07 -1.31068e-07
320.8 -1.03161e-06 -1.35364e-07
321.2 -1.10066e-06 -1.3924e-07
321.6 -1.16722e-06 -1.42536e-07
322 -1.22861e-06 -1.45112e-07
322.4 -1.2824e-06 -1.46858e-07
322.8 -1.32649e-06 -1.47697e-07
323.2 -1.35924e-06 -1.47585e-07
323.6 -1.37948e-06 -1.46517e-07
324 -1.38657e-06 -1.44524e-07
324.4 -1.38041e-06 -1.41672e-07
324.8 -1.36146e-06 -1.38061e-07
325.2 -1.33067e-06 -1.33817e-07
325.6 -1.28949e-06 -1.29091e-07
326 -1.23975e-06 -1.2405e-07
326.4 -1.18363e-06 -1.18872e-07
326.8 -1.12353e-06 -1.13739e-07
327.2 -1.06199e-06 -1.08826e-07
327.6 -1.0016e-06 -1.043e-07
328 -9.44857e-07 -1.0031e-07
328.4 -8.94096e-07 -9.69822e-08
328.8 -8.51387e-07 -9.44143e-08
329.2 -8.18456e-07 -9.26737e-08
329.6 -7.96615e-07 -9.1794e-08
330 -7.86719e-07 -9.17743e-08
330.4 -7.8913e-07 -9.25797e-08
330.8 -8.0371e-07 -9.41432e-08
331.2 -8.2983e-07 -9.63684e-08
331.6 -8.66399e-07 -9.91337e-08
332 -9.11912e-07 -1.02298e-07
332.4 -9.64512e-07 -1.05705e-07
332.8 -1.02207e-06 -1.09192e-07
333.2 -1.08227e-06 -1.12594e-07
333.6 -1.14271e-06 -1.15751e-07
334 -1.20098e-06 -1.18515e-07
334.4 -1.25478e-06 -1.20756e-07
334.8 -1.30199e-06 -1.22365e-07
335.2 -1.34078e-06 -1.2326e-07
335.6 -1.36966e-06 -1.23389e-07
336 -1.38753e-06 -1.22729e-07
336.4 -1.39374e-06 -1.2129e-07
336.8 -1.3881e-06 -1.19114e-07
337.2 -1.3709e-06 -1.16269e-07
337.6 -1.34287e-06 -1.12852e-07
338 -1.30516e-06 -1.08979e-07
338.4 -1.25928e-06 -1.04784e-07
338.8 -1.20708e-06 -1.00414e-07
339.2 -1.1506e-06 -9.60203e-08
339.6 -1.09206e-06 -9.17524e-08
340 -1.03372e-06 -8.77551e-08
340.4 -9.77807e-07 -8.41604e-08
340.8 -9.26439e-07 -8.10831e-08
341.2 -8.81524e-07 -7.86166e-08
341.6 -8.44694e-07 -7.68293e-08
342 -8.17239e-07 -7.57617e-08
342.4 -8.00063e-07 -7.54261e-08
342.8 -7.93649e-07 -7.58053e-08
343.2 -7.98041e-07 -7.68546e-08
343.6 -8.12853e-07 -7.85031e-08
344 -8.37279e-07 -8.06572e-08
344.4 -8.70138e-07 -8.32043e-08
344.8 -9.09916e-07 -8.60179e-08
345.2 -9.54834e-07 -8.89622e-08
345.6 -1.00292e-06 -9.18979e-08
346 -1.05209e-06 -9.46877e-08
346.4 -1.10023e-06 -9.72017e-08
346.8 -1.14529e-06 -9.93223e-08
347.2 -1.18533e-06 -1.00949e-07
347.6 -1.21866e-06 -1.02002e-07
348 -1.24383e-06 -1.02426e-07
348.4 -1.25977e-06 -1.02189e-07
348.8 -1.26574e-06 -1.01288e-07
349.2 -1.26143e-06 -9.97455e-08
349.6 -1.24693e-06 -9.76089e-08
350 -1.22273e-06 -9.49489e-08
350.4 -1.18971e-06 -9.18562e-08
350.8 -1.14909e-06 -8.84377e-08
351.2 -1.10238e-06 -8.4812e-08
351.6 -1.05133e-06 -8.11044e-08
352 -9.97844e-07 -7.74424e-08
352.4 -9.43909e-07 -7.395e-08
352.8 -8.91518e-07 -7.07433e-08
353.2 -8.42589e-07 -6.79257e-08
353.6 -7.98892e-07 -6.5584e-08
354 -7.61975e-07 -6.37854e-08
354.4 -7.33111e-07 -6.25747e-08
354.8 -7.13248e-07 -6.19731e-08
355.2 -7.02969e-07 -6.19773e-08
355.6 -7.0248e-07 -6.25603e-08
356 -7.11601e-07 -6.36727e-08
356.4 -7.29773e-07 -6.52448e-08
356.8 -7.56091e-07 -6.71895e-08
357.2 -7.89336e-07 -6.94065e-08
357.6 -8.28028e-07 -7.1786e-08
358 -8.70489e-07 -7.42135e-08
358.4 -9.14908e-07 -7.65742e-08
358.8 -9.59413e-07 -7.8758e-08
359.2 -1.00215e-06 -8.06635e-08
359.6 -1.04135e-06 -8.22021e-08
360 -1.07541e-06 -8.33016e-08
360.4 -1.10293e-06 -8.39087e-08
360.8 -1.12281e-06 -8.39911e-08
361.2 -1.13423e-06 -8.35387e-08
361.6 -1.13674e-06 -8.25635e-08
362 -1.13024e-06 -8.1099e-08
362.4 -1.115e-06 -7.91989e-08
362.8 -1.09161e-06 -7.69344e-08
363.2 -1.061e-06 -7.43914e-08
363.6 -1.02437e-06 -7.16668e-08
364 -9.83159e-07 -6.88646e-08
364.4 -9.38968e-07 -6.60915e-08
364.8 -8.93503e-07 -6.34528e-08
365.2 -8.48508e-07 -6.10479e-08
365.6 -8.05693e-07 -5.89665e-08
366 -7.66667e-07 -5.72851e-08
366.4 -7.32874e-07 -5.6064e-08
366.8 -7.05538e-07 -5.53448e-08
367.2 -6.85618e-07 -5.51493e-08
367.6 -6.73768e-07 -5.54783e-08
368 -6.70316e-07 -5.63117e-08
368.4 -6.75254e-07 -5.76101e-08
368.8 -6.88241e-07 -5.93156e-08
369.2 -7.08619e-07 -6.13548e-08
369.6 -7.35442e-07 -6.36419e-08
370 -7.67515e-07 -6.60817e-08
370.4 -8.03447e-07 -6.85738e-08
370.8 -8.41704e-07 -7.10166e-08
371.2 -8.80674e-07 -7.33113e-08
371.6 -9.18729e-07 -7.53657e-08
372 -9.54296e-07 -7.7098e-08
372.4 -9.8591e-07 -7.84398e-08
372.8 -1.01228e-06 -7.93387e-08
373.2 -1.03234e-06 -7.97603e-08
373.6 -1.04527e-06 -7.96897e-08
374 -1.05055e-06 -7.91313e-08
374.4 -1.04799e-06 -7.8109e-08
374.8 -1.03769e-06 -7.6665e-08
375.2 -1.02005e-06 -7.48577e-08
375.6 -9.958e-07 -7.27598e-08
376 -9.65894e-07 -7.04547e-08
376.4 -9.31519e-07 -6.80335e-08
376.8 -8.94031e-07 -6.55911e-08
377.2 -8.54897e-07 -6.32227e-08
377.6 -8.15644e-07 -6.10196e-08
378 -7.7779e-07 -5.90661e-08
378.4 -7.42785e-07 -5.74359e-08
378.8 -7.11958e-07 -5.61892e-08
379.2 -6.86458e-07 -5.53706e-08
379.6 -6.67217e-07 -5.50076e-08
380 -6.54906e-07 -5.51091e-08
380.4 -6.4992e-07 -5.56657e-08
380.8 -6.52352e-07 -5.66502e-08
381.2 -6.62004e-07 -5.80185e-08
381.6 -6.78388e-07 -5.97115e-08
382 -7.00749e-07 -6.1658e-08
382.4 -7.281e-07 -6.37769e-08
382.8 -7.59261e-07 -6.59811e-08
383.2 -7.92906e-07 -6.81808e-08
383.6 -8.27618e-07 -7.02866e-08
384 -8.61946e-07 -7.22139e-08
384.4 -8.94463e-07 -7.38853e-08
384.8 -9.23822e-07 -7.52341e-08
385.2 -9.48808e-07 -7.62068e-08
385.6 -9.68389e-07 -7.67648e-08
386 -9.8175e-07 -7.68862e-08
386.4 -9.88331e-07 -7.65661e-08
386.8 -9.87841e-07 -7.58169e-08
387.2 -9.8027e-07 -7.46675e-08
387.6 -9.65891e-07 -7.31623e-08
388 -9.45241e-07 -7.13587e-08
388.4 -9.19102e-07 -6.93255e-08
388.8 -8.8847e-07 -6.71394e-08
389.2 -8.54509e-07 -6.48823e-08
389.6 -8.18505e-07 -6.26379e-08
390 -7.8182e-07 -6.04883e-08
390.4 -7.4583e-07 -5.85109e-08
390.8 -7.11873e-07 -5.67754e-08
391.2 -6.812e-07 -5.53409e-08
391.6 -6.5492e-07 -5.4254e-08
392 -6.33963e-07 -5.3547e-08
392.4 -6.19039e-07 -5.32364e-08
392.8 -6.10617e-07 -5.33229e-08
393.2 -6.08904e-07 -5.37915e-08
393.6 -6.13841e-07 -5.46119e-08
394 -6.25107e-07 -5.57401e-08
394.4 -6.42134e-07 -5.71203e-08
394.8 -6.64131e-07 -5.86872e-08
395.2 -6.90116e-07 -6.03687e-08
395.6 -7.18959e-07 -6.2089e-08
396 -7.49426e-07 -6.37713e-08
396.4 -7.80231e-07 -6.53412e-08
396.8 -8.10084e-07 -6.67295e-08
397.2 -8.37745e-07 -6.78752e-08
397.6 -8.62071e-07 -6.87273e-08
398 -8.82065e-07 -6.92473e-08
398.4 -8.96906e-07 -6.94104e-08
398.8 -9.0599e-07 -6.92063e-08
399.2 -9.08946e-07 -6.86396e-08
399.6 -9.0565e-07 -6.77296e-08
400 -8.96229e-07 -6.65091e-08
