-0.498 -1.66175 -0.707752
-0.496 -1.88039 -0.787122
-0.494 -2.09815 -0.8683
-0.492 -2.31273 -0.949802
-0.49 -2.52151 -1.03006
-0.488 -2.7216 -1.10748
-0.486 -2.90998 -1.18046
-0.484 -3.0835 -1.24746
-0.482 -3.23902 -1.30704
-0.48 -3.37347 -1.3579
-0.478 -3.484 -1.3989
-0.476 -3.56803 -1.42915
-0.474 -3.62341 -1.44798
-0.472 -3.64846 -1.45496
-0.47 -3.64213 -1.44996
-0.468 -3.60398 -1.43312
-0.466 -3.53433 -1.40486
-0.464 -3.43424 -1.36584
-0.462 -3.30552 -1.31698
-0.46 -3.15075 -1.25941
-0.458 -2.97323 -1.19442
-0.456 -2.77688 -1.12343
-0.454 -2.5662 -1.04794
-0.452 -2.34608 -0.969473
-0.45 -2.1217 -0.889494
-0.448 -1.89834 -0.809396
-0.446 -1.68118 -0.730426
-0.444 -1.47513 -0.653656
-0.442 -1.28463 -0.579951
-0.44 -1.11354 -0.509953
-0.438 -0.964965 -0.444072
-0.436 -0.841163 -0.382496
-0.434 -0.743486 -0.325201
-0.432 -0.672332 -0.271972
-0.43 -0.62713 -0.222436
-0.428 -0.606359 -0.176091
-0.426 -0.607591 -0.132341
-0.424 -0.627566 -0.0905371
-0.422 -0.662296 -0.0500097
-0.42 -0.707196 -0.0101089
-0.418 -0.757241 0.0297629
-0.416 -0.807143 0.0701208
-0.414 -0.851546 0.11137
-0.412 -0.885227 0.153786
-0.41 -0.9033 0.197495
-0.408 -0.901417 0.242465
-0.406 -0.875954 0.2885
-0.404 -0.824171 0.335246
-0.402 -0.744358 0.382193
-0.4 -0.635923 0.428697
-0.398 -0.49946 0.474005
-0.396 -0.336746 0.517283
-0.394 -0.150703 0.557659
-0.392 0.0547023 0.594256
-0.39 0.274605 0.626243
-0.388 0.503434 0.652872
-0.386 0.735143 0.673519
-0.384 0.963465 0.687725
-0.382 1.18218 0.695222
-0.38 1.38539 0.695971
-0.378 1.56778 0.690177
-0.376 1.72486 0.678306
-0.374 1.85316 0.661094
-0.372 1.95044 0.639542
-0.37 2.01577 0.614899
-0.368 2.04967 0.588636
-0.366 2.05409 0.562395
-0.364 2.0324 0.537941
-0.362 1.98931 0.517086
-0.36 1.93071 0.501618
-0.358 1.8635 0.493211
-0.356 1.79533 0.493348
-0.354 1.73428 0.503228
-0.352 1.68858 0.523695
-0.35 1.66623 0.555167
-0.348 1.67466 0.597579
-0.346 1.72037 0.650352
-0.344 1.80858 0.71237
-0.342 1.94298 0.781986
-0.34 2.12541 0.85705
-0.338 2.35576 0.934957
-0.336 2.63175 1.01272
-0.334 2.94896 1.08707
-0.332 3.30085 1.15455
-0.33 3.67888 1.21163
-0.328 4.07269 1.25485
-0.326 4.47042 1.28094
-0.324 4.859 1.28696
-0.322 5.22464 1.27039
-0.32 5.5532 1.22925
-0.318 5.83076 1.16221
-0.316 6.04408 1.06863
-0.314 6.18115 0.948638
-0.312 6.23166 0.803161
-0.31 6.18748 0.633913
-0.308 6.04305 0.443387
-0.306 5.79569 0.234805
-0.304 5.44583 0.012044
-0.302 4.99708 -0.220462
-0.3 4.45628 -0.457838
-0.298 3.83328 -0.69491
-0.296 3.14078 -0.926354
-0.294 2.39385 -1.14686
-0.292 1.60956 -1.35128
-0.29 0.806347 -1.53485
-0.288 0.00345536 -1.69329
-0.286 -0.779758 -1.82297
-0.284 -1.52449 -1.92108
-0.282 -2.21317 -1.9857
-0.28 -2.83011 -2.01592
-0.278 -3.36205 -2.01186
-0.276 -3.79874 -1.97474
-0.274 -4.13331 -1.90681
-0.272 -4.36256 -1.81133
-0.27 -4.48715 -1.69248
-0.268 -4.51159 -1.55523
-0.266 -4.44415 -1.40517
-0.264 -4.29656 -1.24834
-0.262 -4.08362 -1.09101
-0.26 -3.82266 -0.939499
-0.258 -3.53293 -0.799881
-0.256 -3.23483 -0.677818
-0.254 -2.94921 -0.578313
-0.252 -2.69653 -0.505514
-0.25 -2.49609 -0.462534
-0.248 -2.36526 -0.451299
-0.246 -2.31875 -0.47244
-0.244 -2.36802 -0.525222
-0.242 -2.52071 -0.607521
-0.24 -2.78024 -0.715855
-0.238 -3.14556 -0.845462
-0.236 -3.61096 -0.990423
-0.234 -4.1662 -1.14384
-0.232 -4.7966 -1.29806
-0.23 -5.48351 -1.44491
-0.228 -6.20471 -1.57598
-0.226 -6.93516 -1.68295
-0.224 -7.64766 -1.75785
-0.222 -8.31377 -1.7934
-0.22 -8.90468 -1.78331
-0.218 -9.39214 -1.7225
-0.216 -9.74948 -1.60736
-0.214 -9.95248 -1.43595
-0.212 -9.98027 -1.2081
-0.21 -9.81615 -0.925474
-0.208 -9.44825 -0.591624
-0.206 -8.87011 -0.211878
-0.204 -8.08103 0.206758
-0.202 -7.0863 0.655792
-0.2 -5.89714 1.12549
-0.198 -4.53054 1.60517
-0.196 -3.00879 2.08351
-0.194 -1.35894 2.54895
-0.192 0.387994 2.99003
-0.19 2.19794 3.39578
-0.188 4.03476 3.75606
-0.186 5.8614 4.06196
-0.184 7.64093 4.30603
-0.182 9.33774 4.48258
-0.18 10.9186 4.58788
-0.178 12.3535 4.62024
-0.176 13.617 4.58015
-0.174 14.6881 4.47018
-0.172 15.5518 4.29498
-0.17 16.1987 4.06104
-0.168 16.6253 3.77652
-0.166 16.8342 3.45098
-0.164 16.8336 3.09499
-0.162 16.6368 2.7198
-0.16 16.2618 2.33692
-0.158 15.73 1.95774
-0.156 15.066 1.59309
-0.154 14.2959 1.25287
-0.152 13.4466 0.945673
-0.15 12.545 0.678481
-0.148 11.6166 0.456417
-0.146 10.6845 0.282552
-0.144 9.76918 0.157794
-0.142 8.88717 0.0808687
-0.14 8.05088 0.0483678
-0.138 7.26812 0.0548923
-0.136 6.542 0.0932671
-0.134 5.87091 0.154829
-0.132 5.2488 0.229778
-0.13 4.66564 0.307572
-0.128 4.10797 0.37737
-0.126 3.55972 0.428483
-0.124 3.00308 0.450837
-0.122 2.41948 0.435418
-0.12 1.79062 0.374687
-0.118 1.09946 0.262946
-0.116 0.331184 0.0966348
-0.114 -0.525849 -0.125446
-0.112 -1.47939 -0.402002
-0.11 -2.53266 -0.729209
-0.108 -3.68389 -1.10078
-0.106 -4.92604 -1.50812
-0.104 -6.24682 -1.9406
-0.102 -7.62881 -2.38587
-0.1 -9.0499 -2.83032
-0.098 -10.4839 -3.25953
-0.096 -11.9013 -3.6588
-0.094 -13.2704 -4.01371
-0.092 -14.5582 -4.31065
-0.09 -15.7316 -4.5374
-0.088 -16.7588 -4.6836
-0.086 -17.6103 -4.7412
-0.084 -18.2598 -4.70488
-0.082 -18.6855 -4.5723
-0.08 -18.8707 -4.34433
-0.078 -18.8042 -4.0251
-0.076 -18.4807 -3.62196
-0.074 -17.901 -3.14533
-0.072 -17.0716 -2.60844
-0.07 -16.0044 -2.02688
-0.068 -14.7161 -1.41816
-0.066 -13.2278 -0.801096
-0.064 -11.5636 -0.195197
-0.062 -9.75032 0.380027
-0.06 -7.81652 0.905757
-0.058 -5.79168 1.36455
-0.056 -3.70557 1.74097
-0.054 -1.58773 2.02223
-0.052 0.533039 2.19863
-0.05 2.62896 2.26404
-0.048 4.67352 2.21612
-0.046 6.64161 2.05656
-0.044 8.50963 1.79106
-0.042 10.2556 1.4292
-0.04 11.8593 0.98425
-0.038 13.3022 0.47274
-0.036 14.568 -0.0860413
-0.034 15.6425 -0.670663
-0.032 16.5136 -1.25827
-0.03 17.1719 -1.82537
-0.028 17.6101 -2.34866
-0.026 17.8235 -2.80591
-0.024 17.8098 -3.17677
-0.022 17.5694 -3.44361
-0.02 17.105 -3.59224
-0.018 16.4224 -3.61253
-0.016 15.5305 -3.49888
-0.014 14.4414 -3.25059
-0.012 13.1705 -2.87197
-0.01 11.7359 -2.37226
-0.008 10.1582 -1.76545
-0.006 8.45972 -1.06974
-0.004 6.66345 -0.306944
-0.002 4.79271 0.498315
0 2.8709 1.31956
0.002 0.921716 2.12949
0.004 -1.03091 2.90105
0.006 -2.96214 3.60851
0.008 -4.84622 4.22846
0.01 -6.65683 4.74074
0.012 -8.36764 5.12914
0.014 -9.9532 5.38205
0.016 -11.3898 5.49283
0.018 -12.6559 5.45998
0.02 -13.733 5.28717
0.022 -14.6055 4.983
0.024 -15.2604 4.56064
0.026 -15.6879 4.03726
0.028 -15.8807 3.43332
0.03 -15.8345 2.77182
0.032 -15.5478 2.07736
0.034 -15.0221 1.37531
0.036 -14.2619 0.69084
0.038 -13.2752 0.0480935
0.04 -12.0731 -0.530662
0.042 -10.6699 -1.02574
0.044 -9.08297 -1.42068
0.046 -7.33269 -1.70269
0.048 -5.44209 -1.86308
0.05 -3.43669 -1.8974
0.052 -1.34423 -1.80557
0.054 0.805566 -1.59172
0.056 2.98132 -1.26406
0.058 5.15035 -0.834449
0.06 7.27916 -0.317956
0.062 9.3339 0.2677
0.064 11.2811 0.902804
0.066 13.0883 1.56635
0.068 14.7249 2.23675
0.07 16.1631 2.89261
0.072 17.3787 3.51339
0.074 18.3516 4.08013
0.076 19.0671 4.57603
0.078 19.5161 4.98693
0.08 19.6954 5.30179
0.082 19.6084 5.51293
0.084 19.2645 5.61622
0.086 18.6791 5.61112
0.088 17.873 5.50057
0.09 16.8717 5.29079
0.092 15.7046 4.99097
0.094 14.4035 4.61281
0.096 13.002 4.17007
0.098 11.5339 3.67798
0.1 10.0321 3.15269
0.102 8.52749 2.6106
0.104 7.04802 2.06786
0.106 5.61771 1.53971
0.108 4.25606 1.04004
0.11 2.97754 0.580906
0.112 1.79139 0.172156
0.114 0.701571 -0.178816
0.116 -0.293011 -0.467269
0.118 -1.19811 -0.691177
0.12 -2.02354 -0.851201
0.122 -2.78243 -0.950558
0.124 -3.49031 -0.994794
0.126 -4.16416 -0.991484
0.128 -4.82139 -0.949855
0.13 -5.47881 -0.880364
0.132 -6.15163 -0.794235
0.134 -6.85258 -0.702984
0.136 -7.59108 -0.617936
0.138 -8.37266 -0.549771
0.14 -9.19852 -0.508098
0.142 -10.0652 -0.501087
0.144 -10.9647 -0.535158
0.146 -11.8846 -0.614749
0.148 -12.8082 -0.742158
0.15 -13.7155 -0.917475
0.152 -14.5838 -1.13859
0.154 -15.3882 -1.40128
0.156 -16.103 -1.69941
0.158 -16.7024 -2.02512
0.16 -17.1618 -2.36917
0.162 -17.4583 -2.72128
0.164 -17.5722 -3.07052
0.166 -17.4874 -3.40568
0.168 -17.1924 -3.71573
0.17 -16.6808 -3.99019
0.172 -15.9516 -4.21953
0.174 -15.0095 -4.39547
0.176 -13.865 -4.51129
0.178 -12.5342 -4.56206
0.18 -11.0384 -4.54477
0.182 -9.40377 -4.45846
0.184 -7.66051 -4.3042
0.186 -5.84205 -4.08507
0.188 -3.98409 -3.80604
0.19 -2.1236 -3.47375
0.192 -0.297651 -3.09633
0.194 1.4577 -2.68309
0.196 3.1085 -2.24421
0.198 4.62396 -1.79037
0.2 5.97737 -1.33247
0.202 7.14683 -0.881179
0.204 8.11592 -0.446697
0.206 8.87402 -0.0383785
0.208 9.41656 0.335518
0.21 9.74501 0.668064
0.212 9.86663 0.953837
0.214 9.79412 1.18904
0.216 9.54502 1.37157
0.218 9.14104 1.50102
0.22 8.60722 1.57862
0.222 7.97108 1.60715
0.224 7.26161 1.59078
0.226 6.5084 1.53488
0.228 5.7406 1.4458
0.23 4.98608 1.3306
0.232 4.27053 1.19681
0.234 3.61669 1.05211
0.236 3.04373 0.904086
0.238 2.56668 0.759937
0.24 2.19607 0.626262
0.242 1.93765 0.508828
0.244 1.79237 0.412398
0.246 1.75648 0.340604
0.248 1.82179 0.295858
0.25 1.97611 0.279314
0.252 2.20385 0.290883
0.254 2.48669 0.329283
0.256 2.80438 0.392139
0.258 3.13556 0.476116
0.26 3.45859 0.57708
0.262 3.75241 0.690283
0.264 3.99731 0.810567
0.266 4.17567 0.932567
0.268 4.27253 1.05092
0.27 4.27612 1.16046
0.272 4.17826 1.25642
0.274 3.97453 1.33456
0.276 3.66436 1.39133
0.278 3.25101 1.42399
0.28 2.74136 1.43066
0.282 2.14555 1.41036
0.284 1.47662 1.36306
0.286 0.749951 1.28961
0.288 -0.0173119 1.1917
0.29 -0.806861 1.07179
0.292 -1.59987 0.932988
0.294 -2.37765 0.778894
0.296 -3.12221 0.613496
0.298 -3.81687 0.440997
0.3 -4.44669 0.265658
0.302 -4.99897 0.091656
0.304 -5.46354 -0.0770623
0.306 -5.833 -0.236904
0.308 -6.10293 -0.38474
0.31 -6.27188 -0.517992
0.312 -6.3414 -0.634697
0.314 -6.31583 -0.73355
0.316 -6.20214 -0.813917
0.318 -6.00961 -0.875827
0.32 -5.74941 -0.919937
0.322 -5.43424 -0.947474
0.324 -5.07777 -0.96016
0.326 -4.69418 -0.960114
0.328 -4.29763 -0.949747
0.33 -3.90177 -0.931651
0.332 -3.51921 -0.908481
0.334 -3.16118 -0.882845
0.336 -2.8371 -0.857202
0.338 -2.55438 -0.833769
0.34 -2.31819 -0.814447
0.342 -2.13146 -0.800763
0.344 -1.99484 -0.793831
0.346 -1.90682 -0.794329
0.348 -1.86397 -0.802497
0.35 -1.86114 -0.818152
0.352 -1.8918 -0.840713
0.354 -1.94835 -0.869251
0.356 -2.02252 -0.90254
0.358 -2.10567 -0.939124
0.36 -2.18922 -0.977387
0.362 -2.26494 -1.01563
0.364 -2.32529 -1.05215
0.366 -2.36368 -1.08529
0.368 -2.37476 -1.11356
0.37 -2.3545 -1.13565
0.372 -2.3004 -1.15049
0.374 -2.21149 -1.15729
0.376 -2.08834 -1.15558
0.378 -1.93296 -1.1452
0.38 -1.74872 -1.12632
0.382 -1.54013 -1.09937
0.384 -1.31265 -1.06508
0.386 -1.07243 -1.02441
0.388 -0.826016 -0.978474
0.39 -0.580103 -0.928551
0.392 -0.341222 -0.875975
0.394 -0.115485 -0.822101
0.396 0.0916642 -0.768241
0.398 0.275651 -0.715606
0.4 0.432936 -0.665259
0.402 0.561124 -0.618073
0.404 0.659033 -0.574694
0.406 0.7267 -0.535528
0.408 0.765355 -0.500723
0.41 0.77734 -0.470177
0.412 0.766 -0.443547
0.414 0.735541 -0.420271
0.416 0.690853 -0.399591
0.418 0.637318 -0.380593
0.42 0.580593 -0.362236
0.422 0.526392 -0.343401
0.424 0.480253 -0.322935
0.426 0.447329 -0.299694
0.428 0.432179 -0.272599
0.43 0.438594 -0.24068
0.432 0.469451 -0.203124
0.434 0.526608 -0.159312
0.436 0.610842 -0.108857
0.438 0.721836 -0.0516253
0.44 0.858204 0.0122489
0.442 1.01756 0.0823604
0.444 1.19664 0.15804
0.446 1.39141 0.238374
0.448 1.59725 0.322227
0.45 1.80908 0.408279
0.452 2.0216 0.49506
0.454 2.2294 0.580999
0.456 2.42719 0.66446
0.458 2.60991 0.743799
0.46 2.77294 0.817404
0.462 2.9122 0.883747
0.464 3.02427 0.941424
0.466 3.10648 0.989202
0.468 3.15699 1.02605
0.47 3.17474 1.05118
0.472 3.15956 1.06404
0.474 3.11204 1.06439
0.476 3.03354 1.05225
0.478 2.92609 1.02793
0.48 2.79231 0.992016
0.482 2.63529 0.945348
0.484 2.45847 0.889007
0.486 2.26551 0.824272
0.488 2.06016 0.752586
0.49 1.84608 0.67551
0.492 1.62676 0.594678
0.494 1.40541 0.511745
0.496 1.18484 0.428341
0.498 0.967419 0.34602
0.4 0.174961 0.141548
0.8 0.17591 0.142246
1.2 0.177478 0.143397
1.6 0.179646 0.144981
2 0.182388 0.146974
2.4 0.185672 0.149343
2.8 0.189456 0.152049
3.2 0.193698 0.15505
3.6 0.198347 0.158297
4 0.203348 0.161741
4.4 0.208647 0.165327
4.8 0.214183 0.169002
5.2 0.219897 0.172709
5.6 0.225727 0.176394
6 0.231613 0.180004
6.4 0.237497 0.183489
6.8 0.243322 0.1868
7.2 0.249034 0.189895
7.6 0.254583 0.192735
8 0.259922 0.195285
8.4 0.265011 0.197518
8.8 0.269813 0.199411
9.2 0.274296 0.200948
9.6 0.278435 0.202118
10 0.282209 0.202915
10.4 0.285603 0.203342
10.8 0.288607 0.203404
11.2 0.291216 0.203111
11.6 0.293431 0.202478
12 0.295253 0.201524
12.4 0.296692 0.200271
12.8 0.297759 0.198742
13.2 0.298466 0.196963
13.6 0.29883 0.194961
14 0.298869 0.192762
14.4 0.298602 0.190394
14.8 0.298047 0.187882
15.2 0.297225 0.185251
15.6 0.296154 0.182524
16 0.294855 0.179722
16.4 0.293344 0.176863
16.8 0.291639 0.173963
17.2 0.289754 0.171035
17.6 0.287704 0.168092
18 0.2855 0.16514
18.4 0.283154 0.162187
18.8 0.280675 0.159236
19.2 0.27807 0.156291
19.6 0.275346 0.15335
20 0.272507 0.150415
20.4 0.26956 0.147485
20.8 0.266506 0.144557
21.2 0.26335 0.14163
21.6 0.260095 0.138703
22 0.256743 0.135776
22.4 0.253298 0.132848
22.8 0.249765 0.12992
23.2 0.246147 0.126995
23.6 0.24245 0.124076
24 0.23868 0.121168
24.4 0.234845 0.118277
24.8 0.230951 0.115411
25.2 0.22701 0.112577
25.6 0.22303 0.109785
26 0.219023 0.107044
26.4 0.215 0.104364
26.8 0.210975 0.101754
27.2 0.20696 0.0992235
27.6 0.202968 0.0967817
28 0.199013 0.0944357
28.4 0.195108 0.0921918
28.8 0.191266 0.0900545
29.2 0.1875 0.0880265
29.6 0.183822 0.0861085
30 0.180243 0.0842989
30.4 0.176772 0.0825939
30.8 0.17342 0.0809872
31.2 0.170193 0.0794703
31.6 0.167098 0.0780327
32 0.16414 0.0766615
32.4 0.161323 0.0753423
32.8 0.158648 0.074059
33.2 0.156117 0.0727942
33.6 0.153729 0.0715298
34 0.151481 0.0702471
34.4 0.149372 0.0689275
34.8 0.147397 0.0675524
35.2 0.145551 0.0661044
35.6 0.143829 0.0645671
36 0.142225 0.0629257
36.4 0.140732 0.0611675
36.8 0.139345 0.059282
37.2 0.138056 0.0572616
37.6 0.13686 0.0551012
38 0.135751 0.052799
38.4 0.134723 0.0503567
38.8 0.133773 0.0477787
39.2 0.132896 0.0450733
39.6 0.132091 0.0422516
40 0.131355 0.039328
40.4 0.130689 0.03632
40.8 0.130093 0.0332477
41.2 0.129571 0.0301335
41.6 0.129125 0.027002
42 0.12876 0.0238797
42.4 0.128483 0.0207942
42.8 0.128302 0.017774
43.2 0.128224 0.0148482
43.6 0.128259 0.0120457
44 0.128418 0.00939511
44.4 0.128712 0.00692402
44.8 0.129152 0.00465873
45.2 0.129751 0.00262377
45.6 0.130522 0.000841569
46 0.131475 -0.000667945
46.4 0.132624 -0.00188761
46.8 0.133981 -0.0028033
47.2 0.135555 -0.00340415
47.6 0.137358 -0.00368271
48 0.139398 -0.00363506
48.4 0.141683 -0.00326087
48.8 0.144218 -0.00256342
49.2 0.147009 -0.00154953
49.6 0.150057 -0.00022949
50 0.153363 0.00138311
50.4 0.156925 0.00327153
50.8 0.160738 0.00541617
51.2 0.164795 0.00779476
51.6 0.169088 0.0103828
52 0.173604 0.0131536
52.4 0.178329 0.0160792
52.8 0.183247 0.0191301
53.2 0.188338 0.022276
53.6 0.19358 0.0254864
54 0.198951 0.0287304
54.4 0.204424 0.031978
54.8 0.209972 0.0351995
55.2 0.215566 0.0383667
55.6 0.221177 0.0414529
56 0.226772 0.0444334
56.4 0.232321 0.0472855
56.8 0.23779 0.0499894
57.2 0.243148 0.0525279
57.6 0.248362 0.0548869
58 0.2534 0.0570556
58.4 0.258232 0.0590264
58.8 0.262828 0.0607951
59.2 0.26716 0.0623612
59.6 0.271201 0.0637274
60 0.274926 0.0648998
60.4 0.278314 0.0658878
60.8 0.281342 0.0667039
61.2 0.283995 0.0673631
61.6 0.286256 0.0678834
62 0.288113 0.0682846
62.4 0.289555 0.0685886
62.8 0.290576 0.0688187
63.2 0.291172 0.0689993
63.6 0.291339 0.0691552
64 0.29108 0.0693115
64.4 0.290398 0.0694929
64.8 0.289297 0.0697234
65.2 0.287786 0.0700255
65.6 0.285875 0.0704202
66 0.283576 0.0709263
66.4 0.280902 0.07156
66.8 0.277869 0.0723348
67.2 0.274492 0.0732609
67.6 0.270791 0.0743451
68 0.266783 0.0755906
68.4 0.262488 0.0769969
68.8 0.257927 0.0785595
69.2 0.25312 0.0802704
69.6 0.248089 0.0821175
70 0.242855 0.0840855
70.4 0.237439 0.0861553
70.8 0.231864 0.088305
71.2 0.226151 0.0905097
71.6 0.220322 0.0927422
72 0.214398 0.0949732
72.4 0.208399 0.0971718
72.8 0.202348 0.0993065
73.2 0.196263 0.101345
73.6 0.190166 0.103254
74 0.184074 0.105004
74.4 0.178008 0.106563
74.8 0.171986 0.107902
75.2 0.166024 0.108994
75.6 0.160139 0.109816
76 0.154348 0.110346
76.4 0.148666 0.110567
76.8 0.143107 0.110465
77.2 0.137684 0.110028
77.6 0.132409 0.109253
78 0.127293 0.108136
78.4 0.122345 0.10668
78.8 0.117575 0.104893
79.2 0.112989 0.102784
79.6 0.108593 0.10037
80 0.10439 0.0976685
80.4 0.100385 0.0947017
80.8 0.096577 0.0914949
81.2 0.0929669 0.088076
81.6 0.0895527 0.0844751
82 0.0863313 0.0807241
82.4 0.0832981 0.0768561
82.8 0.0804472 0.0729051
83.2 0.0777715 0.0689052
83.6 0.0752629 0.0648905
84 0.0729122 0.0608942
84.4 0.0707092 0.0569482
84.8 0.0686433 0.053083
85.2 0.0667031 0.049327
85.6 0.064877 0.045706
86 0.0631529 0.0422432
86.4 0.061519 0.0389591
86.8 0.0599635 0.0358707
87.2 0.0584748 0.0329919
87.6 0.057042 0.0303331
88 0.0556544 0.0279015
88.4 0.0543025 0.0257008
88.8 0.0529773 0.0237314
89.2 0.0516711 0.0219906
89.6 0.0503769 0.020473
90 0.049089 0.0191703
90.4 0.0478028 0.0180716
90.8 0.0465149 0.0171643
91.2 0.045223 0.0164336
91.6 0.0439258 0.0158634
92 0.0426234 0.0154364
92.4 0.0413166 0.0151346
92.8 0.0400073 0.0149396
93.2 0.0386981 0.0148327
93.6 0.0373923 0.0147955
94 0.0360939 0.0148103
94.4 0.0348073 0.01486
94.8 0.0335371 0.0149285
95.2 0.0322881 0.015001
95.6 0.0310653 0.0150643
96 0.0298734 0.0151065
96.4 0.028717 0.0151174
96.8 0.0276002 0.0150887
97.2 0.0265269 0.0150137
97.6 0.0255002 0.0148876
98 0.0245227 0.014707
98.4 0.0235963 0.0144704
98.8 0.0227223 0.0141779
99.2 0.0219011 0.0138309
99.6 0.0211324 0.0134319
100 0.0204151 0.012985
100.4 0.0197476 0.0124947
100.8 0.0191274 0.0119667
101.2 0.0185515 0.0114071
101.6 0.0180163 0.0108226
102 0.0175179 0.0102198
102.4 0.0170517 0.00960564
102.8 0.0166132 0.00898698
103.2 0.0161975 0.00837034
103.6 0.0157996 0.00776193
104 0.0154147 0.00716748
104.4 0.015038 0.00659213
104.8 0.0146649 0.00604038
105.2 0.0142913 0.00551606
105.6 0.0139133 0.00502221
106 0.0135275 0.00456114
106.4 0.0131311 0.00413442
106.8 0.0127217 0.00374284
107.2 0.0122977 0.00338652
107.6 0.0118581 0.00306492
108 0.0114024 0.00277687
108.4 0.0109309 0.00252072
108.8 0.0104443 0.00229433
109.2 0.00994411 0.0020952
109.6 0.00943218 0.00192056
110 0.00891095 0.00176741
110.4 0.00838327 0.00163267
110.8 0.00785232 0.0015132
111.2 0.00732156 0.00140593
111.6 0.00679464 0.00130789
112 0.00627533 0.00121629
112.4 0.00576741 0.00112859
112.8 0.00527462 0.00104251
113.2 0.00480055 0.000956115
113.6 0.00434856 0.000867793
114 0.00392175 0.000776302
114.4 0.00352285 0.000680762
114.8 0.00315418 0.00058066
115.2 0.00281761 0.000475835
115.6 0.0025145 0.000366455
116 0.0022457 0.000252998
116.4 0.00201152 0.000136212
116.8 0.00181174 1.7083e-05
117.2 0.00164559 -0.00010321
117.6 0.0015118 -0.000223337
118 0.00140859 -0.000341858
118.4 0.00133376 -0.000457274
118.8 0.00128466 -0.000568066
119.2 0.00125835 -0.000672739
119.6 0.00125155 -0.000769862
120 0.00126079 -0.000858098
120.4 0.00128244 -0.000936243
120.8 0.00131278 -0.00100325
121.2 0.0013481 -0.00105824
121.6 0.00138473 -0.00110053
122 0.00141917 -0.00112966
122.4 0.00144809 -0.00114535
122.8 0.00146844 -0.00114755
123.2 0.00147748 -0.00113641
123.6 0.00147285 -0.00111228
124 0.00145258 -0.0010757
124.4 0.00141515 -0.00102738
124.8 0.00135948 -0.000968164
125.2 0.00128499 -0.000899051
125.6 0.00119156 -0.000821139
126 0.00107954 -0.000735614
126.4 0.000949725 -0.000643725
126.8 0.00080334 -0.000546762
127.2 0.000642006 -0.000446031
127.6 0.000467694 -0.000342837
128 0.000282682 -0.00023846
128.4 8.94999e-05 -0.000134139
128.8 -0.000109125 -3.1056e-05
129.2 -0.000310325 6.96792e-05
129.6 -0.000511158 0.000167038
130 -0.000708659 0.000260084
130.4 -0.000899911 0.000347978
130.8 -0.00108209 0.000429987
131.2 -0.00125254 0.000505479
131.6 -0.00140879 0.000573933
132 -0.00154863 0.000634931
132.4 -0.00167013 0.000688156
132.8 -0.00177169 0.000733394
133.2 -0.00185204 0.000770524
133.6 -0.00191028 0.000799512
134 -0.00194588 0.000820411
134.4 -0.00195868 0.000833348
134.8 -0.0019489 0.000838521
135.2 -0.0019171 0.000836192
135.6 -0.00186421 0.000826682
136 -0.00179145 0.000810362
136.4 -0.00170034 0.000787649
136.8 -0.00159266 0.000759
137.2 -0.0014704 0.000724906
137.6 -0.00133575 0.000685889
138 -0.00119101 0.000642493
138.4 -0.00103863 0.000595284
138.8 -0.000881055 0.000544845
139.2 -0.0007208 0.000491766
139.6 -0.000560336 0.000436646
140 -0.000402078 0.000380086
140.4 -0.000248353 0.000322684
140.8 -0.000101362 0.000265031
141.2 3.68415e-05 0.000207705
141.6 0.000164381 0.000151268
142 0.000279571 9.62602e-05
142.4 0.000380937 4.31934e-05
142.8 0.000467224 -7.45158e-06
143.2 0.000537408 -5.52315e-05
143.6 0.000590695 -9.97449e-05
144 0.000626525 -0.000140636
144.4 0.000644569 -0.000177601
144.8 0.000644723 -0.000210388
145.2 0.000627097 -0.000238803
145.6 0.000592011 -0.000262712
146 0.000539976 -0.000282038
146.4 0.000471685 -0.00029677
146.8 0.000387995 -0.000306953
147.2 0.000289914 -0.000312695
147.6 0.000178582 -0.00031416
148 5.52553e-05 -0.000311563
148.4 -7.87093e-05 -0.000305173
148.8 -0.000221874 -0.0002953
149.2 -0.000372734 -0.000282294
149.6 -0.000529738 -0.000266537
150 -0.000691301 -0.000248436
150.4 -0.00085582 -0.000228415
150.8 -0.00102169 -0.00020691
151.2 -0.00118733 -0.000184356
151.6 -0.00135118 -0.000161185
152 -0.00151172 -0.000137815
152.4 -0.00166749 -0.000114643
152.8 -0.00181712 -9.20407e-05
153.2 -0.00195928 -7.03479e-05
153.6 -0.00209278 -4.98664e-05
154 -0.00221651 -3.0857e-05
154.4 -0.00232949 -1.35362e-05
154.8 -0.00243085 1.92588e-06
155.2 -0.00251988 1.54063e-05
155.6 -0.00259599 2.68293e-05
156 -0.00265874 3.61657e-05
156.4 -0.00270785 4.34298e-05
156.8 -0.00274318 4.86777e-05
157.2 -0.00276476 5.20025e-05
157.6 -0.00277276 5.35306e-05
158 -0.00276751 5.34165e-05
158.4 -0.00274947 5.18376e-05
158.8 -0.00271925 4.89885e-05
159.2 -0.00267758 4.50751e-05
159.6 -0.0026253 4.03093e-05
160 -0.00256337 3.49034e-05
160.4 -0.00249283 2.90644e-05
160.8 -0.0024148 2.29899e-05
161.2 -0.00233043 1.68631e-05
161.6 -0.00224095 1.08493e-05
162 -0.00214758 5.0931e-06
162.4 -0.00205156 -2.84493e-07
162.8 -0.00195409 -5.18738e-06
163.2 -0.00185636 -9.54547e-06
163.6 -0.0017595 -1.33148e-05
164 -0.00166457 -1.64773e-05
164.4 -0.00157254 -1.90393e-05
164.8 -0.0014843 -2.10302e-05
165.2 -0.00140063 -2.25002e-05
165.6 -0.00132218 -2.35176e-05
166 -0.0012495 -2.41659e-05
166.4 -0.00118299 -2.45406e-05
166.8 -0.00112293 -2.4746e-05
167.2 -0.00106948 -2.48914e-05
167.6 -0.00102266 -2.50882e-05
168 -0.000982376 -2.54463e-05
168.4 -0.000948418 -2.60708e-05
168.8 -0.000920468 -2.70599e-05
169.2 -0.000898113 -2.85014e-05
169.6 -0.000880857 -3.04711e-05
170 -0.000868134 -3.30307e-05
170.4 -0.000859318 -3.62267e-05
170.8 -0.000853743 -4.00886e-05
171.2 -0.000850712 -4.46293e-05
171.6 -0.000849514 -4.98443e-05
172 -0.000849439 -5.57117e-05
172.4 -0.000849788 -6.21933e-05
172.8 -0.000849889 -6.92354e-05
173.2 -0.000849105 -7.67696e-05
173.6 -0.000846846 -8.47146e-05
174 -0.000842578 -9.29778e-05
174.4 -0.000835828 -0.000101457
174.8 -0.000826194 -0.000110044
175.2 -0.000813344 -0.000118622
175.6 -0.000797021 -0.000127075
176 -0.000777047 -0.000135282
176.4 -0.000753316 -0.000143128
176.8 -0.0007258 -0.000150496
177.2 -0.00069454 -0.000157277
177.6 -0.000659647 -0.000163368
178 -0.000621293 -0.000168677
178.4 -0.000579708 -0.000173118
178.8 -0.000535176 -0.000176621
179.2 -0.000488024 -0.000179124
179.6 -0.000438617 -0.000180583
180 -0.000387352 -0.000180965
180.4 -0.000334651 -0.000180253
180.8 -0.000280954 -0.000178446
181.2 -0.00022671 -0.000175554
181.6 -0.000172373 -0.000171607
182 -0.000118395 -0.000166644
182.4 -6.52234e-05 -0.00016072
182.8 -1.32884e-05 -0.000153903
183.2 3.69951e-05 -0.000146271
183.6 8.52346e-05 -0.000137913
184 0.000131064 -0.000128924
184.4 0.000174147 -0.000119411
184.8 0.000214179 -0.000109483
185.2 0.000250892 -9.92521e-05
185.6 0.000284053 -8.88349e-05
186 0.000313471 -7.83465e-05
186.4 0.000338993 -6.79005e-05
186.8 0.000360506 -5.76074e-05
187.2 0.000377942 -4.75722e-05
187.6 0.00039127 -3.78934e-05
188 0.000400504 -2.86613e-05
188.4 0.000405694 -1.99569e-05
188.8 0.000406933 -1.18508e-05
189.2 0.000404347 -4.40194e-06
189.6 0.000398101 2.3424e-06
190 0.000388389 8.3476e-06
190.4 0.000375439 1.35916e-05
190.8 0.000359504 1.80649e-05
191.2 0.00034086 2.17704e-05
191.6 0.000319804 2.47227e-05
192 0.000296649 2.69475e-05
192.4 0.000271722 2.84806e-05
192.8 0.000245354 2.93672e-05
193.2 0.000217885 2.966e-05
193.6 0.000189649 2.94184e-05
194 0.000160982 2.87071e-05
194.4 0.000132205 2.75941e-05
194.8 0.000103632 2.61501e-05
195.2 7.55592e-05 2.44462e-05
195.6 4.82631e-05 2.25532e-05
196 2.19994e-05 2.05397e-05
196.4 -3.00039e-06 1.84714e-05
196.8 -2.65312e-05 1.64098e-05
197.2 -4.84154e-05 1.44113e-05
197.6 -6.85042e-05 1.25265e-05
198 -8.66776e-05 1.07995e-05
198.4 -0.000102845 9.26779e-06
198.8 -0.000116944 7.96173e-06
199.2 -0.000128939 6.90471e-06
199.6 -0.000138823 6.11318e-06
200 -0.000146612 5.59694e-06
200.4 -0.000152344 5.35956e-06
200.8 -0.000156078 5.39884e-06
201.2 -0.000157891 5.70747e-06
201.6 -0.000157874 6.27365e-06
202 -0.000156133 7.08183e-06
202.4 -0.000152782 8.11339e-06
202.8 -0.000147942 9.3474e-06
203.2 -0.000141743 1.07613e-05
203.6 -0.000134312 1.23316e-05
204 -0.000125782 1.40344e-05
204.4 -0.000116283 1.58459e-05
204.8 -0.000105941 1.7743e-05
205.2 -9.48814e-05 1.97037e-05
205.6 -8.32218e-05 2.17069e-05
206 -7.10758e-05 2.37334e-05
206.4 -5.85502e-05 2.57654e-05
206.8 -4.57452e-05 2.77867e-05
207.2 -3.27544e-05 2.9783e-05
207.6 -1.96647e-05 3.17413e-05
208 -6.55615e-06 3.36503e-05
208.4 6.49759e-06 3.55002e-05
208.8 1.94291e-05 3.72822e-05
209.2 3.21768e-05 3.89889e-05
209.6 4.46851e-05 4.06136e-05
210 5.69034e-05 4.21507e-05
210.4 6.87868e-05 4.35953e-05
210.8 8.02952e-05 4.49432e-05
211.2 9.13934e-05 4.61908e-05
211.6 0.000102051 4.73352e-05
212 0.000112243 4.83742e-05
212.4 0.000121948 4.93061e-05
212.8 0.000131151 5.013e-05
213.2 0.000139841 5.08459e-05
213.6 0.000148011 5.14543e-05
214 0.00015566 5.1957e-05
214.4 0.00016279 5.23564e-05
214.8 0.00016941 5.2656e-05
215.2 0.00017553 5.286e-05
215.6 0.000181164 5.29738e-05
216 0.000186331 5.30033e-05
216.4 0.00019105 5.29554e-05
216.8 0.000195342 5.28373e-05
217.2 0.00019923 5.26568e-05
217.6 0.000202735 5.24216e-05
218 0.000205879 5.21396e-05
218.4 0.000208679 5.18184e-05
218.8 0.000211152 5.14648e-05
219.2 0.00021331 5.10851e-05
219.6 0.000215159 5.06846e-05
220 0.000216703 5.02672e-05
220.4 0.000217939 4.98358e-05
220.8 0.000218857 4.93914e-05
221.2 0.000219443 4.89338e-05
221.6 0.000219677 4.84613e-05
222 0.000219533 4.79705e-05
222.4 0.000218983 4.74568e-05
222.8 0.000217992 4.69145e-05
223.2 0.000216525 4.63367e-05
223.6 0.000214547 4.57162e-05
224 0.00021202 4.50452e-05
224.4 0.00020891 4.43161e-05
224.8 0.000205188 4.35216e-05
225.2 0.000200826 4.26553e-05
225.6 0.000195808 4.17119e-05
226 0.000190121 4.06876e-05
226.4 0.000183766 3.95805e-05
226.8 0.000176752 3.83907e-05
227.2 0.0001691 3.71206e-05
227.6 0.000160843 3.5775e-05
228 0.000152027 3.43613e-05
228.4 0.00014271 3.28891e-05
228.8 0.000132961 3.13704e-05
229.2 0.000122862 2.98192e-05
229.6 0.000112502 2.82515e-05
230 0.000101981 2.66844e-05
230.4 9.14041e-05 2.51365e-05
230.8 8.0883e-05 2.36266e-05
231.2 7.05304e-05 2.21736e-05
231.6 6.046e-05 2.0796e-05
232 5.07835e-05 1.95113e-05
232.4 4.16082e-05 1.83354e-05
232.8 3.30347e-05 1.72824e-05
233.2 2.51547e-05 1.63639e-05
233.6 1.80492e-05 1.55885e-05
234 1.17865e-05 1.4962e-05
234.4 6.42068e-06 1.4487e-05
234.8 1.99082e-06 1.41624e-05
235.2 -1.48011e-06 1.39839e-05
235.6 -3.98553e-06 1.3944e-05
236 -5.53523e-06 1.40318e-05
236.4 -6.15499e-06 1.42339e-05
236.8 -5.88583e-06 1.45341e-05
237.2 -4.78287e-06 1.49143e-05
237.6 -2.91391e-06 1.5355e-05
238 -3.57688e-07 1.58354e-05
238.4 2.79802e-06 1.63344e-05
238.8 6.45854e-06 1.6831e-05
239.2 1.05245e-05 1.73048e-05
239.6 1.4894e-05 1.77367e-05
240 1.9465e-05 1.81091e-05
240.4 2.41373e-05 1.84067e-05
240.8 2.8815e-05 1.86165e-05
241.2 3.34075e-05 1.87283e-05
241.6 3.78321e-05 1.87348e-05
242 4.20146e-05 1.86315e-05
242.4 4.58909e-05 1.84172e-05
242.8 4.94073e-05 1.80934e-05
243.2 5.25213e-05 1.76644e-05
243.6 5.52017e-05 1.71369e-05
244 5.74282e-05 1.65198e-05
244.4 5.91915e-05 1.58236e-05
244.8 6.0492e-05 1.50604e-05
245.2 6.13393e-05 1.42429e-05
245.6 6.17512e-05 1.33846e-05
246 6.17523e-05 1.24988e-05
246.4 6.13729e-05 1.15984e-05
246.8 6.06476e-05 1.06956e-05
247.2 5.96141e-05 9.8015e-06
247.6 5.83119e-05 8.92578e-06
248 5.67812e-05 8.07662e-06
248.4 5.50617e-05 7.26046e-06
248.8 5.31917e-05 6.48202e-06
249.2 5.12076e-05 5.74425e-06
249.6 4.9143e-05 5.04847e-06
250 4.70282e-05 4.39452e-06
250.4 4.48905e-05 3.78091e-06
250.8 4.27535e-05 3.20512e-06
251.2 4.06371e-05 2.66387e-06
251.6 3.85585e-05 2.15338e-06
252 3.65315e-05 1.66975e-06
252.4 3.45673e-05 1.20917e-06
252.8 3.26749e-05 7.68277e-07
253.2 3.08616e-05 3.44354e-07
253.6 2.91331e-05 -6.44494e-08
254 2.74943e-05 -4.5896e-07
254.4 2.59492e-05 -8.38883e-07
254.8 2.45016e-05 -1.20276e-06
255.2 2.3155e-05 -1.54799e-06
255.6 2.19129e-05 -1.8709e-06
256 2.07787e-05 -2.16689e-06
256.4 1.97558e-05 -2.43061e-06
256.8 1.88471e-05 -2.6562e-06
257.2 1.80554e-05 -2.83752e-06
257.6 1.73824e-05 -2.96844e-06
258 1.6829e-05 -3.04314e-06
258.4 1.63947e-05 -3.05637e-06
258.8 1.60774e-05 -3.00376e-06
259.2 1.58728e-05 -2.882e-06
259.6 1.57747e-05 -2.68913e-06
260 1.57742e-05 -2.42463e-06
260.4 1.58602e-05 -2.08958e-06
260.8 1.60188e-05 -1.68668e-06
261.2 1.62338e-05 -1.22031e-06
261.6 1.64866e-05 -6.96365e-07
262 1.67568e-05 -1.22233e-07
262.4 1.70223e-05 4.93438e-07
262.8 1.72598e-05 1.14095e-06
263.2 1.74453e-05 1.8098e-06
263.6 1.75551e-05 2.489e-06
264 1.75657e-05 3.16739e-06
264.4 1.74552e-05 3.83391e-06
264.8 1.72035e-05 4.478e-06
265.2 1.67927e-05 5.08981e-06
265.6 1.62085e-05 5.66056e-06
266 1.54397e-05 6.18274e-06
266.4 1.44794e-05 6.65031e-06
266.8 1.33245e-05 7.05887e-06
267.2 1.19767e-05 7.40571e-06
267.6 1.04419e-05 7.68992e-06
268 8.7305e-06 7.91228e-06
268.4 6.85695e-06 8.07524e-06
268.8 4.83953e-06 8.18278e-06
269.2 2.69989e-06 8.24017e-06
269.6 4.62506e-07 8.25385e-06
270 -1.84595e-06 8.23105e-06
270.4 -4.19727e-06 8.17964e-06
270.8 -6.56246e-06 8.10771e-06
271.2 -8.91241e-06 8.02339e-06
271.6 -1.12187e-05 7.93448e-06
272 -1.34541e-05 7.84824e-06
272.4 -1.55935e-05 7.77112e-06
272.8 -1.76142e-05 7.70857e-06
273.2 -1.94965e-05 7.66487e-06
273.6 -2.1224e-05 7.64302e-06
274 -2.2784e-05 7.64469e-06
274.4 -2.41673e-05 7.67019e-06
274.8 -2.53687e-05 7.71849e-06
275.2 -2.63864e-05 7.78736e-06
275.6 -2.72223e-05 7.87343e-06
276 -2.78812e-05 7.9724e-06
276.4 -2.83708e-05 8.07922e-06
276.8 -2.8701e-05 8.1883e-06
277.2 -2.88837e-05 8.29375e-06
277.6 -2.8932e-05 8.38961e-06
278 -2.88597e-05 8.47006e-06
278.4 -2.86811e-05 8.52965e-06
278.8 -2.841e-05 8.56352e-06
279.2 -2.80599e-05 8.5675e-06
279.6 -2.76431e-05 8.5383e-06
280 -2.71705e-05 8.47358e-06
280.4 -2.66518e-05 8.37203e-06
280.8 -2.60948e-05 8.23335e-06
281.2 -2.55057e-05 8.05824e-06
281.6 -2.4889e-05 7.84836e-06
282 -2.42478e-05 7.6062e-06
282.4 -2.35838e-05 7.33501e-06
282.8 -2.28974e-05 7.03857e-06
283.2 -2.21884e-05 6.72114e-06
283.6 -2.14561e-05 6.38717e-06
284 -2.06995e-05 6.04125e-06
284.4 -1.99177e-05 5.68785e-06
284.8 -1.91104e-05 5.33121e-06
285.2 -1.82779e-05 4.97523e-06
285.6 -1.74215e-05 4.62329e-06
286 -1.65434e-05 4.27824e-06
286.4 -1.56474e-05 3.94233e-06
286.8 -1.47383e-05 3.61715e-06
287.2 -1.38221e-05 3.30369e-06
287.6 -1.29062e-05 3.00235e-06
288 -1.19987e-05 2.71302e-06
288.4 -1.11086e-05 2.43516e-06
288.8 -1.02457e-05 2.16793e-06
289.2 -9.41965e-06 1.91027e-06
289.6 -8.64027e-06 1.66108e-06
290 -7.91694e-06 1.4193e-06
290.4 -7.25834e-06 1.18403e-06
290.8 -6.67219e-06 9.54696e-07
291.2 -6.16492e-06 7.3107e-07
291.6 -5.7415e-06 5.13387e-07
292 -5.40525e-06 3.02369e-07
292.4 -5.1577e-06 9.92526e-08
292.8 -4.99859e-06 -9.42315e-08
293.2 -4.92583e-06 -2.75891e-07
293.6 -4.93562e-06 -4.43143e-07
294 -5.02257e-06 -5.93102e-07
294.4 -5.17989e-06 -7.22697e-07
294.8 -5.39963e-06 -8.28792e-07
295.2 -5.67298e-06 -9.08332e-07
295.6 -5.99052e-06 -9.58485e-07
296 -6.3426e-06 -9.7678e-07
296.4 -6.71961e-06 -9.61249e-07
296.8 -7.11231e-06 -9.10541e-07
297.2 -7.51208e-06 -8.24031e-07
297.6 -7.9112e-06 -7.01897e-07
298 -8.30303e-06 -5.45168e-07
298.4 -8.68214e-06 -3.55754e-07
298.8 -9.04443e-06 -1.36426e-07
299.2 -9.38715e-06 1.09217e-07
299.6 -9.70889e-06 3.76829e-07
300 -1.00094e-05 6.61412e-07
300.4 -1.02897e-05 9.57448e-07
300.8 -1.05514e-05 1.25905e-06
301.2 -1.07972e-05 1.56011e-06
301.6 -1.10299e-05 1.8545e-06
302 -1.12526e-05 2.13623e-06
302.4 -1.14683e-05 2.39963e-06
302.8 -1.16798e-05 2.63952e-06
303.2 -1.18889e-05 2.85136e-06
303.6 -1.20971e-05 3.03137e-06
304 -1.23045e-05 3.17665e-06
304.4 -1.25103e-05 3.28525e-06
304.8 -1.27127e-05 3.35622e-06
305.2 -1.29086e-05 3.38961e-06
305.6 -1.30937e-05 3.38645e-06
306 -1.32629e-05 3.34871e-06
306.4 -1.34101e-05 3.2792e-06
306.8 -1.35288e-05 3.18147e-06
307.2 -1.36119e-05 3.05965e-06
307.6 -1.36525e-05 2.91832e-06
308 -1.36435e-05 2.76236e-06
308.4 -1.35787e-05 2.59674e-06
308.8 -1.34524e-05 2.42638e-06
309.2 -1.32602e-05 2.25599e-06
309.6 -1.29989e-05 2.08989e-06
310 -1.26667e-05 1.93192e-06
310.4 -1.22637e-05 1.78531e-06
310.8 -1.17916e-05 1.65258e-06
311.2 -1.1254e-05 1.53552e-06
311.6 -1.06561e-05 1.43514e-06
312 -1.0005e-05 1.35167e-06
312.4 -9.30909e-06 1.28465e-06
312.8 -8.57824e-06 1.23291e-06
313.2 -7.82327e-06 1.19472e-06
313.6 -7.0558e-06 1.16787e-06
314 -6.28783e-06 1.14979e-06
314.4 -5.53144e-06 1.1377e-06
314.8 -4.79844e-06 1.12874e-06
315.2 -4.10001e-06 1.12009e-06
315.6 -3.44637e-06 1.10914e-06
316 -2.84652e-06 1.09355e-06
316.4 -2.30794e-06 1.07141e-06
316.8 -1.83644e-06 1.04128e-06
317.2 -1.43598e-06 1.00229e-06
317.6 -1.10862e-06 9.54113e-07
318 -8.54494e-07 8.97039e-07
318.4 -6.71848e-07 8.31909e-07
318.8 -5.57177e-07 7.60093e-07
319.2 -5.05381e-07 6.83414e-07
319.6 -5.09994e-07 6.04065e-07
320 -5.63441e-07 5.24504e-07
320.4 -6.57341e-07 4.47341e-07
320.8 -7.82816e-07 3.75218e-07
321.2 -9.30817e-07 3.10687e-07
321.6 -1.09245e-06 2.56086e-07
322 -1.25926e-06 2.13438e-07
322.4 -1.42354e-06 1.84349e-07
322.8 -1.57855e-06 1.69931e-07
323.2 -1.71871e-06 1.7074e-07
323.6 -1.83975e-06 1.86746e-07
324 -1.9388e-06 2.1732e-07
324.4 -2.01443e-06 2.61243e-07
324.8 -2.06659e-06 3.16751e-07
325.2 -2.09654e-06 3.81594e-07
325.6 -2.10674e-06 4.53114e-07
326 -2.10062e-06 5.28348e-07
326.4 -2.08241e-06 6.04136e-07
326.8 -2.05684e-06 6.77244e-07
327.2 -2.02895e-06 7.44485e-07
327.6 -2.00376e-06 8.02845e-07
328 -1.98602e-06 8.49596e-07
328.4 -1.98001e-06 8.82405e-07
328.8 -1.98924e-06 8.99424e-07
329.2 -2.01636e-06 8.99363e-07
329.6 -2.06292e-06 8.81538e-07
330 -2.12934e-06 8.45904e-07
330.4 -2.21484e-06 7.93056e-07
330.8 -2.31748e-06 7.24203e-07
331.2 -2.43414e-06 6.41133e-07
331.6 -2.56073e-06 5.46138e-07
332 -2.69226e-06 4.4193e-07
332.4 -2.82311e-06 3.31541e-07
332.8 -2.94715e-06 2.1821e-07
333.2 -3.05809e-06 1.05257e-07
333.6 -3.14965e-06 -4.03153e-09
334 -3.21585e-06 -1.06533e-07
334.4 -3.25125e-06 -1.99397e-07
334.8 -3.25117e-06 -2.8015e-07
335.2 -3.21188e-06 -3.46782e-07
335.6 -3.13076e-06 -3.97817e-07
336 -3.00644e-06 -4.3236e-07
336.4 -2.83882e-06 -4.50121e-07
336.8 -2.62915e-06 -4.5142e-07
337.2 -2.37992e-06 -4.37158e-07
337.6 -2.09487e-06 -4.0878e-07
338 -1.7788e-06 -3.68205e-07
338.4 -1.43742e-06 -3.17744e-07
338.8 -1.07715e-06 -2.60002e-07
339.2 -7.04896e-07 -1.97772e-07
339.6 -3.27809e-07 -1.33918e-07
340 4.69827e-08 -7.1264e-08
340.4 4.12608e-07 -1.24754e-08
340.8 7.62697e-07 4.00414e-08
341.2 1.09159e-06 8.42351e-08
341.6 1.39455e-06 1.18487e-07
342 1.66786e-06 1.41672e-07
342.4 1.909e-06 1.53197e-07
342.8 2.11664e-06 1.53023e-07
343.2 2.2907e-06 1.41656e-07
343.6 2.43232e-06 1.20122e-07
344 2.54374e-06 8.99245e-08
344.4 2.62819e-06 5.29712e-08
344.8 2.68978e-06 1.14978e-08
345.2 2.73323e-06 -3.20293e-08
345.6 2.76371e-06 -7.50156e-08
346 2.78658e-06 -1.14847e-07
346.4 2.8072e-06 -1.48998e-07
346.8 2.83063e-06 -1.75136e-07
347.2 2.86149e-06 -1.91217e-07
347.6 2.90373e-06 -1.95573e-07
348 2.96045e-06 -1.86976e-07
348.4 3.03381e-06 -1.64693e-07
348.8 3.12491e-06 -1.28516e-07
349.2 3.23377e-06 -7.87723e-08
349.6 3.35931e-06 -1.63149e-08
350 3.49942e-06 5.7511e-08
350.4 3.65104e-06 1.40918e-07
350.8 3.81029e-06 2.31743e-07
351.2 3.97262e-06 3.27535e-07
351.6 4.13302e-06 4.25643e-07
352 4.28623e-06 5.2332e-07
352.4 4.42693e-06 6.17827e-07
352.8 4.55001e-06 7.0654e-07
353.2 4.65074e-06 7.87041e-07
353.6 4.725e-06 8.57215e-07
354 4.76943e-06 9.15326e-07
354.4 4.78159e-06 9.60078e-07
354.8 4.76009e-06 9.90662e-07
355.2 4.70463e-06 1.00678e-06
355.6 4.61602e-06 1.00865e-06
356 4.49619e-06 9.96991e-07
356.4 4.34813e-06 9.72998e-07
356.8 4.17575e-06 9.38275e-07
357.2 3.98379e-06 8.94777e-07
357.6 3.77762e-06 8.44724e-07
358 3.56305e-06 7.90515e-07
358.4 3.34613e-06 7.34627e-07
358.8 3.13293e-06 6.79518e-07
359.2 2.9293e-06 6.27528e-07
359.6 2.7407e-06 5.80789e-07
360 2.57196e-06 5.41143e-07
360.4 2.42714e-06 5.10068e-07
360.8 2.30938e-06 4.88627e-07
361.2 2.22079e-06 4.77426e-07
361.6 2.16239e-06 4.766e-07
362 2.1341e-06 4.85805e-07
362.4 2.13472e-06 5.04245e-07
362.8 2.16205e-06 5.30701e-07
363.2 2.2129e-06 5.6359e-07
363.6 2.28333e-06 6.01032e-07
364 2.36872e-06 6.40924e-07
364.4 2.464e-06 6.81037e-07
364.8 2.56384e-06 7.19099e-07
365.2 2.66285e-06 7.52894e-07
365.6 2.7558e-06 7.80353e-07
366 2.83779e-06 7.99634e-07
366.4 2.90449e-06 8.09203e-07
366.8 2.9522e-06 8.07892e-07
367.2 2.97809e-06 7.94948e-07
367.6 2.98021e-06 7.70064e-07
368 2.95759e-06 7.33393e-07
368.4 2.91025e-06 6.85539e-07
368.8 2.83917e-06 6.27538e-07
369.2 2.74627e-06 5.60817e-07
369.6 2.63425e-06 4.87136e-07
370 2.50653e-06 4.08519e-07
370.4 2.36709e-06 3.27182e-07
370.8 2.22025e-06 2.45438e-07
371.2 2.07056e-06 1.65615e-07
371.6 1.92255e-06 8.99614e-08
372 1.7806e-06 2.05636e-08
372.4 1.6487e-06 -4.07349e-08
372.8 1.53037e-06 -9.24025e-08
373.2 1.42844e-06 -1.33276e-07
373.6 1.345e-06 -1.62602e-07
374 1.28131e-06 -1.80065e-07
374.4 1.23775e-06 -1.8579e-07
374.8 1.2138e-06 -1.80342e-07
375.2 1.20809e-06 -1.6469e-07
375.6 1.21848e-06 -1.40175e-07
376 1.24211e-06 -1.08446e-07
376.4 1.27556e-06 -7.13969e-08
376.8 1.31499e-06 -3.10887e-08
377.2 1.35628e-06 1.03342e-08
377.6 1.39524e-06 5.07283e-08
378 1.42775e-06 8.80362e-08
378.4 1.44995e-06 1.20367e-07
378.8 1.45838e-06 1.46069e-07
379.2 1.45015e-06 1.63794e-07
379.6 1.42304e-06 1.72548e-07
380 1.3756e-06 1.71725e-07
380.4 1.3072e-06 1.61133e-07
380.8 1.21807e-06 1.40992e-07
381.2 1.10928e-06 1.11925e-07
381.6 9.82733e-07 7.49301e-08
382 8.41039e-07 3.13369e-08
382.4 6.87459e-07 -1.72502e-08
382.8 5.25765e-07 -6.90169e-08
383.2 3.60089e-07 -1.22014e-07
383.6 1.94774e-07 -1.74235e-07
384 3.42028e-08 -2.23698e-07
384.4 -1.17368e-07 -2.68526e-07
384.8 -2.5597e-07 -3.07019e-07
385.2 -3.78067e-07 -3.37721e-07
385.6 -4.80695e-07 -3.5948e-07
386 -5.6156e-07 -3.71487e-07
386.4 -6.19129e-07 -3.73313e-07
386.8 -6.52673e-07 -3.64919e-07
387.2 -6.62294e-07 -3.46658e-07
387.6 -6.48908e-07 -3.19258e-07
388 -6.14202e-07 -2.83793e-07
388.4 -5.60559e-07 -2.41638e-07
388.8 -4.90966e-07 -1.94413e-07
389.2 -4.0888e-07 -1.43918e-07
389.6 -3.18101e-07 -9.20628e-08
390 -2.22615e-07 -4.07883e-08
390.4 -1.26439e-07 8.00605e-09
390.8 -3.34704e-08 5.25386e-08
391.2 5.26677e-08 9.12136e-08
391.6 1.28756e-07 1.22682e-07
392 1.921e-07 1.45892e-07
392.4 2.40623e-07 1.60129e-07
392.8 2.72936e-07 1.65038e-07
393.2 2.88379e-07 1.60636e-07
393.6 2.87031e-07 1.47306e-07
394 2.69693e-07 1.2578e-07
394.4 2.37839e-07 9.71036e-08
394.8 1.93541e-07 6.25939e-08
395.2 1.39374e-07 2.37818e-08
395.6 7.82997e-08 -1.76504e-08
396 1.35315e-08 -5.99382e-08
396.4 -5.16006e-08 -1.01307e-07
396.8 -1.13795e-07 -1.40043e-07
397.2 -1.69919e-07 -1.74562e-07
397.6 -2.17138e-07 -2.03475e-07
398 -2.5304e-07 -2.25638e-07
398.4 -2.75728e-07 -2.40199e-07
398.8 -2.83903e-07 -2.46634e-07
399.2 -2.76915e-07 -2.44758e-07
399.6 -2.54792e-07 -2.34737e-07
400 -2.18231e-07 -2.17077e-07
