-0.498 -1.32441 -0.507563
-0.496 -1.58162 -0.569664
-0.494 -1.84 -0.634337
-0.492 -2.09649 -0.700385
-0.49 -2.34762 -0.766531
-0.488 -2.58955 -0.831455
-0.486 -2.81821 -0.893829
-0.484 -3.02941 -0.952361
-0.482 -3.219 -1.00583
-0.48 -3.38302 -1.05311
-0.478 -3.5178 -1.09322
-0.476 -3.6202 -1.12534
-0.474 -3.68765 -1.14885
-0.472 -3.71833 -1.16332
-0.47 -3.71122 -1.16855
-0.468 -3.66618 -1.16458
-0.466 -3.584 -1.15167
-0.464 -3.46636 -1.13027
-0.462 -3.31585 -1.10105
-0.46 -3.13586 -1.06485
-0.458 -2.93055 -1.0226
-0.456 -2.70468 -0.975368
-0.454 -2.46352 -0.924227
-0.452 -2.21264 -0.870272
-0.45 -1.95782 -0.814558
-0.448 -1.70481 -0.75807
-0.446 -1.45919 -0.701689
-0.444 -1.2262 -0.64617
-0.442 -1.01055 -0.592119
-0.44 -0.816345 -0.539981
-0.438 -0.646872 -0.490031
-0.436 -0.504549 -0.442368
-0.434 -0.390821 -0.396918
-0.432 -0.306113 -0.353446
-0.43 -0.249812 -0.311569
-0.428 -0.220286 -0.270782
-0.426 -0.214943 -0.230486
-0.424 -0.230333 -0.190023
-0.422 -0.262275 -0.148718
-0.42 -0.306026 -0.105915
-0.418 -0.356458 -0.0610183
-0.416 -0.408257 -0.0135324
-0.414 -0.456121 0.0369072
-0.412 -0.494959 0.090504
-0.41 -0.520074 0.147278
-0.408 -0.527347 0.207053
-0.406 -0.513388 0.269447
-0.404 -0.475668 0.333878
-0.402 -0.412631 0.399578
-0.4 -0.323767 0.46561
-0.398 -0.20965 0.530905
-0.396 -0.071941 0.594295
-0.394 0.086648 0.654559
-0.392 0.262439 0.710471
-0.39 0.45091 0.760851
-0.388 0.646861 0.804613
-0.386 0.844618 0.840814
-0.384 1.03827 0.868698
-0.382 1.22191 0.887735
-0.38 1.38995 0.897657
-0.378 1.53732 0.898478
-0.376 1.65978 0.890513
-0.374 1.75413 0.874383
-0.372 1.81836 0.851006
-0.37 1.85186 0.82158
-0.368 1.85548 0.78755
-0.366 1.83157 0.750562
-0.364 1.78397 0.712402
-0.362 1.71791 0.674932
-0.36 1.63986 0.640014
-0.358 1.55728 0.609424
-0.356 1.47835 0.584779
-0.354 1.41162 0.567454
-0.352 1.36561 0.558514
-0.35 1.34844 0.558649
-0.348 1.36737 0.568126
-0.346 1.42849 0.586757
-0.344 1.53633 0.613877
-0.342 1.69362 0.648342
-0.34 1.90108 0.688551
-0.338 2.15731 0.732482
-0.336 2.45875 0.777742
-0.334 2.79972 0.821641
-0.332 3.17251 0.861279
-0.33 3.56763 0.893641
-0.328 3.97398 0.915708
-0.326 4.37923 0.924564
-0.324 4.77011 0.917515
-0.322 5.13287 0.8922
-0.32 5.45373 0.846693
-0.318 5.71929 0.779601
-0.316 5.91708 0.690137
-0.314 6.03599 0.578181
-0.312 6.06675 0.444321
-0.31 6.0023 0.289864
-0.308 5.83813 0.116831
-0.306 5.57257 -0.072078
-0.304 5.20689 -0.273543
-0.302 4.7454 -0.483702
-0.3 4.19536 -0.698259
-0.298 3.56683 -0.912597
-0.296 2.87238 -1.12193
-0.294 2.12675 -1.32142
-0.292 1.34636 -1.50639
-0.29 0.548883 -1.67242
-0.288 -0.247403 -1.81556
-0.286 -1.02416 -1.93244
-0.284 -1.76362 -2.02043
-0.282 -2.4492 -2.07774
-0.28 -3.06607 -2.10351
-0.278 -3.60173 -2.09789
-0.276 -4.04644 -2.06202
-0.274 -4.39363 -1.99805
-0.272 -4.64019 -1.90908
-0.27 -4.78662 -1.79905
-0.268 -4.83707 -1.67263
-0.266 -4.79925 -1.53506
-0.264 -4.68421 -1.39195
-0.262 -4.50596 -1.24912
-0.26 -4.28099 -1.11232
-0.258 -4.02768 -0.987052
-0.256 -3.76561 -0.878346
-0.254 -3.51484 -0.790554
-0.252 -3.29511 -0.72717
-0.25 -3.12504 -0.690676
-0.248 -3.02141 -0.682425
-0.246 -2.99841 -0.702559
-0.244 -3.06701 -0.749972
-0.242 -3.23445 -0.822313
-0.24 -3.50383 -0.916032
-0.238 -3.8738 -1.02647
-0.236 -4.33852 -1.14799
-0.234 -4.8876 -1.27414
-0.232 -5.5064 -1.39786
-0.23 -6.17632 -1.51172
-0.228 -6.87534 -1.60816
-0.226 -7.57865 -1.67977
-0.224 -8.25941 -1.71957
-0.222 -8.88957 -1.72127
-0.22 -9.44077 -1.67953
-0.218 -9.88533 -1.59018
-0.216 -10.1971 -1.45045
-0.214 -10.3526 -1.25909
-0.212 -10.3314 -1.01649
-0.21 -10.1175 -0.724744
-0.208 -9.69971 -0.387622
-0.206 -9.07196 -0.0105219
-0.204 -8.23403 0.399662
-0.202 -7.19153 0.834717
-0.2 -5.95596 1.28534
-0.198 -4.54448 1.7414
-0.196 -2.97954 2.19229
-0.194 -1.28828 2.62719
-0.192 0.498238 3.03549
-0.19 2.34596 3.4071
-0.188 4.21884 3.73278
-0.186 6.07994 4.00451
-0.184 7.89256 4.2157
-0.182 9.62136 4.36149
-0.18 11.2334 4.4389
-0.178 12.699 4.44692
-0.176 13.9928 4.3866
-0.174 15.0942 4.261
-0.172 15.9881 4.07512
-0.17 16.6649 3.83569
-0.168 17.1211 3.55098
-0.166 17.3586 3.23053
-0.164 17.3849 2.88479
-0.162 17.2127 2.52476
-0.16 16.8589 2.16162
-0.158 16.344 1.80632
-0.156 15.6914 1.46918
-0.154 14.9263 1.15954
-0.152 14.0748 0.885364
-0.15 13.163 0.652985
-0.148 12.2158 0.466844
-0.146 11.2562 0.32932
-0.144 10.3044 0.240628
-0.142 9.37736 0.198801
-0.14 8.48786 0.199755
-0.138 7.64444 0.237434
-0.136 6.85111 0.304032
-0.134 6.10737 0.390296
-0.132 5.40845 0.485887
-0.13 4.74565 0.579788
-0.128 4.10696 0.660762
-0.126 3.47776 0.717815
-0.124 2.84168 0.74067
-0.122 2.18155 0.720216
-0.12 1.48037 0.648933
-0.118 0.722306 0.52125
-0.116 -0.106314 0.333844
-0.114 -1.01614 0.0858556
-0.112 -2.01404 -0.22099
-0.11 -3.10243 -0.582352
-0.108 -4.27892 -0.991353
-0.106 -5.53603 -1.43875
-0.104 -6.86124 -1.91321
-0.102 -8.23713 -2.40166
-0.1 -9.64191 -2.88973
-0.098 -11.0499 -3.36224
-0.096 -12.4326 -3.80375
-0.094 -13.7592 -4.19913
-0.092 -14.998 -4.53413
-0.09 -16.1175 -4.79591
-0.088 -17.0871 -4.97362
-0.086 -17.8788 -5.05878
-0.084 -18.4679 -5.04574
-0.082 -18.8337 -4.93194
-0.08 -18.9606 -4.71811
-0.078 -18.8383 -4.40832
-0.076 -18.4624 -4.00998
-0.074 -17.8339 -3.53363
-0.072 -16.9599 -2.99267
-0.07 -15.8523 -2.40294
-0.068 -14.528 -1.78227
-0.066 -13.0077 -1.14981
-0.064 -11.3155 -0.525479
-0.062 -9.47801 0.0707955
-0.06 -7.52348 0.619742
-0.058 -5.4811 1.10345
-0.056 -3.38037 1.50602
-0.054 -1.25052 1.81418
-0.052 0.879918 2.01777
-0.05 2.98342 2.11019
-0.048 5.0337 2.08871
-0.046 7.00588 1.9546
-0.044 8.87657 1.71322
-0.042 10.624 1.37387
-0.04 12.2282 0.94955
-0.038 13.6709 0.456609
-0.036 14.9359 -0.0858085
-0.034 16.009 -0.656369
-0.032 16.8782 -1.23227
-0.03 17.5336 -1.79004
-0.028 17.968 -2.30637
-0.026 18.176 -2.75898
-0.024 18.1551 -3.12746
-0.022 17.9049 -3.39409
-0.02 17.4279 -3.54452
-0.018 16.7294 -3.56843
-0.016 15.8181 -3.46002
-0.014 14.7057 -3.21827
-0.012 13.4075 -2.84713
-0.01 11.9417 -2.35547
-0.008 10.3291 -1.7568
-0.006 8.59218 -1.06884
-0.004 6.75445 -0.312898
-0.002 4.83978 0.486918
0 2.87223 1.30461
0.002 0.876067 2.11329
0.004 -1.12387 2.88625
0.006 -3.10194 3.598
0.008 -5.03161 4.22525
0.01 -6.88573 4.74779
0.012 -8.63716 5.14929
0.014 -10.2596 5.41783
0.016 -11.7285 5.54638
0.018 -13.0216 5.53296
0.02 -14.1194 5.38067
0.022 -15.0053 5.09746
0.024 -15.6658 4.69582
0.026 -16.0901 4.19222
0.028 -16.2706 3.6064
0.03 -16.2023 2.96068
0.032 -15.8837 2.27907
0.034 -15.3164 1.58637
0.036 -14.5054 0.907341
0.038 -13.4595 0.265833
0.04 -12.1911 -0.316033
0.042 -10.716 -0.818571
0.044 -9.05344 -1.22514
0.046 -7.22589 -1.52267
0.048 -5.25856 -1.70199
0.05 -3.17919 -1.75811
0.052 -1.01775 -1.69026
0.054 1.19392 -1.50187
0.056 3.42248 -1.20036
0.058 5.63353 -0.796793
0.06 7.79209 -0.305484
0.062 9.86321 0.256594
0.064 11.8126 0.870418
0.066 13.6076 1.5156
0.068 15.2177 2.1711
0.07 16.6156 2.81596
0.072 17.7778 3.43002
0.074 18.6859 3.99456
0.076 19.3266 4.49293
0.078 19.6929 4.91102
0.08 19.7837 5.23772
0.082 19.6046 5.46517
0.084 19.1676 5.58896
0.086 18.4903 5.60816
0.088 17.596 5.52521
0.09 16.5123 5.34579
0.092 15.2704 5.07842
0.094 13.9039 4.73414
0.096 12.4477 4.32596
0.098 10.9364 3.8684
0.1 9.40367 3.37685
0.102 7.88044 2.86702
0.104 6.39439 2.35435
0.106 4.96893 1.85347
0.108 3.62259 1.37771
0.11 2.3686 0.938621
0.112 1.21478 0.545676
0.114 0.163536 0.205974
0.116 -0.787819 -0.0759212
0.118 -1.6466 -0.298042
0.12 -2.42408 -0.460992
0.122 -3.13468 -0.567815
0.124 -3.79508 -0.623777
0.126 -4.42319 -0.636078
0.128 -5.03715 -0.613488
0.13 -5.65431 -0.565942
0.132 -6.29027 -0.504095
0.134 -6.95803 -0.438869
0.136 -7.66718 -0.380992
0.138 -8.42333 -0.340563
0.14 -9.2277 -0.326641
0.142 -10.0768 -0.346892
0.144 -10.9625 -0.407288
0.146 -11.8721 -0.511876
0.148 -12.7888 -0.662632
0.15 -13.6919 -0.859382
0.152 -14.5583 -1.09982
0.154 -15.3624 -1.3796
0.156 -16.0779 -1.69249
0.158 -16.6783 -2.03063
0.16 -17.138 -2.38483
0.162 -17.4338 -2.74488
0.164 -17.5453 -3.09998
0.166 -17.4559 -3.4391
0.168 -17.1539 -3.75144
0.17 -16.6327 -4.02676
0.172 -15.8913 -4.25581
0.174 -14.9346 -4.43064
0.176 -13.7733 -4.54486
0.178 -12.424 -4.59393
0.18 -10.9084 -4.57521
0.182 -9.25316 -4.48815
0.184 -7.48883 -4.3342
0.186 -5.6493 -4.11682
0.188 -3.77069 -3.84129
0.19 -1.89028 -3.51453
0.192 -0.0454281 -3.14486
0.194 1.72754 -2.7417
0.196 3.39446 -2.31522
0.198 4.92429 -1.87602
0.2 6.29006 -1.43478
0.202 7.46963 -1.00187
0.204 8.44627 -0.587092
0.206 9.20913 -0.199298
0.208 9.75347 0.153815
0.21 10.0806 0.465944
0.212 10.198 0.732335
0.214 10.1183 0.949885
0.216 9.85971 1.11719
0.218 9.44432 1.23452
0.22 8.8979 1.30373
0.222 8.2487 1.32818
0.224 7.52654 1.31249
0.226 6.76171 1.26236
0.228 5.98401 1.18434
0.23 5.22178 1.08552
0.232 4.50096 0.973328
0.234 3.84437 0.855173
0.236 3.27102 0.738251
0.238 2.79557 0.629269
0.24 2.42806 0.534235
0.242 2.17363 0.458267
0.244 2.03257 0.405444
0.246 2.00045 0.378692
0.248 2.06842 0.379717
0.25 2.22371 0.408981
0.252 2.45019 0.465723
0.254 2.72908 0.548024
0.256 3.03975 0.652906
0.258 3.36055 0.776477
0.26 3.66964 0.914099
0.262 3.94591 1.06058
0.264 4.16968 1.21038
0.266 4.32352 1.35783
0.268 4.3928 1.49735
0.27 4.36622 1.62362
0.272 4.23616 1.73179
0.274 3.9989 1.81765
0.276 3.65466 1.87773
0.278 3.20755 1.90944
0.28 2.66531 1.91109
0.282 2.03899 1.88197
0.284 1.34252 1.82232
0.286 0.592111 1.7333
0.288 -0.194279 1.61695
0.29 -0.997648 1.47604
0.292 -1.7986 1.31403
0.294 -2.57799 1.13487
0.296 -3.31762 0.942889
0.298 -4.00075 0.742627
0.3 -4.61266 0.538679
0.302 -5.14108 0.335545
0.304 -5.5765 0.137481
0.306 -5.91243 -0.0516266
0.308 -6.1455 -0.228374
0.31 -6.27549 -0.389933
0.312 -6.30522 -0.534113
0.314 -6.24036 -0.659401
0.316 -6.08916 -0.764979
0.318 -5.86204 -0.850707
0.32 -5.57121 -0.917092
0.322 -5.23013 -0.965224
0.324 -4.85305 -0.996711
0.326 -4.45446 -1.01358
0.328 -4.04856 -1.01818
0.33 -3.64887 -1.01308
0.332 -3.2677 -1.00095
0.334 -2.91588 -0.98446
0.336 -2.60239 -0.966189
0.338 -2.33417 -0.948508
0.34 -2.11594 -0.933512
0.342 -1.95019 -0.922953
0.344 -1.83713 -0.918188
0.346 -1.77484 -0.920148
0.348 -1.75945 -0.929318
0.35 -1.78535 -0.945741
0.352 -1.84552 -0.969038
0.354 -1.9319 -0.998442
0.356 -2.03574 -1.03285
0.358 -2.14801 -1.07087
0.36 -2.25977 -1.11092
0.362 -2.36254 -1.15128
0.364 -2.44864 -1.19018
0.366 -2.51141 -1.22587
0.368 -2.5455 -1.25672
0.37 -2.54699 -1.28126
0.372 -2.51349 -1.29825
0.374 -2.44422 -1.30674
0.376 -2.33993 -1.30607
0.378 -2.20287 -1.29593
0.38 -2.03662 -1.27636
0.382 -1.84591 -1.24771
0.384 -1.63638 -1.21064
0.386 -1.41435 -1.16609
0.388 -1.18649 -1.11523
0.39 -0.959541 -1.05939
0.392 -0.740001 -1.00002
0.394 -0.533861 -0.938624
0.396 -0.346342 -0.876675
0.398 -0.181685 -0.815581
0.4 -0.042985 -0.756608
0.402 0.0679117 -0.700841
0.404 0.150462 -0.649136
0.406 0.205414 -0.602093
0.408 0.234739 -0.560036
0.41 0.241519 -0.52301
0.412 0.229782 -0.490782
0.414 0.204315 -0.462863
0.416 0.170447 -0.438537
0.418 0.133826 -0.4169
0.42 0.10019 -0.396902
0.422 0.0751413 -0.377402
0.424 0.0639329 -0.357219
0.426 0.0712681 -0.335188
0.428 0.101125 -0.310209
0.43 0.156608 -0.281299
0.432 0.239837 -0.247637
0.434 0.351863 -0.208597
0.436 0.492637 -0.163777
0.438 0.660999 -0.113021
0.44 0.854717 -0.056425
0.442 1.07056 0.00565926
0.444 1.30439 0.0726373
0.446 1.5513 0.143689
0.448 1.80581 0.217798
0.45 2.06201 0.293783
0.452 2.31379 0.370341
0.454 2.55507 0.446086
0.456 2.77998 0.519594
0.458 2.98307 0.589448
0.46 3.15951 0.654276
0.462 3.30518 0.712795
0.464 3.41684 0.763844
0.466 3.49217 0.806425
0.468 3.52978 0.839728
0.47 3.52923 0.86316
0.472 3.49102 0.876365
0.474 3.41643 0.879236
0.476 3.30753 0.871922
0.478 3.16702 0.854824
0.48 2.99814 0.828585
0.482 2.80455 0.794071
0.484 2.59018 0.752336
0.486 2.35917 0.704595
0.488 2.11567 0.652175
0.49 1.86378 0.596475
0.492 1.60737 0.538915
0.494 1.35004 0.480893
0.496 1.09495 0.423731
0.498 0.844788 0.36864
0.4 0.161124 0.149363
0.8 0.162514 0.150157
1.2 0.164812 0.151465
1.6 0.167986 0.153264
2 0.171994 0.155523
2.4 0.176784 0.158203
2.8 0.182293 0.161257
3.2 0.188451 0.164632
3.6 0.195176 0.168272
4 0.202385 0.172114
4.4 0.209986 0.176094
4.8 0.217885 0.180146
5.2 0.225984 0.184203
5.6 0.234187 0.188199
6 0.242398 0.19207
6.4 0.25052 0.195755
6.8 0.258464 0.199199
7.2 0.266143 0.202349
7.6 0.273478 0.205159
8 0.280394 0.20759
8.4 0.286828 0.209611
8.8 0.292723 0.211195
9.2 0.298031 0.212326
9.6 0.302715 0.212992
10 0.306748 0.213193
10.4 0.310113 0.212931
10.8 0.312802 0.212218
11.2 0.314816 0.211071
11.6 0.316167 0.209513
12 0.316875 0.20757
12.4 0.316968 0.205274
12.8 0.316479 0.202658
13.2 0.315451 0.199759
13.6 0.313929 0.196614
14 0.311964 0.193261
14.4 0.309609 0.189737
14.8 0.306919 0.186078
15.2 0.303951 0.182318
15.6 0.300763 0.17849
16 0.297409 0.174622
16.4 0.293944 0.17074
16.8 0.290419 0.166865
17.2 0.286884 0.163017
17.6 0.283381 0.15921
18 0.279952 0.155453
18.4 0.276631 0.151756
18.8 0.273449 0.148121
19.2 0.270431 0.14455
19.6 0.267597 0.141042
20 0.264962 0.137592
20.4 0.262537 0.134196
20.8 0.260326 0.130848
21.2 0.258331 0.127541
21.6 0.256548 0.124267
22 0.254972 0.121022
22.4 0.253593 0.1178
22.8 0.252398 0.114595
23.2 0.251373 0.111406
23.6 0.250504 0.108232
24 0.249773 0.105074
24.4 0.249163 0.101936
24.8 0.248657 0.0988217
25.2 0.248238 0.0957397
25.6 0.247888 0.0926992
26 0.247591 0.0897112
26.4 0.247333 0.0867884
26.8 0.2471 0.0839443
27.2 0.246877 0.0811936
27.6 0.246655 0.0785512
28 0.246421 0.076032
28.4 0.246166 0.0736508
28.8 0.24588 0.0714213
29.2 0.245556 0.0693564
29.6 0.245186 0.0674672
30 0.244761 0.0657633
30.4 0.244274 0.0642519
30.8 0.243717 0.0629382
31.2 0.243081 0.0618248
31.6 0.242358 0.0609118
32 0.241537 0.0601967
32.4 0.240608 0.0596746
32.8 0.239559 0.0593378
33.2 0.238378 0.0591766
33.6 0.23705 0.0591789
34 0.235563 0.0593309
34.4 0.2339 0.059617
34.8 0.232046 0.0600203
35.2 0.229985 0.0605231
35.6 0.227703 0.0611067
36 0.225183 0.0617524
36.4 0.222411 0.0624413
36.8 0.219375 0.063155
37.2 0.216062 0.0638758
37.6 0.212464 0.0645868
38 0.208573 0.0652726
38.4 0.204384 0.0659189
38.8 0.199897 0.0665133
39.2 0.195114 0.0670452
39.6 0.190041 0.0675057
40 0.184689 0.0678879
40.4 0.179072 0.068187
40.8 0.173208 0.0684
41.2 0.16712 0.0685258
41.6 0.160836 0.0685653
42 0.154386 0.0685208
42.4 0.147807 0.0683963
42.8 0.141135 0.0681973
43.2 0.134414 0.0679304
43.6 0.127686 0.0676032
44 0.121001 0.0672242
44.4 0.114405 0.0668026
44.8 0.107948 0.0663482
45.2 0.10168 0.065871
45.6 0.0956506 0.0653809
46 0.0899093 0.0648883
46.4 0.084503 0.0644031
46.8 0.0794768 0.0639348
47.2 0.0748731 0.063493
47.6 0.0707307 0.0630863
48 0.0670845 0.0627229
48.4 0.0639648 0.0624104
48.8 0.0613974 0.0621556
49.2 0.0594024 0.0619645
49.6 0.0579947 0.0618425
50 0.0571835 0.0617938
50.4 0.0569719 0.061822
50.8 0.0573577 0.0619297
51.2 0.0583325 0.0621186
51.6 0.0598826 0.0623894
52 0.0619889 0.062742
52.4 0.0646274 0.0631752
52.8 0.0677692 0.0636871
53.2 0.0713815 0.0642745
53.6 0.0754276 0.0649336
54 0.0798679 0.0656595
54.4 0.0846601 0.0664464
54.8 0.0897598 0.0672879
55.2 0.0951214 0.0681763
55.6 0.100698 0.0691036
56 0.106444 0.0700607
56.4 0.112313 0.0710383
56.8 0.118258 0.0720262
57.2 0.124237 0.073014
57.6 0.130207 0.0739907
58 0.136128 0.0749454
58.4 0.141963 0.0758669
58.8 0.147678 0.0767442
59.2 0.153241 0.0775665
59.6 0.158624 0.0783234
60 0.163801 0.079005
60.4 0.168753 0.0796019
60.8 0.173459 0.0801058
61.2 0.177906 0.0805093
61.6 0.182081 0.0808057
62 0.185975 0.08099
62.4 0.189582 0.0810581
62.8 0.192898 0.0810073
63.2 0.19592 0.0808363
63.6 0.198649 0.0805452
64 0.201087 0.0801352
64.4 0.203237 0.0796093
64.8 0.205102 0.0789714
65.2 0.206688 0.0782266
65.6 0.208001 0.0773812
66 0.209046 0.0764423
66.4 0.20983 0.0754178
66.8 0.210358 0.0743164
67.2 0.210638 0.0731469
67.6 0.210674 0.0719185
68 0.210474 0.0706406
68.4 0.210043 0.0693221
68.8 0.209386 0.0679719
69.2 0.208509 0.0665983
69.6 0.207417 0.065209
70 0.206117 0.0638108
70.4 0.204613 0.0624098
70.8 0.202911 0.0610109
71.2 0.201017 0.0596181
71.6 0.198939 0.0582343
72 0.196684 0.0568614
72.4 0.19426 0.0555002
72.8 0.191676 0.0541504
73.2 0.188942 0.0528111
73.6 0.186068 0.0514803
74 0.183067 0.0501556
74.4 0.179952 0.0488339
74.8 0.176737 0.0475119
75.2 0.173437 0.0461861
75.6 0.170067 0.0448531
76 0.166645 0.0435096
76.4 0.163188 0.0421527
76.8 0.159714 0.04078
77.2 0.156241 0.03939
77.6 0.152789 0.0379819
78 0.149377 0.0365558
78.4 0.146021 0.0351128
78.8 0.142742 0.0336553
79.2 0.139556 0.0321865
79.6 0.136481 0.0307109
80 0.133531 0.0292339
80.4 0.130722 0.0277622
80.8 0.128066 0.026303
81.2 0.125575 0.0248646
81.6 0.123257 0.0234556
82 0.121122 0.0220853
82.4 0.119173 0.0207631
82.8 0.117415 0.0194986
83.2 0.115849 0.0183011
83.6 0.114473 0.0171796
84 0.113284 0.0161426
84.4 0.112276 0.0151976
84.8 0.111441 0.0143515
85.2 0.11077 0.0136097
85.6 0.11025 0.0129766
86 0.109868 0.0124551
86.4 0.109607 0.0120466
86.8 0.109451 0.011751
87.2 0.109381 0.0115663
87.6 0.109378 0.0114895
88 0.10942 0.0115154
88.4 0.109488 0.0116377
88.8 0.109559 0.0118486
89.2 0.109612 0.012139
89.6 0.109625 0.0124986
90 0.109578 0.0129162
90.4 0.10945 0.0133799
90.8 0.109221 0.0138771
91.2 0.108874 0.014395
91.6 0.108392 0.0149205
92 0.107758 0.0154407
92.4 0.106961 0.015943
92.8 0.105987 0.0164155
93.2 0.104829 0.0168466
93.6 0.103479 0.017226
94 0.101932 0.0175443
94.4 0.100185 0.0177933
94.8 0.098239 0.0179663
95.2 0.0960959 0.0180577
95.6 0.0937606 0.0180637
96 0.0912402 0.0179818
96.4 0.0885439 0.0178111
96.8 0.0856831 0.017552
97.2 0.0826713 0.0172066
97.6 0.0795236 0.0167781
98 0.0762565 0.0162712
98.4 0.0728883 0.0156915
98.8 0.069438 0.0150457
99.2 0.0659258 0.0143414
99.6 0.0623721 0.0135868
100 0.0587981 0.0127906
100.4 0.0552247 0.011962
100.8 0.0516728 0.0111102
101.2 0.0481627 0.0102445
101.6 0.0447141 0.00937416
102 0.0413456 0.00850797
102.4 0.0380748 0.00765439
102.8 0.0349178 0.00682134
103.2 0.0318891 0.00601606
103.6 0.0290016 0.00524507
104 0.0262662 0.00451406
104.4 0.0236922 0.0038279
104.8 0.0212864 0.00319052
105.2 0.0190541 0.00260497
105.6 0.0169982 0.00207341
106 0.0151198 0.0015971
106.4 0.0134179 0.00117646
106.8 0.0118899 0.000811118
107.2 0.0105312 0.00049997
107.6 0.0093359 0.000241246
108 0.00829634 3.25945e-05
108.4 0.00740382 -0.000128839
108.8 0.00664848 -0.000246319
109.2 0.0060196 -0.000323438
109.6 0.00550577 -0.000364023
110 0.0050951 -0.000372051
110.4 0.00477543 -0.000351571
110.8 0.00453453 -0.000306623
111.2 0.00436025 -0.000241175
111.6 0.00424074 -0.000159056
112 0.00416459 -6.39048e-05
112.4 0.00412096 4.08715e-05
112.8 0.00409971 0.000152136
113.2 0.00409155 0.000267046
113.6 0.00408804 0.00038307
114 0.00408171 0.000497998
114.4 0.00406609 0.000609938
114.8 0.00403572 0.000717315
115.2 0.00398614 0.000818854
115.6 0.00391389 0.000913564
116 0.00381648 0.00100071
116.4 0.00369231 0.00107981
116.8 0.00354062 0.00115055
117.2 0.00336143 0.00121284
117.6 0.00315542 0.0012667
118 0.00292391 0.0013123
118.4 0.00266868 0.00134987
118.8 0.00239195 0.00137972
119.2 0.00209628 0.0014022
119.6 0.00178444 0.00141767
120 0.00145937 0.00142651
120.4 0.00112409 0.00142907
120.8 0.000781642 0.00142568
121.2 0.000435016 0.00141665
121.6 8.71079e-05 0.00140225
122 -0.000259323 0.00138272
122.4 -0.000601684 0.00135825
122.8 -0.000937576 0.00132902
123.2 -0.0012648 0.00129518
123.6 -0.00158139 0.00125687
124 -0.00188557 0.00121422
124.4 -0.0021758 0.00116734
124.8 -0.00245072 0.00111638
125.2 -0.00270918 0.00106151
125.6 -0.0029502 0.0010029
126 -0.00317296 0.000940768
126.4 -0.00337679 0.000875377
126.8 -0.00356115 0.000807023
127.2 -0.00372563 0.00073605
127.6 -0.00386991 0.000662843
128 -0.0039938 0.000587834
128.4 -0.00409719 0.000511492
128.8 -0.00418006 0.000434323
129.2 -0.00424251 0.000356859
129.6 -0.0042847 0.000279657
130 -0.00430694 0.000203282
130.4 -0.0043096 0.000128307
130.8 -0.00429319 5.52969e-05
131.2 -0.00425836 -1.51982e-05
131.6 -0.00420586 -8.26538e-05
132 -0.00413657 -0.000146579
132.4 -0.00405154 -0.000206526
132.8 -0.00395194 -0.000262096
133.2 -0.00383906 -0.000312947
133.6 -0.00371436 -0.000358799
134 -0.0035794 -0.000399435
134.4 -0.00343584 -0.000434707
134.8 -0.00328546 -0.000464535
135.2 -0.00313011 -0.000488905
135.6 -0.00297167 -0.000507868
136 -0.00281208 -0.000521538
136.4 -0.00265325 -0.000530085
136.8 -0.00249709 -0.000533729
137.2 -0.00234543 -0.000532738
137.6 -0.00220003 -0.000527414
138 -0.00206251 -0.000518092
138.4 -0.00193437 -0.000505129
138.8 -0.00181693 -0.000488894
139.2 -0.00171131 -0.000469767
139.6 -0.00161843 -0.000448124
140 -0.00153899 -0.000424337
140.4 -0.00147345 -0.000398763
140.8 -0.00142203 -0.000371743
141.2 -0.00138471 -0.000343593
141.6 -0.00136125 -0.000314606
142 -0.00135118 -0.000285046
142.4 -0.00135382 -0.000255147
142.8 -0.00136831 -0.000225114
143.2 -0.00139363 -0.000195122
143.6 -0.00142859 -0.000165317
144 -0.00147194 -0.000135821
144.4 -0.0015223 -0.00010673
144.8 -0.00157829 -7.81198e-05
145.2 -0.00163847 -5.00492e-05
145.6 -0.00170144 -2.25624e-05
146 -0.00176582 4.30701e-06
146.4 -0.00183034 3.05323e-05
146.8 -0.00189377 5.60909e-05
147.2 -0.00195502 8.09611e-05
147.6 -0.00201315 0.00010512
148 -0.00206733 0.00012854
148.4 -0.0021169 0.000151189
148.8 -0.00216135 0.000173029
149.2 -0.00220033 0.000194016
149.6 -0.00223364 0.000214096
150 -0.00226122 0.000233213
150.4 -0.00228317 0.000251304
150.8 -0.00229966 0.000268302
151.2 -0.00231102 0.00028414
151.6 -0.00231762 0.000298749
152 -0.00231992 0.000312064
152.4 -0.0023184 0.000324025
152.8 -0.0023136 0.000334578
153.2 -0.00230604 0.000343678
153.6 -0.00229622 0.000351293
154 -0.00228464 0.000357401
154.4 -0.00227172 0.000361996
154.8 -0.00225785 0.000365088
155.2 -0.00224334 0.000366699
155.6 -0.00222843 0.00036687
156 -0.00221328 0.000365658
156.4 -0.00219797 0.000363132
156.8 -0.00218251 0.000359377
157.2 -0.00216682 0.000354489
157.6 -0.00215078 0.000348575
158 -0.0021342 0.000341749
158.4 -0.00211682 0.000334132
158.8 -0.00209839 0.000325848
159.2 -0.00207859 0.000317021
159.6 -0.00205712 0.000307773
160 -0.00203367 0.000298224
160.4 -0.00200795 0.000288485
160.8 -0.00197967 0.000278658
161.2 -0.00194863 0.000268837
161.6 -0.00191462 0.0002591
162 -0.00187751 0.000249514
162.4 -0.00183723 0.000240131
162.8 -0.00179377 0.000230988
163.2 -0.00174718 0.000222107
163.6 -0.00169759 0.000213494
164 -0.00164518 0.000205144
164.4 -0.0015902 0.000197036
164.8 -0.00153295 0.000189138
165.2 -0.00147379 0.000181407
165.6 -0.00141313 0.000173794
166 -0.00135138 0.000166239
166.4 -0.00128903 0.000158681
166.8 -0.00122653 0.000151056
167.2 -0.0011644 0.000143298
167.6 -0.0011031 0.000135342
168 -0.00104313 0.00012713
168.4 -0.000984939 0.000118606
168.8 -0.000928964 0.000109722
169.2 -0.000875608 0.000100438
169.6 -0.000825238 9.07249e-05
170 -0.000778174 8.05623e-05
170.4 -0.000734692 6.99418e-05
170.8 -0.000695018 5.88663e-05
171.2 -0.000659325 4.73504e-05
171.6 -0.000627736 3.54201e-05
172 -0.000600322 2.31127e-05
172.4 -0.000577101 1.04759e-05
172.8 -0.000558047 -2.43283e-06
173.2 -0.000543084 -1.55471e-05
173.6 -0.000532095 -2.87931e-05
174 -0.000524924 -4.20904e-05
174.4 -0.00052138 -5.53536e-05
174.8 -0.000521243 -6.84935e-05
175.2 -0.000524264 -8.14188e-05
175.6 -0.000530176 -9.40372e-05
176 -0.000538694 -0.000106257
176.4 -0.000549522 -0.000117989
176.8 -0.000562355 -0.000129145
177.2 -0.000576886 -0.000139645
177.6 -0.00059281 -0.000149411
178 -0.000609826 -0.000158374
178.4 -0.000627641 -0.000166471
178.8 -0.000645976 -0.000173648
179.2 -0.000664564 -0.00017986
179.6 -0.000683158 -0.00018507
180 -0.000701529 -0.000189252
180.4 -0.000719471 -0.000192391
180.8 -0.000736802 -0.000194479
181.2 -0.000753361 -0.000195522
181.6 -0.000769017 -0.000195532
182 -0.000783661 -0.000194533
182.4 -0.00079721 -0.000192558
182.8 -0.000809608 -0.000189649
183.2 -0.000820821 -0.000185855
183.6 -0.00083084 -0.000181234
184 -0.000839676 -0.000175849
184.4 -0.000847358 -0.000169772
184.8 -0.000853934 -0.000163076
185.2 -0.000859466 -0.000155841
185.6 -0.000864024 -0.000148149
186 -0.000867689 -0.000140085
186.4 -0.000870545 -0.000131733
186.8 -0.000872679 -0.00012318
187.2 -0.000874173 -0.00011451
187.6 -0.000875104 -0.000105804
188 -0.000875541 -9.71432e-05
188.4 -0.000875541 -8.8602e-05
188.8 -0.000875147 -8.02516e-05
189.2 -0.000874383 -7.21572e-05
189.6 -0.000873256 -6.4378e-05
190 -0.000871754 -5.69665e-05
190.4 -0.000869845 -4.9968e-05
190.8 -0.000867473 -4.34204e-05
191.2 -0.000864567 -3.73538e-05
191.6 -0.000861034 -3.17903e-05
192 -0.000856765 -2.67447e-05
192.4 -0.000851637 -2.22237e-05
192.8 -0.000845517 -1.82269e-05
193.2 -0.00083826 -1.47468e-05
193.6 -0.000829721 -1.17696e-05
194 -0.000819752 -9.27541e-06
194.4 -0.000808211 -7.23908e-06
194.8 -0.000794964 -5.63096e-06
195.2 -0.000779888 -4.41757e-06
195.6 -0.00076288 -3.56243e-06
196 -0.000743856 -3.02682e-06
196.4 -0.000722756 -2.77058e-06
196.8 -0.000699548 -2.75295e-06
197.2 -0.00067423 -2.93322e-06
197.6 -0.000646831 -3.2715e-06
198 -0.000617413 -3.72932e-06
198.4 -0.000586069 -4.27018e-06
198.8 -0.000552927 -4.86011e-06
199.2 -0.000518144 -5.46798e-06
199.6 -0.000481908 -6.06589e-06
200 -0.000444433 -6.62938e-06
200.4 -0.000405954 -7.13757e-06
200.8 -0.000366728 -7.57319e-06
201.2 -0.000327027 -7.92265e-06
201.6 -0.000287132 -8.17586e-06
202 -0.000247329 -8.32612e-06
202.4 -0.000207907 -8.36992e-06
202.8 -0.000169148 -8.30669e-06
203.2 -0.000131325 -8.1385e-06
203.6 -9.46976e-05 -7.86978e-06
204 -5.9506e-05 -7.50698e-06
204.4 -2.59686e-05 -7.05827e-06
204.8 5.72213e-06 -6.53323e-06
205.2 3.54021e-05 -5.94252e-06
205.6 6.29376e-05 -5.29762e-06
206 8.82268e-05 -4.61056e-06
206.4 0.0001112 -3.8937e-06
206.8 0.000131822 -3.1595e-06
207.2 0.000150085 -2.4204e-06
207.6 0.000166017 -1.68858e-06
208 0.000179671 -9.75953e-07
208.4 0.000191126 -2.93981e-07
208.8 0.000200486 3.46357e-07
209.2 0.000207875 9.34634e-07
209.6 0.000213431 1.46102e-06
210 0.000217307 1.91633e-06
210.4 0.000219666 2.29203e-06
210.8 0.000220673 2.58032e-06
211.2 0.000220497 2.77411e-06
211.6 0.000219308 2.86712e-06
212 0.000217266 2.85388e-06
212.4 0.000214529 2.72983e-06
212.8 0.000211242 2.49133e-06
213.2 0.00020754 2.13577e-06
213.6 0.000203544 1.66161e-06
214 0.00019936 1.06847e-06
214.4 0.000195082 3.57173e-07
214.8 0.000190786 -4.70161e-07
215.2 0.000186533 -1.41009e-06
215.6 0.000182371 -2.45782e-06
216 0.000178333 -3.60714e-06
216.4 0.00017444 -4.85049e-06
216.8 0.000170701 -6.17893e-06
217.2 0.000167116 -7.58221e-06
217.6 0.000163675 -9.04884e-06
218 0.000160363 -1.05662e-05
218.4 0.000157159 -1.21207e-05
218.8 0.000154037 -1.36979e-05
219.2 0.000150972 -1.52826e-05
219.6 0.000147934 -1.68591e-05
220 0.000144898 -1.84117e-05
220.4 0.000141836 -1.99243e-05
220.8 0.000138726 -2.13812e-05
221.2 0.000135546 -2.2767e-05
221.6 0.000132281 -2.40669e-05
222 0.000128918 -2.52672e-05
222.4 0.000125447 -2.63549e-05
222.8 0.000121865 -2.73185e-05
223.2 0.000118172 -2.81476e-05
223.6 0.00011437 -2.88336e-05
224 0.000110469 -2.93693e-05
224.4 0.000106478 -2.97493e-05
224.8 0.000102413 -2.997e-05
225.2 9.82891e-05 -3.00294e-05
225.6 9.41264e-05 -2.99275e-05
226 8.99451e-05 -2.96656e-05
226.4 8.57674e-05 -2.92471e-05
226.8 8.16163e-05 -2.86766e-05
227.2 7.75152e-05 -2.79604e-05
227.6 7.34881e-05 -2.71059e-05
228 6.95584e-05 -2.61219e-05
228.4 6.57492e-05 -2.50182e-05
228.8 6.20831e-05 -2.38055e-05
229.2 5.85814e-05 -2.24953e-05
229.6 5.52642e-05 -2.10996e-05
230 5.21502e-05 -1.96313e-05
230.4 4.92564e-05 -1.81032e-05
230.8 4.65976e-05 -1.65285e-05
231.2 4.41868e-05 -1.49208e-05
231.6 4.20345e-05 -1.32934e-05
232 4.01488e-05 -1.16597e-05
232.4 3.85348e-05 -1.00327e-05
232.8 3.7195e-05 -8.42547e-06
233.2 3.6129e-05 -6.85051e-06
233.6 3.53332e-05 -5.31996e-06
234 3.48008e-05 -3.84544e-06
234.4 3.4522e-05 -2.438e-06
234.8 3.44838e-05 -1.108e-06
235.2 3.46702e-05 1.34941e-07
235.6 3.50623e-05 1.28203e-06
236 3.56385e-05 2.32539e-06
236.4 3.63749e-05 3.25817e-06
236.8 3.72454e-05 4.07456e-06
237.2 3.82221e-05 4.76995e-06
237.6 3.92761e-05 5.34094e-06
238 4.03774e-05 5.78543e-06
238.4 4.14958e-05 6.10268e-06
238.8 4.26014e-05 6.29336e-06
239.2 4.36649e-05 6.35952e-06
239.6 4.46584e-05 6.30467e-06
240 4.55558e-05 6.13372e-06
240.4 4.6333e-05 5.85292e-06
240.8 4.6969e-05 5.46988e-06
241.2 4.74455e-05 4.99337e-06
241.6 4.7748e-05 4.43331e-06
242 4.78652e-05 3.80056e-06
242.4 4.779e-05 3.1068e-06
242.8 4.75189e-05 2.36432e-06
243.2 4.70524e-05 1.58587e-06
243.6 4.63947e-05 7.84386e-07
244 4.55537e-05 -2.71587e-08
244.4 4.45405e-05 -8.36021e-07
244.8 4.33694e-05 -1.62989e-06
245.2 4.20574e-05 -2.39708e-06
245.6 4.06237e-05 -3.12678e-06
246 3.90893e-05 -3.80917e-06
246.4 3.74767e-05 -4.4356e-06
246.8 3.58092e-05 -4.99875e-06
247.2 3.41108e-05 -5.49268e-06
247.6 3.24053e-05 -5.91293e-06
248 3.07161e-05 -6.25656e-06
248.4 2.90662e-05 -6.52208e-06
248.8 2.74772e-05 -6.70949e-06
249.2 2.59695e-05 -6.82018e-06
249.6 2.45619e-05 -6.8568e-06
250 2.32717e-05 -6.82315e-06
250.4 2.2114e-05 -6.72404e-06
250.8 2.11023e-05 -6.56507e-06
251.2 2.02479e-05 -6.3525e-06
251.6 1.95602e-05 -6.09301e-06
252 1.90469e-05 -5.79353e-06
252.4 1.87136e-05 -5.46101e-06
252.8 1.85641e-05 -5.10229e-06
253.2 1.86007e-05 -4.72389e-06
253.6 1.88237e-05 -4.3319e-06
254 1.9232e-05 -3.9318e-06
254.4 1.98229e-05 -3.52842e-06
254.8 2.05921e-05 -3.12584e-06
255.2 2.15338e-05 -2.72735e-06
255.6 2.26409e-05 -2.33547e-06
256 2.39043e-05 -1.95191e-06
256.4 2.53139e-05 -1.57769e-06
256.8 2.68576e-05 -1.21315e-06
257.2 2.85219e-05 -8.58069e-07
257.6 3.02917e-05 -5.11766e-07
258 3.21503e-05 -1.73216e-07
258.4 3.40794e-05 1.58825e-07
258.8 3.60593e-05 4.85695e-07
259.2 3.80688e-05 8.08704e-07
259.6 4.00856e-05 1.12902e-06
260 4.20862e-05 1.44757e-06
260.4 4.40464e-05 1.76495e-06
260.8 4.59416e-05 2.08136e-06
261.2 4.77468e-05 2.39658e-06
261.6 4.94373e-05 2.70989e-06
262 5.0989e-05 3.02016e-06
262.4 5.23789e-05 3.32577e-06
262.8 5.35855e-05 3.62475e-06
263.2 5.4589e-05 3.91478e-06
263.6 5.53722e-05 4.19327e-06
264 5.59206e-05 4.45748e-06
264.4 5.62227e-05 4.7046e-06
264.8 5.62706e-05 4.93186e-06
265.2 5.606e-05 5.13661e-06
265.6 5.55904e-05 5.31646e-06
266 5.48654e-05 5.46932e-06
266.4 5.38925e-05 5.59352e-06
266.8 5.2683e-05 5.68785e-06
267.2 5.1252e-05 5.75161e-06
267.6 4.96179e-05 5.78465e-06
268 4.78024e-05 5.78736e-06
268.4 4.58294e-05 5.76068e-06
268.8 4.37254e-05 5.70606e-06
269.2 4.15182e-05 5.62538e-06
269.6 3.92366e-05 5.52096e-06
270 3.69098e-05 5.39542e-06
270.4 3.45668e-05 5.2516e-06
270.8 3.22358e-05 5.09251e-06
271.2 2.99432e-05 4.92119e-06
271.6 2.77139e-05 4.74065e-06
272 2.557e-05 4.55375e-06
272.4 2.35311e-05 4.36316e-06
272.8 2.16132e-05 4.17124e-06
273.2 1.98294e-05 3.98004e-06
273.6 1.8189e-05 3.79121e-06
274 1.66977e-05 3.60603e-06
274.4 1.53581e-05 3.42536e-06
274.8 1.41692e-05 3.24966e-06
275.2 1.31271e-05 3.07906e-06
275.6 1.22252e-05 2.91335e-06
276 1.14545e-05 2.75206e-06
276.4 1.08041e-05 2.59453e-06
276.8 1.02618e-05 2.43999e-06
277.2 9.81452e-06 2.28761e-06
277.6 9.44854e-06 2.1366e-06
278 9.15036e-06 1.98627e-06
278.4 8.90688e-06 1.83613e-06
278.8 8.70591e-06 1.68589e-06
279.2 8.53648e-06 1.53557e-06
279.6 8.3891e-06 1.38548e-06
280 8.25598e-06 1.23627e-06
280.4 8.13114e-06 1.08892e-06
280.8 8.01046e-06 9.44735e-07
281.2 7.89166e-06 8.05275e-07
281.6 7.77416e-06 6.72353e-07
282 7.65893e-06 5.47955e-07
282.4 7.54829e-06 4.34171e-07
282.8 7.44557e-06 3.33121e-07
283.2 7.35486e-06 2.46866e-07
283.6 7.28069e-06 1.77331e-07
284 7.22765e-06 1.2622e-07
284.4 7.20011e-06 9.49399e-08
284.8 7.2019e-06 8.45333e-08
285.2 7.23605e-06 9.56219e-08
285.6 7.30456e-06 1.28364e-07
286 7.40822e-06 1.82429e-07
286.4 7.54651e-06 2.56985e-07
286.8 7.71752e-06 3.50709e-07
287.2 7.91796e-06 4.61812e-07
287.6 8.14325e-06 5.8808e-07
288 8.38759e-06 7.2693e-07
288.4 8.6442e-06 8.75487e-07
288.8 8.90548e-06 1.03066e-06
289.2 9.16329e-06 1.18922e-06
289.6 9.40921e-06 1.34794e-06
290 9.63483e-06 1.50363e-06
290.4 9.83204e-06 1.65327e-06
290.8 9.99328e-06 1.79408e-06
291.2 1.01118e-05 1.92363e-06
291.6 1.0182e-05 2.03986e-06
292 1.01992e-05 2.14119e-06
292.4 1.01605e-05 2.2265e-06
292.8 1.00641e-05 2.2952e-06
293.2 9.9098e-06 2.34721e-06
293.6 9.69874e-06 2.38295e-06
294 9.43349e-06 2.40331e-06
294.4 9.11783e-06 2.40961e-06
294.8 8.75658e-06 2.40351e-06
295.2 8.35542e-06 2.38699e-06
295.6 7.92065e-06 2.36221e-06
296 7.45892e-06 2.33147e-06
296.4 6.97701e-06 2.29709e-06
296.8 6.48156e-06 2.26133e-06
297.2 5.97883e-06 2.22632e-06
297.6 5.47448e-06 2.19396e-06
298 4.9734e-06 2.16586e-06
298.4 4.47955e-06 2.14331e-06
298.8 3.99587e-06 2.12719e-06
299.2 3.52419e-06 2.11799e-06
299.6 3.06527e-06 2.11578e-06
300 2.6188e-06 2.12022e-06
300.4 2.1835e-06 2.13058e-06
300.8 1.75725e-06 2.14579e-06
301.2 1.33721e-06 2.1645e-06
301.6 9.2007e-07 2.1851e-06
302 5.02209e-07 2.20584e-06
302.4 7.99297e-08 2.22487e-06
302.8 -3.50322e-07 2.24034e-06
303.2 -7.91749e-07 2.25047e-06
303.6 -1.247e-06 2.25365e-06
304 -1.71803e-06 2.24844e-06
304.4 -2.2059e-06 2.23371e-06
304.8 -2.71073e-06 2.20865e-06
305.2 -3.23164e-06 2.1728e-06
305.6 -3.7667e-06 2.12609e-06
306 -4.31297e-06 2.06882e-06
306.4 -4.86658e-06 2.00168e-06
306.8 -5.42283e-06 1.92573e-06
307.2 -5.97635e-06 1.84231e-06
307.6 -6.52125e-06 1.75306e-06
308 -7.05133e-06 1.65984e-06
308.4 -7.56031e-06 1.56462e-06
308.8 -8.04201e-06 1.46948e-06
309.2 -8.49057e-06 1.37647e-06
309.6 -8.90067e-06 1.28759e-06
310 -9.2677e-06 1.2047e-06
310.4 -9.58789e-06 1.12942e-06
310.8 -9.85848e-06 1.06314e-06
311.2 -1.00778e-05 1.00692e-06
311.6 -1.02451e-05 9.61502e-07
312 -1.03611e-05 9.27232e-07
312.4 -1.04272e-05 9.04101e-07
312.8 -1.0446e-05 8.91727e-07
313.2 -1.04209e-05 8.89382e-07
313.6 -1.03561e-05 8.96021e-07
314 -1.02563e-05 9.10324e-07
314.4 -1.01264e-05 9.30747e-07
314.8 -9.97163e-06 9.55584e-07
315.2 -9.79716e-06 9.83028e-07
315.6 -9.60784e-06 1.01124e-06
316 -9.40814e-06 1.0384e-06
316.4 -9.2019e-06 1.0628e-06
316.8 -8.99229e-06 1.08288e-06
317.2 -8.78161e-06 1.09728e-06
317.6 -8.57131e-06 1.1049e-06
318 -8.36196e-06 1.1049e-06
318.4 -8.15321e-06 1.09677e-06
318.8 -7.94392e-06 1.08028e-06
319.2 -7.73223e-06 1.05554e-06
319.6 -7.51565e-06 1.02294e-06
320 -7.2913e-06 9.83145e-07
320.4 -7.056e-06 9.37066e-07
320.8 -6.80653e-06 8.85804e-07
321.2 -6.53977e-06 8.30613e-07
321.6 -6.25292e-06 7.72844e-07
322 -5.94371e-06 7.13894e-07
322.4 -5.61051e-06 6.55147e-07
322.8 -5.25251e-06 5.97931e-07
323.2 -4.8698e-06 5.4346e-07
323.6 -4.4635e-06 4.92803e-07
324 -4.0357e-06 4.46843e-07
324.4 -3.58957e-06 4.06254e-07
324.8 -3.12919e-06 3.71485e-07
325.2 -2.65957e-06 3.42753e-07
325.6 -2.18647e-06 3.20046e-07
326 -1.71626e-06 3.03137e-07
326.4 -1.25572e-06 2.91604e-07
326.8 -8.11877e-07 2.84859e-07
327.2 -3.91745e-07 2.82182e-07
327.6 -2.14144e-09 2.82758e-07
328 3.50546e-07 2.85724e-07
328.4 6.60559e-07 2.90205e-07
328.8 9.22955e-07 2.95361e-07
329.2 1.13377e-06 3.00421e-07
329.6 1.29013e-06 3.04721e-07
330 1.39037e-06 3.07729e-07
330.4 1.43406e-06 3.09073e-07
330.8 1.42206e-06 3.08545e-07
331.2 1.35641e-06 3.06119e-07
331.6 1.24036e-06 3.0194e-07
332 1.07817e-06 2.96315e-07
332.4 8.7505e-07 2.89699e-07
332.8 6.36927e-07 2.82667e-07
333.2 3.70299e-07 2.75886e-07
333.6 8.20082e-08 2.70079e-07
334 -2.2096e-07 2.65989e-07
334.4 -5.31691e-07 2.64343e-07
334.8 -8.43543e-07 2.65813e-07
335.2 -1.15034e-06 2.70981e-07
335.6 -1.44651e-06 2.80312e-07
336 -1.72728e-06 2.94121e-07
336.4 -1.98873e-06 3.1256e-07
336.8 -2.22787e-06 3.35602e-07
337.2 -2.44273e-06 3.63036e-07
337.6 -2.63227e-06 3.94472e-07
338 -2.79645e-06 4.29348e-07
338.4 -2.93606e-06 4.66951e-07
338.8 -3.0527e-06 5.06438e-07
339.2 -3.1486e-06 5.4687e-07
339.6 -3.22652e-06 5.87241e-07
340 -3.28956e-06 6.26521e-07
340.4 -3.34103e-06 6.63688e-07
340.8 -3.38425e-06 6.97771e-07
341.2 -3.42242e-06 7.27885e-07
341.6 -3.45848e-06 7.53265e-07
342 -3.49495e-06 7.73294e-07
342.4 -3.53389e-06 7.87524e-07
342.8 -3.57674e-06 7.95699e-07
343.2 -3.62435e-06 7.97755e-07
343.6 -3.67691e-06 7.93828e-07
344 -3.734e-06 7.84248e-07
344.4 -3.79459e-06 7.69519e-07
344.8 -3.85716e-06 7.50303e-07
345.2 -3.91973e-06 7.27395e-07
345.6 -3.98003e-06 7.01685e-07
346 -4.03555e-06 6.74128e-07
346.4 -4.08377e-06 6.45704e-07
346.8 -4.12218e-06 6.1738e-07
347.2 -4.14849e-06 5.90072e-07
347.6 -4.16072e-06 5.64609e-07
348 -4.1573e-06 5.41703e-07
348.4 -4.13718e-06 5.2192e-07
348.8 -4.09986e-06 5.05661e-07
349.2 -4.04544e-06 4.93147e-07
349.6 -3.97465e-06 4.84413e-07
350 -3.88882e-06 4.79306e-07
350.4 -3.78984e-06 4.77497e-07
350.8 -3.68008e-06 4.78496e-07
351.2 -3.56234e-06 4.81671e-07
351.6 -3.43969e-06 4.86278e-07
352 -3.31541e-06 4.91493e-07
352.4 -3.19282e-06 4.96446e-07
352.8 -3.07514e-06 5.00258e-07
353.2 -2.96543e-06 5.02081e-07
353.6 -2.86639e-06 5.01128e-07
354 -2.78028e-06 4.96714e-07
354.4 -2.70887e-06 4.88279e-07
354.8 -2.6533e-06 4.75417e-07
355.2 -2.61409e-06 4.5789e-07
355.6 -2.5911e-06 4.35644e-07
356 -2.58352e-06 4.08811e-07
356.4 -2.58996e-06 3.77705e-07
356.8 -2.60843e-06 3.42815e-07
357.2 -2.63648e-06 3.04784e-07
357.6 -2.67131e-06 2.64392e-07
358 -2.70982e-06 2.2252e-07
358.4 -2.74882e-06 1.80125e-07
358.8 -2.78509e-06 1.38202e-07
359.2 -2.81557e-06 9.7745e-08
359.6 -2.83747e-06 5.97169e-08
360 -2.84838e-06 2.50097e-08
360.4 -2.84636e-06 -5.58583e-09
360.8 -2.83008e-06 -3.14078e-08
361.2 -2.79883e-06 -5.19467e-08
361.6 -2.75256e-06 -6.68621e-08
362 -2.69194e-06 -7.59933e-08
362.4 -2.61826e-06 -7.93626e-08
362.8 -2.53347e-06 -7.7172e-08
363.2 -2.44006e-06 -6.97934e-08
363.6 -2.34098e-06 -5.77513e-08
364 -2.23955e-06 -4.17016e-08
364.4 -2.1393e-06 -2.24041e-08
364.8 -2.04389e-06 -6.92672e-10
365.2 -1.95689e-06 2.25576e-08
365.6 -1.88175e-06 4.6464e-08
366 -1.82158e-06 7.01702e-08
366.4 -1.77905e-06 9.28771e-08
366.8 -1.75633e-06 1.13873e-07
367.2 -1.75496e-06 1.32556e-07
367.6 -1.77578e-06 1.4846e-07
368 -1.81894e-06 1.61261e-07
368.4 -1.88385e-06 1.70792e-07
368.8 -1.96922e-06 1.77042e-07
369.2 -2.07309e-06 1.80153e-07
369.6 -2.1929e-06 1.80409e-07
370 -2.32555e-06 1.78217e-07
370.4 -2.46758e-06 1.74092e-07
370.8 -2.6152e-06 1.68626e-07
371.2 -2.76449e-06 1.62464e-07
371.6 -2.9115e-06 1.56272e-07
372 -3.05237e-06 1.5071e-07
372.4 -3.18349e-06 1.46397e-07
372.8 -3.3016e-06 1.43889e-07
373.2 -3.40389e-06 1.43653e-07
373.6 -3.48807e-06 1.46044e-07
374 -3.55247e-06 1.51294e-07
374.4 -3.59604e-06 1.59499e-07
374.8 -3.61837e-06 1.70614e-07
375.2 -3.61969e-06 1.84457e-07
375.6 -3.60083e-06 2.00716e-07
376 -3.56315e-06 2.18963e-07
376.4 -3.5085e-06 2.38667e-07
376.8 -3.43908e-06 2.59225e-07
377.2 -3.35736e-06 2.79978e-07
377.6 -3.26596e-06 3.00248e-07
378 -3.16756e-06 3.19359e-07
378.4 -3.06473e-06 3.36668e-07
378.8 -2.95989e-06 3.51596e-07
379.2 -2.85517e-06 3.63646e-07
379.6 -2.75232e-06 3.72432e-07
380 -2.65268e-06 3.77689e-07
380.4 -2.55712e-06 3.7929e-07
380.8 -2.46601e-06 3.77248e-07
381.2 -2.37921e-06 3.71721e-07
381.6 -2.29614e-06 3.63007e-07
382 -2.21574e-06 3.51529e-07
382.4 -2.13662e-06 3.37821e-07
382.8 -2.05708e-06 3.22511e-07
383.2 -1.97521e-06 3.06293e-07
383.6 -1.88902e-06 2.89899e-07
384 -1.7965e-06 2.74076e-07
384.4 -1.69575e-06 2.59551e-07
384.8 -1.5851e-06 2.47006e-07
385.2 -1.46317e-06 2.3705e-07
385.6 -1.32895e-06 2.30195e-07
386 -1.18191e-06 2.26835e-07
386.4 -1.02198e-06 2.27232e-07
386.8 -8.49634e-07 2.31505e-07
387.2 -6.65882e-07 2.39623e-07
387.6 -4.72232e-07 2.51409e-07
388 -2.70675e-07 2.66543e-07
388.4 -6.36186e-08 2.84577e-07
388.8 1.46186e-07 3.0495e-07
389.2 3.55731e-07 3.27011e-07
389.6 5.61858e-07 3.50042e-07
390 7.61361e-07 3.73284e-07
390.4 9.51098e-07 3.95971e-07
390.8 1.1281e-06 4.17353e-07
391.2 1.28968e-06 4.36726e-07
391.6 1.43353e-06 4.53461e-07
392 1.55778e-06 4.67023e-07
392.4 1.66109e-06 4.76994e-07
392.8 1.74268e-06 4.83084e-07
393.2 1.80236e-06 4.85145e-07
393.6 1.84054e-06 4.83174e-07
394 1.85819e-06 4.7731e-07
394.4 1.85683e-06 4.67829e-07
394.8 1.83846e-06 4.55132e-07
395.2 1.80545e-06 4.39729e-07
395.6 1.76052e-06 4.22214e-07
396 1.70659e-06 4.03249e-07
396.4 1.64666e-06 3.83529e-07
396.8 1.58376e-06 3.63763e-07
397.2 1.52078e-06 3.44641e-07
397.6 1.46041e-06 3.26809e-07
398 1.40503e-06 3.10844e-07
398.4 1.35661e-06 2.97236e-07
398.8 1.31671e-06 2.86365e-07
399.2 1.28635e-06 2.78492e-07
399.6 1.26606e-06 2.73745e-07
400 1.25582e-06 2.72123e-07
