-0.498 1.12021 0.863619
-0.496 1.3432 0.888969
-0.494 1.51734 0.898091
-0.492 1.63439 0.889633
-0.49 1.68872 0.862844
-0.488 1.67752 0.81764
-0.486 1.60102 0.754624
-0.484 1.4624 0.675086
-0.482 1.26767 0.580968
-0.48 1.02539 0.474799
-0.478 0.746243 0.359593
-0.476 0.44254 0.23874
-0.474 0.127627 0.115859
-0.472 -0.184734 -0.00534398
-0.47 -0.481018 -0.121232
-0.468 -0.748561 -0.228391
-0.466 -0.976147 -0.32377
-0.464 -1.15452 -0.404809
-0.462 -1.27678 -0.469541
-0.46 -1.33872 -0.51667
-0.458 -1.33893 -0.545614
-0.456 -1.27887 -0.556521
-0.454 -1.16274 -0.550248
-0.452 -0.997234 -0.528305
-0.45 -0.791195 -0.492775
-0.448 -0.555135 -0.446204
-0.446 -0.300705 -0.391479
-0.444 -0.0401115 -0.331677
-0.442 0.214492 -0.269927
-0.44 0.451601 -0.209257
-0.438 0.660914 -0.152455
-0.436 0.833815 -0.101947
-0.434 0.963772 -0.0596907
-0.432 1.04662 -0.0270979
-0.43 1.0807 -0.00498401
-0.428 1.06691 0.00644998
-0.426 1.00857 0.00760362
-0.424 0.9112 -0.000567078
-0.422 0.782175 -0.0166225
-0.42 0.630262 -0.0387365
-0.418 0.465125 -0.0648125
-0.416 0.29676 -0.092613
-0.414 0.134929 -0.119894
-0.412 -0.011391 -0.144542
-0.41 -0.134515 -0.164693
-0.408 -0.22848 -0.178853
-0.406 -0.28938 -0.185979
-0.404 -0.31558 -0.185547
-0.402 -0.307817 -0.177586
-0.4 -0.269149 -0.162677
-0.398 -0.204788 -0.14193
-0.396 -0.121806 -0.116914
-0.394 -0.0287314 -0.0895807
-0.392 0.064941 -0.0621418
-0.39 0.149297 -0.0369481
-0.388 0.214585 -0.0163472
-0.386 0.251803 -0.00254101
-0.384 0.253249 0.00255235
-0.382 0.213018 -0.00257502
-0.38 0.127409 -0.0189132
-0.378 -0.00477246 -0.0468521
-0.376 -0.182044 -0.0861283
-0.374 -0.400208 -0.135806
-0.372 -0.652461 -0.194293
-0.37 -0.929634 -0.25939
-0.368 -1.22057 -0.328375
-0.366 -1.51262 -0.398115
-0.364 -1.79219 -0.465206
-0.362 -2.04543 -0.526124
-0.36 -2.25887 -0.577395
-0.358 -2.4201 -0.615761
-0.356 -2.5184 -0.638344
-0.354 -2.54535 -0.642793
-0.352 -2.49524 -0.627415
-0.35 -2.36549 -0.591274
-0.348 -2.15678 -0.534259
-0.346 -1.8732 -0.457111
-0.344 -1.52207 -0.361421
-0.342 -1.11372 -0.249579
-0.34 -0.661068 -0.124689
-0.338 -0.179114 0.00954408
-0.336 0.315735 0.148967
-0.334 0.806352 0.28914
-0.332 1.27565 0.425526
-0.33 1.70734 0.553675
-0.328 2.08664 0.669412
-0.326 2.40095 0.76901
-0.324 2.6404 0.849351
-0.322 2.79828 0.908046
-0.32 2.87129 0.943539
-0.318 2.85972 0.955164
-0.316 2.76734 0.943161
-0.314 2.60121 0.908658
-0.312 2.37134 0.853606
-0.31 2.09011 0.780682
-0.308 1.77173 0.693162
-0.306 1.43151 0.594759
-0.304 1.0851 0.489452
-0.302 0.74777 0.381301
-0.3 0.433667 0.274266
-0.298 0.155147 0.172024
-0.296 -0.0777889 0.0778155
-0.294 -0.25794 -0.00569159
-0.292 -0.381208 -0.0765083
-0.29 -0.44674 -0.133391
-0.288 -0.456903 -0.175872
-0.286 -0.417099 -0.204249
-0.284 -0.335421 -0.219536
-0.282 -0.222181 -0.22338
-0.28 -0.0893163 -0.217944
-0.278 0.050274 -0.205768
-0.276 0.183447 -0.189616
-0.274 0.297539 -0.172304
-0.272 0.381065 -0.156543
-0.27 0.424354 -0.144779
-0.268 0.420092 -0.139055
-0.266 0.363739 -0.140903
-0.264 0.253808 -0.15125
-0.262 0.0919815 -0.170381
-0.26 -0.11693 -0.197918
-0.258 -0.3652 -0.232848
-0.256 -0.642549 -0.273582
-0.254 -0.936639 -0.318053
-0.252 -1.23369 -0.363829
-0.25 -1.51919 -0.408257
-0.248 -1.77862 -0.448621
-0.246 -1.99824 -0.482293
-0.244 -2.1658 -0.506899
-0.242 -2.27126 -0.520456
-0.24 -2.30734 -0.5215
-0.238 -2.27 -0.509184
-0.236 -2.15871 -0.483342
-0.234 -1.9766 -0.444521
-0.232 -1.73042 -0.39397
-0.23 -1.4303 -0.333597
-0.228 -1.08928 -0.265879
-0.226 -0.722841 -0.19375
-0.224 -0.348088 -0.120452
-0.222 0.0169974 -0.0493742
-0.22 0.35446 0.0161239
-0.218 0.64727 0.0728946
-0.216 0.880199 0.118173
-0.214 1.04064 0.149736
-0.212 1.11928 0.166032
-0.21 1.11072 0.166287
-0.208 1.01376 0.150567
-0.206 0.831659 0.119799
-0.204 0.572035 0.0757537
-0.202 0.246649 0.0209776
-0.2 -0.129077 -0.0413075
-0.198 -0.5367 -0.107347
-0.196 -0.955569 -0.173024
-0.194 -1.36376 -0.234051
-0.192 -1.73906 -0.286174
-0.19 -2.06007 -0.325379
-0.188 -2.30713 -0.348093
-0.186 -2.46337 -0.351367
-0.184 -2.51547 -0.333026
-0.182 -2.45438 -0.2918
-0.18 -2.2758 -0.227393
-0.178 -1.98044 -0.140531
-0.176 -1.5741 -0.0329416
-0.174 -1.06745 0.0926962
-0.172 -0.475627 0.232857
-0.17 0.18234 0.383308
-0.168 0.884362 0.539282
-0.166 1.6062 0.695677
-0.164 2.32246 0.847271
-0.162 3.00773 0.988938
-0.16 3.63758 1.11587
-0.158 4.1896 1.22376
-0.156 4.64438 1.30901
-0.154 4.98623 1.36883
-0.152 5.20388 1.4014
-0.15 5.29086 1.40586
-0.148 5.24571 1.3824
-0.146 5.07206 1.33216
-0.144 4.7783 1.25721
-0.142 4.37724 1.1604
-0.14 3.88546 1.04521
-0.138 3.32256 0.915589
-0.136 2.71024 0.775764
-0.134 2.07137 0.630017
-0.132 1.429 0.482506
-0.13 0.805305 0.337074
-0.128 0.220736 0.197086
-0.126 -0.306866 0.0652958
-0.124 -0.762943 -0.0562455
-0.122 -1.13676 -0.166248
-0.12 -1.42174 -0.264194
-0.118 -1.61563 -0.350301
-0.116 -1.72043 -0.425455
-0.114 -1.74215 -0.491095
-0.112 -1.69042 -0.549075
-0.11 -1.57787 -0.601502
-0.108 -1.41944 -0.650562
-0.106 -1.23164 -0.698343
-0.104 -1.03167 -0.746666
-0.102 -0.836588 -0.796937
-0.1 -0.662491 -0.850019
-0.098 -0.523762 -0.906145
-0.096 -0.432396 -0.964868
-0.094 -0.397457 -1.02505
-0.092 -0.424677 -1.0849
-0.09 -0.516208 -1.14204
-0.088 -0.670545 -1.19367
-0.086 -0.882619 -1.23665
-0.084 -1.14406 -1.26772
-0.082 -1.4436 -1.28369
-0.08 -1.76764 -1.28162
-0.078 -2.10095 -1.25902
-0.076 -2.42737 -1.21404
-0.074 -2.73066 -1.14562
-0.072 -2.99531 -1.0536
-0.07 -3.20732 -0.938791
-0.068 -3.35496 -0.803021
-0.066 -3.42933 -0.649107
-0.064 -3.42482 -0.48078
-0.062 -3.33943 -0.302568
-0.06 -3.17485 -0.119625
-0.058 -2.93632 0.0624642
-0.056 -2.63237 0.237925
-0.054 -2.27432 0.401035
-0.052 -1.87567 0.546386
-0.05 -1.45137 0.669127
-0.048 -1.01704 0.7652
-0.046 -0.588144 0.831537
-0.044 -0.179241 0.866216
-0.042 0.196735 0.868575
-0.04 0.529039 0.839262
-0.038 0.809557 0.780227
-0.036 1.03307 0.694657
-0.034 1.19733 0.586849
-0.032 1.303 0.462032
-0.03 1.35337 0.326139
-0.028 1.35395 0.185549
-0.026 1.31199 0.0467971
-0.024 1.23591 -0.0837174
-0.022 1.13462 -0.200028
-0.02 1.01703 -0.296876
-0.018 0.891411 -0.369957
-0.016 0.765038 -0.416124
-0.014 0.643802 -0.433537
-0.012 0.532033 -0.421752
-0.01 0.432417 -0.381745
-0.008 0.34604 -0.315867
-0.006 0.27252 -0.227731
-0.004 0.210222 -0.122045
-0.002 0.156507 -0.00438424
0 0.108029 0.119073
0.002 0.060993 0.241837
0.004 0.0116031 0.357437
0.006 -0.0437722 0.459711
0.008 -0.108227 0.543113
0.01 -0.184009 0.602976
0.012 -0.272225 0.63574
0.014 -0.372599 0.639121
0.016 -0.48329 0.612229
0.018 -0.600807 0.555604
0.02 -0.720046 0.471201
0.022 -0.834445 0.362299
0.024 -0.936281 0.233347
0.026 -1.01709 0.0897643
0.028 -1.06816 -0.0623098
0.03 -1.08116 -0.216294
0.032 -1.04868 -0.365463
0.034 -0.964869 -0.503244
0.036 -0.825932 -0.623514
0.038 -0.63056 -0.720856
0.04 -0.380211 -0.790799
0.042 -0.0792323 -0.829995
0.044 0.26519 -0.836356
0.046 0.64326 -0.809121
0.048 1.04297 -0.748873
0.05 1.45065 -0.657483
0.052 1.85163 -0.538006
0.054 2.23099 -0.394527
0.056 2.57433 -0.231953
0.058 2.86855 -0.0557861
0.06 3.10257 0.128129
0.062 3.26792 0.31387
0.064 3.35925 0.495687
0.066 3.37458 0.668244
0.068 3.31545 0.826826
0.07 3.18683 0.967516
0.072 2.99686 1.08732
0.074 2.75642 1.18423
0.076 2.47852 1.2573
0.078 2.17767 1.30654
0.08 1.86907 1.33293
0.082 1.56785 1.33822
0.084 1.28833 1.32486
0.086 1.04322 1.29576
0.088 0.843059 1.2541
0.09 0.695634 1.20318
0.092 0.605619 1.14616
0.094 0.574317 1.08592
0.096 0.599579 1.02488
0.098 0.675887 0.96491
0.1 0.794592 0.907206
0.102 0.944302 0.852277
0.104 1.11141 0.799936
0.106 1.28073 0.749349
0.108 1.43623 0.699121
0.11 1.5618 0.64742
0.112 1.64206 0.592123
0.114 1.66317 0.53099
0.116 1.61354 0.461838
0.118 1.48453 0.382722
0.12 1.27094 0.292099
0.122 0.971439 0.188979
0.124 0.588765 0.0730369
0.126 0.129773 -0.0553043
0.128 -0.394723 -0.194832
0.13 -0.970297 -0.343548
0.132 -1.57943 -0.498719
0.134 -2.20219 -0.656963
0.136 -2.81705 -0.814381
0.138 -3.40177 -0.966715
0.14 -3.9344 -1.10953
0.142 -4.39421 -1.23843
0.144 -4.7626 -1.34923
0.146 -5.02404 -1.4382
0.148 -5.16672 -1.5022
0.15 -5.18315 -1.53887
0.152 -5.0706 -1.54675
0.154 -4.83123 -1.52539
0.156 -4.47211 -1.47532
0.158 -4.00497 -1.39813
0.16 -3.44575 -1.29637
0.162 -2.814 -1.17348
0.164 -2.13201 -1.03362
0.166 -1.42397 -0.881539
0.168 -0.714925 -0.722346
0.17 -0.0297009 -0.56132
0.172 0.60811 -0.403675
0.174 1.17716 -0.254348
0.176 1.65924 -0.117794
0.178 2.04005 0.00219412
0.18 2.30973 0.102636
0.182 2.46332 0.181474
0.184 2.50085 0.237642
0.186 2.42729 0.271086
0.188 2.25226 0.282742
0.19 1.98952 0.274463
0.192 1.65628 0.248912
0.194 1.27234 0.209411
0.196 0.859185 0.159767
0.198 0.438891 0.10408
0.2 0.0331569 0.0465367
0.202 -0.337724 -0.00879153
0.204 -0.65577 -0.0581439
0.206 -0.906105 -0.0982431
0.208 -1.07758 -0.126441
0.21 -1.16321 -0.140832
0.212 -1.16039 -0.140323
0.214 -1.07093 -0.124662
0.216 -0.900827 -0.0944294
0.218 -0.659883 -0.050977
0.22 -0.361114 0.0036609
0.222 -0.0200393 0.0668951
0.224 0.346137 0.135732
0.226 0.719413 0.206941
0.228 1.08189 0.277233
0.23 1.41664 0.343432
0.232 1.7085 0.402645
0.234 1.94477 0.452403
0.236 2.11578 0.490787
0.238 2.21526 0.516509
0.24 2.24054 0.528974
0.242 2.1926 0.528287
0.244 2.07594 0.515233
0.246 1.8982 0.491216
0.248 1.66973 0.458163
0.25 1.403 0.418409
0.252 1.11187 0.374553
0.254 0.810899 0.329301
0.256 0.514568 0.285312
0.258 0.236516 0.245039
0.26 -0.0111288 0.21059
0.262 -0.218358 0.183601
0.264 -0.377767 0.165143
0.266 -0.484901 0.155654
0.268 -0.538447 0.154911
0.27 -0.54026 0.162037
0.272 -0.495225 0.175544
0.274 -0.410966 0.19341
0.276 -0.297408 0.213194
0.278 -0.166223 0.232164
0.28 -0.0301865 0.247456
0.282 0.0975329 0.256234
0.284 0.204095 0.255859
0.286 0.277706 0.244044
0.288 0.308277 0.219004
0.29 0.288011 0.179572
0.292 0.211861 0.125293
0.294 0.0778615 0.0564767
0.296 -0.112698 -0.0257769
0.298 -0.355269 -0.119606
0.3 -0.642202 -0.222444
0.302 -0.963066 -0.33112
0.304 -1.30511 -0.441985
0.306 -1.65386 -0.551072
0.308 -1.99378 -0.654267
0.31 -2.30904 -0.7475
0.312 -2.58424 -0.826928
0.314 -2.80521 -0.889115
0.316 -2.95967 -0.931194
0.318 -3.03787 -0.951008
0.32 -3.03306 -0.947217
0.322 -2.9419 -0.919366
0.324 -2.76459 -0.867917
0.326 -2.50495 -0.794243
0.328 -2.17028 -0.70057
0.33 -1.77102 -0.589892
0.332 -1.32034 -0.465847
0.334 -0.833555 -0.332564
0.336 -0.327433 -0.194489
0.338 0.180525 -0.0561991
0.34 0.672864 0.0777887
0.342 1.13293 0.203204
0.344 1.54561 0.316197
0.346 1.89792 0.413495
0.348 2.17961 0.492521
0.35 2.3835 0.551496
0.352 2.50577 0.589486
0.354 2.54604 0.606427
0.356 2.5073 0.603094
0.358 2.39568 0.581046
0.36 2.2201 0.542532
0.362 1.99174 0.490362
0.364 1.72352 0.427768
0.366 1.42938 0.358234
0.368 1.12364 0.285333
0.37 0.820277 0.212554
0.372 0.532314 0.143145
0.374 0.271207 0.0799735
0.376 0.0463617 0.0253995
0.378 -0.135249 -0.0188088
0.38 -0.269326 -0.0515359
0.382 -0.354354 -0.0723423
0.384 -0.391558 -0.0814535
0.386 -0.384726 -0.0797155
0.388 -0.339904 -0.0685191
0.39 -0.26498 -0.0496994
0.392 -0.169176 -0.0254141
0.394 -0.0624926 0.00199131
0.396 0.0448877 0.0301244
0.398 0.14319 0.0566864
0.4 0.223606 0.0796028
0.402 0.278786 0.0971407
0.404 0.303256 0.108003
0.406 0.293709 0.111398
0.408 0.249188 0.107081
0.41 0.171127 0.0953578
0.412 0.0632621 0.0770697
0.414 -0.0685896 0.0535357
0.416 -0.216868 0.026475
0.418 -0.372706 -0.00209456
0.42 -0.526441 -0.029976
0.422 -0.668173 -0.0549225
0.424 -0.788343 -0.0747709
0.426 -0.878292 -0.0875725
0.428 -0.930776 -0.0917125
0.43 -0.940415 -0.0860147
0.432 -0.904032 -0.0698224
0.434 -0.820883 -0.0430541
0.436 -0.692761 -0.00622914
0.438 -0.523955 0.0395383
0.44 -0.321084 0.0925756
0.442 -0.0928036 0.150719
0.444 0.150603 0.211406
0.446 0.397718 0.271793
0.448 0.636547 0.328883
0.45 0.855121 0.379674
0.452 1.0421 0.421299
0.454 1.18733 0.45117
0.456 1.28243 0.467104
0.458 1.32115 0.467442
0.46 1.29978 0.451127
0.462 1.21736 0.417773
0.464 1.07575 0.367689
0.466 0.879592 0.301878
0.468 0.636135 0.221999
0.47 0.354921 0.130301
0.472 0.0473558 0.0295301
0.474 -0.2738 -0.0771898
0.476 -0.595021 -0.18649
0.478 -0.902637 -0.2949
0.48 -1.18347 -0.399002
0.482 -1.42546 -0.495567
0.484 -1.61822 -0.581698
0.486 -1.75353 -0.654941
0.488 -1.82573 -0.713388
0.49 -1.83199 -0.75574
0.492 -1.77243 -0.781349
0.494 -1.65017 -0.79023
0.496 -1.47112 -0.783034
0.498 -1.24375 -0.761
0.4 0.0140253 0.00812954
0.8 0.0142387 0.008213
1.2 0.014591 0.00835063
1.6 0.015077 0.00854021
2 0.0156894 0.00877877
2.4 0.0164193 0.00906259
2.8 0.0172559 0.00938729
3.2 0.0181869 0.00974799
3.6 0.0191986 0.0101394
4 0.0202759 0.0105558
4.4 0.021403 0.0109916
4.8 0.0225631 0.011441
5.2 0.023739 0.0118982
5.6 0.0249132 0.0123578
6 0.0260681 0.0128148
6.4 0.0271863 0.0132646
6.8 0.0282512 0.013703
7.2 0.0292464 0.0141267
7.6 0.0301569 0.0145329
8 0.0309685 0.0149196
8.4 0.0316685 0.0152856
8.8 0.032246 0.0156304
9.2 0.0326913 0.0159542
9.6 0.0329968 0.0162579
10 0.033157 0.0165429
10.4 0.033168 0.0168113
10.8 0.0330284 0.0170656
11.2 0.0327384 0.0173084
11.6 0.0323006 0.0175428
12 0.0317196 0.0177718
12.4 0.0310018 0.0179983
12.8 0.0301554 0.0182251
13.2 0.0291905 0.0184547
13.6 0.0281187 0.0186892
14 0.0269528 0.0189301
14.4 0.025707 0.0191784
14.8 0.0243963 0.0194344
15.2 0.0230366 0.0196975
15.6 0.0216441 0.0199665
16 0.0202356 0.0202395
16.4 0.0188276 0.0205135
16.8 0.0174365 0.0207852
17.2 0.0160783 0.0210503
17.6 0.0147682 0.021304
18 0.0135207 0.021541
18.4 0.012349 0.0217555
18.8 0.0112652 0.0219414
19.2 0.0102799 0.0220926
19.6 0.00940216 0.0222029
20 0.00863937 0.022266
20.4 0.00799723 0.0222761
20.8 0.00747964 0.0222278
21.2 0.0070887 0.0221161
21.6 0.0068247 0.0219367
22 0.0066862 0.021686
22.4 0.00667006 0.0213614
22.8 0.00677154 0.0209612
23.2 0.0069844 0.0204845
23.6 0.00730106 0.0199317
24 0.00771273 0.0193042
24.4 0.00820959 0.0186043
24.8 0.00878095 0.0178355
25.2 0.00941548 0.0170021
25.6 0.0101014 0.0161095
26 0.0108265 0.0151638
26.4 0.0115787 0.014172
26.8 0.0123459 0.0131417
27.2 0.0131163 0.0120807
27.6 0.0138785 0.0109976
28 0.0146217 0.00990099
28.4 0.015336 0.00879968
28.8 0.0160122 0.00770237
29.2 0.016642 0.00661766
29.6 0.0172182 0.00555384
30 0.0177347 0.00451879
30.4 0.0181864 0.0035199
30.8 0.0185695 0.00256395
31.2 0.0188812 0.00165705
31.6 0.0191199 0.000804556
32 0.0192847 1.10654e-05
32.4 0.0193761 -0.000719653
32.8 0.0193952 -0.00138465
33.2 0.0193442 -0.00198181
33.6 0.0192258 -0.0025098
34 0.0190435 -0.00296807
34.4 0.018801 -0.00335679
34.8 0.0185028 -0.00367681
35.2 0.0181535 -0.00392957
35.6 0.017758 -0.00411705
36 0.0173213 -0.00424169
36.4 0.0168484 -0.00430631
36.8 0.0163443 -0.00431401
37.2 0.0158139 -0.00426812
37.6 0.0152619 -0.00417212
38 0.014693 -0.00402956
38.4 0.0141113 -0.00384399
38.8 0.0135209 -0.0036189
39.2 0.0129255 -0.0033577
39.6 0.0123287 -0.00306363
40 0.0117337 -0.00273977
40.4 0.0111435 -0.002389
40.8 0.0105606 -0.00201395
41.2 0.00998779 -0.00161706
41.6 0.0094272 -0.00120054
42 0.00888099 -0.000766351
42.4 0.00835114 -0.000316283
42.8 0.00783948 0.000148078
43.2 0.00734771 0.000625308
43.6 0.00687743 0.00111413
44 0.00643013 0.00161337
44.4 0.00600719 0.00212195
44.8 0.00560986 0.00263886
45.2 0.00523928 0.0031631
45.6 0.00489644 0.00369372
46 0.00458214 0.00422974
46.4 0.00429701 0.00477014
46.8 0.00404144 0.00531388
47.2 0.00381559 0.00585988
47.6 0.00361932 0.00640697
48 0.0034522 0.00695393
48.4 0.00331348 0.00749949
48.8 0.00320206 0.0080423
49.2 0.00311652 0.00858097
49.6 0.00305507 0.00911404
50 0.00301559 0.00964002
50.4 0.00299567 0.0101574
50.8 0.00299258 0.0106646
51.2 0.00300338 0.0111601
51.6 0.00302491 0.0116423
52 0.00305391 0.0121097
52.4 0.00308704 0.0125607
52.8 0.00312097 0.0129937
53.2 0.00315248 0.0134073
53.6 0.00317853 0.0137999
54 0.00319636 0.0141702
54.4 0.00320354 0.0145166
54.8 0.00319811 0.0148379
55.2 0.00317861 0.0151325
55.6 0.00314416 0.0153992
56 0.00309451 0.0156367
56.4 0.00303014 0.0158437
56.8 0.00295219 0.016019
57.2 0.00286255 0.0161614
57.6 0.00276383 0.0162698
58 0.00265935 0.0163431
58.4 0.00255305 0.0163804
58.8 0.0024495 0.0163806
59.2 0.00235376 0.016343
59.6 0.00227133 0.0162668
60 0.00220798 0.0161515
60.4 0.00216972 0.0159967
60.8 0.00216255 0.015802
61.2 0.00219242 0.0155675
61.6 0.00226503 0.0152931
62 0.00238569 0.0149794
62.4 0.00255918 0.0146269
62.8 0.00278963 0.0142364
63.2 0.00308035 0.0138092
63.6 0.00343376 0.0133466
64 0.00385127 0.0128504
64.4 0.00433318 0.0123226
64.8 0.00487868 0.0117654
65.2 0.00548573 0.0111815
65.6 0.00615114 0.0105737
66 0.00687051 0.00994507
66.4 0.00763832 0.00929894
66.8 0.00844798 0.00863883
67.2 0.0092919 0.00796843
67.6 0.0101616 0.00729155
68 0.011048 0.00661212
68.4 0.0119412 0.00593409
68.8 0.012831 0.00526145
69.2 0.013707 0.00459817
69.6 0.0145587 0.00394811
70 0.0153756 0.00331504
70.4 0.0161478 0.00270258
70.8 0.0168655 0.00211414
71.2 0.0175199 0.0015529
71.6 0.0181027 0.00102179
72 0.0186069 0.000523431
72.4 0.0190263 6.01458e-05
72.8 0.0193559 -0.000366088
73.2 0.0195921 -0.000753638
73.6 0.0197324 -0.00110123
74 0.0197759 -0.00140796
74.4 0.0197226 -0.00167326
74.8 0.0195741 -0.00189695
75.2 0.0193332 -0.00207917
75.6 0.0190036 -0.00222041
76 0.0185902 -0.00232147
76.4 0.0180989 -0.00238342
76.8 0.0175361 -0.00240764
77.2 0.016909 -0.00239573
77.6 0.0162253 -0.00234951
78 0.0154926 -0.00227101
78.4 0.0147191 -0.00216241
78.8 0.0139125 -0.00202603
79.2 0.0130807 -0.00186431
79.6 0.0122308 -0.00167975
80 0.0113696 -0.00147495
80.4 0.0105034 -0.0012525
80.8 0.00963738 -0.00101505
81.2 0.00877625 -0.000765209
81.6 0.00792367 -0.00050557
82 0.00708244 -0.000238687
82.4 0.00625441 3.29512e-05
82.8 0.00544051 0.000306928
83.2 0.00464082 0.000580917
83.6 0.00385456 0.000852691
84 0.00308023 0.00112014
84.4 0.00231565 0.00138127
84.8 0.00155812 0.00163422
85.2 0.000804491 0.00187728
85.6 5.13236e-05 0.00210889
86 -0.000704987 0.00232765
86.4 -0.00146807 0.0025323
86.8 -0.00224147 0.0027218
87.2 -0.00302845 0.00289524
87.6 -0.00383196 0.00305193
88 -0.00465445 0.00319134
88.4 -0.0054978 0.00331312
88.8 -0.00636324 0.00341713
89.2 -0.00725126 0.0035034
89.6 -0.00816158 0.00357213
90 -0.00909312 0.00362369
90.4 -0.0100439 0.00365864
90.8 -0.0110113 0.00367765
91.2 -0.0119918 0.00368154
91.6 -0.0129809 0.00367128
92 -0.0139739 0.00364789
92.4 -0.0149651 0.0036125
92.8 -0.0159485 0.00356631
93.2 -0.0169174 0.00351052
93.6 -0.017865 0.00344636
94 -0.0187843 0.00337506
94.4 -0.019668 0.00329779
94.8 -0.0205091 0.00321566
95.2 -0.0213006 0.00312971
95.6 -0.0220356 0.00304086
96 -0.0227079 0.00294992
96.4 -0.0233116 0.00285755
96.8 -0.0238412 0.00276426
97.2 -0.0242921 0.00267041
97.6 -0.0246603 0.00257619
98 -0.0249426 0.00248163
98.4 -0.0251365 0.0023866
98.8 -0.0252405 0.00229082
99.2 -0.0252539 0.00219387
99.6 -0.0251769 0.00209524
100 -0.0250103 0.00199427
100.4 -0.0247562 0.00189027
100.8 -0.024417 0.00178248
101.2 -0.0239963 0.00167014
101.6 -0.023498 0.00155248
102 -0.022927 0.00142878
102.4 -0.0222884 0.0012984
102.8 -0.0215882 0.00116079
103.2 -0.0208325 0.00101555
103.6 -0.0200279 0.000862395
104 -0.0191811 0.000701251
104.4 -0.0182993 0.000532219
104.8 -0.0173893 0.000355606
105.2 -0.0164585 0.000171934
105.6 -0.0155136 -1.80621e-05
106 -0.0145618 -0.000213435
106.4 -0.0136095 -0.000413034
106.8 -0.0126634 -0.000615518
107.2 -0.0117294 -0.000819377
107.6 -0.0108134 -0.00102295
108 -0.00992058 -0.00122447
108.4 -0.00905584 -0.00142206
108.8 -0.00822356 -0.0016138
109.2 -0.00742758 -0.00179776
109.6 -0.00667124 -0.00197203
110 -0.00595733 -0.00213475
110.4 -0.00528808 -0.00228415
110.8 -0.00466521 -0.00241862
111.2 -0.00408987 -0.00253668
111.6 -0.00356271 -0.00263708
112 -0.00308385 -0.00271876
112.4 -0.00265297 -0.00278093
112.8 -0.00226925 -0.00282305
113.2 -0.00193149 -0.00284485
113.6 -0.00163808 -0.00284635
114 -0.00138708 -0.00282785
114.4 -0.00117622 -0.00278991
114.8 -0.001003 -0.00273337
115.2 -0.000864668 -0.0026593
115.6 -0.000758331 -0.00256901
116 -0.00068095 -0.002464
116.4 -0.00062941 -0.00234594
116.8 -0.000600561 -0.00221665
117.2 -0.000591255 -0.00207804
117.6 -0.000598393 -0.00193209
118 -0.000618963 -0.00178083
118.4 -0.00065007 -0.00162626
118.8 -0.000688977 -0.00147036
119.2 -0.000733123 -0.00131503
119.6 -0.000780157 -0.00116206
120 -0.000827948 -0.00101312
120.4 -0.000874611 -0.000869728
120.8 -0.000918507 -0.000733214
121.2 -0.000958256 -0.00060473
121.6 -0.000992736 -0.000485224
122 -0.00102108 -0.00037544
122.4 -0.00104267 -0.00027591
122.8 -0.00105711 -0.000186965
123.2 -0.00106426 -0.000108734
123.6 -0.00106415 -4.11618e-05
124 -0.001057 1.59829e-05
124.4 -0.0010432 6.30863e-05
124.8 -0.00102327 0.000100672
125.2 -0.000997847 0.000129379
125.6 -0.000967641 0.00014994
126 -0.000933431 0.00016316
126.4 -0.000896028 0.000169891
126.8 -0.000856253 0.00017101
127.2 -0.000814916 0.000167402
127.6 -0.000772797 0.000159933
128 -0.000730625 0.000149441
128.4 -0.000689067 0.000136714
128.8 -0.000648713 0.00012248
129.2 -0.000610068 0.000107396
129.6 -0.000573546 9.20416e-05
130 -0.000539466 7.69122e-05
130.4 -0.000508053 6.24178e-05
130.8 -0.000479441 4.88829e-05
131.2 -0.000453672 3.65491e-05
131.6 -0.000430714 2.55794e-05
132 -0.000410458 1.60645e-05
132.4 -0.000392737 8.02994e-06
132.8 -0.000377332 1.44536e-06
133.2 -0.000363987 -3.76678e-06
133.6 -0.000352422 -7.72127e-06
134 -0.00034234 -1.05605e-05
134.4 -0.000333443 -1.2445e-05
134.8 -0.000325445 -1.35444e-05
135.2 -0.000318073 -1.40297e-05
135.6 -0.000311086 -1.40656e-05
136 -0.000304274 -1.38046e-05
136.4 -0.000297468 -1.33824e-05
136.8 -0.000290538 -1.29138e-05
137.2 -0.000283403 -1.24908e-05
137.6 -0.000276024 -1.21811e-05
138 -0.000268405 -1.20285e-05
138.4 -0.000260589 -1.20535e-05
138.8 -0.000252658 -1.22558e-05
139.2 -0.000244722 -1.26164e-05
139.6 -0.000236916 -1.31014e-05
140 -0.000229392 -1.36653e-05
140.4 -0.000222314 -1.42551e-05
140.8 -0.000215849 -1.48138e-05
141.2 -0.000210158 -1.52848e-05
141.6 -0.000205396 -1.56146e-05
142 -0.000201699 -1.57567e-05
142.4 -0.000199183 -1.56734e-05
142.8 -0.000197937 -1.53383e-05
143.2 -0.000198024 -1.47375e-05
143.6 -0.000199472 -1.38702e-05
144 -0.000202282 -1.27489e-05
144.4 -0.00020642 -1.13989e-05
144.8 -0.00021182 -9.85691e-06
145.2 -0.000218391 -8.16965e-06
145.6 -0.000226013 -6.39182e-06
146 -0.000234545 -4.58379e-06
146.4 -0.000243831 -2.80904e-06
146.8 -0.000253696 -1.13164e-06
147.2 -0.000263963 3.86408e-07
147.6 -0.000274447 1.68753e-06
148 -0.000284967 2.72088e-06
148.4 -0.000295347 3.44425e-06
148.8 -0.000305422 3.82568e-06
149.2 -0.000315041 3.84457e-06
149.6 -0.000324069 3.49248e-06
150 -0.000332391 2.77334e-06
150.4 -0.000339914 1.70327e-06
150.8 -0.000346564 3.09992e-07
151.2 -0.000352291 -1.36823e-06
151.6 -0.000357067 -3.28393e-06
152 -0.00036088 -5.38216e-06
152.4 -0.000363742 -7.60231e-06
152.8 -0.000365676 -9.88019e-06
153.2 -0.000366721 -1.21501e-05
153.6 -0.000366925 -1.43471e-05
154 -0.000366344 -1.64087e-05
154.4 -0.00036504 -1.82772e-05
154.8 -0.000363073 -1.99011e-05
155.2 -0.000360504 -2.12364e-05
155.6 -0.000357391 -2.22482e-05
156 -0.000353784 -2.29111e-05
156.4 -0.000349729 -2.32099e-05
156.8 -0.00034526 -2.31397e-05
157.2 -0.000340405 -2.27058e-05
157.6 -0.000335182 -2.19231e-05
158 -0.000329601 -2.08152e-05
158.4 -0.000323661 -1.94137e-05
158.8 -0.00031736 -1.77569e-05
159.2 -0.000310686 -1.58882e-05
159.6 -0.000303626 -1.38547e-05
160 -0.000296165 -1.17062e-05
160.4 -0.000288291 -9.49279e-06
160.8 -0.000279992 -7.26419e-06
161.2 -0.000271261 -5.068e-06
161.6 -0.0002621 -2.94855e-06
162 -0.000252517 -9.45895e-07
162.4 -0.00024253 9.05074e-07
162.8 -0.000232166 2.57528e-06
163.2 -0.000221464 4.0419e-06
163.6 -0.000210474 5.28857e-06
164 -0.000199256 6.3054e-06
164.4 -0.000187877 7.0888e-06
164.8 -0.000176417 7.64113e-06
165.2 -0.000164958 7.97015e-06
165.6 -0.000153592 8.08845e-06
166 -0.000142409 8.0127e-06
166.4 -0.000131505 7.76285e-06
166.8 -0.00012097 7.36136e-06
167.2 -0.000110895 6.83236e-06
167.6 -0.000101361 6.20089e-06
168 -9.2443e-05 5.49215e-06
168.4 -8.42073e-05 4.73084e-06
168.8 -7.67071e-05 3.9406e-06
169.2 -6.99835e-05 3.14353e-06
169.6 -6.40639e-05 2.35982e-06
170 -5.89614e-05 1.60748e-06
170.4 -5.46745e-05 9.02164e-07
170.8 -5.11873e-05 2.57111e-07
171.2 -4.84701e-05 -3.16836e-07
171.6 -4.64803e-05 -8.11147e-07
172 -4.51636e-05 -1.21946e-06
172.4 -4.44553e-05 -1.53738e-06
172.8 -4.42822e-05 -1.76229e-06
173.2 -4.45648e-05 -1.89307e-06
173.6 -4.52185e-05 -1.92993e-06
174 -4.61567e-05 -1.87412e-06
174.4 -4.72921e-05 -1.72782e-06
174.8 -4.8539e-05 -1.49391e-06
175.2 -4.98152e-05 -1.17586e-06
175.6 -5.10438e-05 -7.77667e-07
176 -5.21545e-05 -3.03759e-07
176.4 -5.30851e-05 2.40998e-07
176.8 -5.37824e-05 8.51298e-07
177.2 -5.42029e-05 1.52137e-06
177.6 -5.43135e-05 2.24494e-06
178 -5.40912e-05 3.01517e-06
178.4 -5.35234e-05 3.82464e-06
178.8 -5.26071e-05 4.66527e-06
179.2 -5.13485e-05 5.5284e-06
179.6 -4.97623e-05 6.40471e-06
180 -4.78703e-05 7.28435e-06
180.4 -4.57006e-05 8.15698e-06
180.8 -4.32862e-05 9.01191e-06
181.2 -4.06638e-05 9.83828e-06
181.6 -3.78725e-05 1.06252e-05
182 -3.49523e-05 1.1362e-05
182.4 -3.19436e-05 1.20386e-05
182.8 -2.88853e-05 1.26453e-05
183.2 -2.58142e-05 1.31736e-05
183.6 -2.27645e-05 1.36162e-05
184 -1.97666e-05 1.39671e-05
184.4 -1.68469e-05 1.42218e-05
184.8 -1.40273e-05 1.43777e-05
185.2 -1.13255e-05 1.44341e-05
185.6 -8.75431e-06 1.43921e-05
186 -6.32245e-06 1.42546e-05
186.4 -4.03447e-06 1.40265e-05
186.8 -1.89122e-06 1.37145e-05
187.2 1.09634e-07 1.33267e-05
187.6 1.97309e-06 1.28726e-05
188 3.70623e-06 1.23627e-05
188.4 5.31762e-06 1.18085e-05
188.8 6.81671e-06 1.12217e-05
189.2 8.2133e-06 1.06144e-05
189.6 9.517e-06 9.99804e-06
190 1.07368e-05 9.38396e-06
190.4 1.18805e-05 8.78243e-06
190.8 1.29549e-05 8.20259e-06
191.2 1.39649e-05 7.65226e-06
191.6 1.49139e-05 7.13769e-06
192 1.58037e-05 6.66345e-06
192.4 1.66341e-05 6.23239e-06
192.8 1.74035e-05 5.84559e-06
193.2 1.81091e-05 5.50248e-06
193.6 1.87466e-05 5.2009e-06
194 1.93109e-05 4.9373e-06
194.4 1.97964e-05 4.70696e-06
194.8 2.01973e-05 4.50425e-06
195.2 2.05075e-05 4.32287e-06
195.6 2.07215e-05 4.15621e-06
196 2.08345e-05 3.99763e-06
196.4 2.08423e-05 3.84074e-06
196.8 2.0742e-05 3.6797e-06
197.2 2.05321e-05 3.50946e-06
197.6 2.02121e-05 3.32599e-06
198 1.97834e-05 3.12641e-06
198.4 1.92487e-05 2.90913e-06
198.8 1.86123e-05 2.67391e-06
199.2 1.78799e-05 2.42186e-06
199.6 1.70585e-05 2.15535e-06
200 1.61564e-05 1.87795e-06
200.4 1.51829e-05 1.59424e-06
200.8 1.41479e-05 1.30962e-06
201.2 1.30624e-05 1.03005e-06
201.6 1.19375e-05 7.61854e-07
202 1.07845e-05 5.1138e-07
202.4 9.61486e-06 2.84762e-07
202.8 8.43974e-06 8.76471e-08
203.2 7.26993e-06 -7.50555e-08
203.6 6.11568e-06 -1.9939e-07
204 4.98656e-06 -2.82535e-07
204.4 3.89129e-06 -3.22947e-07
204.8 2.83772e-06 -3.2044e-07
205.2 1.8327e-06 -2.76231e-07
205.6 8.82094e-07 -1.92915e-07
206 -9.28938e-09 -7.43989e-08
206.4 -8.37653e-07 7.42216e-08
206.8 -1.6002e-06 2.46826e-07
207.2 -2.29508e-06 4.36474e-07
207.6 -2.92134e-06 6.35641e-07
208 -3.47882e-06 8.36476e-07
208.4 -3.9681e-06 1.03107e-06
208.8 -4.39041e-06 1.21172e-06
209.2 -4.74748e-06 1.37122e-06
209.6 -5.04149e-06 1.50305e-06
210 -5.27497e-06 1.60167e-06
210.4 -5.45067e-06 1.66263e-06
210.8 -5.57149e-06 1.68277e-06
211.2 -5.64037e-06 1.66027e-06
211.6 -5.66024e-06 1.59475e-06
212 -5.63393e-06 1.4872e-06
212.4 -5.56409e-06 1.34001e-06
212.8 -5.45317e-06 1.15679e-06
213.2 -5.30336e-06 9.42283e-07
213.6 -5.11656e-06 7.0218e-07
214 -4.89435e-06 4.42888e-07
214.4 -4.63802e-06 1.71322e-07
214.8 -4.34852e-06 -1.05344e-07
215.2 -4.02654e-06 -3.79926e-07
215.6 -3.67249e-06 -6.45466e-07
216 -3.28655e-06 -8.95465e-07
216.4 -2.86874e-06 -1.12409e-06
216.8 -2.41898e-06 -1.32633e-06
217.2 -1.9371e-06 -1.49818e-06
217.6 -1.42299e-06 -1.63672e-06
218 -8.76637e-07 -1.74015e-06
218.4 -2.98207e-07 -1.80786e-06
218.8 3.1187e-07 -1.84037e-06
219.2 9.52822e-07 -1.8393e-06
219.6 1.62346e-06 -1.80721e-06
220 2.32213e-06 -1.74754e-06
220.4 3.04661e-06 -1.66439e-06
220.8 3.79412e-06 -1.56236e-06
221.2 4.56127e-06 -1.4464e-06
221.6 5.34404e-06 -1.32153e-06
222 6.13777e-06 -1.19273e-06
222.4 6.93723e-06 -1.06472e-06
222.8 7.7366e-06 -9.41783e-07
223.2 8.52959e-06 -8.27662e-07
223.6 9.30946e-06 -7.25419e-07
224 1.00692e-05 -6.37361e-07
224.4 1.08015e-05 -5.64992e-07
224.8 1.14989e-05 -5.08999e-07
225.2 1.21544e-05 -4.69273e-07
225.6 1.27606e-05 -4.4496e-07
226 1.33108e-05 -4.34544e-07
226.4 1.37988e-05 -4.35947e-07
226.8 1.42188e-05 -4.46663e-07
227.2 1.4566e-05 -4.63888e-07
227.6 1.48363e-05 -4.84672e-07
228 1.50267e-05 -5.06066e-07
228.4 1.51351e-05 -5.25261e-07
228.8 1.51608e-05 -5.39724e-07
229.2 1.51041e-05 -5.47311e-07
229.6 1.49664e-05 -5.46363e-07
230 1.47504e-05 -5.35775e-07
230.4 1.44598e-05 -5.15044e-07
230.8 1.40996e-05 -4.84276e-07
231.2 1.36755e-05 -4.44183e-07
231.6 1.3194e-05 -3.96038e-07
232 1.26627e-05 -3.4161e-07
232.4 1.20893e-05 -2.8308e-07
232.8 1.1482e-05 -2.22935e-07
233.2 1.08495e-05 -1.63851e-07
233.6 1.02003e-05 -1.08567e-07
234 9.54265e-06 -5.97593e-08
234.4 8.88482e-06 -1.99146e-08
234.8 8.23445e-06 8.78471e-09
235.2 7.59864e-06 2.45644e-08
235.6 6.98376e-06 2.61434e-08
236 6.39541e-06 1.27982e-08
236.4 5.8383e-06 -1.55959e-08
236.8 5.31621e-06 -5.85499e-08
237.2 4.83198e-06 -1.14971e-07
237.6 4.38747e-06 -1.83196e-07
238 3.98365e-06 -2.61056e-07
238.4 3.62059e-06 -3.4595e-07
238.8 3.29756e-06 -4.34947e-07
239.2 3.01312e-06 -5.24898e-07
239.6 2.76518e-06 -6.12556e-07
240 2.55118e-06 -6.94699e-07
240.4 2.36813e-06 -7.68262e-07
240.8 2.21279e-06 -8.30446e-07
241.2 2.08173e-06 -8.78835e-07
241.6 1.9715e-06 -9.11483e-07
242 1.87871e-06 -9.26994e-07
242.4 1.80008e-06 -9.24571e-07
242.8 1.73261e-06 -9.0405e-07
243.2 1.67352e-06 -8.65903e-07
243.6 1.62041e-06 -8.11223e-07
244 1.57121e-06 -7.41678e-07
244.4 1.52423e-06 -6.59447e-07
244.8 1.47813e-06 -5.67142e-07
245.2 1.43193e-06 -4.677e-07
245.6 1.38493e-06 -3.64282e-07
246 1.33673e-06 -2.60147e-07
246.4 1.28713e-06 -1.58534e-07
246.8 1.2361e-06 -6.25438e-08
247.2 1.18371e-06 2.49744e-08
247.6 1.13009e-06 1.01525e-07
248 1.07538e-06 1.65051e-07
248.4 1.01969e-06 2.14006e-07
248.8 9.63017e-07 2.47399e-07
249.2 9.05296e-07 2.64826e-07
249.6 8.46326e-07 2.66467e-07
250 7.85789e-07 2.53074e-07
250.4 7.23253e-07 2.25928e-07
250.8 6.58188e-07 1.86775e-07
251.2 5.89996e-07 1.37757e-07
251.6 5.18041e-07 8.13147e-08
252 4.41693e-07 2.00871e-08
252.4 3.6037e-07 -4.3193e-08
252.8 2.73586e-07 -1.0581e-07
253.2 1.8099e-07 -1.6517e-07
253.6 8.2416e-08 -2.18904e-07
254 -2.20905e-08 -2.64951e-07
254.4 -1.32238e-07 -3.01638e-07
254.8 -2.47474e-07 -3.27737e-07
255.2 -3.66971e-07 -3.42504e-07
255.6 -4.89638e-07 -3.45698e-07
256 -6.14124e-07 -3.37585e-07
256.4 -7.38851e-07 -3.1891e-07
256.8 -8.62049e-07 -2.90863e-07
257.2 -9.81796e-07 -2.55018e-07
257.6 -1.09608e-06 -2.13265e-07
258 -1.20284e-06 -1.67722e-07
258.4 -1.30006e-06 -1.2065e-07
258.8 -1.38581e-06 -7.43509e-08
259.2 -1.4583e-06 -3.10769e-08
259.6 -1.51597e-06 7.0655e-09
260 -1.55753e-06 3.81997e-08
260.4 -1.582e-06 6.07539e-08
260.8 -1.58874e-06 7.35232e-08
261.2 -1.5775e-06 7.57158e-08
261.6 -1.54842e-06 6.69814e-08
262 -1.50203e-06 4.74223e-08
262.4 -1.43922e-06 1.75859e-08
262.8 -1.36125e-06 -2.15614e-08
263.2 -1.2697e-06 -6.86758e-08
263.6 -1.1664e-06 -1.22093e-07
264 -1.05343e-06 -1.79899e-07
264.4 -9.32983e-07 -2.40005e-07
264.8 -8.07367e-07 -3.00234e-07
265.2 -6.78903e-07 -3.58411e-07
265.6 -5.49868e-07 -4.12443e-07
266 -4.22431e-07 -4.60406e-07
266.4 -2.98593e-07 -5.00616e-07
266.8 -1.80135e-07 -5.31697e-07
267.2 -6.85811e-08 -5.52627e-07
267.6 3.48389e-08 -5.62778e-07
268 1.29207e-07 -5.61934e-07
268.4 2.13926e-07 -5.50296e-07
268.8 2.88717e-07 -5.28466e-07
269.2 3.53606e-07 -4.97422e-07
269.6 4.08898e-07 -4.5847e-07
270 4.55143e-07 -4.1319e-07
270.4 4.93095e-07 -3.6337e-07
270.8 5.23667e-07 -3.1093e-07
271.2 5.47879e-07 -2.57844e-07
271.6 5.66804e-07 -2.06061e-07
272 5.81521e-07 -1.57426e-07
272.4 5.93065e-07 -1.13609e-07
272.8 6.02381e-07 -7.6039e-08
273.2 6.10293e-07 -4.58507e-08
273.6 6.17466e-07 -2.38421e-08
274 6.24396e-07 -1.04475e-08
274.4 6.3139e-07 -5.72443e-09
274.8 6.38572e-07 -9.35684e-09
275.2 6.45886e-07 -2.06727e-08
275.6 6.53118e-07 -3.86762e-08
276 6.59917e-07 -6.20926e-08
276.4 6.6583e-07 -8.94243e-08
276.8 6.70336e-07 -1.19014e-07
277.2 6.72891e-07 -1.49117e-07
277.6 6.72962e-07 -1.77971e-07
278 6.70074e-07 -2.03872e-07
278.4 6.63842e-07 -2.25242e-07
278.8 6.54011e-07 -2.40696e-07
279.2 6.40478e-07 -2.49096e-07
279.6 6.23313e-07 -2.49595e-07
280 6.02772e-07 -2.41676e-07
280.4 5.79302e-07 -2.25165e-07
280.8 5.53528e-07 -2.00244e-07
281.2 5.26242e-07 -1.67435e-07
281.6 4.98379e-07 -1.27585e-07
282 4.70984e-07 -8.18263e-08
282.4 4.45172e-07 -3.15323e-08
282.8 4.2209e-07 2.17378e-08
283.2 4.02867e-07 7.63021e-08
283.6 3.88569e-07 1.30423e-07
284 3.80153e-07 1.82375e-07
284.4 3.7842e-07 2.30513e-07
284.8 3.83985e-07 2.73338e-07
285.2 3.97237e-07 3.09552e-07
285.6 4.18316e-07 3.38109e-07
286 4.47102e-07 3.58254e-07
286.4 4.83206e-07 3.6955e-07
286.8 5.25974e-07 3.71891e-07
287.2 5.74506e-07 3.65507e-07
287.6 6.27677e-07 3.50949e-07
288 6.84171e-07 3.29063e-07
288.4 7.42523e-07 3.00959e-07
288.8 8.01168e-07 2.67959e-07
289.2 8.58491e-07 2.31548e-07
289.6 9.12883e-07 1.93309e-07
290 9.62796e-07 1.54866e-07
290.4 1.0068e-06 1.17812e-07
290.8 1.04361e-06 8.36551e-08
291.2 1.07219e-06 5.37524e-08
291.6 1.09172e-06 2.92636e-08
292 1.10166e-06 1.11049e-08
292.4 1.10178e-06 -8.30979e-11
292.8 1.09212e-06 -3.95794e-09
293.2 1.07307e-06 -4.84931e-10
293.6 1.04527e-06 1.00653e-08
294 1.00963e-06 2.71316e-08
294.4 9.67307e-07 4.9888e-08
294.8 9.19637e-07 7.72806e-08
295.2 8.68102e-07 1.08072e-07
295.6 8.14271e-07 1.40895e-07
296 7.59751e-07 1.74306e-07
296.4 7.06128e-07 2.06848e-07
296.8 6.54908e-07 2.37108e-07
297.2 6.07471e-07 2.63773e-07
297.6 5.65024e-07 2.85684e-07
298 5.28557e-07 3.0188e-07
298.4 4.98817e-07 3.11637e-07
298.8 4.76283e-07 3.14495e-07
299.2 4.61155e-07 3.10274e-07
299.6 4.53358e-07 2.99081e-07
300 4.52542e-07 2.813e-07
300.4 4.5811e-07 2.57581e-07
300.8 4.69243e-07 2.28807e-07
301.2 4.84937e-07 1.96059e-07
301.6 5.04046e-07 1.60571e-07
302 5.2533e-07 1.23682e-07
302.4 5.47506e-07 8.67793e-08
302.8 5.69297e-07 5.12449e-08
303.2 5.89487e-07 1.83996e-08
303.6 6.06964e-07 -1.05488e-08
304 6.20764e-07 -3.45523e-08
304.4 6.30107e-07 -5.27629e-08
304.8 6.34426e-07 -6.45653e-08
305.2 6.33386e-07 -6.9599e-08
305.6 6.26893e-07 -6.77708e-08
306 6.15095e-07 -5.92562e-08
306.4 5.98374e-07 -4.44906e-08
306.8 5.77324e-07 -2.41498e-08
307.2 5.52731e-07 8.78779e-10
307.6 5.25531e-07 2.95328e-08
308 4.96776e-07 6.06186e-08
308.4 4.6759e-07 9.28594e-08
308.8 4.39121e-07 1.24947e-07
309.2 4.12493e-07 1.55592e-07
309.6 3.88766e-07 1.83577e-07
310 3.68891e-07 2.07805e-07
310.4 3.5367e-07 2.27336e-07
310.8 3.4373e-07 2.41429e-07
311.2 3.39496e-07 2.49567e-07
311.6 3.41177e-07 2.51475e-07
312 3.48757e-07 2.4713e-07
312.4 3.62e-07 2.36758e-07
312.8 3.80458e-07 2.20823e-07
313.2 4.03493e-07 2.00008e-07
313.6 4.30301e-07 1.75184e-07
314 4.59946e-07 1.47375e-07
314.4 4.91398e-07 1.17713e-07
314.8 5.23575e-07 8.73974e-08
315.2 5.55381e-07 5.76408e-08
315.6 5.85755e-07 2.96241e-08
316 6.13709e-07 4.44916e-09
316.4 6.38365e-07 -1.6905e-08
316.8 6.5899e-07 -3.36195e-08
317.2 6.7502e-07 -4.50672e-08
317.6 6.86084e-07 -5.08356e-08
318 6.92012e-07 -5.07418e-08
318.4 6.9284e-07 -4.48376e-08
318.8 6.88807e-07 -3.34055e-08
319.2 6.80342e-07 -1.69455e-08
319.6 6.6804e-07 3.84659e-09
320 6.52643e-07 2.81085e-08
320.4 6.35003e-07 5.48469e-08
320.8 6.16046e-07 8.29786e-08
321.2 5.96735e-07 1.11374e-07
321.6 5.7803e-07 1.38901e-07
322 5.60848e-07 1.64473e-07
322.4 5.46028e-07 1.87088e-07
322.8 5.34293e-07 2.05871e-07
323.2 5.26227e-07 2.20106e-07
323.6 5.22249e-07 2.29261e-07
324 5.22598e-07 2.33011e-07
324.4 5.27323e-07 2.31248e-07
324.8 5.36289e-07 2.24081e-07
325.2 5.49173e-07 2.11834e-07
325.6 5.65488e-07 1.95025e-07
326 5.84602e-07 1.74351e-07
326.4 6.05759e-07 1.50651e-07
326.8 6.2812e-07 1.2488e-07
327.2 6.50788e-07 9.80602e-08
327.6 6.72854e-07 7.12474e-08
328 6.93426e-07 4.54848e-08
328.4 7.11672e-07 2.17629e-08
328.8 7.26849e-07 9.80186e-10
329.2 7.38334e-07 -1.6092e-08
329.6 7.45649e-07 -2.88386e-08
330 7.48482e-07 -3.68244e-08
330.4 7.46693e-07 -3.98094e-08
330.8 7.40326e-07 -3.77566e-08
331.2 7.29602e-07 -3.08321e-08
331.6 7.14911e-07 -1.93957e-08
332 6.96793e-07 -3.98557e-09
332.4 6.75922e-07 1.47052e-08
332.8 6.53073e-07 3.58578e-08
333.2 6.2909e-07 5.85616e-08
333.6 6.04857e-07 8.18513e-08
334 5.81259e-07 1.04746e-07
334.4 5.59146e-07 1.2629e-07
334.8 5.39303e-07 1.45587e-07
335.2 5.22415e-07 1.61842e-07
335.6 5.09043e-07 1.74387e-07
336 4.996e-07 1.82708e-07
336.4 4.94339e-07 1.86466e-07
336.8 4.93341e-07 1.85508e-07
337.2 4.96514e-07 1.79872e-07
337.6 5.03595e-07 1.69786e-07
338 5.14168e-07 1.55652e-07
338.4 5.27675e-07 1.38036e-07
338.8 5.43444e-07 1.1764e-07
339.2 5.60711e-07 9.52716e-08
339.6 5.7866e-07 7.18156e-08
340 5.96446e-07 4.81943e-08
340.4 6.13239e-07 2.5332e-08
340.8 6.28248e-07 4.11796e-09
341.2 6.4076e-07 -1.46292e-08
341.6 6.50165e-07 -3.01931e-08
342 6.55979e-07 -4.19881e-08
342.4 6.57866e-07 -4.95812e-08
342.8 6.55649e-07 -5.27085e-08
343.2 6.49316e-07 -5.12844e-08
343.6 6.39021e-07 -4.54041e-08
344 6.25078e-07 -3.53382e-08
344.4 6.07945e-07 -2.15209e-08
344.8 5.88209e-07 -4.53161e-09
345.2 5.66558e-07 1.49292e-08
345.6 5.43758e-07 3.60685e-08
346 5.20618e-07 5.80331e-08
346.4 4.9796e-07 7.99438e-08
346.8 4.76585e-07 1.0093e-07
347.2 4.57246e-07 1.20166e-07
347.6 4.40609e-07 1.36901e-07
348 4.27236e-07 1.5049e-07
348.4 4.17561e-07 1.60417e-07
348.8 4.1187e-07 1.66318e-07
349.2 4.10293e-07 1.6799e-07
349.6 4.12799e-07 1.654e-07
350 4.19201e-07 1.58685e-07
350.4 4.29158e-07 1.48145e-07
350.8 4.42193e-07 1.3423e-07
351.2 4.57714e-07 1.17521e-07
351.6 4.75035e-07 9.87044e-08
352 4.93402e-07 7.85462e-08
352.4 5.12028e-07 5.78595e-08
352.8 5.3012e-07 3.74722e-08
353.2 5.46912e-07 1.81938e-08
353.6 5.61692e-07 7.83286e-10
354 5.73835e-07 -1.40805e-08
354.4 5.82821e-07 -2.58253e-08
354.8 5.88256e-07 -3.40076e-08
355.2 5.89892e-07 -3.83293e-08
355.6 5.87625e-07 -3.86481e-08
356 5.81507e-07 -3.49826e-08
356.4 5.71741e-07 -2.75099e-08
356.8 5.58667e-07 -1.65575e-08
357.2 5.4275e-07 -2.58921e-09
357.6 5.24565e-07 1.38144e-08
358 5.04766e-07 3.19799e-08
358.4 4.84063e-07 5.11685e-08
358.8 4.63194e-07 7.06062e-08
359.2 4.42894e-07 8.95143e-08
359.6 4.23868e-07 1.07141e-07
360 4.06758e-07 1.22791e-07
360.4 3.92128e-07 1.35852e-07
360.8 3.80431e-07 1.45821e-07
361.2 3.72e-07 1.52318e-07
361.6 3.67033e-07 1.55108e-07
362 3.65587e-07 1.54102e-07
362.4 3.67577e-07 1.49364e-07
362.8 3.72781e-07 1.41106e-07
363.2 3.8085e-07 1.29677e-07
363.6 3.91324e-07 1.15553e-07
364 4.0365e-07 9.93087e-08
364.4 4.17207e-07 8.16027e-08
364.8 4.31332e-07 6.3145e-08
365.2 4.45345e-07 4.46708e-08
365.6 4.58579e-07 2.69101e-08
366 4.70407e-07 1.05592e-08
366.4 4.80264e-07 -3.74708e-09
366.8 4.87675e-07 -1.546e-08
367.2 4.92268e-07 -2.41383e-08
367.6 4.93794e-07 -2.9465e-08
368 4.92131e-07 -3.12588e-08
368.4 4.87293e-07 -2.94808e-08
368.8 4.79426e-07 -2.42344e-08
369.2 4.68802e-07 -1.57608e-08
369.6 4.55807e-07 -4.42794e-09
370 4.40928e-07 9.28503e-09
370.4 4.24727e-07 2.48075e-08
370.8 4.07824e-07 4.15007e-08
371.2 3.90867e-07 5.86841e-08
371.6 3.74508e-07 7.56622e-08
372 3.59378e-07 9.1753e-08
372.4 3.46059e-07 1.06314e-07
372.8 3.35061e-07 1.1877e-07
373.2 3.26802e-07 1.28632e-07
373.6 3.21595e-07 1.35519e-07
374 3.19629e-07 1.3917e-07
374.4 3.20966e-07 1.39456e-07
374.8 3.25541e-07 1.36384e-07
375.2 3.33158e-07 1.30093e-07
375.6 3.43504e-07 1.2085e-07
376 3.56162e-07 1.09039e-07
376.4 3.70622e-07 9.51426e-08
376.8 3.86308e-07 7.97234e-08
377.2 4.02598e-07 6.34015e-08
377.6 4.18849e-07 4.68285e-08
378 4.34421e-07 3.06616e-08
378.4 4.48707e-07 1.55376e-08
378.8 4.61151e-07 2.04743e-09
379.2 4.71274e-07 -9.28693e-09
379.6 4.7869e-07 -1.80329e-08
380 4.83122e-07 -2.38639e-08
380.4 4.84412e-07 -2.65717e-08
380.8 4.82527e-07 -2.60735e-08
381.2 4.77558e-07 -2.24151e-08
381.6 4.69718e-07 -1.57676e-08
382 4.5933e-07 -6.42012e-09
382.4 4.46818e-07 5.23266e-09
382.8 4.32683e-07 1.8707e-08
383.2 4.17491e-07 3.34496e-08
383.6 4.0184e-07 4.88607e-08
384 3.86346e-07 6.43175e-08
384.4 3.71612e-07 7.91999e-08
384.8 3.58207e-07 9.29144e-08
385.2 3.46641e-07 1.04918e-07
385.6 3.37349e-07 1.1474e-07
386 3.3067e-07 1.21998e-07
386.4 3.26837e-07 1.26417e-07
386.8 3.25968e-07 1.27834e-07
387.2 3.28058e-07 1.26207e-07
387.6 3.32986e-07 1.21617e-07
388 3.40518e-07 1.14261e-07
388.4 3.50315e-07 1.04446e-07
388.8 3.61948e-07 9.25729e-08
389.2 3.74918e-07 7.91232e-08
389.6 3.88673e-07 6.46378e-08
390 4.02633e-07 4.96949e-08
390.4 4.16211e-07 3.48872e-08
390.8 4.28836e-07 2.07981e-08
391.2 4.3998e-07 7.97847e-09
391.6 4.49172e-07 -3.07501e-09
392 4.56022e-07 -1.19392e-08
392.4 4.60234e-07 -1.8281e-08
392.8 4.61617e-07 -2.18697e-08
393.2 4.60092e-07 -2.2586e-08
393.6 4.55695e-07 -2.04254e-08
394 4.48574e-07 -1.54981e-08
394.4 4.38985e-07 -8.02365e-09
394.8 4.27277e-07 1.6785e-09
395.2 4.13883e-07 1.32024e-08
395.6 3.99296e-07 2.60721e-08
396 3.84055e-07 3.97615e-08
396.4 3.68721e-07 5.37151e-08
396.8 3.53852e-07 6.73707e-08
397.2 3.39987e-07 8.01818e-08
397.6 3.27618e-07 9.16387e-08
398 3.17176e-07 1.01289e-07
398.4 3.09012e-07 1.08757e-07
398.8 3.03382e-07 1.13752e-07
399.2 3.00443e-07 1.16089e-07
399.6 3.00241e-07 1.15686e-07
400 3.02714e-07 1.12573e-07
