-0.498 1.0502 0.736174
-0.496 1.28142 0.750816
-0.494 1.46554 0.749875
-0.492 1.59401 0.732263
-0.49 1.6608 0.697495
-0.488 1.66269 0.645735
-0.486 1.59944 0.577816
-0.484 1.47378 0.495227
-0.482 1.29128 0.400067
-0.48 1.06009 0.294978
-0.478 0.790545 0.183041
-0.476 0.494662 0.0676539
-0.474 0.185594 -0.0476034
-0.472 -0.123011 -0.159121
-0.47 -0.417644 -0.263409
-0.468 -0.68557 -0.357246
-0.466 -0.915416 -0.437815
-0.464 -1.0977 -0.502824
-0.462 -1.22524 -0.550601
-0.46 -1.2935 -0.580163
-0.458 -1.30074 -0.59125
-0.456 -1.24807 -0.584336
-0.454 -1.13937 -0.560592
-0.452 -0.981048 -0.521828
-0.45 -0.781692 -0.470405
-0.448 -0.551624 -0.409121
-0.446 -0.302364 -0.341071
-0.444 -0.0460411 -0.269511
-0.442 0.205211 -0.1977
-0.44 0.439858 -0.128754
-0.438 0.647527 -0.0655035
-0.436 0.819502 -0.0103737
-0.434 0.94913 0.034721
-0.432 1.03211 0.0684507
-0.43 1.06667 0.0901146
-0.428 1.05358 0.0996537
-0.426 0.996061 0.0976306
-0.424 0.899557 0.0851781
-0.422 0.771382 0.0639199
-0.42 0.62028 0.0358666
-0.418 0.455913 0.00329397
-0.416 0.288302 -0.0313907
-0.414 0.127255 -0.0657876
-0.412 -0.0181874 -0.0976405
-0.41 -0.140261 -0.124964
-0.408 -0.232912 -0.146152
-0.406 -0.292138 -0.160069
-0.404 -0.31621 -0.16611
-0.402 -0.30577 -0.164233
-0.4 -0.263793 -0.154957
-0.398 -0.195427 -0.139332
-0.396 -0.107698 -0.118876
-0.394 -0.00911486 -0.0954847
-0.392 0.0908118 -0.0713198
-0.39 0.182118 -0.0486808
-0.388 0.254966 -0.0298663
-0.386 0.300228 -0.017033
-0.384 0.310039 -0.0120597
-0.382 0.2783 -0.0164238
-0.38 0.201093 -0.0310972
-0.378 0.0769852 -0.0564664
-0.376 -0.092786 -0.092283
-0.374 -0.304266 -0.137647
-0.372 -0.550881 -0.191023
-0.37 -0.823669 -0.250292
-0.368 -1.11165 -0.312837
-0.366 -1.40231 -0.375652
-0.364 -1.68215 -0.435477
-0.362 -1.93734 -0.488953
-0.36 -2.15441 -0.532785
-0.358 -2.32087 -0.563902
-0.356 -2.42589 -0.579616
-0.354 -2.46086 -0.577769
-0.352 -2.41987 -0.556848
-0.35 -2.30009 -0.516086
-0.348 -2.10193 -0.455516
-0.346 -1.8292 -0.376
-0.344 -1.48894 -0.279211
-0.342 -1.09119 -0.167586
-0.34 -0.64864 -0.0442353
-0.338 -0.176042 0.0871765
-0.336 0.310375 0.222576
-0.334 0.793627 0.35765
-0.332 1.25672 0.488019
-0.33 1.68339 0.609428
-0.328 2.05886 0.717919
-0.326 2.37045 0.810003
-0.324 2.60817 0.882801
-0.322 2.76517 0.93417
-0.32 2.83797 0.962783
-0.318 2.82667 0.968186
-0.316 2.73484 0.950799
-0.314 2.56936 0.911897
-0.312 2.34007 0.853534
-0.31 2.05923 0.778445
-0.308 1.74095 0.68991
-0.306 1.40048 0.5916
-0.304 1.05348 0.487401
-0.302 0.715237 0.381237
-0.3 0.399971 0.276889
-0.298 0.120134 0.177829
-0.296 -0.114153 0.0870662
-0.294 -0.29556 0.00702524
-0.292 -0.419856 -0.0605476
-0.29 -0.486063 -0.114641
-0.288 -0.496438 -0.154997
-0.286 -0.456296 -0.182092
-0.284 -0.373676 -0.197078
-0.282 -0.258869 -0.201693
-0.28 -0.123833 -0.198138
-0.278 0.018474 -0.188941
-0.276 0.15481 -0.1768
-0.274 0.272378 -0.164419
-0.272 0.359533 -0.154355
-0.27 0.406423 -0.148865
-0.268 0.405545 -0.149784
-0.266 0.352172 -0.158418
-0.264 0.244645 -0.175472
-0.262 0.0844992 -0.201015
-0.26 -0.123571 -0.234475
-0.258 -0.371912 -0.274673
-0.256 -0.650267 -0.319892
-0.254 -0.946271 -0.367976
-0.252 -1.24607 -0.416448
-0.25 -1.535 -0.46266
-0.248 -1.79839 -0.503936
-0.246 -2.02225 -0.537737
-0.244 -2.1941 -0.561804
-0.242 -2.30362 -0.5743
-0.24 -2.34324 -0.573922
-0.238 -2.30863 -0.559993
-0.236 -2.199 -0.532515
-0.234 -2.01725 -0.49219
-0.232 -1.76993 -0.440399
-0.23 -1.46702 -0.379151
-0.228 -1.12151 -0.310988
-0.226 -0.748847 -0.238864
-0.224 -0.366231 -0.165998
-0.222 0.00821185 -0.0957086
-0.22 0.356306 -0.0312389
-0.218 0.660733 0.0244164
-0.216 0.905921 0.0686785
-0.214 1.07887 0.0995328
-0.212 1.16986 0.115651
-0.21 1.17304 0.116483
-0.208 1.08681 0.102304
-0.206 0.914014 0.0742337
-0.204 0.661907 0.0341971
-0.202 0.341948 -0.015145
-0.2 -0.0306739 -0.0705094
-0.198 -0.437665 -0.128137
-0.196 -0.858432 -0.183965
-0.194 -1.27101 -0.233821
-0.192 -1.65306 -0.273627
-0.19 -1.98293 -0.299597
-0.188 -2.24068 -0.308434
-0.186 -2.40903 -0.297503
-0.184 -2.47421 -0.264974
-0.182 -2.42667 -0.209933
-0.18 -2.2616 -0.132447
-0.178 -1.97918 -0.033592
-0.176 -1.58469 0.0845755
-0.174 -1.08831 0.219086
-0.172 -0.504766 0.366171
-0.17 0.147292 0.521412
-0.168 0.84605 0.679923
-0.166 1.56744 0.836556
-0.164 2.28618 0.986111
-0.162 2.97677 1.12357
-0.16 3.61466 1.24427
-0.158 4.17719 1.34417
-0.156 4.64456 1.41993
-0.154 5.00064 1.4691
-0.152 5.23362 1.49021
-0.15 5.33642 1.48277
-0.148 5.30696 1.44734
-0.146 5.14819 1.38542
-0.144 4.86786 1.29939
-0.142 4.47816 1.1924
-0.14 3.99508 1.06816
-0.138 3.43775 0.930807
-0.136 2.82748 0.784671
-0.134 2.18687 0.634093
-0.132 1.53884 0.483219
-0.13 0.905605 0.335824
-0.128 0.307779 0.195151
-0.126 -0.236453 0.0637925
-0.124 -0.712046 -0.0564005
-0.122 -1.10764 -0.164359
-0.12 -1.41591 -0.259796
-0.118 -1.63378 -0.343164
-0.116 -1.76235 -0.415572
-0.114 -1.80673 -0.478665
-0.112 -1.77563 -0.534476
-0.11 -1.68085 -0.585261
-0.108 -1.53659 -0.633318
-0.106 -1.35875 -0.680814
-0.104 -1.16407 -0.729609
-0.102 -0.969321 -0.781113
-0.1 -0.79053 -0.83616
-0.098 -0.642188 -0.894926
-0.096 -0.536598 -0.956877
-0.094 -0.483316 -1.02077
-0.092 -0.488729 -1.0847
-0.09 -0.555784 -1.14618
-0.088 -0.683877 -1.20224
-0.086 -0.868917 -1.24964
-0.084 -1.10354 -1.285
-0.082 -1.3775 -1.30502
-0.08 -1.67816 -1.30668
-0.078 -1.99116 -1.28743
-0.076 -2.30113 -1.24538
-0.074 -2.59245 -1.17945
-0.072 -2.85008 -1.08949
-0.07 -3.0603 -0.97634
-0.068 -3.21146 -0.841873
-0.066 -3.29454 -0.688964
-0.064 -3.30367 -0.521412
-0.062 -3.23636 -0.343815
-0.06 -3.09366 -0.161398
-0.058 -2.88007 0.0201958
-0.056 -2.60325 0.195138
-0.054 -2.27359 0.357671
-0.052 -1.90361 0.502362
-0.05 -1.50729 0.624354
-0.048 -1.09931 0.719595
-0.046 -0.69423 0.785033
-0.044 -0.305826 0.818773
-0.042 0.0536442 0.820182
-0.04 0.373966 0.789936
-0.038 0.647391 0.730012
-0.036 0.868887 0.643613
-0.034 1.03622 0.535043
-0.032 1.14985 0.409524
-0.03 1.21269 0.272974
-0.028 1.22972 0.131741
-0.026 1.20748 -0.00767414
-0.024 1.15355 -0.138917
-0.022 1.07592 -0.256063
-0.02 0.982473 -0.353897
-0.018 0.880492 -0.428147
-0.016 0.776233 -0.475687
-0.014 0.674662 -0.494682
-0.012 0.579284 -0.484673
-0.01 0.492113 -0.446596
-0.008 0.413743 -0.382741
-0.006 0.343508 -0.296635
-0.004 0.279708 -0.192881
-0.002 0.219862 -0.0769274
0 0.160992 0.0451845
0.002 0.100087 0.16711
0.004 0.0338595 0.28252
0.006 -0.0404902 0.38539
0.008 -0.125144 0.47029
0.01 -0.221403 0.532647
0.012 -0.329439 0.56896
0.014 -0.448088 0.576972
0.016 -0.574713 0.555769
0.018 -0.705144 0.505828
0.02 -0.833745 0.428991
0.022 -0.953583 0.328377
0.024 -1.05675 0.208235
0.026 -1.13475 0.0737448
0.028 -1.17906 -0.0692241
0.03 -1.18165 -0.214381
0.032 -1.13559 -0.355301
0.034 -1.03564 -0.485715
0.036 -0.878683 -0.599784
0.038 -0.664178 -0.692356
0.04 -0.394377 -0.759184
0.042 -0.0744228 -0.7971
0.044 0.287734 -0.804133
0.046 0.681598 -0.77958
0.048 1.09455 -0.724007
0.05 1.51242 -0.6392
0.052 1.92017 -0.528059
0.054 2.30266 -0.394441
0.056 2.64541 -0.242973
0.058 2.93541 -0.0788203
0.06 3.16181 0.0925474
0.062 3.3165 0.265607
0.064 3.39461 0.435021
0.066 3.39475 0.595861
0.068 3.31914 0.743803
0.07 3.17347 0.875282
0.072 2.96662 0.987609
0.074 2.71019 1.07903
0.076 2.4179 1.14877
0.078 2.10486 1.19694
0.08 1.7868 1.22452
0.082 1.47925 1.23322
0.084 1.19675 1.22531
0.086 0.952137 1.20349
0.088 0.755858 1.17066
0.09 0.615479 1.12973
0.092 0.535288 1.08348
0.094 0.516065 1.03436
0.096 0.55503 0.984364
0.098 0.645943 0.934922
0.1 0.779381 0.886834
0.102 0.943158 0.840247
0.104 1.12289 0.794673
0.106 1.30265 0.749051
0.108 1.46575 0.70184
0.11 1.59554 0.651151
0.112 1.67621 0.594896
0.114 1.69366 0.530958
0.116 1.63617 0.457362
0.118 1.49515 0.372445
0.12 1.26561 0.275009
0.122 0.946591 0.164451
0.124 0.541337 0.0408666
0.126 0.05734 -0.0948923
0.128 -0.493851 -0.241192
0.13 -1.097 -0.395641
0.132 -1.73373 -0.555153
0.134 -2.38324 -0.716053
0.136 -3.02315 -0.874217
0.138 -3.63044 -1.02524
0.14 -4.18241 -1.16464
0.142 -4.65772 -1.28802
0.144 -5.03731 -1.39133
0.146 -5.30527 -1.471
0.148 -5.44962 -1.52416
0.15 -5.46286 -1.54876
0.152 -5.34241 -1.54372
0.154 -5.09075 -1.50893
0.156 -4.71543 -1.44537
0.158 -4.22881 -1.355
0.16 -3.64755 -1.24076
0.162 -2.99203 -1.10643
0.164 -2.28543 -0.956484
0.166 -1.55286 -0.795901
0.168 -0.820251 -0.62998
0.17 -0.11329 -0.46411
0.172 0.543661 -0.303546
0.174 1.1286 -0.153196
0.176 1.62278 -0.0174213
0.178 2.01156 0.100139
0.18 2.28489 0.196705
0.182 2.43781 0.270461
0.184 2.47052 0.320605
0.186 2.38835 0.34736
0.188 2.20146 0.351935
0.19 1.92428 0.336444
0.192 1.57481 0.303779
0.194 1.17377 0.257457
0.196 0.743585 0.201435
0.198 0.307344 0.139914
0.2 -0.112273 0.0771276
0.202 -0.494033 0.0171474
0.204 -0.819103 -0.0363127
0.206 -1.07188 -0.0800613
0.208 -1.24064 -0.111568
0.21 -1.31803 -0.129063
0.212 -1.30128 -0.131601
0.214 -1.19225 -0.119078
0.216 -0.99724 -0.0922075
0.218 -0.726558 -0.0524566
0.22 -0.393959 -0.00194355
0.222 -0.0158884 0.0566934
0.224 0.389372 0.120451
0.226 0.802627 0.186133
0.228 1.20471 0.250521
0.23 1.57742 0.310553
0.232 1.90435 0.36348
0.234 2.17165 0.407003
0.236 2.36864 0.439391
0.238 2.48821 0.459552
0.24 2.52708 0.467084
0.242 2.48587 0.46227
0.244 2.36894 0.44605
0.246 2.18409 0.419952
0.248 1.94206 0.385987
0.25 1.65593 0.346527
0.252 1.34042 0.304162
0.254 1.01108 0.261538
0.256 0.683529 0.221206
0.258 0.372622 0.18547
0.26 0.0917437 0.156247
0.262 -0.147853 0.134954
0.264 -0.337578 0.122422
0.266 -0.471888 0.118839
0.268 -0.548523 0.123731
0.27 -0.568561 0.135985
0.272 -0.536311 0.153897
0.274 -0.459029 0.175265
0.276 -0.3465 0.197508
0.278 -0.21048 0.217804
0.28 -0.0640416 0.233251
0.282 0.079146 0.241034
0.284 0.205566 0.238588
0.286 0.302598 0.223756
0.288 0.359215 0.19493
0.29 0.366597 0.15116
0.292 0.318639 0.0922413
0.294 0.212314 0.0187542
0.296 0.0478861 -0.0679259
0.298 -0.171049 -0.165664
0.3 -0.437691 -0.271639
0.302 -0.742325 -0.382454
0.304 -1.07276 -0.494275
0.306 -1.41491 -0.602996
0.308 -1.75345 -0.704423
0.31 -2.07255 -0.794458
0.312 -2.35666 -0.86929
0.314 -2.59126 -0.925574
0.316 -2.76359 -0.960582
0.318 -2.86324 -0.972342
0.32 -2.88276 -0.959731
0.322 -2.81796 -0.922539
0.324 -2.66821 -0.861487
0.326 -2.43647 -0.778206
0.328 -2.1292 -0.675174
0.33 -1.75608 -0.555619
0.332 -1.32961 -0.423382
0.334 -0.864528 -0.282758
0.336 -0.377169 -0.13832
0.338 0.115263 0.00527593
0.34 0.595471 0.143481
0.342 1.04682 0.272041
0.344 1.4541 0.387169
0.346 1.80412 0.485689
0.348 2.08633 0.565161
0.35 2.2932 0.623963
0.352 2.42054 0.661338
0.354 2.46758 0.677398
0.356 2.43691 0.673098
0.358 2.33435 0.65016
0.36 2.1685 0.610973
0.362 1.95034 0.558461
0.364 1.6926 0.495931
0.366 1.40913 0.42691
0.368 1.11419 0.354969
0.37 0.821772 0.283558
0.372 0.544931 0.215852
0.374 0.295186 0.154608
0.376 0.0820087 0.102054
0.378 -0.0875643 0.0598083
0.38 -0.209195 0.028826
0.382 -0.281359 0.00938767
0.384 -0.305317 0.00111879
0.386 -0.284941 0.00304423
0.388 -0.226413 0.0136718
0.39 -0.137812 0.0311005
0.392 -0.0286047 0.0531477
0.394 0.0909203 0.0774869
0.396 0.210253 0.101791
0.398 0.319262 0.123868
0.4 0.408766 0.141795
0.402 0.471044 0.15402
0.404 0.500255 0.159456
0.406 0.492757 0.157535
0.408 0.447299 0.148242
0.41 0.365075 0.132108
0.412 0.249649 0.110178
0.414 0.106743 0.0839484
0.416 -0.0560841 0.0552767
0.418 -0.229874 0.0262724
0.42 -0.404768 -0.000828027
0.422 -0.570571 -0.0237935
0.424 -0.717324 -0.0405332
0.426 -0.835872 -0.0492241
0.428 -0.918393 -0.0484269
0.43 -0.958852 -0.0371822
0.432 -0.953365 -0.0150824
0.434 -0.900449 0.017684
0.436 -0.801147 0.0603191
0.438 -0.659016 0.111435
0.44 -0.479988 0.169102
0.442 -0.272097 0.230928
0.444 -0.0451015 0.294164
0.446 0.189992 0.355824
0.448 0.421472 0.41283
0.45 0.637509 0.46215
0.452 0.82675 0.500951
0.454 0.978903 0.526732
0.456 1.08527 0.537456
0.458 1.13919 0.531649
0.46 1.13643 0.508483
0.462 1.07541 0.467825
0.464 0.957319 0.410254
0.466 0.786104 0.337048
0.468 0.568316 0.250134
0.47 0.312825 0.15201
0.472 0.0304225 0.0456415
0.474 -0.266675 -0.0656663
0.476 -0.565392 -0.178408
0.478 -0.85241 -0.289031
0.48 -1.1148 -0.394084
0.482 -1.34064 -0.490364
0.484 -1.51957 -0.575049
0.486 -1.64332 -0.645812
0.488 -1.70609 -0.700908
0.49 -1.70485 -0.739238
0.492 -1.63947 -0.760376
0.494 -1.51277 -0.764565
0.496 -1.33034 -0.75269
0.498 -1.10035 -0.726206
0.4 0.00129948 -0.000753613
0.8 0.00139897 -0.000747906
1.2 0.0015643 -0.000737896
1.6 0.00179471 -0.00072285
2 0.00208917 -0.00070177
2.4 0.00244628 -0.000673425
2.8 0.00286435 -0.000636387
3.2 0.00334133 -0.000589069
3.6 0.0038748 -0.00052978
4 0.00446199 -0.000456774
4.4 0.00509973 -0.000368303
4.8 0.00578447 -0.000262682
5.2 0.00651227 -0.00013834
5.6 0.0072788 6.11692e-06
6 0.00807935 0.000171853
6.4 0.00890884 0.000359748
6.8 0.00976186 0.000570353
7.2 0.0106327 0.000803845
7.6 0.0115153 0.00105999
8 0.0124035 0.00133813
8.4 0.0132909 0.00163715
8.8 0.0141711 0.00195546
9.2 0.0150374 0.00229104
9.6 0.0158836 0.00264139
10 0.0167032 0.0030036
10.4 0.0174903 0.00337437
10.8 0.0182389 0.00375005
11.2 0.0189438 0.00412666
11.6 0.0196 0.00450002
12 0.0202033 0.00486574
12.4 0.02075 0.00521935
12.8 0.021237 0.00555635
13.2 0.0216623 0.00587229
13.6 0.0220245 0.00616286
14 0.0223231 0.00642399
14.4 0.0225583 0.00665191
14.8 0.0227316 0.00684322
15.2 0.0228448 0.006995
15.6 0.0229011 0.00710486
16 0.022904 0.00717098
16.4 0.0228579 0.0071922
16.8 0.022768 0.00716802
17.2 0.0226397 0.00709866
17.6 0.022479 0.00698508
18 0.0222922 0.00682894
18.4 0.0220858 0.00663265
18.8 0.0218662 0.0063993
19.2 0.0216399 0.00613264
19.6 0.0214128 0.00583704
20 0.0211907 0.00551743
20.4 0.0209789 0.00517921
20.8 0.0207817 0.00482819
21.2 0.0206031 0.00447047
21.6 0.0204459 0.00411239
22 0.0203121 0.00376039
22.4 0.0202026 0.00342092
22.8 0.0201172 0.00310034
23.2 0.0200549 0.00280478
23.6 0.0200134 0.00254009
24 0.0199895 0.00231169
24.4 0.0199788 0.00212454
24.8 0.0199764 0.00198297
25.2 0.0199762 0.00189067
25.6 0.0199716 0.00185062
26 0.0199556 0.00186502
26.4 0.0199206 0.00193522
26.8 0.019859 0.00206178
27.2 0.0197629 0.00224438
27.6 0.0196248 0.00248184
28 0.0194374 0.00277216
28.4 0.019194 0.00311253
28.8 0.0188885 0.00349938
29.2 0.0185157 0.00392843
29.6 0.0180712 0.00439475
30 0.0175521 0.00489284
30.4 0.0169563 0.00541673
30.8 0.0162833 0.00596005
31.2 0.0155337 0.00651613
31.6 0.0147098 0.00707811
32 0.0138149 0.00763902
32.4 0.0128538 0.00819191
32.8 0.0118328 0.00872991
33.2 0.0107591 0.00924639
33.6 0.00964098 0.00973497
34 0.00848786 0.0101897
34.4 0.00730981 0.010605
34.8 0.00611752 0.0109759
35.2 0.00492213 0.0112981
35.6 0.00373497 0.0115676
36 0.00256741 0.0117816
36.4 0.00143064 0.0119375
36.8 0.000335449 0.0120338
37.2 -0.000707918 0.0120696
37.6 -0.00168998 0.0120447
38 -0.00260215 0.0119598
38.4 -0.00343689 0.011816
38.8 -0.00418784 0.0116155
39.2 -0.00484987 0.0113608
39.6 -0.0054192 0.0110552
40 -0.00589339 0.0107023
40.4 -0.00627138 0.0103065
40.8 -0.00655345 0.00987248
41.2 -0.0067412 0.00940523
41.6 -0.00683744 0.00891008
42 -0.00684614 0.0083926
42.4 -0.00677228 0.00785849
42.8 -0.00662175 0.00731352
43.2 -0.00640116 0.0067635
43.6 -0.00611774 0.00621414
44 -0.00577914 0.00567105
44.4 -0.00539326 0.00513966
44.8 -0.00496811 0.00462514
45.2 -0.00451168 0.00413236
45.6 -0.00403172 0.00366586
46 -0.00353567 0.00322978
46.4 -0.00303054 0.00282783
46.8 -0.00252276 0.00246327
47.2 -0.00201816 0.00213887
47.6 -0.00152186 0.00185691
48 -0.00103828 0.00161915
48.4 -0.000571066 0.00142683
48.8 -0.000123151 0.00128068
49.2 0.000303265 0.00118095
49.6 0.000706656 0.00112735
50 0.00108612 0.00111916
50.4 0.00144132 0.00115519
50.8 0.00177238 0.00123387
51.2 0.00207985 0.00135322
51.6 0.00236455 0.00151093
52 0.00262756 0.00170442
52.4 0.00287007 0.00193083
52.8 0.00309335 0.00218712
53.2 0.00329865 0.00247008
53.6 0.00348714 0.00277643
54 0.00365989 0.00310279
54.4 0.00381781 0.00344581
54.8 0.00396165 0.00380214
55.2 0.00409197 0.00416852
55.6 0.0042092 0.00454181
56 0.00431362 0.00491899
56.4 0.00440542 0.00529724
56.8 0.00448473 0.00567389
57.2 0.00455173 0.00604652
57.6 0.00460664 0.00641288
58 0.00464985 0.00677098
58.4 0.00468197 0.00711902
58.8 0.00470387 0.00745542
59.2 0.00471681 0.00777877
59.6 0.0047224 0.00808785
60 0.00472272 0.0083816
60.4 0.00472033 0.00865905
60.8 0.00471824 0.00891935
61.2 0.00471999 0.0091617
61.6 0.00472956 0.00938533
62 0.00475134 0.00958949
62.4 0.00479013 0.00977336
62.8 0.00485099 0.00993611
63.2 0.00493922 0.0100768
63.6 0.0050602 0.0101944
64 0.00521932 0.0102878
64.4 0.0054218 0.0103558
64.8 0.00567263 0.0103969
65.2 0.00597637 0.0104098
65.6 0.00633705 0.0103929
66 0.00675802 0.0103446
66.4 0.00724187 0.0102631
66.8 0.00779025 0.010147
67.2 0.00840382 0.00999447
67.6 0.00908216 0.00980407
68 0.00982372 0.00957436
68.4 0.0106257 0.00930414
68.8 0.0114843 0.00899242
69.2 0.0123943 0.00863849
69.6 0.0133494 0.00824201
70 0.0143422 0.00780299
70.4 0.0153645 0.00732188
70.8 0.0164068 0.00679961
71.2 0.0174592 0.00623758
71.6 0.018511 0.0056377
72 0.0195511 0.00500242
72.4 0.0205679 0.00433468
72.8 0.0215499 0.00363797
73.2 0.0224857 0.00291622
73.6 0.0233639 0.00217385
74 0.0241738 0.00141567
74.4 0.0249052 0.000646851
74.8 0.0255486 -0.000127157
75.2 0.0260956 -0.00090068
75.6 0.0265387 -0.00166791
76 0.0268716 -0.00242299
76.4 0.0270892 -0.0031601
76.8 0.027188 -0.00387355
77.2 0.0271655 -0.00455788
77.6 0.0270208 -0.00520794
78 0.0267544 -0.00581896
78.4 0.0263681 -0.00638668
78.8 0.0258649 -0.00690737
79.2 0.0252492 -0.00737792
79.6 0.0245265 -0.0077959
80 0.0237032 -0.00815956
80.4 0.0227868 -0.00846793
80.8 0.0217855 -0.00872077
81.2 0.0207082 -0.00891858
81.6 0.0195642 -0.00906263
82 0.0183634 -0.00915488
82.4 0.0171157 -0.00919797
82.8 0.0158312 -0.00919516
83.2 0.01452 -0.00915026
83.6 0.0131922 -0.00906754
84 0.0118574 -0.00895169
84.4 0.0105251 -0.00880769
84.8 0.00920427 -0.00864072
85.2 0.00790357 -0.00845608
85.6 0.00663105 -0.00825905
86 0.00539426 -0.00805485
86.4 0.00420016 -0.00784849
86.8 0.00305519 -0.00764471
87.2 0.00196519 -0.00744789
87.6 0.000935446 -0.00726196
88 -2.92942e-05 -0.00709036
88.4 -0.000924809 -0.00693597
88.8 -0.00174738 -0.00680107
89.2 -0.00249376 -0.00668731
89.6 -0.00316117 -0.0065957
90 -0.00374726 -0.00652659
90.4 -0.00425009 -0.00647971
90.8 -0.00466814 -0.00645415
91.2 -0.00500028 -0.00644844
91.6 -0.00524579 -0.00646056
92 -0.00540434 -0.00648799
92.4 -0.00547605 -0.00652781
92.8 -0.00546144 -0.00657675
93.2 -0.00536152 -0.00663122
93.6 -0.00517776 -0.00668746
94 -0.00491214 -0.00674159
94.4 -0.00456718 -0.00678966
94.8 -0.00414597 -0.00682777
95.2 -0.00365217 -0.00685212
95.6 -0.00309004 -0.00685909
96 -0.00246445 -0.00684532
96.4 -0.00178088 -0.00680773
96.8 -0.00104541 -0.00674362
97.2 -0.000264711 -0.00665066
97.6 0.000554006 -0.00652699
98 0.00140302 -0.00637118
98.4 0.00227415 -0.00618231
98.8 0.00315886 -0.00595991
99.2 0.00404827 -0.00570402
99.6 0.00493334 -0.00541516
100 0.00580488 -0.00509431
100.4 0.00665374 -0.00474289
100.8 0.00747085 -0.00436274
101.2 0.00824743 -0.00395606
101.6 0.00897501 -0.00352541
102 0.00964564 -0.00307363
102.4 0.010252 -0.00260384
102.8 0.0107873 -0.00211934
103.2 0.0112459 -0.0016236
103.6 0.0116229 -0.00112022
104 0.0119142 -0.000612831
104.4 0.012117 -0.000105119
104.8 0.0122297 0.000399268
105.2 0.0122516 0.000896743
105.6 0.0121833 0.00138382
106 0.0120264 0.00185715
106.4 0.0117838 0.00231356
106.8 0.0114594 0.00275007
107.2 0.0110581 0.00316391
107.6 0.0105858 0.00355258
108 0.0100491 0.00391383
108.4 0.00945554 0.00424569
108.8 0.00881302 0.00454647
109.2 0.00813007 0.0048148
109.6 0.00741553 0.0050496
110 0.00667842 0.0052501
110.4 0.00592779 0.00541583
110.8 0.00517263 0.00554663
111.2 0.00442169 0.00564263
111.6 0.00368336 0.00570425
112 0.00296552 0.0057322
112.4 0.0022755 0.00572744
112.8 0.0016199 0.00569118
113.2 0.00100459 0.00562488
113.6 0.000434565 0.00553021
114 -8.60449e-05 0.00540904
114.4 -0.000554034 0.00526339
114.8 -0.000967125 0.00509547
115.2 -0.00132397 0.00490759
115.6 -0.00162413 0.00470216
116 -0.00186802 0.00448167
116.4 -0.00205691 0.00424867
116.8 -0.00219279 0.00400571
117.2 -0.00227836 0.00375534
117.6 -0.00231689 0.00350007
118 -0.00231219 0.00324235
118.4 -0.00226847 0.00298456
118.8 -0.00219024 0.00272894
119.2 -0.00208224 0.00247761
119.6 -0.00194932 0.00223253
120 -0.00179637 0.00199551
120.4 -0.00162817 0.00176813
120.8 -0.0014494 0.00155179
121.2 -0.00126449 0.00134769
121.6 -0.00107757 0.0011568
122 -0.000892441 0.000979862
122.4 -0.00071251 0.000817405
122.8 -0.000540754 0.000669741
123.2 -0.000379705 0.00053697
123.6 -0.000231431 0.000418991
124 -9.75404e-05 0.000315515
124.4 2.0816e-05 0.00022608
124.8 0.000122925 0.000150069
125.2 0.000208486 8.67286e-05
125.6 0.000277583 3.51915e-05
126 0.000330645 -5.50317e-06
126.4 0.000368404 -3.63866e-05
126.8 0.000391851 -5.85374e-05
127.2 0.000402189 -7.30598e-05
127.6 0.000400788 -8.10615e-05
128 0.000389134 -8.36335e-05
128.4 0.000368786 -8.18311e-05
128.8 0.000341334 -7.66569e-05
129.2 0.000308354 -6.90462e-05
129.6 0.00027138 -5.98539e-05
130 0.000231865 -4.98453e-05
130.4 0.000191158 -3.96881e-05
130.8 0.000150483 -2.9948e-05
131.2 0.000110918 -2.10868e-05
131.6 7.33896e-05 -1.34624e-05
132 3.86624e-05 -7.33201e-06
132.4 7.33779e-06 -2.85697e-06
132.8 -2.01431e-05 -1.09571e-07
133.2 -4.34937e-05 9.18378e-07
133.6 -6.25726e-05 3.05799e-07
134 -7.73711e-05 -1.80844e-06
134.4 -8.79993e-05 -5.2369e-06
134.8 -9.467e-05 -9.75528e-06
135.2 -9.76815e-05 -1.51141e-05
135.6 -9.74009e-05 -2.10499e-05
136 -9.42459e-05 -2.7296e-05
136.4 -8.86688e-05 -3.35923e-05
136.8 -8.11398e-05 -3.9694e-05
137.2 -7.21325e-05 -4.53788e-05
137.6 -6.21109e-05 -5.04535e-05
138 -5.15172e-05 -5.47579e-05
138.4 -4.07629e-05 -5.81685e-05
138.8 -3.02201e-05 -6.05998e-05
139.2 -2.02159e-05 -6.20048e-05
139.6 -1.10287e-05 -6.23736e-05
140 -2.88516e-06 -6.17313e-05
140.4 4.04017e-06 -6.01349e-05
140.8 9.62405e-06 -5.76687e-05
141.2 1.37926e-05 -5.44402e-05
141.6 1.65184e-05 -5.05743e-05
142 1.78163e-05 -4.62078e-05
142.4 1.7739e-05 -4.14845e-05
142.8 1.6372e-05 -3.65494e-05
143.2 1.38286e-05 -3.15437e-05
143.6 1.02441e-05 -2.66003e-05
144 5.77104e-06 -2.18398e-05
144.4 5.74063e-07 -1.73674e-05
144.8 -5.17491e-06 -1.32701e-05
145.2 -1.13009e-05 -9.61537e-06
145.6 -1.76298e-05 -6.44973e-06
146 -2.39915e-05 -3.7991e-06
146.4 -3.02233e-05 -1.6692e-06
146.8 -3.61719e-05 -4.69345e-08
147.2 -4.16955e-05 1.09777e-06
147.6 -4.66654e-05 1.80952e-06
148 -5.09674e-05 2.14479e-06
148.4 -5.45021e-05 2.16882e-06
148.8 -5.71862e-05 1.95258e-06
149.2 -5.89524e-05 1.56956e-06
149.6 -5.97496e-05 1.09278e-06
150 -5.95432e-05 5.91949e-07
150.4 -5.83147e-05 1.30955e-07
150.8 -5.60616e-05 -2.34307e-07
151.2 -5.27974e-05 -4.57635e-07
151.6 -4.85508e-05 -5.03781e-07
152 -4.33654e-05 -3.492e-07
152.4 -3.72994e-05 1.76718e-08
152.8 -3.04246e-05 5.96628e-07
153.2 -2.28259e-05 1.37633e-06
153.6 -1.46001e-05 2.33536e-06
154 -5.85508e-06 3.44357e-06
154.4 3.29146e-06 4.66371e-06
154.8 1.27136e-05 5.9533e-06
155.2 2.22789e-05 7.2665e-06
155.6 3.18496e-05 8.55613e-06
156 4.12856e-05 9.77557e-06
156.4 5.04455e-05 1.08806e-05
156.8 5.91896e-05 1.18309e-05
157.2 6.73821e-05 1.25919e-05
157.6 7.48931e-05 1.31352e-05
158 8.16013e-05 1.344e-05
158.4 8.73965e-05 1.34937e-05
158.8 9.21812e-05 1.32914e-05
159.2 9.58729e-05 1.28366e-05
159.6 9.84064e-05 1.21402e-05
160 9.97341e-05 1.12204e-05
160.4 9.98286e-05 1.01013e-05
160.8 9.86823e-05 8.81202e-06
161.2 9.63083e-05 7.38557e-06
161.6 9.27405e-05 5.85748e-06
162 8.80329e-05 4.2645e-06
162.4 8.22586e-05 2.64331e-06
162.8 7.55088e-05 1.02927e-06
163.2 6.78906e-05 -5.44656e-07
163.6 5.95254e-05 -2.04889e-06
164 5.05462e-05 -3.45804e-06
164.4 4.1095e-05 -4.75144e-06
164.8 3.13199e-05 -5.91359e-06
165.2 2.13724e-05 -6.93427e-06
165.6 1.1404e-05 -7.80854e-06
166 1.56345e-06 -8.53646e-06
166.4 -8.00631e-06 -9.1227e-06
166.8 -1.71707e-05 -9.57598e-06
167.2 -2.5806e-05 -9.90833e-06
167.6 -3.38016e-05 -1.01344e-05
168 -4.10619e-05 -1.02706e-05
168.4 -4.75077e-05 -1.03342e-05
168.8 -5.3077e-05 -1.03427e-05
169.2 -5.77261e-05 -1.03128e-05
169.6 -6.14292e-05 -1.02599e-05
170 -6.41786e-05 -1.01975e-05
170.4 -6.59837e-05 -1.01368e-05
170.8 -6.68701e-05 -1.00862e-05
171.2 -6.68781e-05 -1.00513e-05
171.6 -6.6061e-05 -1.00348e-05
172 -6.44835e-05 -1.00365e-05
172.4 -6.22189e-05 -1.0054e-05
172.8 -5.93477e-05 -1.00822e-05
173.2 -5.59547e-05 -1.01147e-05
173.6 -5.2127e-05 -1.01435e-05
174 -4.7952e-05 -1.01602e-05
174.4 -4.35149e-05 -1.01558e-05
174.8 -3.88975e-05 -1.01222e-05
175.2 -3.4176e-05 -1.00519e-05
175.6 -2.942e-05 -9.9388e-06
176 -2.4691e-05 -9.7786e-06
176.4 -2.00425e-05 -9.56904e-06
176.8 -1.55184e-05 -9.31008e-06
177.2 -1.11538e-05 -9.00401e-06
177.6 -6.97459e-06 -8.65537e-06
178 -2.99801e-06 -8.27084e-06
178.4 7.66702e-07 -7.85902e-06
178.8 4.31752e-06 -7.43006e-06
179.2 7.65859e-06 -6.99527e-06
179.6 1.07992e-05 -6.56667e-06
180 1.37524e-05 -6.15651e-06
180.4 1.65342e-05 -5.77674e-06
180.8 1.91618e-05 -5.43849e-06
181.2 2.16529e-05 -5.15166e-06
181.6 2.40245e-05 -4.92446e-06
182 2.62919e-05 -4.76303e-06
182.4 2.84682e-05 -4.67122e-06
182.8 3.05631e-05 -4.65034e-06
183.2 3.25834e-05 -4.69912e-06
183.6 3.45318e-05 -4.81368e-06
184 3.64074e-05 -4.98766e-06
184.4 3.8206e-05 -5.21244e-06
184.8 3.99196e-05 -5.47741e-06
185.2 4.15378e-05 -5.77032e-06
185.6 4.30475e-05 -6.07778e-06
186 4.44342e-05 -6.38563e-06
186.4 4.56821e-05 -6.67953e-06
186.8 4.67754e-05 -6.94541e-06
187.2 4.76986e-05 -7.16997e-06
187.6 4.84374e-05 -7.34116e-06
188 4.89793e-05 -7.44855e-06
188.4 4.93141e-05 -7.48375e-06
188.8 4.94346e-05 -7.4406e-06
189.2 4.93366e-05 -7.31543e-06
189.6 4.90195e-05 -7.10714e-06
190 4.84861e-05 -6.81719e-06
190.4 4.77426e-05 -6.44955e-06
190.8 4.67988e-05 -6.01053e-06
191.2 4.56674e-05 -5.50849e-06
191.6 4.43639e-05 -4.95358e-06
192 4.29058e-05 -4.35737e-06
192.4 4.13127e-05 -3.73236e-06
192.8 3.9605e-05 -3.09167e-06
193.2 3.7804e-05 -2.44847e-06
193.6 3.59307e-05 -1.81564e-06
194 3.40056e-05 -1.20529e-06
194.4 3.20482e-05 -6.28425e-07
194.8 3.00763e-05 -9.46134e-08
195.2 2.81057e-05 3.88289e-07
195.6 2.615e-05 8.14322e-07
196 2.42203e-05 1.17954e-06
196.4 2.23253e-05 1.48205e-06
196.8 2.04708e-05 1.72198e-06
197.2 1.86604e-05 1.90139e-06
197.6 1.68953e-05 2.02406e-06
198 1.51745e-05 2.09527e-06
198.4 1.34957e-05 2.12156e-06
198.8 1.18549e-05 2.11035e-06
199.2 1.02475e-05 2.06968e-06
199.6 8.66842e-06 2.00778e-06
200 7.11249e-06 1.93281e-06
200.4 5.57507e-06 1.85249e-06
200.8 4.05233e-06 1.77383e-06
201.2 2.54161e-06 1.70286e-06
201.6 1.04174e-06 1.64446e-06
202 -4.46819e-07 1.6022e-06
202.4 -1.9218e-06 1.57823e-06
202.8 -3.37908e-06 1.57331e-06
203.2 -4.81276e-06 1.58679e-06
203.6 -6.21522e-06 1.61675e-06
204 -7.57738e-06 1.66012e-06
204.4 -8.88893e-06 1.71288e-06
204.8 -1.01387e-05 1.77029e-06
205.2 -1.13148e-05 1.82712e-06
205.6 -1.24055e-05 1.87796e-06
206 -1.33992e-05 1.91746e-06
206.4 -1.42849e-05 1.94058e-06
206.8 -1.50528e-05 1.94289e-06
207.2 -1.56946e-05 1.92072e-06
207.6 -1.62038e-05 1.87139e-06
208 -1.65758e-05 1.79332e-06
208.4 -1.68084e-05 1.68613e-06
208.8 -1.69017e-05 1.55068e-06
209.2 -1.68586e-05 1.38903e-06
209.6 -1.6684e-05 1.20443e-06
210 -1.63854e-05 1.00113e-06
210.4 -1.59724e-05 7.84287e-07
210.8 -1.54568e-05 5.59761e-07
211.2 -1.48518e-05 3.33872e-07
211.6 -1.4172e-05 1.13184e-07
212 -1.3433e-05 -9.57498e-08
212.4 -1.26509e-05 -2.86635e-07
212.8 -1.1842e-05 -4.53669e-07
213.2 -1.10223e-05 -5.91764e-07
213.6 -1.02073e-05 -6.96733e-07
214 -9.41114e-06 -7.65447e-07
214.4 -8.64694e-06 -7.95952e-07
214.8 -7.92606e-06 -7.87541e-07
215.2 -7.25804e-06 -7.40777e-07
215.6 -6.65045e-06 -6.57472e-07
216 -6.10874e-06 -5.40622e-07
216.4 -5.63627e-06 -3.94294e-07
216.8 -5.23433e-06 -2.23481e-07
217.2 -4.90221e-06 -3.3922e-08
217.6 -4.6374e-06 1.68103e-07
218 -4.43577e-06 3.75992e-07
218.4 -4.29183e-06 5.83056e-07
218.8 -4.19898e-06 7.8274e-07
219.2 -4.14985e-06 9.68852e-07
219.6 -4.13654e-06 1.13576e-06
220 -4.15099e-06 1.27858e-06
220.4 -4.18524e-06 1.39332e-06
220.8 -4.23171e-06 1.477e-06
221.2 -4.28344e-06 1.52773e-06
221.6 -4.3343e-06 1.54473e-06
222 -4.37915e-06 1.52835e-06
222.4 -4.41395e-06 1.48002e-06
222.8 -4.43588e-06 1.40217e-06
223.2 -4.44327e-06 1.29808e-06
223.6 -4.43569e-06 1.1718e-06
224 -4.41377e-06 1.02792e-06
224.4 -4.37919e-06 8.71446e-07
224.8 -4.33447e-06 7.07572e-07
225.2 -4.28283e-06 5.41497e-07
225.6 -4.228e-06 3.7825e-07
226 -4.17404e-06 2.22506e-07
226.4 -4.12509e-06 7.84415e-08
226.8 -4.08523e-06 -5.04027e-08
227.2 -4.05824e-06 -1.61218e-07
227.6 -4.04748e-06 -2.52001e-07
228 -4.05572e-06 -3.2159e-07
228.4 -4.08502e-06 -3.69668e-07
228.8 -4.13665e-06 -3.96739e-07
229.2 -4.21106e-06 -4.04065e-07
229.6 -4.30783e-06 -3.9358e-07
230 -4.42573e-06 -3.67788e-07
230.4 -4.56273e-06 -3.29627e-07
230.8 -4.71609e-06 -2.82338e-07
231.2 -4.8825e-06 -2.29317e-07
231.6 -5.05814e-06 -1.73967e-07
232 -5.23887e-06 -1.19558e-07
232.4 -5.42036e-06 -6.90994e-08
232.8 -5.59823e-06 -2.52208e-08
233.2 -5.76821e-06 9.92027e-09
233.6 -5.92628e-06 3.47114e-08
234 -6.0688e-06 4.81325e-08
234.4 -6.19257e-06 4.97767e-08
234.8 -6.295e-06 3.98444e-08
235.2 -6.3741e-06 1.91126e-08
235.6 -6.42856e-06 -1.112e-08
236 -6.45772e-06 -4.91082e-08
236.4 -6.46161e-06 -9.2752e-08
236.8 -6.44089e-06 -1.39702e-07
237.2 -6.39678e-06 -1.87473e-07
237.6 -6.33098e-06 -2.33557e-07
238 -6.24561e-06 -2.75542e-07
238.4 -6.1431e-06 -3.11219e-07
238.8 -6.02606e-06 -3.38675e-07
239.2 -5.89719e-06 -3.56381e-07
239.6 -5.75918e-06 -3.63252e-07
240 -5.61459e-06 -3.58697e-07
240.4 -5.46578e-06 -3.42636e-07
240.8 -5.31484e-06 -3.15503e-07
241.2 -5.16352e-06 -2.78223e-07
241.6 -5.01317e-06 -2.32174e-07
242 -4.86478e-06 -1.7912e-07
242.4 -4.7189e-06 -1.21137e-07
242.8 -4.5757e-06 -6.05252e-08
243.2 -4.43502e-06 2.93652e-10
243.6 -4.29636e-06 5.88747e-08
244 -4.15898e-06 1.12855e-07
244.4 -4.02197e-06 1.60051e-07
244.8 -3.8843e-06 1.98551e-07
245.2 -3.74491e-06 2.26793e-07
245.6 -3.60277e-06 2.4363e-07
246 -3.457e-06 2.48374e-07
246.4 -3.30686e-06 2.4083e-07
246.8 -3.15188e-06 2.21297e-07
247.2 -2.99182e-06 1.9056e-07
247.6 -2.82678e-06 1.49858e-07
248 -2.65715e-06 1.00833e-07
248.4 -2.48365e-06 4.5464e-08
248.8 -2.30728e-06 -1.40123e-08
249.2 -2.12932e-06 -7.51887e-08
249.6 -1.95126e-06 -1.35585e-07
250 -1.77478e-06 -1.92743e-07
250.4 -1.60165e-06 -2.44329e-07
250.8 -1.4337e-06 -2.88217e-07
251.2 -1.27273e-06 -3.22578e-07
251.6 -1.12045e-06 -3.45946e-07
252 -9.78428e-07 -3.57278e-07
252.4 -8.48014e-07 -3.5599e-07
252.8 -7.30305e-07 -3.41982e-07
253.2 -6.26102e-07 -3.15635e-07
253.6 -5.35888e-07 -2.77802e-07
254 -4.59816e-07 -2.29768e-07
254.4 -3.97705e-07 -1.73201e-07
254.8 -3.49065e-07 -1.10089e-07
255.2 -3.13113e-07 -4.2662e-08
255.6 -2.88823e-07 2.66929e-08
256 -2.74968e-07 9.55222e-08
256.4 -2.7018e-07 1.61398e-07
256.8 -2.73011e-07 2.2201e-07
257.2 -2.81997e-07 2.75247e-07
257.6 -2.95725e-07 3.19277e-07
258 -3.12893e-07 3.52612e-07
258.4 -3.32366e-07 3.74161e-07
258.8 -3.53227e-07 3.83263e-07
259.2 -3.74816e-07 3.7971e-07
259.6 -3.96756e-07 3.63748e-07
260 -4.18971e-07 3.36065e-07
260.4 -4.41687e-07 2.97757e-07
260.8 -4.6542e-07 2.50283e-07
261.2 -4.90954e-07 1.9541e-07
261.6 -5.19307e-07 1.3514e-07
262 -5.51679e-07 7.16333e-08
262.4 -5.89403e-07 7.12997e-09
262.8 -6.33882e-07 -5.61362e-08
263.2 -6.86522e-07 -1.16018e-07
263.6 -7.48664e-07 -1.70532e-07
264 -8.21522e-07 -2.17929e-07
264.4 -9.06119e-07 -2.5675e-07
264.8 -1.00323e-06 -2.85877e-07
265.2 -1.11333e-06 -3.04567e-07
265.6 -1.23657e-06 -3.12467e-07
266 -1.37274e-06 -3.09622e-07
266.4 -1.52125e-06 -2.96461e-07
266.8 -1.68114e-06 -2.73774e-07
267.2 -1.85112e-06 -2.42671e-07
267.6 -2.02953e-06 -2.04535e-07
268 -2.21445e-06 -1.60961e-07
268.4 -2.4037e-06 -1.13691e-07
268.8 -2.59493e-06 -6.45462e-08
269.2 -2.78565e-06 -1.53536e-08
269.6 -2.97334e-06 3.21221e-08
270 -3.15551e-06 7.62436e-08
270.4 -3.32973e-06 1.1556e-07
270.8 -3.49377e-06 1.48858e-07
271.2 -3.64559e-06 1.75198e-07
271.6 -3.78345e-06 1.93946e-07
272 -3.90592e-06 2.04786e-07
272.4 -4.01193e-06 2.07723e-07
272.8 -4.10079e-06 2.03075e-07
273.2 -4.1722e-06 1.91446e-07
273.6 -4.22623e-06 1.73697e-07
274 -4.26334e-06 1.50904e-07
274.4 -4.28433e-06 1.24303e-07
274.8 -4.29029e-06 9.52398e-08
275.2 -4.28257e-06 6.51114e-08
275.6 -4.26276e-06 3.53057e-08
276 -4.23254e-06 7.14597e-09
276.4 -4.19373e-06 -1.81622e-08
276.8 -4.14815e-06 -3.95772e-08
277.2 -4.09757e-06 -5.62607e-08
277.6 -4.0437e-06 -6.76067e-08
278 -3.9881e-06 -7.32613e-08
278.4 -3.93213e-06 -7.31309e-08
278.8 -3.87697e-06 -6.738e-08
279.2 -3.82352e-06 -5.6418e-08
279.6 -3.77246e-06 -4.08765e-08
280 -3.72419e-06 -2.15771e-08
280.4 -3.67888e-06 5.07185e-10
280.8 -3.63647e-06 2.4297e-08
281.2 -3.59667e-06 4.86547e-08
281.6 -3.55905e-06 7.24346e-08
282 -3.52303e-06 9.45324e-08
282.4 -3.48794e-06 1.13932e-07
282.8 -3.45307e-06 1.29749e-07
283.2 -3.41771e-06 1.41267e-07
283.6 -3.38119e-06 1.47965e-07
284 -3.34292e-06 1.49541e-07
284.4 -3.30244e-06 1.45922e-07
284.8 -3.25943e-06 1.37265e-07
285.2 -3.21373e-06 1.2395e-07
285.6 -3.16538e-06 1.0656e-07
286 -3.11457e-06 8.58604e-08
286.4 -3.06172e-06 6.27624e-08
286.8 -3.00736e-06 3.82852e-08
287.2 -2.9522e-06 1.35133e-08
287.6 -2.89706e-06 -1.04485e-08
288 -2.84285e-06 -3.25216e-08
288.4 -2.79051e-06 -5.16975e-08
288.8 -2.74099e-06 -6.70795e-08
289.2 -2.69524e-06 -7.79193e-08
289.6 -2.65409e-06 -8.36479e-08
290 -2.61829e-06 -8.3898e-08
290.4 -2.58844e-06 -7.85195e-08
290.8 -2.56498e-06 -6.7585e-08
291.2 -2.54815e-06 -5.13877e-08
291.6 -2.53798e-06 -3.04292e-08
292 -2.53432e-06 -5.39963e-09
292.4 -2.53677e-06 2.28492e-08
292.8 -2.54477e-06 5.33377e-08
293.2 -2.55757e-06 8.49967e-08
293.6 -2.57428e-06 1.16709e-07
294 -2.59387e-06 1.47354e-07
294.4 -2.61524e-06 1.75848e-07
294.8 -2.63723e-06 2.01188e-07
295.2 -2.6587e-06 2.22491e-07
295.6 -2.67852e-06 2.39024e-07
296 -2.69565e-06 2.50233e-07
296.4 -2.70917e-06 2.55761e-07
296.8 -2.71827e-06 2.55463e-07
297.2 -2.72235e-06 2.4941e-07
297.6 -2.72098e-06 2.37878e-07
298 -2.71394e-06 2.21346e-07
298.4 -2.70121e-06 2.00465e-07
298.8 -2.68298e-06 1.76039e-07
299.2 -2.65964e-06 1.48991e-07
299.6 -2.63174e-06 1.20323e-07
300 -2.59999e-06 9.10824e-08
300.4 -2.56524e-06 6.23163e-08
300.8 -2.5284e-06 3.50353e-08
301.2 -2.49044e-06 1.01738e-08
301.6 -2.45236e-06 -1.14444e-08
302 -2.41511e-06 -2.91356e-08
302.4 -2.37959e-06 -4.23809e-08
302.8 -2.3466e-06 -5.0843e-08
303.2 -2.31682e-06 -5.43762e-08
303.6 -2.29076e-06 -5.30294e-08
304 -2.26878e-06 -4.70405e-08
304.4 -2.25106e-06 -3.6824e-08
304.8 -2.23758e-06 -2.29519e-08
305.2 -2.22815e-06 -6.12888e-09
305.6 -2.2224e-06 1.28381e-08
306 -2.21981e-06 3.30727e-08
306.4 -2.21973e-06 5.36653e-08
306.8 -2.22139e-06 7.37094e-08
307.2 -2.22397e-06 9.23372e-08
307.6 -2.22659e-06 1.08754e-07
308 -2.22839e-06 1.22268e-07
308.4 -2.2285e-06 1.32316e-07
308.8 -2.22616e-06 1.38485e-07
309.2 -2.22069e-06 1.40527e-07
309.6 -2.21151e-06 1.38364e-07
310 -2.19821e-06 1.32091e-07
310.4 -2.18054e-06 1.2197e-07
310.8 -2.15841e-06 1.08414e-07
311.2 -2.1319e-06 9.1973e-08
311.6 -2.10126e-06 7.33092e-08
312 -2.06692e-06 5.31671e-08
312.4 -2.02943e-06 3.23445e-08
312.8 -1.98946e-06 1.166e-08
313.2 -1.94779e-06 -8.08033e-09
313.6 -1.90527e-06 -2.61143e-08
314 -1.86276e-06 -4.1754e-08
314.4 -1.82115e-06 -5.44116e-08
314.8 -1.78129e-06 -6.36222e-08
315.2 -1.74395e-06 -6.90601e-08
315.6 -1.70984e-06 -7.0551e-08
316 -1.67955e-06 -6.80762e-08
316.4 -1.65353e-06 -6.17722e-08
316.8 -1.63209e-06 -5.19231e-08
317.2 -1.61537e-06 -3.8948e-08
317.6 -1.60338e-06 -2.33822e-08
318 -1.59595e-06 -5.85527e-09
318.4 -1.59278e-06 1.29353e-08
318.8 -1.59343e-06 3.22526e-08
319.2 -1.59737e-06 5.13496e-08
319.6 -1.60396e-06 6.94993e-08
320 -1.61251e-06 8.60229e-08
320.4 -1.62232e-06 1.00316e-07
320.8 -1.63264e-06 1.11872e-07
321.2 -1.64279e-06 1.20301e-07
321.6 -1.65212e-06 1.25342e-07
322 -1.66006e-06 1.26875e-07
322.4 -1.66616e-06 1.24922e-07
322.8 -1.67005e-06 1.19642e-07
323.2 -1.67151e-06 1.11329e-07
323.6 -1.67045e-06 1.0039e-07
324 -1.6669e-06 8.73376e-08
324.4 -1.66104e-06 7.27585e-08
324.8 -1.65316e-06 5.72954e-08
325.2 -1.64364e-06 4.16181e-08
325.6 -1.63296e-06 2.6397e-08
326 -1.62168e-06 1.22757e-08
326.4 -1.61036e-06 -1.53796e-10
326.8 -1.59961e-06 -1.03749e-08
327.2 -1.59001e-06 -1.79661e-08
327.6 -1.58211e-06 -2.26167e-08
328 -1.57639e-06 -2.41386e-08
328.4 -1.57325e-06 -2.24721e-08
328.8 -1.57301e-06 -1.76874e-08
329.2 -1.57584e-06 -9.98044e-09
329.6 -1.58183e-06 3.36263e-10
330 -1.59091e-06 1.2847e-08
330.4 -1.6029e-06 2.70506e-08
330.8 -1.61752e-06 4.23811e-08
331.2 -1.63435e-06 5.8231e-08
331.6 -1.65291e-06 7.39759e-08
332 -1.67262e-06 8.89996e-08
332.4 -1.69288e-06 1.02718e-07
332.8 -1.71303e-06 1.14604e-07
333.2 -1.73243e-06 1.24205e-07
333.6 -1.75045e-06 1.31162e-07
334 -1.76652e-06 1.35224e-07
334.4 -1.78012e-06 1.36256e-07
334.8 -1.79083e-06 1.34241e-07
335.2 -1.79832e-06 1.29287e-07
335.6 -1.80238e-06 1.21611e-07
336 -1.80292e-06 1.1154e-07
336.4 -1.79996e-06 9.94907e-08
336.8 -1.79366e-06 8.59533e-08
337.2 -1.78428e-06 7.14736e-08
337.6 -1.77219e-06 5.66293e-08
338 -1.75783e-06 4.20075e-08
338.4 -1.74172e-06 2.81814e-08
338.8 -1.72443e-06 1.56879e-08
339.2 -1.70655e-06 5.00692e-09
339.6 -1.68868e-06 -3.45723e-09
340 -1.67138e-06 -9.39078e-09
340.4 -1.65518e-06 -1.25821e-08
340.8 -1.64055e-06 -1.29289e-08
341.2 -1.62788e-06 -1.04415e-08
341.6 -1.61744e-06 -5.24099e-09
342 -1.60945e-06 2.44631e-09
342.4 -1.60396e-06 1.2299e-08
342.8 -1.60095e-06 2.3914e-08
343.2 -1.60029e-06 3.68234e-08
343.6 -1.60173e-06 5.05132e-08
344 -1.60493e-06 6.44442e-08
344.4 -1.60951e-06 7.80733e-08
344.8 -1.61499e-06 9.08751e-08
345.2 -1.62088e-06 1.02362e-07
345.6 -1.62667e-06 1.12103e-07
346 -1.63184e-06 1.1974e-07
346.4 -1.63591e-06 1.25001e-07
346.8 -1.63844e-06 1.27712e-07
347.2 -1.63906e-06 1.27798e-07
347.6 -1.63747e-06 1.2529e-07
348 -1.63346e-06 1.20317e-07
348.4 -1.62692e-06 1.13108e-07
348.8 -1.61785e-06 1.03972e-07
349.2 -1.60634e-06 9.32927e-08
349.6 -1.59258e-06 8.1509e-08
350 -1.57686e-06 6.90976e-08
350.4 -1.55954e-06 5.65537e-08
350.8 -1.54105e-06 4.43716e-08
351.2 -1.52186e-06 3.3025e-08
351.6 -1.50247e-06 2.29483e-08
352 -1.4834e-06 1.45202e-08
352.4 -1.46514e-06 8.04898e-09
352.8 -1.44818e-06 3.76154e-09
353.2 -1.43291e-06 1.79491e-09
353.6 -1.41971e-06 2.19206e-09
354 -1.40885e-06 4.90118e-09
354.4 -1.40052e-06 9.77883e-09
354.8 -1.39481e-06 1.65966e-08
355.2 -1.39172e-06 2.50512e-08
355.6 -1.39116e-06 3.47772e-08
356 -1.39291e-06 4.53624e-08
356.4 -1.39672e-06 5.63647e-08
356.8 -1.40223e-06 6.73298e-08
357.2 -1.40903e-06 7.78096e-08
357.6 -1.41668e-06 8.73801e-08
358 -1.4247e-06 9.56578e-08
358.4 -1.43261e-06 1.02315e-07
358.8 -1.43995e-06 1.0709e-07
359.2 -1.44629e-06 1.09802e-07
359.6 -1.45124e-06 1.10353e-07
360 -1.45449e-06 1.08731e-07
360.4 -1.45579e-06 1.05011e-07
360.8 -1.45497e-06 9.93536e-08
361.2 -1.45196e-06 9.19926e-08
361.6 -1.44679e-06 8.32288e-08
362 -1.43955e-06 7.34161e-08
362.4 -1.43044e-06 6.29473e-08
362.8 -1.41973e-06 5.22378e-08
363.2 -1.40774e-06 4.17092e-08
363.6 -1.39486e-06 3.17722e-08
364 -1.38151e-06 2.28108e-08
364.4 -1.36811e-06 1.5167e-08
364.8 -1.3551e-06 9.12752e-09
365.2 -1.3429e-06 4.91333e-09
365.6 -1.33188e-06 2.6711e-09
366 -1.32238e-06 2.46826e-09
366.4 -1.31467e-06 4.29099e-09
366.8 -1.30895e-06 8.04552e-09
367.2 -1.30532e-06 1.35626e-08
367.6 -1.30383e-06 2.06048e-08
368 -1.30442e-06 2.88768e-08
368.4 -1.30696e-06 3.80373e-08
368.8 -1.31124e-06 4.77131e-08
369.2 -1.31698e-06 5.75144e-08
369.6 -1.32383e-06 6.70499e-08
370 -1.33144e-06 7.59429e-08
370.4 -1.33938e-06 8.38457e-08
370.8 -1.34724e-06 9.04532e-08
371.2 -1.35461e-06 9.55145e-08
371.6 -1.3611e-06 9.88428e-08
372 -1.36636e-06 1.00321e-07
372.4 -1.37009e-06 9.99084e-08
372.8 -1.37203e-06 9.76374e-08
373.2 -1.37203e-06 9.36154e-08
373.6 -1.37e-06 8.80178e-08
374 -1.36591e-06 8.10811e-08
374.4 -1.35985e-06 7.30927e-08
374.8 -1.35195e-06 6.4379e-08
375.2 -1.34244e-06 5.52924e-08
375.6 -1.33159e-06 4.61967e-08
376 -1.31974e-06 3.74527e-08
376.4 -1.30725e-06 2.94039e-08
376.8 -1.29451e-06 2.23631e-08
377.2 -1.28192e-06 1.66002e-08
377.6 -1.26986e-06 1.23316e-08
378 -1.25871e-06 9.71263e-09
378.4 -1.24877e-06 8.83135e-09
378.8 -1.24033e-06 9.70599e-09
379.2 -1.23361e-06 1.22847e-08
379.6 -1.22873e-06 1.64484e-08
380 -1.22578e-06 2.20157e-08
380.4 -1.22475e-06 2.87509e-08
380.8 -1.22554e-06 3.63741e-08
381.2 -1.22802e-06 4.45719e-08
381.6 -1.23194e-06 5.30109e-08
382 -1.23704e-06 6.13506e-08
382.4 -1.243e-06 6.92573e-08
382.8 -1.24946e-06 7.64169e-08
383.2 -1.25604e-06 8.25475e-08
383.6 -1.26238e-06 8.74104e-08
384 -1.2681e-06 9.08186e-08
384.4 -1.27288e-06 9.26445e-08
384.8 -1.2764e-06 9.2824e-08
385.2 -1.27844e-06 9.13588e-08
385.6 -1.27879e-06 8.83154e-08
386 -1.27734e-06 8.38223e-08
386.4 -1.27403e-06 7.80642e-08
386.8 -1.2689e-06 7.12745e-08
387.2 -1.26204e-06 6.3725e-08
387.6 -1.25361e-06 5.57157e-08
388 -1.24383e-06 4.75619e-08
388.4 -1.23299e-06 3.95822e-08
388.8 -1.22138e-06 3.20854e-08
389.2 -1.20936e-06 2.53588e-08
389.6 -1.19728e-06 1.96567e-08
390 -1.18549e-06 1.51907e-08
390.4 -1.17435e-06 1.2122e-08
390.8 -1.16416e-06 1.05548e-08
391.2 -1.15519e-06 1.05335e-08
391.6 -1.14768e-06 1.20407e-08
392 -1.14179e-06 1.4999e-08
392.4 -1.13762e-06 1.92744e-08
392.8 -1.13521e-06 2.46819e-08
393.2 -1.13452e-06 3.09935e-08
393.6 -1.13546e-06 3.79476e-08
394 -1.13785e-06 4.52595e-08
394.4 -1.14149e-06 5.26331e-08
394.8 -1.14612e-06 5.97724e-08
395.2 -1.15142e-06 6.63937e-08
395.6 -1.15708e-06 7.22362e-08
396 -1.16276e-06 7.70723e-08
396.4 -1.16814e-06 8.07167e-08
396.8 -1.1729e-06 8.30329e-08
397.2 -1.17676e-06 8.39383e-08
397.6 -1.17947e-06 8.34071e-08
398 -1.18084e-06 8.14709e-08
398.4 -1.18072e-06 7.82166e-08
398.8 -1.17903e-06 7.37829e-08
399.2 -1.17576e-06 6.83542e-08
399.6 -1.17095e-06 6.21526e-08
400 -1.16472e-06 5.54293e-08
