-0.498 -1.43863 -0.569063
-0.496 -1.6733 -0.665604
-0.494 -1.89985 -0.75934
-0.492 -2.11408 -0.848973
-0.49 -2.31176 -0.933369
-0.488 -2.48884 -1.01157
-0.486 -2.64157 -1.08281
-0.484 -2.76669 -1.14649
-0.482 -2.86151 -1.20219
-0.48 -2.92407 -1.24966
-0.478 -2.95313 -1.28876
-0.476 -2.94824 -1.31947
-0.474 -2.90977 -1.34186
-0.472 -2.83892 -1.35605
-0.47 -2.73764 -1.36221
-0.468 -2.60868 -1.36054
-0.466 -2.45546 -1.35123
-0.464 -2.28207 -1.3345
-0.462 -2.0931 -1.31057
-0.46 -1.89361 -1.27968
-0.458 -1.68895 -1.24206
-0.456 -1.48461 -1.198
-0.454 -1.28607 -1.14781
-0.452 -1.09858 -1.09183
-0.45 -0.927013 -1.03046
-0.448 -0.775704 -0.964141
-0.446 -0.64828 -0.893362
-0.444 -0.547552 -0.818658
-0.442 -0.475415 -0.740601
-0.44 -0.432782 -0.659793
-0.438 -0.419539 -0.576854
-0.436 -0.434536 -0.492409
-0.434 -0.47562 -0.407077
-0.432 -0.539696 -0.321461
-0.43 -0.622834 -0.236139
-0.428 -0.720405 -0.151657
-0.426 -0.827242 -0.0685211
-0.424 -0.937812 0.0128093
-0.422 -1.04639 0.0919328
-0.42 -1.14724 0.168516
-0.418 -1.23478 0.242304
-0.416 -1.30374 0.313128
-0.414 -1.34931 0.380912
-0.412 -1.3673 0.445665
-0.41 -1.35429 0.507481
-0.408 -1.30773 0.566515
-0.406 -1.22609 0.622971
-0.404 -1.10895 0.677076
-0.402 -0.9571 0.729058
-0.4 -0.772503 0.779131
-0.398 -0.558339 0.82747
-0.396 -0.318911 0.8742
-0.394 -0.0595364 0.919382
-0.392 0.213599 0.963011
-0.39 0.493633 1.00501
-0.388 0.773247 1.04525
-0.386 1.04492 1.08355
-0.384 1.30121 1.11971
-0.382 1.53507 1.15355
-0.38 1.74017 1.18493
-0.378 1.91118 1.21379
-0.376 2.04408 1.24017
-0.374 2.13641 1.26422
-0.372 2.1874 1.28625
-0.37 2.19809 1.30666
-0.368 2.17128 1.32597
-0.366 2.11146 1.34478
-0.364 2.02465 1.36373
-0.362 1.91816 1.38348
-0.36 1.80032 1.40463
-0.358 1.68022 1.42772
-0.356 1.56736 1.45313
-0.354 1.47138 1.48107
-0.352 1.40169 1.51154
-0.35 1.36717 1.54429
-0.348 1.37576 1.57881
-0.346 1.43417 1.61428
-0.344 1.54748 1.64962
-0.342 1.7189 1.68348
-0.34 1.94941 1.71429
-0.338 2.23765 1.74024
-0.336 2.57973 1.7594
-0.334 2.96927 1.76973
-0.332 3.39742 1.76916
-0.33 3.85311 1.75565
-0.328 4.32328 1.72726
-0.326 4.79333 1.68225
-0.324 5.24758 1.61912
-0.322 5.66983 1.53673
-0.32 6.04396 1.43432
-0.318 6.35454 1.3116
-0.316 6.58744 1.16879
-0.314 6.73033 1.00668
-0.312 6.7732 0.826584
-0.31 6.70872 0.630422
-0.308 6.53254 0.420655
-0.306 6.24345 0.200267
-0.304 5.84353 -0.0272877
-0.302 5.33814 -0.258156
-0.3 4.73584 -0.488181
-0.298 4.04819 -0.713008
-0.296 3.28946 -0.928214
-0.294 2.47626 -1.12944
-0.292 1.62704 -1.31256
-0.29 0.761488 -1.47377
-0.288 -0.100115 -1.60983
-0.286 -0.937553 -1.71811
-0.284 -1.7314 -1.7968
-0.282 -2.46371 -1.84492
-0.28 -3.11863 -1.86251
-0.278 -3.68297 -1.85056
-0.276 -4.1467 -1.81109
-0.274 -4.50325 -1.74705
-0.272 -4.74976 -1.66227
-0.27 -4.88716 -1.56129
-0.268 -4.92015 -1.44925
-0.266 -4.85707 -1.33164
-0.264 -4.7096 -1.21413
-0.262 -4.4925 -1.10234
-0.26 -4.22308 -1.00159
-0.258 -3.92073 -0.916768
-0.256 -3.60626 -0.852061
-0.254 -3.30121 -0.810818
-0.252 -3.02709 -0.795396
-0.25 -2.80455 -0.807048
-0.248 -2.65252 -0.845842
-0.246 -2.58741 -0.910632
-0.244 -2.62229 -0.999066
-0.242 -2.76625 -1.10765
-0.24 -3.02382 -1.23186
-0.238 -3.39457 -1.36627
-0.236 -3.87293 -1.50473
-0.234 -4.44815 -1.64062
-0.232 -5.10452 -1.767
-0.23 -5.8217 -1.87688
-0.228 -6.57535 -1.96345
-0.226 -7.33785 -2.02033
-0.224 -8.07914 -2.04173
-0.222 -8.76777 -2.02273
-0.22 -9.37191 -1.95942
-0.218 -9.86049 -1.84913
-0.216 -10.2043 -1.69049
-0.214 -10.3769 -1.48361
-0.212 -10.3558 -1.23012
-0.21 -10.1233 -0.933141
-0.208 -9.66695 -0.597308
-0.206 -8.98032 -0.228619
-0.204 -8.06333 0.165692
-0.202 -6.92241 0.577354
-0.2 -5.57043 0.997299
-0.198 -4.02648 1.41593
-0.196 -2.31545 1.8234
-0.194 -0.467294 2.20995
-0.192 1.48376 2.56618
-0.19 3.50023 2.88337
-0.188 5.54246 3.1538
-0.186 7.56986 3.37096
-0.184 9.54204 3.52985
-0.182 11.4201 3.62709
-0.18 13.1676 3.66112
-0.178 14.7517 3.63224
-0.176 16.1443 3.54263
-0.174 17.322 3.39628
-0.172 18.2677 3.19888
-0.17 18.9701 2.95763
-0.168 19.4241 2.68097
-0.166 19.6311 2.37834
-0.164 19.5981 2.05976
-0.162 19.3379 1.73555
-0.16 18.8682 1.41591
-0.158 18.2106 1.11056
-0.156 17.3901 0.828395
-0.154 16.4341 0.577148
-0.152 15.3711 0.363116
-0.15 14.2299 0.190914
-0.148 13.0385 0.0633
-0.146 11.8231 -0.0189347
-0.144 10.6071 -0.057006
-0.142 9.41068 -0.0540972
-0.14 8.24994 -0.0152443
-0.138 7.13662 0.0528508
-0.136 6.07789 0.142074
-0.134 5.07634 0.243208
-0.132 4.13013 0.346296
-0.13 3.23339 0.441026
-0.128 2.37665 0.517153
-0.126 1.54754 0.564912
-0.124 0.731537 0.575437
-0.122 -0.0871226 0.541141
-0.12 -0.924493 0.456067
-0.118 -1.79589 0.316183
-0.116 -2.71491 0.119609
-0.114 -3.69244 -0.133229
-0.112 -4.73586 -0.439526
-0.11 -5.84835 -0.79411
-0.108 -7.02832 -1.18955
-0.106 -8.26921 -1.61633
-0.104 -9.55929 -2.06316
-0.102 -10.8819 -2.51731
-0.1 -12.2159 -2.96502
-0.098 -13.5362 -3.39203
-0.096 -14.8144 -3.78404
-0.094 -16.0202 -4.12729
-0.092 -17.1222 -4.40906
-0.09 -18.0893 -4.6182
-0.088 -18.8915 -4.74558
-0.086 -19.5016 -4.78449
-0.084 -19.8959 -4.73095
-0.082 -20.0552 -4.58397
-0.08 -19.9653 -4.34559
-0.078 -19.6181 -4.02097
-0.076 -19.0115 -3.61825
-0.074 -18.1493 -3.14832
-0.072 -17.0414 -2.62457
-0.07 -15.7032 -2.06241
-0.068 -14.1551 -1.47881
-0.066 -12.4215 -0.891758
-0.064 -10.5304 -0.31965
-0.062 -8.5122 0.219354
-0.06 -6.39875 0.707951
-0.058 -4.22272 1.13031
-0.056 -2.01669 1.47265
-0.054 0.187485 1.72378
-0.052 2.35921 1.87549
-0.05 4.46957 1.92296
-0.048 6.49163 1.86498
-0.046 8.40066 1.70407
-0.044 10.1743 1.44647
-0.042 11.7929 1.10205
-0.04 13.2391 0.683952
-0.038 14.4989 0.208292
-0.036 15.5608 -0.306421
-0.034 16.4163 -0.839878
-0.032 17.0598 -1.37066
-0.03 17.4885 -1.87702
-0.028 17.702 -2.33762
-0.026 17.7026 -2.73238
-0.024 17.4943 -3.04322
-0.022 17.0835 -3.25475
-0.02 16.4782 -3.35497
-0.018 15.6883 -3.33575
-0.016 14.7256 -3.19324
-0.014 13.6036 -2.92815
-0.012 12.3375 -2.54578
-0.01 10.9438 -2.05594
-0.008 9.43982 -1.47268
-0.006 7.84305 -0.813848
-0.004 6.17059 -0.100409
-0.002 4.43876 0.644263
0 2.6631 1.39529
0.002 0.858165 2.127
0.004 -0.960138 2.8147
0.006 -2.77511 3.43491
0.008 -4.56849 3.96654
0.01 -6.32044 4.39168
0.012 -8.00978 4.69633
0.014 -9.61465 4.87089
0.016 -11.1132 4.91051
0.018 -12.484 4.81519
0.02 -13.7066 4.58977
0.022 -14.762 4.24367
0.024 -15.6323 3.7905
0.026 -16.3011 3.24749
0.028 -16.7539 2.63485
0.03 -16.9782 1.97497
0.032 -16.9642 1.29161
0.034 -16.7052 0.609008
0.036 -16.198 -0.0489814
0.038 -15.4434 -0.659727
0.04 -14.4467 -1.20261
0.042 -13.2173 -1.65968
0.044 -11.769 -2.01629
0.046 -10.1201 -2.26143
0.048 -8.29249 -2.38812
0.05 -6.31184 -2.39348
0.052 -4.20711 -2.27877
0.054 -2.0101 -2.04923
0.056 0.244975 -1.71381
0.058 2.52207 -1.2848
0.06 4.78387 -0.777309
0.062 6.99256 -0.208737
0.064 9.11058 0.401883
0.066 11.1015 1.03455
0.068 12.9311 1.66897
0.07 14.5679 2.28527
0.072 15.9847 2.86463
0.074 17.1589 3.38989
0.076 18.0734 3.8461
0.078 18.7171 4.22097
0.08 19.0858 4.50519
0.082 19.1814 4.69266
0.084 19.0127 4.78064
0.086 18.5947 4.76966
0.088 17.9478 4.66346
0.09 17.0975 4.46871
0.092 16.073 4.19471
0.094 14.9061 3.85292
0.096 13.6301 3.45652
0.098 12.2786 3.01982
0.1 10.8838 2.55775
0.102 9.4759 2.08527
0.104 8.08165 1.61683
0.106 6.7238 1.16586
0.108 5.42046 0.744306
0.11 4.18472 0.362286
0.112 3.02455 0.0277549
0.114 1.94289 -0.25369
0.116 0.937963 -0.478924
0.118 0.00373569 -0.647317
0.12 -0.869438 -0.760664
0.122 -1.69407 -0.823023
0.124 -2.48469 -0.84048
0.126 -3.25692 -0.820837
0.128 -4.02653 -0.77325
0.13 -4.80844 -0.707815
0.132 -5.61584 -0.635129
0.134 -6.45924 -0.565846
0.136 -7.34581 -0.510227
0.138 -8.27872 -0.477719
0.14 -9.25677 -0.476573
0.142 -10.2742 -0.513507
0.144 -11.3207 -0.593444
0.146 -12.3817 -0.719313
0.148 -13.4388 -0.891934
0.15 -14.4703 -1.10999
0.152 -15.4519 -1.37007
0.154 -16.3577 -1.66682
0.156 -17.1612 -1.9931
0.158 -17.836 -2.34033
0.16 -18.3569 -2.69874
0.162 -18.7012 -3.05774
0.164 -18.849 -3.40636
0.166 -18.7845 -3.73356
0.168 -18.4967 -4.0287
0.17 -17.9794 -4.28188
0.172 -17.2324 -4.4843
0.174 -16.2608 -4.62858
0.176 -15.0757 -4.70902
0.178 -13.6937 -4.72177
0.18 -12.1368 -4.665
0.182 -10.4312 -4.53892
0.184 -8.60768 -4.34579
0.186 -6.69979 -4.08977
0.188 -4.74358 -3.77684
0.19 -2.77638 -3.41453
0.192 -0.835814 -3.01169
0.194 1.04127 -2.57821
0.196 2.81982 -2.12462
0.198 4.46759 -1.66185
0.2 5.95599 -1.20081
0.202 7.26093 -0.75203
0.204 8.36343 -0.325389
0.206 9.25009 0.0702349
0.208 9.91343 0.427216
0.21 10.3519 0.739391
0.212 10.5699 1.00222
0.214 10.5775 1.2129
0.216 10.3899 1.37036
0.218 10.0268 1.47528
0.22 9.51201 1.52997
0.222 8.87244 1.53825
0.224 8.13717 1.50523
0.226 7.33659 1.4371
0.228 6.50141 1.34088
0.23 5.66172 1.2241
0.232 4.84596 1.09456
0.234 4.08011 0.960032
0.236 3.38688 0.827988
0.238 2.785 0.705366
0.24 2.2888 0.59835
0.242 1.90777 0.512178
0.244 1.6465 0.451005
0.246 1.50466 0.417793
0.248 1.47726 0.414253
0.25 1.55494 0.440833
0.252 1.72457 0.49674
0.254 1.96981 0.580016
0.256 2.27189 0.687639
0.258 2.61035 0.815667
0.26 2.96389 0.9594
0.262 3.3112 1.11356
0.264 3.63178 1.27248
0.266 3.90668 1.43031
0.268 4.11915 1.58125
0.27 4.25524 1.71968
0.272 4.3042 1.8404
0.274 4.25878 1.93879
0.276 4.11537 2.01098
0.278 3.87404 2.05391
0.28 3.5383 2.06551
0.282 3.11489 2.04469
0.284 2.61337 1.9914
0.286 2.04558 1.9066
0.288 1.42519 1.7922
0.29 0.767037 1.651
0.292 0.0866554 1.48655
0.294 -0.600299 1.303
0.296 -1.2785 1.10501
0.298 -1.93339 0.897494
0.3 -2.55156 0.685524
0.302 -3.12105 0.474119
0.304 -3.63163 0.268092
0.306 -4.07498 0.0719017
0.308 -4.44488 -0.110479
0.31 -4.73731 -0.275676
0.312 -4.95054 -0.421
0.314 -5.0851 -0.544502
0.316 -5.14372 -0.645009
0.318 -5.13118 -0.722122
0.32 -5.0541 -0.776204
0.322 -4.92061 -0.808331
0.324 -4.74003 -0.820226
0.326 -4.52252 -0.814175
0.328 -4.27861 -0.792931
0.33 -4.01886 -0.759592
0.332 -3.75341 -0.717491
0.334 -3.49169 -0.670063
0.336 -3.24208 -0.620724
0.338 -3.01165 -0.572737
0.34 -2.80603 -0.5291
0.342 -2.62928 -0.492433
0.344 -2.48384 -0.464882
0.346 -2.37064 -0.448046
0.348 -2.28907 -0.442926
0.35 -2.23722 -0.449899
0.352 -2.21197 -0.468723
0.354 -2.20924 -0.498568
0.356 -2.22419 -0.538074
0.358 -2.25142 -0.585428
0.36 -2.28523 -0.638462
0.362 -2.31983 -0.694756
0.364 -2.34953 -0.751747
0.366 -2.369 -0.806843
0.368 -2.37342 -0.857522
0.37 -2.35865 -0.901441
0.372 -2.32144 -0.93652
0.374 -2.25944 -0.961028
0.376 -2.17139 -0.973648
0.378 -2.05709 -0.973524
0.38 -1.91748 -0.960296
0.382 -1.75457 -0.934113
0.384 -1.57139 -0.895612
0.386 -1.37188 -0.845887
0.388 -1.16069 -0.786431
0.39 -0.943014 -0.719061
0.392 -0.724311 -0.645839
0.394 -0.510012 -0.568976
0.396 -0.305249 -0.490748
0.398 -0.114581 -0.413413
0.4 0.0582482 -0.339136
0.402 0.210483 -0.269925
0.404 0.340472 -0.207573
0.406 0.447711 -0.153608
0.408 0.532822 -0.109253
0.41 0.597466 -0.0753805
0.412 0.644217 -0.052488
0.414 0.676402 -0.0406718
0.416 0.697908 -0.0396203
0.418 0.712985 -0.0486198
0.42 0.726032 -0.0665777
0.422 0.741388 -0.0920637
0.424 0.76314 -0.123368
0.426 0.794947 -0.158571
0.428 0.839898 -0.195627
0.43 0.90039 -0.232441
0.432 0.978041 -0.266956
0.434 1.07363 -0.297216
0.436 1.18707 -0.321439
0.438 1.31745 -0.33806
0.44 1.46305 -0.345777
0.442 1.62147 -0.343578
0.444 1.78971 -0.330763
0.446 1.96431 -0.306956
0.448 2.14146 -0.272112
0.45 2.31715 -0.226518
0.452 2.48732 -0.170787
0.454 2.64797 -0.105847
0.456 2.79528 -0.03292
0.458 2.9257 0.0465081
0.46 3.03608 0.130727
0.462 3.12368 0.217849
0.464 3.18627 0.305862
0.466 3.22213 0.392689
0.468 3.23007 0.476244
0.47 3.20944 0.554496
0.472 3.16006 0.62553
0.474 3.08222 0.687603
0.476 2.97664 0.739204
0.478 2.84448 0.779102
0.48 2.68729 0.8064
0.482 2.50705 0.820565
0.484 2.30615 0.821455
0.486 2.08738 0.809322
0.488 1.85392 0.784802
0.49 1.60924 0.748886
0.492 1.35708 0.702871
0.494 1.10129 0.6483
0.496 0.845757 0.586898
0.498 0.594231 0.520499
0.4 -0.0155083 -0.0201397
0.8 -0.0154206 -0.0199555
1.2 -0.0152712 -0.01964
1.6 -0.0150553 -0.0191804
2 -0.0147665 -0.0185595
2.4 -0.0143965 -0.0177556
2.8 -0.0139354 -0.0167436
3.2 -0.0133718 -0.0154948
3.6 -0.0126929 -0.0139784
4 -0.011885 -0.0121616
4.4 -0.010933 -0.0100108
4.8 -0.00982116 -0.00749239
5.2 -0.00853323 -0.00457371
5.6 -0.00705236 -0.00122382
6 -0.00536155 0.00258547
6.4 -0.00344381 0.00687865
6.8 -0.00128235 0.0116757
7.2 0.00113919 0.0169912
7.6 0.00383652 0.0228335
8 0.00682448 0.0292042
8.4 0.0101168 0.0360974
8.8 0.0137261 0.0434993
9.2 0.0176634 0.051388
9.6 0.0219379 0.0597328
10 0.0265573 0.0684947
10.4 0.0315268 0.0776264
10.8 0.0368498 0.0870722
11.2 0.0425271 0.0967687
11.6 0.0485569 0.106645
12 0.0549348 0.116626
12.4 0.0616535 0.126627
12.8 0.0687031 0.136562
13.2 0.0760702 0.146341
13.6 0.0837388 0.155872
14 0.0916895 0.165061
14.4 0.0999001 0.173816
14.8 0.108345 0.182047
15.2 0.116997 0.189667
15.6 0.125823 0.196595
16 0.134791 0.202755
16.4 0.143865 0.208079
16.8 0.153007 0.21251
17.2 0.162176 0.215997
17.6 0.171333 0.218504
18 0.180434 0.220004
18.4 0.189437 0.220485
18.8 0.198301 0.219944
19.2 0.206984 0.218395
19.6 0.215446 0.215861
20 0.223648 0.21238
20.4 0.231555 0.208002
20.8 0.239134 0.202787
21.2 0.246356 0.196806
21.6 0.253198 0.190139
22 0.259638 0.182875
22.4 0.265664 0.175108
22.8 0.271265 0.166937
23.2 0.27644 0.158467
23.6 0.281191 0.149801
24 0.285527 0.141044
24.4 0.289465 0.132299
24.8 0.293026 0.123666
25.2 0.296236 0.115238
25.6 0.29913 0.107104
26 0.301742 0.0993442
26.4 0.304116 0.0920295
26.8 0.306295 0.0852213
27.2 0.308325 0.0789704
27.6 0.310255 0.0733161
28 0.312134 0.0682864
28.4 0.314008 0.0638975
28.8 0.315923 0.0601543
29.2 0.31792 0.0570503
29.6 0.320039 0.0545687
30 0.322311 0.0526828
30.4 0.324763 0.051357
30.8 0.327412 0.0505482
31.2 0.33027 0.0502064
31.6 0.333338 0.0502767
32 0.336608 0.0507002
32.4 0.340063 0.0514157
32.8 0.343675 0.0523607
33.2 0.347407 0.0534733
33.6 0.351213 0.0546933
34 0.355036 0.0559632
34.4 0.358813 0.0572297
34.8 0.362473 0.0584444
35.2 0.365937 0.0595647
35.6 0.369123 0.0605546
36 0.371944 0.0613852
36.4 0.374313 0.0620346
36.8 0.376141 0.0624887
37.2 0.377339 0.0627404
37.6 0.377825 0.0627901
38 0.377519 0.0626449
38.4 0.376347 0.0623182
38.8 0.374245 0.0618291
39.2 0.371159 0.0612014
39.6 0.367045 0.0604632
40 0.361873 0.0596459
40.4 0.355623 0.0587828
40.8 0.348294 0.0579091
41.2 0.339897 0.0570599
41.6 0.330458 0.0562701
42 0.320021 0.0555735
42.4 0.308642 0.0550015
42.8 0.296393 0.0545831
43.2 0.283361 0.0543438
43.6 0.269644 0.0543053
44 0.255352 0.0544854
44.4 0.240606 0.0548973
44.8 0.225535 0.0555498
45.2 0.210276 0.0564472
45.6 0.194969 0.0575891
46 0.179758 0.0589712
46.4 0.16479 0.0605848
46.8 0.150206 0.0624179
47.2 0.136148 0.0644548
47.6 0.122751 0.0666773
48 0.110143 0.0690647
48.4 0.0984434 0.0715944
48.8 0.0877614 0.0742424
49.2 0.0781936 0.0769838
49.6 0.0698236 0.0797933
50 0.0627208 0.0826454
50.4 0.0569394 0.0855151
50.8 0.0525181 0.0883783
51.2 0.0494796 0.0912115
51.6 0.0478304 0.0939928
52 0.0475612 0.0967016
52.4 0.0486472 0.0993189
52.8 0.0510485 0.101827
53.2 0.054711 0.104212
53.6 0.0595676 0.106457
54 0.065539 0.108553
54.4 0.0725348 0.110488
54.8 0.0804555 0.112253
55.2 0.0891933 0.113841
55.6 0.098634 0.115246
56 0.108658 0.116463
56.4 0.119143 0.11749
56.8 0.129965 0.118323
57.2 0.140998 0.118963
57.6 0.152118 0.119408
58 0.163204 0.11966
58.4 0.174138 0.119721
58.8 0.184808 0.119593
59.2 0.195106 0.119282
59.6 0.204934 0.118791
60 0.2142 0.118127
60.4 0.222822 0.117295
60.8 0.230726 0.116306
61.2 0.237849 0.115166
61.6 0.244138 0.113886
62 0.249551 0.112476
62.4 0.254058 0.110948
62.8 0.257636 0.109314
63.2 0.260279 0.107587
63.6 0.261986 0.105779
64 0.26277 0.103904
64.4 0.262653 0.101977
64.8 0.261667 0.100009
65.2 0.259855 0.0980144
65.6 0.257264 0.096006
66 0.253955 0.0939955
66.4 0.249992 0.091994
66.8 0.245447 0.0900112
67.2 0.240398 0.088056
67.6 0.234926 0.0861354
68 0.229118 0.0842551
68.4 0.223061 0.0824192
68.8 0.216845 0.0806302
69.2 0.21056 0.0788891
69.6 0.204295 0.0771953
70 0.198138 0.0755468
70.4 0.192171 0.0739405
70.8 0.186475 0.0723723
71.2 0.181124 0.0708375
71.6 0.176186 0.0693307
72 0.17172 0.0678466
72.4 0.167779 0.0663802
72.8 0.164406 0.0649269
73.2 0.161632 0.0634831
73.6 0.15948 0.0620464
74 0.157962 0.060616
74.4 0.157079 0.0591929
74.8 0.156818 0.0577802
75.2 0.157159 0.0563831
75.6 0.158067 0.0550091
76 0.1595 0.0536682
76.4 0.161404 0.0523727
76.8 0.163717 0.051137
77.2 0.166368 0.0499777
77.6 0.169279 0.0489131
78 0.172368 0.047963
78.4 0.175547 0.0471481
78.8 0.178724 0.0464901
79.2 0.181807 0.0460105
79.6 0.184705 0.0457306
80 0.187326 0.0456707
80.4 0.189584 0.0458494
80.8 0.191396 0.0462835
81.2 0.192686 0.0469872
81.6 0.193386 0.0479713
82 0.193435 0.0492433
82.4 0.192783 0.0508066
82.8 0.191393 0.0526602
83.2 0.189236 0.0547987
83.6 0.186298 0.057212
84 0.182574 0.059885
84.4 0.178076 0.0627981
84.8 0.172826 0.0659269
85.2 0.166856 0.0692427
85.6 0.160213 0.0727128
86 0.152953 0.0763009
86.4 0.145141 0.0799675
86.8 0.136852 0.0836709
87.2 0.128168 0.0873672
87.6 0.119175 0.0910115
88 0.109966 0.0945586
88.4 0.100634 0.0979633
88.8 0.0912764 0.101182
89.2 0.0819873 0.104172
89.6 0.0728601 0.106895
90 0.0639846 0.109313
90.4 0.0554454 0.111395
90.8 0.0473212 0.113112
91.2 0.039683 0.11444
91.6 0.0325935 0.115362
92 0.0261062 0.115864
92.4 0.0202646 0.115939
92.8 0.015102 0.115585
93.2 0.0106408 0.114805
93.6 0.00689313 0.11361
94 0.00386028 0.112012
94.4 0.00153345 0.110032
94.8 -0.000105842 0.107691
95.2 -0.00108516 0.105019
95.6 -0.0014403 0.102044
96 -0.00121438 0.0988
96.4 -0.000456814 0.0953227
96.8 0.000777746 0.0916483
97.2 0.00243059 0.0878143
97.6 0.00444009 0.0838583
98 0.00674288 0.0798172
98.4 0.00927499 0.0757271
98.8 0.011973 0.0716223
99.2 0.0147748 0.0675352
99.6 0.0176212 0.0634956
100 0.0204559 0.0595304
100.4 0.023227 0.0556636
100.8 0.0258871 0.0519158
101.2 0.0283941 0.0483042
101.6 0.0307116 0.0448426
102 0.0328087 0.0415415
102.4 0.0346608 0.0384081
102.8 0.0362491 0.0354464
103.2 0.0375605 0.0326577
103.6 0.0385877 0.0300405
104 0.0393286 0.0275911
104.4 0.039786 0.025304
104.8 0.0399671 0.0231718
105.2 0.0398831 0.0211861
105.6 0.0395486 0.0193375
106 0.0389811 0.0176159
106.4 0.0382 0.0160113
106.8 0.0372268 0.0145137
107.2 0.0360839 0.0131133
107.6 0.0347943 0.011801
108 0.0333812 0.0105685
108.4 0.0318675 0.00940848
108.8 0.0302752 0.00831456
109.2 0.0286254 0.0072815
109.6 0.0269378 0.00630522
110 0.0252305 0.0053827
110.4 0.0235199 0.00451199
110.8 0.0218205 0.00369207
111.2 0.0201451 0.00292278
111.6 0.0185042 0.00220465
112 0.0169068 0.00153876
112.4 0.0153599 0.000926548
112.8 0.0138687 0.000369678
113.2 0.0124371 -0.000130156
113.6 0.0110672 -0.000571382
114 0.00976023 -0.0009527
114.4 0.00851593 -0.00127322
114.8 0.00733332 -0.00153258
115.2 0.00621059 -0.00173104
115.6 0.00514533 -0.00186953
116 0.00413469 -0.00194973
116.4 0.00317549 -0.00197406
116.8 0.00226437 -0.00194568
117.2 0.00139792 -0.00186849
117.6 0.000572756 -0.001747
118 -0.000214401 -0.00158635
118.4 -0.000966632 -0.00139215
118.8 -0.00168679 -0.00117041
119.2 -0.00237742 -0.000927406
119.6 -0.0030408 -0.000669574
120 -0.00367882 -0.000403371
120.4 -0.00429307 -0.000135161
120.8 -0.00488475 0.000128914
121.2 -0.00545473 0.000383045
121.6 -0.00600354 0.000621859
122 -0.00653134 0.000840514
122.4 -0.007038 0.00103477
122.8 -0.00752305 0.00120107
123.2 -0.00798573 0.00133655
123.6 -0.00842501 0.0014391
124 -0.0088396 0.00150736
124.4 -0.00922797 0.00154071
124.8 -0.00958839 0.00153926
125.2 -0.00991895 0.00150381
125.6 -0.0102176 0.00143577
126 -0.0104822 0.00133715
126.4 -0.0107104 0.00121046
126.8 -0.0109002 0.00105862
127.2 -0.0110492 0.000884896
127.6 -0.0111554 0.000692821
128 -0.0112168 0.000486092
128.4 -0.0112316 0.000268493
128.8 -0.0111983 4.38201e-05
129.2 -0.0111158 -0.000184203
129.6 -0.0109833 -0.000411984
130 -0.0108005 -0.000636131
130.4 -0.0105674 -0.000853499
130.8 -0.0102849 -0.00106123
131.2 -0.00995422 -0.0012568
131.6 -0.0095772 -0.00143802
132 -0.0091564 -0.00160307
132.4 -0.00869495 -0.0017505
132.8 -0.00819662 -0.00187922
133.2 -0.00766577 -0.00198849
133.6 -0.00710735 -0.00207792
134 -0.00652679 -0.00214742
134.4 -0.00593001 -0.0021972
134.8 -0.00532329 -0.00222772
135.2 -0.00471319 -0.00223968
135.6 -0.00410651 -0.00223397
136 -0.00351011 -0.00221163
136.4 -0.00293084 -0.00217384
136.8 -0.00237544 -0.00212188
137.2 -0.00185041 -0.00205709
137.6 -0.00136188 -0.00198087
138 -0.000915531 -0.00189461
138.4 -0.000516499 -0.00179972
138.8 -0.000169253 -0.0016976
139.2 0.000122459 -0.00158958
139.6 0.000355689 -0.001477
140 0.000528338 -0.00136109
140.4 0.000639191 -0.00124307
140.8 0.000687938 -0.00112406
141.2 0.000675174 -0.00100515
141.6 0.000602387 -0.000887345
142 0.00047192 -0.000771582
142.4 0.000286928 -0.000658745
142.8 5.13084e-05 -0.000549652
143.2 -0.00023037 -0.000445059
143.6 -0.000552959 -0.000345664
144 -0.000910831 -0.000252102
144.4 -0.00129798 -0.000164948
144.8 -0.00170814 -8.4719e-05
145.2 -0.00213488 -1.18663e-05
145.6 -0.00257173 5.32212e-05
146 -0.0030123 0.000110222
146.4 -0.00345037 0.000158883
146.8 -0.00387999 0.000199025
147.2 -0.00429555 0.000230543
147.6 -0.00469191 0.00025341
148 -0.00506441 0.00026768
148.4 -0.00540896 0.000273488
148.8 -0.00572207 0.00027105
149.2 -0.00600088 0.000260665
149.6 -0.00624315 0.000242712
150 -0.0064473 0.000217648
150.4 -0.00661236 0.000186003
150.8 -0.00673799 0.000148375
151.2 -0.00682439 0.000105425
151.6 -0.00687231 5.78644e-05
152 -0.00688296 6.45332e-06
152.4 -0.00685798 -4.8015e-05
152.8 -0.00679939 -0.000104722
153.2 -0.00670947 -0.000162837
153.6 -0.00659077 -0.000221525
154 -0.00644602 -0.000279962
154.4 -0.00627804 -0.000337345
154.8 -0.00608972 -0.000392901
155.2 -0.00588398 -0.000445901
155.6 -0.00566368 -0.000495667
156 -0.0054316 -0.000541581
156.4 -0.00519041 -0.000583093
156.8 -0.00494266 -0.000619729
157.2 -0.00469072 -0.000651092
157.6 -0.00443679 -0.000676867
158 -0.00418287 -0.000696826
158.4 -0.00393081 -0.000710824
158.8 -0.00368223 -0.000718801
159.2 -0.0034386 -0.000720778
159.6 -0.0032012 -0.000716857
160 -0.00297117 -0.000707211
160.4 -0.00274947 -0.000692084
160.8 -0.00253695 -0.00067178
161.2 -0.00233434 -0.000646659
161.6 -0.00214224 -0.000617129
162 -0.00196118 -0.000583636
162.4 -0.0017916 -0.000546656
162.8 -0.00163385 -0.000506691
163.2 -0.00148822 -0.000464256
163.6 -0.00135494 -0.000419871
164 -0.00123417 -0.000374058
164.4 -0.00112602 -0.00032733
164.8 -0.00103052 -0.000280187
165.2 -0.000947663 -0.000233106
165.6 -0.000877342 -0.000186542
166 -0.000819395 -0.000140919
166.4 -0.000773577 -9.66281e-05
166.8 -0.000739559 -5.40228e-05
167.2 -0.000716925 -1.34194e-05
167.6 -0.000705172 2.49061e-05
168 -0.000703701 6.07183e-05
168.4 -0.000711823 9.38232e-05
168.8 -0.000728759 0.000124067
169.2 -0.000753644 0.000151335
169.6 -0.000785531 0.000175553
170 -0.000823404 0.000196679
170.4 -0.000866184 0.00021471
170.8 -0.000912743 0.000229671
171.2 -0.000961918 0.000241618
171.6 -0.00101253 0.000250632
172 -0.00106338 0.000256819
172.4 -0.00111332 0.000260304
172.8 -0.00116119 0.000261229
173.2 -0.00120591 0.000259752
173.6 -0.00124645 0.00025604
174 -0.00128188 0.00025027
174.4 -0.00131136 0.000242625
174.8 -0.00133416 0.000233292
175.2 -0.00134967 0.000222456
175.6 -0.00135742 0.000210306
176 -0.00135708 0.000197022
176.4 -0.00134846 0.000182785
176.8 -0.00133153 0.000167766
177.2 -0.00130637 0.000152132
177.6 -0.00127325 0.000136038
178 -0.00123255 0.000119633
178.4 -0.00118477 0.000103056
178.8 -0.00113054 8.64341e-05
179.2 -0.00107061 6.98865e-05
179.6 -0.0010058 5.35215e-05
180 -0.000937005 3.74374e-05
180.4 -0.000865198 2.17232e-05
180.8 -0.000791381 6.45846e-06
181.2 -0.000716586 -8.28576e-06
181.6 -0.000641851 -2.24467e-05
182 -0.000568207 -3.59691e-05
182.4 -0.000496655 -4.88047e-05
182.8 -0.000428155 -6.09116e-05
183.2 -0.000363611 -7.22538e-05
183.6 -0.000303854 -8.28005e-05
184 -0.000249631 -9.25258e-05
184.4 -0.000201598 -0.000101408
184.8 -0.000160305 -0.000109431
185.2 -0.000126195 -0.00011658
185.6 -9.95955e-05 -0.000122846
186 -8.07171e-05 -0.000128224
186.4 -6.96519e-05 -0.000132711
186.8 -6.63744e-05 -0.000136311
187.2 -7.07444e-05 -0.000139028
187.6 -8.25111e-05 -0.000140875
188 -0.00010132 -0.000141865
188.4 -0.000126719 -0.00014202
188.8 -0.000158171 -0.000141365
189.2 -0.000195056 -0.000139929
189.6 -0.000236694 -0.000137749
190 -0.000282346 -0.000134867
190.4 -0.000331231 -0.000131328
190.8 -0.000382541 -0.000127186
191.2 -0.000435449 -0.000122498
191.6 -0.000489126 -0.000117327
192 -0.000542752 -0.000111738
192.4 -0.000595528 -0.000105803
192.8 -0.000646686 -9.95955e-05
193.2 -0.000695505 -9.31908e-05
193.6 -0.000741313 -8.66664e-05
194 -0.000783504 -8.00999e-05
194.4 -0.000821536 -7.35683e-05
194.8 -0.000854948 -6.71468e-05
195.2 -0.000883352 -6.09075e-05
195.6 -0.000906448 -5.4919e-05
196 -0.000924017 -4.92445e-05
196.4 -0.000935926 -4.39414e-05
196.8 -0.000942123 -3.90599e-05
197.2 -0.000942639 -3.46427e-05
197.6 -0.000937579 -3.0724e-05
198 -0.00092712 -2.73291e-05
198.4 -0.000911503 -2.44739e-05
198.8 -0.000891029 -2.2165e-05
199.2 -0.000866047 -2.03994e-05
199.6 -0.000836948 -1.91649e-05
200 -0.000804156 -1.84401e-05
200.4 -0.000768121 -1.81955e-05
200.8 -0.000729305 -1.83937e-05
201.2 -0.00068818 -1.89905e-05
201.6 -0.000645215 -1.99358e-05
202 -0.000600869 -2.11746e-05
202.4 -0.000555586 -2.26483e-05
202.8 -0.00050979 -2.42958e-05
203.2 -0.000463873 -2.60548e-05
203.6 -0.000418199 -2.78629e-05
204 -0.000373096 -2.96591e-05
204.4 -0.000328854 -3.13846e-05
204.8 -0.000285726 -3.29842e-05
205.2 -0.000243925 -3.44071e-05
205.6 -0.000203627 -3.56078e-05
206 -0.00016497 -3.65469e-05
206.4 -0.000128061 -3.71915e-05
206.8 -9.29721e-05 -3.75158e-05
207.2 -5.97492e-05 -3.75012e-05
207.6 -2.84133e-05 -3.71364e-05
208 1.03514e-06 -3.64177e-05
208.4 2.86126e-05 -3.53481e-05
208.8 5.43483e-05 -3.39377e-05
209.2 7.82809e-05 -3.22025e-05
209.6 0.000100455 -3.01643e-05
210 0.000120918 -2.78498e-05
210.4 0.000139718 -2.52897e-05
210.8 0.000156903 -2.25182e-05
211.2 0.000172516 -1.95718e-05
211.6 0.000186599 -1.64888e-05
212 0.000199188 -1.33081e-05
212.4 0.000210317 -1.00684e-05
212.8 0.000220016 -6.80762e-06
213.2 0.000228316 -3.56206e-06
213.6 0.000235244 -3.65733e-07
214 0.000240832 2.75012e-06
214.4 0.000245111 5.75755e-06
214.8 0.000248123 8.63223e-06
215.2 0.000249911 1.13537e-05
215.6 0.00025053 1.39054e-05
216 0.000250044 1.62752e-05
216.4 0.000248527 1.84544e-05
216.8 0.000246067 2.04388e-05
217.2 0.00024276 2.22272e-05
217.6 0.000238717 2.38224e-05
218 0.000234059 2.52297e-05
218.4 0.000228915 2.64572e-05
218.8 0.000223426 2.75153e-05
219.2 0.000217736 2.8416e-05
219.6 0.000211994 2.91727e-05
220 0.00020635 2.97996e-05
220.4 0.000200955 3.03115e-05
220.8 0.000195952 3.07232e-05
221.2 0.000191479 3.10491e-05
221.6 0.000187663 3.13033e-05
222 0.000184619 3.14988e-05
222.4 0.000182445 3.16478e-05
222.8 0.000181222 3.17611e-05
223.2 0.000181012 3.18483e-05
223.6 0.000181854 3.19177e-05
224 0.000183766 3.19761e-05
224.4 0.000186743 3.20292e-05
224.8 0.000190758 3.20812e-05
225.2 0.00019576 3.21353e-05
225.6 0.000201679 3.21938e-05
226 0.000208422 3.2258e-05
226.4 0.000215879 3.23284e-05
226.8 0.000223925 3.24052e-05
227.2 0.000232421 3.24878e-05
227.6 0.000241214 3.25755e-05
228 0.000250148 3.26675e-05
228.4 0.000259059 3.27627e-05
228.8 0.000267779 3.28601e-05
229.2 0.000276146 3.29586e-05
229.6 0.000283997 3.30573e-05
230 0.000291179 3.31551e-05
230.4 0.000297545 3.32511e-05
230.8 0.000302961 3.33444e-05
231.2 0.000307307 3.34338e-05
231.6 0.000310476 3.3518e-05
232 0.00031238 3.35956e-05
232.4 0.000312945 3.36647e-05
232.8 0.000312118 3.37233e-05
233.2 0.000309865 3.37686e-05
233.6 0.000306167 3.37977e-05
234 0.000301027 3.3807e-05
234.4 0.000294466 3.37926e-05
234.8 0.000286521 3.37499e-05
235.2 0.000277246 3.36743e-05
235.6 0.00026671 3.35606e-05
236 0.000254999 3.34037e-05
236.4 0.00024221 3.31983e-05
236.8 0.000228452 3.29394e-05
237.2 0.000213843 3.26222e-05
237.6 0.000198513 3.22424e-05
238 0.000182596 3.17966e-05
238.4 0.000166231 3.12823e-05
238.8 0.000149565 3.06979e-05
239.2 0.000132741 3.00434e-05
239.6 0.000115907 2.93198e-05
240 9.92077e-05 2.85301e-05
240.4 8.27841e-05 2.76787e-05
240.8 6.67735e-05 2.67716e-05
241.2 5.13062e-05 2.58166e-05
241.6 3.65047e-05 2.4823e-05
242 2.24819e-05 2.38017e-05
242.4 9.33958e-06 2.27649e-05
242.8 -2.83268e-06 2.17259e-05
243.2 -1.39589e-05 2.0699e-05
243.6 -2.39777e-05 1.96991e-05
244 -3.28432e-05 1.87412e-05
244.4 -4.05257e-05 1.78406e-05
244.8 -4.7012e-05 1.70118e-05
245.2 -5.23058e-05 1.62688e-05
245.6 -5.64276e-05 1.56243e-05
246 -5.94143e-05 1.50895e-05
246.4 -6.13186e-05 1.46738e-05
246.8 -6.22081e-05 1.43845e-05
247.2 -6.21642e-05 1.42262e-05
247.6 -6.12805e-05 1.42013e-05
248 -5.96613e-05 1.43092e-05
248.4 -5.74191e-05 1.45464e-05
248.8 -5.46734e-05 1.49067e-05
249.2 -5.15475e-05 1.5381e-05
249.6 -4.81666e-05 1.59574e-05
250 -4.46554e-05 1.66218e-05
250.4 -4.11351e-05 1.73576e-05
250.8 -3.77218e-05 1.81464e-05
251.2 -3.45234e-05 1.89683e-05
251.6 -3.16381e-05 1.98022e-05
252 -2.9152e-05 2.06263e-05
252.4 -2.71377e-05 2.14189e-05
252.8 -2.5653e-05 2.21583e-05
253.2 -2.47396e-05 2.28239e-05
253.6 -2.44227e-05 2.33959e-05
254 -2.47108e-05 2.38569e-05
254.4 -2.55954e-05 2.4191e-05
254.8 -2.7052e-05 2.43853e-05
255.2 -2.90407e-05 2.44295e-05
255.6 -3.15075e-05 2.43162e-05
256 -3.43858e-05 2.40416e-05
256.4 -3.75983e-05 2.3605e-05
256.8 -4.10591e-05 2.30089e-05
257.2 -4.46755e-05 2.22594e-05
257.6 -4.8351e-05 2.13655e-05
258 -5.1987e-05 2.03392e-05
258.4 -5.54857e-05 1.9195e-05
258.8 -5.87521e-05 1.79497e-05
259.2 -6.1696e-05 1.66223e-05
259.6 -6.42345e-05 1.52328e-05
260 -6.62932e-05 1.38026e-05
260.4 -6.78079e-05 1.23532e-05
260.8 -6.8726e-05 1.09066e-05
261.2 -6.90068e-05 9.4839e-06
261.6 -6.86224e-05 8.10567e-06
262 -6.75582e-05 6.79098e-06
262.4 -6.58118e-05 5.55723e-06
262.8 -6.33935e-05 4.41979e-06
263.2 -6.0325e-05 3.39171e-06
263.6 -5.66388e-05 2.48353e-06
264 -5.23767e-05 1.7031e-06
264.4 -4.75884e-05 1.05553e-06
264.8 -4.23304e-05 5.43198e-07
265.2 -3.66639e-05 1.6574e-07
265.6 -3.06538e-05 -7.97661e-08
266 -2.43667e-05 -1.98651e-07
266.4 -1.78695e-05 -1.9842e-07
266.8 -1.12283e-05 -8.84802e-08
267.2 -4.50671e-06 1.20163e-07
267.6 2.23495e-06 4.1524e-07
268 8.94054e-06 7.83562e-07
268.4 1.55589e-05 1.21138e-06
268.8 2.20443e-05 1.68471e-06
269.2 2.83566e-05 2.18971e-06
269.6 3.44615e-05 2.71296e-06
270 4.03305e-05 3.24174e-06
270.4 4.59403e-05 3.76431e-06
270.8 5.12727e-05 4.2701e-06
271.2 5.63141e-05 4.74988e-06
271.6 6.10548e-05 5.19587e-06
272 6.54884e-05 5.60184e-06
272.4 6.96111e-05 5.96309e-06
272.8 7.34212e-05 6.27648e-06
273.2 7.69184e-05 6.54032e-06
273.6 8.01033e-05 6.75434e-06
274 8.29769e-05 6.91948e-06
274.4 8.55403e-05 7.03781e-06
274.8 8.77942e-05 7.11231e-06
275.2 8.97393e-05 7.1467e-06
275.6 9.13753e-05 7.14522e-06
276 9.2702e-05 7.11247e-06
276.4 9.37185e-05 7.05319e-06
276.8 9.44241e-05 6.97211e-06
277.2 9.4818e-05 6.87375e-06
277.6 9.49001e-05 6.76228e-06
278 9.46709e-05 6.64143e-06
278.4 9.4132e-05 6.51436e-06
278.8 9.32865e-05 6.38361e-06
279.2 9.21391e-05 6.25104e-06
279.6 9.06964e-05 6.11782e-06
280 8.89669e-05 5.98447e-06
280.4 8.69615e-05 5.85083e-06
280.8 8.46931e-05 5.71618e-06
281.2 8.21768e-05 5.57926e-06
281.6 7.94296e-05 5.43839e-06
282 7.64703e-05 5.29158e-06
282.4 7.33194e-05 5.13658e-06
282.8 6.99983e-05 4.97105e-06
283.2 6.65297e-05 4.79263e-06
283.6 6.29364e-05 4.59907e-06
284 5.92417e-05 4.3883e-06
284.4 5.54686e-05 4.15855e-06
284.8 5.16395e-05 3.90842e-06
285.2 4.77761e-05 3.63692e-06
285.6 4.38989e-05 3.34358e-06
286 4.00273e-05 3.02842e-06
286.4 3.61791e-05 2.69199e-06
286.8 3.23707e-05 2.33542e-06
287.2 2.8617e-05 1.96034e-06
287.6 2.49315e-05 1.56892e-06
288 2.13262e-05 1.16381e-06
288.4 1.78121e-05 7.48086e-07
288.8 1.43989e-05 3.25207e-07
289.2 1.10958e-05 -1.0104e-07
289.6 7.91096e-06 -5.26613e-07
290 4.85242e-06 -9.47288e-07
290.4 1.92783e-06 -1.35873e-06
290.8 -8.55269e-07 -1.75656e-06
291.2 -3.48935e-06 -2.13644e-06
291.6 -5.96686e-06 -2.49413e-06
292 -8.28017e-06 -2.82558e-06
292.4 -1.04217e-05 -3.12697e-06
292.8 -1.2384e-05 -3.39476e-06
293.2 -1.416e-05 -3.62581e-06
293.6 -1.57429e-05 -3.81735e-06
294 -1.71271e-05 -3.96705e-06
294.4 -1.83076e-05 -4.07309e-06
294.8 -1.92812e-05 -4.13416e-06
295.2 -2.00461e-05 -4.14946e-06
295.6 -2.06026e-05 -4.11878e-06
296 -2.0953e-05 -4.04246e-06
296.4 -2.11023e-05 -3.92139e-06
296.8 -2.10579e-05 -3.75704e-06
297.2 -2.08299e-05 -3.55141e-06
297.6 -2.0431e-05 -3.30703e-06
298 -1.98764e-05 -3.02693e-06
298.4 -1.91839e-05 -2.71461e-06
298.8 -1.83731e-05 -2.37396e-06
299.2 -1.74658e-05 -2.00926e-06
299.6 -1.64847e-05 -1.62509e-06
300 -1.54536e-05 -1.22628e-06
300.4 -1.43967e-05 -8.17842e-07
300.8 -1.33378e-05 -4.04889e-07
301.2 -1.22998e-05 7.43021e-09
301.6 -1.13044e-05 4.14012e-07
302 -1.03713e-05 8.09879e-07
302.4 -9.51746e-06 1.19025e-06
302.8 -8.75722e-06 1.55063e-06
303.2 -8.10141e-06 1.88685e-06
303.6 -7.55734e-06 2.19518e-06
304 -7.12851e-06 2.47233e-06
304.4 -6.81461e-06 2.71554e-06
304.8 -6.61157e-06 2.92262e-06
305.2 -6.51169e-06 3.09194e-06
305.6 -6.50398e-06 3.2225e-06
306 -6.57452e-06 3.31389e-06
306.4 -6.70697e-06 3.36629e-06
306.8 -6.88309e-06 3.38049e-06
307.2 -7.08342e-06 3.35779e-06
307.6 -7.28791e-06 3.30002e-06
308 -7.47658e-06 3.20944e-06
308.4 -7.63026e-06 3.0887e-06
308.8 -7.73116e-06 2.94077e-06
309.2 -7.76352e-06 2.76887e-06
309.6 -7.71412e-06 2.57636e-06
310 -7.5727e-06 2.3667e-06
310.4 -7.33235e-06 2.14337e-06
310.8 -6.98966e-06 1.90975e-06
311.2 -6.54489e-06 1.66912e-06
311.6 -6.00191e-06 1.42454e-06
312 -5.36806e-06 1.17884e-06
312.4 -4.6539e-06 9.34543e-07
312.8 -3.87283e-06 6.9386e-07
313.2 -3.04063e-06 4.5866e-07
313.6 -2.17495e-06 2.30462e-07
314 -1.29464e-06 1.04449e-08
314.4 -4.19177e-07 -2.0054e-07
314.8 4.3201e-07 -4.01941e-07
315.2 1.24019e-06 -5.93473e-07
315.6 1.98795e-06 -7.75071e-07
316 2.65975e-06 -9.46846e-07
316.4 3.24242e-06 -1.10903e-06
316.8 3.72561e-06 -1.26193e-06
317.2 4.10203e-06 -1.40585e-06
317.6 4.36774e-06 -1.5411e-06
318 4.5222e-06 -1.66786e-06
318.4 4.56824e-06 -1.78625e-06
318.8 4.51194e-06 -1.8962e-06
319.2 4.36241e-06 -1.99749e-06
319.6 4.13141e-06 -2.08974e-06
320 3.83292e-06 -2.17236e-06
320.4 3.48273e-06 -2.24462e-06
320.8 3.09778e-06 -2.30562e-06
321.2 2.6957e-06 -2.35436e-06
321.6 2.29414e-06 -2.38976e-06
322 1.91027e-06 -2.41068e-06
322.4 1.56015e-06 -2.41602e-06
322.8 1.25834e-06 -2.40474e-06
323.2 1.01734e-06 -2.37591e-06
323.6 8.47351e-07 -2.32877e-06
324 7.55901e-07 -2.26279e-06
324.4 7.47721e-07 -2.1777e-06
324.8 8.24641e-07 -2.07352e-06
325.2 9.85604e-07 -1.95062e-06
325.6 1.22677e-06 -1.80967e-06
326 1.5417e-06 -1.65175e-06
326.4 1.92163e-06 -1.47824e-06
326.8 2.35584e-06 -1.29089e-06
327.2 2.83197e-06 -1.09172e-06
327.6 3.33649e-06 -8.83036e-07
328 3.85514e-06 -6.67374e-07
328.4 4.37337e-06 -4.47427e-07
328.8 4.87679e-06 -2.25996e-07
329.2 5.35154e-06 -5.92508e-09
329.6 5.78471e-06 2.09967e-07
330 6.16465e-06 4.18955e-07
330.4 6.48121e-06 6.18469e-07
330.8 6.72595e-06 8.0616e-07
331.2 6.89228e-06 9.79952e-07
331.6 6.97551e-06 1.13809e-06
332 6.97283e-06 1.27917e-06
332.4 6.88327e-06 1.40219e-06
332.8 6.70754e-06 1.50653e-06
333.2 6.44788e-06 1.59197e-06
333.6 6.10786e-06 1.65872e-06
334 5.69209e-06 1.70733e-06
334.4 5.20603e-06 1.73872e-06
334.8 4.65573e-06 1.75411e-06
335.2 4.04753e-06 1.75498e-06
335.6 3.38793e-06 1.74303e-06
336 2.68329e-06 1.7201e-06
336.4 1.93974e-06 1.68813e-06
336.8 1.16305e-06 1.64909e-06
337.2 3.58507e-07 1.60492e-06
337.6 -4.6907e-07 1.55747e-06
338 -1.31535e-06 1.50847e-06
338.4 -2.17645e-06 1.45946e-06
338.8 -3.04882e-06 1.41178e-06
339.2 -3.92917e-06 1.36653e-06
339.6 -4.81433e-06 1.32453e-06
340 -5.70113e-06 1.28639e-06
340.4 -6.58622e-06 1.25239e-06
340.8 -7.46598e-06 1.22263e-06
341.2 -8.33641e-06 1.19692e-06
341.6 -9.19301e-06 1.17491e-06
342 -1.00307e-05 1.15606e-06
342.4 -1.0844e-05 1.13972e-06
342.8 -1.16266e-05 1.12512e-06
343.2 -1.2372e-05 1.11146e-06
343.6 -1.30732e-05 1.09795e-06
344 -1.37229e-05 1.08381e-06
344.4 -1.43138e-05 1.06834e-06
344.8 -1.48387e-05 1.05095e-06
345.2 -1.52908e-05 1.03117e-06
345.6 -1.56638e-05 1.00869e-06
346 -1.59522e-05 9.83364e-07
346.4 -1.61516e-05 9.55212e-07
346.8 -1.62587e-05 9.24421e-07
347.2 -1.62719e-05 8.91335e-07
347.6 -1.61907e-05 8.56443e-07
348 -1.60165e-05 8.20359e-07
348.4 -1.57524e-05 7.83789e-07
348.8 -1.54031e-05 7.47511e-07
349.2 -1.49749e-05 7.12339e-07
349.6 -1.44757e-05 6.79095e-07
350 -1.39145e-05 6.48572e-07
350.4 -1.33017e-05 6.21512e-07
350.8 -1.26483e-05 5.98574e-07
351.2 -1.19662e-05 5.80314e-07
351.6 -1.12672e-05 5.67166e-07
352 -1.05632e-05 5.59432e-07
352.4 -9.86594e-06 5.57272e-07
352.8 -9.18613e-06 5.60705e-07
353.2 -8.53368e-06 5.69612e-07
353.6 -7.91726e-06 5.8375e-07
354 -7.34405e-06 6.02763e-07
354.4 -6.81962e-06 6.262e-07
354.8 -6.34781e-06 6.53542e-07
355.2 -5.93064e-06 6.84221e-07
355.6 -5.56835e-06 7.17648e-07
356 -5.25945e-06 7.53235e-07
356.4 -5.00083e-06 7.90423e-07
356.8 -4.78793e-06 8.28698e-07
357.2 -4.61499e-06 8.67616e-07
357.6 -4.47527e-06 9.0681e-07
358 -4.36136e-06 9.46008e-07
358.4 -4.26546e-06 9.85031e-07
358.8 -4.1797e-06 1.0238e-06
359.2 -4.09645e-06 1.06233e-06
359.6 -4.00859e-06 1.10072e-06
360 -3.9098e-06 1.13914e-06
360.4 -3.79474e-06 1.17781e-06
360.8 -3.65927e-06 1.21699e-06
361.2 -3.50057e-06 1.25697e-06
361.6 -3.3172e-06 1.298e-06
362 -3.10917e-06 1.34034e-06
362.4 -2.87782e-06 1.38417e-06
362.8 -2.62584e-06 1.42962e-06
363.2 -2.35703e-06 1.47673e-06
363.6 -2.07621e-06 1.52545e-06
364 -1.78891e-06 1.57563e-06
364.4 -1.50123e-06 1.62701e-06
364.8 -1.21948e-06 1.67923e-06
365.2 -9.49989e-07 1.73183e-06
365.6 -6.98808e-07 1.78426e-06
366 -4.71469e-07 1.8359e-06
366.4 -2.72764e-07 1.88608e-06
366.8 -1.06555e-07 1.93411e-06
367.2 2.43758e-08 1.97925e-06
367.6 1.18433e-07 2.02083e-06
368 1.75261e-07 2.05817e-06
368.4 1.95751e-07 2.09069e-06
368.8 1.81994e-07 2.11788e-06
369.2 1.37189e-07 2.13932e-06
369.6 6.55041e-08 2.15474e-06
370 -2.8097e-08 2.16397e-06
370.4 -1.38062e-07 2.167e-06
370.8 -2.58476e-07 2.16394e-06
371.2 -3.83302e-07 2.15504e-06
371.6 -5.06626e-07 2.1407e-06
372 -6.2289e-07 2.12141e-06
372.4 -7.27112e-07 2.09776e-06
372.8 -8.15084e-07 2.07045e-06
373.2 -8.83529e-07 2.04019e-06
373.6 -9.30226e-07 2.00777e-06
374 -9.54093e-07 1.97395e-06
374.4 -9.55212e-07 1.93949e-06
374.8 -9.34821e-07 1.90512e-06
375.2 -8.95248e-07 1.87149e-06
375.6 -8.39806e-07 1.83916e-06
376 -7.7265e-07 1.80863e-06
376.4 -6.98593e-07 1.78024e-06
376.8 -6.22907e-07 1.75425e-06
377.2 -5.51093e-07 1.7308e-06
377.6 -4.88656e-07 1.70988e-06
378 -4.40866e-07 1.69142e-06
378.4 -4.12541e-07 1.67522e-06
378.8 -4.0784e-07 1.66099e-06
379.2 -4.30088e-07 1.6484e-06
379.6 -4.81628e-07 1.63705e-06
380 -5.63719e-07 1.62655e-06
380.4 -6.76471e-07 1.61647e-06
380.8 -8.18831e-07 1.60644e-06
381.2 -9.88607e-07 1.59609e-06
381.6 -1.18255e-06 1.58515e-06
382 -1.39644e-06 1.57341e-06
382.4 -1.6253e-06 1.56074e-06
382.8 -1.86349e-06 1.54714e-06
383.2 -2.10501e-06 1.53267e-06
383.6 -2.34362e-06 1.51751e-06
384 -2.57316e-06 1.50196e-06
384.4 -2.78771e-06 1.48637e-06
384.8 -2.98185e-06 1.47119e-06
385.2 -3.15081e-06 1.45691e-06
385.6 -3.29068e-06 1.44407e-06
386 -3.39854e-06 1.43322e-06
386.4 -3.47253e-06 1.42493e-06
386.8 -3.51193e-06 1.41971e-06
387.2 -3.51718e-06 1.41804e-06
387.6 -3.48981e-06 1.42033e-06
388 -3.43243e-06 1.4269e-06
388.4 -3.34855e-06 1.43798e-06
388.8 -3.2425e-06 1.45368e-06
389.2 -3.11919e-06 1.47399e-06
389.6 -2.98397e-06 1.49879e-06
390 -2.8424e-06 1.52782e-06
390.4 -2.7e-06 1.56074e-06
390.8 -2.56213e-06 1.59708e-06
391.2 -2.43367e-06 1.63629e-06
391.6 -2.31894e-06 1.67775e-06
392 -2.2215e-06 1.72081e-06
392.4 -2.14402e-06 1.76474e-06
392.8 -2.0882e-06 1.80887e-06
393.2 -2.05473e-06 1.85249e-06
393.6 -2.04327e-06 1.89495e-06
394 -2.05249e-06 1.93567e-06
394.4 -2.08013e-06 1.97413e-06
394.8 -2.12311e-06 2.00991e-06
395.2 -2.17767e-06 2.04268e-06
395.6 -2.23951e-06 2.07224e-06
396 -2.30401e-06 2.09848e-06
396.4 -2.3664e-06 2.12142e-06
396.8 -2.42192e-06 2.14116e-06
397.2 -2.46607e-06 2.15794e-06
397.6 -2.49475e-06 2.17203e-06
398 -2.50442e-06 2.18382e-06
398.4 -2.49227e-06 2.1937e-06
398.8 -2.45627e-06 2.20212e-06
399.2 -2.39527e-06 2.20953e-06
399.6 -2.30905e-06 2.21638e-06
400 -2.19828e-06 2.22306e-06
