    8.9715133971e+02    8.1083365851e+02   -3.9303483872e+04    3.9949569914e+00    3.7906544305e+00    3.7202438740e+00   -1.7126788738e-02    2.2649872663e-02    1.1641109832e-02    4.2735579810e+01    4.2735579810e+01    4.2735579810e+01
    8.9691449099e+02    8.1061959773e+02   -3.9301469632e+04    3.9991115812e+00    3.8911594519e+00    3.7817963464e+00   -2.8858049708e-02   -2.3993889727e-04   -2.3409682523e-03    4.2735579810e+01    4.2735579810e+01    4.2735579810e+01
    9.0020759013e+02    8.1359585770e+02   -3.9304486449e+04    4.1252915660e+00    4.0068857475e+00    3.7769929481e+00    1.1068667264e-02    1.1610971773e-02   -1.2641569610e-02    4.2735579810e+01    4.2735579810e+01    4.2735579810e+01
    9.0537560197e+02    8.1826663928e+02   -3.9308084853e+04    3.9456371799e+00    3.9492892952e+00    3.6906097954e+00   -2.2961292621e-02   -1.2128289636e-02   -3.3835750059e-02    4.2735579810e+01    4.2735579810e+01    4.2735579810e+01
    8.9493706192e+02    8.0883242317e+02   -3.9298004150e+04    3.7536732638e+00    4.0118042659e+00    3.9431836255e+00   -1.9076901206e-02    5.5525138350e-03   -1.9244921615e-05    4.2735579810e+01    4.2735579810e+01    4.2735579810e+01
    8.9709969571e+02    8.1078698333e+02   -3.9300268692e+04    3.7683434383e+00    4.0630712978e+00    3.7985550515e+00    5.6146629781e-03    7.6408189744e-03    1.9197111389e-03    4.2735579810e+01    4.2735579810e+01    4.2735579810e+01
    8.9602515172e+02    8.0981582452e+02   -3.9300472474e+04    3.9341147506e+00    3.9601131882e+00    3.8279536798e+00   -4.0052475425e-03    1.6741907362e-02    1.6139692824e-02    4.2735579810e+01    4.2735579810e+01    4.2735579810e+01
    9.0036465321e+02    8.1373780926e+02   -3.9302759411e+04    3.7833053209e+00    3.9099665584e+00    3.8254862833e+00   -1.4931858292e-02    2.5974872809e-02    2.8694192510e-02    4.2735579810e+01    4.2735579810e+01    4.2735579810e+01
    8.9716241709e+02    8.1084367010e+02   -3.9300988717e+04    3.9085398075e+00    3.8737393580e+00    4.0653699167e+00    9.9661499468e-03    4.7458338551e-02    1.2042407946e-03    4.2735579810e+01    4.2735579810e+01    4.2735579810e+01
    9.0464159105e+02    8.1760324980e+02   -3.9309101950e+04    3.8084253569e+00    3.9077410228e+00    3.8910446512e+00   -2.2192262560e-04    1.5850188817e-03   -1.8756974275e-02    4.2735579810e+01    4.2735579810e+01    4.2735579810e+01
    8.9845825691e+02    8.1201483320e+02   -3.9302542391e+04    4.0332302323e+00    3.8810757217e+00    3.8409241600e+00   -4.6669473016e-03   -1.6628821872e-02    1.8951753460e-02    4.2735579810e+01    4.2735579810e+01    4.2735579810e+01
    8.9961120059e+02    8.1305684863e+02   -3.9304381154e+04    3.7879492998e+00    3.9165660846e+00    3.9343964531e+00    1.5518381038e-03   -2.0708597241e-02    4.8241434533e-02    4.2735579810e+01    4.2735579810e+01    4.2735579810e+01
    8.9465876794e+02    8.0858090471e+02   -3.9298690985e+04    3.8957904418e+00    3.9255792171e+00    3.9313490246e+00    3.0434563992e-02    3.7079228898e-02    2.8005284387e-04    4.2735579810e+01    4.2735579810e+01    4.2735579810e+01
    9.0007585252e+02    8.1347679497e+02   -3.9302408888e+04    4.0040601333e+00    4.0535177836e+00    3.8146610816e+00    1.4358338400e-02    3.8455486343e-02   -4.8081641065e-04    4.2735579810e+01    4.2735579810e+01    4.2735579810e+01
    9.0256599232e+02    8.1572735079e+02   -3.9306260330e+04    3.8839625185e+00    3.9619431202e+00    3.9236827080e+00    8.8634331030e-03    2.8652600523e-02    5.3147980629e-02    4.2735579810e+01    4.2735579810e+01    4.2735579810e+01
    9.0128009661e+02    8.1456517505e+02   -3.9304723567e+04    3.8177501839e+00    3.9775288580e+00    3.8376427924e+00   -2.5186299429e-02   -2.1612742793e-02   -1.0483927806e-02    4.2735579810e+01    4.2735579810e+01    4.2735579810e+01
    8.8820401502e+02    8.0274718336e+02   -3.9291799330e+04    4.0245696780e+00    3.8795511026e+00    3.9295821405e+00   -1.8557441768e-02    8.0540894793e-03    1.1468128395e-03    4.2735579810e+01    4.2735579810e+01    4.2735579810e+01
    8.9550498312e+02    8.0934570294e+02   -3.9297642682e+04    3.9501979143e+00    4.0763156140e+00    3.8442032120e+00    1.1229010071e-02    1.0215213457e-02   -4.1712262762e-02    4.2735579810e+01    4.2735579810e+01    4.2735579810e+01
    9.0160345840e+02    8.1485742520e+02   -3.9306044272e+04    3.9109083392e+00    4.0081644444e+00    3.6471888262e+00    3.0114609344e-02    5.9683115282e-03   -9.5432675541e-03    4.2735579810e+01    4.2735579810e+01    4.2735579810e+01
    8.9051124325e+02    8.0483242609e+02   -3.9294805747e+04    4.1514269495e+00    3.9391373816e+00    3.8307783373e+00   -2.3942940990e-02    4.2712086609e-03    2.6102045236e-02    4.2735579810e+01    4.2735579810e+01    4.2735579810e+01
    9.0533978921e+02    8.1823427217e+02   -3.9308959939e+04    3.9897430506e+00    3.6448737240e+00    3.8699408253e+00    5.5159361414e-03    4.3394235313e-02   -3.3130275965e-03    4.2735579810e+01    4.2735579810e+01    4.2735579810e+01
    8.9675972291e+02    8.1047972036e+02   -3.9301136065e+04    3.7801501217e+00    4.1178283667e+00    3.9279505517e+00    1.6589640344e-04    4.7897215277e-03    3.0520122884e-02    4.2735579810e+01    4.2735579810e+01    4.2735579810e+01
    8.9665594959e+02    8.1038593139e+02   -3.9298356430e+04    4.0955747107e+00    4.0457820052e+00    4.0708011685e+00    2.3737072977e-02    1.5241520399e-02   -3.1034763936e-02    4.2735579810e+01    4.2735579810e+01    4.2735579810e+01
    9.0252522168e+02    8.1569050281e+02   -3.9305351977e+04    3.8419449947e+00    3.8773293366e+00    3.9574245964e+00    2.9015530166e-02    5.6029637344e-03   -5.3786674221e-02    4.2735579810e+01    4.2735579810e+01    4.2735579810e+01
    9.0095751170e+02    8.1427362702e+02   -3.9306203831e+04    3.8823662242e+00    3.9572277995e+00    3.7894837776e+00   -1.2120330740e-03    6.9634838844e-03   -2.9125156334e-02    4.2735579810e+01    4.2735579810e+01    4.2735579810e+01
    8.9667776237e+02    8.1040564549e+02   -3.9301705271e+04    3.9064007669e+00    3.8914696600e+00    3.9556649105e+00   -1.6268374553e-02    2.3654457513e-02   -2.2346449172e-02    4.2735579810e+01    4.2735579810e+01    4.2735579810e+01
    9.1069523270e+02    8.2307445202e+02   -3.9314427614e+04    3.7388818247e+00    3.9779305302e+00    3.7779540163e+00    9.9645503976e-04   -9.4435525376e-03    3.8694873029e-02    4.2735579810e+01    4.2735579810e+01    4.2735579810e+01
    8.9739867736e+02    8.1105719904e+02   -3.9302342612e+04    3.9246691516e+00    3.9759347514e+00    3.7044800166e+00    1.8273888617e-02   -9.4695780541e-03    3.7572080890e-03    4.2735579810e+01    4.2735579810e+01    4.2735579810e+01
    8.9784103984e+02    8.1145700047e+02   -3.9303172446e+04    3.7489342168e+00    3.8682546549e+00    3.8584177614e+00    1.9078955448e-02   -9.0696049091e-03   -4.0686345875e-03    4.2735579810e+01    4.2735579810e+01    4.2735579810e+01
    9.1499458853e+02    8.2696015365e+02   -3.9317153546e+04    3.8760196310e+00    3.9163547397e+00    3.8097716346e+00    1.8664295479e-02    4.9554053042e-03   -4.7481427765e-03    4.2735579810e+01    4.2735579810e+01    4.2735579810e+01
    9.0488250215e+02    8.1782098210e+02   -3.9309272230e+04    3.7722445373e+00    3.9646774837e+00    3.8597703673e+00   -2.4994434610e-02    4.5641143406e-02   -1.0261231076e-02    4.2735579810e+01    4.2735579810e+01    4.2735579810e+01
    8.9952518962e+02    8.1297911303e+02   -3.9305140412e+04    4.0538808259e+00    3.7945219185e+00    3.8690279593e+00   -3.2149044455e-03    2.6380182175e-02   -3.0274017017e-02    4.2735579810e+01    4.2735579810e+01    4.2735579810e+01
    8.9403924389e+02    8.0802098697e+02   -3.9298041386e+04    3.9415331170e+00    3.9522886997e+00    3.8219287877e+00   -2.6664093424e-02   -1.7044034253e-02    1.8140806659e-02    4.2735579810e+01    4.2735579810e+01    4.2735579810e+01
    8.9273476280e+02    8.0684201400e+02   -3.9298190375e+04    3.9994751924e+00    3.7994281336e+00    3.8791626957e+00   -2.1370314958e-02   -9.2810412193e-03   -2.5486147433e-03    4.2735579810e+01    4.2735579810e+01    4.2735579810e+01
    8.9889465346e+02    8.1240924269e+02   -3.9303792532e+04    3.9360861583e+00    3.9221800761e+00    3.8886091681e+00    1.5465912061e-02    4.7494129001e-02   -1.6968722245e-02    4.2735579810e+01    4.2735579810e+01    4.2735579810e+01
    9.0315375018e+02    8.1625855866e+02   -3.9307024789e+04    3.9471652577e+00    4.0566168235e+00    3.6687398876e+00    1.5517493796e-02    2.3123295225e-03    3.1263483162e-03    4.2735579810e+01    4.2735579810e+01    4.2735579810e+01
    8.8899661763e+02    8.0346352724e+02   -3.9294534061e+04    4.0650840874e+00    4.0167510513e+00    3.7282072490e+00   -1.9184211287e-02    2.2736886612e-02   -8.6931912639e-03    4.2735579810e+01    4.2735579810e+01    4.2735579810e+01
    9.0426024663e+02    8.1725859570e+02   -3.9308350812e+04    3.9550405006e+00    3.9273766162e+00    3.6686721354e+00    1.8893164001e-02   -2.1024401163e-02   -1.4668083623e-02    4.2735579810e+01    4.2735579810e+01    4.2735579810e+01
    8.9628116834e+02    8.1004720899e+02   -3.9300650745e+04    3.8054109864e+00    3.8659448842e+00    3.8686024650e+00    1.3637949500e-02    1.8661176979e-02    4.5451509876e-02    4.2735579810e+01    4.2735579810e+01    4.2735579810e+01
    9.0003249900e+02    8.1343761262e+02   -3.9303410703e+04    4.0758041727e+00    3.8877630737e+00    3.7145669755e+00    4.8740978668e-03   -2.6536331935e-02   -1.4357306297e-02    4.2735579810e+01    4.2735579810e+01    4.2735579810e+01
    8.9823910192e+02    8.1181676378e+02   -3.9299737635e+04    3.8609812208e+00    3.8743320145e+00    3.7538921888e+00    3.3533009683e-02   -1.8915385846e-02    6.1887983025e-03    4.2735579810e+01    4.2735579810e+01    4.2735579810e+01
    9.0885622290e+02    8.2141237900e+02   -3.9311506688e+04    3.8114247957e+00    4.0067687133e+00    3.6070409646e+00    3.7361611226e-02   -1.2142400511e-02   -1.4583944650e-02    4.2735579810e+01    4.2735579810e+01    4.2735579810e+01
    8.9739449512e+02    8.1105341919e+02   -3.9301829570e+04    3.8338206315e+00    3.9608103509e+00    3.8649795978e+00    3.9786382149e-02    2.0741441557e-02   -1.7746499224e-02    4.2735579810e+01    4.2735579810e+01    4.2735579810e+01
    9.0014464753e+02    8.1353897101e+02   -3.9304825358e+04    4.0204783490e+00    4.0369028578e+00    3.8192050889e+00   -1.1832711085e-02    5.0040736507e-03    5.6429499400e-03    4.2735579810e+01    4.2735579810e+01    4.2735579810e+01
    8.9143475374e+02    8.0566708280e+02   -3.9296989342e+04    4.0102932997e+00    3.7955708966e+00    3.8802220504e+00   -6.4122679069e-03   -1.7729146377e-02   -1.5883013449e-02    4.2735579810e+01    4.2735579810e+01    4.2735579810e+01
    9.0120451663e+02    8.1449686684e+02   -3.9305162861e+04    4.0531076465e+00    3.8310899269e+00    3.8248470834e+00    2.7724350322e-03    4.0614648980e-03    1.0886649380e-02    4.2735579810e+01    4.2735579810e+01    4.2735579810e+01
    9.0133875088e+02    8.1461818601e+02   -3.9307227236e+04    3.8651440220e+00    3.9922805508e+00    3.8406805269e+00    1.2519000035e-02   -7.8505513907e-03    2.7389008821e-03    4.2735579810e+01    4.2735579810e+01    4.2735579810e+01
    9.0113190022e+02    8.1443123709e+02   -3.9304566136e+04    4.0766781585e+00    3.8155079165e+00    3.8220477515e+00    1.7783414422e-02    1.0526337554e-02    1.2446533836e-02    4.2735579810e+01    4.2735579810e+01    4.2735579810e+01
    8.9511303532e+02    8.0899146563e+02   -3.9298427992e+04    3.7831068846e+00    4.1110303449e+00    3.8225941324e+00    5.2661029688e-03   -9.9511606978e-03   -1.6556953439e-02    4.2735579810e+01    4.2735579810e+01    4.2735579810e+01
    8.9766391978e+02    8.1129692168e+02   -3.9299939978e+04    4.0403230369e+00    3.8424479090e+00    3.8403067168e+00    2.9476634040e-04   -2.1049486637e-02   -2.5148508760e-03    4.2735579810e+01    4.2735579810e+01    4.2735579810e+01
    9.0649972068e+02    8.1928260308e+02   -3.9311529315e+04    3.9380469054e+00    4.0907084855e+00    3.5667032960e+00    2.8910573741e-02    3.2933458726e-02   -1.2190254019e-02    4.2735579810e+01    4.2735579810e+01    4.2735579810e+01
    9.0139801598e+02    8.1467174904e+02   -3.9304338001e+04    3.8713379305e+00    4.0593852168e+00    3.8367349343e+00    1.7577288320e-02    3.2254019268e-02   -1.4699924505e-03    4.2735579810e+01    4.2735579810e+01    4.2735579810e+01
    8.9803908422e+02    8.1163599039e+02   -3.9301939786e+04    3.8934394552e+00    3.7670731560e+00    3.9067736462e+00    3.0065650568e-02    2.4708666836e-02   -3.1284771350e-02    4.2735579810e+01    4.2735579810e+01    4.2735579810e+01
    9.0260568610e+02    8.1576322551e+02   -3.9308118067e+04    3.7956507539e+00    3.9111603827e+00    3.8217187582e+00    4.2054006893e-02    1.8772052116e-02   -5.5844290081e-03    4.2735579810e+01    4.2735579810e+01    4.2735579810e+01
    9.0115697995e+02    8.1445390381e+02   -3.9305105387e+04    3.8415631896e+00    3.8987995154e+00    3.7750248678e+00    1.5330251374e-02   -2.5172804722e-02    1.2134861726e-02    4.2735579810e+01    4.2735579810e+01    4.2735579810e+01
    9.0156855187e+02    8.1482587714e+02   -3.9305391468e+04    3.8149807457e+00    3.8381785404e+00    3.7191758691e+00   -2.1868718335e-02    1.2939345772e-02    7.6767318704e-04    4.2735579810e+01    4.2735579810e+01    4.2735579810e+01
    9.0384109154e+02    8.1687976881e+02   -3.9306625898e+04    3.9193145854e+00    3.8623339730e+00    4.0004311156e+00    3.7816809162e-03    7.1602690626e-03    1.9280017442e-02    4.2735579810e+01    4.2735579810e+01    4.2735579810e+01
    8.9706121004e+02    8.1075220049e+02   -3.9301033743e+04    3.9045877649e+00    3.9969485427e+00    3.8543805626e+00    1.5270763441e-02   -2.6999185629e-02    2.2889532646e-02    4.2735579810e+01    4.2735579810e+01    4.2735579810e+01
    8.9153707421e+02    8.0575955870e+02   -3.9297302740e+04    3.9111063120e+00    3.7984487867e+00    4.0266548719e+00    1.1312062040e-02    6.4698869553e-03   -1.6965257707e-03    4.2735579810e+01    4.2735579810e+01    4.2735579810e+01
    8.9559607375e+02    8.0942802945e+02   -3.9300162204e+04    4.1108979741e+00    4.0226911210e+00    3.6145063539e+00    2.9948001009e-02    3.1087597159e-02    1.6069989759e-02    4.2735579810e+01    4.2735579810e+01    4.2735579810e+01
    8.9818661593e+02    8.1176932763e+02   -3.9304663966e+04    3.7919788490e+00    3.8064391907e+00    4.0273407333e+00    2.0034851984e-02    3.2315209525e-02    2.9044152905e-02    4.2735579810e+01    4.2735579810e+01    4.2735579810e+01
    8.8892508966e+02    8.0339888119e+02   -3.9295816419e+04    3.8299826897e+00    3.9429096710e+00    3.9518989709e+00   -7.9844803010e-03    2.6697545834e-02   -7.4524830850e-03    4.2735579810e+01    4.2735579810e+01    4.2735579810e+01
    9.1149119584e+02    8.2379383311e+02   -3.9314452022e+04    3.8533913299e+00    3.8064483052e+00    3.7104138387e+00   -1.3226866176e-02    5.4649755923e-03    7.4203463109e-03    4.2735579810e+01    4.2735579810e+01    4.2735579810e+01
    8.9748744174e+02    8.1113742313e+02   -3.9302704231e+04    3.9566499950e+00    3.8490039207e+00    3.8963349602e+00    5.6985222394e-03   -2.2334178028e-02    1.1267967257e-02    4.2735579810e+01    4.2735579810e+01    4.2735579810e+01
    9.0433816960e+02    8.1732902146e+02   -3.9308809478e+04    3.8827381411e+00    3.9174995833e+00    3.8819796838e+00    2.0610121293e-02    3.7579551512e-02   -1.6822938342e-02    4.2735579810e+01    4.2735579810e+01    4.2735579810e+01
    8.9207141942e+02    8.0624249292e+02   -3.9295596270e+04    3.9193570869e+00    3.9496345329e+00    3.8939459507e+00    3.6396637633e-02    6.9712978690e-03    7.0304634577e-03    4.2735579810e+01    4.2735579810e+01    4.2735579810e+01
    8.8955382488e+02    8.0396712387e+02   -3.9294225094e+04    3.8606194589e+00    4.1262266398e+00    3.8727835115e+00    3.0036283916e-02   -1.7091458248e-02   -1.3319171512e-02    4.2735579810e+01    4.2735579810e+01    4.2735579810e+01
    8.9950681536e+02    8.1296250662e+02   -3.9303792549e+04    4.0164549877e+00    3.9432025261e+00    3.8158779246e+00    2.7776923052e-02    1.7183446615e-02    2.2851667932e-02    4.2735579810e+01    4.2735579810e+01    4.2735579810e+01
    9.0449125410e+02    8.1746737723e+02   -3.9308188153e+04    3.8884742501e+00    3.8850544715e+00    3.7922757705e+00    4.1634005853e-03    1.2510033471e-02    2.6244219872e-03    4.2735579810e+01    4.2735579810e+01    4.2735579810e+01
    9.1055864241e+02    8.2295100350e+02   -3.9314755285e+04    3.7822307398e+00    3.8124208343e+00    3.8256713590e+00    1.9036246030e-03   -2.8419168269e-02    1.7570736485e-03    4.2735579810e+01    4.2735579810e+01    4.2735579810e+01
    8.9812254482e+02    8.1171142099e+02   -3.9302918347e+04    3.9285830510e+00    3.9134030563e+00    3.8397519981e+00   -3.2607317775e-02    3.1648347694e-02   -2.0692253301e-02    4.2735579810e+01    4.2735579810e+01    4.2735579810e+01
    8.9385503242e+02    8.0785449905e+02   -3.9298251071e+04    3.8720344767e+00    4.0774437087e+00    3.8999983898e+00    3.8460581437e-02    9.1371635129e-03   -4.3955444559e-02    4.2735579810e+01    4.2735579810e+01    4.2735579810e+01
    8.9716256901e+02    8.1084380740e+02   -3.9300734523e+04    3.7615575136e+00    4.0859002999e+00    3.6981518400e+00    4.3017684684e-02    2.4638981218e-02   -1.6214888081e-02    4.2735579810e+01    4.2735579810e+01    4.2735579810e+01
    8.9397350858e+02    8.0796157625e+02   -3.9301264468e+04    3.8419602693e+00    3.8797324045e+00    3.9384381412e+00   -1.8185924498e-02   -2.2296657475e-03   -1.4798494230e-02    4.2735579810e+01    4.2735579810e+01    4.2735579810e+01
    8.8966710255e+02    8.0406950275e+02   -3.9294521950e+04    3.9388302032e+00    3.9233378410e+00    3.9274766736e+00    3.8856013591e-03    1.2627799058e-02   -1.1423261660e-02    4.2735579810e+01    4.2735579810e+01    4.2735579810e+01
    9.0173816518e+02    8.1497917143e+02   -3.9305558148e+04    3.8569474683e+00    3.8142123330e+00    3.8965956483e+00   -7.5388937515e-03    3.4769023825e-02   -1.8248035931e-02    4.2735579810e+01    4.2735579810e+01    4.2735579810e+01
    8.9529552021e+02    8.0915639309e+02   -3.9301098468e+04    3.9443199621e+00    4.1207663251e+00    3.7945119498e+00   -4.1354933406e-03    1.5831212985e-02   -9.6686577674e-04    4.2735579810e+01    4.2735579810e+01    4.2735579810e+01
    9.0395872518e+02    8.1698608455e+02   -3.9308019530e+04    3.8324484725e+00    3.8961864852e+00    3.7672825710e+00    3.5142206629e-03   -1.2657439619e-04    1.3655768323e-02    4.2735579810e+01    4.2735579810e+01    4.2735579810e+01
    8.9959912691e+02    8.1304593660e+02   -3.9303374210e+04    3.7285136230e+00    3.9190761725e+00    3.9686020404e+00   -1.3801474434e-02    1.2941214736e-02   -2.9786659174e-02    4.2735579810e+01    4.2735579810e+01    4.2735579810e+01
    8.9907184487e+02    8.1256938598e+02   -3.9303308335e+04    3.9415210145e+00    4.0520959325e+00    3.7622504708e+00    3.6837734432e-02    8.3559236642e-03    9.1676383306e-03    4.2735579810e+01    4.2735579810e+01    4.2735579810e+01
    8.9227928868e+02    8.0643036245e+02   -3.9295239870e+04    3.8131703103e+00    4.0112934508e+00    3.8535134434e+00    2.9418783493e-02   -1.4753999923e-02    2.3265804913e-02    4.2735579810e+01    4.2735579810e+01    4.2735579810e+01
    9.0320406130e+02    8.1630402919e+02   -3.9307037498e+04    3.8138945137e+00    3.9127166499e+00    3.7972612327e+00    3.1444410758e-02    4.3259929474e-02    1.3877725466e-02    4.2735579810e+01    4.2735579810e+01    4.2735579810e+01
    8.9716954856e+02    8.1085011543e+02   -3.9302417631e+04    3.9776701789e+00    3.9421577653e+00    3.8561781704e+00    5.8864038027e-02    3.8123806425e-02    5.8295060690e-02    4.2735579810e+01    4.2735579810e+01    4.2735579810e+01
    9.0036347017e+02    8.1373674005e+02   -3.9304453852e+04    3.9407304893e+00    3.8370735599e+00    3.8588440875e+00    2.3630911748e-02   -8.7931281555e-03   -8.9841864501e-03    4.2735579810e+01    4.2735579810e+01    4.2735579810e+01
    8.9866870113e+02    8.1220502993e+02   -3.9302064783e+04    3.7783396521e+00    4.1170613784e+00    3.8530893015e+00    1.7686781287e-02    1.5420842767e-02   -4.6289716908e-03    4.2735579810e+01    4.2735579810e+01    4.2735579810e+01
    9.0127764306e+02    8.1456295756e+02   -3.9306670050e+04    3.7889449329e+00    3.8556054856e+00    3.8771773060e+00    4.3206776741e-02    2.2721818420e-03    5.1439636866e-03    4.2735579810e+01    4.2735579810e+01    4.2735579810e+01
    8.9251902389e+02    8.0664703200e+02   -3.9298895635e+04    3.7732045523e+00    3.9306767418e+00    3.9967264506e+00    1.8542101861e-02   -1.4685692975e-02   -1.0013542291e-02    4.2735579810e+01    4.2735579810e+01    4.2735579810e+01
    9.0884163864e+02    8.2139919793e+02   -3.9312662107e+04    3.9313349787e+00    4.0687134149e+00    3.6575797234e+00   -2.1827702129e-02    3.7060258123e-02   -5.7672824842e-03    4.2735579810e+01    4.2735579810e+01    4.2735579810e+01
    8.9914062202e+02    8.1263154586e+02   -3.9304381482e+04    3.8915265211e+00    4.0413414195e+00    3.8169637006e+00   -3.3564879291e-04   -2.2023497922e-02    2.4945833129e-03    4.2735579810e+01    4.2735579810e+01    4.2735579810e+01
    8.9198527540e+02    8.0616463709e+02   -3.9295331679e+04    3.7023320941e+00    3.8638661778e+00    4.1608345951e+00    2.5216569913e-03    8.2331505858e-03    2.2991368984e-03    4.2735579810e+01    4.2735579810e+01    4.2735579810e+01
    8.9274253025e+02    8.0684903412e+02   -3.9298665579e+04    4.0161324166e+00    4.0160345588e+00    3.8838717051e+00    3.1434258217e-02    1.9508156566e-02   -2.2171789074e-02    4.2735579810e+01    4.2735579810e+01    4.2735579810e+01
    8.9540215949e+02    8.0925277228e+02   -3.9299514557e+04    3.9275206854e+00    3.9569108071e+00    4.1322739896e+00   -7.5802058425e-03   -3.4146575458e-02   -1.2354298079e-02    4.2735579810e+01    4.2735579810e+01    4.2735579810e+01
    9.0435602423e+02    8.1734515824e+02   -3.9308268146e+04    3.9338121045e+00    3.9267706450e+00    3.6426191704e+00    1.0575691571e-02   -5.8943694609e-03   -3.4525661260e-02    4.2735579810e+01    4.2735579810e+01    4.2735579810e+01
    8.9762569200e+02    8.1126237191e+02   -3.9301383467e+04    4.0640250427e+00    3.9543970844e+00    3.6205745501e+00    1.3046602692e-02    5.6520835413e-03   -3.6078193849e-02    4.2735579810e+01    4.2735579810e+01    4.2735579810e+01
    8.8739564711e+02    8.0201659101e+02   -3.9290948872e+04    4.0468186583e+00    3.8486157231e+00    3.9720574373e+00   -8.5372381922e-03   -1.8055576316e-02   -4.0293865966e-02    4.2735579810e+01    4.2735579810e+01    4.2735579810e+01
    8.9953343243e+02    8.1298656278e+02   -3.9304784549e+04    3.7369504082e+00    4.0187947827e+00    3.8158881537e+00    2.6016104261e-02   -1.5212645048e-02   -2.2776785339e-02    4.2735579810e+01    4.2735579810e+01    4.2735579810e+01
    9.0070326021e+02    8.1404383784e+02   -3.9305629770e+04    4.0006601625e+00    3.8720473360e+00    3.7859572622e+00    3.5728483615e-03    8.3579928207e-03   -2.3063848714e-02    4.2735579810e+01    4.2735579810e+01    4.2735579810e+01
    9.0331887670e+02    8.1640779785e+02   -3.9305190342e+04    3.7319090914e+00    3.9423462214e+00    3.9788673615e+00    3.3693260794e-02   -8.8222380304e-03    9.4999474609e-03    4.2735579810e+01    4.2735579810e+01    4.2735579810e+01
    8.9520243485e+02    8.0907226376e+02   -3.9299481912e+04    3.9782291620e+00    3.8595996595e+00    3.7179124230e+00   -5.2463415903e-03    2.7459775517e-02    2.8192383106e-02    4.2735579810e+01    4.2735579810e+01    4.2735579810e+01
    8.9847712252e+02    8.1203188369e+02   -3.9303774108e+04    3.8448868115e+00    3.9379278552e+00    3.7781677106e+00   -1.2573297753e-02    8.5800159291e-04   -5.4442564996e-03    4.2735579810e+01    4.2735579810e+01    4.2735579810e+01
