-0.498 1.18756 0.832955
-0.496 1.43924 0.862433
-0.494 1.64018 0.875666
-0.492 1.78144 0.871167
-0.49 1.85677 0.848076
-0.488 1.86293 0.806219
-0.486 1.79981 0.746143
-0.484 1.67044 0.669111
-0.482 1.48081 0.577071
-0.48 1.23963 0.472585
-0.478 0.957852 0.358733
-0.476 0.64818 0.238988
-0.474 0.324465 0.117078
-0.472 0.00104231 -0.00317161
-0.47 -0.307934 -0.118
-0.468 -0.589154 -0.223869
-0.466 -0.830761 -0.317611
-0.464 -1.0229 -0.396565
-0.462 -1.15813 -0.458686
-0.46 -1.23179 -0.502626
-0.458 -1.24214 -0.527785
-0.456 -1.1904 -0.534325
-0.454 -1.08068 -0.523152
-0.452 -0.919721 -0.495863
-0.45 -0.716506 -0.454658
-0.448 -0.481817 -0.40223
-0.446 -0.227664 -0.34163
-0.444 0.0333257 -0.276121
-0.442 0.288541 -0.209019
-0.44 0.526011 -0.143541
-0.438 0.734996 -0.0826496
-0.436 0.906498 -0.0289275
-0.434 1.03368 0.0155389
-0.432 1.11218 0.0492437
-0.43 1.14027 0.0713159
-0.428 1.1189 0.0815404
-0.426 1.05155 0.0803462
-0.424 0.944039 0.0687601
-0.422 0.80414 0.0483316
-0.42 0.641095 0.0210304
-0.418 0.465092 -0.0108757
-0.416 0.286673 -0.0449578
-0.414 0.116135 -0.0787691
-0.412 -0.0370575 -0.109988
-0.41 -0.164804 -0.136553
-0.408 -0.260825 -0.15678
-0.406 -0.321017 -0.169461
-0.404 -0.343682 -0.173935
-0.402 -0.329627 -0.170126
-0.4 -0.282124 -0.158549
-0.398 -0.206727 -0.140284
-0.396 -0.110968 -0.116913
-0.394 -0.00393109 -0.0904347
-0.392 0.104256 -0.0631494
-0.39 0.203004 -0.0375236
-0.388 0.28187 -0.0160463
-0.386 0.331178 -0.00107906
-0.384 0.342601 0.00529093
-0.382 0.309687 0.00138572
-0.38 0.228297 -0.0139467
-0.378 0.0969235 -0.0412414
-0.376 -0.0831167 -0.0803555
-0.374 -0.307638 -0.130442
-0.372 -0.569689 -0.189959
-0.37 -0.859804 -0.25672
-0.368 -1.16639 -0.327971
-0.366 -1.47624 -0.400508
-0.364 -1.77511 -0.470816
-0.362 -2.04844 -0.535231
-0.36 -2.282 -0.59011
-0.358 -2.46266 -0.632014
-0.356 -2.57899 -0.657873
-0.354 -2.62192 -0.665151
-0.352 -2.58521 -0.651982
-0.35 -2.46586 -0.617281
-0.348 -2.26426 -0.560821
-0.346 -1.98435 -0.483265
-0.344 -1.63345 -0.386173
-0.342 -1.22203 -0.271949
-0.34 -0.763286 -0.143765
-0.338 -0.272594 -0.0054369
-0.336 0.233157 0.138723
-0.334 0.736289 0.284082
-0.332 1.21911 0.425875
-0.33 1.66472 0.559406
-0.328 2.0577 0.680243
-0.326 2.38487 0.784405
-0.324 2.63581 0.868528
-0.322 2.80332 0.930003
-0.32 2.88374 0.967088
-0.318 2.87705 0.978968
-0.316 2.78685 0.965787
-0.314 2.62016 0.928627
-0.312 2.387 0.869452
-0.31 2.09996 0.79101
-0.308 1.77348 0.696697
-0.306 1.42322 0.590403
-0.304 1.06524 0.476329
-0.302 0.715257 0.358794
-0.3 0.387875 0.242042
-0.298 0.0959179 0.130059
-0.296 -0.150177 0.0263955
-0.294 -0.342816 -0.065973
-0.292 -0.477574 -0.144766
-0.29 -0.553344 -0.208475
-0.288 -0.572326 -0.256404
-0.286 -0.539845 -0.288666
-0.284 -0.464012 -0.306145
-0.282 -0.35524 -0.310413
-0.28 -0.22565 -0.30362
-0.278 -0.0883882 -0.288355
-0.276 0.0431033 -0.267491
-0.274 0.155834 -0.244014
-0.272 0.237986 -0.220855
-0.27 0.279568 -0.200729
-0.268 0.272984 -0.185983
-0.266 0.213472 -0.178479
-0.264 0.0993934 -0.17949
-0.262 -0.0676323 -0.189646
-0.26 -0.282768 -0.208905
-0.258 -0.538167 -0.236566
-0.256 -0.823339 -0.271318
-0.254 -1.12566 -0.311322
-0.252 -1.43099 -0.354323
-0.25 -1.72442 -0.397785
-0.248 -1.99099 -0.439042
-0.246 -2.21652 -0.475452
-0.244 -2.38835 -0.504559
-0.242 -2.49604 -0.524237
-0.24 -2.53199 -0.532824
-0.238 -2.49187 -0.529222
-0.236 -2.37499 -0.512977
-0.234 -2.18441 -0.484318
-0.232 -1.9269 -0.444161
-0.23 -1.61271 -0.394069
-0.228 -1.25515 -0.336188
-0.226 -0.870021 -0.273135
-0.224 -0.474869 -0.20787
-0.222 -0.0881886 -0.143537
-0.22 0.271492 -0.0832976
-0.218 0.586531 -0.0301585
-0.216 0.841068 0.0131997
-0.214 1.02187 0.0445772
-0.212 1.11903 0.0623896
-0.21 1.1266 0.0657727
-0.208 1.04293 0.0546522
-0.206 0.870878 0.0297747
-0.204 0.617807 -0.00730438
-0.202 0.295322 -0.054274
-0.2 -0.0811809 -0.108161
-0.198 -0.493164 -0.16546
-0.196 -0.919761 -0.222294
-0.194 -1.33872 -0.274596
-0.192 -1.72741 -0.318306
-0.19 -2.06391 -0.349572
-0.188 -2.32801 -0.364948
-0.186 -2.50222 -0.361571
-0.184 -2.57258 -0.337319
-0.182 -2.52942 -0.290936
-0.18 -2.3678 -0.222114
-0.178 -2.08788 -0.131541
-0.176 -1.69492 -0.0208888
-0.174 -1.19913 0.107231
-0.172 -0.615311 0.249362
-0.17 0.0377986 0.401341
-0.168 0.738266 0.558458
-0.166 1.46189 0.715661
-0.164 2.18324 0.867756
-0.162 2.87668 1.00963
-0.16 3.51749 1.13648
-0.158 4.08289 1.24397
-0.156 4.55297 1.32847
-0.154 4.91148 1.38715
-0.152 5.14654 1.41814
-0.15 5.25102 1.42055
-0.148 5.22284 1.39449
-0.146 5.06496 1.3411
-0.144 4.78519 1.26241
-0.142 4.3958 1.16129
-0.14 3.91293 1.04123
-0.138 3.35582 0.90625
-0.136 2.74596 0.760639
-0.134 2.10611 0.608791
-0.132 1.45935 0.454995
-0.13 0.828064 0.303246
-0.128 0.233004 0.157081
-0.126 -0.307533 0.019442
-0.124 -0.778424 -0.10743
-0.122 -1.16827 -0.222053
-0.12 -1.46977 -0.323723
-0.118 -1.67987 -0.41249
-0.116 -1.7998 -0.489091
-0.114 -1.83479 -0.554849
-0.112 -1.79374 -0.611536
-0.11 -1.68863 -0.661221
-0.108 -1.53388 -0.706096
-0.106 -1.34559 -0.748304
-0.104 -1.1407 -0.789769
-0.102 -0.936162 -0.832049
-0.1 -0.748158 -0.876203
-0.098 -0.591294 -0.922697
-0.096 -0.477954 -0.971348
-0.094 -0.417733 -1.02131
-0.092 -0.417018 -1.07109
-0.09 -0.478722 -1.11862
-0.088 -0.602176 -1.16138
-0.086 -0.7832 -1.19651
-0.084 -1.01433 -1.22101
-0.082 -1.28521 -1.23188
-0.08 -1.58312 -1.22634
-0.078 -1.8936 -1.20202
-0.076 -2.2012 -1.15712
-0.074 -2.49028 -1.09055
-0.072 -2.74578 -1.00208
-0.07 -2.95399 -0.892401
-0.068 -3.1033 -0.763134
-0.066 -3.18475 -0.616851
-0.064 -3.19251 -0.456992
-0.062 -3.12415 -0.287754
-0.06 -2.98077 -0.113936
-0.058 -2.76686 0.0592525
-0.056 -2.49008 0.226411
-0.054 -2.16075 0.382185
-0.052 -1.79128 0.521511
-0.05 -1.39549 0.639851
-0.048 -0.987837 0.733413
-0.046 -0.582653 0.799343
-0.044 -0.193407 0.835869
-0.042 0.167946 0.842415
-0.04 0.491515 0.819637
-0.038 0.769865 0.769429
-0.036 0.998257 0.694844
-0.034 1.17471 0.599982
-0.032 1.29987 0.48981
-0.03 1.37679 0.36995
-0.028 1.41048 0.246422
-0.026 1.40744 0.125376
-0.024 1.37508 0.0128002
-0.022 1.32114 -0.0857537
-0.02 1.25314 -0.165438
-0.018 1.17792 -0.222342
-0.016 1.1012 -0.253682
-0.014 1.02733 -0.257943
-0.012 0.959143 -0.23496
-0.01 0.897962 -0.185929
-0.008 0.843662 -0.113361
-0.006 0.794874 -0.0209672
-0.004 0.74923 0.0865134
-0.002 0.703646 0.203539
0 0.654626 0.324027
0.002 0.598402 0.441645
0.004 0.53175 0.55012
0.006 0.451744 0.643537
0.008 0.35623 0.716633
0.01 0.244096 0.765049
0.012 0.115523 0.785547
0.014 -0.0278188 0.776175
0.016 -0.182634 0.736363
0.018 -0.343973 0.666963
0.02 -0.505309 0.570213
0.022 -0.65875 0.449647
0.024 -0.795383 0.309933
0.026 -0.90573 0.156664
0.028 -0.980301 -0.00389164
0.03 -1.01021 -0.16507
0.032 -0.987776 -0.32011
0.034 -0.907169 -0.462452
0.036 -0.764883 -0.586024
0.038 -0.56017 -0.685503
0.04 -0.295291 -0.756542
0.042 0.0243919 -0.795946
0.044 0.390515 -0.801796
0.046 0.79199 -0.773517
0.048 1.21546 -0.711876
0.05 1.6459 -0.618934
0.052 2.06732 -0.497924
0.054 2.46362 -0.353096
0.056 2.81933 -0.189508
0.058 3.12051 -0.0127914
0.06 3.35542 0.171102
0.062 3.51522 0.356164
0.064 3.5944 0.53658
0.066 3.59111 0.706975
0.068 3.50727 0.862612
0.07 3.34845 0.999572
0.072 3.1236 1.11488
0.074 2.8446 1.20656
0.076 2.52556 1.27371
0.078 2.1822 1.31641
0.08 1.83095 1.3357
0.082 1.48815 1.33341
0.084 1.16927 1.31209
0.086 0.888063 1.27471
0.088 0.655956 1.22458
0.09 0.481448 1.16506
0.092 0.369707 1.09943
0.094 0.322307 1.03066
0.096 0.337141 0.961265
0.098 0.408501 0.893212
0.1 0.527333 0.827799
0.102 0.681651 0.765629
0.104 0.85709 0.706616
0.106 1.03759 0.650024
0.108 1.20614 0.59456
0.11 1.34564 0.538488
0.112 1.43974 0.479782
0.114 1.47367 0.416293
0.116 1.43503 0.345921
0.118 1.31448 0.266795
0.12 1.10631 0.177432
0.122 0.80886 0.0768835
0.124 0.424742 -0.0351513
0.126 -0.039116 -0.158248
0.128 -0.571633 -0.291221
0.13 -1.15794 -0.432124
0.132 -1.77991 -0.578306
0.134 -2.4169 -0.726498
0.136 -3.04656 -0.872942
0.138 -3.64582 -1.01355
0.14 -4.19183 -1.1441
0.142 -4.66303 -1.26039
0.144 -5.04006 -1.35849
0.146 -5.30672 -1.43492
0.148 -5.45065 -1.4868
0.15 -5.46401 -1.51203
0.152 -5.34387 -1.5094
0.154 -5.09238 -1.47866
0.156 -4.7168 -1.42059
0.158 -4.22925 -1.33693
0.16 -3.64623 -1.23037
0.162 -2.98797 -1.10442
0.164 -2.27764 -0.963289
0.166 -1.54036 -0.811697
0.168 -0.802147 -0.654691
0.17 -0.088854 -0.497421
0.172 0.574947 -0.34493
0.174 1.16699 -0.20194
0.176 1.66825 -0.072655
0.178 2.06375 0.0394092
0.18 2.34314 0.131565
0.182 2.50113 0.202055
0.184 2.53764 0.250105
0.186 2.45775 0.275936
0.188 2.2714 0.28073
0.19 1.99286 0.266552
0.192 1.64005 0.236225
0.194 1.23363 0.193183
0.196 0.796044 0.141292
0.198 0.350459 0.0846533
0.2 -0.0803244 0.0273991
0.202 -0.47491 -0.0265035
0.204 -0.814262 -0.0734422
0.206 -1.08255 -0.110326
0.208 -1.26779 -0.134719
0.21 -1.36236 -0.144946
0.212 -1.36321 -0.140151
0.214 -1.27191 -0.120312
0.216 -1.09447 -0.0862247
0.218 -0.840906 -0.0394292
0.22 -0.524696 0.0178871
0.222 -0.161998 0.0830242
0.224 0.229176 0.152925
0.226 0.629888 0.224348
0.228 1.02122 0.29404
0.23 1.38518 0.358915
0.232 1.70556 0.416208
0.234 1.96869 0.463621
0.236 2.164 0.499428
0.238 2.28446 0.522558
0.24 2.32685 0.532633
0.242 2.29176 0.529974
0.244 2.18348 0.51556
0.246 2.00968 0.490963
0.248 1.78089 0.458241
0.25 1.50995 0.419811
0.252 1.21124 0.378302
0.254 0.89994 0.336398
0.256 0.59121 0.296679
0.258 0.299426 0.261465
0.26 0.0374412 0.232682
0.262 -0.184045 0.211742
0.264 -0.357005 0.199461
0.266 -0.476456 0.195996
0.268 -0.540671 0.200835
0.27 -0.55122 0.212814
0.272 -0.512839 0.230174
0.274 -0.433135 0.250648
0.276 -0.322148 0.27159
0.278 -0.19178 0.29011
0.28 -0.0551364 0.303244
0.282 0.0742064 0.308118
0.284 0.18295 0.302118
0.286 0.258815 0.283054
0.288 0.291235 0.249295
0.29 0.271963 0.199893
0.292 0.195561 0.134659
0.294 0.0597516 0.0542191
0.296 -0.134392 -0.0399861
0.298 -0.382427 -0.145732
0.3 -0.676691 -0.260084
0.302 -1.00662 -0.379513
0.304 -1.35923 -0.500035
0.306 -1.71968 -0.617384
0.308 -2.07201 -0.727195
0.31 -2.39988 -0.825203
0.312 -2.68736 -0.907434
0.314 -2.9197 -0.970394
0.316 -3.08409 -1.01123
0.318 -3.17026 -1.02786
0.32 -3.17103 -1.0191
0.322 -3.0827 -0.984694
0.324 -2.90524 -0.925381
0.326 -2.64235 -0.842829
0.328 -2.30133 -0.739599
0.33 -1.89278 -0.619032
0.332 -1.43013 -0.485114
0.334 -0.929066 -0.342308
0.336 -0.406816 -0.195365
0.338 0.118584 -0.0491293
0.34 0.629103 0.0916676
0.342 1.1075 0.2226
0.344 1.53807 0.339726
0.346 1.90731 0.439749
0.348 2.20445 0.520134
0.35 2.42194 0.579204
0.352 2.55563 0.616183
0.354 2.60494 0.631208
0.356 2.57276 0.625291
0.358 2.46525 0.600247
0.36 2.29144 0.558585
0.362 2.06274 0.503373
0.364 1.79238 0.438073
0.366 1.49466 0.366372
0.368 1.18432 0.291997
0.37 0.875808 0.218543
0.372 0.58258 0.149305
0.374 0.316531 0.0871332
0.376 0.0874597 0.0343169
0.378 -0.0973237 -0.00750699
0.38 -0.233258 -0.0374034
0.382 -0.318648 -0.0551547
0.384 -0.354635 -0.0612382
0.386 -0.345019 -0.0567684
0.388 -0.29595 -0.0434077
0.39 -0.21551 -0.0232505
0.392 -0.113194 0.00131275
0.394 0.000665147 0.0277441
0.396 0.115504 0.0535109
0.398 0.221142 0.0762358
0.4 0.308359 0.0938346
0.402 0.369413 0.104636
0.404 0.398469 0.107477
0.406 0.391915 0.101768
0.408 0.348556 0.0875243
0.41 0.269667 0.0653674
0.412 0.158911 0.0364871
0.414 0.0221207 0.00257478
0.416 -0.133038 -0.034272
0.418 -0.29751 -0.0716686
0.42 -0.461368 -0.107079
0.422 -0.614382 -0.137961
0.424 -0.746613 -0.161914
0.426 -0.848988 -0.17682
0.428 -0.913832 -0.180976
0.43 -0.935339 -0.173195
0.432 -0.909931 -0.152899
0.434 -0.83651 -0.120165
0.436 -0.716577 -0.0757473
0.438 -0.554213 -0.0210623
0.44 -0.355923 0.0418596
0.442 -0.130346 0.110456
0.444 0.112143 0.18174
0.446 0.359943 0.252435
0.448 0.600789 0.319122
0.45 0.822376 0.378397
0.452 1.01298 0.427037
0.454 1.16206 0.462146
0.456 1.26083 0.481305
0.458 1.30271 0.482686
0.46 1.28372 0.46515
0.462 1.2027 0.428307
0.464 1.06143 0.372549
0.466 0.864605 0.299041
0.468 0.619645 0.209678
0.47 0.336377 0.107012
0.472 0.0266029 -0.00585457
0.474 -0.296433 -0.125401
0.476 -0.618662 -0.247833
0.478 -0.925845 -0.369249
0.48 -1.20424 -0.485798
0.482 -1.44128 -0.593847
0.484 -1.62613 -0.690123
0.486 -1.75026 -0.771852
0.488 -1.80784 -0.836858
0.49 -1.79601 -0.883645
0.492 -1.71508 -0.91144
0.494 -1.56848 -0.920205
0.496 -1.36267 -0.910616
0.498 -1.10676 -0.884002
0.4 0.0218744 0.0165972
0.8 0.0224709 0.016769
1.2 0.0234586 0.0170528
1.6 0.024828 0.0174452
2 0.0265661 0.0179414
2.4 0.0286562 0.0185355
2.8 0.0310781 0.0192203
3.2 0.0338085 0.0199877
3.6 0.0368214 0.0208289
4 0.0400878 0.0217343
4.4 0.0435763 0.0226939
4.8 0.0472536 0.0236974
5.2 0.0510846 0.0247345
5.6 0.0550327 0.0257946
6 0.0590604 0.0268678
6.4 0.0631296 0.0279442
6.8 0.067202 0.0290147
7.2 0.0712395 0.0300707
7.6 0.0752046 0.0311044
8 0.0790611 0.0321091
8.4 0.082774 0.0330787
8.8 0.0863102 0.0340084
9.2 0.089639 0.0348941
9.6 0.0927322 0.0357329
10 0.0955645 0.036523
10.4 0.0981139 0.0372631
10.8 0.100362 0.0379532
11.2 0.102293 0.0385939
11.6 0.103897 0.0391864
12 0.105166 0.0397325
12.4 0.106097 0.0402345
12.8 0.106692 0.040695
13.2 0.106954 0.0411167
13.6 0.106893 0.0415025
14 0.10652 0.0418551
14.4 0.105853 0.0421772
14.8 0.104909 0.042471
15.2 0.103711 0.0427385
15.6 0.102283 0.0429813
16 0.100652 0.0432004
16.4 0.0988461 0.0433962
16.8 0.0968946 0.0435688
17.2 0.0948282 0.0437175
17.6 0.0926776 0.0438413
18 0.0904733 0.0439385
18.4 0.0882454 0.044007
18.8 0.0860228 0.0440445
19.2 0.0838329 0.0440481
19.6 0.0817012 0.0440149
20 0.0796512 0.0439418
20.4 0.0777036 0.0438257
20.8 0.0758763 0.0436636
21.2 0.0741841 0.0434525
21.6 0.0726388 0.0431899
22 0.0712486 0.0428736
22.4 0.0700186 0.0425016
22.8 0.0689503 0.0420728
23.2 0.0680421 0.0415865
23.6 0.0672891 0.0410425
24 0.0666837 0.0404413
24.4 0.0662152 0.0397843
24.8 0.0658708 0.0390732
25.2 0.0656352 0.0383106
25.6 0.0654916 0.0374997
26 0.0654217 0.0366441
26.4 0.0654059 0.0357482
26.8 0.0654241 0.0348168
27.2 0.0654562 0.0338548
27.6 0.0654817 0.0328678
28 0.065481 0.0318616
28.4 0.0654351 0.0308418
28.8 0.0653262 0.0298145
29.2 0.0651382 0.0287854
29.6 0.0648564 0.0277605
30 0.0644681 0.0267452
30.4 0.0639628 0.0257449
30.8 0.0633322 0.0247647
31.2 0.0625703 0.0238091
31.6 0.0616733 0.0228826
32 0.0606399 0.0219887
32.4 0.0594709 0.0211309
32.8 0.0581696 0.020312
33.2 0.0567408 0.0195344
33.6 0.0551916 0.0187999
34 0.0535307 0.0181098
34.4 0.0517682 0.0174652
34.8 0.0499153 0.0168664
35.2 0.0479843 0.0163136
35.6 0.0459884 0.0158065
36 0.0439409 0.0153445
36.4 0.0418557 0.0149266
36.8 0.0397463 0.0145518
37.2 0.0376264 0.0142186
37.6 0.0355089 0.0139255
38 0.0334062 0.0136708
38.4 0.03133 0.0134526
38.8 0.0292909 0.013269
39.2 0.0272985 0.013118
39.6 0.0253615 0.0129975
40 0.0234871 0.0129055
40.4 0.0216816 0.0128397
40.8 0.0199498 0.0127981
41.2 0.0182957 0.0127783
41.6 0.0167218 0.0127783
42 0.0152298 0.0127957
42.4 0.0138203 0.0128283
42.8 0.0124931 0.0128739
43.2 0.011247 0.0129301
43.6 0.0100803 0.0129947
44 0.00899073 0.0130654
44.4 0.00797555 0.0131398
44.8 0.00703165 0.0132158
45.2 0.00615573 0.0132911
45.6 0.00534434 0.0133634
46 0.00459402 0.0134306
46.4 0.00390136 0.0134908
46.8 0.00326308 0.013542
47.2 0.0026761 0.0135824
47.6 0.00213758 0.0136105
48 0.00164497 0.0136248
48.4 0.00119603 0.0136242
48.8 0.000788887 0.0136078
49.2 0.000421977 0.0135749
49.6 9.41018e-05 0.0135252
50 -0.000195601 0.0134588
50.4 -0.000447666 0.0133759
50.8 -0.000662319 0.0132773
51.2 -0.000839499 0.0131638
51.6 -0.000978886 0.0130369
52 -0.00107992 0.0128981
52.4 -0.00114186 0.0127495
52.8 -0.00116374 0.0125932
53.2 -0.0011445 0.0124317
53.6 -0.00108293 0.0122677
54 -0.000977731 0.012104
54.4 -0.000827546 0.0119436
54.8 -0.000630973 0.0117894
55.2 -0.000386596 0.0116446
55.6 -9.30125e-05 0.011512
56 0.000251148 0.0113947
56.4 0.000647192 0.0112954
56.8 0.00109634 0.0112166
57.2 0.00159969 0.0111607
57.6 0.00215822 0.0111297
58 0.00277269 0.0111254
58.4 0.00344369 0.0111491
58.8 0.00417157 0.0112019
59.2 0.00495637 0.0112842
59.6 0.00579785 0.0113964
60 0.00669543 0.0115383
60.4 0.00764813 0.0117091
60.8 0.00865457 0.0119079
61.2 0.00971291 0.0121333
61.6 0.0108209 0.0123836
62 0.0119756 0.0126567
62.4 0.0131739 0.0129504
62.8 0.0144119 0.0132621
63.2 0.0156853 0.013589
63.6 0.0169891 0.0139282
64 0.0183181 0.0142768
64.4 0.0196663 0.0146317
64.8 0.0210276 0.0149899
65.2 0.0223953 0.0153484
65.6 0.0237623 0.0157043
66 0.0251215 0.0160547
66.4 0.0264653 0.0163971
66.8 0.0277861 0.0167291
67.2 0.0290764 0.0170483
67.6 0.0303287 0.0173528
68 0.0315356 0.0176409
68.4 0.03269 0.0179111
68.8 0.0337852 0.0181621
69.2 0.0348151 0.018393
69.6 0.0357738 0.018603
70 0.0366565 0.0187917
70.4 0.0374588 0.0189588
70.8 0.0381773 0.0191043
71.2 0.0388093 0.0192283
71.6 0.039353 0.019331
72 0.0398077 0.019413
72.4 0.0401735 0.0194747
72.8 0.0404514 0.0195168
73.2 0.0406433 0.01954
73.6 0.0407521 0.019545
74 0.0407815 0.0195327
74.4 0.0407357 0.0195037
74.8 0.0406199 0.0194589
75.2 0.0404397 0.019399
75.6 0.0402013 0.0193248
76 0.039911 0.0192368
76.4 0.0395755 0.0191359
76.8 0.0392018 0.0190224
77.2 0.0387967 0.0188971
77.6 0.0383669 0.0187604
78 0.0379189 0.0186127
78.4 0.0374589 0.0184546
78.8 0.0369926 0.0182863
79.2 0.0365254 0.0181084
79.6 0.0360618 0.017921
80 0.0356059 0.0177247
80.4 0.0351609 0.0175197
80.8 0.0347296 0.0173065
81.2 0.0343139 0.0170853
81.6 0.0339148 0.0168565
82 0.033533 0.0166207
82.4 0.0331682 0.0163781
82.8 0.0328198 0.0161292
83.2 0.0324863 0.0158745
83.6 0.0321662 0.0156144
84 0.0318573 0.0153494
84.4 0.0315572 0.01508
84.8 0.0312633 0.0148067
85.2 0.030973 0.01453
85.6 0.0306835 0.0142504
86 0.0303925 0.0139684
86.4 0.0300974 0.0136844
86.8 0.0297961 0.0133988
87.2 0.029487 0.0131123
87.6 0.0291685 0.012825
88 0.0288398 0.0125375
88.4 0.0285003 0.01225
88.8 0.0281501 0.0119629
89.2 0.0277896 0.0116765
89.6 0.0274198 0.011391
90 0.027042 0.0111067
90.4 0.0266582 0.0108238
90.8 0.0262705 0.0105425
91.2 0.0258813 0.0102629
91.6 0.0254933 0.00998514
92 0.0251095 0.00970939
92.4 0.0247327 0.00943573
92.8 0.0243659 0.00916426
93.2 0.0240118 0.00889507
93.6 0.0236732 0.00862821
94 0.0233523 0.00836377
94.4 0.0230512 0.00810178
94.8 0.0227716 0.00784228
95.2 0.0225147 0.00758531
95.6 0.0222811 0.00733087
96 0.022071 0.00707897
96.4 0.0218841 0.00682959
96.8 0.0217193 0.00658268
97.2 0.0215753 0.00633819
97.6 0.02145 0.00609604
98 0.0213408 0.00585611
98.4 0.0212448 0.00561827
98.8 0.0211586 0.00538236
99.2 0.0210785 0.0051482
99.6 0.0210005 0.00491559
100 0.0209204 0.00468429
100.4 0.020834 0.00445408
100.8 0.020737 0.0042247
101.2 0.0206252 0.00399591
101.6 0.0204944 0.00376745
102 0.0203409 0.0035391
102.4 0.0201611 0.00331064
102.8 0.0199518 0.0030819
103.2 0.0197104 0.00285273
103.6 0.0194345 0.00262305
104 0.0191225 0.00239284
104.4 0.0187732 0.00216213
104.8 0.0183861 0.00193104
105.2 0.0179612 0.00169978
105.6 0.017499 0.00146863
106 0.0170008 0.00123799
106.4 0.0164682 0.00100831
106.8 0.0159036 0.000780181
107.2 0.0153094 0.000554254
107.6 0.014689 0.000331274
108 0.0140456 0.000112064
108.4 0.013383 -0.000102485
108.8 0.0127053 -0.000311422
109.2 0.0120165 -0.000513758
109.6 0.0113208 -0.000708469
110 0.0106225 -0.000894524
110.4 0.00992577 -0.00107089
110.8 0.00923464 -0.00123658
111.2 0.00855304 -0.00139061
111.6 0.00788468 -0.00153209
112 0.007233 -0.0016602
112.4 0.00660112 -0.00177421
112.8 0.00599184 -0.00187352
113.2 0.00540763 -0.00195762
113.6 0.00485055 -0.00202618
114 0.00432231 -0.002079
114.4 0.00382422 -0.00211601
114.8 0.00335724 -0.00213735
115.2 0.00292194 -0.00214328
115.6 0.00251858 -0.00213423
116 0.00214707 -0.0021108
116.4 0.00180703 -0.00207372
116.8 0.00149782 -0.00202386
117.2 0.00121858 -0.00196221
117.6 0.000968216 -0.00188988
118 0.0007455 -0.00180807
118.4 0.000549056 -0.00171806
118.8 0.000377409 -0.00162115
119.2 0.000229016 -0.00151873
119.6 0.000102291 -0.00141214
120 -4.36443e-06 -0.00130276
120.4 -9.25413e-05 -0.00119193
120.8 -0.000163802 -0.00108092
121.2 -0.000219664 -0.000970956
121.6 -0.000261586 -0.000863176
122 -0.000290958 -0.000758618
122.4 -0.000309096 -0.000658213
122.8 -0.000317236 -0.000562774
123.2 -0.00031653 -0.000472987
123.6 -0.000308055 -0.000389405
124 -0.000292807 -0.000312454
124.4 -0.00027171 -0.000242423
124.8 -0.00024562 -0.000179477
125.2 -0.000215329 -0.000123654
125.6 -0.000181575 -7.4881e-05
126 -0.000145047 -3.29764e-05
126.4 -0.000106388 2.3345e-06
126.8 -6.62041e-05 3.14085e-05
127.2 -2.50676e-05 5.46714e-05
127.6 1.64804e-05 7.26034e-05
128 5.7926e-05 8.57258e-05
128.4 9.87817e-05 9.45864e-05
128.8 0.000138586 9.97459e-05
129.2 0.000176904 0.000101766
129.6 0.000213329 0.000101194
130 0.000247484 9.85595e-05
130.4 0.000279026 9.43555e-05
130.8 0.000307647 8.90376e-05
131.2 0.00033308 8.30152e-05
131.6 0.000355102 7.66469e-05
132 0.000373533 7.02381e-05
132.4 0.000388245 6.40393e-05
132.8 0.000399161 5.82464e-05
133.2 0.000406255 5.30025e-05
133.6 0.000409555 4.84006e-05
134 0.000409142 4.44878e-05
134.4 0.000405146 4.12699e-05
134.8 0.000397747 3.87171e-05
135.2 0.00038717 3.67703e-05
135.6 0.00037368 3.53471e-05
136 0.000357577 3.43481e-05
136.4 0.000339191 3.36638e-05
136.8 0.000318873 3.31797e-05
137.2 0.000296989 3.27824e-05
137.6 0.000273914 3.23644e-05
138 0.000250024 3.18279e-05
138.4 0.000225684 3.10887e-05
138.8 0.00020125 3.00787e-05
139.2 0.000177053 2.87474e-05
139.6 0.000153401 2.70629e-05
140 0.000130568 2.50125e-05
140.4 0.000108791 2.26013e-05
140.8 8.82706e-05 1.98516e-05
141.2 6.91625e-05 1.68008e-05
141.6 5.1581e-05 1.3499e-05
142 3.55968e-05 1.00066e-05
142.4 2.12386e-05 6.39143e-06
142.8 8.49415e-06 2.72561e-06
143.2 -2.68598e-06 -9.17195e-07
143.6 -1.23855e-05 -4.46467e-06
144 -2.07178e-05 -7.84847e-06
144.4 -2.78211e-05 -1.10065e-05
144.8 -3.38535e-05 -1.38848e-05
145.2 -3.89871e-05 -1.64393e-05
145.6 -4.34025e-05 -1.86367e-05
146 -4.72832e-05 -2.0455e-05
146.4 -5.08105e-05 -2.18839e-05
146.8 -5.41578e-05 -2.29246e-05
147.2 -5.74869e-05 -2.35886e-05
147.6 -6.09429e-05 -2.38975e-05
148 -6.46515e-05 -2.38809e-05
148.4 -6.87162e-05 -2.35751e-05
148.8 -7.32157e-05 -2.30215e-05
149.2 -7.82035e-05 -2.22648e-05
149.6 -8.37066e-05 -2.13508e-05
150 -8.97265e-05 -2.03252e-05
150.4 -9.62395e-05 -1.92312e-05
150.8 -0.000103199 -1.81088e-05
151.2 -0.000110536 -1.6993e-05
151.6 -0.000118165 -1.59128e-05
152 -0.000125985 -1.4891e-05
152.4 -0.00013388 -1.3943e-05
152.8 -0.00014173 -1.30773e-05
153.2 -0.000149406 -1.22956e-05
153.6 -0.000156782 -1.15929e-05
154 -0.000163732 -1.09587e-05
154.4 -0.000170136 -1.03775e-05
154.8 -0.000175884 -9.83003e-06
155.2 -0.000180879 -9.29456e-06
155.6 -0.000185035 -8.74803e-06
156 -0.000188286 -8.16736e-06
156.4 -0.000190582 -7.5307e-06
156.8 -0.000191892 -6.81857e-06
157.2 -0.000192204 -6.01492e-06
157.6 -0.000191527 -5.10798e-06
158 -0.000189889 -4.09095e-06
158.4 -0.000187336 -2.96244e-06
158.8 -0.000183929 -1.72673e-06
159.2 -0.000179749 -3.93777e-07
159.6 -0.000174886 1.02102e-06
160 -0.000169446 2.49726e-06
160.4 -0.00016354 4.01011e-06
160.8 -0.000157288 5.53118e-06
161.2 -0.000150815 7.02939e-06
161.6 -0.000144246 8.47201e-06
162 -0.000137706 9.82576e-06
162.4 -0.000131316 1.10579e-05
162.8 -0.000125193 1.21372e-05
163.2 -0.000119445 1.30353e-05
163.6 -0.000114171 1.37272e-05
164 -0.00010946 1.41924e-05
164.4 -0.000105385 1.44155e-05
164.8 -0.00010201 1.43864e-05
165.2 -9.93818e-05 1.4101e-05
165.6 -9.75317e-05 1.35612e-05
166 -9.64772e-05 1.27748e-05
166.4 -9.62198e-05 1.17549e-05
166.8 -9.67465e-05 1.05204e-05
167.2 -9.80294e-05 9.09423e-06
167.6 -0.000100028 7.50372e-06
168 -0.000102687 5.77913e-06
168.4 -0.000105943 3.95306e-06
168.8 -0.00010972 2.05944e-06
169.2 -0.000113935 1.32657e-07
169.6 -0.000118497 -1.79338e-06
170 -0.000123309 -3.68606e-06
170.4 -0.000128273 -5.51491e-06
170.8 -0.000133288 -7.2522e-06
171.2 -0.000138251 -8.87358e-06
171.6 -0.000143063 -1.03585e-05
172 -0.000147627 -1.16904e-05
172.4 -0.000151851 -1.28571e-05
172.8 -0.000155649 -1.38508e-05
173.2 -0.000158942 -1.46675e-05
173.6 -0.00016166 -1.53075e-05
174 -0.000163742 -1.57745e-05
174.4 -0.000165138 -1.60756e-05
174.8 -0.000165807 -1.62202e-05
175.2 -0.000165721 -1.62201e-05
175.6 -0.000164864 -1.60886e-05
176 -0.00016323 -1.58401e-05
176.4 -0.000160823 -1.54891e-05
176.8 -0.000157663 -1.50503e-05
177.2 -0.000153775 -1.45378e-05
177.6 -0.000149197 -1.39645e-05
178 -0.000143976 -1.33423e-05
178.4 -0.000138167 -1.26814e-05
178.8 -0.00013183 -1.19903e-05
179.2 -0.000125035 -1.1276e-05
179.6 -0.000117854 -1.05434e-05
180 -0.000110363 -9.79633e-06
180.4 -0.000102641 -9.03674e-06
180.8 -9.47683e-05 -8.26566e-06
181.2 -8.68235e-05 -7.48313e-06
181.6 -7.88856e-05 -6.68862e-06
182 -7.10303e-05 -5.88135e-06
182.4 -6.33301e-05 -5.06055e-06
182.8 -5.58529e-05 -4.22581e-06
183.2 -4.86614e-05 -3.37734e-06
183.6 -4.18122e-05 -2.51618e-06
184 -3.53554e-05 -1.64441e-06
184.4 -2.93337e-05 -7.65215e-07
184.8 -2.37829e-05 1.17027e-07
185.2 -1.87307e-05 9.96767e-07
185.6 -1.41974e-05 1.86737e-06
186 -1.01958e-05 2.72123e-06
186.4 -6.73115e-06 3.55e-06
186.8 -3.80158e-06 4.34479e-06
187.2 -1.39861e-06 5.09644e-06
187.6 4.92485e-07 5.79583e-06
188 1.8921e-06 6.4342e-06
188.4 2.82567e-06 7.00338e-06
188.8 3.32304e-06 7.49616e-06
189.2 3.41776e-06 7.90652e-06
189.6 3.1464e-06 8.22983e-06
190 2.54785e-06 8.46306e-06
190.4 1.66263e-06 8.6049e-06
190.8 5.32244e-07 8.65583e-06
191.2 -8.01493e-07 8.61813e-06
191.6 -2.29701e-06 8.49582e-06
192 -3.91355e-06 8.29457e-06
192.4 -5.61165e-06 8.02153e-06
192.8 -7.3536e-06 7.6851e-06
193.2 -9.10381e-06 7.2947e-06
193.6 -1.08292e-05 6.86049e-06
194 -1.24992e-05 6.39306e-06
194.4 -1.40866e-05 5.90313e-06
194.8 -1.5567e-05 5.40121e-06
195.2 -1.69192e-05 4.89736e-06
195.6 -1.81254e-05 4.40085e-06
196 -1.91711e-05 3.91999e-06
196.4 -2.00452e-05 3.46187e-06
196.8 -2.07397e-05 3.03225e-06
197.2 -2.12498e-05 2.63541e-06
197.6 -2.15737e-05 2.27416e-06
198 -2.17126e-05 1.94981e-06
198.4 -2.16705e-05 1.66223e-06
198.8 -2.14538e-05 1.40994e-06
199.2 -2.10713e-05 1.19032e-06
199.6 -2.05338e-05 9.99703e-07
200 -1.98542e-05 8.33682e-07
200.4 -1.90468e-05 6.87284e-07
200.8 -1.81272e-05 5.55239e-07
201.2 -1.71123e-05 4.32227e-07
201.6 -1.60194e-05 3.13113e-07
202 -1.48665e-05 1.93171e-07
202.4 -1.36717e-05 6.82808e-08
202.8 -1.24528e-05 -6.49047e-08
203.2 -1.12272e-05 -2.08833e-07
203.6 -1.00118e-05 -3.64962e-07
204 -8.82206e-06 -5.33719e-07
204.4 -7.67251e-06 -7.14496e-07
204.8 -6.57602e-06 -9.05695e-07
205.2 -5.54377e-06 -1.10481e-06
205.6 -4.5851e-06 -1.30854e-06
206 -3.70732e-06 -1.51294e-06
206.4 -2.91564e-06 -1.71361e-06
206.8 -2.21313e-06 -1.90584e-06
207.2 -1.60071e-06 -2.08485e-06
207.6 -1.0772e-06 -2.24599e-06
208 -6.394e-07 -2.38488e-06
208.4 -2.82252e-07 -2.49764e-06
208.8 1.01418e-09 -2.58103e-06
209.2 2.1864e-07 -2.63258e-06
209.6 3.80095e-07 -2.65067e-06
210 4.95794e-07 -2.63463e-06
210.4 5.76798e-07 -2.58475e-06
210.8 6.34498e-07 -2.50226e-06
211.2 6.80297e-07 -2.38933e-06
211.6 7.25292e-07 -2.24892e-06
212 7.79969e-07 -2.08477e-06
212.4 8.53918e-07 -1.90119e-06
212.8 9.55574e-07 -1.70293e-06
213.2 1.092e-06 -1.49505e-06
213.6 1.26869e-06 -1.2827e-06
214 1.48947e-06 -1.07099e-06
214.4 1.75635e-06 -8.64798e-07
214.8 2.06958e-06 -6.68619e-07
215.2 2.42756e-06 -4.86441e-07
215.6 2.82703e-06 -3.21624e-07
216 3.26311e-06 -1.76809e-07
216.4 3.72947e-06 -5.3866e-08
216.8 4.2186e-06 4.61432e-08
217.2 4.722e-06 1.22958e-07
217.6 5.23045e-06 1.77094e-07
218 5.73434e-06 2.09778e-07
218.4 6.22391e-06 2.22875e-07
218.8 6.68959e-06 2.18775e-07
219.2 7.12227e-06 2.00285e-07
219.6 7.51355e-06 1.70489e-07
220 7.85605e-06 1.32619e-07
220.4 8.14353e-06 8.99185e-08
220.8 8.37114e-06 4.55085e-08
221.2 8.53549e-06 2.27114e-09
221.6 8.63478e-06 -3.72579e-08
222 8.66879e-06 -7.09767e-08
222.4 8.63888e-06 -9.72831e-08
222.8 8.54793e-06 -1.15117e-07
223.2 8.40022e-06 -1.23981e-07
223.6 8.20126e-06 -1.23932e-07
224 7.95763e-06 -1.15553e-07
224.4 7.67678e-06 -9.99034e-08
224.8 7.36672e-06 -7.84465e-08
225.2 7.03587e-06 -5.29675e-08
225.6 6.6927e-06 -2.54744e-08
226 6.34557e-06 1.9054e-09
226.4 6.00244e-06 2.70324e-08
226.8 5.67066e-06 4.78599e-08
227.2 5.35679e-06 6.25337e-08
227.6 5.0664e-06 6.94804e-08
228 4.804e-06 6.74833e-08
228.4 4.57288e-06 5.57409e-08
228.8 4.37516e-06 3.39068e-08
229.2 4.21168e-06 2.1095e-09
229.6 4.0821e-06 -3.90485e-08
230 3.98499e-06 -8.85122e-08
230.4 3.91786e-06 -1.44815e-07
230.8 3.87738e-06 -2.06136e-07
231.2 3.8595e-06 -2.70374e-07
231.6 3.85963e-06 -3.3523e-07
232 3.87287e-06 -3.98303e-07
232.4 3.89413e-06 -4.57183e-07
232.8 3.91841e-06 -5.0955e-07
233.2 3.94093e-06 -5.53268e-07
233.6 3.9573e-06 -5.86468e-07
234 3.96368e-06 -6.07625e-07
234.4 3.9569e-06 -6.1562e-07
234.8 3.93455e-06 -6.0978e-07
235.2 3.89504e-06 -5.89912e-07
235.6 3.83763e-06 -5.56306e-07
236 3.76242e-06 -5.09726e-07
236.4 3.67033e-06 -4.51384e-07
236.8 3.56301e-06 -3.82888e-07
237.2 3.44278e-06 -3.06185e-07
237.6 3.31252e-06 -2.23488e-07
238 3.1755e-06 -1.37189e-07
238.4 3.0353e-06 -4.97731e-08
238.8 2.89562e-06 3.62764e-08
239.2 2.76018e-06 1.18568e-07
239.6 2.63252e-06 1.94889e-07
240 2.51593e-06 2.63284e-07
240.4 2.41334e-06 3.22125e-07
240.8 2.32715e-06 3.70164e-07
241.2 2.25925e-06 4.06572e-07
241.6 2.21091e-06 4.30966e-07
242 2.18279e-06 4.43411e-07
242.4 2.17491e-06 4.44407e-07
242.8 2.18672e-06 4.34863e-07
243.2 2.21707e-06 4.16055e-07
243.6 2.26439e-06 3.89563e-07
244 2.32666e-06 3.57207e-07
244.4 2.40159e-06 3.2097e-07
244.8 2.48667e-06 2.82914e-07
245.2 2.57931e-06 2.45097e-07
245.6 2.67694e-06 2.09496e-07
246 2.77711e-06 1.7792e-07
246.4 2.87759e-06 1.51949e-07
246.8 2.97644e-06 1.32867e-07
247.2 3.07208e-06 1.21622e-07
247.6 3.16336e-06 1.18787e-07
248 3.24955e-06 1.24543e-07
248.4 3.33037e-06 1.38681e-07
248.8 3.40598e-06 1.6061e-07
249.2 3.47693e-06 1.89389e-07
249.6 3.54414e-06 2.23767e-07
250 3.6088e-06 2.6224e-07
250.4 3.67234e-06 3.0311e-07
250.8 3.73629e-06 3.44559e-07
251.2 3.80224e-06 3.8472e-07
251.6 3.8717e-06 4.21758e-07
252 3.94605e-06 4.53938e-07
252.4 4.02645e-06 4.79696e-07
252.8 4.11376e-06 4.97702e-07
253.2 4.20845e-06 5.06911e-07
253.6 4.31064e-06 5.06604e-07
254 4.41996e-06 4.96414e-07
254.4 4.53564e-06 4.76339e-07
254.8 4.65646e-06 4.46744e-07
255.2 4.7808e-06 4.08344e-07
255.6 4.90666e-06 3.62173e-07
256 5.03176e-06 3.09547e-07
256.4 5.15359e-06 2.52012e-07
256.8 5.26947e-06 1.91282e-07
257.2 5.37668e-06 1.29179e-07
257.6 5.47255e-06 6.75558e-08
258 5.5545e-06 8.23571e-09
258.4 5.62022e-06 -4.70608e-08
258.8 5.66767e-06 -9.67767e-08
259.2 5.69519e-06 -1.39574e-07
259.6 5.70158e-06 -1.74381e-07
260 5.68609e-06 -2.00427e-07
260.4 5.64852e-06 -2.17268e-07
260.8 5.58916e-06 -2.24797e-07
261.2 5.50885e-06 -2.23241e-07
261.6 5.40891e-06 -2.13147e-07
262 5.29111e-06 -1.95358e-07
262.4 5.15765e-06 -1.70972e-07
262.8 5.01105e-06 -1.41295e-07
263.2 4.85407e-06 -1.0779e-07
263.6 4.68968e-06 -7.20169e-08
264 4.52092e-06 -3.55694e-08
264.4 4.35083e-06 -1.40888e-11
264.8 4.18235e-06 3.31699e-08
265.2 4.01827e-06 6.26465e-08
265.6 3.86112e-06 8.72713e-08
266 3.71314e-06 1.06133e-07
266.4 3.57619e-06 1.18584e-07
266.8 3.45175e-06 1.24261e-07
267.2 3.34089e-06 1.23092e-07
267.6 3.24425e-06 1.15295e-07
268 3.16206e-06 1.01365e-07
268.4 3.09415e-06 8.20452e-08
268.8 3.04001e-06 5.82971e-08
269.2 2.9988e-06 3.1255e-08
269.6 2.96945e-06 2.17899e-09
270 2.95067e-06 -2.75977e-08
270.4 2.94105e-06 -5.6724e-08
270.8 2.93911e-06 -8.3885e-08
271.2 2.94339e-06 -1.07855e-07
271.6 2.95245e-06 -1.27544e-07
272 2.965e-06 -1.42043e-07
272.4 2.97989e-06 -1.50655e-07
272.8 2.99617e-06 -1.5292e-07
273.2 3.01308e-06 -1.48636e-07
273.6 3.03013e-06 -1.37856e-07
274 3.04704e-06 -1.20892e-07
274.4 3.06374e-06 -9.82925e-08
274.8 3.08037e-06 -7.08228e-08
275.2 3.09725e-06 -3.94313e-08
275.6 3.11481e-06 -5.21046e-09
276 3.1336e-06 3.06475e-08
276.4 3.15417e-06 6.6898e-08
276.8 3.1771e-06 1.02293e-07
277.2 3.2029e-06 1.35629e-07
277.6 3.232e-06 1.65794e-07
278 3.26468e-06 1.91809e-07
278.4 3.30106e-06 2.12861e-07
278.8 3.34108e-06 2.28338e-07
279.2 3.38446e-06 2.3784e-07
279.6 3.43074e-06 2.41202e-07
280 3.47922e-06 2.38486e-07
280.4 3.52906e-06 2.29981e-07
280.8 3.57922e-06 2.16184e-07
281.2 3.62858e-06 1.97779e-07
281.6 3.67588e-06 1.75603e-07
282 3.71988e-06 1.50614e-07
282.4 3.7593e-06 1.23845e-07
282.8 3.79295e-06 9.63676e-08
283.2 3.81973e-06 6.92445e-08
283.6 3.8387e-06 4.34872e-08
284 3.84912e-06 2.00171e-08
284.4 3.85046e-06 -3.70204e-10
284.8 3.84246e-06 -1.70354e-08
285.2 3.82512e-06 -2.95179e-08
285.6 3.79872e-06 -3.7552e-08
286 3.76379e-06 -4.10738e-08
286.4 3.72114e-06 -4.02206e-08
286.8 3.6718e-06 -3.53218e-08
287.2 3.61698e-06 -2.68816e-08
287.6 3.55808e-06 -1.55561e-08
288 3.49658e-06 -2.12266e-09
288.4 3.43401e-06 1.25538e-08
288.8 3.37192e-06 2.75587e-08
289.2 3.3118e-06 4.19669e-08
289.6 3.25503e-06 5.4882e-08
290 3.20283e-06 6.54741e-08
290.4 3.15624e-06 7.30146e-08
290.8 3.11604e-06 7.69066e-08
291.2 3.08278e-06 7.67092e-08
291.6 3.05671e-06 7.21564e-08
292 3.03779e-06 6.31674e-08
292.4 3.02574e-06 4.98504e-08
292.8 3.01997e-06 3.24983e-08
293.2 3.01967e-06 1.15764e-08
293.6 3.02382e-06 -1.22955e-08
294 3.03124e-06 -3.83685e-08
294.4 3.04062e-06 -6.57943e-08
294.8 3.05058e-06 -9.36589e-08
295.2 3.05975e-06 -1.21019e-07
295.6 3.06676e-06 -1.46939e-07
296 3.07035e-06 -1.70529e-07
296.4 3.0694e-06 -1.90977e-07
296.8 3.06297e-06 -2.07583e-07
297.2 3.05033e-06 -2.19787e-07
297.6 3.03097e-06 -2.27187e-07
298 3.00468e-06 -2.29557e-07
298.4 2.97148e-06 -2.26853e-07
298.8 2.93166e-06 -2.19216e-07
299.2 2.88577e-06 -2.06968e-07
299.6 2.83457e-06 -1.90591e-07
300 2.77903e-06 -1.70716e-07
300.4 2.72025e-06 -1.48094e-07
300.8 2.65948e-06 -1.23567e-07
301.2 2.59801e-06 -9.80355e-08
301.6 2.53714e-06 -7.24241e-08
302 2.47817e-06 -4.76449e-08
302.4 2.42229e-06 -2.45638e-08
302.8 2.37057e-06 -3.96773e-09
303.2 2.32392e-06 1.34648e-08
303.6 2.28306e-06 2.71884e-08
304 2.24849e-06 3.681e-08
304.4 2.22047e-06 4.21023e-08
304.8 2.19902e-06 4.30102e-08
305.2 2.18393e-06 3.9651e-08
305.6 2.17477e-06 3.23076e-08
306 2.17089e-06 2.14151e-08
306.4 2.17148e-06 7.5423e-09
306.8 2.1756e-06 -8.63274e-09
307.2 2.18219e-06 -2.63502e-08
307.6 2.19016e-06 -4.47995e-08
308 2.1984e-06 -6.31518e-08
308.4 2.20583e-06 -8.05925e-08
308.8 2.21146e-06 -9.63535e-08
309.2 2.21441e-06 -1.09743e-07
309.6 2.21395e-06 -1.2017e-07
310 2.20955e-06 -1.27171e-07
310.4 2.20084e-06 -1.3042e-07
310.8 2.18771e-06 -1.29747e-07
311.2 2.17021e-06 -1.25137e-07
311.6 2.14865e-06 -1.16733e-07
312 2.12351e-06 -1.04827e-07
312.4 2.09543e-06 -8.98452e-08
312.8 2.06522e-06 -7.23337e-08
313.2 2.0338e-06 -5.2932e-08
313.6 2.00214e-06 -3.23488e-08
314 1.97126e-06 -1.13325e-08
314.4 1.94217e-06 9.35848e-09
314.8 1.91582e-06 2.89854e-08
315.2 1.89309e-06 4.68586e-08
315.6 1.87471e-06 6.23637e-08
316 1.86126e-06 7.49852e-08
316.4 1.85315e-06 8.43254e-08
316.8 1.8506e-06 9.01191e-08
317.2 1.85361e-06 9.22423e-08
317.6 1.86198e-06 9.07155e-08
318 1.87531e-06 8.5701e-08
318.4 1.89304e-06 7.74952e-08
318.8 1.91443e-06 6.65153e-08
319.2 1.9386e-06 5.32807e-08
319.6 1.96459e-06 3.83921e-08
320 1.99137e-06 2.25061e-08
320.4 2.01789e-06 6.30879e-09
320.8 2.04312e-06 -9.51211e-09
321.2 2.06608e-06 -2.42944e-08
321.6 2.08589e-06 -3.74278e-08
322 2.10179e-06 -4.83771e-08
322.4 2.11316e-06 -5.67035e-08
322.8 2.11958e-06 -6.20803e-08
323.2 2.1208e-06 -6.43052e-08
323.6 2.11676e-06 -6.3307e-08
324 2.10761e-06 -5.91469e-08
324.4 2.09367e-06 -5.20146e-08
324.8 2.07544e-06 -4.22197e-08
325.2 2.05356e-06 -3.01781e-08
325.6 2.02881e-06 -1.63938e-08
326 2.00203e-06 -1.43833e-09
326.4 1.97415e-06 1.40731e-08
326.8 1.94609e-06 2.95065e-08
327.2 1.91877e-06 4.42349e-08
327.6 1.89303e-06 5.76634e-08
328 1.86967e-06 6.9253e-08
328.4 1.84933e-06 7.85412e-08
328.8 1.83254e-06 8.51609e-08
329.2 1.81965e-06 8.88536e-08
329.6 1.81084e-06 8.94794e-08
330 1.80615e-06 8.70217e-08
330.4 1.8054e-06 8.15871e-08
330.8 1.80828e-06 7.34002e-08
331.2 1.81432e-06 6.2794e-08
331.6 1.82292e-06 5.0196e-08
332 1.83338e-06 3.61105e-08
332.4 1.84495e-06 2.1098e-08
332.8 1.8568e-06 5.75292e-09
333.2 1.86814e-06 -9.3205e-09
333.6 1.87818e-06 -2.35319e-08
334 1.8862e-06 -3.63283e-08
334.4 1.89157e-06 -4.72154e-08
334.8 1.89377e-06 -5.57769e-08
335.2 1.89244e-06 -6.16903e-08
335.6 1.88734e-06 -6.47389e-08
336 1.87842e-06 -6.48198e-08
336.4 1.86576e-06 -6.19466e-08
336.8 1.84962e-06 -5.62486e-08
337.2 1.83041e-06 -4.79643e-08
337.6 1.80866e-06 -3.74316e-08
338 1.78502e-06 -2.50734e-08
338.4 1.7602e-06 -1.13805e-08
338.8 1.73498e-06 3.10836e-09
339.2 1.71018e-06 1.78281e-08
339.6 1.68657e-06 3.22097e-08
340 1.66492e-06 4.57026e-08
340.4 1.6459e-06 5.7796e-08
340.8 1.63009e-06 6.80392e-08
341.2 1.61795e-06 7.6058e-08
341.6 1.6098e-06 8.15694e-08
342 1.60582e-06 8.43915e-08
342.4 1.60602e-06 8.445e-08
342.8 1.61024e-06 8.17798e-08
343.2 1.6182e-06 7.65232e-08
343.6 1.62946e-06 6.89225e-08
344 1.64344e-06 5.931e-08
344.4 1.65951e-06 4.80941e-08
344.8 1.6769e-06 3.5742e-08
345.2 1.69485e-06 2.27609e-08
345.6 1.71255e-06 9.67778e-09
346 1.72922e-06 -2.98214e-09
346.4 1.74412e-06 -1.47159e-08
346.8 1.75659e-06 -2.50625e-08
347.2 1.76604e-06 -3.3621e-08
347.6 1.77204e-06 -4.00659e-08
348 1.77426e-06 -4.4159e-08
348.4 1.77254e-06 -4.57587e-08
348.8 1.76685e-06 -4.48243e-08
349.2 1.75733e-06 -4.14168e-08
349.6 1.74426e-06 -3.56959e-08
350 1.72804e-06 -2.79124e-08
350.4 1.70918e-06 -1.83979e-08
350.8 1.68831e-06 -7.55058e-09
351.2 1.6661e-06 4.18111e-09
351.6 1.64328e-06 1.63165e-08
352 1.62057e-06 2.83624e-08
352.4 1.59869e-06 3.98323e-08
352.8 1.57831e-06 5.02662e-08
353.2 1.56004e-06 5.92485e-08
353.6 1.54438e-06 6.64239e-08
354 1.53172e-06 7.15115e-08
354.4 1.52233e-06 7.43151e-08
354.8 1.51634e-06 7.47303e-08
355.2 1.51375e-06 7.27484e-08
355.6 1.51441e-06 6.84553e-08
356 1.51806e-06 6.20281e-08
356.4 1.52428e-06 5.37271e-08
356.8 1.53261e-06 4.38845e-08
357.2 1.54246e-06 3.28916e-08
357.6 1.5532e-06 2.11818e-08
358 1.56418e-06 9.21393e-09
358.4 1.57475e-06 -2.54643e-09
358.8 1.58426e-06 -1.36454e-08
359.2 1.59212e-06 -2.36589e-08
359.6 1.59783e-06 -3.22085e-08
360 1.60095e-06 -3.8977e-08
360.4 1.60119e-06 -4.37197e-08
360.8 1.59834e-06 -4.6274e-08
361.2 1.59235e-06 -4.65649e-08
361.6 1.58327e-06 -4.46074e-08
362 1.57132e-06 -4.05053e-08
362.4 1.55679e-06 -3.44461e-08
362.8 1.54011e-06 -2.66932e-08
363.2 1.52178e-06 -1.75746e-08
363.6 1.50237e-06 -7.46967e-09
364 1.48251e-06 3.20663e-09
364.4 1.46282e-06 1.40201e-08
364.8 1.44395e-06 2.45351e-08
365.2 1.42648e-06 3.43313e-08
365.6 1.41097e-06 4.30208e-08
366 1.39787e-06 5.02627e-08
366.4 1.38757e-06 5.57768e-08
366.8 1.38034e-06 5.93538e-08
367.2 1.3763e-06 6.08632e-08
367.6 1.3755e-06 6.02581e-08
368 1.37781e-06 5.75758e-08
368.4 1.38303e-06 5.29364e-08
368.8 1.39081e-06 4.6537e-08
369.2 1.40073e-06 3.86431e-08
369.6 1.41227e-06 2.9578e-08
370 1.42486e-06 1.97093e-08
370.4 1.43789e-06 9.43393e-09
370.8 1.45075e-06 -8.37909e-10
371.2 1.46281e-06 -1.06989e-08
371.6 1.47352e-06 -1.97609e-08
372 1.48235e-06 -2.76701e-08
372.4 1.48886e-06 -3.41212e-08
372.8 1.4927e-06 -3.88686e-08
373.2 1.49363e-06 -4.17361e-08
373.6 1.49153e-06 -4.26234e-08
374 1.48639e-06 -4.15093e-08
374.4 1.47832e-06 -3.84523e-08
374.8 1.46754e-06 -3.35873e-08
375.2 1.45439e-06 -2.71201e-08
375.6 1.43929e-06 -1.93186e-08
376 1.42271e-06 -1.05017e-08
376.4 1.40521e-06 -1.02623e-09
376.8 1.38736e-06 8.72736e-09
377.2 1.36975e-06 1.83702e-08
377.6 1.35294e-06 2.75206e-08
378 1.33746e-06 3.58191e-08
378.4 1.32379e-06 4.29424e-08
378.8 1.31232e-06 4.86161e-08
379.2 1.30337e-06 5.26251e-08
379.6 1.29715e-06 5.48219e-08
380 1.29375e-06 5.51316e-08
380.4 1.29315e-06 5.35547e-08
380.8 1.29525e-06 5.01663e-08
381.2 1.2998e-06 4.51128e-08
381.6 1.30649e-06 3.86053e-08
382 1.31491e-06 3.09111e-08
382.4 1.3246e-06 2.23423e-08
382.8 1.33506e-06 1.32435e-08
383.2 1.34573e-06 3.97784e-09
383.6 1.35609e-06 -5.08777e-09
384 1.36561e-06 -1.3597e-08
384.4 1.37382e-06 -2.12182e-08
384.8 1.38029e-06 -2.76574e-08
385.2 1.38467e-06 -3.26697e-08
385.6 1.3867e-06 -3.60684e-08
386 1.38621e-06 -3.77323e-08
386.4 1.38314e-06 -3.76101e-08
386.8 1.37753e-06 -3.57214e-08
387.2 1.36953e-06 -3.21559e-08
387.6 1.35936e-06 -2.70692e-08
388 1.34735e-06 -2.06762e-08
388.4 1.33389e-06 -1.32421e-08
388.8 1.31943e-06 -5.07151e-09
389.2 1.30445e-06 3.5039e-09
389.6 1.28945e-06 1.21387e-08
390 1.27493e-06 2.04873e-08
390.4 1.26135e-06 2.82183e-08
390.8 1.24915e-06 3.50267e-08
391.2 1.2387e-06 4.06463e-08
391.6 1.23029e-06 4.48601e-08
392 1.22415e-06 4.75081e-08
392.4 1.22038e-06 4.84935e-08
392.8 1.21901e-06 4.77864e-08
393.2 1.21997e-06 4.54239e-08
393.6 1.22309e-06 4.15087e-08
394 1.22811e-06 3.62042e-08
394.4 1.23471e-06 2.97279e-08
394.8 1.24249e-06 2.23423e-08
395.2 1.25102e-06 1.43441e-08
395.6 1.25982e-06 6.05219e-09
396 1.26844e-06 -2.2048e-09
396.4 1.2764e-06 -1.0102e-08
396.8 1.28327e-06 -1.7331e-08
397.2 1.28866e-06 -2.36119e-08
397.6 1.29224e-06 -2.87043e-08
398 1.29377e-06 -3.24162e-08
398.4 1.29307e-06 -3.4612e-08
398.8 1.29007e-06 -3.52167e-08
399.2 1.28477e-06 -3.4219e-08
399.6 1.2773e-06 -3.16708e-08
400 1.26783e-06 -2.76853e-08
