-0.498 0.977568 0.825293
-0.496 1.18855 0.848469
-0.494 1.35271 0.855134
-0.492 1.46247 0.843954
-0.49 1.51277 0.814223
-0.488 1.50126 0.765911
-0.486 1.42847 0.699696
-0.484 1.29772 0.616957
-0.482 1.115 0.51973
-0.48 0.888661 0.410642
-0.478 0.629039 0.292811
-0.476 0.347933 0.169723
-0.474 0.0580605 0.0450873
-0.472 -0.227553 -0.0773121
-0.47 -0.496188 -0.193777
-0.468 -0.73603 -0.300851
-0.466 -0.936723 -0.395462
-0.464 -1.08985 -0.475052
-0.462 -1.18931 -0.537681
-0.46 -1.23158 -0.582103
-0.458 -1.21588 -0.60781
-0.456 -1.14415 -0.615042
-0.454 -1.02093 -0.604764
-0.452 -0.853101 -0.578604
-0.45 -0.649543 -0.538768
-0.448 -0.420637 -0.487925
-0.446 -0.177752 -0.429074
-0.444 0.0673385 -0.365392
-0.442 0.303047 -0.300088
-0.44 0.518547 -0.236241
-0.438 0.704308 -0.176667
-0.436 0.852551 -0.123783
-0.434 0.957616 -0.0795081
-0.432 1.01621 -0.0451836
-0.43 1.02754 -0.0215266
-0.428 0.993293 -0.00861695
-0.426 0.917505 -0.00591723
-0.424 0.806299 -0.012325
-0.422 0.667514 -0.0262546
-0.42 0.510242 -0.0457434
-0.418 0.344306 -0.0685779
-0.416 0.179697 -0.0924316
-0.414 0.0260043 -0.115008
-0.412 -0.108126 -0.134183
-0.41 -0.215483 -0.148131
-0.408 -0.290705 -0.155443
-0.406 -0.330583 -0.155213
-0.404 -0.334258 -0.147103
-0.402 -0.303273 -0.131365
-0.4 -0.241505 -0.108845
-0.398 -0.15496 -0.0809389
-0.396 -0.0514443 -0.0495218
-0.394 0.0598604 -0.0168497
-0.392 0.168912 0.0145663
-0.39 0.265373 0.042102
-0.388 0.339209 0.0631726
-0.386 0.381275 0.0753884
-0.384 0.383872 0.0767046
-0.382 0.34124 0.0655569
-0.38 0.249955 0.0409772
-0.378 0.109214 0.00267925
-0.376 -0.0790109 -0.0488864
-0.374 -0.309957 -0.112516
-0.372 -0.576204 -0.186274
-0.37 -0.867949 -0.267552
-0.368 -1.1734 -0.353166
-0.366 -1.47932 -0.439483
-0.364 -1.77157 -0.522577
-0.362 -2.03583 -0.598403
-0.36 -2.25829 -0.662982
-0.358 -2.42627 -0.71259
-0.356 -2.52893 -0.74394
-0.354 -2.55783 -0.754344
-0.352 -2.50738 -0.741862
-0.35 -2.37519 -0.70541
-0.348 -2.16226 -0.644832
-0.346 -1.87304 -0.56094
-0.344 -1.5153 -0.455502
-0.342 -1.09982 -0.331189
-0.34 -0.640019 -0.191482
-0.338 -0.151335 -0.0405453
-0.336 0.349386 0.116941
-0.334 0.844641 0.275964
-0.332 1.31703 0.431384
-0.33 1.75001 0.578143
-0.328 2.12867 0.711471
-0.326 2.44033 0.827085
-0.324 2.67512 0.921361
-0.322 2.82645 0.991482
-0.32 2.8912 1.03555
-0.318 2.86991 1.05264
-0.316 2.76667 1.04286
-0.314 2.58892 1.00731
-0.312 2.34705 0.948007
-0.31 2.0539 0.867812
-0.308 1.7241 0.770274
-0.306 1.37339 0.65947
-0.304 1.01782 0.539812
-0.302 0.673011 0.415851
-0.3 0.353413 0.292073
-0.298 0.0716027 0.172706
-0.296 -0.162273 0.0615412
-0.294 -0.34096 -0.0382176
-0.292 -0.460395 -0.124078
-0.29 -0.519857 -0.19434
-0.288 -0.521932 -0.248142
-0.286 -0.472322 -0.285458
-0.284 -0.379494 -0.307062
-0.282 -0.25419 -0.314443
-0.28 -0.108824 -0.3097
-0.278 0.0432044 -0.2954
-0.276 0.188247 -0.274416
-0.274 0.313148 -0.24976
-0.272 0.405969 -0.224411
-0.27 0.456638 -0.201147
-0.268 0.457515 -0.1824
-0.266 0.403826 -0.170121
-0.264 0.293954 -0.165691
-0.262 0.129565 -0.169849
-0.26 -0.0844332 -0.182668
-0.258 -0.340097 -0.203567
-0.256 -0.626818 -0.231355
-0.254 -0.93183 -0.264313
-0.252 -1.24085 -0.300306
-0.25 -1.53876 -0.336916
-0.248 -1.81045 -0.37159
-0.246 -2.04152 -0.401803
-0.244 -2.21912 -0.425207
-0.242 -2.33262 -0.439786
-0.24 -2.37422 -0.443981
-0.238 -2.33945 -0.436798
-0.236 -2.22748 -0.417878
-0.234 -2.04123 -0.387539
-0.232 -1.78742 -0.346776
-0.23 -1.47624 -0.297219
-0.228 -1.12099 -0.241062
-0.226 -0.737471 -0.180951
-0.224 -0.343295 -0.119847
-0.222 0.0429834 -0.0608677
-0.22 0.402745 -0.00711508
-0.218 0.718239 0.0384996
-0.216 0.973486 0.0734263
-0.214 1.15512 0.0956319
-0.212 1.2531 0.103731
-0.21 1.26133 0.0970895
-0.208 1.178 0.0758845
-0.206 1.00584 0.0411315
-0.204 0.752065 -0.00533774
-0.202 0.428132 -0.0609373
-0.2 0.0493103 -0.12243
-0.198 -0.365978 -0.186069
-0.196 -0.796966 -0.247761
-0.194 -1.22147 -0.303265
-0.192 -1.61693 -0.348386
-0.19 -1.96142 -0.379192
-0.188 -2.23472 -0.392202
-0.186 -2.41929 -0.384575
-0.184 -2.50108 -0.354264
-0.182 -2.47027 -0.300135
-0.18 -2.32176 -0.222053
-0.178 -2.0555 -0.120914
-0.176 -1.67651 0.00136375
-0.174 -1.19473 0.141895
-0.172 -0.624667 0.296932
-0.17 0.0152344 0.462006
-0.168 0.703345 0.632105
-0.166 1.41576 0.801871
-0.164 2.12732 0.965825
-0.162 2.81264 1.11859
-0.16 3.4472 1.2551
-0.158 4.00838 1.37083
-0.156 4.47633 1.46197
-0.154 4.83487 1.52556
-0.152 5.07204 1.55962
-0.15 5.1806 1.56321
-0.148 5.15827 1.53646
-0.146 5.00776 1.48051
-0.144 4.73656 1.3975
-0.142 4.35657 1.29039
-0.14 3.88353 1.16284
-0.138 3.33624 1.01903
-0.136 2.73577 0.863485
-0.134 2.10447 0.70081
-0.132 1.46502 0.535537
-0.13 0.839446 0.371911
-0.128 0.248211 0.213717
-0.126 -0.290624 0.0641359
-0.124 -0.76209 -0.0743615
-0.122 -1.15486 -0.200085
-0.12 -1.46162 -0.312145
-0.118 -1.67924 -0.410437
-0.116 -1.80872 -0.495573
-0.114 -1.85505 -0.568786
-0.112 -1.82677 -0.63179
-0.11 -1.73548 -0.68663
-0.108 -1.59513 -0.735506
-0.106 -1.42135 -0.780593
-0.104 -1.23058 -0.823876
-0.102 -1.03932 -0.866986
-0.1 -0.863297 -0.91107
-0.098 -0.716723 -0.956689
-0.096 -0.611666 -1.00375
-0.094 -0.557488 -1.05151
-0.092 -0.560438 -1.09855
-0.09 -0.62339 -1.14288
-0.088 -0.74574 -1.18203
-0.086 -0.923465 -1.21321
-0.084 -1.14934 -1.23343
-0.082 -1.41332 -1.23971
-0.08 -1.70302 -1.22931
-0.078 -2.00437 -1.19986
-0.076 -2.30231 -1.14955
-0.074 -2.58154 -1.07734
-0.072 -2.82732 -0.982991
-0.07 -3.02621 -0.867238
-0.068 -3.16678 -0.731761
-0.066 -3.24017 -0.5792
-0.064 -3.2406 -0.413085
-0.062 -3.1656 -0.237725
-0.06 -3.01614 -0.0580492
-0.058 -2.79658 0.120585
-0.056 -2.51437 0.292618
-0.054 -2.17962 0.452527
-0.052 -1.80455 0.59508
-0.05 -1.40282 0.715573
-0.048 -0.988741 0.810061
-0.046 -0.576591 0.875554
-0.044 -0.179845 0.91017
-0.042 0.189458 0.913251
-0.04 0.521265 0.885411
-0.038 0.807907 0.828538
-0.036 1.04435 0.745727
-0.034 1.22825 0.641163
-0.032 1.35992 0.519947
-0.03 1.44202 0.387877
-0.028 1.47921 0.251196
-0.026 1.47768 0.116313
-0.024 1.44462 -0.0104904
-0.022 1.38764 -0.123344
-0.02 1.31422 -0.217064
-0.018 1.23129 -0.287399
-0.016 1.14479 -0.331227
-0.014 1.05938 -0.346711
-0.012 0.978341 -0.333388
-0.01 0.903513 -0.292196
-0.008 0.835356 -0.225436
-0.006 0.773125 -0.13666
-0.004 0.715081 -0.0305155
-0.002 0.65875 0.0874824
0 0.601193 0.211208
0.002 0.539085 0.334229
0.004 0.469587 0.450077
0.006 0.390026 0.552595
0.008 0.298361 0.636219
0.01 0.193445 0.696245
0.012 0.0752663 0.729057
0.014 -0.0548504 0.732301
0.016 -0.194104 0.704996
0.018 -0.338169 0.647593
0.02 -0.481253 0.561944
0.022 -0.616281 0.451232
0.024 -0.735202 0.319813
0.026 -0.82941 0.173026
0.028 -0.890259 0.0169454
0.03 -0.909631 -0.141891
0.032 -0.880527 -0.296778
0.034 -0.797633 -0.441138
0.036 -0.657813 -0.568809
0.038 -0.460499 -0.674312
0.04 -0.207939 -0.753082
0.042 0.0947195 -0.801654
0.044 0.439522 -0.817796
0.046 0.815972 -0.800589
0.048 1.21147 -0.750441
0.05 1.61188 -0.669046
0.052 2.00222 -0.559284
0.054 2.36745 -0.425071
0.056 2.69322 -0.271165
0.058 2.96666 -0.102944
0.06 3.17709 0.0738456
0.062 3.31659 0.253341
0.064 3.38047 0.429817
0.066 3.36751 0.597922
0.068 3.28009 0.75289
0.07 3.12401 0.890717
0.072 2.90823 1.00829
0.074 2.64438 1.10348
0.076 2.34615 1.17515
0.078 2.02858 1.2232
0.08 1.70727 1.24841
0.082 1.39758 1.25242
0.084 1.11386 1.23754
0.086 0.868706 1.20658
0.088 0.672323 1.16267
0.09 0.532034 1.10907
0.092 0.451883 1.04896
0.094 0.432431 0.98526
0.096 0.470696 0.920488
0.098 0.560271 0.856621
0.1 0.691603 0.79501
0.102 0.852418 0.736332
0.104 1.02829 0.680586
0.106 1.2033 0.627131
0.108 1.36082 0.574763
0.11 1.48429 0.521831
0.112 1.55808 0.466379
0.114 1.56827 0.406303
0.116 1.5034 0.339529
0.118 1.35512 0.264181
0.12 1.11875 0.178744
0.122 0.793613 0.0822099
0.124 0.38323 -0.0258067
0.126 -0.10465 -0.144987
0.128 -0.658266 -0.274265
0.13 -1.26222 -0.411826
0.132 -1.89806 -0.555149
0.134 -2.54496 -0.70109
0.136 -3.18063 -0.846002
0.138 -3.78218 -0.98589
0.14 -4.32718 -1.11658
0.142 -4.79457 -1.23392
0.144 -5.16566 -1.33396
0.146 -5.42494 -1.41317
0.148 -5.56083 -1.46859
0.15 -5.56626 -1.49801
0.152 -5.43899 -1.50005
0.154 -5.18185 -1.47432
0.156 -4.80261 -1.42137
0.158 -4.31378 -1.34276
0.16 -3.7321 -1.24099
0.162 -3.07785 -1.1194
0.164 -2.37409 -0.982042
0.166 -1.64566 -0.833519
0.168 -0.91815 -0.6788
0.17 -0.216841 -0.523008
0.172 0.434355 -0.371208
0.174 1.01391 -0.228193
0.176 1.50355 -0.0982865
0.178 1.88907 0.0148318
0.18 2.16084 0.108276
0.182 2.31421 0.180064
0.184 2.34964 0.229181
0.186 2.27262 0.255608
0.188 2.09334 0.260296
0.19 1.82615 0.245099
0.192 1.48888 0.212671
0.194 1.10194 0.166318
0.196 0.687337 0.109836
0.198 0.267655 0.0473132
0.2 -0.135009 -0.0170591
0.202 -0.500064 -0.0791916
0.204 -0.809354 -0.135283
0.206 -1.04795 -0.181992
0.208 -1.20479 -0.21658
0.21 -1.27312 -0.237024
0.212 -1.25069 -0.242088
0.214 -1.13978 -0.231358
0.216 -0.946986 -0.205234
0.218 -0.682769 -0.16488
0.22 -0.36088 -0.112141
0.222 0.00240178 -0.0494263
0.224 0.389115 0.0204314
0.226 0.780541 0.0943334
0.228 1.15813 0.169082
0.23 1.50441 0.241547
0.232 1.80382 0.308822
0.234 2.0434 0.368368
0.236 2.2134 0.418128
0.238 2.30764 0.456615
0.24 2.32375 0.482968
0.242 2.26317 0.496971
0.244 2.13098 0.499038
0.246 1.93558 0.490159
0.248 1.68814 0.471828
0.25 1.402 0.445929
0.252 1.09193 0.414614
0.254 0.773363 0.380168
0.256 0.461576 0.344862
0.258 0.170919 0.310816
0.26 -0.0859002 0.27987
0.262 -0.298445 0.25347
0.264 -0.459045 0.232586
0.266 -0.563153 0.217646
0.268 -0.60953 0.208512
0.27 -0.600263 0.204488
0.272 -0.540616 0.204353
0.274 -0.438712 0.206439
0.276 -0.305076 0.208723
0.278 -0.15205 0.208954
0.28 0.00688166 0.204786
0.282 0.15782 0.19393
0.284 0.287208 0.174299
0.286 0.382572 0.144148
0.288 0.433197 0.102205
0.29 0.430732 0.0477715
0.292 0.369664 -0.0191994
0.294 0.247654 -0.0980591
0.296 0.0657199 -0.187456
0.298 -0.17176 -0.285362
0.3 -0.457202 -0.38914
0.302 -0.780146 -0.495643
0.304 -1.12772 -0.601334
0.306 -1.48522 -0.702448
0.308 -1.83684 -0.795146
0.31 -2.16638 -0.875699
0.312 -2.45804 -0.940657
0.314 -2.69719 -0.987011
0.316 -2.87107 -1.01235
0.318 -2.96942 -1.01496
0.32 -2.98501 -0.993957
0.322 -2.91402 -0.949298
0.324 -2.75619 -0.881827
0.326 -2.51496 -0.793248
0.328 -2.19726 -0.686062
0.33 -1.81327 -0.563472
0.332 -1.37594 -0.429259
0.334 -0.90043 -0.287628
0.336 -0.403454 -0.143036
0.338 0.0974961 -1.00308e-05
0.34 0.584905 0.137035
0.342 1.04201 0.263977
0.344 1.45353 0.377149
0.346 1.80631 0.473482
0.348 2.08989 0.550621
0.35 2.29687 0.607005
0.352 2.42321 0.641913
0.354 2.46834 0.655476
0.356 2.43506 0.648638
0.358 2.32934 0.6231
0.36 2.15996 0.581217
0.362 1.93803 0.525873
0.364 1.67638 0.460335
0.366 1.38893 0.388096
0.368 1.08996 0.312706
0.37 0.793458 0.237613
0.372 0.512455 0.166006
0.374 0.258409 0.100682
0.376 0.0407222 0.0439323
0.378 -0.13365 -0.0025397
0.38 -0.260448 -0.0376738
0.382 -0.338218 -0.0610693
0.384 -0.368272 -0.0729709
0.386 -0.354514 -0.0742205
0.388 -0.303126 -0.0661809
0.39 -0.222151 -0.0506351
0.392 -0.120986 -0.0296658
0.394 -0.00981014 -0.00552396
0.396 0.101012 0.0195085
0.398 0.20153 0.0432534
0.4 0.282771 0.0637614
0.402 0.337248 0.079422
0.404 0.359372 0.0890513
0.406 0.345762 0.0919548
0.408 0.295429 0.0879613
0.41 0.20982 0.0774258
0.412 0.0927395 0.0612037
0.414 -0.0498768 0.0405957
0.416 -0.210293 0.0172673
0.418 -0.379412 -0.00685131
0.42 -0.54729 -0.0296824
0.422 -0.7037 -0.0491256
0.424 -0.838713 -0.0631851
0.426 -0.943271 -0.0700939
0.428 -1.00971 -0.0684251
0.43 -1.03222 -0.0571876
0.432 -1.00721 -0.035899
0.434 -0.933527 -0.00463268
0.436 -0.812616 0.0359639
0.438 -0.648465 0.0846808
0.44 -0.447471 0.139787
0.442 -0.218155 0.1991
0.444 0.0292316 0.260078
0.446 0.283196 0.319933
0.448 0.531558 0.375763
0.45 0.762055 0.424682
0.452 0.96295 0.463962
0.454 1.12363 0.491166
0.456 1.23513 0.504264
0.458 1.29066 0.501743
0.46 1.28589 0.48268
0.462 1.21927 0.446799
0.464 1.09211 0.394494
0.466 0.908594 0.326821
0.468 0.67558 0.245458
0.47 0.40234 0.152644
0.472 0.100144 0.0510803
0.474 -0.218253 -0.0561785
0.476 -0.539185 -0.165854
0.478 -0.848711 -0.274583
0.48 -1.13326 -0.379057
0.482 -1.38027 -0.476156
0.484 -1.57877 -0.563082
0.486 -1.71991 -0.637462
0.488 -1.79737 -0.697437
0.49 -1.80765 -0.741729
0.492 -1.7503 -0.769675
0.494 -1.62785 -0.781232
0.496 -1.44579 -0.776957
0.498 -1.21224 -0.757954
0.4 0.0193276 0.0106389
0.8 0.0197235 0.0108064
1.2 0.0203797 0.0110831
1.6 0.0212906 0.0114656
2 0.0224486 0.011949
2.4 0.0238441 0.0125274
2.8 0.0254656 0.0131937
3.2 0.0272998 0.0139397
3.6 0.0293316 0.0147564
4 0.0315449 0.0156344
4.4 0.0339219 0.0165634
4.8 0.0364439 0.0175331
5.2 0.0390915 0.0185328
5.6 0.0418445 0.019552
6 0.0446824 0.0205802
6.4 0.0475844 0.0216075
6.8 0.0505299 0.0226242
7.2 0.0534985 0.0236216
7.6 0.0564703 0.0245914
8 0.059426 0.0255264
8.4 0.0623472 0.0264201
8.8 0.0652166 0.0272672
9.2 0.0680179 0.0280632
9.6 0.0707364 0.0288048
10 0.0733585 0.0294896
10.4 0.0758724 0.0301162
10.8 0.0782678 0.030684
11.2 0.080536 0.0311934
11.6 0.0826699 0.0316456
12 0.0846643 0.0320423
12.4 0.0865154 0.0323858
12.8 0.0882211 0.0326791
13.2 0.0897807 0.0329251
13.6 0.091195 0.0331273
14 0.0924662 0.0332892
14.4 0.0935977 0.0334142
14.8 0.0945937 0.0335058
15.2 0.0954597 0.0335672
15.6 0.0962017 0.0336013
16 0.0968264 0.0336109
16.4 0.097341 0.0335983
16.8 0.0977528 0.0335654
17.2 0.0980695 0.0335138
17.6 0.0982985 0.0334444
18 0.0984471 0.0333581
18.4 0.0985224 0.0332552
18.8 0.0985308 0.0331357
19.2 0.0984784 0.0329992
19.6 0.0983704 0.0328453
20 0.0982113 0.0326732
20.4 0.098005 0.032482
20.8 0.0977542 0.032271
21.2 0.0974611 0.0320391
21.6 0.0971267 0.0317856
22 0.0967512 0.0315097
22.4 0.0963341 0.0312112
22.8 0.095874 0.0308895
23.2 0.0953688 0.0305449
23.6 0.0948157 0.0301776
24 0.0942114 0.0297883
24.4 0.0935522 0.0293779
24.8 0.0928339 0.0289477
25.2 0.0920524 0.0284995
25.6 0.0912032 0.028035
26 0.0902819 0.0275565
26.4 0.0892844 0.0270664
26.8 0.0882069 0.0265674
27.2 0.0870458 0.0260624
27.6 0.0857982 0.0255541
28 0.0844617 0.0250456
28.4 0.0830346 0.0245399
28.8 0.0815162 0.02404
29.2 0.0799063 0.0235487
29.6 0.0782058 0.0230689
30 0.0764165 0.0226031
30.4 0.074541 0.0221539
30.8 0.072583 0.0217234
31.2 0.0705471 0.0213136
31.6 0.0684384 0.0209264
32 0.0662634 0.0205632
32.4 0.0640288 0.0202252
32.8 0.0617425 0.0199135
33.2 0.0594125 0.0196288
33.6 0.0570477 0.0193716
34 0.0546572 0.0191422
34.4 0.0522504 0.0189406
34.8 0.0498371 0.0187668
35.2 0.0474269 0.0186204
35.6 0.0450296 0.018501
36 0.0426547 0.0184079
36.4 0.0403117 0.0183403
36.8 0.0380096 0.0182974
37.2 0.0357571 0.0182781
37.6 0.0335624 0.0182813
38 0.0314333 0.0183056
38.4 0.0293767 0.0183497
38.8 0.0273993 0.018412
39.2 0.0255069 0.0184909
39.6 0.0237045 0.0185844
40 0.0219967 0.0186906
40.4 0.0203873 0.0188073
40.8 0.0188793 0.0189321
41.2 0.0174752 0.0190626
41.6 0.0161768 0.019196
42 0.0149852 0.0193295
42.4 0.0139012 0.0194598
42.8 0.0129246 0.0195838
43.2 0.0120552 0.0196981
43.6 0.0112919 0.019799
44 0.0106336 0.019883
44.4 0.0100784 0.0199462
44.8 0.00962437 0.019985
45.2 0.00926905 0.0199954
45.6 0.00900981 0.0199738
46 0.00884373 0.0199165
46.4 0.00876764 0.01982
46.8 0.00877816 0.0196809
47.2 0.00887171 0.0194963
47.6 0.0090445 0.0192633
48 0.00929257 0.0189797
48.4 0.00961177 0.0186433
48.8 0.00999778 0.0182528
49.2 0.0104461 0.0178071
49.6 0.0109521 0.0173056
50 0.0115109 0.0167485
50.4 0.0121175 0.0161363
50.8 0.0127668 0.0154704
51.2 0.0134536 0.0147524
51.6 0.0141724 0.0139849
52 0.0149176 0.0131707
52.4 0.0156837 0.0123133
52.8 0.016465 0.0114169
53.2 0.0172557 0.0104857
53.6 0.0180501 0.00952482
54 0.0188425 0.00853948
54.4 0.0196273 0.00753531
54.8 0.0203988 0.00651819
55.2 0.0211518 0.00549422
55.6 0.0218809 0.00446964
56 0.0225812 0.00345075
56.4 0.023248 0.0024439
56.8 0.0238768 0.0014554
57.2 0.0244638 0.000491442
57.6 0.0250052 -0.000441909
58 0.0254978 -0.0013388
58.4 0.025939 -0.00219361
58.8 0.0263263 -0.00300101
59.2 0.0266581 -0.00375599
59.6 0.0269331 -0.00445389
60 0.0271507 -0.00509042
60.4 0.0273105 -0.0056617
60.8 0.0274129 -0.00616425
61.2 0.0274587 -0.00659503
61.6 0.0274493 -0.00695143
62 0.0273864 -0.0072313
62.4 0.0272722 -0.00743292
62.8 0.0271093 -0.00755506
63.2 0.0269008 -0.00759691
63.6 0.0266501 -0.00755814
64 0.0263606 -0.00743889
64.4 0.0260363 -0.00723976
64.8 0.0256813 -0.0069618
65.2 0.0252998 -0.00660654
65.6 0.0248961 -0.00617597
66 0.0244747 -0.00567258
66.4 0.0240398 -0.00509927
66.8 0.0235959 -0.00445947
67.2 0.0231472 -0.00375703
67.6 0.0226979 -0.00299628
68 0.022252 -0.00218199
68.4 0.0218133 -0.00131939
68.8 0.0213853 -0.000414112
69.2 0.0209713 0.000527806
69.6 0.0205743 0.00149995
70 0.0201968 0.00249555
70.4 0.0198413 0.00350756
70.8 0.0195095 0.00452866
71.2 0.0192032 0.00555131
71.6 0.0189232 0.00656784
72 0.0186705 0.00757051
72.4 0.0184453 0.00855152
72.8 0.0182475 0.00950318
73.2 0.0180766 0.0104179
73.6 0.0179318 0.0112884
74 0.0178116 0.0121075
74.4 0.0177146 0.0128687
74.8 0.0176386 0.0135657
75.2 0.0175815 0.0141929
75.6 0.0175407 0.0147453
76 0.0175133 0.0152187
76.4 0.0174963 0.0156095
76.8 0.0174867 0.015915
77.2 0.0174809 0.0161334
77.6 0.0174758 0.0162638
78 0.017468 0.0163062
78.4 0.0174541 0.0162616
78.8 0.0174308 0.0161319
79.2 0.0173952 0.01592
79.6 0.0173441 0.0156295
80 0.0172749 0.0152652
80.4 0.0171853 0.0148325
80.8 0.0170729 0.0143375
81.2 0.0169361 0.0137871
81.6 0.0167735 0.0131886
82 0.0165839 0.01255
82.4 0.0163668 0.0118795
82.8 0.016122 0.0111855
83.2 0.0158495 0.0104767
83.6 0.0155499 0.0097617
84 0.0152243 0.00904901
84.4 0.014874 0.00834692
84.8 0.0145005 0.00766337
85.2 0.0141058 0.00700583
85.6 0.0136921 0.00638121
86 0.0132619 0.00579578
86.4 0.0128176 0.00525504
86.8 0.0123621 0.00476367
87.2 0.0118981 0.00432548
87.6 0.0114283 0.00394335
88 0.0109555 0.00361919
88.4 0.0104825 0.00335394
88.8 0.0100119 0.00314754
89.2 0.009546 0.00299898
89.6 0.00908721 0.00290628
90 0.00863759 0.00286657
90.4 0.00819903 0.00287613
90.8 0.00777317 0.00293044
91.2 0.00736147 0.00302431
91.6 0.00696516 0.0031519
92 0.00658526 0.00330687
92.4 0.00622261 0.00348246
92.8 0.00587788 0.00367161
93.2 0.00555161 0.00386707
93.6 0.00524423 0.00406151
94 0.00495609 0.00424767
94.4 0.00468749 0.00441841
94.8 0.00443873 0.00456688
95.2 0.00421011 0.0046866
95.6 0.00400199 0.00477157
96 0.00381477 0.00481635
96.4 0.00364894 0.00481614
96.8 0.00350507 0.00476689
97.2 0.00338384 0.00466529
97.6 0.003286 0.0045089
98 0.00321238 0.00429611
98.4 0.00316386 0.00402621
98.8 0.00314135 0.00369941
99.2 0.00314577 0.00331676
99.6 0.00317798 0.00288022
100 0.00323878 0.00239259
100.4 0.0033288 0.00185745
100.8 0.00344854 0.00127913
101.2 0.00359823 0.000662642
101.6 0.00377785 1.35902e-05
102 0.00398704 -0.0006619
102.4 0.00422511 -0.00135728
102.8 0.00449094 -0.00206567
103.2 0.00478301 -0.00277996
103.6 0.00509935 -0.00349292
104 0.00543754 -0.00419731
104.4 0.00579471 -0.00488596
104.8 0.00616756 -0.0055519
105.2 0.00655236 -0.00618842
105.6 0.00694503 -0.00678921
106 0.00734112 -0.00734843
106.4 0.00773594 -0.00786077
106.8 0.00812456 -0.00832152
107.2 0.00850192 -0.00872666
107.6 0.00886291 -0.00907289
108 0.00920242 -0.00935765
108.4 0.00951547 -0.00957917
108.8 0.00979729 -0.00973648
109.2 0.0100434 -0.00982939
109.6 0.0102496 -0.00985851
110 0.0104123 -0.00982518
110.4 0.0105284 -0.0097315
110.8 0.0105952 -0.00958021
111.2 0.0106109 -0.00937469
111.6 0.0105742 -0.00911889
112 0.0104846 -0.00881723
112.4 0.0103423 -0.00847455
112.8 0.0101483 -0.00809601
113.2 0.00990418 -0.00768701
113.6 0.00961228 -0.00725314
114 0.00927558 -0.00680002
114.4 0.00889767 -0.0063333
114.8 0.00848265 -0.00585849
115.2 0.00803509 -0.00538095
115.6 0.00755991 -0.00490581
116 0.00706235 -0.00443785
116.4 0.00654781 -0.00398152
116.8 0.0060218 -0.00354082
117.2 0.00548985 -0.00311932
117.6 0.00495736 -0.00272005
118 0.00442957 -0.00234559
118.4 0.00391145 -0.00199794
118.8 0.00340764 -0.0016786
119.2 0.00292235 -0.00138855
119.6 0.00245932 -0.00112826
120 0.0020218 -0.000897712
120.4 0.00161248 -0.000696458
120.8 0.00123346 -0.00052363
121.2 0.000886293 -0.000377994
121.6 0.00057194 -0.000257998
122 0.000290798 -0.000161825
122.4 4.27328e-05 -8.74412e-05
122.8 -0.000172896 -3.26532e-05
123.2 -0.000357183 4.83848e-06
123.6 -0.000511633 2.7388e-05
124 -0.000638096 3.7354e-05
124.4 -0.000738714 3.70532e-05
124.8 -0.00081585 2.87178e-05
125.2 -0.000872029 1.4458e-05
125.6 -0.000909869 -3.77038e-06
126 -0.000932022 -2.41923e-05
126.4 -0.000941114 -4.52345e-05
126.8 -0.000939693 -6.55394e-05
127.2 -0.000930177 -8.39744e-05
127.6 -0.000914816 -9.96341e-05
128 -0.000895658 -0.000111838
128.4 -0.000874519 -0.000120122
128.8 -0.000852966 -0.000124227
129.2 -0.000832308 -0.000124082
129.6 -0.000813587 -0.000119784
130 -0.000797588 -0.000111579
130.4 -0.000784845 -9.9833e-05
130.8 -0.000775657 -8.50117e-05
131.2 -0.000770111 -6.76532e-05
131.6 -0.000768104 -4.8343e-05
132 -0.000769373 -2.76906e-05
132.4 -0.000773523 -6.30682e-06
132.8 -0.000780058 1.52168e-05
133.2 -0.000788412 3.63256e-05
133.6 -0.000797978 5.65175e-05
134 -0.000808138 7.53548e-05
134.4 -0.000818287 9.24738e-05
134.8 -0.000827853 0.00010759
135.2 -0.000836321 0.000120504
135.6 -0.000843247 0.000131096
136 -0.000848265 0.000139328
136.4 -0.000851101 0.000145239
136.8 -0.000851572 0.000148934
137.2 -0.000849585 0.000150579
137.6 -0.00084514 0.000150388
138 -0.000838314 0.000148614
138.4 -0.00082926 0.000145537
138.8 -0.00081819 0.000141453
139.2 -0.000805366 0.00013666
139.6 -0.000791086 0.000131451
140 -0.000775669 0.000126102
140.4 -0.000759443 0.000120866
140.8 -0.000742731 0.000115961
141.2 -0.000725839 0.000111572
141.6 -0.000709047 0.000107838
142 -0.0006926 0.000104859
142.4 -0.0006767 0.000102687
142.8 -0.000661503 0.000101334
143.2 -0.000647117 0.00010077
143.6 -0.000633599 0.000100928
144 -0.00062096 0.000101708
144.4 -0.000609164 0.000102983
144.8 -0.000598137 0.000104606
145.2 -0.00058777 0.000106417
145.6 -0.000577929 0.000108245
146 -0.000568459 0.00010992
146.4 -0.000559194 0.000111279
146.8 -0.000549965 0.000112166
147.2 -0.000540607 0.000112445
147.6 -0.000530965 0.000111998
148 -0.000520902 0.000110732
148.4 -0.000510305 0.000108579
148.8 -0.000499084 0.000105501
149.2 -0.00048718 0.000101484
149.6 -0.000474565 9.65462e-05
150 -0.000461241 9.0729e-05
150.4 -0.00044724 8.4099e-05
150.8 -0.000432622 7.67437e-05
151.2 -0.000417471 6.87684e-05
151.6 -0.000401894 6.02924e-05
152 -0.000386011 5.14451e-05
152.4 -0.000369958 4.23616e-05
152.8 -0.000353875 3.31787e-05
153.2 -0.000337903 2.40313e-05
153.6 -0.000322184 1.5048e-05
154 -0.000306847 6.34875e-06
154.4 -0.000292015 -1.95862e-06
154.8 -0.000277792 -9.78023e-06
155.2 -0.000264268 -1.7038e-05
155.6 -0.000251512 -2.36704e-05
156 -0.000239575 -2.96334e-05
156.4 -0.000228487 -3.48999e-05
156.8 -0.000218259 -3.94592e-05
157.2 -0.000208885 -4.33158e-05
157.6 -0.00020034 -4.64883e-05
158 -0.00019259 -4.90071e-05
158.4 -0.000185588 -5.09123e-05
158.8 -0.000179277 -5.2252e-05
159.2 -0.0001736 -5.30795e-05
159.6 -0.000168494 -5.34513e-05
160 -0.000163898 -5.34251e-05
160.4 -0.000159757 -5.30576e-05
160.8 -0.000156018 -5.24031e-05
161.2 -0.000152639 -5.15117e-05
161.6 -0.000149582 -5.04287e-05
162 -0.000146823 -4.91932e-05
162.4 -0.000144342 -4.78384e-05
162.8 -0.000142132 -4.63908e-05
163.2 -0.00014019 -4.48708e-05
163.6 -0.000138523 -4.3293e-05
164 -0.000137139 -4.1667e-05
164.4 -0.000136051 -3.99981e-05
164.8 -0.000135272 -3.82883e-05
165.2 -0.000134813 -3.65376e-05
165.6 -0.000134682 -3.47448e-05
166 -0.00013488 -3.29085e-05
166.4 -0.000135404 -3.10285e-05
166.8 -0.000136239 -2.91059e-05
167.2 -0.000137363 -2.71447e-05
167.6 -0.000138743 -2.51513e-05
168 -0.000140337 -2.31357e-05
168.4 -0.000142092 -2.1111e-05
168.8 -0.000143947 -1.90933e-05
169.2 -0.000145833 -1.71019e-05
169.6 -0.000147678 -1.51582e-05
170 -0.000149402 -1.32853e-05
170.4 -0.000150925 -1.15075e-05
170.8 -0.000152169 -9.84911e-06
171.2 -0.000153057 -8.33374e-06
171.6 -0.000153518 -6.98342e-06
172 -0.000153489 -5.81775e-06
172.4 -0.000152917 -4.85314e-06
172.8 -0.000151757 -4.10211e-06
173.2 -0.000149982 -3.57284e-06
173.6 -0.000147573 -3.26867e-06
174 -0.000144529 -3.18801e-06
174.4 -0.000140863 -3.3242e-06
174.8 -0.0001366 -3.66572e-06
175.2 -0.000131781 -4.19646e-06
175.6 -0.000126455 -4.89618e-06
176 -0.000120687 -5.74113e-06
176.4 -0.000114546 -6.70477e-06
176.8 -0.00010811 -7.75853e-06
177.2 -0.000101462 -8.87271e-06
177.6 -9.46865e-05 -1.00174e-05
178 -8.78669e-05 -1.11631e-05
178.4 -8.10858e-05 -1.22821e-05
178.8 -7.44209e-05 -1.33485e-05
179.2 -6.79439e-05 -1.43395e-05
179.6 -6.17183e-05 -1.52358e-05
180 -5.57987e-05 -1.60218e-05
180.4 -5.02297e-05 -1.66859e-05
180.8 -4.5045e-05 -1.72211e-05
181.2 -4.02677e-05 -1.76243e-05
181.6 -3.591e-05 -1.78966e-05
182 -3.19739e-05 -1.80428e-05
182.4 -2.84518e-05 -1.80711e-05
182.8 -2.53278e-05 -1.79923e-05
183.2 -2.25789e-05 -1.78197e-05
183.6 -2.01762e-05 -1.7568e-05
184 -1.80866e-05 -1.72527e-05
184.4 -1.62743e-05 -1.68898e-05
184.8 -1.47023e-05 -1.64946e-05
185.2 -1.3334e-05 -1.60817e-05
185.6 -1.21342e-05 -1.5664e-05
186 -1.10706e-05 -1.52523e-05
186.4 -1.01143e-05 -1.48554e-05
186.8 -9.24112e-06 -1.44795e-05
187.2 -8.4313e-06 -1.41281e-05
187.6 -7.67022e-06 -1.38022e-05
188 -6.94818e-06 -1.35003e-05
188.4 -6.26009e-06 -1.32186e-05
188.8 -5.60507e-06 -1.29514e-05
189.2 -4.98571e-06 -1.26914e-05
189.6 -4.40735e-06 -1.24302e-05
190 -3.87717e-06 -1.21587e-05
190.4 -3.40328e-06 -1.18679e-05
190.8 -2.99381e-06 -1.15487e-05
191.2 -2.65604e-06 -1.11932e-05
191.6 -2.3956e-06 -1.07943e-05
192 -2.21581e-06 -1.03469e-05
192.4 -2.11716e-06 -9.84743e-06
192.8 -2.09696e-06 -9.29448e-06
193.2 -2.14919e-06 -8.68881e-06
193.6 -2.2645e-06 -8.03338e-06
194 -2.43044e-06 -7.33323e-06
194.4 -2.63183e-06 -6.59542e-06
194.8 -2.85129e-06 -5.82872e-06
195.2 -3.06993e-06 -5.04335e-06
195.6 -3.26807e-06 -4.2506e-06
196 -3.42612e-06 -3.46246e-06
196.4 -3.52535e-06 -2.6912e-06
196.8 -3.54881e-06 -1.94894e-06
197.2 -3.48201e-06 -1.24722e-06
197.6 -3.31371e-06 -5.9664e-07
198 -3.03644e-06 -6.49474e-09
198.4 -2.64694e-06 5.15517e-07
198.8 -2.14642e-06 9.63529e-07
199.2 -1.54068e-06 1.33367e-06
199.6 -8.39996e-07 1.62414e-06
200 -5.88366e-08 1.83524e-06
200.4 7.84564e-07 1.9693e-06
200.8 1.66882e-06 2.03052e-06
201.2 2.57011e-06 2.02483e-06
201.6 3.46305e-06 1.95956e-06
202 4.32156e-06 1.84319e-06
202.4 5.11987e-06 1.68501e-06
202.8 5.83342e-06 1.49475e-06
203.2 6.4398e-06 1.28227e-06
203.6 6.9196e-06 1.05717e-06
204 7.25714e-06 8.28506e-07
204.4 7.44109e-06 6.04461e-07
204.8 7.46495e-06 3.92139e-07
205.2 7.3273e-06 1.97355e-07
205.6 7.03192e-06 2.44981e-08
206 6.58775e-06 -1.23537e-07
206.4 6.00856e-06 -2.45367e-07
206.8 5.31257e-06 -3.4107e-07
207.2 4.52185e-06 -4.12082e-07
207.6 3.66159e-06 -4.61044e-07
208 2.75928e-06 -4.91601e-07
208.4 1.84379e-06 -5.08177e-07
208.8 9.44465e-07 -5.15717e-07
209.2 9.01176e-08 -5.19423e-07
209.6 -6.91853e-07 -5.2449e-07
210 -1.37635e-06 -5.35849e-07
210.4 -1.94136e-06 -5.57928e-07
210.8 -2.36859e-06 -5.9445e-07
211.2 -2.64404e-06 -6.48262e-07
211.6 -2.75832e-06 -7.2121e-07
212 -2.70689e-06 -8.14058e-07
212.4 -2.49007e-06 -9.2646e-07
212.8 -2.11293e-06 -1.05698e-06
213.2 -1.58499e-06 -1.20316e-06
213.6 -9.198e-07 -1.36163e-06
214 -1.34339e-07 -1.52825e-06
214.4 7.51609e-07 -1.6983e-06
214.8 1.71621e-06 -1.8667e-06
215.2 2.73638e-06 -2.02817e-06
215.6 3.78857e-06 -2.17752e-06
216 4.84957e-06 -2.30983e-06
216.4 5.89726e-06 -2.42065e-06
216.8 6.91129e-06 -2.5062e-06
217.2 7.87368e-06 -2.56354e-06
217.6 8.76931e-06 -2.59065e-06
218 9.58627e-06 -2.58654e-06
218.4 1.03161e-05 -2.55126e-06
218.8 1.09537e-05 -2.48596e-06
219.2 1.14978e-05 -2.39277e-06
219.6 1.195e-05 -2.27474e-06
220 1.23153e-05 -2.13577e-06
220.4 1.26009e-05 -1.98036e-06
220.8 1.28163e-05 -1.81354e-06
221.2 1.29725e-05 -1.6406e-06
221.6 1.30817e-05 -1.46692e-06
222 1.3156e-05 -1.29777e-06
222.4 1.32077e-05 -1.13813e-06
222.8 1.32482e-05 -9.92449e-07
223.2 1.32874e-05 -8.6457e-07
223.6 1.33339e-05 -7.57539e-07
224 1.3394e-05 -6.73526e-07
224.4 1.34718e-05 -6.13764e-07
224.8 1.3569e-05 -5.78519e-07
225.2 1.36852e-05 -5.67102e-07
225.6 1.38173e-05 -5.77917e-07
226 1.39604e-05 -6.08547e-07
226.4 1.41078e-05 -6.55864e-07
226.8 1.42512e-05 -7.16166e-07
227.2 1.43815e-05 -7.8534e-07
227.6 1.4489e-05 -8.59028e-07
228 1.4564e-05 -9.32807e-07
228.4 1.45973e-05 -1.00237e-06
228.8 1.45805e-05 -1.06367e-06
229.2 1.45068e-05 -1.11311e-06
229.6 1.43708e-05 -1.14767e-06
230 1.41693e-05 -1.16497e-06
230.4 1.39014e-05 -1.16342e-06
230.8 1.35684e-05 -1.14222e-06
231.2 1.3174e-05 -1.10139e-06
231.6 1.27243e-05 -1.04175e-06
232 1.22272e-05 -9.64881e-07
232.4 1.16928e-05 -8.73054e-07
232.8 1.11324e-05 -7.69102e-07
233.2 1.05586e-05 -6.56315e-07
233.6 9.98469e-06 -5.383e-07
234 9.42399e-06 -4.18831e-07
234.4 8.88963e-06 -3.01693e-07
234.8 8.39399e-06 -1.90539e-07
235.2 7.94823e-06 -8.87432e-08
235.6 7.56193e-06 7.23833e-10
236 7.24274e-06 7.54057e-08
236.4 6.9961e-06 1.33446e-07
236.8 6.8251e-06 1.73651e-07
237.2 6.73036e-06 1.95519e-07
237.6 6.71003e-06 1.99251e-07
238 6.7599e-06 1.85724e-07
238.4 6.87357e-06 1.56444e-07
238.8 7.04267e-06 1.13468e-07
239.2 7.25727e-06 5.93156e-08
239.6 7.50615e-06 -3.14616e-09
240 7.77732e-06 -7.08243e-08
240.4 8.05839e-06 -1.40529e-07
240.8 8.33706e-06 -2.09107e-07
241.2 8.60154e-06 -2.73564e-07
241.6 8.84096e-06 -3.31189e-07
242 9.04576e-06 -3.79654e-07
242.4 9.20797e-06 -4.17104e-07
242.8 9.32147e-06 -4.42223e-07
243.2 9.38219e-06 -4.54277e-07
243.6 9.38815e-06 -4.53136e-07
244 9.33952e-06 -4.39264e-07
244.4 9.23851e-06 -4.13693e-07
244.8 9.08924e-06 -3.77969e-07
245.2 8.89753e-06 -3.34078e-07
245.6 8.67061e-06 -2.84362e-07
246 8.4168e-06 -2.3141e-07
246.4 8.14516e-06 -1.77951e-07
246.8 7.86511e-06 -1.26735e-07
247.2 7.58604e-06 -8.04233e-08
247.6 7.31694e-06 -4.14723e-08
248 7.06606e-06 -1.20375e-08
248.4 6.8406e-06 6.11527e-09
248.8 6.64645e-06 1.16802e-08
249.2 6.48799e-06 3.86262e-09
249.6 6.36793e-06 -1.75911e-08
250 6.2873e-06 -5.23849e-08
250.4 6.24538e-06 -9.96874e-08
250.8 6.23984e-06 -1.58166e-07
251.2 6.26683e-06 -2.26044e-07
251.6 6.3212e-06 -3.01169e-07
252 6.39672e-06 -3.81099e-07
252.4 6.48639e-06 -4.63203e-07
252.8 6.58273e-06 -5.44759e-07
253.2 6.6781e-06 -6.23061e-07
253.6 6.76503e-06 -6.95524e-07
254 6.83652e-06 -7.59777e-07
254.4 6.88635e-06 -8.13757e-07
254.8 6.90926e-06 -8.55782e-07
255.2 6.90126e-06 -8.84608e-07
255.6 6.85966e-06 -8.99474e-07
256 6.78326e-06 -9.00123e-07
256.4 6.67234e-06 -8.86802e-07
256.8 6.52861e-06 -8.60253e-07
257.2 6.35518e-06 -8.21668e-07
257.6 6.15636e-06 -7.72641e-07
258 5.93751e-06 -7.15102e-07
258.4 5.70478e-06 -6.51234e-07
258.8 5.46489e-06 -5.83389e-07
259.2 5.22482e-06 -5.13992e-07
259.6 4.99153e-06 -4.45451e-07
260 4.7717e-06 -3.80063e-07
260.4 4.57146e-06 -3.19929e-07
260.8 4.39612e-06 -2.66877e-07
261.2 4.25003e-06 -2.22401e-07
261.6 4.13635e-06 -1.87609e-07
262 4.057e-06 -1.63192e-07
262.4 4.01256e-06 -1.49402e-07
262.8 4.00228e-06 -1.46062e-07
263.2 4.02413e-06 -1.52576e-07
263.6 4.0749e-06 -1.6797e-07
264 4.15036e-06 -1.90936e-07
264.4 4.2454e-06 -2.19897e-07
264.8 4.3543e-06 -2.53076e-07
265.2 4.47095e-06 -2.88572e-07
265.6 4.5891e-06 -3.24446e-07
266 4.70259e-06 -3.58797e-07
266.4 4.80565e-06 -3.89839e-07
266.8 4.89308e-06 -4.1598e-07
267.2 4.96049e-06 -4.35874e-07
267.6 5.00441e-06 -4.48482e-07
268 5.02249e-06 -4.53103e-07
268.4 5.01352e-06 -4.49402e-07
268.8 4.97749e-06 -4.37415e-07
269.2 4.91555e-06 -4.17543e-07
269.6 4.82999e-06 -3.90532e-07
270 4.72407e-06 -3.57431e-07
270.4 4.60192e-06 -3.19552e-07
270.8 4.46835e-06 -2.78406e-07
271.2 4.32861e-06 -2.35641e-07
271.6 4.1882e-06 -1.92971e-07
272 4.05263e-06 -1.52103e-07
272.4 3.9272e-06 -1.14669e-07
272.8 3.81676e-06 -8.21564e-08
273.2 3.72553e-06 -5.58485e-08
273.6 3.6569e-06 -3.67746e-08
274 3.61336e-06 -2.56683e-08
274.4 3.59632e-06 -2.29404e-08
274.8 3.60611e-06 -2.86643e-08
275.2 3.64198e-06 -4.25751e-08
275.6 3.70208e-06 -6.40833e-08
276 3.78358e-06 -9.23004e-08
276.4 3.88278e-06 -1.26077e-07
276.8 3.99527e-06 -1.64052e-07
277.2 4.11608e-06 -2.04705e-07
277.6 4.23991e-06 -2.46425e-07
278 4.36133e-06 -2.87568e-07
278.4 4.47499e-06 -3.26529e-07
278.8 4.57585e-06 -3.61801e-07
279.2 4.65935e-06 -3.92037e-07
279.6 4.7216e-06 -4.161e-07
280 4.75955e-06 -4.33108e-07
280.4 4.77106e-06 -4.42466e-07
280.8 4.75502e-06 -4.43885e-07
281.2 4.71134e-06 -4.37391e-07
281.6 4.64101e-06 -4.23323e-07
282 4.54599e-06 -4.02313e-07
282.4 4.42916e-06 -3.7526e-07
282.8 4.29419e-06 -3.43288e-07
283.2 4.1454e-06 -3.07704e-07
283.6 3.98757e-06 -2.69937e-07
284 3.82577e-06 -2.31487e-07
284.4 3.66514e-06 -1.93858e-07
284.8 3.51071e-06 -1.58503e-07
285.2 3.36719e-06 -1.26763e-07
285.6 3.23879e-06 -9.98169e-08
286 3.12909e-06 -7.86338e-08
286.4 3.04088e-06 -6.39391e-08
286.8 2.97607e-06 -5.61868e-08
287.2 2.93563e-06 -5.55444e-08
287.6 2.91956e-06 -6.18893e-08
288 2.92693e-06 -7.48168e-08
288.4 2.95587e-06 -9.36591e-08
288.8 3.00373e-06 -1.17515e-07
289.2 3.06714e-06 -1.45288e-07
289.6 3.14219e-06 -1.75732e-07
290 3.22456e-06 -2.07504e-07
290.4 3.30973e-06 -2.39217e-07
290.8 3.39313e-06 -2.69496e-07
291.2 3.47036e-06 -2.97034e-07
291.6 3.53731e-06 -3.20644e-07
292 3.59038e-06 -3.39303e-07
292.4 3.62658e-06 -3.52194e-07
292.8 3.64364e-06 -3.58736e-07
293.2 3.6401e-06 -3.58602e-07
293.6 3.61538e-06 -3.51736e-07
294 3.56976e-06 -3.38347e-07
294.4 3.50435e-06 -3.18902e-07
294.8 3.42108e-06 -2.94106e-07
295.2 3.32257e-06 -2.64867e-07
295.6 3.21207e-06 -2.32264e-07
296 3.09323e-06 -1.97502e-07
296.4 2.97006e-06 -1.61859e-07
296.8 2.84669e-06 -1.26642e-07
297.2 2.72723e-06 -9.31292e-08
297.6 2.61559e-06 -6.25237e-08
298 2.51537e-06 -3.5906e-08
298.4 2.42965e-06 -1.41933e-08
298.8 2.36095e-06 1.89531e-09
299.2 2.31106e-06 1.18644e-08
299.6 2.28105e-06 1.54593e-08
300 2.27117e-06 1.26732e-08
300.4 2.28091e-06 3.74479e-09
300.8 2.30898e-06 -1.08542e-08
301.2 2.35338e-06 -3.04401e-08
301.6 2.41151e-06 -5.4147e-08
302 2.48029e-06 -8.09628e-08
302.4 2.55623e-06 -1.09771e-07
302.8 2.63563e-06 -1.39394e-07
303.2 2.71471e-06 -1.68645e-07
303.6 2.78977e-06 -1.96369e-07
304 2.85733e-06 -2.21491e-07
304.4 2.91426e-06 -2.43057e-07
304.8 2.95792e-06 -2.60269e-07
305.2 2.98626e-06 -2.72517e-07
305.6 2.99787e-06 -2.79395e-07
306 2.99205e-06 -2.80721e-07
306.4 2.96883e-06 -2.76534e-07
306.8 2.92897e-06 -2.67095e-07
307.2 2.8739e-06 -2.52872e-07
307.6 2.80565e-06 -2.34514e-07
308 2.72679e-06 -2.1283e-07
308.4 2.64032e-06 -1.88747e-07
308.8 2.5495e-06 -1.63276e-07
309.2 2.45777e-06 -1.37469e-07
309.6 2.36858e-06 -1.12375e-07
310 2.28525e-06 -8.89991e-08
310.4 2.21085e-06 -6.82614e-08
310.8 2.14805e-06 -5.09622e-08
311.2 2.09906e-06 -3.77502e-08
311.6 2.0655e-06 -2.90985e-08
312 2.04836e-06 -2.52875e-08
312.4 2.04797e-06 -2.63958e-08
312.8 2.06395e-06 -3.22994e-08
313.2 2.09529e-06 -4.26785e-08
313.6 2.14036e-06 -5.70334e-08
314 2.19697e-06 -7.47056e-08
314.4 2.26248e-06 -9.49069e-08
314.8 2.3339e-06 -1.16752e-07
315.2 2.40801e-06 -1.39297e-07
315.6 2.4815e-06 -1.61574e-07
316 2.55108e-06 -1.82635e-07
316.4 2.61362e-06 -2.01589e-07
316.8 2.66629e-06 -2.17636e-07
317.2 2.70664e-06 -2.30098e-07
317.6 2.73273e-06 -2.38449e-07
318 2.74315e-06 -2.42331e-07
318.4 2.73714e-06 -2.41571e-07
318.8 2.71456e-06 -2.36181e-07
319.2 2.67591e-06 -2.26363e-07
319.6 2.62231e-06 -2.12494e-07
320 2.55545e-06 -1.95114e-07
320.4 2.47752e-06 -1.74897e-07
320.8 2.39111e-06 -1.52632e-07
321.2 2.29913e-06 -1.29182e-07
321.6 2.20465e-06 -1.05456e-07
322 2.11084e-06 -8.23665e-08
322.4 2.02079e-06 -6.07988e-08
322.8 1.93743e-06 -4.15727e-08
323.2 1.86338e-06 -2.54114e-08
323.6 1.8009e-06 -1.29138e-08
324 1.75174e-06 -4.53202e-09
324.4 1.71716e-06 -5.54395e-10
324.8 1.69782e-06 -1.09576e-09
325.2 1.69378e-06 -6.09439e-09
325.6 1.70453e-06 -1.5316e-08
326 1.72897e-06 -2.83648e-08
326.4 1.76551e-06 -4.47003e-08
326.8 1.8121e-06 -6.36603e-08
327.2 1.86636e-06 -8.44879e-08
327.6 1.92562e-06 -1.06363e-07
328 1.98709e-06 -1.28434e-07
328.4 2.04792e-06 -1.49853e-07
328.8 2.10536e-06 -1.69809e-07
329.2 2.15683e-06 -1.87559e-07
329.6 2.20004e-06 -2.02456e-07
330 2.23309e-06 -2.13975e-07
330.4 2.25449e-06 -2.21732e-07
330.8 2.26328e-06 -2.25497e-07
331.2 2.25904e-06 -2.252e-07
331.6 2.24185e-06 -2.20937e-07
332 2.21236e-06 -2.12956e-07
332.4 2.17171e-06 -2.01652e-07
332.8 2.12148e-06 -1.8755e-07
333.2 2.06364e-06 -1.71274e-07
333.6 2.00046e-06 -1.53532e-07
334 1.9344e-06 -1.35079e-07
334.4 1.86802e-06 -1.16689e-07
334.8 1.80389e-06 -9.91226e-08
335.2 1.74445e-06 -8.30981e-08
335.6 1.69197e-06 -6.9262e-08
336 1.64839e-06 -5.8164e-08
336.4 1.61531e-06 -5.02359e-08
336.8 1.59386e-06 -4.57753e-08
337.2 1.58475e-06 -4.49352e-08
337.6 1.58813e-06 -4.7719e-08
338 1.60371e-06 -5.39821e-08
338.4 1.63068e-06 -6.34386e-08
338.8 1.66778e-06 -7.56749e-08
339.2 1.71337e-06 -9.01666e-08
339.6 1.76548e-06 -1.06302e-07
340 1.82189e-06 -1.23404e-07
340.4 1.88024e-06 -1.40765e-07
340.8 1.93809e-06 -1.57667e-07
341.2 1.99306e-06 -1.73416e-07
341.6 2.04287e-06 -1.87369e-07
342 2.08551e-06 -1.98959e-07
342.4 2.11923e-06 -2.07715e-07
342.8 2.14266e-06 -2.13286e-07
343.2 2.15485e-06 -2.15446e-07
343.6 2.1553e-06 -2.1411e-07
344 2.14399e-06 -2.0933e-07
344.4 2.12134e-06 -2.01297e-07
344.8 2.08824e-06 -1.9033e-07
345.2 2.04596e-06 -1.7686e-07
345.6 1.99613e-06 -1.61416e-07
346 1.94068e-06 -1.44602e-07
346.4 1.8817e-06 -1.27072e-07
346.8 1.82144e-06 -1.09501e-07
347.2 1.76216e-06 -9.25627e-08
347.6 1.70604e-06 -7.68999e-08
348 1.65513e-06 -6.30991e-08
348.4 1.61124e-06 -5.16685e-08
348.8 1.57589e-06 -4.30182e-08
349.2 1.55023e-06 -3.74441e-08
349.6 1.53502e-06 -3.51182e-08
350 1.53058e-06 -3.60816e-08
350.4 1.5368e-06 -4.02449e-08
350.8 1.55315e-06 -4.73924e-08
351.2 1.57869e-06 -5.71918e-08
351.6 1.61212e-06 -6.92086e-08
352 1.65185e-06 -8.29241e-08
352.4 1.69602e-06 -9.77571e-08
352.8 1.74263e-06 -1.13087e-07
353.2 1.7896e-06 -1.2828e-07
353.6 1.83486e-06 -1.42712e-07
354 1.8764e-06 -1.55797e-07
354.4 1.91241e-06 -1.67008e-07
354.8 1.94129e-06 -1.75897e-07
355.2 1.96177e-06 -1.82112e-07
355.6 1.97289e-06 -1.85415e-07
356 1.97412e-06 -1.85682e-07
356.4 1.96529e-06 -1.82915e-07
356.8 1.94667e-06 -1.77237e-07
357.2 1.91889e-06 -1.68886e-07
357.6 1.88298e-06 -1.58205e-07
358 1.84026e-06 -1.4563e-07
358.4 1.79232e-06 -1.31667e-07
358.8 1.74097e-06 -1.16875e-07
359.2 1.68812e-06 -1.01842e-07
359.6 1.63573e-06 -8.71619e-08
360 1.58574e-06 -7.34104e-08
360.4 1.53997e-06 -6.11218e-08
360.8 1.50007e-06 -5.07684e-08
361.2 1.46744e-06 -4.27426e-08
361.6 1.44317e-06 -3.73412e-08
362 1.42802e-06 -3.47548e-08
362.4 1.42239e-06 -3.50611e-08
362.8 1.42628e-06 -3.82223e-08
363.2 1.43932e-06 -4.40879e-08
363.6 1.46078e-06 -5.24016e-08
364 1.48959e-06 -6.2812e-08
364.4 1.52441e-06 -7.48876e-08
364.8 1.56366e-06 -8.81347e-08
365.2 1.6056e-06 -1.02017e-07
365.6 1.64841e-06 -1.15979e-07
366 1.69022e-06 -1.29464e-07
366.4 1.72925e-06 -1.41943e-07
366.8 1.76381e-06 -1.52928e-07
367.2 1.79242e-06 -1.61996e-07
367.6 1.81386e-06 -1.68806e-07
368 1.82719e-06 -1.73106e-07
368.4 1.8318e-06 -1.74748e-07
368.8 1.82744e-06 -1.73691e-07
369.2 1.81421e-06 -1.70002e-07
369.6 1.79259e-06 -1.6385e-07
370 1.76335e-06 -1.55502e-07
370.4 1.72759e-06 -1.4531e-07
370.8 1.68666e-06 -1.33695e-07
371.2 1.64209e-06 -1.21132e-07
371.6 1.59556e-06 -1.08128e-07
372 1.5488e-06 -9.52025e-08
372.4 1.50354e-06 -8.28686e-08
372.8 1.46146e-06 -7.16094e-08
373.2 1.42407e-06 -6.18608e-08
373.6 1.39269e-06 -5.3994e-08
374 1.36841e-06 -4.83013e-08
374.4 1.352e-06 -4.49851e-08
374.8 1.34393e-06 -4.41506e-08
375.2 1.34433e-06 -4.58021e-08
375.6 1.35298e-06 -4.98443e-08
376 1.36936e-06 -5.60861e-08
376.4 1.39262e-06 -6.42498e-08
376.8 1.42166e-06 -7.39823e-08
377.2 1.45514e-06 -8.48703e-08
377.6 1.49156e-06 -9.64571e-08
378 1.52933e-06 -1.08261e-07
378.4 1.5668e-06 -1.19796e-07
378.8 1.60236e-06 -1.30588e-07
379.2 1.63446e-06 -1.40199e-07
379.6 1.66174e-06 -1.4824e-07
380 1.68302e-06 -1.54386e-07
380.4 1.69736e-06 -1.58394e-07
380.8 1.70413e-06 -1.60103e-07
381.2 1.70298e-06 -1.59449e-07
381.6 1.6939e-06 -1.56463e-07
382 1.67718e-06 -1.51266e-07
382.4 1.65343e-06 -1.44069e-07
382.8 1.62352e-06 -1.3516e-07
383.2 1.58858e-06 -1.24895e-07
383.6 1.5499e-06 -1.1368e-07
384 1.50893e-06 -1.01957e-07
384.4 1.46722e-06 -9.01861e-08
384.8 1.4263e-06 -7.88238e-08
385.2 1.38768e-06 -6.83091e-08
385.6 1.35276e-06 -5.90436e-08
386 1.32279e-06 -5.13763e-08
386.4 1.29881e-06 -4.55903e-08
386.8 1.2816e-06 -4.18916e-08
387.2 1.27169e-06 -4.04018e-08
387.6 1.2693e-06 -4.11538e-08
388 1.27434e-06 -4.40908e-08
388.4 1.28644e-06 -4.90698e-08
388.8 1.30495e-06 -5.58673e-08
389.2 1.32897e-06 -6.41895e-08
389.6 1.35737e-06 -7.36837e-08
390 1.38887e-06 -8.39535e-08
390.4 1.42207e-06 -9.45746e-08
390.8 1.45552e-06 -1.05112e-07
391.2 1.48776e-06 -1.15137e-07
391.6 1.51739e-06 -1.24245e-07
392 1.54314e-06 -1.32072e-07
392.4 1.56388e-06 -1.38305e-07
392.8 1.57871e-06 -1.427e-07
393.2 1.58695e-06 -1.45087e-07
393.6 1.58821e-06 -1.45378e-07
394 1.58237e-06 -1.43567e-07
394.4 1.56959e-06 -1.39735e-07
394.8 1.55031e-06 -1.34041e-07
395.2 1.52524e-06 -1.26719e-07
395.6 1.49528e-06 -1.18064e-07
396 1.46157e-06 -1.08424e-07
396.4 1.42533e-06 -9.81839e-08
396.8 1.38794e-06 -8.7748e-08
397.2 1.35075e-06 -7.7527e-08
397.6 1.31515e-06 -6.79197e-08
398 1.28241e-06 -5.92976e-08
398.4 1.25371e-06 -5.19903e-08
398.8 1.23005e-06 -4.62727e-08
399.2 1.21221e-06 -4.23543e-08
399.6 1.20076e-06 -4.03714e-08
400 1.19598e-06 -4.03821e-08
