-0.498 -1.5036 -0.400145
-0.496 -1.54983 -0.406943
-0.494 -1.57938 -0.412907
-0.492 -1.5924 -0.417861
-0.49 -1.58927 -0.421623
-0.488 -1.5706 -0.424015
-0.486 -1.53719 -0.424868
-0.484 -1.49003 -0.42403
-0.482 -1.43024 -0.421377
-0.48 -1.35908 -0.416811
-0.478 -1.27788 -0.410275
-0.476 -1.18804 -0.401752
-0.474 -1.09098 -0.391269
-0.472 -0.988157 -0.3789
-0.47 -0.880974 -0.364762
-0.468 -0.770816 -0.349019
-0.466 -0.659012 -0.331876
-0.464 -0.546825 -0.313575
-0.462 -0.435451 -0.294389
-0.46 -0.326007 -0.274621
-0.458 -0.21954 -0.254592
-0.456 -0.117022 -0.234638
-0.454 -0.0193587 -0.215105
-0.452 0.0726064 -0.196337
-0.45 0.158089 -0.178677
-0.448 0.236358 -0.162457
-0.446 0.306737 -0.147993
-0.444 0.368602 -0.135582
-0.442 0.421386 -0.125494
-0.44 0.464587 -0.11797
-0.438 0.497771 -0.11322
-0.436 0.520588 -0.111414
-0.434 0.532777 -0.112682
-0.432 0.534183 -0.117111
-0.43 0.524764 -0.124745
-0.428 0.504599 -0.135579
-0.426 0.473903 -0.149564
-0.424 0.433023 -0.166602
-0.422 0.382449 -0.18655
-0.42 0.32281 -0.209223
-0.418 0.254874 -0.234392
-0.416 0.17954 -0.26179
-0.414 0.0978328 -0.291114
-0.412 0.0108904 -0.322029
-0.41 -0.0800461 -0.354171
-0.408 -0.173649 -0.387156
-0.406 -0.268521 -0.420577
-0.404 -0.363212 -0.454016
-0.402 -0.456238 -0.487046
-0.4 -0.546104 -0.519237
-0.398 -0.631322 -0.550161
-0.396 -0.710433 -0.579399
-0.394 -0.78203 -0.606542
-0.392 -0.844776 -0.6312
-0.39 -0.897432 -0.653
-0.388 -0.938876 -0.671597
-0.386 -0.968126 -0.686668
-0.384 -0.984367 -0.697922
-0.382 -0.986969 -0.7051
-0.38 -0.975512 -0.707975
-0.378 -0.949802 -0.706361
-0.376 -0.90989 -0.700111
-0.374 -0.856083 -0.689126
-0.372 -0.788951 -0.673358
-0.37 -0.709331 -0.652816
-0.368 -0.618324 -0.62757
-0.366 -0.517283 -0.597762
-0.364 -0.407798 -0.563604
-0.362 -0.291677 -0.525388
-0.36 -0.170916 -0.483483
-0.358 -0.0476668 -0.43834
-0.356 0.0758015 -0.390489
-0.354 0.197144 -0.340533
-0.352 0.313987 -0.28914
-0.35 0.423971 -0.237039
-0.348 0.524808 -0.185
-0.346 0.614321 -0.133827
-0.344 0.690502 -0.0843369
-0.342 0.751552 -0.0373458
-0.34 0.795926 0.0063499
-0.338 0.822376 0.0459903
-0.336 0.829982 0.0808688
-0.334 0.81818 0.110348
-0.332 0.786788 0.133872
-0.33 0.736018 0.150984
-0.328 0.666485 0.161329
-0.326 0.579203 0.16467
-0.324 0.475579 0.160889
-0.322 0.357391 0.149996
-0.32 0.226757 0.132125
-0.318 0.0861025 0.107541
-0.316 -0.0618864 0.0766342
-0.314 -0.214319 0.0399129
-0.312 -0.368157 -0.00199886
-0.31 -0.52028 -0.0483729
-0.308 -0.667553 -0.0983879
-0.306 -0.806897 -0.151143
-0.304 -0.935361 -0.205672
-0.302 -1.05019 -0.260962
-0.3 -1.14887 -0.315971
-0.298 -1.22924 -0.369647
-0.296 -1.28947 -0.420946
-0.294 -1.32817 -0.468858
-0.292 -1.34438 -0.512422
-0.29 -1.33763 -0.550747
-0.288 -1.3079 -0.583033
-0.286 -1.25569 -0.608586
-0.284 -1.18196 -0.626836
-0.282 -1.08813 -0.63735
-0.28 -0.976059 -0.63984
-0.278 -0.847984 -0.634177
-0.276 -0.706502 -0.62039
-0.274 -0.554499 -0.59867
-0.272 -0.395093 -0.569367
-0.27 -0.231565 -0.532983
-0.268 -0.0672871 -0.490165
-0.266 0.0943518 -0.441688
-0.264 0.250023 -0.388443
-0.262 0.396534 -0.331415
-0.26 0.530902 -0.271666
-0.258 0.650423 -0.210309
-0.256 0.752735 -0.148485
-0.254 0.835871 -0.0873395
-0.252 0.898311 -0.0279995
-0.25 0.939012 0.0284539
-0.248 0.957435 0.0810063
-0.246 0.953561 0.128732
-0.244 0.927886 0.170813
-0.242 0.881414 0.206557
-0.24 0.815629 0.23541
-0.238 0.732467 0.256967
-0.236 0.634261 0.27098
-0.234 0.523696 0.277365
-0.232 0.403739 0.276194
-0.23 0.277572 0.267701
-0.228 0.148517 0.252268
-0.226 0.0199577 0.23042
-0.224 -0.104741 0.202808
-0.222 -0.222315 0.170195
-0.22 -0.329681 0.133438
-0.218 -0.424008 0.0934657
-0.216 -0.502794 0.0512574
-0.214 -0.563923 0.00781926
-0.212 -0.605725 -0.0358396
-0.21 -0.627011 -0.0787317
-0.208 -0.62711 -0.119914
-0.206 -0.605886 -0.158513
-0.204 -0.563736 -0.193741
-0.202 -0.501582 -0.224918
-0.2 -0.420847 -0.251489
-0.198 -0.323408 -0.273031
-0.196 -0.211545 -0.289268
-0.194 -0.0878766 -0.300072
-0.192 0.0447178 -0.305467
-0.19 0.183179 -0.305625
-0.188 0.324352 -0.30086
-0.186 0.465076 -0.291621
-0.184 0.602263 -0.278471
-0.182 0.732981 -0.262079
-0.18 0.854517 -0.243195
-0.178 0.964446 -0.222629
-0.176 1.06067 -0.201228
-0.174 1.14147 -0.179853
-0.172 1.20549 -0.159349
-0.17 1.25182 -0.140523
-0.168 1.27992 -0.124121
-0.166 1.28964 -0.110803
-0.164 1.2812 -0.101125
-0.162 1.25517 -0.0955196
-0.16 1.2124 -0.0942865
-0.158 1.15401 -0.0975803
-0.156 1.08132 -0.105406
-0.154 0.995847 -0.11762
-0.152 0.899197 -0.13393
-0.15 0.793073 -0.153907
-0.148 0.679211 -0.176995
-0.146 0.55935 -0.202527
-0.144 0.435193 -0.229745
-0.142 0.308385 -0.257819
-0.14 0.18049 -0.285875
-0.138 0.0529741 -0.313017
-0.136 -0.0728046 -0.338354
-0.134 -0.195599 -0.361024
-0.132 -0.314272 -0.380222
-0.13 -0.427791 -0.395218
-0.128 -0.535221 -0.405383
-0.126 -0.635708 -0.410202
-0.124 -0.728468 -0.409291
-0.122 -0.812772 -0.402407
-0.12 -0.887935 -0.389455
-0.118 -0.9533 -0.370487
-0.116 -1.00823 -0.345707
-0.114 -1.05212 -0.31546
-0.112 -1.08437 -0.280222
-0.11 -1.10441 -0.24059
-0.108 -1.1117 -0.197263
-0.106 -1.10579 -0.151022
-0.104 -1.08626 -0.102707
-0.102 -1.05281 -0.0531954
-0.1 -1.00528 -0.00337081
-0.098 -0.943662 0.0458979
-0.096 -0.868121 0.093785
-0.094 -0.779049 0.139532
-0.092 -0.677072 0.182469
-0.09 -0.563075 0.222038
-0.088 -0.438218 0.257805
-0.086 -0.303943 0.289476
-0.084 -0.161979 0.316905
-0.082 -0.0143311 0.340095
-0.08 0.136728 0.359201
-0.078 0.288688 0.374521
-0.076 0.438827 0.386486
-0.074 0.58426 0.395645
-0.072 0.72199 0.402645
-0.07 0.848967 0.408208
-0.068 0.962166 0.413107
-0.066 1.05866 0.418135
-0.064 1.13574 0.424081
-0.062 1.19095 0.431698
-0.06 1.22228 0.441679
-0.058 1.22821 0.454633
-0.056 1.20782 0.471058
-0.054 1.16092 0.491332
-0.052 1.0881 0.515693
-0.05 0.990809 0.544232
-0.048 0.871395 0.576891
-0.046 0.733088 0.613461
-0.044 0.579971 0.653589
-0.042 0.416909 0.696786
-0.04 0.249424 0.742442
-0.038 0.083546 0.789838
-0.036 -0.0743676 0.838171
-0.034 -0.217835 0.88657
-0.032 -0.340462 0.934122
-0.03 -0.436154 0.979895
-0.028 -0.49932 1.02296
-0.026 -0.525067 1.06242
-0.024 -0.509369 1.09743
-0.022 -0.449222 1.12724
-0.02 -0.342769 1.15117
-0.018 -0.18941 1.1687
-0.016 0.0101235 1.17943
-0.014 0.253726 1.18312
-0.012 0.537906 1.17972
-0.01 0.85783 1.16932
-0.008 1.20741 1.15221
-0.006 1.57942 1.12884
-0.004 1.96571 1.0998
-0.002 2.35744 1.06582
0 2.74531 1.02773
0.002 3.11991 0.986441
0.004 3.4719 0.942899
0.006 3.79244 0.89806
0.008 4.07338 0.852852
0.01 4.3076 0.808145
0.012 4.48915 0.764724
0.014 4.61346 0.723268
0.016 4.67744 0.684332
0.018 4.67957 0.648339
0.02 4.61988 0.615574
0.022 4.49993 0.58619
0.024 4.3227 0.56021
0.026 4.09252 0.537538
0.028 3.81489 0.517974
0.03 3.49631 0.501228
0.032 3.14412 0.486934
0.034 2.76622 0.474672
0.036 2.37095 0.463982
0.038 1.96676 0.454384
0.04 1.56204 0.445395
0.042 1.16486 0.436548
0.044 0.782779 0.427408
0.046 0.422624 0.417586
0.048 0.0903481 0.406759
0.05 -0.2091 0.394671
0.052 -0.471856 0.381154
0.054 -0.695182 0.366123
0.056 -0.877455 0.349585
0.058 -1.01813 0.331633
0.06 -1.11765 0.312445
0.062 -1.17735 0.292275
0.064 -1.19936 0.271441
0.066 -1.18642 0.250312
0.068 -1.14181 0.229297
0.07 -1.06916 0.208825
0.072 -0.972391 0.189327
0.074 -0.855548 0.171226
0.076 -0.722731 0.154914
0.078 -0.577997 0.140737
0.08 -0.425291 0.128985
0.082 -0.268378 0.119877
0.084 -0.110789 0.113551
0.086 0.0442143 0.11006
0.088 0.193684 0.109365
0.09 0.335003 0.111337
0.092 0.465909 0.115761
0.094 0.5845 0.122341
0.096 0.689239 0.130709
0.098 0.778947 0.140442
0.1 0.852796 0.15107
0.102 0.910288 0.162097
0.104 0.951233 0.173017
0.106 0.975726 0.183329
0.108 0.984116 0.192556
0.11 0.976973 0.200262
0.112 0.955058 0.206066
0.114 0.919284 0.209654
0.116 0.870691 0.210794
0.118 0.810406 0.209342
0.12 0.739616 0.205253
0.122 0.659543 0.19858
0.124 0.571413 0.18948
0.126 0.476444 0.178209
0.128 0.375823 0.165118
0.13 0.270699 0.150643
0.132 0.162176 0.135297
0.134 0.0513089 0.119647
0.136 -0.060887 0.104306
0.138 -0.173431 0.0899072
0.14 -0.285363 0.0770845
0.142 -0.395731 0.0664505
0.144 -0.503573 0.0585744
0.146 -0.607907 0.0539599
0.148 -0.70772 0.0530256
0.15 -0.801962 0.0560865
0.152 -0.889547 0.0633392
0.154 -0.969365 0.07485
0.156 -1.0403 0.0905472
0.158 -1.10124 0.110218
0.16 -1.15113 0.133507
0.162 -1.189 0.159928
0.164 -1.21397 0.188866
0.166 -1.22537 0.219596
0.168 -1.22269 0.251302
0.17 -1.20569 0.283092
0.172 -1.17438 0.31403
0.174 -1.12909 0.343151
0.176 -1.07048 0.369499
0.178 -0.999533 0.392142
0.18 -0.917551 0.410207
0.182 -0.826166 0.422899
0.184 -0.727291 0.429525
0.186 -0.623089 0.429515
0.188 -0.515919 0.422438
0.19 -0.408278 0.408017
0.192 -0.302735 0.386135
0.194 -0.201863 0.356844
0.196 -0.108168 0.320367
0.198 -0.0240172 0.277091
0.2 0.0484253 0.227566
0.202 0.107257 0.172495
0.204 0.150891 0.112716
0.206 0.178097 0.0491909
0.208 0.188039 -0.0170159
0.21 0.180298 -0.0847578
0.212 0.154885 -0.152829
0.214 0.112248 -0.219989
0.216 0.0532605 -0.284988
0.218 -0.0207904 -0.346591
0.22 -0.108235 -0.403604
0.222 -0.207059 -0.4549
0.224 -0.314947 -0.499439
0.226 -0.429338 -0.536292
0.228 -0.547491 -0.564659
0.23 -0.666545 -0.583886
0.232 -0.783594 -0.59348
0.234 -0.895757 -0.593116
0.236 -1.00025 -0.582647
0.238 -1.09445 -0.562109
0.24 -1.17598 -0.531718
0.242 -1.24273 -0.491868
0.244 -1.29295 -0.443126
0.246 -1.32527 -0.386221
0.248 -1.33871 -0.32203
0.25 -1.33274 -0.251564
0.252 -1.30728 -0.175948
0.254 -1.26266 -0.0964006
0.256 -1.19967 -0.0142132
0.258 -1.11946 0.0692767
0.26 -1.02359 0.152708
0.262 -0.913934 0.234721
0.264 -0.792651 0.313981
0.266 -0.662136 0.389203
0.268 -0.524962 0.459174
0.27 -0.383819 0.522771
0.272 -0.24146 0.578982
0.274 -0.100636 0.626921
0.276 0.0359602 0.665844
0.278 0.165747 0.695158
0.28 0.286309 0.714431
0.282 0.395439 0.723398
0.284 0.491182 0.721967
0.286 0.571866 0.710216
0.288 0.636132 0.688393
0.29 0.682952 0.656912
0.292 0.711646 0.616343
0.294 0.721883 0.567403
0.296 0.713686 0.510943
0.298 0.68742 0.447929
0.3 0.64378 0.379432
0.302 0.583775 0.3066
0.304 0.508695 0.230646
0.306 0.42009 0.152822
0.308 0.319731 0.0743977
0.31 0.209572 -0.00335912
0.312 0.0917158 -0.079205
0.314 -0.0316281 -0.151941
0.316 -0.158186 -0.220435
0.318 -0.285659 -0.283636
0.32 -0.411761 -0.340595
0.322 -0.534262 -0.39048
0.324 -0.651021 -0.432585
0.326 -0.760022 -0.46635
0.328 -0.859406 -0.49136
0.33 -0.9475 -0.507356
0.332 -1.02285 -0.514238
0.334 -1.08422 -0.512063
0.336 -1.13066 -0.501043
0.338 -1.16145 -0.481536
0.34 -1.17617 -0.454044
0.342 -1.17469 -0.419192
0.344 -1.15714 -0.37772
0.346 -1.12394 -0.330467
0.348 -1.07578 -0.27835
0.35 -1.01359 -0.222349
0.352 -0.938536 -0.163489
0.354 -0.852011 -0.102817
0.356 -0.755577 -0.041388
0.358 -0.650958 0.019754
0.36 -0.540005 0.0795928
0.362 -0.424666 0.137154
0.364 -0.306949 0.191521
0.366 -0.188887 0.241842
0.368 -0.0725066 0.287349
0.37 0.0402141 0.327357
0.372 0.147376 0.36128
0.374 0.247197 0.388632
0.376 0.338041 0.409034
0.378 0.41845 0.422216
0.38 0.487169 0.428019
0.382 0.543164 0.426396
0.384 0.585643 0.417411
0.386 0.614065 0.401236
0.388 0.628148 0.378144
0.39 0.627866 0.348509
0.392 0.613451 0.312794
0.394 0.58538 0.271548
0.396 0.544362 0.22539
0.398 0.491321 0.175005
0.4 0.427374 0.121132
0.402 0.353808 0.0645533
0.404 0.272051 0.00608201
0.406 0.183647 -0.0534468
0.408 0.0902256 -0.113189
0.41 -0.00652753 -0.1723
0.412 -0.104898 -0.229953
0.414 -0.203172 -0.285342
0.416 -0.299666 -0.337698
0.418 -0.392752 -0.386302
0.42 -0.480884 -0.43049
0.422 -0.562625 -0.469668
0.424 -0.636664 -0.503321
0.426 -0.701839 -0.531019
0.428 -0.757153 -0.552426
0.43 -0.801786 -0.567303
0.432 -0.835107 -0.575515
0.434 -0.856674 -0.577028
0.436 -0.866243 -0.571913
0.438 -0.863761 -0.560341
0.44 -0.849367 -0.542582
0.442 -0.823376 -0.518994
0.444 -0.786276 -0.49002
0.446 -0.738711 -0.456174
0.448 -0.681467 -0.418038
0.45 -0.615454 -0.376243
0.452 -0.541691 -0.331461
0.454 -0.461282 -0.284394
0.456 -0.375401 -0.235758
0.458 -0.285266 -0.186273
0.46 -0.192128 -0.136654
0.462 -0.0972408 -0.0875938
0.464 -0.00185218 -0.0397594
0.466 0.0928169 0.00622088
0.468 0.185585 0.0497633
0.47 0.275321 0.0903357
0.472 0.360953 0.127463
0.474 0.441475 0.160731
0.476 0.515952 0.189791
0.478 0.583516 0.214357
0.48 0.643376 0.234216
0.482 0.694809 0.249219
0.484 0.737167 0.259286
0.486 0.769874 0.264405
0.488 0.792428 0.264628
0.49 0.804406 0.260069
0.492 0.805469 0.250901
0.494 0.795367 0.237354
0.496 0.773953 0.219707
0.498 0.74119 0.198283
0.4 0.260687 0.175194
0.8 0.262013 0.175771
1.2 0.264203 0.176719
1.6 0.267223 0.178017
2 0.271029 0.179637
2.4 0.275566 0.181546
2.8 0.280768 0.183701
3.2 0.286561 0.186057
3.6 0.29286 0.188564
4 0.299576 0.191168
4.4 0.306615 0.193814
4.8 0.313879 0.196446
5.2 0.321268 0.199008
5.6 0.328682 0.201447
6 0.336022 0.203711
6.4 0.343192 0.205753
6.8 0.350101 0.20753
7.2 0.356664 0.209005
7.6 0.362801 0.210147
8 0.368442 0.210932
8.4 0.373524 0.211342
8.8 0.377995 0.211368
9.2 0.381814 0.211008
9.6 0.384948 0.210267
10 0.387377 0.209155
10.4 0.38909 0.207691
10.8 0.390087 0.205899
11.2 0.390377 0.203808
11.6 0.389981 0.201451
12 0.388926 0.198864
12.4 0.387248 0.196087
12.8 0.38499 0.19316
13.2 0.3822 0.190123
13.6 0.378933 0.187019
14 0.375247 0.183885
14.4 0.3712 0.180758
14.8 0.366856 0.177672
15.2 0.362277 0.174657
15.6 0.357524 0.171738
16 0.352658 0.168937
16.4 0.347738 0.16627
16.8 0.342817 0.163748
17.2 0.337949 0.161376
17.6 0.333178 0.159154
18 0.328549 0.157079
18.4 0.324097 0.155142
18.8 0.319854 0.153331
19.2 0.315847 0.151628
19.6 0.312095 0.150015
20 0.308616 0.14847
20.4 0.305417 0.146971
20.8 0.302505 0.145495
21.2 0.29988 0.144018
21.6 0.297538 0.142517
22 0.295471 0.14097
22.4 0.293669 0.139358
22.8 0.292117 0.137664
23.2 0.2908 0.135872
23.6 0.289698 0.133973
24 0.288793 0.131959
24.4 0.288064 0.129825
24.8 0.287488 0.12757
25.2 0.287046 0.125199
25.6 0.286715 0.122718
26 0.286475 0.120136
26.4 0.286305 0.117466
26.8 0.286187 0.114724
27.2 0.286102 0.111928
27.6 0.286034 0.109094
28 0.285966 0.106245
28.4 0.285886 0.1034
28.8 0.28578 0.10058
29.2 0.285638 0.0978043
29.6 0.285448 0.0950925
30 0.285203 0.0924619
30.4 0.284894 0.0899282
30.8 0.284516 0.0875048
31.2 0.284063 0.0852028
31.6 0.28353 0.0830304
32 0.282914 0.0809931
32.4 0.282211 0.0790936
32.8 0.281418 0.0773314
33.2 0.280533 0.0757035
33.6 0.279554 0.074204
34 0.278479 0.0728247
34.4 0.277306 0.071555
34.8 0.276034 0.0703824
35.2 0.274661 0.0692928
35.6 0.273186 0.0682705
36 0.271606 0.0672993
36.4 0.269921 0.0663621
36.8 0.268129 0.0654416
37.2 0.266229 0.0645205
37.6 0.264218 0.0635823
38 0.262096 0.0626107
38.4 0.259862 0.0615908
38.8 0.257515 0.0605087
39.2 0.255054 0.0593519
39.6 0.252479 0.0581096
40 0.249791 0.0567726
40.4 0.246991 0.0553335
40.8 0.24408 0.0537867
41.2 0.24106 0.0521285
41.6 0.237935 0.0503568
42 0.234709 0.0484715
42.4 0.231386 0.0464742
42.8 0.227973 0.044368
43.2 0.224476 0.0421576
43.6 0.220902 0.0398491
44 0.217262 0.0374499
44.4 0.213563 0.0349689
44.8 0.209816 0.0324156
45.2 0.206033 0.0298011
45.6 0.202226 0.0271369
46 0.198406 0.0244357
46.4 0.194587 0.0217108
46.8 0.190781 0.0189762
47.2 0.187001 0.0162463
47.6 0.183261 0.0135363
48 0.179573 0.0108616
48.4 0.17595 0.00823804
48.8 0.172402 0.00568175
49.2 0.168939 0.00320896
49.6 0.165573 0.000836002
50 0.162309 -0.00142085
50.4 0.159156 -0.0035455
50.8 0.156117 -0.00552216
51.2 0.153197 -0.00733551
51.6 0.150395 -0.00897089
52 0.147713 -0.0104144
52.4 0.145146 -0.0116532
52.8 0.142691 -0.0126757
53.2 0.140342 -0.0134716
53.6 0.138091 -0.0140322
54 0.135928 -0.0143506
54.4 0.133842 -0.0144221
54.8 0.131821 -0.0142437
55.2 0.129852 -0.013815
55.6 0.127921 -0.013138
56 0.126013 -0.0122171
56.4 0.124116 -0.0110593
56.8 0.122214 -0.00967418
57.2 0.120295 -0.00807385
57.6 0.118346 -0.00627295
58 0.116355 -0.0042885
58.4 0.114314 -0.00213973
58.8 0.112214 0.000152063
59.2 0.110049 0.0025638
59.6 0.107817 0.00507086
60 0.105515 0.00764743
60.4 0.103145 0.0102668
60.8 0.10071 0.0129017
61.2 0.0982177 0.0155249
61.6 0.0956758 0.0181092
62 0.0930954 0.0206281
62.4 0.0904895 0.0230562
62.8 0.087873 0.0253695
63.2 0.0852623 0.0275457
63.6 0.0826752 0.0295645
64 0.0801302 0.031408
64.4 0.0776462 0.0330611
64.8 0.0752424 0.0345111
65.2 0.0729375 0.0357486
65.6 0.0707492 0.0367672
66 0.0686943 0.0375633
66.4 0.0667878 0.0381367
66.8 0.0650427 0.03849
67.2 0.0634697 0.0386289
67.6 0.0620767 0.0385615
68 0.0608689 0.0382986
68.4 0.0598484 0.0378533
68.8 0.059014 0.0372404
69.2 0.0583613 0.0364764
69.6 0.0578827 0.0355791
70 0.0575672 0.0345673
70.4 0.0574011 0.03346
70.8 0.0573676 0.0322769
71.2 0.0574475 0.031037
71.6 0.0576192 0.0297591
72 0.0578594 0.0284611
72.4 0.0581433 0.0271597
72.8 0.0584449 0.0258704
73.2 0.058738 0.0246068
73.6 0.0589962 0.0233813
74 0.0591933 0.0222038
74.4 0.0593043 0.0210826
74.8 0.0593055 0.0200241
75.2 0.0591748 0.0190323
75.6 0.0588927 0.0181097
76 0.0584419 0.0172566
76.4 0.0578081 0.016472
76.8 0.0569802 0.0157528
77.2 0.0559504 0.0150951
77.6 0.0547142 0.0144933
78 0.0532708 0.0139413
78.4 0.0516228 0.0134321
78.8 0.0497764 0.012958
79.2 0.047741 0.0125116
79.6 0.0455292 0.012085
80 0.0431564 0.0116706
80.4 0.0406406 0.0112614
80.8 0.0380023 0.0108509
81.2 0.0352635 0.0104331
81.6 0.0324481 0.0100031
82 0.0295808 0.009557
82.4 0.0266869 0.00909167
82.8 0.0237922 0.0086052
83.2 0.0209219 0.00809672
83.6 0.0181011 0.00756643
84 0.0153532 0.00701549
84.4 0.0127009 0.00644602
84.8 0.0101647 0.00586098
85.2 0.00776327 0.00526407
85.6 0.00551311 0.00465961
86 0.00342817 0.00405239
86.4 0.00151985 0.00344756
86.8 -0.000203137 0.00285047
87.2 -0.00173483 0.00226652
87.6 -0.00307201 0.00170105
88 -0.00421411 0.0011592
88.4 -0.0051632 0.000645785
88.8 -0.00592378 0.000165193
89.2 -0.00650262 -0.000278704
89.6 -0.0069086 -0.000682626
90 -0.0071524 -0.00104394
90.4 -0.0072463 -0.00136071
90.8 -0.00720388 -0.00163171
91.2 -0.00703976 -0.00185642
91.6 -0.00676926 -0.00203503
92 -0.00640817 -0.00216842
92.4 -0.00597243 -0.00225807
92.8 -0.00547788 -0.00230608
93.2 -0.00493996 -0.00231504
93.6 -0.00437355 -0.00228799
94 -0.00379268 -0.00222835
94.4 -0.00321038 -0.0021398
94.8 -0.00263852 -0.00202625
95.2 -0.00208767 -0.00189169
95.6 -0.001567 -0.00174018
96 -0.00108424 -0.00157572
96.4 -0.000645606 -0.00140222
96.8 -0.000255797 -0.00122339
97.2 8.19537e-05 -0.00104274
97.6 0.000365857 -0.000863475
98 0.000595485 -0.000688504
98.4 0.000771681 -0.000520388
98.8 0.000896444 -0.000361325
99.2 0.0009728 -0.000213144
99.6 0.00100467 -7.73012e-05
100 0.000996698 4.51123e-05
100.4 0.000954132 0.000153357
100.8 0.000882634 0.000247022
101.2 0.000788144 0.000326005
101.6 0.000676719 0.000390477
102 0.000554395 0.000440852
102.4 0.000427048 0.000477751
102.8 0.000300271 0.00050197
103.2 0.000179266 0.000514438
103.6 6.8749e-05 0.000516191
104 -2.7132e-05 0.000508328
104.4 -0.000104855 0.00049199
104.8 -0.000161571 0.000468326
105.2 -0.000195129 0.000438473
105.6 -0.000204092 0.000403528
106 -0.000187725 0.000364539
106.4 -0.000145978 0.000322483
106.8 -7.94498e-05 0.000278262
107.2 1.06557e-05 0.000232693
107.6 0.000122592 0.000186503
108 0.000254133 0.000140332
108.4 0.00040265 9.47301e-05
108.8 0.000565187 5.01655e-05
109.2 0.000738546 7.02626e-06
109.6 0.000919367 -3.43719e-05
110 0.00110421 -7.37782e-05
110.4 0.00128965 -0.000110999
110.8 0.00147231 -0.000145892
111.2 0.001649 -0.000178355
111.6 0.0018167 -0.000208321
112 0.00197268 -0.000235751
112.4 0.00211452 -0.000260631
112.8 0.00224014 -0.000282962
113.2 0.00234783 -0.00030276
113.6 0.00243629 -0.000320051
114 0.00250461 -0.00033487
114.4 0.00255229 -0.00034726
114.8 0.0025792 -0.000357269
115.2 0.00258559 -0.000364954
115.6 0.00257206 -0.000370376
116 0.00253952 -0.000373605
116.4 0.00248916 -0.00037472
116.8 0.00242239 -0.000373806
117.2 0.00234083 -0.000370961
117.6 0.00224624 -0.00036629
118 0.00214049 -0.00035991
118.4 0.0020255 -0.000351947
118.8 0.0019032 -0.000342538
119.2 0.00177551 -0.000331825
119.6 0.00164428 -0.00031996
120 0.00151126 -0.000307098
120.4 0.00137809 -0.000293398
120.8 0.00124627 -0.000279021
121.2 0.00111711 -0.000264125
121.6 0.000991785 -0.000248864
122 0.000871259 -0.000233387
122.4 0.000756326 -0.000217834
122.8 0.000647597 -0.000202333
123.2 0.000545508 -0.000187002
123.6 0.000450331 -0.000171942
124 0.000362189 -0.000157243
124.4 0.00028107 -0.000142975
124.8 0.000206843 -0.000129195
125.2 0.000139278 -0.000115943
125.6 7.80682e-05 -0.000103244
126 2.28411e-05 -9.11097e-05
126.4 -2.68165e-05 -7.95384e-05
126.8 -7.13452e-05 -6.85171e-05
127.2 -0.000111196 -5.80238e-05
127.6 -0.00014682 -4.8029e-05
128 -0.000178651 -3.84981e-05
128.4 -0.000207104 -2.93933e-05
128.8 -0.000232563 -2.06755e-05
129.2 -0.00025538 -1.23064e-05
129.6 -0.000275867 -4.24986e-06
130 -0.000294305 3.52635e-06
130.4 -0.000310937 1.10498e-05
130.8 -0.000325971 1.83423e-05
131.2 -0.000339592 2.54197e-05
131.6 -0.000351954 3.22914e-05
132 -0.000363197 3.89611e-05
132.4 -0.000373444 4.54264e-05
132.8 -0.000382806 5.16804e-05
133.2 -0.000391394 5.77121e-05
133.6 -0.000399311 6.35076e-05
134 -0.000406664 6.90513e-05
134.4 -0.000413563 7.43273e-05
134.8 -0.000420121 7.93205e-05
135.2 -0.000426451 8.40177e-05
135.6 -0.000432672 8.84089e-05
136 -0.0004389 9.24879e-05
136.4 -0.000445248 9.62534e-05
136.8 -0.000451823 9.97089e-05
137.2 -0.000458719 0.000102863
137.6 -0.000466019 0.000105731
138 -0.000473783 0.000108332
138.4 -0.000482052 0.000110688
138.8 -0.00049084 0.000112828
139.2 -0.000500134 0.000114782
139.6 -0.000509889 0.000116581
140 -0.000520033 0.000118257
140.4 -0.000530462 0.000119842
140.8 -0.000541046 0.000121363
141.2 -0.000551626 0.000122847
141.6 -0.000562021 0.000124313
142 -0.000572036 0.000125778
142.4 -0.000581457 0.000127248
142.8 -0.000590068 0.000128727
143.2 -0.000597648 0.000130206
143.6 -0.000603984 0.000131673
144 -0.000608873 0.000133106
144.4 -0.000612129 0.000134476
144.8 -0.00061359 0.000135748
145.2 -0.000613121 0.000136882
145.6 -0.00061062 0.000137832
146 -0.000606019 0.000138551
146.4 -0.000599285 0.000138989
146.8 -0.000590426 0.000139097
147.2 -0.000579486 0.000138827
147.6 -0.000566542 0.000138134
148 -0.000551709 0.00013698
148.4 -0.000535127 0.00013533
148.8 -0.000516965 0.000133159
149.2 -0.000497409 0.00013045
149.6 -0.00047666 0.000127195
150 -0.000454928 0.000123398
150.4 -0.000432426 0.000119071
150.8 -0.000409363 0.00011424
151.2 -0.000385938 0.000108938
151.6 -0.000362338 0.000103211
152 -0.000338729 9.71118e-05
152.4 -0.000315257 9.07032e-05
152.8 -0.000292044 8.40537e-05
153.2 -0.000269184 7.72378e-05
153.6 -0.000246747 7.03338e-05
154 -0.000224775 6.34221e-05
154.4 -0.000203287 5.65837e-05
154.8 -0.000182278 4.98983e-05
155.2 -0.000161727 4.34428e-05
155.6 -0.000141597 3.72891e-05
156 -0.000121838 3.15036e-05
156.4 -0.000102397 2.61448e-05
156.8 -8.32188e-05 2.12631e-05
157.2 -6.42514e-05 1.68994e-05
157.6 -4.54506e-05 1.30843e-05
158 -2.67842e-05 9.83838e-06
158.4 -8.2348e-06 7.17127e-06
158.8 1.0197e-05 5.08228e-06
159.2 2.8491e-05 3.56056e-06
159.6 4.66067e-05 2.58572e-06
160 6.44831e-05 2.12858e-06
160.4 8.20394e-05 2.15218e-06
160.8 9.91773e-05 2.61288e-06
161.2 0.000115783 3.46156e-06
161.6 0.000131732 4.64494e-06
162 0.000146889 6.1069e-06
162.4 0.000161119 7.78984e-06
162.8 0.000174285 9.63597e-06
163.2 0.000186256 1.15886e-05
163.6 0.000196911 1.35931e-05
164 0.000206146 1.55984e-05
164.4 0.000213873 1.75571e-05
164.8 0.000220024 1.94271e-05
165.2 0.000224559 2.11716e-05
165.6 0.000227463 2.27595e-05
166 0.000228746 2.4166e-05
166.4 0.000228448 2.53723e-05
166.8 0.000226634 2.63658e-05
167.2 0.000223393 2.71397e-05
167.6 0.000218839 2.76927e-05
168 0.000213103 2.80284e-05
168.4 0.000206332 2.81552e-05
168.8 0.000198684 2.80851e-05
169.2 0.000190324 2.78334e-05
169.6 0.00018142 2.7418e-05
170 0.000172136 2.68587e-05
170.4 0.000162629 2.61765e-05
170.8 0.000153046 2.53929e-05
171.2 0.000143518 2.45298e-05
171.6 0.00013416 2.36081e-05
172 0.000125064 2.26482e-05
172.4 0.000116303 2.16691e-05
172.8 0.000107924 2.06881e-05
173.2 9.99547e-05 1.97208e-05
173.6 9.23987e-05 1.87808e-05
174 8.524e-05 1.78799e-05
174.4 7.84445e-05 1.70276e-05
174.8 7.19629e-05 1.62314e-05
175.2 6.57336e-05 1.54971e-05
175.6 5.96871e-05 1.48286e-05
176 5.37492e-05 1.4228e-05
176.4 4.78451e-05 1.36961e-05
176.8 4.19035e-05 1.32323e-05
177.2 3.58598e-05 1.28347e-05
177.6 2.96595e-05 1.25007e-05
178 2.32609e-05 1.22265e-05
178.4 1.66376e-05 1.20079e-05
178.8 9.77956e-06 1.18399e-05
179.2 2.69451e-06 1.17171e-05
179.6 -4.59229e-06 1.16338e-05
180 -1.20383e-05 1.15838e-05
180.4 -1.95852e-05 1.1561e-05
180.8 -2.71602e-05 1.15587e-05
181.2 -3.4679e-05 1.15705e-05
181.6 -4.20481e-05 1.15898e-05
182 -4.91681e-05 1.161e-05
182.4 -5.59373e-05 1.16246e-05
182.8 -6.22548e-05 1.16273e-05
183.2 -6.80241e-05 1.16122e-05
183.6 -7.31564e-05 1.15734e-05
184 -7.75734e-05 1.15058e-05
184.4 -8.12101e-05 1.14047e-05
184.8 -8.40171e-05 1.12659e-05
185.2 -8.59618e-05 1.10864e-05
185.6 -8.70298e-05 1.08636e-05
186 -8.72252e-05 1.05962e-05
186.4 -8.65705e-05 1.02837e-05
186.8 -8.51058e-05 9.92699e-06
187.2 -8.28874e-05 9.52786e-06
187.6 -7.99862e-05 9.08933e-06
188 -7.64851e-05 8.61554e-06
188.4 -7.2477e-05 8.1117e-06
188.8 -6.80612e-05 7.58397e-06
189.2 -6.33411e-05 7.03937e-06
189.6 -5.8421e-05 6.48561e-06
190 -5.34031e-05 5.9309e-06
190.4 -4.83848e-05 5.38373e-06
190.8 -4.34564e-05 4.85266e-06
191.2 -3.86988e-05 4.34605e-06
191.6 -3.41819e-05 3.87185e-06
192 -2.9963e-05 3.43729e-06
192.4 -2.60866e-05 3.04872e-06
192.8 -2.25835e-05 2.71135e-06
193.2 -1.94711e-05 2.42906e-06
193.6 -1.67544e-05 2.20428e-06
194 -1.44265e-05 2.03786e-06
194.4 -1.24704e-05 1.92897e-06
194.8 -1.08601e-05 1.87516e-06
195.2 -9.5632e-06 1.87234e-06
195.6 -8.54233e-06 1.91489e-06
196 -7.75741e-06 1.99579e-06
196.4 -7.16762e-06 2.10682e-06
196.8 -6.7333e-06 2.23879e-06
197.2 -6.4176e-06 2.38179e-06
197.6 -6.18802e-06 2.52552e-06
198 -6.01747e-06 2.65956e-06
198.4 -5.88521e-06 2.77371e-06
198.8 -5.77723e-06 2.85833e-06
199.2 -5.68645e-06 2.90462e-06
199.6 -5.61248e-06 2.90492e-06
200 -5.56107e-06 2.85296e-06
200.4 -5.54329e-06 2.74408e-06
200.8 -5.57449e-06 2.57537e-06
201.2 -5.67299e-06 2.34583e-06
201.6 -5.85877e-06 2.05637e-06
202 -6.152e-06 1.70983e-06
202.4 -6.57163e-06 1.3109e-06
202.8 -7.13403e-06 8.65988e-07
203.2 -7.85182e-06 3.83064e-07
203.6 -8.73276e-06 -1.28606e-07
204 -9.77903e-06 -6.5872e-07
204.4 -1.09866e-05 -1.19625e-06
204.8 -1.23452e-05 -1.72976e-06
205.2 -1.3838e-05 -2.24778e-06
205.6 -1.54422e-05 -2.73912e-06
206 -1.71298e-05 -3.19323e-06
206.4 -1.88679e-05 -3.60048e-06
206.8 -2.06203e-05 -3.95249e-06
207.2 -2.23488e-05 -4.24234e-06
207.6 -2.40139e-05 -4.46477e-06
208 -2.55771e-05 -4.61632e-06
208.4 -2.70014e-05 -4.69545e-06
208.8 -2.82535e-05 -4.7025e-06
209.2 -2.93045e-05 -4.63971e-06
209.6 -3.01312e-05 -4.51111e-06
210 -3.07169e-05 -4.32236e-06
210.4 -3.10522e-05 -4.08055e-06
210.8 -3.1135e-05 -3.79397e-06
211.2 -3.09711e-05 -3.47186e-06
211.6 -3.05735e-05 -3.12406e-06
212 -2.99622e-05 -2.76074e-06
212.4 -2.91636e-05 -2.39206e-06
212.8 -2.82092e-05 -2.0279e-06
213.2 -2.71346e-05 -1.67754e-06
213.6 -2.59783e-05 -1.34939e-06
214 -2.47804e-05 -1.05079e-06
214.4 -2.35807e-05 -7.87818e-07
214.8 -2.24179e-05 -5.6513e-07
215.2 -2.13279e-05 -3.85893e-07
215.6 -2.03425e-05 -2.5174e-07
216 -1.94887e-05 -1.62783e-07
216.4 -1.87875e-05 -1.17683e-07
216.8 -1.82535e-05 -1.1376e-07
217.2 -1.78943e-05 -1.47142e-07
217.6 -1.77106e-05 -2.12956e-07
218 -1.76962e-05 -3.05541e-07
218.4 -1.78387e-05 -4.18679e-07
218.8 -1.81196e-05 -5.45835e-07
219.2 -1.85157e-05 -6.80404e-07
219.6 -1.9e-05 -8.15944e-07
220 -1.95425e-05 -9.46388e-07
220.4 -2.0112e-05 -1.06625e-06
220.8 -2.06768e-05 -1.17077e-06
221.2 -2.12064e-05 -1.25607e-06
221.6 -2.16726e-05 -1.31922e-06
222 -2.20504e-05 -1.35831e-06
222.4 -2.23191e-05 -1.37243e-06
222.8 -2.2463e-05 -1.36167e-06
223.2 -2.2472e-05 -1.32703e-06
223.6 -2.23417e-05 -1.27033e-06
224 -2.20739e-05 -1.19409e-06
224.4 -2.16759e-05 -1.10136e-06
224.8 -2.11606e-05 -9.95552e-07
225.2 -2.05454e-05 -8.8029e-07
225.6 -1.98522e-05 -7.59214e-07
226 -1.91055e-05 -6.35826e-07
226.4 -1.8332e-05 -5.13324e-07
226.8 -1.75595e-05 -3.94479e-07
227.2 -1.68156e-05 -2.81516e-07
227.6 -1.61263e-05 -1.76038e-07
228 -1.55158e-05 -7.89729e-08
228.4 -1.50045e-05 9.4429e-09
228.8 -1.46093e-05 8.96497e-08
229.2 -1.43419e-05 1.62718e-07
229.6 -1.42093e-05 2.30272e-07
230 -1.42129e-05 2.94392e-07
230.4 -1.43489e-05 3.57491e-07
230.8 -1.46083e-05 4.22181e-07
231.2 -1.49772e-05 4.91128e-07
231.6 -1.54377e-05 5.66906e-07
232 -1.59682e-05 6.51853e-07
232.4 -1.65447e-05 7.47944e-07
232.8 -1.71414e-05 8.56667e-07
233.2 -1.7732e-05 9.78933e-07
233.6 -1.82902e-05 1.115e-06
234 -1.87913e-05 1.26445e-06
234.4 -1.92129e-05 1.42613e-06
234.8 -1.95355e-05 1.59823e-06
235.2 -1.97433e-05 1.77828e-06
235.6 -1.98249e-05 1.96326e-06
236 -1.97736e-05 2.14968e-06
236.4 -1.95874e-05 2.33372e-06
236.8 -1.92692e-05 2.51133e-06
237.2 -1.88264e-05 2.67844e-06
237.6 -1.82706e-05 2.83104e-06
238 -1.76172e-05 2.96542e-06
238.4 -1.68846e-05 3.07823e-06
238.8 -1.60933e-05 3.16666e-06
239.2 -1.52654e-05 3.22854e-06
239.6 -1.44233e-05 3.26243e-06
240 -1.35891e-05 3.2677e-06
240.4 -1.27837e-05 3.24455e-06
240.8 -1.20259e-05 3.19399e-06
241.2 -1.13317e-05 3.11788e-06
241.6 -1.07139e-05 3.0188e-06
242 -1.01814e-05 2.90003e-06
242.4 -9.7393e-06 2.76538e-06
242.8 -9.38834e-06 2.61913e-06
243.2 -9.12529e-06 2.46581e-06
243.6 -8.94306e-06 2.3101e-06
244 -8.83105e-06 2.15666e-06
244.4 -8.77572e-06 2.00996e-06
244.8 -8.76118e-06 1.87412e-06
245.2 -8.7699e-06 1.75283e-06
245.6 -8.78349e-06 1.64914e-06
246 -8.78345e-06 1.56545e-06
246.4 -8.75202e-06 1.50338e-06
246.8 -8.67286e-06 1.46377e-06
247.2 -8.53177e-06 1.44664e-06
247.6 -8.31726e-06 1.45123e-06
248 -8.021e-06 1.47599e-06
248.4 -7.63819e-06 1.51876e-06
248.8 -7.16771e-06 1.57675e-06
249.2 -6.61219e-06 1.64674e-06
249.6 -5.97786e-06 1.72517e-06
250 -5.27433e-06 1.8083e-06
250.4 -4.51417e-06 1.89234e-06
250.8 -3.71242e-06 1.97363e-06
251.2 -2.88597e-06 2.04873e-06
251.6 -2.0529e-06 2.11459e-06
252 -1.23179e-06 2.16861e-06
252.4 -4.40943e-07 2.2088e-06
252.8 3.02268e-07 2.23377e-06
253.2 9.82106e-07 2.24282e-06
253.6 1.58504e-06 2.23592e-06
254 2.10028e-06 2.21371e-06
254.4 2.5201e-06 2.17746e-06
254.8 2.84018e-06 2.12899e-06
255.2 3.05969e-06 2.07058e-06
255.6 3.18129e-06 2.00489e-06
256 3.21097e-06 1.93479e-06
256.4 3.15781e-06 1.86329e-06
256.8 3.03354e-06 1.79336e-06
257.2 2.85207e-06 1.72783e-06
257.6 2.62892e-06 1.66927e-06
258 2.38058e-06 1.61986e-06
258.4 2.12385e-06 1.58129e-06
258.8 1.87517e-06 1.55473e-06
259.2 1.65001e-06 1.54074e-06
259.6 1.46224e-06 1.53927e-06
260 1.32361e-06 1.54963e-06
260.4 1.24334e-06 1.57055e-06
260.8 1.22778e-06 1.60021e-06
261.2 1.28019e-06 1.63632e-06
261.6 1.4007e-06 1.67622e-06
262 1.58629e-06 1.71695e-06
262.4 1.83102e-06 1.75543e-06
262.8 2.12627e-06 1.78854e-06
263.2 2.46116e-06 1.81326e-06
263.6 2.823e-06 1.82681e-06
264 3.19783e-06 1.82673e-06
264.4 3.57103e-06 1.81101e-06
264.8 3.92789e-06 1.77818e-06
265.2 4.25426e-06 1.72735e-06
265.6 4.53706e-06 1.65827e-06
266 4.76486e-06 1.57135e-06
266.4 4.92829e-06 1.46765e-06
266.8 5.02044e-06 1.34882e-06
267.2 5.03711e-06 1.21711e-06
267.6 4.97695e-06 1.07522e-06
268 4.84152e-06 9.26251e-07
268.4 4.63521e-06 7.7357e-07
268.8 4.36503e-06 6.20708e-07
269.2 4.04033e-06 4.7122e-07
269.6 3.67242e-06 3.28565e-07
270 3.27411e-06 1.95977e-07
270.4 2.85918e-06 7.63502e-08
270.8 2.44189e-06 -2.78591e-08
271.2 2.03634e-06 -1.14722e-07
271.6 1.65601e-06 -1.82901e-07
272 1.31317e-06 -2.31694e-07
272.4 1.01846e-06 -2.61052e-07
272.8 7.80494e-07 -2.71576e-07
273.2 6.05529e-07 -2.64487e-07
273.6 4.97279e-07 -2.41574e-07
274 4.56795e-07 -2.05119e-07
274.4 4.82465e-07 -1.57813e-07
274.8 5.70121e-07 -1.02642e-07
275.2 7.13241e-07 -4.27799e-08
275.6 9.03248e-07 1.8537e-08
276 1.12988e-06 7.81293e-08
276.4 1.38165e-06 1.32994e-07
276.8 1.64627e-06 1.80414e-07
277.2 1.91124e-06 2.18055e-07
277.6 2.16429e-06 2.44052e-07
278 2.3939e-06 2.57067e-07
278.4 2.58977e-06 2.56334e-07
278.8 2.74321e-06 2.41682e-07
279.2 2.84745e-06 2.13526e-07
279.6 2.89797e-06 1.72846e-07
280 2.89258e-06 1.21139e-07
280.4 2.83151e-06 6.03522e-08
280.8 2.7174e-06 -7.20059e-09
281.2 2.55515e-06 -7.89339e-08
281.6 2.35168e-06 -1.52097e-07
282 2.11566e-06 -2.23883e-07
282.4 1.85713e-06 -2.91544e-07
282.8 1.58707e-06 -3.52495e-07
283.2 1.31694e-06 -4.04419e-07
283.6 1.05823e-06 -4.45351e-07
284 8.2195e-07 -4.73757e-07
284.4 6.18234e-07 -4.88589e-07
284.8 4.55885e-07 -4.89319e-07
285.2 3.42042e-07 -4.75962e-07
285.6 2.81892e-07 -4.49066e-07
286 2.78469e-07 -4.09688e-07
286.4 3.32534e-07 -3.59348e-07
286.8 4.42551e-07 -2.99967e-07
287.2 6.04755e-07 -2.33789e-07
287.6 8.13313e-07 -1.6329e-07
288 1.06055e-06 -9.10799e-08
288.4 1.33728e-06 -1.98012e-08
288.8 1.63314e-06 4.79745e-08
289.2 1.93706e-06 1.09845e-07
289.6 2.23762e-06 1.63671e-07
290 2.52358e-06 2.07652e-07
290.4 2.78427e-06 2.40398e-07
290.8 3.01004e-06 2.60974e-07
291.2 3.19259e-06 2.68934e-07
291.6 3.32533e-06 2.64334e-07
292 3.40358e-06 2.4772e-07
292.4 3.42479e-06 2.20106e-07
292.8 3.38858e-06 1.82924e-07
293.2 3.29677e-06 1.37965e-07
293.6 3.15327e-06 8.73061e-08
294 2.96393e-06 3.32232e-08
294.4 2.73627e-06 -2.1901e-08
294.8 2.47919e-06 -7.56714e-08
295.2 2.20259e-06 -1.25776e-07
295.6 1.917e-06 -1.70078e-07
296 1.63315e-06 -2.06694e-07
296.4 1.36152e-06 -2.34075e-07
296.8 1.11196e-06 -2.51054e-07
297.2 8.93305e-07 -2.56898e-07
297.6 7.13029e-07 -2.51328e-07
298 5.76959e-07 -2.34529e-07
298.4 4.89067e-07 -2.07135e-07
298.8 4.51329e-07 -1.70204e-07
299.2 4.63667e-07 -1.2517e-07
299.6 5.23966e-07 -7.3784e-08
300 6.28182e-07 -1.80419e-08
300.4 7.70516e-07 3.98975e-08
300.8 9.43662e-07 9.77989e-08
301.2 1.13911e-06 1.5344e-07
301.6 1.34749e-06 2.04698e-07
302 1.55896e-06 2.49637e-07
302.4 1.7636e-06 2.8658e-07
302.8 1.95179e-06 3.14174e-07
303.2 2.11461e-06 3.31443e-07
303.6 2.2442e-06 3.37823e-07
304 2.33403e-06 3.33181e-07
304.4 2.37916e-06 3.17819e-07
304.8 2.37644e-06 2.92457e-07
305.2 2.32463e-06 2.58204e-07
305.6 2.2244e-06 2.16511e-07
306 2.07831e-06 1.69108e-07
306.4 1.89073e-06 1.17941e-07
306.8 1.6676e-06 6.50838e-08
307.2 1.4162e-06 1.26654e-08
307.6 1.14491e-06 -3.72215e-08
308 8.62783e-07 -8.26e-08
308.4 5.79273e-07 -1.21687e-07
308.8 3.03809e-07 -1.52962e-07
309.2 4.54491e-08 -1.75227e-07
309.6 -1.87473e-07 -1.87647e-07
310 -3.87666e-07 -1.89787e-07
310.4 -5.49154e-07 -1.81623e-07
310.8 -6.67493e-07 -1.63539e-07
311.2 -7.39935e-07 -1.36311e-07
311.6 -7.6551e-07 -1.01075e-07
312 -7.45046e-07 -5.92777e-08
312.4 -6.81119e-07 -1.26166e-08
312.8 -5.77928e-07 3.7026e-08
313.2 -4.41114e-07 8.76604e-08
313.6 -2.77517e-07 1.37269e-07
314 -9.49006e-08 1.83884e-07
314.4 9.83748e-08 2.25668e-07
314.8 2.93682e-07 2.60983e-07
315.2 4.82475e-07 2.88458e-07
315.6 6.56624e-07 3.07036e-07
316 8.08733e-07 3.16018e-07
316.4 9.32426e-07 3.15087e-07
316.8 1.02259e-06 3.0432e-07
317.2 1.07554e-06 2.8418e-07
317.6 1.08921e-06 2.55498e-07
318 1.06313e-06 2.19437e-07
318.4 9.98505e-07 1.77446e-07
318.8 8.98089e-07 1.31198e-07
319.2 7.66096e-07 8.25272e-08
319.6 6.07993e-07 3.33522e-08
320 4.30274e-07 -1.43979e-08
320.4 2.40184e-07 -5.88598e-08
320.8 4.54246e-08 -9.83092e-08
321.2 -1.4617e-07 -1.31228e-07
321.6 -3.26943e-07 -1.56362e-07
322 -4.89729e-07 -1.72769e-07
322.4 -6.28134e-07 -1.79857e-07
322.8 -7.36792e-07 -1.77399e-07
323.2 -8.11573e-07 -1.65547e-07
323.6 -8.49737e-07 -1.4482e-07
324 -8.50038e-07 -1.16083e-07
324.4 -8.12766e-07 -8.05094e-08
324.8 -7.39717e-07 -3.95367e-08
325.2 -6.34122e-07 5.19391e-09
325.6 -5.00497e-07 5.19018e-08
326 -3.44464e-07 9.87377e-08
326.4 -1.72511e-07 1.43856e-07
326.8 8.26713e-09 1.85487e-07
327.2 1.90459e-07 2.22006e-07
327.6 3.66632e-07 2.51994e-07
328 5.29631e-07 2.74295e-07
328.4 6.72858e-07 2.88056e-07
328.8 7.90535e-07 2.92762e-07
329.2 8.77924e-07 2.8825e-07
329.6 9.3151e-07 2.74715e-07
330 9.49135e-07 2.52702e-07
330.4 9.30068e-07 2.23078e-07
330.8 8.75029e-07 1.87e-07
331.2 7.86149e-07 1.45866e-07
331.6 6.66872e-07 1.01258e-07
332 5.21814e-07 5.48818e-08
332.4 3.56567e-07 8.49655e-09
332.8 1.77472e-07 -3.6152e-08
333.2 -8.63646e-09 -7.74003e-08
333.6 -1.9471e-07 -1.13731e-07
334 -3.73763e-07 -1.43832e-07
334.4 -5.39149e-07 -1.66642e-07
334.8 -6.84825e-07 -1.81397e-07
335.2 -8.05582e-07 -1.87651e-07
335.6 -8.97246e-07 -1.85292e-07
336 -9.56836e-07 -1.74546e-07
336.4 -9.82674e-07 -1.55964e-07
336.8 -9.74433e-07 -1.30397e-07
337.2 -9.33148e-07 -9.89583e-08
337.6 -8.61157e-07 -6.29818e-08
338 -7.61998e-07 -2.39636e-08
338.4 -6.40259e-07 1.64968e-08
338.8 -5.01387e-07 5.67601e-08
339.2 -3.51457e-07 9.52132e-08
339.6 -1.96935e-07 1.30331e-07
340 -4.44058e-08 1.60739e-07
340.4 9.96838e-08 1.85262e-07
340.8 2.29286e-07 2.02972e-07
341.2 3.38987e-07 2.13222e-07
341.6 4.24224e-07 2.15669e-07
342 4.81456e-07 2.10287e-07
342.4 5.08302e-07 1.97362e-07
342.8 5.03626e-07 1.7748e-07
343.2 4.67572e-07 1.51503e-07
343.6 4.01554e-07 1.2053e-07
344 3.08188e-07 8.58532e-08
344.4 1.91176e-07 4.89042e-08
344.8 5.51581e-08 1.1197e-08
345.2 -9.44857e-08 -2.57333e-08
345.6 -2.51852e-07 -6.03917e-08
346 -4.10754e-07 -9.13823e-08
346.4 -5.6497e-07 -1.17463e-07
346.8 -7.08493e-07 -1.37595e-07
347.2 -8.35769e-07 -1.50982e-07
347.6 -9.41913e-07 -1.571e-07
348 -1.0229e-06 -1.55716e-07
348.4 -1.07574e-06 -1.46898e-07
348.8 -1.09854e-06 -1.3101e-07
349.2 -1.09064e-06 -1.08694e-07
349.6 -1.05258e-06 -8.08431e-08
350 -9.86087e-07 -4.85678e-08
350.4 -8.94017e-07 -1.31479e-08
350.8 -7.80211e-07 2.40179e-08
351.2 -6.49347e-07 6.14678e-08
351.6 -5.0675e-07 9.77355e-08
352 -3.58177e-07 1.31408e-07
352.4 -2.09584e-07 1.61181e-07
352.8 -6.68899e-08 1.85909e-07
353.2 6.42552e-08 2.04651e-07
353.6 1.78694e-07 2.16706e-07
354 2.71964e-07 2.2164e-07
354.4 3.40465e-07 2.19298e-07
354.8 3.816e-07 2.09814e-07
355.2 3.93868e-07 1.93599e-07
355.6 3.7692e-07 1.71328e-07
356 3.31559e-07 1.43908e-07
356.4 2.59705e-07 1.12442e-07
356.8 1.6431e-07 7.81851e-08
357.2 4.92329e-08 4.24949e-08
357.6 -8.09192e-08 6.77516e-09
358 -2.20977e-07 -2.75778e-08
358.4 -3.6542e-07 -5.92309e-08
358.8 -5.08595e-07 -8.69658e-08
359.2 -6.44942e-07 -1.09726e-07
359.6 -7.69213e-07 -1.2666e-07
360 -8.76678e-07 -1.37147e-07
360.4 -9.63305e-07 -1.40828e-07
360.8 -1.02592e-06 -1.37613e-07
361.2 -1.06232e-06 -1.27683e-07
361.6 -1.07136e-06 -1.11483e-07
362 -1.05298e-06 -8.97028e-08
362.4 -1.00822e-06 -6.32458e-08
362.8 -9.3912e-07 -3.31941e-08
363.2 -8.48705e-07 -7.63943e-10
363.6 -7.408e-07 3.27431e-08
364 -6.19894e-07 6.5992e-08
364.4 -4.90951e-07 9.76673e-08
364.8 -3.59216e-07 1.26525e-07
365.2 -2.29997e-07 1.5144e-07
365.6 -1.08457e-07 1.71451e-07
366 5.88639e-10 1.85799e-07
366.4 9.28638e-08 1.93951e-07
366.8 1.64796e-07 1.95624e-07
367.2 2.13653e-07 1.90794e-07
367.6 2.37647e-07 1.79694e-07
368 2.35996e-07 1.62801e-07
368.4 2.08949e-07 1.40822e-07
368.8 1.57769e-07 1.14658e-07
369.2 8.4674e-08 8.53715e-08
369.6 -7.25734e-09 5.41403e-08
370 -1.14214e-07 2.22127e-08
370.4 -2.31812e-07 -9.14339e-09
370.8 -3.55269e-07 -3.86908e-08
371.2 -4.796e-07 -6.52717e-08
371.6 -5.99819e-07 -8.78526e-08
372 -7.11131e-07 -1.05565e-07
372.4 -8.09131e-07 -1.17738e-07
372.8 -8.89966e-07 -1.23924e-07
373.2 -9.50493e-07 -1.23915e-07
373.6 -9.88396e-07 -1.17752e-07
374 -1.00227e-06 -1.05715e-07
374.4 -9.91676e-07 -8.83176e-08
374.8 -9.57146e-07 -6.62824e-08
375.2 -9.00161e-07 -4.05109e-08
375.6 -8.23081e-07 -1.20472e-08
376 -7.29048e-07 1.79637e-08
376.4 -6.21853e-07 4.83224e-08
376.8 -5.05786e-07 7.78223e-08
377.2 -3.85456e-07 1.05298e-07
377.6 -2.6561e-07 1.29669e-07
378 -1.50941e-07 1.49987e-07
378.4 -4.59039e-08 1.65465e-07
378.8 4.54605e-08 1.75515e-07
379.2 1.19684e-07 1.79764e-07
379.6 1.74005e-07 1.78072e-07
380 2.0647e-07 1.70533e-07
380.4 2.16011e-07 1.57473e-07
380.8 2.02475e-07 1.39431e-07
381.2 1.66632e-07 1.17143e-07
381.6 1.10128e-07 9.15054e-08
382 3.54216e-08 6.35427e-08
382.4 -5.43238e-08 3.43647e-08
382.8 -1.5537e-07 5.12259e-09
383.2 -2.63556e-07 -2.30367e-08
383.6 -3.74469e-07 -4.90159e-08
384 -4.83617e-07 -7.18106e-08
384.4 -5.86616e-07 -9.0548e-08
384.8 -6.79354e-07 -1.04521e-07
385.2 -7.58163e-07 -1.13214e-07
385.6 -8.19954e-07 -1.16324e-07
386 -8.62342e-07 -1.13769e-07
386.4 -8.8373e-07 -1.05694e-07
386.8 -8.83375e-07 -9.24579e-08
387.2 -8.61405e-07 -7.46223e-08
387.6 -8.18812e-07 -5.29275e-08
388 -7.57407e-07 -2.82613e-08
388.4 -6.79739e-07 -1.62335e-09
388.8 -5.88991e-07 2.59148e-08
389.2 -4.8885e-07 5.32527e-08
389.6 -3.83356e-07 7.93045e-08
390 -2.76735e-07 1.03042e-07
390.4 -1.73235e-07 1.23535e-07
390.8 -7.6954e-08 1.39987e-07
391.2 8.32253e-09 1.51765e-07
391.6 7.92707e-08 1.58428e-07
392 1.33157e-07 1.59737e-07
392.4 1.67945e-07 1.55667e-07
392.8 1.82371e-07 1.46406e-07
393.2 1.75988e-07 1.32347e-07
393.6 1.49183e-07 1.1407e-07
394 1.03154e-07 9.2318e-08
394.4 3.98569e-08 6.79674e-08
394.8 -3.80761e-08 4.19926e-08
395.2 -1.27445e-07 1.54261e-08
395.6 -2.24612e-07 -1.06818e-08
396 -3.25652e-07 -3.53055e-08
396.4 -4.26505e-07 -5.74837e-08
396.8 -5.23143e-07 -7.63578e-08
397.2 -6.11727e-07 -9.12047e-08
397.6 -6.88761e-07 -1.01465e-07
398 -7.51226e-07 -1.06763e-07
398.4 -7.96699e-07 -1.06924e-07
398.8 -8.23444e-07 -1.01974e-07
399.2 -8.30478e-07 -9.21438e-08
399.6 -8.17605e-07 -7.7855e-08
400 -7.8542e-07 -5.9703e-08
