-0.498 1.09295 0.78806
-0.496 1.33941 0.822549
-0.494 1.53785 0.841632
-0.492 1.67932 0.843623
-0.49 1.75743 0.827439
-0.488 1.76868 0.792674
-0.486 1.7126 0.739636
-0.484 1.59177 0.669354
-0.482 1.41165 0.583547
-0.48 1.1804 0.48457
-0.478 0.908406 0.375316
-0.476 0.607812 0.259106
-0.474 0.291951 0.139546
-0.472 -0.0252919 0.0203814
-0.47 -0.330132 -0.0946666
-0.468 -0.609523 -0.202056
-0.466 -0.851759 -0.298575
-0.464 -1.047 -0.381476
-0.462 -1.18773 -0.448591
-0.46 -1.26904 -0.498413
-0.458 -1.28885 -0.530156
-0.456 -1.24796 -0.543775
-0.454 -1.14995 -0.53995
-0.452 -1.00097 -0.520043
-0.45 -0.809403 -0.486021
-0.448 -0.585397 -0.440346
-0.446 -0.34036 -0.385855
-0.444 -0.0863644 -0.325615
-0.442 0.164457 -0.262776
-0.44 0.400512 -0.200414
-0.438 0.611318 -0.141396
-0.436 0.788 -0.0882406
-0.434 0.9237 -0.0430155
-0.432 1.01388 -0.00724723
-0.43 1.0565 0.0181328
-0.428 1.05204 0.0328123
-0.426 1.00345 0.0370896
-0.424 0.915878 0.0318333
-0.422 0.796354 0.0184123
-0.42 0.653361 -0.00139882
-0.418 0.496316 -0.0255356
-0.416 0.335018 -0.0517726
-0.414 0.179078 -0.0778595
-0.412 0.037365 -0.101657
-0.41 -0.0824983 -0.121265
-0.408 -0.174572 -0.135135
-0.406 -0.234937 -0.142167
-0.404 -0.261911 -0.14177
-0.402 -0.256152 -0.133906
-0.4 -0.220612 -0.119095
-0.398 -0.160371 -0.0983845
-0.396 -0.0823495 -0.0732978
-0.394 0.00509298 -0.0457452
-0.392 0.0926374 -0.0179158
-0.39 0.17055 0.00785029
-0.388 0.229255 0.0292009
-0.386 0.259914 0.043915
-0.384 0.254971 0.050042
-0.382 0.208641 0.0460301
-0.38 0.117315 0.0308362
-0.378 -0.0201415 0.00401119
-0.376 -0.202219 -0.0342442
-0.374 -0.424725 -0.0830571
-0.372 -0.680885 -0.140895
-0.37 -0.961586 -0.205612
-0.368 -1.25574 -0.274531
-0.366 -1.55077 -0.344557
-0.364 -1.83318 -0.412306
-0.362 -2.08918 -0.474267
-0.36 -2.30535 -0.526961
-0.358 -2.46933 -0.567117
-0.356 -2.57043 -0.591827
-0.354 -2.60021 -0.598704
-0.352 -2.55293 -0.586009
-0.35 -2.42594 -0.552752
-0.348 -2.21986 -0.498765
-0.346 -1.93867 -0.424733
-0.344 -1.58957 -0.332189
-0.342 -1.18277 -0.223469
-0.34 -0.73105 -0.101634
-0.338 -0.249274 0.0296528
-0.336 0.246281 0.166267
-0.334 0.738608 0.30379
-0.332 1.21072 0.437697
-0.33 1.6464 0.563542
-0.328 2.03091 0.677145
-0.326 2.35166 0.774775
-0.324 2.59875 0.8533
-0.322 2.76538 0.910326
-0.32 2.84816 0.944287
-0.318 2.8472 0.954515
-0.316 2.76608 0.941251
-0.314 2.61164 0.905632
-0.312 2.39361 0.849625
-0.31 2.1241 0.775931
-0.308 1.81701 0.687849
-0.306 1.48734 0.589122
-0.304 1.15044 0.483761
-0.302 0.821275 0.375852
-0.3 0.513697 0.269379
-0.298 0.239807 0.168036
-0.296 0.00938265 0.0750699
-0.294 -0.170554 -0.00685666
-0.292 -0.296034 -0.0757716
-0.29 -0.36627 -0.130462
-0.288 -0.383638 -0.170504
-0.286 -0.353478 -0.196251
-0.284 -0.283759 -0.208788
-0.282 -0.184603 -0.209839
-0.28 -0.0676995 -0.201656
-0.278 0.0543528 -0.186873
-0.276 0.168757 -0.16835
-0.274 0.263234 -0.149003
-0.272 0.32671 -0.131638
-0.27 0.349945 -0.11879
-0.268 0.326065 -0.112585
-0.266 0.250971 -0.114622
-0.264 0.123607 -0.125884
-0.262 -0.0539328 -0.146691
-0.26 -0.276458 -0.176683
-0.258 -0.535902 -0.214844
-0.256 -0.821696 -0.259561
-0.254 -1.12128 -0.308722
-0.252 -1.42071 -0.359831
-0.25 -1.70539 -0.410156
-0.248 -1.96079 -0.456883
-0.246 -2.17326 -0.497282
-0.244 -2.3307 -0.528861
-0.242 -2.4233 -0.549519
-0.24 -2.44409 -0.55767
-0.238 -2.38936 -0.552346
-0.236 -2.259 -0.533267
-0.234 -2.05658 -0.500868
-0.232 -1.78932 -0.456296
-0.23 -1.4678 -0.401364
-0.228 -1.10557 -0.338464
-0.226 -0.718542 -0.270455
-0.224 -0.324272 -0.200516
-0.222 0.0588573 -0.131981
-0.22 0.412534 -0.068165
-0.218 0.719421 -0.0121811
-0.216 0.964043 0.0332284
-0.214 1.1336 0.0658516
-0.212 1.21869 0.0841382
-0.21 1.21382 0.0873013
-0.208 1.11784 0.0753805
-0.206 0.93406 0.0492643
-0.204 0.670261 0.010669
-0.202 0.338388 -0.0379249
-0.2 -0.0458905 -0.0933768
-0.198 -0.463846 -0.152027
-0.196 -0.894505 -0.209864
-0.194 -1.31559 -0.262718
-0.192 -1.70453 -0.306463
-0.19 -2.03951 -0.337219
-0.188 -2.30052 -0.351555
-0.186 -2.47028 -0.346666
-0.184 -2.5351 -0.320524
-0.182 -2.48559 -0.272002
-0.18 -2.31712 -0.200946
-0.178 -2.03013 -0.108214
-0.176 -1.63017 0.00434012
-0.174 -1.12773 0.133926
-0.172 -0.53784 0.27692
-0.17 0.120573 0.429011
-0.168 0.825429 0.585373
-0.166 1.55245 0.740869
-0.164 2.27616 0.890263
-0.162 2.971 1.02845
-0.16 3.61235 1.15065
-0.158 4.17761 1.25265
-0.156 4.64709 1.33094
-0.154 5.00483 1.38286
-0.152 5.23922 1.40674
-0.15 5.34347 1.40189
-0.148 5.31577 1.36869
-0.146 5.15934 1.30851
-0.144 4.88222 1.22361
-0.142 4.49679 1.11706
-0.14 4.01925 0.99259
-0.138 3.46879 0.854345
-0.136 2.86676 0.706749
-0.134 2.23569 0.55427
-0.132 1.59831 0.401222
-0.13 0.976592 0.251573
-0.128 0.390808 0.108784
-0.126 -0.141273 -0.0243331
-0.124 -0.605078 -0.145708
-0.122 -0.989755 -0.254071
-0.12 -1.28851 -0.348963
-0.118 -1.49877 -0.430699
-0.116 -1.62212 -0.500295
-0.114 -1.66408 -0.559354
-0.112 -1.63372 -0.609919
-0.11 -1.54305 -0.65431
-0.108 -1.40639 -0.694938
-0.106 -1.2396 -0.734127
-0.104 -1.05927 -0.773937
-0.102 -0.881884 -0.816006
-0.1 -0.723021 -0.861419
-0.098 -0.596635 -0.910608
-0.096 -0.51439 -0.963303
-0.094 -0.485134 -1.01851
-0.092 -0.5145 -1.07454
-0.09 -0.604666 -1.1291
-0.088 -0.75428 -1.17938
-0.086 -0.95854 -1.22225
-0.084 -1.20945 -1.25438
-0.082 -1.49621 -1.27247
-0.08 -1.80577 -1.27344
-0.078 -2.12345 -1.25466
-0.076 -2.43373 -1.21406
-0.074 -2.72097 -1.15039
-0.072 -2.97023 -1.06326
-0.07 -3.16808 -0.953268
-0.068 -3.30324 -0.822045
-0.066 -3.3672 -0.672209
-0.064 -3.35468 -0.507324
-0.062 -3.26388 -0.331775
-0.06 -3.09658 -0.150609
-0.058 -2.85803 0.0306624
-0.056 -2.55668 0.206298
-0.054 -2.20367 0.370572
-0.052 -1.81225 0.518034
-0.05 -1.39704 0.643756
-0.048 -0.973282 0.74357
-0.046 -0.556018 0.81427
-0.044 -0.159349 0.853777
-0.042 0.20425 0.861251
-0.04 0.524502 0.837155
-0.038 0.793739 0.78325
-0.036 1.00715 0.702537
-0.034 1.16287 0.599136
-0.032 1.26184 0.478115
-0.03 1.30757 0.345265
-0.028 1.30571 0.206849
-0.026 1.26353 0.0693152
-0.024 1.18934 -0.0609957
-0.022 1.09189 -0.178141
-0.02 0.979748 -0.276856
-0.018 0.860833 -0.352793
-0.016 0.741936 -0.402736
-0.014 0.628446 -0.424743
-0.012 0.524161 -0.418244
-0.01 0.431255 -0.384065
-0.008 0.350342 -0.324388
-0.006 0.280647 -0.242648
-0.004 0.22024 -0.14336
-0.002 0.166317 -0.0319059
0 0.115495 0.0857291
0.002 0.0642042 0.203245
0.004 0.00877255 0.314341
0.006 -0.0540679 0.413011
0.008 -0.126943 0.493846
0.01 -0.211556 0.552289
0.012 -0.308423 0.584861
0.014 -0.41667 0.58933
0.016 -0.533885 0.564822
0.018 -0.656072 0.511862
0.02 -0.777713 0.432353
0.022 -0.89196 0.329489
0.024 -0.990947 0.207605
0.026 -1.06621 0.0719749
0.028 -1.10923 -0.071429
0.03 -1.11197 -0.216215
0.032 -1.06748 -0.355861
0.034 -0.970474 -0.48401
0.036 -0.817817 -0.594755
0.038 -0.608899 -0.682897
0.04 -0.345902 -0.744174
0.042 -0.0338778 -0.775435
0.044 0.319332 -0.774772
0.046 0.703364 -0.741583
0.048 1.10575 -0.676582
0.05 1.5125 -0.581747
0.052 1.90877 -0.460209
0.054 2.27963 -0.316095
0.056 2.61084 -0.154327
0.058 2.88964 0.0196108
0.06 3.10542 0.199924
0.062 3.25035 0.380764
0.064 3.3198 0.556484
0.066 3.31265 0.721873
0.068 3.23132 0.872362
0.07 3.08171 1.00419
0.072 2.87285 1.11455
0.074 2.61647 1.20161
0.076 2.32636 1.2646
0.078 2.01763 1.30375
0.08 1.70599 1.32018
0.082 1.40689 1.31586
0.084 1.13473 1.29338
0.086 0.902144 1.2558
0.088 0.719374 1.20646
0.09 0.593714 1.14874
0.092 0.529152 1.08591
0.094 0.526144 1.02092
0.096 0.581559 0.956246
0.098 0.688796 0.89378
0.1 0.838062 0.834733
0.102 1.01681 0.779604
0.104 1.21029 0.72818
0.106 1.40228 0.679586
0.108 1.57579 0.632371
0.11 1.71394 0.584632
0.112 1.80077 0.534167
0.114 1.82206 0.478642
0.116 1.76609 0.415774
0.118 1.62434 0.343507
0.12 1.39196 0.260184
0.122 1.06822 0.164689
0.124 0.656659 0.0565748
0.126 0.165101 -0.0638632
0.128 -0.394518 -0.195539
0.13 -1.00656 -0.336579
0.132 -1.65227 -0.484368
0.134 -2.31045 -0.635639
0.136 -2.95841 -0.786597
0.138 -3.57284 -0.933079
0.14 -4.13084 -1.07073
0.142 -4.61094 -1.19523
0.144 -4.99403 -1.30244
0.146 -5.26423 -1.38865
0.148 -5.40968 -1.45075
0.15 -5.42304 -1.48639
0.152 -5.30194 -1.49407
0.154 -5.04913 -1.47329
0.156 -4.67243 -1.42454
0.158 -4.18447 -1.34932
0.16 -3.60217 -1.25008
0.162 -2.94612 -1.13014
0.164 -2.23973 -0.993552
0.166 -1.50821 -0.844925
0.168 -0.777574 -0.689237
0.17 -0.0735384 -0.531631
0.172 0.579584 -0.37719
0.174 1.15989 -0.230732
0.176 1.64881 -0.0966055
0.178 2.03187 0.0214818
0.18 2.29931 0.120612
0.182 2.44639 0.198762
0.184 2.47362 0.25487
0.186 2.38661 0.288857
0.188 2.19576 0.301601
0.19 1.91574 0.294867
0.192 1.56474 0.271202
0.194 1.16358 0.233789
0.196 0.734751 0.186283
0.198 0.301291 0.132617
0.2 -0.114239 0.0768141
0.202 -0.490814 0.0227841
0.204 -0.809893 -0.025856
0.206 -1.05623 -0.0659498
0.208 -1.21852 -0.094941
0.21 -1.28984 -0.110978
0.212 -1.26788 -0.112984
0.214 -1.15496 -0.100681
0.216 -0.95776 -0.0745799
0.218 -0.686931 -0.0359243
0.22 -0.356471 0.0133971
0.222 0.0170388 0.0709717
0.224 0.415303 0.134006
0.226 0.819239 0.199488
0.228 1.20993 0.264351
0.23 1.56954 0.325642
0.232 1.88214 0.380678
0.234 2.13446 0.427179
0.236 2.31643 0.463386
0.238 2.42162 0.488135
0.24 2.44742 0.500909
0.242 2.39511 0.501845
0.244 2.26962 0.491708
0.246 2.07927 0.471833
0.248 1.83519 0.444028
0.25 1.55073 0.41046
0.252 1.24075 0.37352
0.254 0.92078 0.335675
0.256 0.606269 0.299319
0.258 0.311771 0.266626
0.26 0.0502254 0.239422
0.262 -0.167676 0.219069
0.264 -0.334004 0.206383
0.266 -0.443955 0.201579
0.268 -0.496059 0.204246
0.27 -0.492209 0.21337
0.272 -0.437522 0.227377
0.274 -0.340033 0.244217
0.276 -0.210244 0.261479
0.278 -0.0605365 0.276521
0.28 0.0954971 0.286621
0.282 0.243801 0.289136
0.284 0.370622 0.281664
0.286 0.463261 0.262188
0.288 0.510781 0.229214
0.29 0.504625 0.181877
0.292 0.439113 0.120026
0.294 0.3118 0.0442634
0.296 0.12367 -0.0440474
0.298 -0.120845 -0.142812
0.3 -0.414017 -0.249275
0.302 -0.745149 -0.360129
0.304 -1.10105 -0.471642
0.306 -1.46665 -0.579823
0.308 -1.82568 -0.680596
0.31 -2.1615 -0.76998
0.312 -2.45785 -0.844273
0.314 -2.69967 -0.900226
0.316 -2.87382 -0.935197
0.318 -2.96978 -0.947278
0.32 -2.98012 -0.935392
0.322 -2.90094 -0.899357
0.324 -2.73205 -0.8399
0.326 -2.47707 -0.75864
0.328 -2.14323 -0.658028
0.33 -1.74115 -0.541248
0.332 -1.28429 -0.412086
0.334 -0.788424 -0.274773
0.336 -0.270923 -0.133809
0.338 0.250029 0.00622476
0.34 0.756224 0.140856
0.342 1.23023 0.265906
0.344 1.65615 0.377654
0.346 2.02029 0.472989
0.348 2.31174 0.549524
0.35 2.52278 0.605677
0.352 2.64919 0.64072
0.354 2.69033 0.654782
0.356 2.64909 0.648817
0.358 2.53167 0.624536
0.36 2.3472 0.584304
0.362 2.10725 0.531007
0.364 1.82522 0.467905
0.366 1.51565 0.398469
0.368 1.19349 0.326209
0.37 0.873453 0.254509
0.372 0.569233 0.186477
0.374 0.29295 0.124804
0.376 0.0545983 0.0716562
0.378 -0.138355 0.0285958
0.38 -0.281245 -0.00347006
0.382 -0.372331 -0.0242996
0.384 -0.412768 -0.0342944
0.386 -0.406438 -0.0344443
0.388 -0.359638 -0.026243
0.39 -0.280652 -0.0115786
0.392 -0.179232 0.00739285
0.394 -0.0660085 0.0283861
0.396 0.0481328 0.0491285
0.398 0.152676 0.0674974
0.4 0.238069 0.0816473
0.402 0.296263 0.0901177
0.404 0.321151 0.0919184
0.406 0.308904 0.0865862
0.408 0.258179 0.0742115
0.41 0.170177 0.0554317
0.412 0.0485721 0.0313949
0.414 -0.100707 0.00369268
0.416 -0.269811 -0.0257321
0.418 -0.449421 -0.0546981
0.42 -0.629271 -0.080913
0.422 -0.798732 -0.10211
0.424 -0.947412 -0.116182
0.426 -1.06575 -0.121314
0.428 -1.14557 -0.116098
0.43 -1.18055 -0.0996319
0.432 -1.16661 -0.0715877
0.434 -1.1022 -0.0322592
0.436 -0.988367 0.0174285
0.438 -0.828846 0.0759384
0.44 -0.629845 0.141174
0.442 -0.399801 0.210562
0.444 -0.148983 0.281158
0.446 0.110998 0.349777
0.448 0.367755 0.413134
0.45 0.608729 0.468001
0.452 0.821823 0.511351
0.454 0.996004 0.54051
0.456 1.12187 0.553285
0.458 1.19213 0.548075
0.46 1.20201 0.523959
0.462 1.1495 0.480747
0.464 1.03551 0.419003
0.466 0.863852 0.340033
0.468 0.641102 0.245841
0.47 0.37632 0.139044
0.472 0.0806428 0.0227753
0.474 -0.23322 -0.0994536
0.476 -0.551571 -0.223893
0.478 -0.860369 -0.346716
0.48 -1.14588 -0.46417
0.482 -1.39533 -0.572738
0.484 -1.59752 -0.669276
0.486 -1.74334 -0.751138
0.488 -1.82622 -0.816272
0.49 -1.84245 -0.863292
0.492 -1.79136 -0.891518
0.494 -1.67535 -0.900979
0.496 -1.49978 -0.892391
0.498 -1.27273 -0.867097
0.4 0.0129292 0.00552562
0.8 0.0130455 0.00555211
1.2 0.0132374 0.00559653
1.6 0.0135021 0.00565925
2 0.0138355 0.00574082
2.4 0.0142329 0.0058419
2.8 0.0146882 0.00596327
3.2 0.015195 0.00610587
3.6 0.015746 0.00627067
4 0.0163333 0.00645878
4.4 0.0169487 0.00667133
4.8 0.0175838 0.00690949
5.2 0.0182301 0.00717444
5.6 0.0188791 0.00746732
6 0.0195226 0.00778922
6.4 0.0201525 0.00814115
6.8 0.0207614 0.00852398
7.2 0.0213423 0.00893841
7.6 0.021889 0.00938493
8 0.0223958 0.00986382
8.4 0.022858 0.010375
8.8 0.0232716 0.0109183
9.2 0.0236334 0.0114928
9.6 0.0239412 0.0120975
10 0.0241935 0.0127311
10.4 0.0243895 0.0133914
10.8 0.0245293 0.0140762
11.2 0.0246137 0.0147826
11.6 0.0246439 0.0155073
12 0.0246217 0.0162466
12.4 0.0245495 0.0169963
12.8 0.0244299 0.0177517
13.2 0.0242657 0.0185078
13.6 0.02406 0.0192592
14 0.0238159 0.0200003
14.4 0.0235365 0.0207249
14.8 0.023225 0.0214271
15.2 0.0228842 0.0221005
15.6 0.022517 0.0227388
16 0.022126 0.0233357
16.4 0.0217136 0.0238852
16.8 0.0212818 0.0243813
17.2 0.0208327 0.0248183
17.6 0.0203679 0.0251911
18 0.019889 0.0254948
18.4 0.0193971 0.0257253
18.8 0.0188937 0.0258789
19.2 0.0183797 0.0259529
19.6 0.0178562 0.0259451
20 0.0173244 0.0258541
20.4 0.0167853 0.0256795
20.8 0.0162403 0.0254217
21.2 0.0156905 0.0250819
21.6 0.0151376 0.0246623
22 0.0145832 0.0241657
22.4 0.0140293 0.0235961
22.8 0.0134779 0.0229579
23.2 0.0129315 0.0222563
23.6 0.0123925 0.0214974
24 0.0118636 0.0206874
24.4 0.0113476 0.0198334
24.8 0.0108476 0.0189425
25.2 0.0103664 0.0180224
25.6 0.00990711 0.0170807
26 0.00947266 0.016125
26.4 0.00906588 0.0151631
26.8 0.00868942 0.0142025
27.2 0.00834573 0.0132502
27.6 0.00803694 0.0123131
28 0.00776486 0.0113976
28.4 0.00753092 0.0105093
28.8 0.00733611 0.00965358
29.2 0.00718098 0.00883481
29.6 0.0070656 0.00805683
30 0.00698956 0.00732269
30.4 0.00695196 0.00663471
30.8 0.00695145 0.00599447
31.2 0.0069862 0.00540281
31.6 0.00705397 0.00485987
32 0.00715214 0.00436514
32.4 0.00727774 0.0039175
32.8 0.00742754 0.00351529
33.2 0.00759807 0.00315637
33.6 0.00778572 0.00283821
34 0.00798677 0.00255796
34.4 0.00819749 0.00231255
34.8 0.00841417 0.00209873
35.2 0.00863321 0.00191319
35.6 0.00885119 0.00175263
36 0.00906488 0.00161382
36.4 0.00927132 0.00149367
36.8 0.00946787 0.00138929
37.2 0.00965219 0.00129803
37.6 0.00982235 0.00121751
38 0.00997677 0.00114567
38.4 0.0101142 0.00108076
38.8 0.010234 0.00102135
39.2 0.0103356 0.000966348
39.6 0.0104189 0.00091494
40 0.0104843 0.000866601
40.4 0.0105324 0.000821049
40.8 0.0105639 0.00077821
41.2 0.0105801 0.000738169
41.6 0.0105823 0.000701132
42 0.010572 0.000667371
42.4 0.0105509 0.00063718
42.8 0.0105206 0.000610829
43.2 0.010483 0.000588521
43.6 0.01044 0.000570353
44 0.0103933 0.000556286
44.4 0.0103447 0.000546122
44.8 0.010296 0.000539487
45.2 0.0102488 0.000535822
45.6 0.0102047 0.000534386
46 0.0101651 0.000534266
46.4 0.0101313 0.000534396
46.8 0.0101045 0.000533583
47.2 0.0100858 0.000530544
47.6 0.010076 0.000523943
48 0.0100758 0.000512438
48.4 0.0100859 0.000494731
48.8 0.0101066 0.000469618
49.2 0.0101382 0.000436041
49.6 0.0101808 0.000393138
50 0.0102341 0.00034029
50.4 0.0102981 0.000277162
50.8 0.0103721 0.000203743
51.2 0.0104556 0.000120371
51.6 0.0105476 2.7756e-05
52 0.0106471 -7.30106e-05
52.4 0.0107528 -0.000180455
52.8 0.0108633 -0.000292734
53.2 0.0109769 -0.000407649
53.6 0.0110915 -0.000522688
54 0.0112052 -0.000635059
54.4 0.0113156 -0.000741744
54.8 0.0114202 -0.000839561
55.2 0.0115164 -0.000925229
55.6 0.0116013 -0.000995438
56 0.0116721 -0.00104693
56.4 0.0117257 -0.00107658
56.8 0.011759 -0.00108145
57.2 0.0117691 -0.00105891
57.6 0.0117528 -0.00100668
58 0.0117073 -0.000922892
58.4 0.0116299 -0.000806178
58.8 0.0115178 -0.000655701
59.2 0.0113688 -0.000471202
59.6 0.0111808 -0.000253031
60 0.0109522 -2.16207e-06
60.4 0.0106816 0.000279799
60.8 0.0103682 0.000590627
61.2 0.0100115 0.000927498
61.6 0.00961172 0.00128702
62 0.00916939 0.0016653
62.4 0.00868565 0.00205797
62.8 0.00816218 0.00246028
63.2 0.00760114 0.00286719
63.6 0.00700522 0.00327341
64 0.00637756 0.00367353
64.4 0.00572174 0.00406212
64.8 0.00504174 0.00443379
65.2 0.00434185 0.00478331
65.6 0.00362667 0.00510572
66 0.00290097 0.00539637
66.4 0.00216968 0.00565104
66.8 0.00143781 0.00586604
67.2 0.00071034 0.0060382
67.6 -7.81539e-06 0.006165
68 -0.000711888 0.00624456
68.4 -0.00139733 0.0062757
68.8 -0.00205985 0.00625797
69.2 -0.00269551 0.00619161
69.6 -0.00330073 0.00607758
70 -0.00387234 0.00591753
70.4 -0.00440765 0.00571375
70.8 -0.00490438 0.00546914
71.2 -0.00536076 0.00518718
71.6 -0.0057755 0.00487183
72 -0.00614777 0.00452745
72.4 -0.0064772 0.00415877
72.8 -0.00676384 0.0037708
73.2 -0.00700819 0.00336869
73.6 -0.00721108 0.00295774
74 -0.00737372 0.00254323
74.4 -0.00749759 0.0021304
74.8 -0.00758446 0.00172434
75.2 -0.00763633 0.00132993
75.6 -0.00765538 0.000951777
76 -0.00764398 0.000594149
76.4 -0.00760461 0.000260932
76.8 -0.00753987 -4.44168e-05
77.2 -0.00745248 -0.000318901
77.6 -0.00734521 -0.000560011
78 -0.00722093 -0.000765738
78.4 -0.00708259 -0.000934583
78.8 -0.0069332 -0.00106555
79.2 -0.00677587 -0.00115816
79.6 -0.00661379 -0.00121239
80 -0.00645027 -0.00122869
80.4 -0.00628872 -0.00120797
80.8 -0.00613265 -0.0011515
81.2 -0.00598573 -0.00106095
81.6 -0.00585172 -0.000938298
82 -0.00573449 -0.000785838
82.4 -0.00563802 -0.000606096
82.8 -0.00556635 -0.000401811
83.2 -0.00552357 -0.000175895
83.6 -0.00551375 6.86112e-05
84 -0.00554091 0.000328574
84.4 -0.00560892 0.000600802
84.8 -0.00572149 0.000882076
85.2 -0.00588201 0.00116919
85.6 -0.00609354 0.00145895
86 -0.00635865 0.00174825
86.4 -0.00667937 0.00203405
86.8 -0.00705705 0.00231341
87.2 -0.00749232 0.0025835
87.6 -0.00798495 0.00284166
88 -0.0085338 0.00308533
88.4 -0.00913671 0.00331215
88.8 -0.00979051 0.00351993
89.2 -0.0104909 0.00370664
89.6 -0.0112324 0.00387046
90 -0.0120086 0.00400976
90.4 -0.0128118 0.00412314
90.8 -0.0136333 0.0042094
91.2 -0.0144633 0.00426755
91.6 -0.0152914 0.00429684
92 -0.016106 0.00429677
92.4 -0.0168953 0.00426704
92.8 -0.0176465 0.00420761
93.2 -0.018347 0.00411868
93.6 -0.0189838 0.00400069
94 -0.0195439 0.00385432
94.4 -0.0200149 0.00368047
94.8 -0.0203848 0.00348031
95.2 -0.0206423 0.00325518
95.6 -0.0207772 0.00300668
96 -0.0207805 0.00273658
96.4 -0.0206444 0.00244686
96.8 -0.0203628 0.00213964
97.2 -0.0199315 0.00181721
97.6 -0.019348 0.00148199
98 -0.0186117 0.00113648
98.4 -0.0177242 0.000783298
98.8 -0.0166892 0.000425081
99.2 -0.0155122 6.45065e-05
99.6 -0.0142011 -0.000295752
100 -0.0127656 -0.000653051
100.4 -0.0112173 -0.00100481
100.8 -0.00956953 -0.00134852
101.2 -0.00783707 -0.00168179
101.6 -0.00603614 -0.00200238
102 -0.00418403 -0.00230817
102.4 -0.00229888 -0.00259726
102.8 -0.000399372 -0.00286791
103.2 0.00149548 -0.00311861
103.6 0.00336668 -0.00334804
104 0.00519553 -0.00355514
104.4 0.0069639 -0.00373907
104.8 0.00865451 -0.00389922
105.2 0.0102512 -0.00403521
105.6 0.0117392 -0.0041469
106 0.0131053 -0.00423435
106.4 0.014338 -0.00429784
106.8 0.0154277 -0.00433785
107.2 0.0163669 -0.00435503
107.6 0.0171503 -0.00435023
108 0.0177745 -0.0043244
108.4 0.0182385 -0.00427865
108.8 0.0185433 -0.00421421
109.2 0.0186921 -0.00413238
109.6 0.0186899 -0.00403455
110 0.0185435 -0.00392216
110.4 0.0182616 -0.00379669
110.8 0.0178542 -0.00365964
111.2 0.0173325 -0.00351253
111.6 0.0167089 -0.00335684
112 0.0159965 -0.00319407
112.4 0.0152088 -0.00302565
112.8 0.01436 -0.00285299
113.2 0.0134641 -0.00267746
113.6 0.0125348 -0.00250033
114 0.0115858 -0.00232285
114.4 0.0106299 -0.00214619
114.8 0.00967923 -0.00197142
115.2 0.00874504 -0.00179957
115.6 0.00783745 -0.00163158
116 0.00696545 -0.00146831
116.4 0.00613675 -0.00131053
116.8 0.00535777 -0.00115896
117.2 0.00463358 -0.00101422
117.6 0.00396796 -0.000876842
118 0.00336338 -0.000747298
118.4 0.00282105 -0.000625972
118.8 0.00234103 -0.000513172
119.2 0.0019223 -0.000409127
119.6 0.00156288 -0.000313991
120 0.00125992 -0.000227841
120.4 0.00100988 -0.000150683
120.8 0.000808622 -8.24473e-05
121.2 0.000651562 -2.29954e-05
121.6 0.000533812 2.78789e-05
122 0.000450307 7.04472e-05
122.4 0.000395933 0.000105042
122.8 0.000365638 0.000132053
123.2 0.000354545 0.000151922
123.6 0.000358039 0.000165139
124 0.000371847 0.000172234
124.4 0.000392102 0.000173771
124.8 0.000415388 0.000170343
125.2 0.000438777 0.000162561
125.6 0.000459841 0.00015105
126 0.000476661 0.000136437
126.4 0.000487811 0.000119348
126.8 0.000492341 0.000100395
127.2 0.000489742 8.01706e-05
127.6 0.000479904 5.92413e-05
128 0.000463073 3.8139e-05
128.4 0.000439793 1.73554e-05
128.8 0.000410853 -2.6632e-06
129.2 0.000377228 -2.15207e-05
129.6 0.000340023 -3.88749e-05
130 0.000300421 -5.44398e-05
130.4 0.000259625 -6.79873e-05
130.8 0.000218818 -7.93475e-05
131.2 0.000179116 -8.84079e-05
131.6 0.000141539 -9.51116e-05
132 0.000106974 -9.94547e-05
132.4 7.61636e-05 -0.000101482
132.8 4.96838e-05 -0.000101285
133.2 2.79407e-05 -9.8991e-05
133.6 1.11684e-05 -9.47648e-05
134 -5.65831e-07 -8.87973e-05
134.4 -7.35111e-06 -8.13011e-05
134.8 -9.41839e-06 -7.25044e-05
135.2 -7.12196e-06 -6.26437e-05
135.6 -9.18344e-07 -5.1959e-05
136 8.65643e-06 -4.0687e-05
136.4 2.10105e-05 -2.9057e-05
136.8 3.55199e-05 -1.72853e-05
137.2 5.15511e-05 -5.57217e-06
137.6 6.84826e-05 5.90169e-06
138 8.57238e-05 1.69775e-05
138.4 0.000102732 2.75201e-05
138.8 0.000119024 3.74183e-05
139.2 0.00013419 4.65857e-05
139.6 0.000147898 5.49593e-05
140 0.000159898 6.2499e-05
140.4 0.000170022 6.91852e-05
140.8 0.000178183 7.50171e-05
141.2 0.000184372 8.001e-05
141.6 0.000188644 8.41924e-05
142 0.000191117 8.76035e-05
142.4 0.000191958 9.02901e-05
142.8 0.000191371 9.23039e-05
143.2 0.000189589 9.36991e-05
143.6 0.000186858 9.45297e-05
144 0.000183431 9.4848e-05
144.4 0.000179555 9.47025e-05
144.8 0.000175465 9.41371e-05
145.2 0.000171373 9.31902e-05
145.6 0.000167464 9.18941e-05
146 0.000163892 9.02752e-05
146.4 0.000160778 8.83544e-05
146.8 0.00015821 8.61479e-05
147.2 0.000156241 8.36677e-05
147.6 0.000154892 8.09232e-05
148 0.000154157 7.79223e-05
148.4 0.000154008 7.46727e-05
148.8 0.000154395 7.11833e-05
149.2 0.000155258 6.74652e-05
149.6 0.000156528 6.35332e-05
150 0.000158132 5.94064e-05
150.4 0.000160004 5.51087e-05
150.8 0.000162083 5.06697e-05
151.2 0.000164317 4.61242e-05
151.6 0.000166673 4.15124e-05
152 0.00016913 3.68792e-05
152.4 0.000171686 3.22736e-05
152.8 0.000174354 2.77475e-05
153.2 0.000177166 2.33547e-05
153.6 0.000180163 1.9149e-05
154 0.000183402 1.51836e-05
154.4 0.000186943 1.15086e-05
154.8 0.000190855 8.17021e-06
155.2 0.000195202 5.209e-06
155.6 0.000200045 2.65855e-06
156 0.000205439 5.44397e-07
156.4 0.000211423 -1.1169e-06
156.8 0.000218022 -2.3184e-06
157.2 0.000225243 -3.06319e-06
157.6 0.000233072 -3.36438e-06
158 0.000241472 -3.24491e-06
158.4 0.000250385 -2.73696e-06
158.8 0.00025973 -1.8811e-06
159.2 0.000269407 -7.25233e-07
159.6 0.000279294 6.76804e-07
160 0.000289257 2.26671e-06
160.4 0.000299144 3.98337e-06
160.8 0.000308798 5.76461e-06
161.2 0.000318056 7.54892e-06
161.6 0.000326754 9.27719e-06
162 0.000334731 1.08943e-05
162.4 0.000341835 1.23507e-05
162.8 0.000347926 1.36036e-05
163.2 0.000352878 1.46182e-05
163.6 0.000356585 1.53681e-05
164 0.000358962 1.58366e-05
164.4 0.000359946 1.60162e-05
164.8 0.000359501 1.59089e-05
165.2 0.000357611 1.55258e-05
165.6 0.000354287 1.48865e-05
166 0.000349564 1.40183e-05
166.4 0.000343496 1.2955e-05
166.8 0.000336159 1.17357e-05
167.2 0.000327644 1.04035e-05
167.6 0.000318057 9.00381e-06
168 0.000307513 7.58319e-06
168.4 0.000296137 6.18755e-06
168.8 0.000284057 4.86091e-06
169.2 0.0002714 3.64398e-06
169.6 0.000258293 2.57306e-06
170 0.000244857 1.67898e-06
170.4 0.000231208 9.86375e-07
170.8 0.000217451 5.13075e-07
171.2 0.000203681 2.69812e-07
171.6 0.000189983 2.60118e-07
172 0.000176431 4.80482e-07
172.4 0.000163087 9.2072e-07
172.8 0.000150003 1.56455e-06
173.2 0.00013722 2.39032e-06
173.6 0.000124772 3.37194e-06
174 0.000112686 4.47985e-06
174.4 0.000100985 5.68209e-06
174.8 8.96864e-05 6.94543e-06
175.2 7.88069e-05 8.23645e-06
175.6 6.83633e-05 9.52259e-06
176 5.83732e-05 1.07731e-05
176.4 4.88567e-05 1.19601e-05
176.8 3.98371e-05 1.3059e-05
177.2 3.13414e-05 1.40492e-05
177.6 2.34003e-05 1.49149e-05
178 1.6048e-05 1.56446e-05
178.4 9.32183e-06 1.62318e-05
178.8 3.26094e-06 1.66746e-05
179.2 -2.09465e-06 1.69758e-05
179.6 -6.7056e-06 1.71418e-05
180 -1.05349e-05 1.71829e-05
180.4 -1.35494e-05 1.71122e-05
180.8 -1.57219e-05 1.69448e-05
181.2 -1.70327e-05 1.66978e-05
181.6 -1.74708e-05 1.63886e-05
182 -1.7036e-05 1.60349e-05
182.4 -1.57393e-05 1.56538e-05
182.8 -1.36042e-05 1.52611e-05
183.2 -1.06668e-05 1.48708e-05
183.6 -6.97618e-06 1.44948e-05
184 -2.59368e-06 1.41423e-05
184.4 2.40753e-06 1.382e-05
184.8 7.94372e-06 1.35319e-05
185.2 1.3922e-05 1.32788e-05
185.6 2.02421e-05 1.30595e-05
186 2.67986e-05 1.287e-05
186.4 3.34827e-05 1.27047e-05
186.8 4.01851e-05 1.2556e-05
187.2 4.67979e-05 1.24155e-05
187.6 5.32175e-05 1.2274e-05
188 5.93464e-05 1.21223e-05
188.4 6.50953e-05 1.19514e-05
188.8 7.03855e-05 1.17532e-05
189.2 7.51498e-05 1.15206e-05
189.6 7.93339e-05 1.12481e-05
190 8.28977e-05 1.09321e-05
190.4 8.58151e-05 1.05707e-05
190.8 8.80744e-05 1.01641e-05
191.2 8.96781e-05 9.71464e-06
191.6 9.06417e-05 9.22635e-06
192 9.09932e-05 8.70509e-06
192.4 9.07713e-05 8.15821e-06
192.8 9.0024e-05 7.59419e-06
193.2 8.88067e-05 7.02235e-06
193.6 8.71804e-05 6.45241e-06
194 8.52093e-05 5.89416e-06
194.4 8.29593e-05 5.35699e-06
194.8 8.04956e-05 4.84959e-06
195.2 7.78812e-05 4.37956e-06
195.6 7.51752e-05 3.95313e-06
196 7.24309e-05 3.57495e-06
196.4 6.96954e-05 3.24792e-06
196.8 6.70083e-05 2.97306e-06
197.2 6.44009e-05 2.74956e-06
197.6 6.18965e-05 2.5748e-06
198 5.95101e-05 2.44449e-06
198.4 5.72487e-05 2.35285e-06
198.8 5.51119e-05 2.29293e-06
199.2 5.30931e-05 2.25681e-06
199.6 5.11798e-05 2.23603e-06
200 4.93555e-05 2.22188e-06
200.4 4.76004e-05 2.20578e-06
200.8 4.58929e-05 2.17963e-06
201.2 4.42108e-05 2.13612e-06
201.6 4.25325e-05 2.06904e-06
202 4.08384e-05 1.97349e-06
202.4 3.91113e-05 1.84613e-06
202.8 3.73377e-05 1.68523e-06
203.2 3.55082e-05 1.49077e-06
203.6 3.3618e-05 1.26443e-06
204 3.1667e-05 1.00952e-06
204.4 2.96597e-05 7.30798e-07
204.8 2.76051e-05 4.34338e-07
205.2 2.55163e-05 1.27234e-07
205.6 2.34099e-05 -1.82663e-07
206 2.1305e-05 -4.87056e-07
206.4 1.92228e-05 -7.77529e-07
206.8 1.71855e-05 -1.04588e-06
207.2 1.52154e-05 -1.28443e-06
207.6 1.3334e-05 -1.48634e-06
208 1.15612e-05 -1.64583e-06
208.4 9.9146e-06 -1.75845e-06
208.8 8.4086e-06 -1.82123e-06
209.2 7.05415e-06 -1.83276e-06
209.6 5.85822e-06 -1.79331e-06
210 4.82366e-06 -1.70474e-06
210.4 3.94909e-06 -1.57052e-06
210.8 3.22911e-06 -1.39552e-06
211.2 2.65448e-06 -1.1859e-06
211.6 2.21261e-06 -9.48844e-07
212 1.88806e-06 -6.92326e-07
212.4 1.66317e-06 -4.24828e-07
212.8 1.51879e-06 -1.55042e-07
213.2 1.43501e-06 1.08431e-07
213.6 1.39189e-06 3.57366e-07
214 1.37025e-06 5.84189e-07
214.4 1.35228e-06 7.82219e-07
214.8 1.32221e-06 9.45873e-07
215.2 1.26679e-06 1.07083e-06
215.6 1.17572e-06 1.15416e-06
216 1.04188e-06 1.19435e-06
216.4 8.61521e-07 1.19134e-06
216.8 6.34213e-07 1.14649e-06
217.2 3.62746e-07 1.06247e-06
217.6 5.28612e-08 9.431e-07
218 -2.87119e-07 7.93231e-07
218.4 -6.46753e-07 6.18489e-07
218.8 -1.01402e-06 4.25064e-07
219.2 -1.37592e-06 2.19467e-07
219.6 -1.71906e-06 8.27682e-09
220 -2.03029e-06 -2.02094e-07
220.4 -2.29732e-06 -4.05633e-07
220.8 -2.50921e-06 -5.96927e-07
221.2 -2.65689e-06 -7.71338e-07
221.6 -2.73353e-06 -9.25142e-07
222 -2.73487e-06 -1.05563e-06
222.4 -2.65935e-06 -1.16115e-06
222.8 -2.50822e-06 -1.24114e-06
223.2 -2.28547e-06 -1.29609e-06
223.6 -1.99772e-06 -1.32744e-06
224 -1.6539e-06 -1.33754e-06
224.4 -1.26495e-06 -1.32942e-06
224.8 -8.43364e-07 -1.3067e-06
225.2 -4.02735e-07 -1.27339e-06
225.6 4.27769e-08 -1.23368e-06
226 4.78969e-07 -1.19175e-06
226.4 8.92129e-07 -1.15159e-06
226.8 1.26953e-06 -1.11683e-06
227.2 1.59989e-06 -1.09059e-06
227.6 1.87377e-06 -1.07534e-06
228 2.08386e-06 -1.07278e-06
228.4 2.22523e-06 -1.08385e-06
228.8 2.29549e-06 -1.10862e-06
229.2 2.29474e-06 -1.14636e-06
229.6 2.2256e-06 -1.19555e-06
230 2.09296e-06 -1.25397e-06
230.4 1.90382e-06 -1.31881e-06
230.8 1.66689e-06 -1.3868e-06
231.2 1.39227e-06 -1.45435e-06
231.6 1.09099e-06 -1.51772e-06
232 7.7455e-07 -1.57319e-06
232.4 4.545e-07 -1.61722e-06
232.8 1.41938e-07 -1.64659e-06
233.2 -1.52888e-07 -1.65858e-06
233.6 -4.20972e-07 -1.65106e-06
234 -6.54872e-07 -1.62259e-06
234.4 -8.48967e-07 -1.57251e-06
234.8 -9.99636e-07 -1.50094e-06
235.2 -1.10535e-06 -1.40883e-06
235.6 -1.16667e-06 -1.29787e-06
236 -1.18621e-06 -1.17051e-06
236.4 -1.16843e-06 -1.02979e-06
236.8 -1.11943e-06 -8.79292e-07
237.2 -1.04668e-06 -7.22962e-07
237.6 -9.58632e-07 -5.64994e-07
238 -8.64409e-07 -4.09659e-07
238.4 -7.73357e-07 -2.61149e-07
238.8 -6.94678e-07 -1.23425e-07
239.2 -6.37036e-07 -6.83989e-11
239.6 -6.082e-07 1.05847e-07
240 -6.14734e-07 1.91864e-07
240.4 -6.6173e-07 2.56229e-07
240.8 -7.52611e-07 2.97947e-07
241.2 -8.89002e-07 3.16814e-07
241.6 -1.07067e-06 3.13414e-07
242 -1.29555e-06 2.89086e-07
242.4 -1.55983e-06 2.45868e-07
242.8 -1.85811e-06 1.8641e-07
243.2 -2.18364e-06 1.13865e-07
243.6 -2.52858e-06 3.17703e-08
244 -2.88428e-06 -5.60977e-08
244.4 -3.24169e-06 -1.45862e-07
244.8 -3.59165e-06 -2.33695e-07
245.2 -3.92526e-06 -3.15959e-07
245.6 -4.23422e-06 -3.89339e-07
246 -4.51113e-06 -4.50961e-07
246.4 -4.74976e-06 -4.98493e-07
246.8 -4.94526e-06 -5.30222e-07
247.2 -5.09434e-06 -5.45103e-07
247.6 -5.19534e-06 -5.42789e-07
248 -5.24829e-06 -5.23628e-07
248.4 -5.25485e-06 -4.88633e-07
248.8 -5.21822e-06 -4.39431e-07
249.2 -5.143e-06 -3.78184e-07
249.6 -5.03494e-06 -3.07498e-07
250 -4.90074e-06 -2.30306e-07
250.4 -4.74773e-06 -1.4975e-07
250.8 -4.58358e-06 -6.9053e-08
251.2 -4.41601e-06 8.61121e-09
251.6 -4.25243e-06 8.02418e-08
252 -4.0997e-06 1.43127e-07
252.4 -3.96385e-06 1.94944e-07
252.8 -3.84986e-06 2.33847e-07
253.2 -3.76148e-06 2.58531e-07
253.6 -3.70112e-06 2.68273e-07
254 -3.66976e-06 2.62952e-07
254.4 -3.66695e-06 2.43041e-07
254.8 -3.6909e-06 2.09583e-07
255.2 -3.7385e-06 1.64134e-07
255.6 -3.80558e-06 1.08696e-07
256 -3.88701e-06 4.56283e-08
256.4 -3.97702e-06 -2.24515e-08
256.8 -4.06941e-06 -9.27781e-08
257.2 -4.15785e-06 -1.62551e-07
257.6 -4.23613e-06 -2.29046e-07
258 -4.29845e-06 -2.89727e-07
258.4 -4.33968e-06 -3.42341e-07
258.8 -4.35555e-06 -3.85009e-07
259.2 -4.34288e-06 -4.16291e-07
259.6 -4.29966e-06 -4.35242e-07
260 -4.22519e-06 -4.41444e-07
260.4 -4.12011e-06 -4.3501e-07
260.8 -3.98636e-06 -4.16581e-07
261.2 -3.82713e-06 -3.87284e-07
261.6 -3.64672e-06 -3.48688e-07
262 -3.45042e-06 -3.0273e-07
262.4 -3.24424e-06 -2.51637e-07
262.8 -3.03476e-06 -1.97824e-07
263.2 -2.82879e-06 -1.43806e-07
263.6 -2.63319e-06 -9.20813e-08
264 -2.45455e-06 -4.50413e-08
264.4 -2.29896e-06 -4.86721e-09
264.8 -2.17178e-06 2.65543e-08
265.2 -2.07743e-06 4.77065e-08
265.6 -2.01922e-06 5.75013e-08
266 -1.99925e-06 5.53216e-08
266.4 -2.0183e-06 4.10431e-08
266.8 -2.07582e-06 1.50383e-08
267.2 -2.16996e-06 -2.18413e-08
267.6 -2.29763e-06 -6.82999e-08
268 -2.45463e-06 -1.22651e-07
268.4 -2.63578e-06 -1.82884e-07
268.8 -2.83517e-06 -2.46745e-07
269.2 -3.04632e-06 -3.11828e-07
269.6 -3.26244e-06 -3.75663e-07
270 -3.47669e-06 -4.35819e-07
270.4 -3.68242e-06 -4.89994e-07
270.8 -3.87337e-06 -5.36104e-07
271.2 -4.04394e-06 -5.7236e-07
271.6 -4.18936e-06 -5.97339e-07
272 -4.30581e-06 -6.10033e-07
272.4 -4.3906e-06 -6.09885e-07
272.8 -4.44217e-06 -5.96806e-07
273.2 -4.46018e-06 -5.71178e-07
273.6 -4.44546e-06 -5.33833e-07
274 -4.39995e-06 -4.86015e-07
274.4 -4.3266e-06 -4.29336e-07
274.8 -4.22925e-06 -3.65705e-07
275.2 -4.1124e-06 -2.97254e-07
275.6 -3.98108e-06 -2.26258e-07
276 -3.84062e-06 -1.55044e-07
276.4 -3.69641e-06 -8.59048e-08
276.8 -3.55372e-06 -2.10118e-08
277.2 -3.41747e-06 3.76647e-08
277.6 -3.29206e-06 8.84265e-08
278 -3.1812e-06 1.29908e-07
278.4 -3.08776e-06 1.61121e-07
278.8 -3.01372e-06 1.81489e-07
279.2 -2.96006e-06 1.90858e-07
279.6 -2.92678e-06 1.89495e-07
280 -2.9129e-06 1.78072e-07
280.4 -2.91653e-06 1.57631e-07
280.8 -2.935e-06 1.29535e-07
281.2 -2.9649e-06 9.54102e-08
281.6 -3.00235e-06 5.70755e-08
282 -3.04308e-06 1.64687e-08
282.4 -3.08267e-06 -2.44336e-08
282.8 -3.1167e-06 -6.36949e-08
283.2 -3.14099e-06 -9.94955e-08
283.6 -3.15172e-06 -1.30203e-07
284 -3.14563e-06 -1.54436e-07
284.4 -3.12013e-06 -1.71113e-07
284.8 -3.07342e-06 -1.79492e-07
285.2 -3.00455e-06 -1.792e-07
285.6 -2.9135e-06 -1.70234e-07
286 -2.80111e-06 -1.52965e-07
286.4 -2.6691e-06 -1.28109e-07
286.8 -2.52e-06 -9.67043e-08
287.2 -2.35703e-06 -6.00547e-08
287.6 -2.18397e-06 -1.96807e-08
288 -2.00504e-06 2.27472e-08
288.4 -1.82469e-06 6.54775e-08
288.8 -1.64749e-06 1.06749e-07
289.2 -1.4779e-06 1.44864e-07
289.6 -1.32012e-06 1.78254e-07
290 -1.17792e-06 2.05542e-07
290.4 -1.05453e-06 2.25602e-07
290.8 -9.52494e-07 2.37594e-07
291.2 -8.73575e-07 2.41004e-07
291.6 -8.18714e-07 2.35658e-07
292 -7.87995e-07 2.21726e-07
292.4 -7.80649e-07 1.9972e-07
292.8 -7.95096e-07 1.70463e-07
293.2 -8.29013e-07 1.35061e-07
293.6 -8.79433e-07 9.48574e-08
294 -9.42867e-07 5.13744e-08
294.4 -1.01545e-06 6.25723e-09
294.8 -1.09307e-06 -3.87932e-08
295.2 -1.17158e-06 -8.20866e-08
295.6 -1.2469e-06 -1.22009e-07
296 -1.31521e-06 -1.57085e-07
296.4 -1.37308e-06 -1.86032e-07
296.8 -1.41759e-06 -2.07814e-07
297.2 -1.44647e-06 -2.21671e-07
297.6 -1.45812e-06 -2.27153e-07
298 -1.45172e-06 -2.24132e-07
298.4 -1.4272e-06 -2.12802e-07
298.8 -1.38526e-06 -1.93672e-07
299.2 -1.32732e-06 -1.67539e-07
299.6 -1.25547e-06 -1.35457e-07
300 -1.17232e-06 -9.86918e-08
300.4 -1.08096e-06 -5.86706e-08
300.8 -9.84791e-07 -1.69231e-08
301.2 -8.87375e-07 2.49774e-08
301.6 -7.92317e-07 6.54766e-08
302 -7.03102e-07 1.03099e-07
302.4 -6.22965e-07 1.36503e-07
302.8 -5.54758e-07 1.64536e-07
303.2 -5.00848e-07 1.86271e-07
303.6 -4.63019e-07 2.01041e-07
304 -4.42414e-07 2.08468e-07
304.4 -4.39493e-07 2.08464e-07
304.8 -4.54024e-07 2.01238e-07
305.2 -4.85098e-07 1.8728e-07
305.6 -5.31171e-07 1.67339e-07
306 -5.90138e-07 1.42391e-07
306.4 -6.59413e-07 1.13593e-07
306.8 -7.36047e-07 8.22418e-08
307.2 -8.16841e-07 4.97129e-08
307.6 -8.98478e-07 1.74102e-08
308 -9.77657e-07 -1.32928e-08
308.4 -1.05122e-06 -4.11067e-08
308.8 -1.11628e-06 -6.48773e-08
309.2 -1.17033e-06 -8.36295e-08
309.6 -1.21132e-06 -9.66051e-08
310 -1.23779e-06 -1.0329e-07
310.4 -1.24883e-06 -1.03435e-07
310.8 -1.24419e-06 -9.70564e-08
311.2 -1.22426e-06 -8.44418e-08
311.6 -1.19001e-06 -6.61292e-08
312 -1.143e-06 -4.28861e-08
312.4 -1.08525e-06 -1.56759e-08
312.8 -1.01922e-06 1.43817e-08
313.2 -9.47658e-07 4.60575e-08
313.6 -8.73502e-07 7.8062e-08
314 -7.99761e-07 1.09098e-07
314.4 -7.29391e-07 1.37911e-07
314.8 -6.6518e-07 1.63342e-07
315.2 -6.09633e-07 1.84369e-07
315.6 -5.64878e-07 2.00149e-07
316 -5.32581e-07 2.10049e-07
316.4 -5.13887e-07 2.1367e-07
316.8 -5.09375e-07 2.10863e-07
317.2 -5.19041e-07 2.0173e-07
317.6 -5.42306e-07 1.86619e-07
318 -5.78038e-07 1.66112e-07
318.4 -6.24608e-07 1.40994e-07
318.8 -6.79955e-07 1.12227e-07
319.2 -7.41673e-07 8.09081e-08
319.6 -8.07113e-07 4.82248e-08
320 -8.73483e-07 1.54095e-08
320.4 -9.37971e-07 -1.63099e-08
320.8 -9.97848e-07 -4.57578e-08
321.2 -1.05058e-06 -7.18563e-08
321.6 -1.09393e-06 -9.36662e-08
322 -1.12605e-06 -1.10423e-07
322.4 -1.14552e-06 -1.21564e-07
322.8 -1.15146e-06 -1.26749e-07
323.2 -1.1435e-06 -1.25872e-07
323.6 -1.12183e-06 -1.19063e-07
324 -1.08718e-06 -1.06676e-07
324.4 -1.04077e-06 -8.92821e-08
324.8 -9.8431e-07 -6.76349e-08
325.2 -9.19853e-07 -4.26454e-08
325.6 -8.49775e-07 -1.53422e-08
326 -7.76652e-07 1.31697e-08
326.4 -7.03164e-07 4.17533e-08
326.8 -6.31987e-07 6.92846e-08
327.2 -5.6569e-07 9.46966e-08
327.6 -5.06635e-07 1.17021e-07
328 -4.56889e-07 1.35424e-07
328.4 -4.18141e-07 1.4924e-07
328.8 -3.91642e-07 1.57995e-07
329.2 -3.78162e-07 1.61422e-07
329.6 -3.77961e-07 1.5947e-07
330 -3.90786e-07 1.52304e-07
330.4 -4.15885e-07 1.40298e-07
330.8 -4.52042e-07 1.24013e-07
331.2 -4.97629e-07 1.04178e-07
331.6 -5.50674e-07 8.16547e-08
332 -6.08941e-07 5.74052e-08
332.4 -6.70021e-07 3.24509e-08
332.8 -7.31429e-07 7.83183e-09
333.2 -7.90701e-07 -1.54356e-08
333.6 -8.45491e-07 -3.63985e-08
334 -8.93661e-07 -5.42052e-08
334.4 -9.33364e-07 -6.81381e-08
334.8 -9.63113e-07 -7.76418e-08
335.2 -9.81833e-07 -8.2343e-08
335.6 -9.88903e-07 -8.20647e-08
336 -9.84168e-07 -7.68314e-08
336.4 -9.6795e-07 -6.68664e-08
336.8 -9.41018e-07 -5.25817e-08
337.2 -9.0456e-07 -3.45599e-08
337.6 -8.6013e-07 -1.35298e-08
338 -8.09577e-07 9.66339e-09
338.4 -7.54973e-07 3.40929e-08
338.8 -6.98525e-07 5.87874e-08
339.2 -6.42487e-07 8.277e-08
339.6 -5.89066e-07 1.05097e-07
340 -5.40338e-07 1.24895e-07
340.4 -4.98164e-07 1.41396e-07
340.8 -4.64115e-07 1.53964e-07
341.2 -4.39418e-07 1.62122e-07
341.6 -4.24901e-07 1.65571e-07
342 -4.20972e-07 1.64196e-07
342.4 -4.276e-07 1.58071e-07
342.8 -4.44324e-07 1.47459e-07
343.2 -4.7027e-07 1.32794e-07
343.6 -5.04194e-07 1.14664e-07
344 -5.44535e-07 9.37918e-08
344.4 -5.89474e-07 7.09977e-08
344.8 -6.37014e-07 4.71727e-08
345.2 -6.85063e-07 2.32399e-08
345.6 -7.3151e-07 1.1882e-10
346 -7.74319e-07 -2.1311e-08
346.4 -8.11605e-07 -4.02442e-08
346.8 -8.41708e-07 -5.59805e-08
347.2 -8.63262e-07 -6.79513e-08
347.6 -8.75243e-07 -7.57413e-08
348 -8.77012e-07 -7.91032e-08
348.4 -8.68334e-07 -7.79658e-08
348.8 -8.49391e-07 -7.24358e-08
349.2 -8.20767e-07 -6.27915e-08
349.6 -7.83428e-07 -4.94704e-08
350 -7.38677e-07 -3.30508e-08
350.4 -6.88104e-07 -1.42275e-08
350.8 -6.33522e-07 6.21677e-09
351.2 -5.76894e-07 2.74428e-08
351.6 -5.20252e-07 4.85886e-08
352 -4.65625e-07 6.88039e-08
352.4 -4.1495e-07 8.72834e-08
352.8 -3.70005e-07 1.03298e-07
353.2 -3.32335e-07 1.16224e-07
353.6 -3.03198e-07 1.25566e-07
354 -2.83515e-07 1.30975e-07
354.4 -2.73837e-07 1.32261e-07
354.8 -2.74328e-07 1.29402e-07
355.2 -2.8476e-07 1.22539e-07
355.6 -3.04529e-07 1.11971e-07
356 -3.32676e-07 9.81434e-08
356.4 -3.67933e-07 8.16271e-08
356.8 -4.08774e-07 6.30951e-08
357.2 -4.53474e-07 4.32958e-08
357.6 -5.00183e-07 2.30217e-08
358 -5.46998e-07 3.07873e-09
358.4 -5.92037e-07 -1.57468e-08
358.8 -6.33514e-07 -3.27185e-08
359.2 -6.69807e-07 -4.71793e-08
359.6 -6.99523e-07 -5.85762e-08
360 -7.21546e-07 -6.6482e-08
360.4 -7.35083e-07 -7.0611e-08
360.8 -7.39687e-07 -7.08291e-08
361.2 -7.35276e-07 -6.71581e-08
361.6 -7.22128e-07 -5.97737e-08
362 -7.00871e-07 -4.89975e-08
362.4 -6.72452e-07 -3.52827e-08
362.8 -6.38093e-07 -1.91956e-08
363.2 -5.99248e-07 -1.3922e-09
363.6 -5.57536e-07 1.74083e-08
364 -5.14676e-07 3.64528e-08
364.4 -4.72422e-07 5.49838e-08
364.8 -4.32488e-07 7.22698e-08
365.2 -3.96482e-07 8.76338e-08
365.6 -3.65843e-07 1.0048e-07
366 -3.41786e-07 1.10316e-07
366.4 -3.25251e-07 1.16772e-07
366.8 -3.16876e-07 1.19615e-07
367.2 -3.16965e-07 1.18756e-07
367.6 -3.25486e-07 1.14252e-07
368 -3.42068e-07 1.06305e-07
368.4 -3.66024e-07 9.52511e-08
368.8 -3.96379e-07 8.15448e-08
369.2 -4.31909e-07 6.57433e-08
369.6 -4.71194e-07 4.84818e-08
370 -5.12674e-07 3.0448e-08
370.4 -5.54712e-07 1.23548e-08
370.8 -5.95662e-07 -5.08803e-09
371.2 -6.3393e-07 -2.12023e-08
371.6 -6.6804e-07 -3.53674e-08
372 -6.96691e-07 -4.70449e-08
372.4 -7.18807e-07 -5.57988e-08
372.8 -7.33576e-07 -6.13119e-08
373.2 -7.40483e-07 -6.3398e-08
373.6 -7.39327e-07 -6.20075e-08
374 -7.30225e-07 -5.72286e-08
374.4 -7.13608e-07 -4.92831e-08
374.8 -6.90198e-07 -3.85159e-08
375.2 -6.6098e-07 -2.53808e-08
375.6 -6.27157e-07 -1.04216e-08
376 -5.90107e-07 5.74998e-09
376.4 -5.51319e-07 2.24794e-08
376.8 -5.12341e-07 3.90951e-08
377.2 -4.74713e-07 5.49355e-08
377.6 -4.39905e-07 6.93751e-08
378 -4.09265e-07 8.18489e-08
378.4 -3.83961e-07 9.18742e-08
378.8 -3.64938e-07 9.90694e-08
379.2 -3.52884e-07 1.03168e-07
379.6 -3.48199e-07 1.04028e-07
380 -3.5099e-07 1.01638e-07
380.4 -3.61058e-07 9.61158e-08
380.8 -3.7792e-07 8.77008e-08
381.2 -4.00821e-07 7.6747e-08
381.6 -4.28769e-07 6.37063e-08
382 -4.60577e-07 4.911e-08
382.4 -4.94912e-07 3.35472e-08
382.8 -5.30346e-07 1.76414e-08
383.2 -5.65417e-07 2.02489e-09
383.6 -5.98682e-07 -1.26857e-08
384 -6.28781e-07 -2.59142e-08
384.4 -6.54485e-07 -3.71472e-08
384.8 -6.74746e-07 -4.59538e-08
385.2 -6.88737e-07 -5.20026e-08
385.6 -6.95884e-07 -5.50737e-08
386 -6.95885e-07 -5.50665e-08
386.4 -6.88723e-07 -5.20032e-08
386.8 -6.74663e-07 -4.60269e-08
387.2 -6.54239e-07 -3.7395e-08
387.6 -6.28233e-07 -2.64684e-08
388 -5.97643e-07 -1.36962e-08
388.4 -5.63639e-07 4.02563e-10
388.8 -5.27519e-07 1.52598e-08
389.2 -4.90655e-07 3.02815e-08
389.6 -4.5444e-07 4.48711e-08
390 -4.20229e-07 5.84534e-08
390.4 -3.89293e-07 7.0497e-08
390.8 -3.62763e-07 8.0535e-08
391.2 -3.41591e-07 8.8183e-08
391.6 -3.26509e-07 9.31541e-08
392 -3.18008e-07 9.52688e-08
392.4 -3.16315e-07 9.44619e-08
392.8 -3.2139e-07 9.07843e-08
393.2 -3.32928e-07 8.43997e-08
393.6 -3.50373e-07 7.55778e-08
394 -3.72941e-07 6.46824e-08
394.4 -3.99657e-07 5.21568e-08
394.8 -4.2939e-07 3.85052e-08
395.2 -4.60902e-07 2.42728e-08
395.6 -4.92897e-07 1.00236e-08
396 -5.2407e-07 -3.68215e-09
396.4 -5.53166e-07 -1.63097e-08
396.8 -5.79021e-07 -2.73711e-08
397.2 -6.00611e-07 -3.64441e-08
397.6 -6.17091e-07 -4.31885e-08
398 -6.2783e-07 -4.73587e-08
398.4 -6.32426e-07 -4.88131e-08
398.8 -6.3073e-07 -4.75187e-08
399.2 -6.22842e-07 -4.35521e-08
399.6 -6.0911e-07 -3.70948e-08
400 -5.90111e-07 -2.84262e-08
