-0.498 1.14629 0.803606
-0.496 1.35618 0.827905
-0.494 1.51798 0.836422
-0.492 1.62403 0.827752
-0.49 1.66922 0.801113
-0.488 1.65126 0.756407
-0.486 1.57078 0.694248
-0.484 1.43128 0.615961
-0.482 1.23898 0.52354
-0.48 1.00251 0.419583
-0.478 0.732505 0.307191
-0.476 0.441088 0.189843
-0.474 0.141285 0.071253
-0.472 -0.153585 -0.0447856
-0.47 -0.430544 -0.154563
-0.468 -0.677569 -0.254609
-0.466 -0.884149 -0.341846
-0.464 -1.04178 -0.413719
-0.462 -1.14433 -0.468302
-0.46 -1.18833 -0.504382
-0.458 -1.17311 -0.521502
-0.456 -1.10079 -0.519977
-0.454 -0.976142 -0.50087
-0.452 -0.806336 -0.465933
-0.45 -0.600563 -0.41752
-0.448 -0.36955 -0.358475
-0.446 -0.125019 -0.291986
-0.444 0.120906 -0.221441
-0.442 0.35631 -0.150266
-0.44 0.570075 -0.0817635
-0.438 0.752429 -0.0189638
-0.436 0.895415 0.0355116
-0.434 0.993267 0.0795643
-0.432 1.04267 0.111705
-0.43 1.04289 0.131109
-0.428 0.995758 0.137638
-0.426 0.905551 0.131823
-0.424 0.778698 0.114823
-0.422 0.623414 0.0883374
-0.42 0.449217 0.0545093
-0.418 0.266389 0.0157921
-0.416 0.0853913 -0.0251901
-0.414 -0.083723 -0.065792
-0.412 -0.231877 -0.103496
-0.41 -0.351481 -0.136051
-0.408 -0.436863 -0.161602
-0.406 -0.484592 -0.178785
-0.404 -0.493679 -0.186813
-0.402 -0.465644 -0.185508
-0.4 -0.404438 -0.175322
-0.398 -0.316234 -0.157304
-0.396 -0.209093 -0.133045
-0.394 -0.0925128 -0.104592
-0.392 0.0231 -0.0743252
-0.39 0.127022 -0.0448292
-0.388 0.208832 -0.0187401
-0.386 0.259022 0.00140836
-0.384 0.269576 0.0133374
-0.382 0.234478 0.0151648
-0.38 0.150122 0.00552851
-0.378 0.0156101 -0.0163156
-0.376 -0.167091 -0.0504259
-0.374 -0.393137 -0.0961427
-0.372 -0.654945 -0.152093
-0.37 -0.942474 -0.216233
-0.368 -1.24364 -0.285925
-0.366 -1.54486 -0.358052
-0.364 -1.83165 -0.429153
-0.362 -2.08934 -0.495584
-0.36 -2.30376 -0.553691
-0.358 -2.46196 -0.599991
-0.356 -2.5529 -0.631341
-0.354 -2.56799 -0.645104
-0.352 -2.5016 -0.63929
-0.35 -2.35143 -0.612666
-0.348 -2.11868 -0.56484
-0.346 -1.80811 -0.496299
-0.344 -1.42788 -0.408413
-0.342 -0.98929 -0.303393
-0.34 -0.506319 -0.184216
-0.338 0.00496944 -0.0545058
-0.336 0.527095 0.0816111
-0.334 1.04193 0.219674
-0.332 1.53148 0.355077
-0.33 1.97871 0.483261
-0.328 2.36827 0.599908
-0.326 2.68719 0.701125
-0.324 2.92546 0.783607
-0.322 3.07644 0.844773
-0.32 3.13718 0.882876
-0.318 3.10848 0.897069
-0.316 2.99484 0.88743
-0.314 2.80423 0.854947
-0.312 2.54765 0.801467
-0.31 2.23862 0.729596
-0.308 1.89247 0.642573
-0.306 1.52563 0.544117
-0.304 1.15483 0.438249
-0.302 0.796303 0.329106
-0.3 0.464987 0.220754
-0.298 0.173865 0.117004
-0.296 -0.0666522 0.0212469
-0.294 -0.249186 -0.0636883
-0.292 -0.369698 -0.135648
-0.29 -0.42763 -0.193229
-0.288 -0.42587 -0.235817
-0.286 -0.370537 -0.263584
-0.284 -0.27061 -0.277444
-0.282 -0.137412 -0.278975
-0.28 0.0160252 -0.27031
-0.278 0.175678 -0.253996
-0.276 0.3273 -0.232843
-0.274 0.457197 -0.209755
-0.272 0.552975 -0.187567
-0.27 0.604217 -0.168883
-0.268 0.603064 -0.155935
-0.266 0.544657 -0.15046
-0.264 0.427434 -0.153615
-0.262 0.253252 -0.165913
-0.26 0.0273339 -0.187206
-0.258 -0.241958 -0.216703
-0.256 -0.543512 -0.253015
-0.254 -0.864005 -0.29425
-0.252 -1.18856 -0.338118
-0.25 -1.50151 -0.382071
-0.248 -1.78716 -0.423453
-0.246 -2.03066 -0.459655
-0.244 -2.21874 -0.488271
-0.242 -2.34049 -0.507243
-0.24 -2.38794 -0.514983
-0.238 -2.35655 -0.510484
-0.236 -2.24558 -0.493378
-0.234 -2.05816 -0.463981
-0.232 -1.8013 -0.423284
-0.23 -1.4856 -0.372919
-0.228 -1.12484 -0.315076
-0.226 -0.735354 -0.252396
-0.224 -0.335295 -0.187837
-0.222 0.0562371 -0.124514
-0.22 0.420118 -0.0655293
-0.218 0.738151 -0.0137996
-0.216 0.994002 0.0281103
-0.214 1.17405 0.0581413
-0.212 1.26815 0.0748683
-0.21 1.2702 0.0775993
-0.208 1.17855 0.066437
-0.206 0.996227 0.0423002
-0.204 0.730857 0.00690281
-0.202 0.394445 -0.0373099
-0.2 0.00288981 -0.0872642
-0.198 -0.424688 -0.139396
-0.196 -0.866783 -0.189818
-0.194 -1.30048 -0.234506
-0.192 -1.70249 -0.269502
-0.19 -2.05027 -0.291107
-0.188 -2.32304 -0.296081
-0.186 -2.50286 -0.281812
-0.184 -2.57541 -0.246465
-0.182 -2.53082 -0.189095
-0.18 -2.36409 -0.109718
-0.178 -2.07547 -0.0093402
-0.176 -1.67049 0.110057
-0.174 -1.15978 0.245583
-0.172 -0.558676 0.393541
-0.17 0.113417 0.549576
-0.168 0.833816 0.708842
-0.166 1.57752 0.86621
-0.164 2.31828 1.01647
-0.162 3.02967 1.15457
-0.16 3.68624 1.2758
-0.158 4.26457 1.376
-0.156 4.74423 1.45174
-0.154 5.10863 1.50044
-0.152 5.34568 1.5205
-0.15 5.44824 1.51132
-0.148 5.41437 1.47332
-0.146 5.24736 1.40792
-0.144 4.95549 1.31744
-0.142 4.55161 1.20498
-0.14 4.05253 1.07428
-0.138 3.47822 0.92951
-0.136 2.8509 0.775112
-0.134 2.19407 0.615566
-0.132 1.53144 0.455202
-0.13 0.885935 0.298012
-0.128 0.27874 0.147489
-0.126 -0.271574 0.00649271
-0.124 -0.749764 -0.122844
-0.122 -1.14447 -0.23917
-0.12 -1.44857 -0.341924
-0.118 -1.65935 -0.431304
-0.116 -1.77846 -0.508188
-0.114 -1.81165 -0.574026
-0.112 -1.7684 -0.630699
-0.11 -1.66128 -0.680357
-0.108 -1.50531 -0.725244
-0.106 -1.3171 -0.767525
-0.104 -1.11409 -0.809116
-0.102 -0.913598 -0.851534
-0.1 -0.732068 -0.895773
-0.098 -0.58425 -0.942216
-0.096 -0.482531 -0.990582
-0.094 -0.43638 -1.03991
-0.092 -0.451925 -1.08861
-0.09 -0.531699 -1.13452
-0.088 -0.674548 -1.17503
-0.086 -0.875714 -1.20722
-0.084 -1.12709 -1.22806
-0.082 -1.41762 -1.23453
-0.08 -1.73388 -1.22392
-0.078 -2.06071 -1.19392
-0.076 -2.38199 -1.14283
-0.074 -2.68146 -1.06972
-0.072 -2.94356 -0.974555
-0.07 -3.15419 -0.858214
-0.068 -3.30146 -0.72257
-0.066 -3.37633 -0.570441
-0.064 -3.37306 -0.40552
-0.062 -3.28951 -0.232255
-0.06 -3.12723 -0.0556815
-0.058 -2.89139 0.118778
-0.056 -2.59046 0.285545
-0.054 -2.23574 0.43913
-0.052 -1.84071 0.574381
-0.05 -1.42035 0.686727
-0.048 -0.990281 0.7724
-0.046 -0.565964 0.828623
-0.044 -0.161932 0.853762
-0.042 0.20893 0.847422
-0.04 0.53597 0.810487
-0.038 0.811201 0.745109
-0.036 1.02956 0.654627
-0.034 1.189 0.543436
-0.032 1.29035 0.416803
-0.03 1.33711 0.280636
-0.028 1.33496 0.141225
-0.026 1.29131 0.00495661
-0.024 1.21462 -0.121978
-0.022 1.11388 -0.23387
-0.02 0.997919 -0.325759
-0.018 0.874933 -0.393668
-0.016 0.752003 -0.434797
-0.014 0.63479 -0.447655
-0.012 0.527335 -0.432137
-0.01 0.432006 -0.389532
-0.008 0.349546 -0.322465
-0.006 0.279241 -0.234771
-0.004 0.219137 -0.131316
-0.002 0.166323 -0.0177614
0 0.117234 0.0997107
0.002 0.0681863 0.214682
0.004 0.0150746 0.320844
0.006 -0.0457239 0.412275
0.008 -0.117208 0.483738
0.01 -0.201442 0.530939
0.012 -0.299279 0.550737
0.014 -0.410119 0.5413
0.016 -0.53175 0.502202
0.018 -0.660281 0.434444
0.02 -0.79019 0.340417
0.022 -0.914505 0.223793
0.024 -1.02512 0.0893546
0.026 -1.11324 -0.0572208
0.028 -1.16987 -0.209623
0.03 -1.18648 -0.361195
0.032 -1.15555 -0.505235
0.034 -1.0712 -0.635298
0.036 -0.929717 -0.745479
0.038 -0.729946 -0.830674
0.04 -0.473601 -0.886798
0.042 -0.165353 -0.910952
0.044 0.187228 -0.901543
0.046 0.57392 -0.858329
0.048 0.982271 -0.782416
0.05 1.39816 -0.676185
0.052 1.8065 -0.543169
0.054 2.19198 -0.387872
0.056 2.53987 -0.215557
0.058 2.83684 -0.0319999
0.06 3.07165 0.156774
0.062 3.23577 0.344754
0.064 3.32391 0.526204
0.066 3.33423 0.695899
0.068 3.26853 0.849325
0.07 3.13213 0.982848
0.072 2.93357 1.09383
0.074 2.68421 1.18068
0.076 2.39756 1.24289
0.078 2.08863 1.28095
0.08 1.77314 1.29631
0.082 1.46668 1.29119
0.084 1.18394 1.26845
0.086 0.938 1.23136
0.088 0.739598 1.18344
0.09 0.596651 1.12818
0.092 0.513828 1.0689
0.094 0.4923 1.00854
0.096 0.529659 0.94948
0.098 0.620004 0.893468
0.1 0.754186 0.841511
0.102 0.920218 0.793854
0.104 1.10382 0.749999
0.106 1.28909 0.708764
0.108 1.45924 0.668386
0.11 1.59744 0.626662
0.112 1.68766 0.581116
0.114 1.71545 0.529181
0.116 1.66878 0.468391
0.118 1.53866 0.396569
0.12 1.31976 0.312006
0.122 1.01075 0.213605
0.124 0.614581 0.101007
0.126 0.138486 -0.0253364
0.128 -0.406186 -0.164121
0.13 -1.00433 -0.313204
0.132 -1.63764 -0.469662
0.134 -2.28532 -0.629891
0.136 -2.92494 -0.789748
0.138 -3.53337 -0.944721
0.14 -4.08778 -1.09013
0.142 -4.56664 -1.22135
0.144 -4.95072 -1.334
0.146 -5.22391 -1.42418
0.148 -5.37404 -1.48863
0.15 -5.39345 -1.52493
0.152 -5.27941 -1.53162
0.154 -5.03428 -1.50825
0.156 -4.66553 -1.45548
0.158 -4.18547 -1.375
0.16 -3.61078 -1.26953
0.162 -2.96184 -1.14269
0.164 -2.26191 -0.998842
0.166 -1.53616 -0.842936
0.168 -0.810615 -0.680273
0.17 -0.111052 -0.516295
0.172 0.538093 -0.356354
0.174 1.11476 -0.205484
0.176 1.60021 -0.0681918
0.178 1.97978 0.051722
0.18 2.24353 0.151316
0.182 2.38658 0.228617
0.184 2.40932 0.282676
0.186 2.31727 0.31359
0.188 2.12082 0.322461
0.19 1.83466 0.311319
0.192 1.47707 0.282997
0.194 1.06899 0.240977
0.196 0.633076 0.1892
0.198 0.19261 0.131865
0.2 -0.229601 0.0732214
0.202 -0.612256 0.0173564
0.204 -0.936524 -0.031997
0.206 -1.18687 -0.0716339
0.208 -1.35172 -0.0990199
0.21 -1.42391 -0.112397
0.212 -1.40093 -0.110846
0.214 -1.28493 -0.0943078
0.216 -1.08255 -0.06356
0.218 -0.804409 -0.0201476
0.22 -0.464598 0.0337194
0.222 -0.0798548 0.0953035
0.224 0.331281 0.161499
0.226 0.749409 0.229011
0.228 1.15523 0.294533
0.23 1.53045 0.35493
0.232 1.85868 0.4074
0.234 2.12614 0.449625
0.236 2.32228 0.479877
0.238 2.44017 0.497108
0.24 2.47679 0.500989
0.242 2.43302 0.491912
0.244 2.31352 0.47096
0.246 2.12638 0.439826
0.248 1.88265 0.400709
0.25 1.59568 0.356186
0.252 1.28042 0.309051
0.254 0.952623 0.262154
0.256 0.628009 0.218238
0.258 0.3215 0.179773
0.26 0.0464524 0.148815
0.262 -0.185991 0.126881
0.264 -0.367432 0.114856
0.266 -0.492602 0.112938
0.268 -0.559588 0.120614
0.27 -0.569872 0.136677
0.272 -0.528209 0.15929
0.274 -0.442329 0.186071
0.276 -0.322486 0.214224
0.278 -0.180882 0.240688
0.28 -0.030993 0.262302
0.282 0.11318 0.275987
0.284 0.237875 0.27892
0.286 0.33033 0.268702
0.288 0.379495 0.243508
0.29 0.376649 0.202213
0.292 0.315913 0.144477
0.294 0.194609 0.0708019
0.296 0.0134639 -0.0174621
0.298 -0.223364 -0.118146
0.3 -0.50843 -0.228338
0.302 -0.831319 -0.344493
0.304 -1.17912 -0.462584
0.306 -1.537 -0.578268
0.308 -1.88895 -0.687081
0.31 -2.21851 -0.78464
0.312 -2.50959 -0.866838
0.314 -2.74725 -0.930036
0.316 -2.91846 -0.97124
0.318 -3.01269 -0.988233
0.32 -3.02252 -0.979697
0.322 -2.94399 -0.945274
0.324 -2.77683 -0.885597
0.326 -2.52453 -0.80227
0.328 -2.1942 -0.69781
0.33 -1.79628 -0.575544
0.332 -1.3441 -0.439469
0.334 -0.853259 -0.29409
0.336 -0.340995 -0.144228
0.338 0.174637 0.0051828
0.34 0.675538 0.149295
0.342 1.14437 0.283553
0.344 1.56529 0.403874
0.346 1.92469 0.506809
0.348 2.21167 0.589678
0.35 2.41857 0.650662
0.352 2.54118 0.688858
0.354 2.57889 0.704296
0.356 2.53461 0.697907
0.358 2.41457 0.671458
0.36 2.22795 0.627445
0.362 1.98636 0.56896
0.364 1.70326 0.499529
0.366 1.39324 0.422942
0.368 1.07137 0.343066
0.37 0.752397 0.263666
0.372 0.45014 0.188237
0.374 0.176801 0.119848
0.376 -0.0575334 0.0610198
0.378 -0.245313 0.0136231
0.38 -0.381798 -0.0211777
0.382 -0.465187 -0.0429501
0.384 -0.496595 -0.0519803
0.386 -0.479883 -0.0492224
0.388 -0.421354 -0.0362169
0.39 -0.329328 -0.0149793
0.392 -0.213627 0.0121313
0.394 -0.0849888 0.0425589
0.396 0.0455502 0.0737035
0.398 0.167278 0.103072
0.4 0.270401 0.128422
0.402 0.346576 0.147882
0.404 0.389358 0.160059
0.406 0.394543 0.164106
0.408 0.360375 0.159767
0.41 0.287631 0.147385
0.412 0.179552 0.127874
0.414 0.0416565 0.102659
0.416 -0.118587 0.0735954
0.418 -0.292179 0.0428502
0.42 -0.4691 0.0127788
0.422 -0.638873 -0.0142176
0.424 -0.79115 -0.0358349
0.426 -0.916298 -0.0500056
0.428 -1.00594 -0.055027
0.43 -1.05345 -0.0496704
0.432 -1.05431 -0.0332668
0.434 -1.00642 -0.0057634
0.436 -0.910244 0.0322519
0.438 -0.768799 0.0795593
0.44 -0.587573 0.134349
0.442 -0.374257 0.194297
0.444 -0.138385 0.256662
0.446 0.10913 0.318414
0.448 0.356531 0.376374
0.45 0.59181 0.427364
0.452 0.803304 0.468364
0.454 0.980289 0.496654
0.456 1.11353 0.509958
0.458 1.19577 0.506553
0.46 1.22207 0.485366
0.462 1.19016 0.446035
0.464 1.10049 0.388935
0.466 0.956299 0.315177
0.468 0.763461 0.226567
0.47 0.530229 0.125535
0.472 0.26685 0.0150372
0.474 -0.0149075 -0.101572
0.476 -0.302316 -0.220679
0.478 -0.582291 -0.338566
0.48 -0.842021 -0.451569
0.482 -1.06958 -0.556229
0.484 -1.25452 -0.649438
0.486 -1.38833 -0.728563
0.488 -1.46491 -0.791551
0.49 -1.48082 -0.836997
0.492 -1.43546 -0.864197
0.494 -1.33112 -0.873149
0.496 -1.17283 -0.864538
0.498 -0.968154 -0.839676
0.4 0.00483137 0.00274595
0.8 0.00490359 0.00279233
1.2 0.00502299 0.00286904
1.6 0.00518814 0.00297523
2 0.00539709 0.00310971
2.4 0.00564741 0.00327096
2.8 0.00593626 0.00345714
3.2 0.00626047 0.00366615
3.6 0.00661657 0.00389558
4 0.00700092 0.0041428
4.4 0.00740977 0.00440494
4.8 0.00783937 0.00467894
5.2 0.00828602 0.00496156
5.6 0.00874619 0.00524946
6 0.00921657 0.00553918
6.4 0.00969416 0.00582721
6.8 0.0101763 0.00611003
7.2 0.0106607 0.00638416
7.6 0.0111456 0.00664616
8 0.0116295 0.00689272
8.4 0.0121116 0.0071207
8.8 0.0125914 0.00732713
9.2 0.0130687 0.00750929
9.6 0.0135439 0.00766476
10 0.0140176 0.00779142
10.4 0.0144907 0.00788749
10.8 0.014964 0.00795158
11.2 0.0154388 0.00798271
11.6 0.0159161 0.00798032
12 0.0163969 0.00794429
12.4 0.0168819 0.00787492
12.8 0.0173717 0.00777301
13.2 0.0178663 0.00763974
13.6 0.0183653 0.00747678
14 0.0188678 0.00728615
14.4 0.0193723 0.00707031
14.8 0.0198767 0.00683203
15.2 0.0203781 0.00657441
15.6 0.020873 0.00630081
16 0.0213574 0.00601483
16.4 0.0218264 0.00572019
16.8 0.0222748 0.00542076
17.2 0.0226968 0.00512044
17.6 0.0230861 0.0048231
18 0.0234362 0.00453255
18.4 0.0237406 0.00425247
18.8 0.0239924 0.00398633
19.2 0.0241851 0.00373735
19.6 0.0243124 0.00350844
20 0.0243684 0.00330216
20.4 0.0243478 0.00312069
20.8 0.0242459 0.00296576
21.2 0.0240591 0.00283867
21.6 0.0237847 0.00274023
22 0.0234209 0.00267077
22.4 0.0229675 0.00263014
22.8 0.0224252 0.00261769
23.2 0.0217963 0.00263234
23.6 0.0210844 0.00267255
24 0.0202943 0.00273638
24.4 0.0194322 0.0028215
24.8 0.0185058 0.00292527
25.2 0.0175236 0.00304479
25.6 0.0164954 0.0031769
26 0.0154318 0.00331833
26.4 0.0143443 0.00346565
26.8 0.013245 0.00361543
27.2 0.0121461 0.00376424
27.6 0.0110603 0.00390874
28 0.0100002 0.00404571
28.4 0.00897805 0.00417214
28.8 0.0080057 0.00428523
29.2 0.00709431 0.00438247
29.6 0.00625418 0.00446168
30 0.00549453 0.00452099
30.4 0.00482335 0.00455893
30.8 0.00424726 0.0045744
31.2 0.0037714 0.00456668
31.6 0.00339931 0.00453544
32 0.00313291 0.00448072
32.4 0.00297245 0.00440295
32.8 0.00291653 0.00430287
33.2 0.00296215 0.00418154
33.6 0.00310475 0.00404032
34 0.00333833 0.00388078
34.4 0.0036556 0.00370473
34.8 0.00404811 0.00351412
35.2 0.00450645 0.00331101
35.6 0.00502044 0.00309755
36 0.00557932 0.0028759
36.4 0.00617199 0.00264824
36.8 0.00678725 0.00241667
37.2 0.00741399 0.00218322
37.6 0.00804142 0.00194978
38 0.00865926 0.00171812
38.4 0.00925798 0.00148982
38.8 0.00982891 0.00126627
39.2 0.0103644 0.00104868
39.6 0.010858 0.000838011
40 0.0113046 0.000635048
40.4 0.0117 0.000440345
40.8 0.0120419 0.000254254
41.2 0.012329 7.69335e-05
41.6 0.0125612 -9.16403e-05
42 0.0127401 -0.000251654
42.4 0.0128679 -0.00040344
42.8 0.0129483 -0.000547452
43.2 0.0129855 -0.000684244
43.6 0.0129846 -0.000814446
44 0.0129514 -0.000938742
44.4 0.0128918 -0.00105784
44.8 0.0128119 -0.00117247
45.2 0.012718 -0.00128332
45.6 0.0126159 -0.00139107
46 0.0125112 -0.00149632
46.4 0.0124088 -0.00159963
46.8 0.0123129 -0.00170146
47.2 0.012227 -0.00180216
47.6 0.0121535 -0.00190201
48 0.0120937 -0.00200113
48.4 0.0120479 -0.00209956
48.8 0.0120154 -0.0021972
49.2 0.0119941 -0.00229382
49.6 0.0119811 -0.00238906
50 0.0119725 -0.00248245
50.4 0.0119633 -0.00257338
50.8 0.011948 -0.00266113
51.2 0.0119202 -0.00274485
51.6 0.0118733 -0.00282358
52 0.0118002 -0.00289627
52.4 0.011694 -0.00296176
52.8 0.0115476 -0.00301879
53.2 0.0113545 -0.00306605
53.6 0.0111085 -0.00310213
54 0.0108043 -0.00312557
54.4 0.0104374 -0.00313489
54.8 0.0100044 -0.00312857
55.2 0.00950308 -0.00310506
55.6 0.00893258 -0.00306285
56 0.00829343 -0.00300044
56.4 0.00758769 -0.0029164
56.8 0.00681891 -0.00280936
57.2 0.00599219 -0.00267806
57.6 0.00511411 -0.00252137
58 0.00419268 -0.0023383
58.4 0.00323725 -0.00212807
58.8 0.00225839 -0.00189009
59.2 0.00126772 -0.00162401
59.6 0.000277743 -0.00132974
60 -0.000698355 -0.00100748
60.4 -0.00164692 -0.000657746
60.8 -0.00255405 -0.000281355
61.2 -0.00340586 0.000120528
61.6 -0.00418872 0.000546397
62 -0.00488947 0.000994399
62.4 -0.0054957 0.00146234
62.8 -0.00599595 0.00194769
63.2 -0.00637993 0.00244762
63.6 -0.00663875 0.00295897
64 -0.00676505 0.00347837
64.4 -0.00675318 0.00400218
64.8 -0.00659933 0.0045266
65.2 -0.00630159 0.00504771
65.6 -0.00586003 0.00556149
66 -0.00527674 0.00606391
66.4 -0.00455579 0.00655101
66.8 -0.00370324 0.00701892
67.2 -0.00272699 0.00746395
67.6 -0.00163676 0.00788267
68 -0.000443897 0.00827195
68.4 0.000838781 0.00862903
68.8 0.00219715 0.0089516
69.2 0.003616 0.0092378
69.6 0.00507927 0.00948633
70 0.00657027 0.00969641
70.4 0.00807195 0.00986788
70.8 0.00956711 0.0100012
71.2 0.0110387 0.0100973
71.6 0.0124701 0.0101578
72 0.0138452 0.010185
72.4 0.0151489 0.0101816
72.8 0.0163669 0.0101508
73.2 0.0174865 0.0100963
73.6 0.018496 0.0100222
74 0.0193857 0.00993266
74.4 0.0201474 0.00983241
74.8 0.0207744 0.00972611
75.2 0.0212623 0.00961849
75.6 0.0216083 0.00951422
76 0.0218113 0.00941783
76.4 0.0218723 0.00933359
76.8 0.0217938 0.00926544
77.2 0.0215802 0.0092169
77.6 0.0212373 0.00919098
78 0.0207723 0.00919015
78.4 0.0201935 0.00921624
78.8 0.0195106 0.00927041
79.2 0.018734 0.00935314
79.6 0.0178748 0.00946421
80 0.0169445 0.00960269
80.4 0.015955 0.00976696
80.8 0.0149182 0.00995472
81.2 0.0138461 0.0101631
81.6 0.0127502 0.0103886
82 0.0116415 0.0106274
82.4 0.0105305 0.0108751
82.8 0.00942691 0.0111271
83.2 0.00833952 0.0113785
83.6 0.00727614 0.0116245
84 0.00624356 0.0118601
84.4 0.00524742 0.0120806
84.8 0.00429226 0.0122813
85.2 0.00338144 0.0124581
85.6 0.00251722 0.012607
86 0.00170079 0.012725
86.4 0.0009323 0.0128091
86.8 0.000210957 0.0128574
87.2 -0.000464871 0.0128686
87.6 -0.00109756 0.012842
88 -0.00169011 0.0127778
88.4 -0.002246 0.0126769
88.8 -0.0027691 0.012541
89.2 -0.0032635 0.0123723
89.6 -0.00373337 0.012174
90 -0.00418288 0.0119497
90.4 -0.00461603 0.0117036
90.8 -0.00503658 0.0114402
91.2 -0.00544791 0.0111645
91.6 -0.00585297 0.0108817
92 -0.00625416 0.0105972
92.4 -0.00665333 0.0103162
92.8 -0.00705171 0.0100441
93.2 -0.00744987 0.00978586
93.6 -0.00784775 0.00954623
94 -0.00824466 0.00932954
94.4 -0.00863929 0.00913962
94.8 -0.00902975 0.00897972
95.2 -0.00941367 0.00885242
95.6 -0.0097882 0.00875963
96 -0.0101501 0.00870249
96.4 -0.010496 0.00868138
96.8 -0.0108221 0.00869592
97.2 -0.0111247 0.00874496
97.6 -0.0113998 0.00882661
98 -0.0116439 0.00893828
98.4 -0.0118534 0.00907675
98.8 -0.012025 0.0092382
99.2 -0.0121557 0.00941833
99.6 -0.0122431 0.00961243
100 -0.0122849 0.00981544
100.4 -0.0122798 0.0100221
100.8 -0.0122266 0.0102271
101.2 -0.012125 0.010425
101.6 -0.0119751 0.0106106
102 -0.0117776 0.0107788
102.4 -0.011534 0.0109247
102.8 -0.0112461 0.0110439
103.2 -0.0109163 0.0111326
103.6 -0.0105476 0.0111872
104 -0.0101432 0.0112049
104.4 -0.00970698 0.0111834
104.8 -0.00924287 0.0111212
105.2 -0.00875517 0.0110174
105.6 -0.00824834 0.0108717
106 -0.00772692 0.0106846
106.4 -0.00719552 0.0104571
106.8 -0.00665871 0.010191
107.2 -0.00612095 0.00988841
107.6 -0.00558655 0.00955222
108 -0.00505963 0.00918563
108.4 -0.00454402 0.00879224
108.8 -0.00404327 0.00837596
109.2 -0.00356059 0.00794096
109.6 -0.00309882 0.00749151
110 -0.00266042 0.00703201
110.4 -0.00224744 0.00656681
110.8 -0.00186156 0.00610022
111.2 -0.00150403 0.00563636
111.6 -0.00117572 0.00517918
112 -0.000877124 0.00473233
112.4 -0.000608369 0.00429916
112.8 -0.000369251 0.00388266
113.2 -0.000159254 0.00348542
113.6 2.24167e-05 0.00310961
114 0.000176805 0.002757
114.4 0.00030517 0.00242889
114.8 0.000408954 0.00212619
115.2 0.000489748 0.00184935
115.6 0.000549258 0.00159845
116 0.000589276 0.0013732
116.4 0.000611649 0.00117296
116.8 0.000618251 0.000996786
117.2 0.000610957 0.00084347
117.6 0.000591623 0.000711587
118 0.00056206 0.000599532
118.4 0.000524021 0.00050557
118.8 0.000479182 0.000427876
119.2 0.000429133 0.000364581
119.6 0.000375363 0.00031381
120 0.000319255 0.00027372
120.4 0.00026208 0.000242536
120.8 0.000204989 0.000218576
121.2 0.000149016 0.000200279
121.6 9.50704e-05 0.000186227
122 4.39435e-05 0.000175154
122.4 -3.69409e-06 0.000165963
122.8 -4.7289e-05 0.000157726
123.2 -8.64014e-05 0.000149691
123.6 -0.000120702 0.000141273
124 -0.000149966 0.00013205
124.4 -0.000174068 0.000121751
124.8 -0.000192979 0.000110246
125.2 -0.000206754 9.75275e-05
125.6 -0.000215533 8.36933e-05
126 -0.000219527 6.89304e-05
126.4 -0.000219012 5.34946e-05
126.8 -0.000214324 3.76923e-05
127.2 -0.000205847 2.18624e-05
127.6 -0.000194008 6.35815e-06
128 -0.000179262 -8.46784e-06
128.4 -0.000162089 -2.22787e-05
128.8 -0.000142983 -3.47655e-05
129.2 -0.000122441 -4.56576e-05
129.6 -0.000100957 -5.47307e-05
130 -7.90116e-05 -6.18129e-05
130.4 -5.70627e-05 -6.67883e-05
130.8 -3.55407e-05 -6.95982e-05
131.2 -1.48399e-05 -7.02411e-05
131.6 4.68764e-06 -6.87695e-05
132 2.27371e-05 -6.52867e-05
132.4 3.90548e-05 -5.9941e-05
132.8 5.34417e-05 -5.2919e-05
133.2 6.57545e-05 -4.44388e-05
133.6 7.5907e-05 -3.47419e-05
134 8.38687e-05 -2.40851e-05
134.4 8.96634e-05 -1.27324e-05
134.8 9.33657e-05 -9.47632e-07
135.2 9.50972e-05 1.10133e-05
135.6 9.5021e-05 2.29086e-05
136 9.33358e-05 3.45167e-05
136.4 9.02694e-05 4.56406e-05
136.8 8.6071e-05 5.61117e-05
137.2 8.10041e-05 6.57927e-05
137.6 7.53386e-05 7.45785e-05
138 6.93433e-05 8.23972e-05
138.4 6.32786e-05 8.92089e-05
138.8 5.73895e-05 9.50045e-05
139.2 5.18994e-05 9.98034e-05
139.6 4.70049e-05 0.00010365
140 4.28713e-05 0.00010661
140.4 3.96287e-05 0.000108767
140.8 3.73704e-05 0.000110217
141.2 3.61509e-05 0.000111066
141.6 3.59865e-05 0.000111422
142 3.68561e-05 0.000111395
142.4 3.87031e-05 0.00011109
142.8 4.14392e-05 0.000110605
143.2 4.49475e-05 0.000110027
143.6 4.90882e-05 0.00010943
144 5.37029e-05 0.000108875
144.4 5.86209e-05 0.000108405
144.8 6.36651e-05 0.000108047
145.2 6.86573e-05 0.000107811
145.6 7.34249e-05 0.000107692
146 7.78056e-05 0.00010767
146.4 8.16529e-05 0.000107711
146.8 8.48399e-05 0.000107772
147.2 8.72639e-05 0.000107799
147.6 8.88483e-05 0.000107732
148 8.95451e-05 0.000107509
148.4 8.93359e-05 0.000107066
148.8 8.82321e-05 0.00010634
149.2 8.62737e-05 0.000105273
149.6 8.35281e-05 0.000103813
150 8.00878e-05 0.000101917
150.4 7.60668e-05 9.95505e-05
150.8 7.15972e-05 9.6692e-05
151.2 6.68251e-05 9.33311e-05
151.6 6.19061e-05 8.947e-05
152 5.70006e-05 8.5124e-05
152.4 5.22693e-05 8.03203e-05
152.8 4.78684e-05 7.50981e-05
153.2 4.39455e-05 6.9507e-05
153.6 4.06357e-05 6.3606e-05
154 3.80576e-05 5.74618e-05
154.4 3.6311e-05 5.11471e-05
154.8 3.54741e-05 4.47389e-05
155.2 3.56022e-05 3.83163e-05
155.6 3.67261e-05 3.19587e-05
156 3.88527e-05 2.57441e-05
156.4 4.19643e-05 1.97468e-05
156.8 4.60206e-05 1.40365e-05
157.2 5.09597e-05 8.67619e-06
157.6 5.67004e-05 3.72125e-06
158 6.31444e-05 -7.8158e-07
158.4 7.01799e-05 -4.79495e-06
158.8 7.76838e-05 -8.29136e-06
159.2 8.55258e-05 -1.12533e-05
159.6 9.35708e-05 -1.36734e-05
160 0.000101683 -1.55536e-05
160.4 0.000109729 -1.69052e-05
160.8 0.000117579 -1.7748e-05
161.2 0.000125112 -1.81089e-05
161.6 0.000132217 -1.80215e-05
162 0.000138793 -1.75248e-05
162.4 0.000144754 -1.66618e-05
162.8 0.000150026 -1.54786e-05
163.2 0.000154553 -1.40228e-05
163.6 0.00015829 -1.23428e-05
164 0.00016121 -1.04866e-05
164.4 0.000163298 -8.50065e-06
164.8 0.000164555 -6.42902e-06
165.2 0.000164991 -4.31284e-06
165.6 0.00016463 -2.18956e-06
166 0.000163503 -9.25567e-08
166.4 0.000161652 1.9492e-06
166.8 0.000159122 3.91125e-06
167.2 0.000155965 5.77374e-06
167.6 0.000152237 7.52125e-06
168 0.000147993 9.14261e-06
168.4 0.000143292 1.06306e-05
168.8 0.00013819 1.19816e-05
169.2 0.000132743 1.31951e-05
169.6 0.000127005 1.42733e-05
170 0.000121026 1.52205e-05
170.4 0.000114855 1.60428e-05
170.8 0.000108536 1.67475e-05
171.2 0.000102109 1.73428e-05
171.6 9.56114e-05 1.78371e-05
172 8.90784e-05 1.8239e-05
172.4 8.25408e-05 1.85567e-05
172.8 7.60268e-05 1.87982e-05
173.2 6.95624e-05 1.89707e-05
173.6 6.3171e-05 1.90804e-05
174 5.68744e-05 1.9133e-05
174.4 5.06927e-05 1.91334e-05
174.8 4.46444e-05 1.90853e-05
175.2 3.87468e-05 1.8992e-05
175.6 3.3016e-05 1.88561e-05
176 2.74669e-05 1.86797e-05
176.4 2.21133e-05 1.84642e-05
176.8 1.69678e-05 1.82111e-05
177.2 1.20417e-05 1.79215e-05
177.6 7.34475e-06 1.75965e-05
178 2.88541e-06 1.72371e-05
178.4 -1.32968e-06 1.68446e-05
178.8 -5.29562e-06 1.64201e-05
179.2 -9.00937e-06 1.59652e-05
179.6 -1.24698e-05 1.54814e-05
180 -1.56777e-05 1.49703e-05
180.4 -1.86358e-05 1.44336e-05
180.8 -2.13485e-05 1.38732e-05
181.2 -2.3822e-05 1.32908e-05
181.6 -2.60641e-05 1.26878e-05
182 -2.80836e-05 1.20656e-05
182.4 -2.98904e-05 1.14256e-05
182.8 -3.14954e-05 1.07685e-05
183.2 -3.29095e-05 1.00949e-05
183.6 -3.4144e-05 9.40497e-06
184 -3.52102e-05 8.69875e-06
184.4 -3.61189e-05 7.97581e-06
184.8 -3.68801e-05 7.23556e-06
185.2 -3.75035e-05 6.47723e-06
185.6 -3.79974e-05 5.69996e-06
186 -3.83694e-05 4.90296e-06
186.4 -3.86262e-05 4.08554e-06
186.8 -3.87733e-05 3.24731e-06
187.2 -3.88155e-05 2.38827e-06
187.6 -3.8757e-05 1.50892e-06
188 -3.86012e-05 6.10371e-07
188.4 -3.83515e-05 -3.0554e-07
188.8 -3.80111e-05 -1.2362e-06
189.2 -3.75832e-05 -2.17816e-06
189.6 -3.70718e-05 -3.12712e-06
190 -3.64811e-05 -4.07794e-06
190.4 -3.58163e-05 -5.02467e-06
190.8 -3.50837e-05 -5.96063e-06
191.2 -3.42902e-05 -6.87849e-06
191.6 -3.34443e-05 -7.77044e-06
192 -3.25552e-05 -8.6283e-06
192.4 -3.16331e-05 -9.44373e-06
192.8 -3.06892e-05 -1.02084e-05
193.2 -2.97351e-05 -1.09141e-05
193.6 -2.8783e-05 -1.15533e-05
194 -2.7845e-05 -1.21187e-05
194.4 -2.6933e-05 -1.2604e-05
194.8 -2.60585e-05 -1.30039e-05
195.2 -2.52317e-05 -1.33142e-05
195.6 -2.44619e-05 -1.35318e-05
196 -2.37567e-05 -1.36552e-05
196.4 -2.31219e-05 -1.3684e-05
196.8 -2.25613e-05 -1.36195e-05
197.2 -2.20765e-05 -1.34641e-05
197.6 -2.16667e-05 -1.32218e-05
198 -2.13291e-05 -1.28978e-05
198.4 -2.10583e-05 -1.24984e-05
198.8 -2.08472e-05 -1.2031e-05
199.2 -2.06867e-05 -1.15036e-05
199.6 -2.05659e-05 -1.09252e-05
200 -2.04729e-05 -1.03049e-05
200.4 -2.0395e-05 -9.65227e-06
200.8 -2.03189e-05 -8.97668e-06
201.2 -2.02313e-05 -8.28743e-06
201.6 -2.01194e-05 -7.5934e-06
202 -1.99714e-05 -6.90289e-06
202.4 -1.97764e-05 -6.22348e-06
202.8 -1.95255e-05 -5.56188e-06
203.2 -1.92116e-05 -4.92387e-06
203.6 -1.88297e-05 -4.31417e-06
204 -1.83773e-05 -3.73645e-06
204.4 -1.7854e-05 -3.19333e-06
204.8 -1.7262e-05 -2.68636e-06
205.2 -1.6606e-05 -2.21614e-06
205.6 -1.58925e-05 -1.78233e-06
206 -1.51299e-05 -1.38384e-06
206.4 -1.43286e-05 -1.01887e-06
206.8 -1.34997e-05 -6.85106e-07
207.2 -1.26554e-05 -3.79835e-07
207.6 -1.18084e-05 -1.00101e-07
208 -1.0971e-05 1.57153e-07
208.4 -1.01554e-05 3.94947e-07
208.8 -9.37254e-06 6.16141e-07
209.2 -8.63236e-06 8.23324e-07
209.6 -7.94309e-06 1.01873e-06
210 -7.31111e-06 1.20415e-06
210.4 -6.74073e-06 1.38092e-06
210.8 -6.2341e-06 1.54987e-06
211.2 -5.79117e-06 1.71132e-06
211.6 -5.40971e-06 1.86513e-06
212 -5.08547e-06 2.01075e-06
212.4 -4.81235e-06 2.14721e-06
212.8 -4.58267e-06 2.27328e-06
213.2 -4.38754e-06 2.38752e-06
213.6 -4.21713e-06 2.48835e-06
214 -4.06115e-06 2.57419e-06
214.4 -3.90923e-06 2.64352e-06
214.8 -3.75132e-06 2.69499e-06
215.2 -3.57807e-06 2.72748e-06
215.6 -3.38126e-06 2.74019e-06
216 -3.15402e-06 2.7327e-06
216.4 -2.89121e-06 2.70497e-06
216.8 -2.58953e-06 2.6574e-06
217.2 -2.24771e-06 2.59082e-06
217.6 -1.86655e-06 2.5065e-06
218 -1.44892e-06 2.40607e-06
218.4 -9.99652e-07 2.29151e-06
218.8 -5.25398e-07 2.16511e-06
219.2 -3.43986e-08 2.02934e-06
219.6 4.63793e-07 1.88684e-06
220 9.58628e-07 1.7403e-06
220.4 1.43892e-06 1.59238e-06
220.8 1.89322e-06 1.44564e-06
221.2 2.31017e-06 1.30246e-06
221.6 2.67892e-06 1.165e-06
222 2.98944e-06 1.03507e-06
222.4 3.23284e-06 9.14159e-07
222.8 3.40166e-06 8.03381e-07
223.2 3.49006e-06 7.03443e-07
223.6 3.49403e-06 6.14657e-07
224 3.41145e-06 5.36953e-07
224.4 3.24212e-06 4.69903e-07
224.8 2.98777e-06 4.12765e-07
225.2 2.65193e-06 3.64527e-07
225.6 2.23981e-06 3.23973e-07
226 1.75807e-06 2.89743e-07
226.4 1.21461e-06 2.60402e-07
226.8 6.18285e-07 2.34513e-07
227.2 -2.13881e-08 2.10695e-07
227.6 -6.94515e-07 1.87693e-07
228 -1.39113e-06 1.64426e-07
228.4 -2.10149e-06 1.40036e-07
228.8 -2.81632e-06 1.13923e-07
229.2 -3.52705e-06 8.57613e-08
229.6 -4.226e-06 5.55169e-08
230 -4.90653e-06 2.34386e-08
230.4 -5.56316e-06 -9.9549e-09
230.8 -6.19156e-06 -4.39032e-08
231.2 -6.78861e-06 -7.74417e-08
231.6 -7.35233e-06 -1.09448e-07
232 -7.88177e-06 -1.38693e-07
232.4 -8.37691e-06 -1.63902e-07
232.8 -8.83848e-06 -1.83811e-07
233.2 -9.2678e-06 -1.97225e-07
233.6 -9.66659e-06 -2.03075e-07
234 -1.00367e-05 -2.00472e-07
234.4 -1.03801e-05 -1.88746e-07
234.8 -1.06985e-05 -1.67484e-07
235.2 -1.09933e-05 -1.36555e-07
235.6 -1.12653e-05 -9.61229e-08
236 -1.1515e-05 -4.66513e-08
236.4 -1.17422e-05 1.11077e-08
236.8 -1.19458e-05 7.61318e-08
237.2 -1.21245e-05 1.4716e-07
237.6 -1.22761e-05 2.22731e-07
238 -1.23981e-05 3.01229e-07
238.4 -1.24876e-05 3.8094e-07
238.8 -1.25415e-05 4.60103e-07
239.2 -1.25565e-05 5.36968e-07
239.6 -1.25298e-05 6.09856e-07
240 -1.24586e-05 6.77209e-07
240.4 -1.23405e-05 7.37639e-07
240.8 -1.2174e-05 7.89971e-07
241.2 -1.19583e-05 8.33278e-07
241.6 -1.16933e-05 8.66904e-07
242 -1.138e-05 8.90476e-07
242.4 -1.10204e-05 9.03914e-07
242.8 -1.06175e-05 9.0742e-07
243.2 -1.01752e-05 9.01465e-07
243.6 -9.69844e-06 8.86759e-07
244 -9.19284e-06 8.64221e-07
244.4 -8.66476e-06 8.34939e-07
244.8 -8.12103e-06 8.00124e-07
245.2 -7.56884e-06 7.61058e-07
245.6 -7.01548e-06 7.19054e-07
246 -6.46818e-06 6.75396e-07
246.4 -5.93391e-06 6.31303e-07
246.8 -5.41915e-06 5.87879e-07
247.2 -4.92978e-06 5.46083e-07
247.6 -4.47085e-06 5.06699e-07
248 -4.04653e-06 4.70312e-07
248.4 -3.65995e-06 4.37301e-07
248.8 -3.31321e-06 4.07832e-07
249.2 -3.0073e-06 3.81866e-07
249.6 -2.74214e-06 3.59173e-07
250 -2.51665e-06 3.39353e-07
250.4 -2.32882e-06 3.21866e-07
250.8 -2.17582e-06 3.06066e-07
251.2 -2.05417e-06 2.91237e-07
251.6 -1.95986e-06 2.76634e-07
252 -1.88857e-06 2.61523e-07
252.4 -1.8358e-06 2.45219e-07
252.8 -1.79708e-06 2.27123e-07
253.2 -1.76816e-06 2.06756e-07
253.6 -1.74509e-06 1.83778e-07
254 -1.72444e-06 1.58014e-07
254.4 -1.70335e-06 1.29466e-07
254.8 -1.67964e-06 9.83104e-08
255.2 -1.65184e-06 6.49015e-08
255.6 -1.61924e-06 2.97554e-08
256 -1.58182e-06 -6.46727e-09
256.4 -1.54024e-06 -4.29875e-08
256.8 -1.49576e-06 -7.89381e-08
257.2 -1.45015e-06 -1.13399e-07
257.6 -1.40552e-06 -1.45435e-07
258 -1.36424e-06 -1.74133e-07
258.4 -1.32876e-06 -1.98642e-07
258.8 -1.30149e-06 -2.18207e-07
259.2 -1.28465e-06 -2.32204e-07
259.6 -1.28011e-06 -2.40165e-07
260 -1.28932e-06 -2.41804e-07
260.4 -1.31318e-06 -2.37026e-07
260.8 -1.35198e-06 -2.25939e-07
261.2 -1.40538e-06 -2.08855e-07
261.6 -1.47235e-06 -1.86275e-07
262 -1.55123e-06 -1.58884e-07
262.4 -1.63975e-06 -1.27518e-07
262.8 -1.73511e-06 -9.31449e-08
263.2 -1.83409e-06 -5.68242e-08
263.6 -1.93315e-06 -1.9675e-08
264 -2.02858e-06 1.71654e-08
264.4 -2.11664e-06 5.25806e-08
264.8 -2.19368e-06 8.55149e-08
265.2 -2.25633e-06 1.15009e-07
265.6 -2.30164e-06 1.40236e-07
266 -2.32714e-06 1.60524e-07
266.4 -2.33104e-06 1.75387e-07
266.8 -2.31223e-06 1.84532e-07
267.2 -2.2704e-06 1.87877e-07
267.6 -2.20603e-06 1.85541e-07
268 -2.12041e-06 1.77848e-07
268.4 -2.01559e-06 1.65305e-07
268.8 -1.89434e-06 1.4859e-07
269.2 -1.76006e-06 1.28516e-07
269.6 -1.61664e-06 1.06009e-07
270 -1.46838e-06 8.20673e-08
270.4 -1.31979e-06 5.7727e-08
270.8 -1.17547e-06 3.40246e-08
271.2 -1.03995e-06 1.19587e-08
271.6 -9.17514e-07 -7.54502e-09
272 -8.12083e-07 -2.36658e-08
272.4 -7.27049e-07 -3.57161e-08
272.8 -6.65183e-07 -4.31633e-08
273.2 -6.28532e-07 -4.56471e-08
273.6 -6.18357e-07 -4.29884e-08
274 -6.35094e-07 -3.51927e-08
274.4 -6.78346e-07 -2.2446e-08
274.8 -7.46904e-07 -5.10451e-09
275.2 -8.38795e-07 1.63226e-08
275.6 -9.51363e-07 4.11947e-08
276 -1.08136e-06 6.87661e-08
276.4 -1.22509e-06 9.82165e-08
276.8 -1.37849e-06 1.28682e-07
277.2 -1.53734e-06 1.59289e-07
277.6 -1.69735e-06 1.89185e-07
278 -1.85437e-06 2.17572e-07
278.4 -2.00446e-06 2.43732e-07
278.8 -2.14406e-06 2.67053e-07
279.2 -2.27011e-06 2.87047e-07
279.6 -2.38011e-06 3.03367e-07
280 -2.47222e-06 3.15812e-07
280.4 -2.54527e-06 3.24333e-07
280.8 -2.59879e-06 3.29026e-07
281.2 -2.63304e-06 3.30128e-07
281.6 -2.6489e-06 3.27995e-07
282 -2.64786e-06 3.23092e-07
282.4 -2.63195e-06 3.15961e-07
282.8 -2.6036e-06 3.07206e-07
283.2 -2.56557e-06 2.97454e-07
283.6 -2.52078e-06 2.87339e-07
284 -2.47227e-06 2.77467e-07
284.4 -2.42299e-06 2.68393e-07
284.8 -2.37573e-06 2.606e-07
285.2 -2.33302e-06 2.54475e-07
285.6 -2.297e-06 2.50301e-07
286 -2.26941e-06 2.4824e-07
286.4 -2.25145e-06 2.48333e-07
286.8 -2.24382e-06 2.50495e-07
287.2 -2.24669e-06 2.54527e-07
287.6 -2.25969e-06 2.60122e-07
288 -2.28196e-06 2.66878e-07
288.4 -2.31223e-06 2.74324e-07
288.8 -2.34884e-06 2.81932e-07
289.2 -2.38986e-06 2.89149e-07
289.6 -2.43317e-06 2.95416e-07
290 -2.47658e-06 3.00195e-07
290.4 -2.51789e-06 3.02995e-07
290.8 -2.55506e-06 3.03389e-07
291.2 -2.58622e-06 3.01036e-07
291.6 -2.60981e-06 2.95698e-07
292 -2.62462e-06 2.87247e-07
292.4 -2.62988e-06 2.75677e-07
292.8 -2.62522e-06 2.61103e-07
293.2 -2.61078e-06 2.43757e-07
293.6 -2.58712e-06 2.23983e-07
294 -2.55524e-06 2.02225e-07
294.4 -2.51653e-06 1.79008e-07
294.8 -2.47268e-06 1.5492e-07
295.2 -2.42567e-06 1.30593e-07
295.6 -2.37761e-06 1.06675e-07
296 -2.3307e-06 8.38087e-08
296.4 -2.28712e-06 6.26077e-08
296.8 -2.24894e-06 4.36324e-08
297.2 -2.21802e-06 2.73701e-08
297.6 -2.19594e-06 1.42177e-08
298 -2.18395e-06 4.46696e-09
298.4 -2.18287e-06 -1.70546e-09
298.8 -2.19308e-06 -4.24359e-09
299.2 -2.21451e-06 -3.21331e-09
299.6 -2.24662e-06 1.2013e-09
300 -2.28844e-06 8.70592e-09
300.4 -2.33858e-06 1.89082e-08
300.8 -2.39529e-06 3.13334e-08
301.2 -2.45655e-06 4.54432e-08
301.6 -2.52012e-06 6.06564e-08
302 -2.58364e-06 7.63717e-08
302.4 -2.64472e-06 9.19896e-08
302.8 -2.70103e-06 1.06936e-07
303.2 -2.75041e-06 1.20681e-07
303.6 -2.79092e-06 1.32762e-07
304 -2.82095e-06 1.42796e-07
304.4 -2.83925e-06 1.50495e-07
304.8 -2.84502e-06 1.55673e-07
305.2 -2.8379e-06 1.58253e-07
305.6 -2.818e-06 1.58266e-07
306 -2.78589e-06 1.5585e-07
306.4 -2.74261e-06 1.51238e-07
306.8 -2.68958e-06 1.44751e-07
307.2 -2.62857e-06 1.3678e-07
307.6 -2.56163e-06 1.27771e-07
308 -2.49101e-06 1.18205e-07
308.4 -2.41908e-06 1.08577e-07
308.8 -2.34822e-06 9.93763e-08
309.2 -2.28078e-06 9.10676e-08
309.6 -2.2189e-06 8.407e-08
310 -2.16454e-06 7.87415e-08
310.4 -2.11932e-06 7.5365e-08
310.8 -2.08451e-06 7.41372e-08
311.2 -2.06098e-06 7.51618e-08
311.6 -2.04914e-06 7.84454e-08
312 -2.04899e-06 8.38988e-08
312.4 -2.06006e-06 9.1341e-08
312.8 -2.08147e-06 1.00507e-07
313.2 -2.11197e-06 1.11061e-07
313.6 -2.15e-06 1.22608e-07
314 -2.19371e-06 1.34711e-07
314.4 -2.24109e-06 1.46911e-07
314.8 -2.29002e-06 1.58743e-07
315.2 -2.33837e-06 1.69755e-07
315.6 -2.38406e-06 1.79531e-07
316 -2.42516e-06 1.87698e-07
316.4 -2.45996e-06 1.93953e-07
316.8 -2.48705e-06 1.98063e-07
317.2 -2.50532e-06 1.99883e-07
317.6 -2.51405e-06 1.99356e-07
318 -2.51293e-06 1.96517e-07
318.4 -2.50201e-06 1.91493e-07
318.8 -2.48177e-06 1.84493e-07
319.2 -2.45305e-06 1.75803e-07
319.6 -2.41701e-06 1.65775e-07
320 -2.37508e-06 1.54808e-07
320.4 -2.32894e-06 1.43339e-07
320.8 -2.28037e-06 1.31819e-07
321.2 -2.23125e-06 1.207e-07
321.6 -2.18344e-06 1.10415e-07
322 -2.13873e-06 1.01362e-07
322.4 -2.09875e-06 9.38875e-08
322.8 -2.06491e-06 8.82758e-08
323.2 -2.03834e-06 8.47357e-08
323.6 -2.01986e-06 8.33946e-08
324 -2.00996e-06 8.42932e-08
324.4 -2.00873e-06 8.73854e-08
324.8 -2.01591e-06 9.25398e-08
325.2 -2.03091e-06 9.95465e-08
325.6 -2.05278e-06 1.08125e-07
326 -2.08031e-06 1.17938e-07
326.4 -2.11205e-06 1.286e-07
326.8 -2.14638e-06 1.39698e-07
327.2 -2.18158e-06 1.50807e-07
327.6 -2.21588e-06 1.61504e-07
328 -2.24756e-06 1.71386e-07
328.4 -2.27501e-06 1.80085e-07
328.8 -2.29678e-06 1.87286e-07
329.2 -2.31167e-06 1.9273e-07
329.6 -2.31872e-06 1.96233e-07
330 -2.31734e-06 1.97686e-07
330.4 -2.30722e-06 1.97062e-07
330.8 -2.28843e-06 1.94414e-07
331.2 -2.26139e-06 1.89873e-07
331.6 -2.22682e-06 1.83642e-07
332 -2.18576e-06 1.75987e-07
332.4 -2.1395e-06 1.67224e-07
332.8 -2.08953e-06 1.57711e-07
333.2 -2.03748e-06 1.47827e-07
333.6 -1.98506e-06 1.37962e-07
334 -1.934e-06 1.28498e-07
334.4 -1.88597e-06 1.19795e-07
334.8 -1.84251e-06 1.12178e-07
335.2 -1.80499e-06 1.05923e-07
335.6 -1.77454e-06 1.01247e-07
336 -1.75202e-06 9.83015e-08
336.4 -1.73798e-06 9.71635e-08
336.8 -1.73264e-06 9.78365e-08
337.2 -1.7359e-06 1.0025e-07
337.6 -1.74733e-06 1.04263e-07
338 -1.76619e-06 1.09671e-07
338.4 -1.79147e-06 1.16212e-07
338.8 -1.82193e-06 1.23583e-07
339.2 -1.85615e-06 1.31446e-07
339.6 -1.89258e-06 1.39447e-07
340 -1.92961e-06 1.47228e-07
340.4 -1.96564e-06 1.54442e-07
340.8 -1.99914e-06 1.60766e-07
341.2 -2.02867e-06 1.65915e-07
341.6 -2.05302e-06 1.69653e-07
342 -2.07116e-06 1.718e-07
342.4 -2.08236e-06 1.72244e-07
342.8 -2.08614e-06 1.70937e-07
343.2 -2.08237e-06 1.67905e-07
343.6 -2.07118e-06 1.6324e-07
344 -2.05303e-06 1.57101e-07
344.4 -2.02864e-06 1.49704e-07
344.8 -1.99898e-06 1.41312e-07
345.2 -1.96522e-06 1.3223e-07
345.6 -1.92866e-06 1.22785e-07
346 -1.89074e-06 1.13319e-07
346.4 -1.85291e-06 1.04175e-07
346.8 -1.81659e-06 9.56775e-08
347.2 -1.78316e-06 8.81276e-08
347.6 -1.75383e-06 8.17862e-08
348 -1.72965e-06 7.68658e-08
348.4 -1.71145e-06 7.35224e-08
348.8 -1.69979e-06 7.18495e-08
349.2 -1.69498e-06 7.1875e-08
349.6 -1.69702e-06 7.35604e-08
350 -1.70565e-06 7.68034e-08
350.4 -1.72033e-06 8.14416e-08
350.8 -1.74029e-06 8.726e-08
351.2 -1.76451e-06 9.39996e-08
351.6 -1.79184e-06 1.01368e-07
352 -1.821e-06 1.09051e-07
352.4 -1.85061e-06 1.16726e-07
352.8 -1.87932e-06 1.24074e-07
353.2 -1.90578e-06 1.30791e-07
353.6 -1.92876e-06 1.36602e-07
354 -1.94718e-06 1.41271e-07
354.4 -1.96012e-06 1.4461e-07
354.8 -1.96689e-06 1.46484e-07
355.2 -1.96707e-06 1.46818e-07
355.6 -1.96047e-06 1.456e-07
356 -1.94721e-06 1.4288e-07
356.4 -1.92764e-06 1.38765e-07
356.8 -1.90238e-06 1.33418e-07
357.2 -1.87226e-06 1.2705e-07
357.6 -1.83831e-06 1.1991e-07
358 -1.8017e-06 1.12276e-07
358.4 -1.76371e-06 1.04443e-07
358.8 -1.72565e-06 9.67112e-08
359.2 -1.68885e-06 8.93748e-08
359.6 -1.65456e-06 8.27096e-08
360 -1.62393e-06 7.69622e-08
360.4 -1.59798e-06 7.2341e-08
360.8 -1.57751e-06 6.90078e-08
361.2 -1.56312e-06 6.70716e-08
361.6 -1.55516e-06 6.65854e-08
362 -1.55372e-06 6.75438e-08
362.4 -1.55864e-06 6.98841e-08
362.8 -1.56951e-06 7.34892e-08
363.2 -1.58567e-06 7.81926e-08
363.6 -1.60629e-06 8.37855e-08
364 -1.63034e-06 9.00255e-08
364.4 -1.65668e-06 9.66463e-08
364.8 -1.68408e-06 1.03369e-07
365.2 -1.71129e-06 1.09911e-07
365.6 -1.73705e-06 1.16003e-07
366 -1.76021e-06 1.21392e-07
366.4 -1.77968e-06 1.25857e-07
366.8 -1.79457e-06 1.29215e-07
367.2 -1.80417e-06 1.31328e-07
367.6 -1.80795e-06 1.32111e-07
368 -1.80567e-06 1.31529e-07
368.4 -1.7973e-06 1.29606e-07
368.8 -1.78305e-06 1.26415e-07
369.2 -1.76339e-06 1.22083e-07
369.6 -1.73897e-06 1.16778e-07
370 -1.71065e-06 1.1071e-07
370.4 -1.67943e-06 1.04113e-07
370.8 -1.64643e-06 9.72444e-08
371.2 -1.61281e-06 9.0369e-08
371.6 -1.57978e-06 8.37504e-08
372 -1.54849e-06 7.76403e-08
372.4 -1.52003e-06 7.22684e-08
372.8 -1.49538e-06 6.78337e-08
373.2 -1.47536e-06 6.44965e-08
373.6 -1.46058e-06 6.23724e-08
374 -1.45146e-06 6.15282e-08
374.4 -1.44821e-06 6.1979e-08
374.8 -1.45078e-06 6.36889e-08
375.2 -1.4589e-06 6.65716e-08
375.6 -1.4721e-06 7.04951e-08
376 -1.4897e-06 7.52869e-08
376.4 -1.51085e-06 8.07409e-08
376.8 -1.53458e-06 8.66261e-08
377.2 -1.55982e-06 9.26959e-08
377.6 -1.58546e-06 9.86978e-08
378 -1.61037e-06 1.04383e-07
378.4 -1.63348e-06 1.09518e-07
378.8 -1.65379e-06 1.13892e-07
379.2 -1.67042e-06 1.17325e-07
379.6 -1.68265e-06 1.19675e-07
380 -1.68995e-06 1.20845e-07
380.4 -1.69196e-06 1.20785e-07
380.8 -1.68858e-06 1.19494e-07
381.2 -1.6799e-06 1.17017e-07
381.6 -1.66622e-06 1.13449e-07
382 -1.64804e-06 1.08927e-07
382.4 -1.62605e-06 1.03621e-07
382.8 -1.60106e-06 9.77355e-08
383.2 -1.57403e-06 9.14935e-08
383.6 -1.54595e-06 8.51312e-08
384 -1.51788e-06 7.8888e-08
384.4 -1.49084e-06 7.29966e-08
384.8 -1.46583e-06 6.76742e-08
385.2 -1.44374e-06 6.3114e-08
385.6 -1.42533e-06 5.94775e-08
386 -1.41122e-06 5.68888e-08
386.4 -1.40185e-06 5.54295e-08
386.8 -1.39744e-06 5.5136e-08
387.2 -1.39805e-06 5.59986e-08
387.6 -1.40349e-06 5.79621e-08
388 -1.4134e-06 6.0928e-08
388.4 -1.42725e-06 6.47594e-08
388.8 -1.44432e-06 6.92863e-08
389.2 -1.46379e-06 7.43126e-08
389.6 -1.48473e-06 7.96243e-08
390 -1.50616e-06 8.49979e-08
390.4 -1.52709e-06 9.02094e-08
390.8 -1.54654e-06 9.50436e-08
391.2 -1.56359e-06 9.93017e-08
391.6 -1.57745e-06 1.0281e-07
392 -1.58742e-06 1.05426e-07
392.4 -1.59297e-06 1.07045e-07
392.8 -1.59376e-06 1.07601e-07
393.2 -1.58964e-06 1.07072e-07
393.6 -1.58063e-06 1.05481e-07
394 -1.56698e-06 1.02892e-07
394.4 -1.54909e-06 9.94079e-08
394.8 -1.52754e-06 9.51681e-08
395.2 -1.50307e-06 9.03405e-08
395.6 -1.47651e-06 8.51157e-08
396 -1.44876e-06 7.96988e-08
396.4 -1.4208e-06 7.43014e-08
396.8 -1.39358e-06 6.9133e-08
397.2 -1.36804e-06 6.43926e-08
397.6 -1.34503e-06 6.02609e-08
398 -1.3253e-06 5.68933e-08
398.4 -1.30948e-06 5.4414e-08
398.8 -1.29803e-06 5.29106e-08
399.2 -1.29125e-06 5.24319e-08
399.6 -1.28923e-06 5.29851e-08
400 -1.29191e-06 5.45366e-08
