-0.498 1.12319 0.834258
-0.496 1.34032 0.846124
-0.494 1.50708 0.84205
-0.492 1.61556 0.821071
-0.49 1.66049 0.78282
-0.488 1.63954 0.727572
-0.486 1.5534 0.656253
-0.484 1.40576 0.570433
-0.482 1.20313 0.472274
-0.48 0.954482 0.364458
-0.478 0.670873 0.250083
-0.476 0.364884 0.132547
-0.474 0.0500275 0.0154054
-0.472 -0.259896 -0.0977747
-0.47 -0.55145 -0.203563
-0.468 -0.812193 -0.298814
-0.466 -1.03126 -0.380794
-0.464 -1.19984 -0.447306
-0.462 -1.31161 -0.496774
-0.46 -1.36298 -0.528308
-0.458 -1.35321 -0.541742
-0.456 -1.28444 -0.537625
-0.454 -1.16154 -0.517193
-0.452 -0.991821 -0.482303
-0.45 -0.784632 -0.43534
-0.448 -0.550898 -0.379097
-0.446 -0.302538 -0.316645
-0.444 -0.0518671 -0.25118
-0.442 0.189023 -0.185881
-0.44 0.408864 -0.123755
-0.438 0.597763 -0.0675006
-0.436 0.747678 -0.0193935
-0.434 0.852791 0.018817
-0.432 0.909774 0.0459745
-0.43 0.917908 0.0615555
-0.428 0.879074 0.0656754
-0.426 0.797608 0.0590624
-0.424 0.680027 0.0430001
-0.422 0.534632 0.0192417
-0.42 0.371035 -0.010098
-0.418 0.1996 -0.0426703
-0.416 0.0308595 -0.0760295
-0.414 -0.125084 -0.107775
-0.412 -0.259131 -0.135689
-0.41 -0.363699 -0.157867
-0.408 -0.433162 -0.172821
-0.406 -0.464168 -0.179574
-0.404 -0.455848 -0.177715
-0.402 -0.409878 -0.167427
-0.4 -0.330405 -0.149478
-0.398 -0.223827 -0.12519
-0.396 -0.0984628 -0.0963598
-0.394 0.0359091 -0.0651679
-0.392 0.168582 -0.0340526
-0.39 0.288521 -0.00557296
-0.388 0.384986 0.01774
-0.386 0.448154 0.0335342
-0.384 0.4697 0.039782
-0.382 0.443318 0.0349117
-0.38 0.365134 0.0179188
-0.378 0.234012 -0.0115505
-0.376 0.0517199 -0.0531468
-0.374 -0.177056 -0.105802
-0.372 -0.444841 -0.167748
-0.37 -0.741645 -0.236578
-0.368 -1.05538 -0.309334
-0.366 -1.37239 -0.382636
-0.364 -1.67807 -0.452825
-0.362 -1.95754 -0.516135
-0.36 -2.19637 -0.568867
-0.358 -2.38129 -0.607574
-0.356 -2.50085 -0.629227
-0.354 -2.54603 -0.631382
-0.352 -2.51071 -0.612309
-0.35 -2.39206 -0.571099
-0.348 -2.19071 -0.507733
-0.346 -1.91086 -0.423114
-0.344 -1.5601 -0.319052
-0.342 -1.14917 -0.198213
-0.34 -0.691517 -0.0640259
-0.338 -0.202716 0.0794476
-0.336 0.300182 0.227672
-0.334 0.79941 0.375821
-0.332 1.27727 0.518974
-0.33 1.7169 0.652324
-0.328 2.10308 0.771373
-0.326 2.42284 0.872124
-0.324 2.66607 0.951246
-0.322 2.82596 1.00621
-0.32 2.89926 1.03541
-0.318 2.88639 1.0382
-0.316 2.79141 1.01491
-0.314 2.62175 0.96688
-0.312 2.38782 0.896311
-0.31 2.10248 0.806223
-0.308 1.7804 0.700288
-0.306 1.43731 0.582663
-0.304 1.08925 0.45781
-0.302 0.751765 0.330287
-0.3 0.439166 0.204558
-0.298 0.163858 0.0847917
-0.296 -0.0642481 -0.0253078
-0.294 -0.238171 -0.122653
-0.292 -0.354159 -0.20489
-0.29 -0.41181 -0.270476
-0.288 -0.41403 -0.31872
-0.286 -0.366817 -0.34978
-0.284 -0.278886 -0.364613
-0.282 -0.161163 -0.364898
-0.28 -0.0261611 -0.352913
-0.278 0.112721 -0.331398
-0.276 0.241944 -0.303386
-0.274 0.348578 -0.272033
-0.272 0.421029 -0.240443
-0.27 0.449685 -0.211504
-0.268 0.427469 -0.187729
-0.266 0.350262 -0.171139
-0.264 0.217173 -0.163157
-0.262 0.0306394 -0.16455
-0.26 -0.203635 -0.175399
-0.258 -0.476923 -0.195114
-0.256 -0.777874 -0.222483
-0.254 -1.09306 -0.255752
-0.252 -1.40761 -0.29274
-0.25 -1.70601 -0.330972
-0.248 -1.97283 -0.367832
-0.246 -2.19361 -0.400718
-0.244 -2.35555 -0.427202
-0.242 -2.44832 -0.445179
-0.24 -2.46459 -0.452992
-0.238 -2.40054 -0.449543
-0.236 -2.25614 -0.434364
-0.234 -2.03531 -0.407658
-0.232 -1.7458 -0.3703
-0.23 -1.39895 -0.323802
-0.228 -1.00922 -0.270236
-0.226 -0.593579 -0.212136
-0.224 -0.170719 -0.152354
-0.222 0.239808 -0.0939118
-0.22 0.618535 -0.0398296
-0.218 0.947038 0.00704414
-0.216 1.20887 0.0442006
-0.214 1.39041 0.0696224
-0.212 1.48162 0.0819133
-0.21 1.47662 0.0803978
-0.208 1.37406 0.0651841
-0.206 1.17733 0.0371882
-0.204 0.894481 -0.00188505
-0.202 0.537991 -0.0496025
-0.2 0.124241 -0.102902
-0.198 -0.327156 -0.15823
-0.196 -0.794209 -0.2117
-0.194 -1.25353 -0.259286
-0.192 -1.68139 -0.297014
-0.19 -2.05483 -0.321161
-0.188 -2.35269 -0.328455
-0.186 -2.55667 -0.316241
-0.184 -2.65215 -0.282636
-0.182 -2.62894 -0.226642
-0.18 -2.4818 -0.148223
-0.178 -2.21071 -0.0483364
-0.176 -1.82098 0.0710829
-0.174 -1.323 0.20718
-0.172 -0.731927 0.356285
-0.17 -0.0669724 0.514052
-0.168 0.649339 0.675635
-0.166 1.39213 0.835886
-0.164 2.13524 0.989564
-0.162 2.85227 1.13155
-0.16 3.51773 1.25708
-0.158 4.10811 1.36191
-0.156 4.60278 1.4425
-0.154 4.98488 1.49618
-0.152 5.24198 1.52121
-0.15 5.36648 1.51686
-0.148 5.35597 1.48344
-0.146 5.21316 1.42222
-0.144 4.94572 1.33542
-0.142 4.56589 1.22603
-0.14 4.08984 1.09768
-0.138 3.53695 0.954477
-0.136 2.92888 0.800812
-0.134 2.28862 0.641135
-0.132 1.63949 0.479777
-0.13 1.0041 0.320756
-0.128 0.403433 0.167613
-0.126 -0.144023 0.0232807
-0.124 -0.622998 -0.110018
-0.122 -1.02199 -0.230827
-0.12 -1.33366 -0.338468
-0.118 -1.55494 -0.433019
-0.116 -1.68709 -0.515234
-0.114 -1.73541 -0.586448
-0.112 -1.70885 -0.648431
-0.11 -1.61947 -0.703234
-0.108 -1.48172 -0.753019
-0.106 -1.31169 -0.79988
-0.104 -1.12629 -0.845679
-0.102 -0.942342 -0.891895
-0.1 -0.77585 -0.939501
-0.098 -0.641171 -0.988867
-0.096 -0.550368 -1.03971
-0.094 -0.512659 -1.09109
-0.092 -0.534006 -1.14142
-0.09 -0.616855 -1.18855
-0.088 -0.760054 -1.22992
-0.086 -0.958934 -1.26261
-0.084 -1.20555 -1.28362
-0.082 -1.4891 -1.28998
-0.08 -1.79643 -1.27897
-0.078 -2.11276 -1.2483
-0.076 -2.42234 -1.19632
-0.074 -2.70933 -1.12211
-0.072 -2.95856 -1.02563
-0.07 -3.15635 -0.907812
-0.068 -3.29119 -0.770533
-0.066 -3.35436 -0.616638
-0.064 -3.34042 -0.449851
-0.062 -3.24744 -0.27465
-0.06 -3.07716 -0.0961064
-0.058 -2.83481 0.0803172
-0.056 -2.52891 0.248998
-0.054 -2.17071 0.404398
-0.052 -1.77361 0.541314
-0.05 -1.35246 0.655121
-0.048 -0.922724 0.741996
-0.046 -0.499705 0.799111
-0.044 -0.0977648 0.824778
-0.042 0.270368 0.818558
-0.04 0.594171 0.781296
-0.038 0.865762 0.715116
-0.036 1.08015 0.623341
-0.034 1.23532 0.510369
-0.032 1.33212 0.381484
-0.03 1.37401 0.242636
-0.028 1.36664 0.100177
-0.026 1.31736 -0.0394175
-0.024 1.2346 -0.169844
-0.022 1.12726 -0.285255
-0.02 1.00416 -0.380532
-0.018 0.87347 -0.451522
-0.016 0.742278 -0.495232
-0.014 0.616288 -0.509972
-0.012 0.499617 -0.49544
-0.01 0.394744 -0.452734
-0.008 0.30256 -0.384308
-0.006 0.222529 -0.293854
-0.004 0.152909 -0.186128
-0.002 0.0910224 -0.0667303
0 0.0335533 0.0581679
0.002 -0.0230247 0.182106
0.004 -0.0824819 0.29867
0.006 -0.148197 0.401774
0.008 -0.222946 0.485959
0.01 -0.308607 0.546658
0.012 -0.405881 0.580415
0.014 -0.514065 0.58505
0.016 -0.630896 0.559768
0.018 -0.752484 0.505195
0.02 -0.87337 0.423354
0.022 -0.986708 0.317568
0.024 -1.08458 0.192311
0.026 -1.15842 0.0529955
0.028 -1.19957 -0.0942739
0.03 -1.19982 -0.242979
0.032 -1.15205 -0.386486
0.034 -1.0508 -0.518342
0.036 -0.89279 -0.632559
0.038 -0.6773 -0.72388
0.04 -0.406459 -0.788
0.042 -0.085327 -0.821745
0.044 0.278181 -0.823197
0.046 0.673557 -0.791756
0.048 1.08813 -0.728149
0.05 1.50762 -0.634371
0.052 1.91688 -0.513574
0.054 2.3006 -0.369905
0.056 2.64415 -0.208304
0.058 2.93434 -0.0342718
0.06 3.16015 0.146386
0.062 3.31335 0.327814
0.064 3.38893 0.504364
0.066 3.38542 0.670825
0.068 3.30498 0.822632
0.07 3.1533 0.956034
0.072 2.93932 1.06821
0.074 2.67473 1.15736
0.076 2.37342 1.22269
0.078 2.05072 1.26442
0.08 1.72261 1.28368
0.082 1.40497 1.2824
0.084 1.1127 1.26315
0.086 0.859029 1.22895
0.088 0.654834 1.18307
0.09 0.508107 1.12887
0.092 0.423548 1.06953
0.094 0.402317 1.00794
0.096 0.441957 0.946484
0.098 0.536477 0.886984
0.1 0.676607 0.830569
0.102 0.85021 0.77766
0.104 1.04283 0.727977
0.106 1.23835 0.680585
0.108 1.41978 0.633989
0.11 1.57004 0.586259
0.112 1.67282 0.535185
0.114 1.71341 0.478448
0.116 1.67947 0.413801
0.118 1.56173 0.339247
0.12 1.35452 0.253208
0.122 1.05623 0.154671
0.124 0.669507 0.0433015
0.126 0.201301 -0.0804771
0.128 -0.337275 -0.215444
0.13 -0.931315 -0.359588
0.132 -1.56266 -0.51016
0.134 -2.2106 -0.663767
0.136 -2.85272 -0.816501
0.138 -3.46584 -0.964102
0.14 -4.027 -1.10215
0.142 -4.51449 -1.22626
0.144 -4.90879 -1.33228
0.146 -5.19348 -1.41652
0.148 -5.35604 -1.4759
0.15 -5.38837 -1.50813
0.152 -5.28731 -1.51181
0.154 -5.05477 -1.48655
0.156 -4.69777 -1.43299
0.158 -4.22818 -1.35277
0.16 -3.66224 -1.24852
0.162 -3.01999 -1.12375
0.164 -2.32436 -0.982663
0.166 -1.60028 -0.830057
0.168 -0.873635 -0.67107
0.17 -0.170135 -0.510987
0.172 0.48573 -0.355013
0.174 1.07174 -0.20806
0.176 1.56887 -0.0745351
0.178 1.9621 0.0418301
0.18 2.241 0.138133
0.182 2.40016 0.212407
0.184 2.43933 0.263685
0.186 2.36342 0.292019
0.188 2.18216 0.298453
0.19 1.9096 0.284945
0.192 1.56344 0.254259
0.194 1.16413 0.209808
0.196 0.733919 0.155484
0.198 0.295778 0.0954557
0.2 -0.127643 0.0339704
0.202 -0.515068 -0.0248536
0.204 -0.847551 -0.0772177
0.206 -1.10931 -0.119815
0.208 -1.28838 -0.149976
0.21 -1.37711 -0.165775
0.212 -1.3724 -0.166104
0.214 -1.27575 -0.150699
0.216 -1.09307 -0.120126
0.218 -0.834275 -0.0757262
0.22 -0.51274 -0.0195224
0.222 -0.144533 0.0459039
0.224 0.252405 0.117563
0.226 0.659181 0.192222
0.228 1.05689 0.266583
0.23 1.42751 0.337449
0.232 1.75478 0.401896
0.234 2.02491 0.45741
0.236 2.2272 0.502011
0.238 2.35448 0.534339
0.24 2.40333 0.553707
0.242 2.37416 0.560115
0.244 2.27107 0.554228
0.246 2.10156 0.537316
0.248 1.87604 0.511167
0.25 1.60723 0.477964
0.252 1.30946 0.440152
0.254 0.997923 0.400284
0.256 0.687853 0.360868
0.258 0.393763 0.324221
0.26 0.128713 0.292323
0.262 -0.0963287 0.266706
0.264 -0.273016 0.248361
0.266 -0.396004 0.237672
0.268 -0.463179 0.234398
0.27 -0.475717 0.237677
0.272 -0.437972 0.246073
0.274 -0.3572 0.257654
0.276 -0.243139 0.270105
0.278 -0.107462 0.280854
0.28 0.0368777 0.287228
0.282 0.176354 0.286608
0.284 0.297616 0.27659
0.286 0.388221 0.25514
0.288 0.437328 0.220728
0.29 0.436305 0.172442
0.292 0.379232 0.110071
0.294 0.263263 0.0341552
0.296 0.0888313 -0.0540054
0.298 -0.140308 -0.152379
0.3 -0.417204 -0.258268
0.302 -0.732004 -0.368414
0.304 -1.07239 -0.47913
0.306 -1.42416 -0.586458
0.308 -1.77186 -0.686346
0.31 -2.09956 -0.774835
0.312 -2.39161 -0.848238
0.314 -2.63337 -0.903318
0.316 -2.81196 -0.937444
0.318 -2.91689 -0.948723
0.32 -2.94058 -0.936102
0.322 -2.87876 -0.899423
0.324 -2.73068 -0.839451
0.326 -2.49924 -0.757853
0.328 -2.19082 -0.657136
0.33 -1.81506 -0.540546
0.332 -1.38442 -0.411942
0.334 -0.913656 -0.275631
0.336 -0.419133 -0.136191
0.338 0.0818804 0.00172171
0.34 0.571984 0.133567
0.342 1.03441 0.255106
0.344 1.45376 0.362577
0.346 1.81666 0.452845
0.348 2.11231 0.52352
0.35 2.33291 0.573047
0.352 2.47398 0.600755
0.354 2.53444 0.60686
0.356 2.51657 0.592437
0.358 2.42586 0.559351
0.36 2.27062 0.510149
0.362 2.06153 0.447932
0.364 1.81107 0.3762
0.366 1.53286 0.298679
0.368 1.24101 0.21915
0.37 0.949387 0.141273
0.372 0.670999 0.0684238
0.374 0.417375 0.00355231
0.376 0.198064 -0.0509427
0.378 0.020244 -0.0933023
0.38 -0.111544 -0.122465
0.382 -0.195518 -0.138089
0.384 -0.232632 -0.140536
0.386 -0.226414 -0.130824
0.388 -0.182676 -0.110546
0.39 -0.109109 -0.0817588
0.392 -0.0147942 -0.0468614
0.394 0.0903534 -0.00844687
0.396 0.196173 0.0308444
0.398 0.292844 0.0684721
0.4 0.37145 0.102135
0.402 0.42448 0.129891
0.404 0.446244 0.150262
0.406 0.433191 0.162303
0.408 0.3841 0.165643
0.41 0.300143 0.1605
0.412 0.184814 0.147655
0.414 0.0437279 0.128398
0.416 -0.115694 0.104446
0.418 -0.284646 0.0778388
0.42 -0.453432 0.0508148
0.422 -0.612015 0.0256772
0.424 -0.750587 0.0046564
0.426 -0.860135 -0.0102244
0.428 -0.932959 -0.0172726
0.43 -0.96313 -0.0152322
0.432 -0.94686 -0.00336667
0.434 -0.882746 0.0184847
0.436 -0.771908 0.0498818
0.438 -0.617975 0.08979
0.44 -0.426955 0.136618
0.442 -0.206966 0.188285
0.444 0.0321405 0.242317
0.446 0.279248 0.295957
0.448 0.522523 0.346303
0.45 0.749993 0.390448
0.452 0.950154 0.425619
0.454 1.11255 0.449321
0.456 1.22829 0.459465
0.458 1.29056 0.45447
0.46 1.29493 0.43336
0.462 1.23965 0.39581
0.464 1.12575 0.342184
0.466 0.957033 0.273524
0.468 0.739911 0.191513
0.47 0.483151 0.0984115
0.472 0.197459 -0.00303696
0.474 -0.105002 -0.109724
0.476 -0.411185 -0.218309
0.478 -0.707765 -0.325358
0.48 -0.981773 -0.427497
0.482 -1.22121 -0.521548
0.484 -1.41561 -0.604665
0.486 -1.55654 -0.674452
0.488 -1.63803 -0.729052
0.49 -1.6568 -0.767217
0.492 -1.61247 -0.788348
0.494 -1.50754 -0.792503
0.496 -1.3473 -0.780371
0.498 -1.13952 -0.753227
0.4 0.00268891 -0.00119863
0.8 0.00275109 -0.00118275
1.2 0.00285478 -0.0011565
1.6 0.00300005 -0.0011202
2 0.00318698 -0.00107426
2.4 0.00341562 -0.0010192
2.8 0.00368602 -0.000955598
3.2 0.00399811 -0.000884059
3.6 0.00435174 -0.000805207
4 0.00474661 -0.000719644
4.4 0.00518225 -0.000627919
4.8 0.00565796 -0.000530498
5.2 0.00617278 -0.000427738
5.6 0.00672546 -0.000319857
6 0.00731442 -0.000206916
6.4 0.00793773 -8.88007e-05
6.8 0.00859307 3.47906e-05
7.2 0.00927773 0.000164351
7.6 0.00998858 0.000300565
8 0.0107221 0.000444299
8.4 0.0114743 0.000596586
8.8 0.012241 0.000758603
9.2 0.0130173 0.000931647
9.6 0.0137984 0.00111709
10 0.0145788 0.00131636
10.4 0.0153531 0.00153087
10.8 0.0161154 0.00176199
11.2 0.01686 0.00201099
11.6 0.0175811 0.002279
12 0.0182726 0.00256695
12.4 0.0189291 0.00287552
12.8 0.0195449 0.0032051
13.2 0.0201148 0.00355578
13.6 0.020634 0.00392725
14 0.0210981 0.00431884
14.4 0.0215033 0.00472946
14.8 0.0218462 0.00515759
15.2 0.0221244 0.00560132
15.6 0.0223358 0.00605829
16 0.0224793 0.00652577
16.4 0.0225546 0.00700062
16.8 0.0225621 0.00747941
17.2 0.0225029 0.00795838
17.6 0.0223791 0.00843353
18 0.0221933 0.0089007
18.4 0.021949 0.00935557
18.8 0.0216502 0.00979379
19.2 0.0213015 0.010211
19.6 0.020908 0.010603
20 0.0204753 0.0109657
20.4 0.0200092 0.0112951
20.8 0.0195155 0.0115878
21.2 0.0190005 0.0118406
21.6 0.01847 0.0120507
22 0.01793 0.0122158
22.4 0.017386 0.0123341
22.8 0.0168432 0.0124044
23.2 0.0163065 0.0124261
23.6 0.0157799 0.0123992
24 0.015267 0.0123241
24.4 0.0147707 0.0122022
24.8 0.0142931 0.012035
25.2 0.0138355 0.0118249
25.6 0.0133986 0.0115747
26 0.012982 0.0112877
26.4 0.0125848 0.0109675
26.8 0.0122055 0.0106182
27.2 0.0118418 0.0102442
27.6 0.0114908 0.00985003
28 0.0111492 0.00944035
28.4 0.0108135 0.00901997
28.8 0.0104797 0.00859365
29.2 0.0101439 0.0081661
29.6 0.00980206 0.00774185
30 0.00945044 0.00732521
30.4 0.00908544 0.00692021
30.8 0.00870392 0.00653052
31.2 0.00830324 0.00615943
31.6 0.00788136 0.00580978
32 0.00743697 0.00548393
32.4 0.0069695 0.00518375
32.8 0.00647926 0.00491059
33.2 0.00596738 0.00466528
33.6 0.00543592 0.00444811
34 0.00488779 0.00425891
34.4 0.00432673 0.00409699
34.8 0.0037573 0.00396123
35.2 0.00318476 0.00385008
35.6 0.002615 0.00376163
36 0.00205443 0.00369366
36.4 0.00150982 0.00364369
36.8 0.00098821 0.00360905
37.2 0.000496715 0.00358691
37.6 4.23924e-05 0.00357439
38 -0.000367923 0.0035686
38.4 -0.000727781 0.0035667
38.8 -0.00103127 0.00356596
39.2 -0.00127316 0.00356382
39.6 -0.00144904 0.00355794
40 -0.00155545 0.00354623
40.4 -0.00158995 0.00352691
40.8 -0.00155123 0.00349852
41.2 -0.00143916 0.00345995
41.6 -0.00125483 0.00341042
42 -0.00100053 0.00334954
42.4 -0.000679772 0.00327724
42.8 -0.000297214 0.00319379
43.2 0.000141392 0.00309978
43.6 0.000629298 0.00299605
44 0.00115888 0.00288368
44.4 0.00172175 0.00276393
44.8 0.00230896 0.00263819
45.2 0.0029111 0.00250792
45.6 0.00351851 0.0023746
46 0.00412147 0.00223967
46.4 0.00471035 0.00210445
46.8 0.00527581 0.0019701
47.2 0.00580898 0.00183758
47.6 0.00630159 0.00170756
48 0.00674616 0.00158043
48.4 0.00713609 0.0014562
48.8 0.00746583 0.00133457
49.2 0.00773089 0.00121482
49.6 0.00792796 0.00109585
50 0.00805494 0.000976215
50.4 0.00811093 0.00085408
50.8 0.00809621 0.00072731
51.2 0.00801223 0.000593486
51.6 0.0078615 0.000449963
52 0.00764753 0.000293938
52.4 0.00737469 0.000122522
52.8 0.00704808 -6.71806e-05
53.2 0.00667339 -0.000277984
53.6 0.00625674 -0.00051253
54 0.0058045 -0.000773196
54.4 0.00532314 -0.001062
54.8 0.00481902 -0.00138053
55.2 0.00429827 -0.00172981
55.6 0.00376658 -0.00211028
56 0.0032291 -0.00252169
56.4 0.0026903 -0.00296307
56.8 0.00215385 -0.00343266
57.2 0.00162253 -0.00392788
57.6 0.00109819 -0.00444534
58 0.000581696 -0.00498085
58.4 7.29141e-05 -0.00552939
58.8 -0.000429247 -0.00608521
59.2 -0.000926806 -0.00664186
59.6 -0.00142264 -0.00719228
60 -0.00192036 -0.00772888
60.4 -0.00242425 -0.00824366
60.8 -0.00293905 -0.00872833
61.2 -0.00346988 -0.00917443
61.6 -0.004022 -0.00957352
62 -0.0046007 -0.00991727
62.4 -0.00521106 -0.0101977
62.8 -0.00585779 -0.0104071
63.2 -0.00654508 -0.0105387
63.6 -0.00727638 -0.0105862
64 -0.00805428 -0.0105443
64.4 -0.00888036 -0.0104087
64.8 -0.00975504 -0.0101762
65.2 -0.0106776 -0.0098449
65.6 -0.0116458 -0.00941414
66 -0.0126563 -0.00888463
66.4 -0.0137044 -0.0082585
66.8 -0.0147838 -0.00753923
67.2 -0.0158871 -0.00673171
67.6 -0.0170057 -0.00584213
68 -0.0181298 -0.00487796
68.4 -0.0192487 -0.00384786
68.8 -0.0203508 -0.00276153
69.2 -0.0214238 -0.00162959
69.6 -0.0224552 -0.000463446
70 -0.023432 0.000724877
70.4 -0.0243413 0.00192294
70.8 -0.0251704 0.00311805
71.2 -0.0259071 0.00429749
71.6 -0.0265398 0.00544864
72 -0.0270577 0.00655928
72.4 -0.0274514 0.00761768
72.8 -0.0277124 0.00861281
73.2 -0.0278339 0.00953454
73.6 -0.0278106 0.0103738
74 -0.0276389 0.0111225
74.4 -0.0273171 0.0117741
74.8 -0.0268451 0.0123232
75.2 -0.026225 0.012766
75.6 -0.0254606 0.0131
76 -0.0245574 0.0133244
76.4 -0.023523 0.0134396
76.8 -0.0223663 0.0134478
77.2 -0.0210979 0.0133524
77.6 -0.0197297 0.0131581
78 -0.0182749 0.0128709
78.4 -0.0167474 0.012498
78.8 -0.0151622 0.0120473
79.2 -0.0135345 0.0115279
79.6 -0.0118801 0.0109493
80 -0.0102148 0.0103216
80.4 -0.00855395 0.00965524
80.8 -0.00691288 0.00896095
81.2 -0.00530608 0.00824936
81.6 -0.00374728 0.00753102
82 -0.00224921 0.00681617
82.4 -0.000823412 0.00611463
82.8 0.000519864 0.00543565
83.2 0.0017718 0.00478781
83.6 0.00292509 0.00417892
84 0.00397397 0.00361592
84.4 0.00491431 0.00310482
84.8 0.00574354 0.00265066
85.2 0.00646065 0.00225747
85.6 0.00706615 0.00192825
86 0.00756197 0.00166498
86.4 0.00795136 0.00146865
86.8 0.00823874 0.00133924
87.2 0.00842962 0.00127586
87.6 0.00853037 0.00127669
88 0.00854809 0.00133915
88.4 0.00849046 0.0014599
88.8 0.00836553 0.00163497
89.2 0.00818153 0.00185983
89.6 0.00794678 0.00212945
90 0.00766943 0.00243845
90.4 0.00735739 0.00278112
90.8 0.00701815 0.00315156
91.2 0.00665868 0.00354376
91.6 0.00628533 0.00395165
92 0.00590373 0.00436919
92.4 0.00551876 0.00479048
92.8 0.0051345 0.00520975
93.2 0.00475421 0.00562148
93.6 0.00438035 0.00602044
94 0.00401458 0.0064017
94.4 0.00365785 0.00676073
94.8 0.00331041 0.00709338
95.2 0.00297191 0.0073959
95.6 0.00264151 0.00766503
96 0.00231793 0.00789794
96.4 0.00199961 0.00809225
96.8 0.00168478 0.0082461
97.2 0.00137157 0.00835806
97.6 0.00105816 0.00842718
98 0.000742817 0.00845298
98.4 0.000424051 0.00843541
98.8 0.000100664 0.00837489
99.2 -0.000228161 0.00827222
99.6 -0.000562809 0.00812863
100 -0.00090318 0.00794571
100.4 -0.00124867 0.00772541
100.8 -0.00159814 0.00747002
101.2 -0.00194995 0.0071821
101.6 -0.00230195 0.00686451
102 -0.00265154 0.00652032
102.4 -0.0029957 0.00615283
102.8 -0.00333107 0.00576547
103.2 -0.003654 0.00536183
103.6 -0.00396069 0.00494558
104 -0.00424719 0.00452042
104.4 -0.00450958 0.00409009
104.8 -0.00474403 0.00365829
105.2 -0.00494688 0.00322864
105.6 -0.00511478 0.00280466
106 -0.00524474 0.00238972
106.4 -0.0053342 0.00198702
106.8 -0.00538116 0.00159951
107.2 -0.00538417 0.00122993
107.6 -0.00534244 0.000880728
108 -0.00525581 0.000554037
108.4 -0.00512483 0.000251688
108.8 -0.00495072 -2.48299e-05
109.2 -0.00473538 -0.000274376
109.6 -0.00448136 -0.00049616
110 -0.00419182 -0.000689748
110.4 -0.00387047 -0.000855052
110.8 -0.0035215 -0.000992324
111.2 -0.00314955 -0.00110214
111.6 -0.00275955 -0.00118539
112 -0.00235669 -0.00124323
112.4 -0.00194632 -0.00127708
112.8 -0.00153383 -0.00128858
113.2 -0.00112454 -0.00127957
113.6 -0.000723657 -0.00125204
114 -0.000336147 -0.00120808
114.4 3.33449e-05 -0.00114989
114.8 0.00038057 -0.0010797
115.2 0.000701742 -0.000999745
115.6 0.000993594 -0.000912226
116 0.00125343 -0.000819292
116.4 0.00147915 -0.000722994
116.8 0.00166928 -0.000625262
117.2 0.00182297 -0.000527883
117.6 0.00193999 -0.00043248
118 0.00202074 -0.000340492
118.4 0.00206617 -0.000253168
118.8 0.00207778 -0.000171557
119.2 0.00205757 -9.65051e-05
119.6 0.00200797 -2.86548e-05
120 0.00193175 3.15472e-05
120.4 0.00183203 8.38435e-05
120.8 0.00171213 0.000128154
121.2 0.00157552 0.000164562
121.6 0.00142578 0.000193296
122 0.00126648 0.000214715
122.4 0.00110113 0.000229284
122.8 0.000933128 0.000237557
123.2 0.000765693 0.000240158
123.6 0.000601804 0.000237755
124 0.000444166 0.000231047
124.4 0.000295171 0.000220742
124.8 0.000156871 0.000207539
125.2 3.09589e-05 0.000192119
125.6 -8.12403e-05 0.000175125
126 -0.000178773 0.000157153
126.4 -0.000261049 0.000138747
126.8 -0.000327826 0.000120388
127.2 -0.000379193 0.000102492
127.6 -0.000415538 8.54086e-05
128 -0.00043752 6.94179e-05
128.4 -0.000446035 5.47355e-05
128.8 -0.000442173 4.15142e-05
129.2 -0.00042718 2.98487e-05
129.6 -0.00040242 1.97814e-05
130 -0.000369332 1.13089e-05
130.4 -0.000329392 4.3888e-06
130.8 -0.000284078 -1.05312e-06
131.2 -0.000234831 -5.11577e-06
131.6 -0.000183033 -7.9158e-06
132 -0.000129975 -9.58109e-06
132.4 -7.6836e-05 -1.02449e-05
132.8 -2.46687e-05 -1.00406e-05
133.2 2.56146e-05 -9.0973e-06
133.6 7.32491e-05 -7.53653e-06
134 0.00011762 -5.46931e-06
134.4 0.000158263 -2.99455e-06
134.8 0.000194856 -1.98053e-07
135.2 0.000227214 2.84765e-06
135.6 0.000255275 6.08288e-06
136 0.000279088 9.45974e-06
136.4 0.000298797 1.29407e-05
136.8 0.000314626 1.64969e-05
137.2 0.000326856 2.0106e-05
137.6 0.000335817 2.37503e-05
138 0.000341865 2.74148e-05
138.4 0.000345366 3.10854e-05
138.8 0.000346687 3.4747e-05
139.2 0.000346177 3.83826e-05
139.6 0.000344163 4.1972e-05
140 0.000340937 4.54913e-05
140.4 0.00033675 4.89127e-05
140.8 0.000331809 5.22047e-05
141.2 0.000326277 5.53322e-05
141.6 0.000320271 5.82578e-05
142 0.000313862 6.09422e-05
142.4 0.000307084 6.33459e-05
142.8 0.000299933 6.54303e-05
143.2 0.000292378 6.7159e-05
143.6 0.000284366 6.84989e-05
144 0.000275828 6.94219e-05
144.4 0.000266686 6.99057e-05
144.8 0.000256864 6.99347e-05
145.2 0.00024629 6.95005e-05
145.6 0.000234906 6.86027e-05
146 0.000222668 6.72485e-05
146.4 0.000209557 6.5453e-05
146.8 0.000195577 6.32382e-05
147.2 0.000180756 6.0633e-05
147.6 0.000165152 5.76715e-05
148 0.000148849 5.43927e-05
148.4 0.000131953 5.08386e-05
148.8 0.000114595 4.70535e-05
149.2 9.69234e-05 4.30821e-05
149.6 7.91014e-05 3.89688e-05
150 6.13022e-05 3.4756e-05
150.4 4.37036e-05 3.04833e-05
150.8 2.64835e-05 2.61866e-05
151.2 9.81471e-06 2.18971e-05
151.6 -6.13996e-06 1.76411e-05
152 -2.1232e-05 1.34397e-05
152.4 -3.5331e-05 9.30855e-06
152.8 -4.8328e-05 5.25822e-06
153.2 -6.01376e-05 1.29465e-06
153.6 -7.07e-05 -2.58038e-06
154 -7.99815e-05 -6.36842e-06
154.4 -8.79745e-05 -1.00735e-05
154.8 -9.46969e-05 -1.37011e-05
155.2 -0.00010019 -1.72574e-05
155.6 -0.000104517 -2.0748e-05
156 -0.000107761 -2.41773e-05
156.4 -0.000110016 -2.75474e-05
156.8 -0.000111394 -3.08578e-05
157.2 -0.000112011 -3.41044e-05
157.6 -0.000111988 -3.72797e-05
158 -0.000111446 -4.03723e-05
158.4 -0.000110503 -4.33669e-05
158.8 -0.000109272 -4.62451e-05
159.2 -0.000107854 -4.89853e-05
159.6 -0.000106339 -5.15635e-05
160 -0.000104802 -5.39542e-05
160.4 -0.000103305 -5.61314e-05
160.8 -0.000101892 -5.80691e-05
161.2 -0.00010059 -5.97429e-05
161.6 -9.9411e-05 -6.11304e-05
162 -9.83526e-05 -6.22126e-05
162.4 -9.73971e-05 -6.29748e-05
162.8 -9.65155e-05 -6.34067e-05
163.2 -9.56686e-05 -6.3504e-05
163.6 -9.48093e-05 -6.3268e-05
164 -9.38858e-05 -6.2706e-05
164.4 -9.2843e-05 -6.18317e-05
164.8 -9.1626e-05 -6.06645e-05
165.2 -9.0182e-05 -5.92294e-05
165.6 -8.84623e-05 -5.75565e-05
166 -8.64248e-05 -5.56799e-05
166.4 -8.40353e-05 -5.3637e-05
166.8 -8.12688e-05 -5.14676e-05
167.2 -7.81106e-05 -4.92126e-05
167.6 -7.45566e-05 -4.69129e-05
168 -7.06138e-05 -4.46084e-05
168.4 -6.62999e-05 -4.23368e-05
168.8 -6.16427e-05 -4.01326e-05
169.2 -5.66794e-05 -3.8026e-05
169.6 -5.14556e-05 -3.60425e-05
170 -4.60235e-05 -3.42023e-05
170.4 -4.0441e-05 -3.25193e-05
170.8 -3.47696e-05 -3.10016e-05
171.2 -2.90731e-05 -2.9651e-05
171.6 -2.34158e-05 -2.84637e-05
172 -1.78611e-05 -2.74301e-05
172.4 -1.24698e-05 -2.65356e-05
172.8 -7.29884e-06 -2.57615e-05
173.2 -2.40039e-06 -2.50856e-05
173.6 2.17943e-06 -2.44834e-05
174 6.40111e-06 -2.39287e-05
174.4 1.02322e-05 -2.33951e-05
174.8 1.36479e-05 -2.28567e-05
175.2 1.66305e-05 -2.2289e-05
175.6 1.91701e-05 -2.16702e-05
176 2.12636e-05 -2.09816e-05
176.4 2.29145e-05 -2.02086e-05
176.8 2.41325e-05 -1.93409e-05
177.2 2.49326e-05 -1.8373e-05
177.6 2.53345e-05 -1.73041e-05
178 2.53617e-05 -1.61387e-05
178.4 2.50409e-05 -1.48859e-05
178.8 2.44013e-05 -1.35589e-05
179.2 2.34736e-05 -1.21751e-05
179.6 2.229e-05 -1.07551e-05
180 2.08828e-05 -9.32187e-06
180.4 1.92847e-05 -7.90029e-06
180.8 1.7528e-05 -6.51599e-06
181.2 1.56446e-05 -5.19467e-06
181.6 1.36653e-05 -3.96117e-06
182 1.16201e-05 -2.8387e-06
182.4 9.53811e-06 -1.84809e-06
182.8 7.44713e-06 -1.00713e-06
183.2 5.37393e-06 -3.30089e-07
183.6 3.34415e-06 1.72725e-07
184 1.38224e-06 4.9522e-07
184.4 -4.8853e-07 6.35635e-07
184.8 -2.24614e-06 5.96523e-07
185.2 -3.86997e-06 3.84588e-07
185.6 -5.34087e-06 1.03948e-08
186 -6.64143e-06 -5.12026e-07
186.4 -7.75612e-06 -1.16568e-06
186.8 -8.67163e-06 -1.93119e-06
187.2 -9.37713e-06 -2.7874e-06
187.6 -9.86453e-06 -3.71207e-06
188 -1.01288e-05 -4.6825e-06
188.4 -1.01685e-05 -5.67621e-06
188.8 -9.98541e-06 -6.67154e-06
189.2 -9.58549e-06 -7.64821e-06
189.6 -8.97854e-06 -8.58778e-06
190 -8.17841e-06 -9.47406e-06
190.4 -7.20298e-06 -1.02934e-05
190.8 -6.07401e-06 -1.10349e-05
191.2 -4.81694e-06 -1.16905e-05
191.6 -3.46054e-06 -1.2255e-05
192 -2.03643e-06 -1.27259e-05
192.4 -5.78601e-07 -1.31031e-05
192.8 8.77274e-07 -1.3389e-05
193.2 2.29453e-06 -1.35878e-05
193.6 3.63628e-06 -1.37053e-05
194 4.86625e-06 -1.37485e-05
194.4 5.94957e-06 -1.37253e-05
194.8 6.85366e-06 -1.36438e-05
195.2 7.54895e-06 -1.35122e-05
195.6 8.0097e-06 -1.33385e-05
196 8.21462e-06 -1.31298e-05
196.4 8.14746e-06 -1.28925e-05
196.8 7.79743e-06 -1.26322e-05
197.2 7.15958e-06 -1.23529e-05
197.6 6.23494e-06 -1.20578e-05
198 5.03055e-06 -1.17489e-05
198.4 3.55933e-06 -1.14271e-05
198.8 1.83986e-06 -1.10924e-05
199.2 -1.0413e-07 -1.0744e-05
199.6 -2.24423e-06 -1.03808e-05
200 -4.54807e-06 -1.00011e-05
200.4 -6.98006e-06 -9.6036e-06
200.8 -9.50227e-06 -9.18687e-06
201.2 -1.20753e-05 -8.75007e-06
201.6 -1.46592e-05 -8.29297e-06
202 -1.72145e-05 -7.81613e-06
202.4 -1.97029e-05 -7.32102e-06
202.8 -2.20884e-05 -6.81012e-06
203.2 -2.43378e-05 -6.28686e-06
203.6 -2.64217e-05 -5.75567e-06
204 -2.83148e-05 -5.22183e-06
204.4 -2.99964e-05 -4.69134e-06
204.8 -3.14509e-05 -4.17078e-06
205.2 -3.26676e-05 -3.66705e-06
205.6 -3.36413e-05 -3.18717e-06
206 -3.43715e-05 -2.73801e-06
206.4 -3.48627e-05 -2.32604e-06
206.8 -3.51237e-05 -1.9571e-06
207.2 -3.51674e-05 -1.63614e-06
207.6 -3.501e-05 -1.36704e-06
208 -3.46703e-05 -1.15245e-06
208.4 -3.41694e-05 -9.93647e-07
208.8 -3.35297e-05 -8.90498e-07
209.2 -3.27743e-05 -8.41398e-07
209.6 -3.1926e-05 -8.43329e-07
210 -3.10073e-05 -8.91933e-07
210.4 -3.00393e-05 -9.81652e-07
210.8 -2.90412e-05 -1.1059e-06
211.2 -2.80301e-05 -1.25728e-06
211.6 -2.70206e-05 -1.42782e-06
212 -2.60246e-05 -1.60925e-06
212.4 -2.50509e-05 -1.79328e-06
212.8 -2.41057e-05 -1.97185e-06
213.2 -2.31922e-05 -2.1374e-06
213.6 -2.23113e-05 -2.28313e-06
214 -2.14611e-05 -2.40319e-06
214.4 -2.06382e-05 -2.49288e-06
214.8 -1.98371e-05 -2.54877e-06
215.2 -1.90515e-05 -2.56876e-06
215.6 -1.82741e-05 -2.55218e-06
216 -1.74974e-05 -2.49971e-06
216.4 -1.6714e-05 -2.41333e-06
216.8 -1.59171e-05 -2.29625e-06
217.2 -1.51008e-05 -2.15269e-06
217.6 -1.42604e-05 -1.98774e-06
218 -1.33926e-05 -1.80714e-06
218.4 -1.24958e-05 -1.617e-06
218.8 -1.15704e-05 -1.42362e-06
219.2 -1.06182e-05 -1.2332e-06
219.6 -9.64298e-06 -1.05161e-06
220 -8.65013e-06 -8.84189e-07
220.4 -7.64649e-06 -7.3554e-07
220.8 -6.64014e-06 -6.09373e-07
221.2 -5.64011e-06 -5.08387e-07
221.6 -4.65611e-06 -4.3419e-07
222 -3.69816e-06 -3.87266e-07
222.4 -2.77628e-06 -3.66983e-07
222.8 -1.90018e-06 -3.71652e-07
223.2 -1.07888e-06 -3.98621e-07
223.6 -3.20521e-07 -4.44407e-07
224 3.67974e-07 -5.04854e-07
224.4 9.81045e-07 -5.75324e-07
224.8 1.51467e-06 -6.50897e-07
225.2 1.96646e-06 -7.26573e-07
225.6 2.33571e-06 -7.97489e-07
226 2.62333e-06 -8.59109e-07
226.4 2.83187e-06 -9.0741e-07
226.8 2.96531e-06 -9.39036e-07
227.2 3.02894e-06 -9.5143e-07
227.6 3.02916e-06 -9.42923e-07
228 2.97322e-06 -9.12792e-07
228.4 2.86902e-06 -8.61274e-07
228.8 2.7248e-06 -7.89549e-07
229.2 2.54892e-06 -6.99672e-07
229.6 2.34959e-06 -5.94485e-07
230 2.13465e-06 -4.77484e-07
230.4 1.91134e-06 -3.52673e-07
230.8 1.68615e-06 -2.24392e-07
231.2 1.46466e-06 -9.71367e-08
231.6 1.25144e-06 2.46295e-08
232 1.05001e-06 1.36657e-07
232.4 8.62799e-07 2.35082e-07
232.8 6.91168e-07 3.16583e-07
233.2 5.35487e-07 3.78513e-07
233.6 3.95211e-07 4.19003e-07
234 2.69011e-07 4.37032e-07
234.4 1.54911e-07 4.3247e-07
234.8 5.04526e-08 4.06073e-07
235.2 -4.71422e-08 3.59457e-07
235.6 -1.40798e-07 2.95023e-07
236 -2.33425e-07 2.15864e-07
236.4 -3.2776e-07 1.2564e-07
236.8 -4.26236e-07 2.84309e-08
237.2 -5.30866e-07 -7.14256e-08
237.6 -6.43151e-07 -1.69503e-07
238 -7.64019e-07 -2.61458e-07
238.4 -8.93793e-07 -3.43202e-07
238.8 -1.03218e-06 -4.11054e-07
239.2 -1.17832e-06 -4.61885e-07
239.6 -1.33079e-06 -4.93229e-07
240 -1.48771e-06 -5.03382e-07
240.4 -1.64684e-06 -4.91454e-07
240.8 -1.80565e-06 -4.57405e-07
241.2 -1.96146e-06 -4.02035e-07
241.6 -2.11154e-06 -3.26949e-07
242 -2.25326e-06 -2.3449e-07
242.4 -2.38414e-06 -1.27644e-07
242.8 -2.50201e-06 -9.91831e-09
243.2 -2.60506e-06 1.14796e-07
243.6 -2.69192e-06 2.42372e-07
244 -2.76168e-06 3.68612e-07
244.4 -2.81395e-06 4.89402e-07
244.8 -2.84885e-06 6.00871e-07
245.2 -2.86698e-06 6.99533e-07
245.6 -2.8694e-06 7.82415e-07
246 -2.85756e-06 8.47166e-07
246.4 -2.83322e-06 8.92134e-07
246.8 -2.79838e-06 9.16426e-07
247.2 -2.75519e-06 9.19928e-07
247.6 -2.70585e-06 9.03302e-07
248 -2.65252e-06 8.67948e-07
248.4 -2.5972e-06 8.15942e-07
248.8 -2.5417e-06 7.4995e-07
249.2 -2.48754e-06 6.73114e-07
249.6 -2.4359e-06 5.88928e-07
250 -2.38755e-06 5.011e-07
250.4 -2.3429e-06 4.13406e-07
250.8 -2.30194e-06 3.29547e-07
251.2 -2.26428e-06 2.53005e-07
251.6 -2.22918e-06 1.86915e-07
252 -2.1956e-06 1.33951e-07
252.4 -2.16227e-06 9.62286e-08
252.8 -2.12775e-06 7.52329e-08
253.2 -2.09054e-06 7.17706e-08
253.6 -2.04913e-06 8.59493e-08
254 -2.00213e-06 1.17184e-07
254.4 -1.9483e-06 1.64229e-07
254.8 -1.88667e-06 2.25239e-07
255.2 -1.81659e-06 2.97842e-07
255.6 -1.73776e-06 3.79245e-07
256 -1.65031e-06 4.66348e-07
256.4 -1.55477e-06 5.5586e-07
256.8 -1.45212e-06 6.44436e-07
257.2 -1.34373e-06 7.28803e-07
257.6 -1.23135e-06 8.05884e-07
258 -1.11705e-06 8.72914e-07
258.4 -1.00317e-06 9.27539e-07
258.8 -8.92231e-07 9.67902e-07
259.2 -7.86846e-07 9.92702e-07
259.6 -6.89643e-07 1.00124e-06
260 -6.03163e-07 9.9342e-07
260.4 -5.29771e-07 9.69768e-07
260.8 -4.71574e-07 9.31375e-07
261.2 -4.30336e-07 8.79854e-07
261.6 -4.0742e-07 8.1727e-07
262 -4.03728e-07 7.46047e-07
262.4 -4.19669e-07 6.68866e-07
262.8 -4.55138e-07 5.8856e-07
263.2 -5.09511e-07 5.07997e-07
263.6 -5.81669e-07 4.29966e-07
264 -6.70022e-07 3.57073e-07
264.4 -7.72565e-07 2.91641e-07
264.8 -8.86938e-07 2.35623e-07
265.2 -1.0105e-06 1.90533e-07
265.6 -1.14042e-06 1.57398e-07
266 -1.27376e-06 1.36723e-07
266.4 -1.40757e-06 1.28487e-07
266.8 -1.53898e-06 1.32151e-07
267.2 -1.66527e-06 1.46692e-07
267.6 -1.784e-06 1.70658e-07
268 -1.89301e-06 2.02229e-07
268.4 -1.99055e-06 2.39307e-07
268.8 -2.07526e-06 2.79601e-07
269.2 -2.14624e-06 3.20729e-07
269.6 -2.20305e-06 3.60319e-07
270 -2.24569e-06 3.96106e-07
270.4 -2.27462e-06 4.26025e-07
270.8 -2.29066e-06 4.48296e-07
271.2 -2.29501e-06 4.61496e-07
271.6 -2.28915e-06 4.64613e-07
272 -2.27477e-06 4.57084e-07
272.4 -2.25373e-06 4.3882e-07
272.8 -2.22794e-06 4.10199e-07
273.2 -2.19929e-06 3.72053e-07
273.6 -2.16963e-06 3.25632e-07
274 -2.14062e-06 2.72543e-07
274.4 -2.11372e-06 2.14693e-07
274.8 -2.09013e-06 1.54203e-07
275.2 -2.07075e-06 9.33214e-08
275.6 -2.05615e-06 3.43365e-08
276 -2.04656e-06 -2.05201e-08
276.4 -2.04189e-06 -6.91617e-08
276.8 -2.04171e-06 -1.0973e-07
277.2 -2.04533e-06 -1.4067e-07
277.6 -2.05179e-06 -1.60789e-07
278 -2.05993e-06 -1.69306e-07
278.4 -2.06847e-06 -1.65881e-07
278.8 -2.07601e-06 -1.50626e-07
279.2 -2.08119e-06 -1.24101e-07
279.6 -2.08265e-06 -8.72929e-08
280 -2.07915e-06 -4.15726e-08
280.4 -2.06965e-06 1.1357e-08
280.8 -2.05327e-06 6.95284e-08
281.2 -2.02942e-06 1.30786e-07
281.6 -1.99779e-06 1.92871e-07
282 -1.95836e-06 2.53504e-07
282.4 -1.91141e-06 3.10479e-07
282.8 -1.85753e-06 3.61741e-07
283.2 -1.79758e-06 4.05463e-07
283.6 -1.73268e-06 4.4012e-07
284 -1.66414e-06 4.64536e-07
284.4 -1.59345e-06 4.77931e-07
284.8 -1.52219e-06 4.79945e-07
285.2 -1.452e-06 4.70646e-07
285.6 -1.38451e-06 4.50524e-07
286 -1.32128e-06 4.20466e-07
286.4 -1.26375e-06 3.81722e-07
286.8 -1.21317e-06 3.35845e-07
287.2 -1.17058e-06 2.84634e-07
287.6 -1.13678e-06 2.30061e-07
288 -1.11227e-06 1.74191e-07
288.4 -1.09727e-06 1.19102e-07
288.8 -1.0917e-06 6.68062e-08
289.2 -1.09517e-06 1.91745e-08
289.6 -1.10705e-06 -2.21363e-08
290 -1.12644e-06 -5.57421e-08
290.4 -1.15224e-06 -8.05814e-08
290.8 -1.1832e-06 -9.59516e-08
291.2 -1.21793e-06 -1.0153e-07
291.6 -1.255e-06 -9.73808e-08
292 -1.29295e-06 -8.39464e-08
292.4 -1.33038e-06 -6.20239e-08
292.8 -1.36598e-06 -3.2728e-08
293.2 -1.39859e-06 2.55747e-09
293.6 -1.42722e-06 4.22388e-08
294 -1.45109e-06 8.4578e-08
294.4 -1.46968e-06 1.27764e-07
294.8 -1.48268e-06 1.69987e-07
295.2 -1.49007e-06 2.09507e-07
295.6 -1.49206e-06 2.44724e-07
296 -1.4891e-06 2.74242e-07
296.4 -1.48183e-06 2.96916e-07
296.8 -1.4711e-06 3.11899e-07
297.2 -1.45786e-06 3.18671e-07
297.6 -1.44318e-06 3.17051e-07
298 -1.42816e-06 3.07207e-07
298.4 -1.4139e-06 2.89637e-07
298.8 -1.40149e-06 2.65153e-07
299.2 -1.39188e-06 2.34835e-07
299.6 -1.38592e-06 1.99992e-07
300 -1.3843e-06 1.62102e-07
300.4 -1.38751e-06 1.22754e-07
300.8 -1.39582e-06 8.35792e-08
301.2 -1.4093e-06 4.61866e-08
301.6 -1.42778e-06 1.20981e-08
302 -1.4509e-06 -1.73121e-08
302.4 -1.47808e-06 -4.08719e-08
302.8 -1.50856e-06 -5.76562e-08
303.2 -1.54144e-06 -6.70225e-08
303.6 -1.57572e-06 -6.8634e-08
304 -1.61031e-06 -6.2471e-08
304.4 -1.64409e-06 -4.88289e-08
304.8 -1.67596e-06 -2.83042e-08
305.2 -1.70488e-06 -1.76813e-09
305.6 -1.72987e-06 2.96701e-08
306 -1.75012e-06 6.47094e-08
306.4 -1.76495e-06 1.0191e-07
306.8 -1.77387e-06 1.39752e-07
307.2 -1.77658e-06 1.76698e-07
307.6 -1.773e-06 2.11249e-07
308 -1.76324e-06 2.42013e-07
308.4 -1.74764e-06 2.67749e-07
308.8 -1.72668e-06 2.87425e-07
309.2 -1.70106e-06 3.00251e-07
309.6 -1.67156e-06 3.0571e-07
310 -1.63911e-06 3.03579e-07
310.4 -1.60469e-06 2.93934e-07
310.8 -1.56932e-06 2.77145e-07
311.2 -1.534e-06 2.53861e-07
311.6 -1.4997e-06 2.24979e-07
312 -1.4673e-06 1.91612e-07
312.4 -1.43759e-06 1.5504e-07
312.8 -1.41119e-06 1.1666e-07
313.2 -1.3886e-06 7.79297e-08
313.6 -1.37012e-06 4.03117e-08
314 -1.35588e-06 5.2136e-09
314.4 -1.34583e-06 -2.6065e-08
314.8 -1.33976e-06 -5.23829e-08
315.2 -1.33726e-06 -7.28009e-08
315.6 -1.33783e-06 -8.66165e-08
316 -1.34082e-06 -9.33898e-08
316.4 -1.34549e-06 -9.29581e-08
316.8 -1.35108e-06 -8.54401e-08
317.2 -1.35676e-06 -7.12289e-08
317.6 -1.36174e-06 -5.09739e-08
318 -1.36526e-06 -2.55532e-08
318.4 -1.36665e-06 3.96275e-09
318.8 -1.36533e-06 3.63548e-08
319.2 -1.36084e-06 7.03043e-08
319.6 -1.35286e-06 1.04446e-07
320 -1.34123e-06 1.37421e-07
320.4 -1.32596e-06 1.6793e-07
320.8 -1.30718e-06 1.94787e-07
321.2 -1.28521e-06 2.16958e-07
321.6 -1.26048e-06 2.33607e-07
322 -1.23355e-06 2.44122e-07
322.4 -1.20507e-06 2.4814e-07
322.8 -1.17576e-06 2.45557e-07
323.2 -1.14638e-06 2.36531e-07
323.6 -1.11772e-06 2.21469e-07
324 -1.0905e-06 2.01017e-07
324.4 -1.06545e-06 1.76023e-07
324.8 -1.04318e-06 1.47507e-07
325.2 -1.02423e-06 1.16619e-07
325.6 -1.00899e-06 8.45908e-08
326 -9.97741e-07 5.26865e-08
326.4 -9.9061e-07 2.21542e-08
326.8 -9.8758e-07 -5.82439e-09
327.2 -9.88486e-07 -3.01793e-08
327.6 -9.93027e-07 -4.99939e-08
328 -1.00078e-06 -6.4539e-08
328.4 -1.01121e-06 -7.33003e-08
328.8 -1.0237e-06 -7.59964e-08
329.2 -1.03757e-06 -7.25877e-08
329.6 -1.05211e-06 -6.32757e-08
330 -1.0666e-06 -4.84928e-08
330.4 -1.08034e-06 -2.88831e-08
330.8 -1.09269e-06 -5.27479e-09
331.2 -1.10306e-06 2.13539e-08
331.6 -1.11096e-06 4.99151e-08
332 -1.11603e-06 7.9255e-08
332.4 -1.118e-06 1.082e-07
332.8 -1.11676e-06 1.35605e-07
333.2 -1.1123e-06 1.60393e-07
333.6 -1.10478e-06 1.81605e-07
334 -1.09446e-06 1.9843e-07
334.4 -1.0817e-06 2.1024e-07
334.8 -1.06697e-06 2.16609e-07
335.2 -1.05082e-06 2.17334e-07
335.6 -1.03383e-06 2.12434e-07
336 -1.01662e-06 2.02153e-07
336.4 -9.99811e-07 1.86945e-07
336.8 -9.84004e-07 1.67456e-07
337.2 -9.69746e-07 1.44496e-07
337.6 -9.57523e-07 1.19004e-07
338 -9.4773e-07 9.20129e-08
338.4 -9.40666e-07 6.46058e-08
338.8 -9.36515e-07 3.78727e-08
339.2 -9.35344e-07 1.28678e-08
339.6 -9.37104e-07 -9.43215e-09
340 -9.41626e-07 -2.81656e-08
340.4 -9.48638e-07 -4.26195e-08
340.8 -9.57769e-07 -5.22562e-08
341.2 -9.68569e-07 -5.67332e-08
341.6 -9.80528e-07 -5.59154e-08
342 -9.93095e-07 -4.98781e-08
342.4 -1.0057e-06 -3.89028e-08
342.8 -1.01778e-06 -2.34642e-08
343.2 -1.0288e-06 -4.20962e-09
343.6 -1.03827e-06 1.80675e-08
344 -1.04577e-06 4.24607e-08
344.4 -1.05095e-06 6.79869e-08
344.8 -1.05358e-06 9.36261e-08
345.2 -1.05352e-06 1.18362e-07
345.6 -1.05074e-06 1.41222e-07
346 -1.04531e-06 1.61315e-07
346.4 -1.03741e-06 1.77866e-07
346.8 -1.02734e-06 1.90248e-07
347.2 -1.01545e-06 1.98002e-07
347.6 -1.00218e-06 2.00854e-07
348 -9.88016e-07 1.9873e-07
348.4 -9.73468e-07 1.91749e-07
348.8 -9.59068e-07 1.80222e-07
349.2 -9.45332e-07 1.64639e-07
349.6 -9.3275e-07 1.45643e-07
350 -9.21757e-07 1.2401e-07
350.4 -9.12726e-07 1.0061e-07
350.8 -9.05946e-07 7.63795e-08
351.2 -9.01618e-07 5.22783e-08
351.6 -8.9984e-07 2.92541e-08
352 -9.00612e-07 8.20436e-09
352.4 -9.03829e-07 -1.00585e-08
352.8 -9.09294e-07 -2.48386e-08
353.2 -9.16717e-07 -3.55827e-08
353.6 -9.25737e-07 -4.19015e-08
354 -9.35927e-07 -4.35832e-08
354.4 -9.4682e-07 -4.06006e-08
354.8 -9.57921e-07 -3.31108e-08
355.2 -9.68728e-07 -2.14472e-08
355.6 -9.78756e-07 -6.1051e-09
356 -9.8755e-07 1.22792e-08
356.4 -9.94704e-07 3.29546e-08
356.8 -9.99881e-07 5.50859e-08
357.2 -1.00282e-06 7.77875e-08
357.6 -1.00334e-06 1.00158e-07
358 -1.00137e-06 1.21318e-07
358.4 -9.9692e-07 1.40442e-07
358.8 -9.90105e-07 1.56792e-07
359.2 -9.81123e-07 1.69745e-07
359.6 -9.70257e-07 1.7882e-07
360 -9.57857e-07 1.83689e-07
360.4 -9.44329e-07 1.84196e-07
360.8 -9.30121e-07 1.80359e-07
361.2 -9.15698e-07 1.72364e-07
361.6 -9.01533e-07 1.60563e-07
362 -8.88081e-07 1.45454e-07
362.4 -8.75766e-07 1.27663e-07
362.8 -8.64962e-07 1.07914e-07
363.2 -8.55984e-07 8.70053e-08
363.6 -8.4907e-07 6.57726e-08
364 -8.44376e-07 4.50583e-08
364.4 -8.41971e-07 2.56767e-08
364.8 -8.41836e-07 8.38292e-09
365.2 -8.43861e-07 -6.15688e-09
365.6 -8.47856e-07 -1.73912e-08
366 -8.53557e-07 -2.49039e-08
366.4 -8.60635e-07 -2.84298e-08
366.8 -8.68712e-07 -2.78639e-08
367.2 -8.77376e-07 -2.3264e-08
367.6 -8.86198e-07 -1.48477e-08
368 -8.94744e-07 -2.98206e-09
368.4 -9.02601e-07 1.1832e-08
368.8 -9.09383e-07 2.89805e-08
369.2 -9.14755e-07 4.77615e-08
369.6 -9.18436e-07 6.74138e-08
370 -9.2022e-07 8.71474e-08
370.4 -9.19974e-07 1.06175e-07
370.8 -9.17647e-07 1.23743e-07
371.2 -9.13273e-07 1.39161e-07
371.6 -9.06962e-07 1.5183e-07
372 -8.98904e-07 1.61262e-07
372.4 -8.89354e-07 1.67104e-07
372.8 -8.78622e-07 1.69146e-07
373.2 -8.67064e-07 1.67329e-07
373.6 -8.55066e-07 1.61748e-07
374 -8.43027e-07 1.52648e-07
374.4 -8.31345e-07 1.40409e-07
374.8 -8.20401e-07 1.25533e-07
375.2 -8.10544e-07 1.08624e-07
375.6 -8.02079e-07 9.03607e-08
376 -7.95254e-07 7.14707e-08
376.4 -7.90251e-07 5.27012e-08
376.8 -7.87181e-07 3.4789e-08
377.2 -7.86078e-07 1.84317e-08
377.6 -7.86902e-07 4.25998e-09
378 -7.89536e-07 -7.18642e-09
378.4 -7.93798e-07 -1.54797e-08
378.8 -7.99442e-07 -2.03199e-08
379.2 -8.06174e-07 -2.15461e-08
379.6 -8.13659e-07 -1.91415e-08
380 -8.21539e-07 -1.32333e-08
380.4 -8.29444e-07 -4.08651e-09
380.8 -8.37008e-07 7.90767e-09
381.2 -8.43882e-07 2.22479e-08
381.6 -8.49751e-07 3.83437e-08
382 -8.54341e-07 5.55391e-08
382.4 -8.57433e-07 7.31393e-08
382.8 -8.58869e-07 9.04381e-08
383.2 -8.58559e-07 1.06747e-07
383.6 -8.56484e-07 1.21419e-07
384 -8.52693e-07 1.33881e-07
384.4 -8.47304e-07 1.43646e-07
384.8 -8.40499e-07 1.5034e-07
385.2 -8.32513e-07 1.53713e-07
385.6 -8.23625e-07 1.53647e-07
386 -8.14149e-07 1.50162e-07
386.4 -8.04419e-07 1.43412e-07
386.8 -7.94778e-07 1.33678e-07
387.2 -7.85561e-07 1.2136e-07
387.6 -7.77086e-07 1.06954e-07
388 -7.69637e-07 9.10369e-08
388.4 -7.63458e-07 7.42412e-08
388.8 -7.5874e-07 5.7229e-08
389.2 -7.55615e-07 4.06667e-08
389.6 -7.54154e-07 2.5198e-08
390 -7.54359e-07 1.14191e-08
390.4 -7.5617e-07 -1.45182e-10
390.8 -7.59462e-07 -9.06081e-09
391.2 -7.64055e-07 -1.50017e-08
391.6 -7.69719e-07 -1.77614e-08
392 -7.76184e-07 -1.72609e-08
392.4 -7.83151e-07 -1.35503e-08
392.8 -7.90303e-07 -6.80606e-09
393.2 -7.97319e-07 2.67658e-09
393.6 -8.03887e-07 1.44965e-08
394 -8.09712e-07 2.8163e-08
394.4 -8.14533e-07 4.31162e-08
394.8 -8.18129e-07 5.87493e-08
395.2 -8.20329e-07 7.44331e-08
395.6 -8.21017e-07 8.9541e-08
396 -8.20137e-07 1.03474e-07
396.4 -8.17694e-07 1.15683e-07
396.8 -8.13755e-07 1.25693e-07
397.2 -8.08442e-07 1.33117e-07
397.6 -8.01931e-07 1.37675e-07
398 -7.94441e-07 1.39202e-07
398.4 -7.86228e-07 1.37653e-07
398.8 -7.77573e-07 1.33107e-07
399.2 -7.6877e-07 1.25759e-07
399.6 -7.60118e-07 1.15916e-07
400 -7.51904e-07 1.03978e-07
