-0.498 -1.64137 -0.578452
-0.496 -1.69617 -0.579247
-0.494 -1.73282 -0.575673
-0.492 -1.75111 -0.567765
-0.49 -1.75115 -0.555614
-0.488 -1.73333 -0.539358
-0.486 -1.69828 -0.519181
-0.484 -1.64689 -0.495307
-0.482 -1.58026 -0.467996
-0.48 -1.49968 -0.437532
-0.478 -1.40659 -0.404227
-0.476 -1.30257 -0.368407
-0.474 -1.18933 -0.330414
-0.472 -1.06862 -0.290599
-0.47 -0.94228 -0.249324
-0.468 -0.81216 -0.206956
-0.466 -0.680122 -0.163867
-0.464 -0.548006 -0.120438
-0.462 -0.41761 -0.0770572
-0.46 -0.290663 -0.0341177
-0.458 -0.168809 0.00797861
-0.456 -0.053579 0.0488237
-0.454 0.0536249 0.0880045
-0.452 0.151547 0.125106
-0.45 0.239094 0.159713
-0.448 0.315346 0.191419
-0.446 0.379567 0.219827
-0.444 0.431207 0.244558
-0.442 0.469906 0.265257
-0.44 0.495493 0.281603
-0.438 0.507979 0.293311
-0.436 0.507553 0.300143
-0.434 0.49457 0.301912
-0.432 0.469541 0.298492
-0.43 0.433122 0.289816
-0.428 0.386098 0.275886
-0.426 0.329372 0.256775
-0.424 0.263948 0.232628
-0.422 0.190919 0.20366
-0.42 0.111453 0.170159
-0.418 0.0267748 0.132481
-0.416 -0.0618404 0.0910479
-0.414 -0.153086 0.0463397
-0.412 -0.245631 -0.00110956
-0.41 -0.338137 -0.0507199
-0.408 -0.429265 -0.101873
-0.406 -0.517685 -0.153921
-0.404 -0.602091 -0.206194
-0.402 -0.681209 -0.258012
-0.4 -0.75381 -0.308688
-0.398 -0.818723 -0.357545
-0.396 -0.874847 -0.403916
-0.394 -0.921172 -0.447161
-0.392 -0.956791 -0.486671
-0.39 -0.980924 -0.521879
-0.388 -0.992931 -0.55227
-0.386 -0.992336 -0.577386
-0.384 -0.978841 -0.596839
-0.382 -0.952345 -0.610315
-0.38 -0.912951 -0.617586
-0.378 -0.860982 -0.618509
-0.376 -0.796979 -0.613037
-0.374 -0.721702 -0.601221
-0.372 -0.636129 -0.583212
-0.37 -0.541442 -0.559259
-0.368 -0.43902 -0.529714
-0.366 -0.330418 -0.495024
-0.364 -0.217349 -0.455726
-0.362 -0.101663 -0.412444
-0.36 0.0146808 -0.365879
-0.358 0.12964 -0.316796
-0.356 0.241122 -0.266014
-0.354 0.347013 -0.214394
-0.352 0.445217 -0.162818
-0.35 0.53369 -0.112178
-0.348 0.610478 -0.0633594
-0.346 0.673762 -0.0172205
-0.344 0.721894 0.0254208
-0.342 0.753439 0.0638039
-0.34 0.767216 0.0972395
-0.338 0.762335 0.125123
-0.336 0.738226 0.146947
-0.334 0.694672 0.162307
-0.332 0.631824 0.170914
-0.33 0.550218 0.172594
-0.328 0.450779 0.167295
-0.326 0.334817 0.155085
-0.324 0.204013 0.136154
-0.322 0.0603994 0.110805
-0.32 -0.0936727 0.0794528
-0.318 -0.255572 0.0426135
-0.316 -0.422436 0.000898246
-0.314 -0.591221 -0.0449992
-0.312 -0.758767 -0.0943135
-0.31 -0.921859 -0.146221
-0.308 -1.0773 -0.199853
-0.306 -1.22196 -0.25431
-0.304 -1.35287 -0.308678
-0.302 -1.46729 -0.362041
-0.3 -1.56273 -0.413497
-0.298 -1.63706 -0.462174
-0.296 -1.68854 -0.507244
-0.294 -1.71583 -0.547936
-0.292 -1.71808 -0.58355
-0.29 -1.69494 -0.613468
-0.288 -1.64655 -0.637167
-0.286 -1.57358 -0.654224
-0.284 -1.4772 -0.664329
-0.282 -1.35908 -0.667284
-0.28 -1.22134 -0.663011
-0.278 -1.06654 -0.65155
-0.276 -0.897614 -0.633062
-0.274 -0.71782 -0.607823
-0.272 -0.53066 -0.576219
-0.27 -0.339815 -0.538745
-0.268 -0.149064 -0.49599
-0.266 0.0378016 -0.448634
-0.264 0.217064 -0.397434
-0.262 0.385163 -0.343211
-0.26 0.538781 -0.286843
-0.258 0.674918 -0.229243
-0.256 0.790966 -0.171351
-0.254 0.884768 -0.114115
-0.252 0.954668 -0.0584749
-0.25 0.999553 -0.0053461
-0.248 1.01888 0.0443963
-0.246 1.01267 0.0899349
-0.244 0.981547 0.130526
-0.242 0.926682 0.165513
-0.24 0.849789 0.194342
-0.238 0.753077 0.216573
-0.236 0.6392 0.231888
-0.234 0.511192 0.240098
-0.232 0.372403 0.24115
-0.23 0.226407 0.235125
-0.228 0.07693 0.222237
-0.226 -0.0722502 0.202831
-0.224 -0.217389 0.177369
-0.222 -0.354869 0.146428
-0.22 -0.481287 0.110679
-0.218 -0.593535 0.0708735
-0.216 -0.688878 0.0278277
-0.214 -0.765016 -0.0175989
-0.212 -0.82014 -0.0645233
-0.21 -0.852967 -0.11206
-0.208 -0.862769 -0.159344
-0.206 -0.849378 -0.205546
-0.204 -0.813187 -0.249898
-0.202 -0.755124 -0.291706
-0.2 -0.676623 -0.330369
-0.198 -0.57957 -0.365388
-0.196 -0.466251 -0.396375
-0.194 -0.339278 -0.423061
-0.192 -0.201519 -0.445298
-0.19 -0.0560099 -0.463056
-0.188 0.0941234 -0.476418
-0.186 0.24575 -0.485576
-0.184 0.395811 -0.490814
-0.182 0.541399 -0.492504
-0.18 0.679817 -0.491082
-0.178 0.808637 -0.48704
-0.176 0.925742 -0.480905
-0.174 1.02936 -0.473218
-0.172 1.11808 -0.464526
-0.17 1.19086 -0.455356
-0.168 1.24701 -0.446204
-0.166 1.2862 -0.437518
-0.164 1.30841 -0.429686
-0.162 1.31393 -0.423025
-0.16 1.30327 -0.417774
-0.158 1.27717 -0.414085
-0.156 1.23656 -0.41202
-0.154 1.18247 -0.411553
-0.152 1.11606 -0.412567
-0.15 1.03852 -0.414863
-0.148 0.951121 -0.41816
-0.146 0.855115 -0.422113
-0.144 0.751769 -0.426314
-0.142 0.642333 -0.430313
-0.14 0.528036 -0.433627
-0.138 0.410086 -0.435756
-0.136 0.289663 -0.436201
-0.134 0.167931 -0.434478
-0.132 0.0460347 -0.430133
-0.13 -0.074889 -0.422759
-0.128 -0.193707 -0.412007
-0.126 -0.309283 -0.397602
-0.124 -0.420474 -0.379347
-0.122 -0.526129 -0.357136
-0.12 -0.625087 -0.330957
-0.118 -0.716184 -0.300895
-0.116 -0.798255 -0.267131
-0.114 -0.87015 -0.229938
-0.112 -0.930745 -0.189675
-0.11 -0.978961 -0.146779
-0.108 -1.01378 -0.101755
-0.106 -1.03429 -0.0551582
-0.104 -1.03967 -0.00758094
-0.102 -1.02927 0.0403627
-0.1 -1.0026 0.0880559
-0.098 -0.959371 0.134897
-0.096 -0.899551 0.180315
-0.094 -0.823353 0.223789
-0.092 -0.731282 0.264863
-0.09 -0.624149 0.303158
-0.088 -0.503087 0.338383
-0.086 -0.369558 0.370345
-0.084 -0.225357 0.398956
-0.082 -0.0725999 0.42423
-0.08 0.0862854 0.446287
-0.078 0.248588 0.465347
-0.076 0.411348 0.481721
-0.074 0.571397 0.495803
-0.072 0.725418 0.508056
-0.07 0.87001 0.518995
-0.068 1.00177 0.529175
-0.066 1.11736 0.539169
-0.064 1.21365 0.549552
-0.062 1.28778 0.560883
-0.06 1.33731 0.573686
-0.058 1.36032 0.588435
-0.056 1.35553 0.605535
-0.054 1.32239 0.625315
-0.052 1.2612 0.648011
-0.05 1.17317 0.673759
-0.048 1.06042 0.70259
-0.046 0.926033 0.734428
-0.044 0.773988 0.769085
-0.042 0.609084 0.806268
-0.04 0.436824 0.845586
-0.038 0.263261 0.886551
-0.036 0.0948146 0.928598
-0.034 -0.0619282 0.97109
-0.032 -0.200427 1.01334
-0.03 -0.314398 1.05461
-0.028 -0.398024 1.09415
-0.026 -0.446145 1.13123
-0.024 -0.454438 1.16509
-0.022 -0.419575 1.19504
-0.02 -0.339362 1.22046
-0.018 -0.212852 1.24077
-0.016 -0.0404348 1.25554
-0.014 0.176111 1.26441
-0.012 0.433602 1.26719
-0.01 0.727486 1.26379
-0.008 1.05192 1.25429
-0.006 1.39991 1.23891
-0.004 1.76349 1.21798
-0.002 2.13398 1.19196
0 2.50222 1.16141
0.002 2.85895 1.12697
0.004 3.19498 1.0893
0.006 3.50157 1.04911
0.008 3.77076 1.00709
0.01 3.99554 0.963912
0.012 4.17013 0.920178
0.014 4.29014 0.876432
0.016 4.35264 0.83313
0.018 4.35626 0.79064
0.02 4.30117 0.749236
0.022 4.18903 0.7091
0.024 4.02291 0.670331
0.026 3.80714 0.632948
0.028 3.54719 0.596904
0.03 3.24948 0.562098
0.032 2.9212 0.528387
0.034 2.57005 0.495601
0.036 2.20409 0.463556
0.038 1.83147 0.432068
0.04 1.46019 0.400963
0.042 1.09792 0.370091
0.044 0.751758 0.339338
0.046 0.428041 0.308625
0.048 0.132226 0.277925
0.05 -0.13125 0.247258
0.052 -0.359031 0.216697
0.054 -0.548871 0.186366
0.056 -0.69962 0.156437
0.058 -0.811176 0.127128
0.06 -0.884393 0.0986945
0.062 -0.92098 0.0714231
0.064 -0.92337 0.0456248
0.066 -0.894589 0.0216237
0.068 -0.838112 -0.000252638
0.07 -0.757736 -0.019684
0.072 -0.657442 -0.0363691
0.074 -0.541284 -0.050037
0.076 -0.413283 -0.060458
0.078 -0.277331 -0.067454
0.08 -0.13712 -0.070908
0.082 0.00392383 -0.0707718
0.084 0.142689 -0.0670722
0.086 0.276411 -0.0599155
0.088 0.402702 -0.0494884
0.09 0.519554 -0.0360583
0.092 0.625344 -0.019969
0.094 0.718828 -0.00163537
0.096 0.799119 0.0184659
0.098 0.865665 0.0398069
0.1 0.918221 0.0618219
0.102 0.956815 0.083922
0.104 0.981711 0.105511
0.106 0.993371 0.126003
0.108 0.992421 0.144837
0.11 0.979609 0.161495
0.112 0.955774 0.175516
0.114 0.921813 0.186512
0.116 0.87865 0.194175
0.118 0.827212 0.198289
0.12 0.76841 0.198738
0.122 0.703121 0.195508
0.124 0.63218 0.188689
0.126 0.556375 0.178472
0.128 0.476452 0.165145
0.13 0.393118 0.149089
0.132 0.307054 0.130762
0.134 0.21893 0.11069
0.136 0.129422 0.0894529
0.138 0.0392275 0.0676671
0.14 -0.050919 0.0459671
0.142 -0.140229 0.0249875
0.144 -0.227853 0.00534373
0.146 -0.312871 -0.0123871
0.148 -0.3943 -0.0276838
0.15 -0.471092 -0.0400982
0.152 -0.542154 -0.049269
0.154 -0.606368 -0.0549347
0.156 -0.662613 -0.0569423
0.158 -0.709802 -0.0552534
0.16 -0.746917 -0.0499478
0.162 -0.773049 -0.0412228
0.164 -0.787437 -0.0293895
0.166 -0.789511 -0.014867
0.168 -0.778932 0.00182766
0.17 -0.755625 0.0200912
0.172 -0.719809 0.0392487
0.174 -0.672024 0.0585698
0.176 -0.61314 0.0772876
0.178 -0.544363 0.0946177
0.18 -0.467226 0.109779
0.182 -0.383572 0.122017
0.184 -0.295515 0.130621
0.186 -0.205402 0.134948
0.188 -0.115755 0.134443
0.19 -0.0292091 0.128654
0.192 0.0515624 0.117251
0.194 0.12392 0.100038
0.196 0.185339 0.076963
0.198 0.233486 0.0481244
0.2 0.266298 0.0137745
0.202 0.282049 -0.0256821
0.204 0.279416 -0.0696933
0.206 0.257532 -0.117569
0.208 0.216027 -0.168493
0.21 0.155055 -0.221541
0.212 0.0753075 -0.275698
0.214 -0.0219912 -0.329881
0.216 -0.135102 -0.382965
0.218 -0.261805 -0.433806
0.22 -0.399452 -0.481271
0.222 -0.545028 -0.52426
0.224 -0.695222 -0.561738
0.226 -0.846513 -0.592758
0.228 -0.995259 -0.616482
0.23 -1.13779 -0.632208
0.232 -1.27049 -0.639384
0.234 -1.38991 -0.637624
0.236 -1.49283 -0.626722
0.238 -1.57638 -0.606654
0.24 -1.63806 -0.577587
0.242 -1.67584 -0.539874
0.244 -1.68819 -0.494049
0.246 -1.67416 -0.440817
0.248 -1.63333 -0.381043
0.25 -1.5659 -0.315731
0.252 -1.47265 -0.246006
0.254 -1.35491 -0.173091
0.256 -1.21455 -0.098279
0.258 -1.05396 -0.0229095
0.26 -0.875937 0.051662
0.262 -0.683685 0.124092
0.264 -0.480702 0.193076
0.266 -0.270718 0.257378
0.268 -0.0576079 0.315856
0.27 0.15469 0.367485
0.272 0.362264 0.411377
0.274 0.561308 0.446803
0.276 0.748203 0.473204
0.278 0.919593 0.4902
0.28 1.07245 0.4976
0.282 1.20412 0.495403
0.284 1.31242 0.483795
0.286 1.39558 0.463142
0.288 1.45239 0.433981
0.29 1.48211 0.397008
0.292 1.48455 0.353057
0.294 1.46003 0.303087
0.296 1.40937 0.248154
0.298 1.33388 0.189392
0.3 1.2353 0.12799
0.302 1.11581 0.0651625
0.304 0.977924 0.00213045
0.306 0.824455 -0.0599066
0.308 0.658468 -0.119792
0.31 0.4832 -0.176434
0.312 0.30199 -0.228827
0.314 0.118214 -0.276064
0.316 -0.0647907 -0.31736
0.318 -0.243788 -0.352056
0.32 -0.415709 -0.379633
0.322 -0.577714 -0.399719
0.324 -0.727235 -0.412086
0.326 -0.862028 -0.416659
0.328 -0.980199 -0.413503
0.33 -1.08023 -0.402825
0.332 -1.161 -0.384961
0.334 -1.22178 -0.360364
0.336 -1.26223 -0.329593
0.338 -1.28238 -0.293295
0.34 -1.28265 -0.25219
0.342 -1.26375 -0.207056
0.344 -1.22673 -0.158706
0.346 -1.17288 -0.107975
0.348 -1.10373 -0.0557039
0.35 -1.02098 -0.00272423
0.352 -0.926504 0.0501565
0.354 -0.822254 0.102165
0.356 -0.710267 0.152571
0.358 -0.592608 0.200697
0.36 -0.471344 0.245921
0.362 -0.348509 0.287683
0.364 -0.226084 0.325485
0.366 -0.105971 0.358896
0.368 0.0100309 0.387548
0.37 0.120238 0.41114
0.372 0.2231 0.429435
0.374 0.317218 0.44226
0.376 0.40135 0.449508
0.378 0.474424 0.451133
0.38 0.535544 0.447154
0.382 0.584001 0.437648
0.384 0.61927 0.422757
0.386 0.641019 0.402679
0.388 0.649109 0.37767
0.39 0.643589 0.348041
0.392 0.624701 0.314155
0.394 0.592866 0.276424
0.396 0.548684 0.235303
0.398 0.492921 0.191288
0.4 0.426495 0.144908
0.402 0.350464 0.0967247
0.404 0.266005 0.0473183
0.406 0.174393 -0.00271227
0.408 0.0769847 -0.0527597
0.41 -0.0248078 -0.102214
0.412 -0.129537 -0.150472
0.414 -0.235739 -0.196942
0.416 -0.341956 -0.241053
0.418 -0.44675 -0.28226
0.42 -0.548719 -0.320054
0.422 -0.646511 -0.353966
0.424 -0.738832 -0.383577
0.426 -0.824458 -0.408519
0.428 -0.902244 -0.428485
0.43 -0.971135 -0.443234
0.432 -1.03017 -0.452593
0.434 -1.0785 -0.456467
0.436 -1.1154 -0.454835
0.438 -1.14026 -0.447759
0.44 -1.15262 -0.435382
0.442 -1.15218 -0.417929
0.444 -1.1388 -0.395703
0.446 -1.1125 -0.369089
0.448 -1.0735 -0.338539
0.45 -1.02221 -0.304574
0.452 -0.959211 -0.267771
0.454 -0.885293 -0.228754
0.456 -0.801417 -0.188179
0.458 -0.70872 -0.146728
0.46 -0.608494 -0.105089
0.462 -0.502173 -0.0639465
0.464 -0.391306 -0.0239631
0.466 -0.27753 0.0142301
0.468 -0.16255 0.0500474
0.47 -0.0480996 0.0829599
0.472 0.0640783 0.112505
0.474 0.172266 0.138293
0.476 0.274799 0.160015
0.478 0.370088 0.177446
0.48 0.456651 0.190447
0.482 0.533131 0.198962
0.484 0.598322 0.203021
0.486 0.651187 0.202731
0.488 0.690878 0.198273
0.49 0.716747 0.189893
0.492 0.728362 0.177897
0.494 0.725512 0.162635
0.496 0.708216 0.144498
0.498 0.676717 0.123902
0.4 0.30761 0.13297
0.8 0.308759 0.133873
1.2 0.31065 0.135364
1.6 0.313251 0.137427
2 0.316515 0.140036
2.4 0.320385 0.143162
2.8 0.324793 0.146765
3.2 0.329661 0.150804
3.6 0.334904 0.155232
4 0.340431 0.159997
4.4 0.346145 0.165045
4.8 0.351948 0.170319
5.2 0.35774 0.175759
5.6 0.363422 0.181307
6 0.368898 0.186901
6.4 0.374075 0.192484
6.8 0.378866 0.197997
7.2 0.383191 0.203385
7.6 0.386979 0.208595
8 0.390166 0.213578
8.4 0.392702 0.218289
8.8 0.394543 0.222687
9.2 0.395659 0.226737
9.6 0.396032 0.230406
10 0.395651 0.233669
10.4 0.39452 0.236506
10.8 0.392652 0.238901
11.2 0.39007 0.240844
11.6 0.386804 0.24233
12 0.382896 0.243359
12.4 0.378392 0.243935
12.8 0.373344 0.244066
13.2 0.367811 0.243764
13.6 0.361853 0.243046
14 0.355535 0.241929
14.4 0.34892 0.240435
14.8 0.342074 0.238586
15.2 0.335062 0.236407
15.6 0.327944 0.233924
16 0.320782 0.231161
16.4 0.31363 0.228147
16.8 0.306541 0.224906
17.2 0.299563 0.221464
17.6 0.29274 0.217848
18 0.286108 0.21408
18.4 0.2797 0.210183
18.8 0.273546 0.206178
19.2 0.267667 0.202086
19.6 0.262083 0.197925
20 0.256807 0.193711
20.4 0.251849 0.18946
20.8 0.247216 0.185185
21.2 0.242912 0.180898
21.6 0.238936 0.17661
22 0.235288 0.17233
22.4 0.231965 0.168067
22.8 0.228961 0.163828
23.2 0.226271 0.159618
23.6 0.223889 0.155443
24 0.221807 0.151307
24.4 0.220019 0.147216
24.8 0.218518 0.143171
25.2 0.217296 0.139177
25.6 0.216346 0.135237
26 0.215662 0.131353
26.4 0.215236 0.127528
26.8 0.215062 0.123764
27.2 0.215133 0.120064
27.6 0.215441 0.11643
28 0.215978 0.112864
28.4 0.216736 0.109369
28.8 0.217705 0.105946
29.2 0.218876 0.102599
29.6 0.220237 0.0993288
30 0.221775 0.0961374
30.4 0.223478 0.0930268
30.8 0.22533 0.0899986
31.2 0.227316 0.0870544
31.6 0.229417 0.0841953
32 0.231615 0.0814227
32.4 0.23389 0.0787375
32.8 0.236221 0.0761403
33.2 0.238587 0.0736318
33.6 0.240964 0.0712122
34 0.243329 0.0688819
34.4 0.245659 0.0666408
34.8 0.247929 0.0644886
35.2 0.250116 0.0624252
35.6 0.252194 0.0604502
36 0.254141 0.0585628
36.4 0.255932 0.0567625
36.8 0.257546 0.0550485
37.2 0.258959 0.05342
37.6 0.260152 0.0518759
38 0.261103 0.0504152
38.4 0.261794 0.0490369
38.8 0.262206 0.0477396
39.2 0.262324 0.046522
39.6 0.262131 0.0453826
40 0.261615 0.0443198
40.4 0.260764 0.0433317
40.8 0.259566 0.0424165
41.2 0.258012 0.041572
41.6 0.256097 0.0407957
42 0.253814 0.0400852
42.4 0.25116 0.0394377
42.8 0.248134 0.03885
43.2 0.244736 0.0383191
43.6 0.240969 0.0378413
44 0.236838 0.0374131
44.4 0.232351 0.0370306
44.8 0.227517 0.0366897
45.2 0.222349 0.0363864
45.6 0.21686 0.0361163
46 0.211069 0.0358753
46.4 0.204995 0.0356589
46.8 0.19866 0.0354631
47.2 0.192089 0.0352836
47.6 0.185309 0.0351165
48 0.178348 0.0349579
48.4 0.171239 0.0348045
48.8 0.164014 0.0346531
49.2 0.156707 0.0345007
49.6 0.149356 0.034345
50 0.141996 0.034184
50.4 0.134666 0.0340161
50.8 0.127404 0.0338404
51.2 0.120247 0.0336562
51.6 0.113233 0.0334634
52 0.106398 0.0332626
52.4 0.0997775 0.0330545
52.8 0.0934051 0.0328405
53.2 0.0873118 0.0326223
53.6 0.0815263 0.0324019
54 0.0760743 0.0321816
54.4 0.0709785 0.031964
54.8 0.0662581 0.0317518
55.2 0.0619284 0.0315479
55.6 0.0580011 0.031355
56 0.0544838 0.031176
56.4 0.0513801 0.0310134
56.8 0.0486895 0.0308697
57.2 0.0464077 0.030747
57.6 0.0445263 0.030647
58 0.0430334 0.0305711
58.4 0.0419136 0.0305202
58.8 0.0411485 0.0304945
59.2 0.0407165 0.0304938
59.6 0.0405938 0.0305174
60 0.0407543 0.0305637
60.4 0.0411703 0.0306307
60.8 0.0418126 0.0307158
61.2 0.0426512 0.0308156
61.6 0.0436556 0.0309263
62 0.044795 0.0310436
62.4 0.0460392 0.0311625
62.8 0.0473585 0.0312778
63.2 0.0487239 0.0313839
63.6 0.0501081 0.0314748
64 0.0514851 0.0315443
64.4 0.0528305 0.0315863
64.8 0.0541222 0.0315946
65.2 0.0553398 0.0315629
65.6 0.0564653 0.0314853
66 0.0574829 0.0313561
66.4 0.058379 0.0311699
66.8 0.0591423 0.0309218
67.2 0.0597637 0.0306077
67.6 0.0602362 0.0302237
68 0.060555 0.0297669
68.4 0.060717 0.0292352
68.8 0.0607213 0.028627
69.2 0.0605682 0.027942
69.6 0.06026 0.0271806
70 0.0598001 0.0263439
70.4 0.0591933 0.0254344
70.8 0.0584455 0.0244552
71.2 0.0575636 0.0234104
71.6 0.0565551 0.0223049
72 0.0554286 0.0211446
72.4 0.0541931 0.0199359
72.8 0.0528582 0.0186862
73.2 0.0514337 0.0174034
73.6 0.04993 0.0160957
74 0.0483576 0.0147721
74.4 0.0467271 0.0134416
74.8 0.0450494 0.0121137
75.2 0.0433352 0.0107978
75.6 0.0415953 0.00950333
76 0.0398404 0.00823952
76.4 0.038081 0.00701542
76.8 0.0363274 0.00583965
77.2 0.0345895 0.00472037
77.6 0.0328771 0.00366512
78 0.0311993 0.00268078
78.4 0.029565 0.00177342
78.8 0.0279822 0.000948283
79.2 0.0264585 0.000209682
79.6 0.0250009 -0.000439036
80 0.0236154 -0.000995533
80.4 0.0223073 -0.0014585
80.8 0.021081 -0.00182768
81.2 0.0199402 -0.00210383
81.6 0.0188874 -0.00228874
82 0.0179241 -0.00238518
82.4 0.0170512 -0.00239686
82.8 0.0162681 -0.00232836
83.2 0.0155737 -0.00218507
83.6 0.0149657 -0.00197308
84 0.014441 -0.00169915
84.4 0.0139955 -0.00137053
84.8 0.0136246 -0.000994921
85.2 0.0133228 -0.000580343
85.6 0.0130841 -0.000135009
86 0.0129019 0.000332772
86.4 0.0127694 0.000814711
86.8 0.0126791 0.00130265
87.2 0.0126238 0.00178868
87.6 0.012596 0.0022652
88 0.0125884 0.00272507
88.4 0.0125935 0.00316166
88.8 0.0126046 0.00356891
89.2 0.0126149 0.00394144
89.6 0.0126184 0.00427456
90 0.0126094 0.00456434
90.4 0.0125828 0.00480764
90.8 0.0125344 0.0050021
91.2 0.0124605 0.00514619
91.6 0.0123579 0.00523914
92 0.0122244 0.00528099
92.4 0.0120585 0.00527253
92.8 0.0118592 0.00521523
93.2 0.0116264 0.00511127
93.6 0.0113605 0.00496338
94 0.0110624 0.00477488
94.4 0.0107337 0.00454954
94.8 0.0103764 0.00429152
95.2 0.00999282 0.00400532
95.6 0.00958574 0.00369565
96 0.00915815 0.00336741
96.4 0.00871325 0.00302555
96.8 0.00825438 0.00267504
97.2 0.00778492 0.00232076
97.6 0.0073083 0.00196746
98 0.0068279 0.00161965
98.4 0.00634699 0.00128159
98.8 0.00586874 0.000957209
99.2 0.00539611 0.000650045
99.6 0.0049319 0.000363238
100 0.00447867 9.94769e-05
100.4 0.00403873 -0.000139015
100.8 0.00361417 -0.000350494
101.2 0.00320677 -0.000533709
101.6 0.0028181 -0.000687888
102 0.00244945 -0.000812739
102.4 0.00210183 -0.000908428
102.8 0.00177605 -0.000975555
103.2 0.00147265 -0.00101512
103.6 0.00119196 -0.00102851
104 0.000934085 -0.00101743
104.4 0.000698952 -0.000983854
104.8 0.000486296 -0.00093003
105.2 0.000295684 -0.000858378
105.6 0.000126535 -0.000771463
106 -2.18724e-05 -0.000671942
106.4 -0.00015038 -0.000562518
106.8 -0.000259936 -0.000445888
107.2 -0.000351585 -0.000324698
107.6 -0.000426448 -0.000201505
108 -0.000485709 -7.87329e-05
108.4 -0.000530606 4.13583e-05
108.8 -0.000562408 0.000156705
109.2 -0.000582409 0.000265463
109.6 -0.000591908 0.00036603
110 -0.000592197 0.000457058
110.4 -0.000584547 0.000537463
110.8 -0.000570194 0.000606427
111.2 -0.000550324 0.000663403
111.6 -0.000526063 0.0007081
112 -0.000498465 0.000740479
112.4 -0.000468499 0.000760734
112.8 -0.000437042 0.000769275
113.2 -0.000404871 0.000766706
113.6 -0.000372657 0.000753801
114 -0.000340963 0.000731476
114.4 -0.000310239 0.000700762
114.8 -0.000280826 0.00066278
115.2 -0.000252959 0.000618707
115.6 -0.000226772 0.000569751
116 -0.000202303 0.000517125
116.4 -0.000179509 0.000462021
116.8 -0.000158271 0.000405587
117.2 -0.000138412 0.000348905
117.6 -0.000119709 0.000292976
118 -0.000101905 0.000238703
118.4 -8.4728e-05 0.000186881
118.8 -6.79045e-05 0.000138186
119.2 -5.11719e-05 9.31718e-05
119.6 -3.42934e-05 5.22694e-05
120 -1.70688e-05 1.57848e-05
120.4 6.54918e-07 -1.6095e-05
120.8 1.89761e-05 -4.32964e-05
121.2 3.79325e-05 -6.58501e-05
121.6 5.74986e-05 -8.38811e-05
122 7.75844e-05 -9.75964e-05
122.4 9.80379e-05 -0.000107272
122.8 0.000118649 -0.000113241
123.2 0.000139157 -0.000115876
123.6 0.000159257 -0.000115579
124 0.000178615 -0.000112766
124.4 0.000196873 -0.000107856
124.8 0.000213667 -0.000101258
125.2 0.000228639 -9.33625e-05
125.6 0.000241449 -8.45323e-05
126 0.000251788 -7.50957e-05
126.4 0.000259391 -6.53411e-05
126.8 0.000264047 -5.55139e-05
127.2 0.000265605 -4.58146e-05
127.6 0.000263989 -3.63988e-05
128 0.000259193 -2.73782e-05
128.4 0.00025129 -1.88233e-05
128.8 0.000240429 -1.07674e-05
129.2 0.000226834 -3.21105e-06
129.6 0.000210797 3.87282e-06
130 0.000192675 1.05329e-05
130.4 0.000172876 1.68336e-05
130.8 0.000151849 2.28495e-05
131.2 0.000130076 2.86593e-05
131.6 0.000108055 3.43408e-05
132 8.6286e-05 3.99663e-05
132.4 6.52604e-05 4.55986e-05
132.8 4.54448e-05 5.12881e-05
133.2 2.72698e-05 5.70701e-05
133.6 1.11179e-05 6.29642e-05
134 -2.6862e-06 6.89732e-05
134.4 -1.38839e-05 7.50835e-05
134.8 -2.22888e-05 8.12666e-05
135.2 -2.77909e-05 8.74806e-05
135.6 -3.0358e-05 9.36724e-05
136 -3.00356e-05 9.97807e-05
136.4 -2.69439e-05 0.000105739
136.8 -2.12727e-05 0.000111478
137.2 -1.32751e-05 0.000116929
137.6 -3.259e-06 0.000122028
138 8.42304e-06 0.000126717
138.4 2.13842e-05 0.000130946
138.8 3.5215e-05 0.000134675
139.2 4.9495e-05 0.000137876
139.6 6.38048e-05 0.000140535
140 7.77367e-05 0.000142648
140.4 9.09059e-05 0.000144224
140.8 0.00010296 0.000145284
141.2 0.000113585 0.000145856
141.6 0.000122518 0.00014598
142 0.000129543 0.000145699
142.4 0.000134504 0.000145062
142.8 0.0001373 0.000144116
143.2 0.000137886 0.000142912
143.6 0.000136274 0.000141493
144 0.000132528 0.000139902
144.4 0.000126758 0.000138172
144.8 0.000119117 0.000136329
145.2 0.000109791 0.000134391
145.6 9.89979e-05 0.000132367
146 8.69724e-05 0.000130258
146.4 7.3964e-05 0.000128054
146.8 6.02269e-05 0.000125741
147.2 4.6014e-05 0.000123298
147.6 3.15698e-05 0.000120699
148 1.71252e-05 0.000117916
148.4 2.89237e-06 0.000114922
148.8 -1.09391e-05 0.000111691
149.2 -2.42047e-05 0.000108203
149.6 -3.6767e-05 0.000104442
150 -4.85162e-05 0.000100401
150.4 -5.93696e-05 9.60833e-05
150.8 -6.92712e-05 9.15019e-05
151.2 -7.81888e-05 8.66814e-05
151.6 -8.61123e-05 8.16578e-05
152 -9.30502e-05 7.64785e-05
152.4 -9.90265e-05 7.12012e-05
152.8 -0.000104078 6.58929e-05
153.2 -0.000108248 6.0628e-05
153.6 -0.000111588 5.54862e-05
154 -0.000114151 5.05506e-05
154.4 -0.000115989 4.59044e-05
154.8 -0.000117153 4.16287e-05
155.2 -0.000117688 3.77995e-05
155.6 -0.000117638 3.44852e-05
156 -0.000117038 3.1744e-05
156.4 -0.00011592 2.96214e-05
156.8 -0.000114309 2.81489e-05
157.2 -0.000112226 2.73419e-05
157.6 -0.000109692 2.71993e-05
158 -0.000106722 2.77025e-05
158.4 -0.000103333 2.88163e-05
158.8 -9.95441e-05 3.04885e-05
159.2 -9.53749e-05 3.26523e-05
159.6 -9.085e-05 3.5227e-05
160 -8.59984e-05 3.81209e-05
160.4 -8.08546e-05 4.12335e-05
160.8 -7.54584e-05 4.44585e-05
161.2 -6.98556e-05 4.7687e-05
161.6 -6.40967e-05 5.08102e-05
162 -5.82369e-05 5.37232e-05
162.4 -5.23342e-05 5.63278e-05
162.8 -4.64484e-05 5.85352e-05
163.2 -4.06397e-05 6.02689e-05
163.6 -3.49663e-05 6.14668e-05
164 -2.94835e-05 6.20827e-05
164.4 -2.42411e-05 6.2088e-05
164.8 -1.92825e-05 6.14719e-05
165.2 -1.46429e-05 6.02417e-05
165.6 -1.03485e-05 5.84224e-05
166 -6.41538e-06 5.60558e-05
166.4 -2.84936e-06 5.31988e-05
166.8 3.54046e-07 4.99213e-05
167.2 3.20923e-06 4.63044e-05
167.6 5.73965e-06 4.24372e-05
168 7.97665e-06 3.84143e-05
168.4 9.95792e-06 3.43325e-05
168.8 1.17257e-05 3.02882e-05
169.2 1.33249e-05 2.63741e-05
169.6 1.48008e-05 2.26768e-05
170 1.61971e-05 1.92741e-05
170.4 1.75538e-05 1.6233e-05
170.8 1.89054e-05 1.36079e-05
171.2 2.0279e-05 1.14391e-05
171.6 2.16933e-05 9.75249e-06
172 2.31574e-05 8.55886e-06
172.4 2.467e-05 7.85416e-06
172.8 2.62198e-05 7.62017e-06
173.2 2.77853e-05 7.82566e-06
173.6 2.93361e-05 8.4278e-06
174 3.08335e-05 9.374e-06
174.4 3.22324e-05 1.06041e-05
174.8 3.34832e-05 1.20523e-05
175.2 3.45338e-05 1.36501e-05
175.6 3.53318e-05 1.53279e-05
176 3.58269e-05 1.70182e-05
176.4 3.59732e-05 1.86569e-05
176.8 3.57316e-05 2.01858e-05
177.2 3.50712e-05 2.15541e-05
177.6 3.39714e-05 2.27195e-05
178 3.24233e-05 2.36497e-05
178.4 3.04302e-05 2.43225e-05
178.8 2.80082e-05 2.47264e-05
179.2 2.5186e-05 2.48598e-05
179.6 2.20049e-05 2.47313e-05
180 1.85167e-05 2.43583e-05
180.4 1.47834e-05 2.37656e-05
180.8 1.08745e-05 2.29848e-05
181.2 6.86514e-06 2.20519e-05
181.6 2.8338e-06 2.10061e-05
182 -1.14053e-06 1.9888e-05
182.4 -4.98082e-06 1.8738e-05
182.8 -8.61463e-06 1.75942e-05
183.2 -1.19765e-05 1.64917e-05
183.6 -1.50102e-05 1.54608e-05
184 -1.76707e-05 1.45261e-05
184.4 -1.99255e-05 1.37058e-05
184.8 -2.17556e-05 1.30114e-05
185.2 -2.31566e-05 1.24471e-05
185.6 -2.41381e-05 1.20104e-05
186 -2.47237e-05 1.16924e-05
186.4 -2.49497e-05 1.14781e-05
186.8 -2.48642e-05 1.1348e-05
187.2 -2.45247e-05 1.12784e-05
187.6 -2.39962e-05 1.12432e-05
188 -2.33489e-05 1.12147e-05
188.4 -2.26553e-05 1.11655e-05
188.8 -2.19879e-05 1.10692e-05
189.2 -2.14162e-05 1.09017e-05
189.6 -2.10041e-05 1.06427e-05
190 -2.0808e-05 1.0276e-05
190.4 -2.08742e-05 9.79067e-06
190.8 -2.12379e-05 9.18117e-06
191.2 -2.19211e-05 8.44786e-06
191.6 -2.29325e-05 7.59681e-06
192 -2.4267e-05 6.63964e-06
192.4 -2.59058e-05 5.593e-06
192.8 -2.78172e-05 4.47788e-06
193.2 -2.99578e-05 3.31878e-06
193.6 -3.22741e-05 2.1427e-06
194 -3.47042e-05 9.78067e-07
194.4 -3.71805e-05 -1.46407e-07
194.8 -3.96315e-05 -1.20287e-06
195.2 -4.19848e-05 -2.16541e-06
195.6 -4.41698e-05 -3.01108e-06
196 -4.61193e-05 -3.72079e-06
196.4 -4.7773e-05 -4.28002e-06
196.8 -4.90786e-05 -4.67937e-06
197.2 -4.9994e-05 -4.91492e-06
197.6 -5.04888e-05 -4.98831e-06
198 -5.05447e-05 -4.90671e-06
198.4 -5.01568e-05 -4.68248e-06
198.8 -4.93327e-05 -4.33265e-06
199.2 -4.8093e-05 -3.8783e-06
199.6 -4.647e-05 -3.3437e-06
200 -4.45063e-05 -2.75538e-06
200.4 -4.22536e-05 -2.14112e-06
200.8 -3.97705e-05 -1.52891e-06
201.2 -3.71207e-05 -9.45906e-07
201.6 -3.43707e-05 -4.17438e-07
202 -3.15872e-05 3.39189e-08
202.4 -2.88354e-05 3.89125e-07
202.8 -2.61766e-05 6.33332e-07
203.2 -2.36662e-05 7.5636e-07
203.6 -2.13524e-05 7.53e-07
204 -1.92742e-05 6.23107e-07
204.4 -1.7461e-05 3.71515e-07
204.8 -1.59318e-05 7.75144e-09
205.2 -1.46946e-05 -4.54418e-07
205.6 -1.37472e-05 -9.976e-07
206 -1.3077e-05 -1.60151e-06
206.4 -1.26626e-05 -2.24382e-06
206.8 -1.24744e-05 -2.90104e-06
207.2 -1.24764e-05 -3.54946e-06
207.6 -1.26278e-05 -4.16608e-06
208 -1.28844e-05 -4.72946e-06
208.4 -1.32011e-05 -5.22058e-06
208.8 -1.35329e-05 -5.62344e-06
209.2 -1.38374e-05 -5.92573e-06
209.6 -1.40757e-05 -6.11914e-06
210 -1.42142e-05 -6.19971e-06
210.4 -1.42257e-05 -6.16781e-06
210.8 -1.40899e-05 -6.0281e-06
211.2 -1.37944e-05 -5.78924e-06
211.6 -1.33346e-05 -5.46351e-06
212 -1.27137e-05 -5.06621e-06
212.4 -1.1942e-05 -4.61504e-06
212.8 -1.10369e-05 -4.12935e-06
213.2 -1.00211e-05 -3.62932e-06
213.6 -8.92207e-06 -3.13519e-06
214 -7.77043e-06 -2.6664e-06
214.4 -6.59871e-06 -2.2409e-06
214.8 -5.43985e-06 -1.87438e-06
215.2 -4.32582e-06 -1.57977e-06
215.6 -3.28627e-06 -1.36667e-06
216 -2.34736e-06 -1.24111e-06
216.4 -1.53072e-06 -1.20531e-06
216.8 -8.52681e-07 -1.25766e-06
217.2 -3.23658e-07 -1.39284e-06
217.6 5.21073e-08 -1.60209e-06
218 2.76605e-07 -1.87359e-06
218.4 3.57826e-07 -2.19299e-06
218.8 3.09286e-07 -2.54402e-06
219.2 1.49337e-07 -2.90915e-06
219.6 -9.9724e-08 -3.2703e-06
220 -4.12686e-07 -3.60961e-06
220.4 -7.62563e-07 -3.91007e-06
220.8 -1.12179e-06 -4.15631e-06
221.2 -1.4634e-06 -4.33506e-06
221.6 -1.7622e-06 -4.43578e-06
222 -1.99583e-06 -4.45098e-06
222.4 -2.14565e-06 -4.3765e-06
222.8 -2.19751e-06 -4.21169e-06
223.2 -2.14233e-06 -3.95935e-06
223.6 -1.97636e-06 -3.62563e-06
224 -1.70134e-06 -3.21977e-06
224.4 -1.32434e-06 -2.7537e-06
224.8 -8.57391e-07 -2.24155e-06
225.2 -3.1692e-07 -1.69912e-06
225.6 2.76981e-07 -1.14323e-06
226 9.01463e-07 -5.91078e-07
226.4 1.53193e-06 -5.96032e-08
226.8 2.14309e-06 4.35188e-07
227.2 2.71007e-06 8.78791e-07
227.6 3.20948e-06 1.25874e-06
228 3.62042e-06 1.56505e-06
228.4 3.92534e-06 1.79055e-06
228.8 4.11085e-06 1.93112e-06
229.2 4.16822e-06 1.98576e-06
229.6 4.09385e-06 1.95663e-06
230 3.88933e-06 1.84885e-06
230.4 3.5615e-06 1.67028e-06
230.8 3.12211e-06 1.43114e-06
231.2 2.58739e-06 1.14358e-06
231.6 1.97741e-06 8.21181e-07
232 1.31527e-06 4.78351e-07
232.4 6.26182e-07 1.29789e-07
232.8 -6.35181e-08 -2.10124e-07
233.2 -7.27432e-07 -5.2788e-07
233.6 -1.34013e-06 -8.11364e-07
234 -1.87817e-06 -1.05031e-06
234.4 -2.321e-06 -1.23667e-06
234.8 -2.65178e-06 -1.36489e-06
235.2 -2.858e-06 -1.4321e-06
235.6 -2.93203e-06 -1.43815e-06
236 -2.87133e-06 -1.3856e-06
236.4 -2.67856e-06 -1.27954e-06
236.8 -2.3615e-06 -1.12732e-06
237.2 -1.93265e-06 -9.38255e-07
237.6 -1.4088e-06 -7.23178e-07
238 -8.10297e-07 -4.93963e-07
238.4 -1.60291e-07 -2.63028e-07
238.8 5.16214e-07 -4.28032e-08
239.2 1.19332e-06 1.54787e-07
239.6 1.84526e-06 3.18822e-07
240 2.44736e-06 4.39831e-07
240.4 2.97702e-06 5.10179e-07
240.8 3.41456e-06 5.24379e-07
241.2 3.74394e-06 4.79309e-07
241.6 3.95338e-06 3.74332e-07
242 4.03575e-06 2.11323e-07
242.4 3.98883e-06 -5.41632e-09
242.8 3.81536e-06 -2.69332e-07
243.2 3.52283e-06 -5.71885e-07
243.6 3.12323e-06 -9.02891e-07
244 2.63246e-06 -1.25093e-06
244.4 2.06976e-06 -1.60381e-06
244.8 1.45684e-06 -1.94903e-06
245.2 8.17113e-07 -2.27427e-06
245.6 1.74682e-07 -2.56792e-06
246 -4.46543e-07 -2.81945e-06
246.4 -1.02379e-06 -3.0199e-06
246.8 -1.5363e-06 -3.16215e-06
247.2 -1.96607e-06 -3.24126e-06
247.6 -2.29859e-06 -3.25457e-06
248 -2.52329e-06 -3.20187e-06
248.4 -2.63393e-06 -3.08535e-06
248.8 -2.62879e-06 -2.90949e-06
249.2 -2.51069e-06 -2.68095e-06
249.6 -2.28677e-06 -2.40819e-06
250 -1.96821e-06 -2.10124e-06
250.4 -1.5697e-06 -1.77124e-06
250.8 -1.10881e-06 -1.43004e-06
251.2 -6.05273e-07 -1.08971e-06
251.6 -8.01784e-08 -7.62127e-07
252 4.44904e-07 -4.58484e-07
252.4 9.48773e-07 -1.88892e-07
252.8 1.41144e-06 3.79948e-08
253.2 1.81491e-06 2.15292e-07
253.6 2.14389e-06 3.38126e-07
254 2.38634e-06 4.0379e-07
254.4 2.53395e-06 4.11825e-07
254.8 2.58241e-06 3.64e-07
255.2 2.53155e-06 2.64215e-07
255.6 2.38532e-06 1.18322e-07
256 2.15157e-06 -6.61313e-08
256.4 1.84169e-06 -2.80218e-07
256.8 1.47014e-06 -5.13997e-07
257.2 1.05386e-06 -7.56916e-07
257.6 6.1153e-07 -9.98228e-07
258 1.62829e-07 -1.22742e-06
258.4 -2.72357e-07 -1.43461e-06
258.8 -6.7474e-07 -1.61094e-06
259.2 -1.0264e-06 -1.74889e-06
259.6 -1.31147e-06 -1.84258e-06
260 -1.51678e-06 -1.88795e-06
260.4 -1.63237e-06 -1.88291e-06
260.8 -1.65184e-06 -1.82741e-06
261.2 -1.57258e-06 -1.72338e-06
261.6 -1.39591e-06 -1.57467e-06
262 -1.12694e-06 -1.38683e-06
262.4 -7.74373e-07 -1.16692e-06
262.8 -3.50175e-07 -9.23155e-07
263.2 1.30953e-07 -6.64629e-07
263.6 6.5214e-07 -4.00895e-07
264 1.19502e-06 -1.41607e-07
264.4 1.74044e-06 1.03866e-07
264.8 2.26921e-06 3.26806e-07
265.2 2.76287e-06 5.19481e-07
265.6 3.20434e-06 6.7544e-07
266 3.57861e-06 7.89748e-07
266.4 3.87326e-06 8.59167e-07
266.8 4.07894e-06 8.82257e-07
267.2 4.18969e-06 8.59414e-07
267.6 4.2031e-06 7.92833e-07
268 4.1204e-06 6.86396e-07
268.4 3.94635e-06 5.45499e-07
268.8 3.68902e-06 3.76819e-07
269.2 3.35942e-06 1.88034e-07
269.6 2.97104e-06 -1.24904e-08
270 2.5393e-06 -2.16047e-07
270.4 2.08094e-06 -4.13932e-07
270.8 1.61331e-06 -5.97793e-07
271.2 1.15374e-06 -7.59957e-07
271.6 7.18824e-07 -8.93724e-07
272 3.23805e-07 -9.93627e-07
272.4 -1.80047e-08 -1.05563e-06
272.8 -2.95709e-07 -1.07729e-06
273.2 -5.01219e-07 -1.0578e-06
273.6 -6.29529e-07 -9.98048e-07
274 -6.78854e-07 -9.0052e-07
274.4 -6.50656e-07 -7.69219e-07
274.8 -5.49525e-07 -6.09469e-07
275.2 -3.8295e-07 -4.27694e-07
275.6 -1.60965e-07 -2.3115e-07
276 1.04289e-07 -2.7628e-08
276.4 3.99089e-07 1.74865e-07
276.8 7.08709e-07 3.68427e-07
277.2 1.01803e-06 5.45575e-07
277.6 1.31217e-06 6.9954e-07
278 1.57707e-06 8.24532e-07
278.4 1.80007e-06 9.15962e-07
278.8 1.97041e-06 9.70615e-07
279.2 2.07964e-06 9.86763e-07
279.6 2.12196e-06 9.64226e-07
280 2.0944e-06 9.04365e-07
280.4 1.99695e-06 8.10012e-07
280.8 1.83251e-06 6.85349e-07
281.2 1.60678e-06 5.35729e-07
281.6 1.32797e-06 3.67453e-07
282 1.00648e-06 1.87516e-07
282.4 6.54433e-07 3.31759e-09
282.8 2.85226e-07 -1.77628e-07
283.2 -8.70649e-08 -3.47993e-07
283.6 -4.48234e-07 -5.00929e-07
284 -7.84515e-07 -6.30328e-07
284.4 -1.08313e-06 -7.31059e-07
284.8 -1.3328e-06 -7.99166e-07
285.2 -1.52417e-06 -8.32015e-07
285.6 -1.65018e-06 -8.28381e-07
286 -1.70633e-06 -7.88492e-07
286.4 -1.69083e-06 -7.14004e-07
286.8 -1.60465e-06 -6.07925e-07
287.2 -1.4515e-06 -4.74482e-07
287.6 -1.2376e-06 -3.1895e-07
288 -9.71464e-07 -1.47428e-07
288.4 -6.63539e-07 3.34037e-08
288.8 -3.25762e-07 2.16555e-07
289.2 2.89099e-08 3.95002e-07
289.6 3.87019e-07 5.61967e-07
290 7.3514e-07 7.11179e-07
290.4 1.06041e-06 8.37123e-07
290.8 1.35101e-06 9.35246e-07
291.2 1.59665e-06 1.00213e-06
291.6 1.78893e-06 1.03561e-06
292 1.92164e-06 1.03486e-06
292.4 1.99103e-06 1.0004e-06
292.8 1.99587e-06 9.34086e-07
293.2 1.93749e-06 8.38989e-07
293.6 1.8197e-06 7.19293e-07
294 1.6486e-06 5.80104e-07
294.4 1.43234e-06 4.27246e-07
294.8 1.1807e-06 2.67021e-07
295.2 9.0474e-07 1.05957e-07
295.6 6.16323e-07 -4.94544e-08
296 3.27615e-07 -1.93011e-07
296.4 5.06067e-08 -3.19048e-07
296.8 -2.03377e-07 -4.22652e-07
297.2 -4.24123e-07 -4.99853e-07
297.6 -6.02937e-07 -5.47773e-07
298 -7.32973e-07 -5.64727e-07
298.4 -8.09501e-07 -5.50283e-07
298.8 -8.30074e-07 -5.05266e-07
299.2 -7.94608e-07 -4.31716e-07
299.6 -7.05365e-07 -3.32795e-07
300 -5.66845e-07 -2.12652e-07
300.4 -3.85579e-07 -7.62532e-08
300.8 -1.69856e-07 7.08259e-08
301.2 7.06305e-08 2.22624e-07
301.6 3.25185e-07 3.73035e-07
302 5.82548e-07 5.16049e-07
302.4 8.3136e-07 6.45994e-07
302.8 1.06062e-06 7.57752e-07
303.2 1.26012e-06 8.46964e-07
303.6 1.42087e-06 9.10191e-07
304 1.53545e-06 9.45045e-07
304.4 1.59829e-06 9.50277e-07
304.8 1.60591e-06 9.25816e-07
305.2 1.55702e-06 8.7276e-07
305.6 1.45258e-06 7.93327e-07
306 1.29577e-06 6.9076e-07
306.4 1.09182e-06 5.69184e-07
306.8 8.47823e-07 4.33443e-07
307.2 5.72424e-07 2.88899e-07
307.6 2.75488e-07 1.41217e-07
308 -3.2304e-08 -3.86022e-09
308.4 -3.3988e-07 -1.40741e-07
308.8 -6.36213e-07 -2.64203e-07
309.2 -9.10756e-07 -3.69597e-07
309.6 -1.15386e-06 -4.53026e-07
310 -1.35713e-06 -5.11493e-07
310.4 -1.51377e-06 -5.43012e-07
310.8 -1.61883e-06 -5.46676e-07
311.2 -1.66939e-06 -5.22688e-07
311.6 -1.66464e-06 -4.72342e-07
312 -1.60595e-06 -3.9796e-07
312.4 -1.49674e-06 -3.02796e-07
312.8 -1.34236e-06 -1.90898e-07
313.2 -1.14987e-06 -6.69422e-08
313.6 -9.27746e-07 6.3958e-08
314 -6.85515e-07 1.96457e-07
314.4 -4.33403e-07 3.25191e-07
314.8 -1.81908e-07 4.44989e-07
315.2 5.86109e-08 5.51075e-07
315.6 2.78341e-07 6.39256e-07
316 4.68397e-07 7.06082e-07
316.4 6.21163e-07 7.48975e-07
316.8 7.30585e-07 7.66325e-07
317.2 7.92395e-07 7.57547e-07
317.6 8.04264e-07 7.23093e-07
318 7.65881e-07 6.64429e-07
318.4 6.78945e-07 5.83966e-07
318.8 5.47084e-07 4.8496e-07
319.2 3.75695e-07 3.71374e-07
319.6 1.71717e-07 2.47719e-07
320 -5.66572e-08 1.18867e-07
320.4 -3.00311e-07 -1.01397e-08
320.8 -5.49576e-07 -1.34292e-07
321.2 -7.94615e-07 -2.48811e-07
321.6 -1.02581e-06 -3.49333e-07
322 -1.23415e-06 -4.32081e-07
322.4 -1.41155e-06 -4.94008e-07
322.8 -1.55123e-06 -5.32911e-07
323.2 -1.64788e-06 -5.4751e-07
323.6 -1.69792e-06 -5.37494e-07
324 -1.69963e-06 -5.03522e-07
324.4 -1.65316e-06 -4.47192e-07
324.8 -1.56052e-06 -3.70967e-07
325.2 -1.42552e-06 -2.78073e-07
325.6 -1.25355e-06 -1.72365e-07
326 -1.05141e-06 -5.81659e-08
326.4 -8.26981e-07 5.9902e-08
326.8 -5.88914e-07 1.77107e-07
327.2 -3.46306e-07 2.88796e-07
327.6 -1.08314e-07 3.90572e-07
328 1.16199e-07 4.78475e-07
328.4 3.19012e-07 5.49125e-07
328.8 4.92863e-07 5.9986e-07
329.2 6.31729e-07 6.28826e-07
329.6 7.31046e-07 6.35053e-07
330 7.87882e-07 6.18478e-07
330.4 8.01025e-07 5.79943e-07
330.8 7.71024e-07 5.21154e-07
331.2 7.00137e-07 4.44606e-07
331.6 5.9223e-07 3.53477e-07
332 4.52602e-07 2.51496e-07
332.4 2.87756e-07 1.42792e-07
332.8 1.05127e-07 3.17231e-08
333.2 -8.72249e-08 -7.72936e-08
333.6 -2.80949e-07 -1.79961e-07
334 -4.67741e-07 -2.72272e-07
334.4 -6.39676e-07 -3.50664e-07
334.8 -7.8953e-07 -4.12157e-07
335.2 -9.1106e-07 -4.54471e-07
335.6 -9.99252e-07 -4.76108e-07
336 -1.05051e-06 -4.76405e-07
336.4 -1.0628e-06 -4.55554e-07
336.8 -1.03571e-06 -4.14592e-07
337.2 -9.70449e-07 -3.55347e-07
337.6 -8.69813e-07 -2.80363e-07
338 -7.38036e-07 -1.92794e-07
338.4 -5.80621e-07 -9.62713e-08
338.8 -4.04109e-07 5.24094e-09
339.2 -2.15808e-07 1.07608e-07
339.6 -2.34962e-08 2.06691e-07
340 1.64898e-07 2.98508e-07
340.4 3.41612e-07 3.79393e-07
340.8 4.99363e-07 4.46142e-07
341.2 6.31634e-07 4.96131e-07
341.6 7.32939e-07 5.27423e-07
342 7.99031e-07 5.38833e-07
342.4 8.2707e-07 5.29978e-07
342.8 8.15732e-07 5.01279e-07
343.2 7.65252e-07 4.53943e-07
343.6 6.77409e-07 3.89911e-07
344 5.55452e-07 3.11772e-07
344.4 4.03958e-07 2.22659e-07
344.8 2.28651e-07 1.26121e-07
345.2 3.61671e-08 2.5978e-08
345.6 -1.66212e-07 -7.38298e-08
346 -3.70849e-07 -1.69401e-07
346.4 -5.70056e-07 -2.57024e-07
346.8 -7.56396e-07 -3.33328e-07
347.2 -9.22975e-07 -3.95408e-07
347.6 -1.06371e-06 -4.40939e-07
348 -1.17357e-06 -4.68265e-07
348.4 -1.24875e-06 -4.76459e-07
348.8 -1.28684e-06 -4.65352e-07
349.2 -1.28688e-06 -4.35538e-07
349.6 -1.24941e-06 -3.88345e-07
350 -1.17643e-06 -3.25773e-07
350.4 -1.07132e-06 -2.50415e-07
350.8 -9.38671e-07 -1.65349e-07
351.2 -7.84128e-07 -7.40101e-08
351.6 -6.14139e-07 1.99451e-08
352 -4.35696e-07 1.12785e-07
352.4 -2.56064e-07 2.00852e-07
352.8 -8.24817e-08 2.80706e-07
353.2 7.81175e-08 3.49257e-07
353.6 2.1938e-07 4.0389e-07
354 3.3578e-07 4.42559e-07
354.4 4.22827e-07 4.63866e-07
354.8 4.7724e-07 4.67112e-07
355.2 4.97068e-07 4.52319e-07
355.6 4.81753e-07 4.20224e-07
356 4.32143e-07 3.72242e-07
356.4 3.5045e-07 3.1041e-07
356.8 2.40146e-07 2.37297e-07
357.2 1.05821e-07 1.55898e-07
357.6 -4.70126e-08 6.95178e-08
358 -2.12142e-07 -1.83696e-08
358.4 -3.82908e-07 -1.04255e-07
358.8 -5.52476e-07 -1.84734e-07
359.2 -7.14104e-07 -2.56645e-07
359.6 -8.61411e-07 -3.17186e-07
360 -9.88632e-07 -3.6403e-07
360.4 -1.09084e-06 -3.95411e-07
360.8 -1.16413e-06 -4.10186e-07
361.2 -1.20577e-06 -4.07885e-07
361.6 -1.21432e-06 -3.88715e-07
362 -1.18965e-06 -3.53554e-07
362.4 -1.13295e-06 -3.03908e-07
362.8 -1.04667e-06 -2.41848e-07
363.2 -9.34411e-07 -1.69923e-07
363.6 -8.00792e-07 -9.10556e-08
364 -6.51232e-07 -8.42479e-09
364.4 -4.91746e-07 7.46633e-08
364.8 -3.28695e-07 1.54907e-07
365.2 -1.68532e-07 2.29141e-07
365.6 -1.75453e-08 2.94459e-07
366 1.18393e-07 3.48328e-07
366.4 2.34054e-07 3.88688e-07
366.8 3.25058e-07 4.14029e-07
367.2 3.88044e-07 4.23444e-07
367.6 4.20791e-07 4.16669e-07
368 4.22306e-07 3.94079e-07
368.4 3.92849e-07 3.56678e-07
368.8 3.33913e-07 3.06047e-07
369.2 2.48164e-07 2.44283e-07
369.6 1.39317e-07 1.73912e-07
370 1.19869e-08 9.77797e-08
370.4 -1.28503e-07 1.89453e-08
370.8 -2.76338e-07 -5.94476e-08
371.2 -4.25448e-07 -1.34294e-07
371.6 -5.69749e-07 -2.0265e-07
372 -7.03387e-07 -2.6185e-07
372.4 -8.20968e-07 -3.09609e-07
372.8 -9.17773e-07 -3.44111e-07
373.2 -9.89937e-07 -3.64078e-07
373.6 -1.0346e-06 -3.6882e-07
374 -1.05002e-06 -3.58251e-07
374.4 -1.03562e-06 -3.32898e-07
374.8 -9.92023e-07 -2.93867e-07
375.2 -9.20999e-07 -2.42801e-07
375.6 -8.25406e-07 -1.81812e-07
376 -7.09058e-07 -1.13387e-07
376.4 -5.76574e-07 -4.02962e-08
376.8 -4.33183e-07 3.45256e-08
377.2 -2.84518e-07 1.08093e-07
377.6 -1.36386e-07 1.77491e-07
378 5.4604e-09 2.39987e-07
378.4 1.35554e-07 2.93141e-07
378.8 2.48927e-07 3.34899e-07
379.2 3.41303e-07 3.63673e-07
379.6 4.09264e-07 3.78398e-07
380 4.50381e-07 3.78575e-07
380.4 4.63301e-07 3.64284e-07
380.8 4.47797e-07 3.36177e-07
381.2 4.04765e-07 2.95452e-07
381.6 3.36184e-07 2.43797e-07
382 2.45028e-07 1.83322e-07
382.4 1.35143e-07 1.16476e-07
382.8 1.10857e-08 4.59409e-08
383.2 -1.22061e-07 -2.54698e-08
383.6 -2.58894e-07 -9.49277e-08
384 -3.93907e-07 -1.59699e-07
384.4 -5.2171e-07 -2.17255e-07
384.8 -6.37244e-07 -2.65368e-07
385.2 -7.35977e-07 -3.02199e-07
385.6 -8.14084e-07 -3.26368e-07
386 -8.68593e-07 -3.37006e-07
386.4 -8.97495e-07 -3.33786e-07
386.8 -8.99822e-07 -3.16931e-07
387.2 -8.75673e-07 -2.87204e-07
387.6 -8.26207e-07 -2.45872e-07
388 -7.53588e-07 -1.94654e-07
388.4 -6.6089e-07 -1.35648e-07
388.8 -5.51971e-07 -7.1248e-08
389.2 -4.31312e-07 -4.04571e-09
389.6 -3.03835e-07 6.32742e-08
390 -1.74703e-07 1.2804e-07
390.4 -4.91129e-08 1.87699e-07
390.8 6.79117e-08 2.39918e-07
391.2 1.71722e-07 2.82676e-07
391.6 2.58225e-07 3.14338e-07
392 3.24044e-07 3.33721e-07
392.4 3.6665e-07 3.40139e-07
392.8 3.84457e-07 3.33422e-07
393.2 3.7688e-07 3.13925e-07
393.6 3.4435e-07 2.82506e-07
394 2.88294e-07 2.40491e-07
394.4 2.11071e-07 1.89617e-07
394.8 1.15875e-07 1.31964e-07
395.2 6.5968e-09 6.98638e-08
395.6 -1.12328e-07 5.81287e-09
396 -2.36103e-07 -5.7633e-08
396.4 -3.59763e-07 -1.17958e-07
396.8 -4.78371e-07 -1.72787e-07
397.2 -5.87216e-07 -2.19976e-07
397.6 -6.82001e-07 -2.57703e-07
398 -7.59008e-07 -2.84528e-07
398.4 -8.15242e-07 -2.99456e-07
398.8 -8.48552e-07 -3.01971e-07
399.2 -8.57705e-07 -2.92052e-07
399.6 -8.42433e-07 -2.70172e-07
400 -8.03436e-07 -2.37278e-07
