-0.498 1.11829 0.727154
-0.496 1.3386 0.758323
-0.494 1.5111 0.775821
-0.492 1.628 0.777956
-0.49 1.68401 0.763579
-0.488 1.6766 0.732168
-0.486 1.60613 0.683869
-0.484 1.47579 0.619515
-0.482 1.29148 0.540601
-0.48 1.06149 0.44924
-0.478 0.796096 0.348078
-0.476 0.507107 0.240188
-0.474 0.207266 0.128942
-0.472 -0.0903392 0.017868
-0.47 -0.372889 -0.0895039
-0.468 -0.62843 -0.189793
-0.466 -0.846421 -0.279912
-0.464 -1.01821 -0.357206
-0.462 -1.13742 -0.419556
-0.46 -1.20021 -0.465474
-0.458 -1.2054 -0.494154
-0.456 -1.15453 -0.505501
-0.454 -1.05169 -0.500124
-0.452 -0.903305 -0.479288
-0.45 -0.717778 -0.444852
-0.448 -0.505037 -0.399162
-0.446 -0.276028 -0.344939
-0.444 -0.0421479 -0.285136
-0.442 0.185323 -0.222799
-0.44 0.395785 -0.160917
-0.438 0.579842 -0.102284
-0.436 0.729747 -0.0493685
-0.434 0.839767 -0.0042049
-0.432 0.906433 0.0316918
-0.43 0.928672 0.0573833
-0.428 0.907806 0.0725346
-0.426 0.847429 0.0774077
-0.424 0.753159 0.0728253
-0.422 0.632285 0.0601044
-0.42 0.493323 0.0409651
-0.418 0.345513 0.0174182
-0.416 0.198273 -0.00836016
-0.414 0.0606509 -0.0341628
-0.412 -0.059205 -0.0578851
-0.41 -0.154522 -0.0776514
-0.408 -0.220302 -0.0919288
-0.406 -0.253618 -0.0996197
-0.404 -0.2538 -0.10013
-0.402 -0.22249 -0.0934073
-0.4 -0.163563 -0.0799505
-0.398 -0.082924 -0.0607842
-0.396 0.0118108 -0.0374045
-0.394 0.111741 -0.0116958
-0.392 0.207185 0.0141765
-0.39 0.288237 0.0378915
-0.388 0.345347 0.0571104
-0.386 0.369899 0.0696196
-0.384 0.354748 0.0734695
-0.382 0.29469 0.0671043
-0.38 0.186844 0.0494726
-0.378 0.0309113 0.0201155
-0.376 -0.170681 -0.020776
-0.374 -0.412791 -0.0723353
-0.372 -0.687705 -0.133031
-0.37 -0.985419 -0.200711
-0.368 -1.29405 -0.272685
-0.366 -1.60036 -0.345829
-0.364 -1.89032 -0.416726
-0.362 -2.14983 -0.48182
-0.36 -2.36534 -0.53758
-0.358 -2.52452 -0.580676
-0.356 -2.61696 -0.608142
-0.354 -2.63461 -0.617532
-0.352 -2.57234 -0.607053
-0.35 -2.4282 -0.575674
-0.348 -2.2036 -0.523197
-0.346 -1.90336 -0.450295
-0.344 -1.53557 -0.358512
-0.342 -1.11126 -0.250215
-0.34 -0.644003 -0.12852
-0.338 -0.149342 0.00282577
-0.336 0.355874 0.139594
-0.334 0.854218 0.277241
-0.332 1.32844 0.411095
-0.33 1.76222 0.536551
-0.328 2.14092 0.649264
-0.326 2.45219 0.745332
-0.324 2.68651 0.821459
-0.322 2.83762 0.875095
-0.32 2.90278 0.904541
-0.318 2.88283 0.909018
-0.316 2.78214 0.888692
-0.314 2.60836 0.844661
-0.312 2.37201 0.778899
-0.31 2.08596 0.694157
-0.308 1.76481 0.593838
-0.306 1.42412 0.481839
-0.304 1.07971 0.36237
-0.302 0.746859 0.239769
-0.3 0.43957 0.118306
-0.298 0.169931 0.00200245
-0.296 -0.052459 -0.105546
-0.294 -0.22092 -0.201309
-0.292 -0.331969 -0.282946
-0.29 -0.385437 -0.348879
-0.288 -0.384416 -0.398343
-0.286 -0.335038 -0.431382
-0.284 -0.246103 -0.448816
-0.282 -0.128567 -0.452163
-0.28 0.00507697 -0.443534
-0.278 0.141492 -0.425498
-0.276 0.267241 -0.40093
-0.274 0.369527 -0.372844
-0.272 0.436902 -0.344227
-0.27 0.459911 -0.317876
-0.268 0.431629 -0.296251
-0.266 0.348068 -0.28135
-0.264 0.20844 -0.274604
-0.262 0.0152461 -0.276817
-0.26 -0.225798 -0.288132
-0.258 -0.506003 -0.308032
-0.256 -0.81411 -0.33539
-0.254 -1.13683 -0.368534
-0.252 -1.45948 -0.40536
-0.25 -1.76674 -0.443451
-0.248 -2.04342 -0.48023
-0.246 -2.27525 -0.513109
-0.244 -2.44964 -0.539644
-0.242 -2.55637 -0.557684
-0.24 -2.58819 -0.5655
-0.238 -2.54124 -0.561896
-0.236 -2.41539 -0.546291
-0.234 -2.21432 -0.518759
-0.232 -1.94546 -0.480045
-0.23 -1.61972 -0.431536
-0.228 -1.25104 -0.375194
-0.226 -0.855815 -0.31346
-0.224 -0.452089 -0.249129
-0.222 -0.0587616 -0.185197
-0.22 0.305349 -0.124703
-0.218 0.622434 -0.0705515
-0.216 0.876595 -0.0253547
-0.214 1.05468 0.00872767
-0.212 1.14699 0.0301188
-0.21 1.14786 0.037931
-0.208 1.05601 0.0320357
-0.206 0.874735 0.0130962
-0.204 0.611866 -0.0174418
-0.202 0.279475 -0.0574004
-0.2 -0.106586 -0.10396
-0.198 -0.527358 -0.153783
-0.196 -0.961605 -0.203171
-0.194 -1.38677 -0.248242
-0.192 -1.78 -0.285119
-0.19 -2.11921 -0.310126
-0.188 -2.38414 -0.319982
-0.186 -2.55729 -0.311968
-0.184 -2.62481 -0.284082
-0.182 -2.57714 -0.235158
-0.18 -2.4096 -0.164946
-0.178 -2.12256 -0.0741476
-0.176 -1.7216 0.0355826
-0.174 -1.21725 0.161694
-0.172 -0.624632 0.300828
-0.17 0.0371629 0.448952
-0.168 0.745879 0.601521
-0.166 1.47702 0.753664
-0.164 2.20486 0.900389
-0.162 2.90357 1.03679
-0.16 3.54827 1.15827
-0.158 4.11606 1.26069
-0.156 4.58701 1.34059
-0.154 4.94492 1.3953
-0.152 5.17799 1.42306
-0.15 5.2793 1.42305
-0.148 5.24696 1.39545
-0.146 5.08422 1.34139
-0.144 4.79918 1.26287
-0.142 4.40442 1.16268
-0.14 3.91636 1.04422
-0.138 3.35453 0.911369
-0.136 2.74066 0.768281
-0.134 2.09771 0.619186
-0.132 1.44891 0.46821
-0.13 0.816693 0.319185
-0.128 0.221826 0.175494
-0.126 -0.317458 0.0399412
-0.124 -0.786157 -0.0853493
-0.122 -1.17304 -0.198987
-0.12 -1.47102 -0.300332
-0.118 -1.67728 -0.389465
-0.116 -1.79329 -0.467125
-0.114 -1.82451 -0.534604
-0.112 -1.78005 -0.593614
-0.11 -1.67209 -0.646136
-0.108 -1.5152 -0.694253
-0.106 -1.32557 -0.739977
-0.104 -1.1202 -0.785092
-0.102 -0.916069 -0.831003
-0.1 -0.729315 -0.878615
-0.098 -0.574483 -0.928242
-0.096 -0.463861 -0.979559
-0.094 -0.406927 -1.03158
-0.092 -0.409939 -1.08272
-0.09 -0.475673 -1.1308
-0.088 -0.603327 -1.17324
-0.086 -0.788595 -1.20714
-0.084 -1.0239 -1.22948
-0.082 -1.29878 -1.23728
-0.08 -1.60044 -1.22781
-0.078 -1.91435 -1.19878
-0.076 -2.22504 -1.14848
-0.074 -2.51681 -1.07595
-0.072 -2.77461 -0.981099
-0.07 -2.98474 -0.864775
-0.068 -3.1356 -0.72878
-0.066 -3.21824 -0.575864
-0.064 -3.22687 -0.409648
-0.062 -3.15911 -0.234511
-0.06 -3.01609 -0.0554239
-0.058 -2.80236 0.12224
-0.056 -2.52562 0.292933
-0.054 -2.19623 0.451175
-0.052 -1.82667 0.591795
-0.05 -1.4308 0.710177
-0.048 -1.02313 0.802476
-0.046 -0.618049 0.865813
-0.044 -0.229064 0.898427
-0.042 0.131833 0.899774
-0.04 0.454723 0.870582
-0.038 0.732165 0.812837
-0.036 0.959429 0.729718
-0.034 1.13457 0.625472
-0.032 1.2583 0.505236
-0.03 1.33377 0.374819
-0.028 1.36611 0.240444
-0.026 1.36197 0.108469
-0.024 1.32894 -0.014902
-0.022 1.27496 -0.123904
-0.02 1.20776 -0.213482
-0.018 1.13433 -0.279529
-0.016 1.06058 -0.319085
-0.014 0.990957 -0.330477
-0.012 0.928381 -0.31341
-0.01 0.874154 -0.268982
-0.008 0.828067 -0.199637
-0.006 0.78858 -0.109056
-0.004 0.753074 -0.00198364
-0.002 0.71814 0.115997
0 0.679905 0.238731
0.002 0.634288 0.359776
0.004 0.577483 0.472734
0.006 0.506169 0.57154
0.008 0.417839 0.650764
0.01 0.311098 0.705871
0.012 0.185915 0.733442
0.014 0.0438333 0.731347
0.016 -0.111902 0.698846
0.018 -0.276317 0.636634
0.02 -0.442795 0.546811
0.022 -0.603304 0.432791
0.024 -0.748743 0.299143
0.026 -0.869412 0.15139
0.028 -0.955577 -0.00424922
0.03 -0.998084 -0.161136
0.032 -0.988996 -0.312515
0.034 -0.922195 -0.451813
0.036 -0.793911 -0.572931
0.038 -0.603129 -0.670508
0.04 -0.35186 -0.740151
0.042 -0.0452235 -0.778616
0.044 0.308641 -0.783938
0.046 0.698857 -0.755496
0.048 1.11226 -0.694019
0.05 1.53401 -0.601535
0.052 1.9483 -0.481253
0.054 2.33917 -0.337407
0.056 2.69129 -0.175043
0.058 2.99086 0.000207437
0.06 3.22625 0.182394
0.062 3.38869 0.365504
0.064 3.47275 0.543723
0.066 3.47662 0.711674
0.068 3.4022 0.864627
0.07 3.25505 0.998678
0.072 3.04403 1.11087
0.074 2.7809 1.19928
0.076 2.47962 1.26302
0.078 2.15568 1.30226
0.08 1.82527 1.31809
0.082 1.50443 1.31246
0.084 1.20827 1.28796
0.086 0.950172 1.24771
0.088 0.741146 1.19509
0.09 0.58925 1.1336
0.092 0.499193 1.06659
0.094 0.472084 0.997118
0.096 0.50535 0.927796
0.098 0.592835 0.860631
0.1 0.725059 0.796957
0.102 0.889649 0.737384
0.104 1.0719 0.681803
0.106 1.25546 0.629429
0.108 1.42313 0.578888
0.11 1.55766 0.528339
0.112 1.64265 0.475627
0.114 1.66339 0.418454
0.116 1.60762 0.354557
0.118 1.46625 0.281894
0.12 1.23393 0.198808
0.122 0.909421 0.10418
0.124 0.495875 -0.00245539
0.126 0.000820939 -0.12082
0.128 -0.563997 -0.249854
0.13 -1.183 -0.387714
0.132 -1.83735 -0.531823
0.134 -2.50566 -0.678952
0.136 -3.1649 -0.82535
0.138 -3.79131 -0.9669
0.14 -4.36147 -1.0993
0.142 -4.8533 -1.21828
0.144 -5.24705 -1.31976
0.146 -5.52622 -1.4001
0.148 -5.67828 -1.45624
0.15 -5.69537 -1.48589
0.152 -5.57464 -1.48764
0.154 -5.31849 -1.46104
0.156 -4.93451 -1.40667
0.158 -4.43528 -1.3261
0.16 -3.83785 -1.22187
0.162 -3.1631 -1.09739
0.164 -2.43487 -0.956785
0.166 -1.67902 -0.804759
0.168 -0.922319 -0.646374
0.17 -0.191337 -0.48685
0.172 0.48865 -0.331343
0.174 1.09474 -0.18473
0.176 1.60734 -0.051406
0.178 2.01103 0.0648995
0.18 2.29511 0.161268
0.182 2.4541 0.235707
0.184 2.48786 0.287214
0.186 2.40156 0.315804
0.188 2.20539 0.322483
0.19 1.91399 0.309178
0.192 1.54581 0.278625
0.194 1.12212 0.234224
0.196 0.666083 0.17986
0.198 0.201649 0.119711
0.2 -0.247573 0.0580382
0.202 -0.659365 -0.00101827
0.204 -1.0139 -0.0536338
0.206 -1.29461 -0.0964765
0.208 -1.48886 -0.126855
0.21 -1.58849 -0.142831
0.212 -1.59003 -0.143293
0.214 -1.49481 -0.127988
0.216 -1.30872 -0.0975052
0.218 -1.04189 -0.053226
0.22 -0.708031 0.0027734
0.222 -0.323722 0.0678458
0.224 0.0924432 0.138926
0.226 0.520812 0.212698
0.228 0.941635 0.285776
0.23 1.33601 0.354879
0.232 1.68677 0.417001
0.234 1.97924 0.469557
0.236 2.20191 0.510507
0.238 2.34684 0.538451
0.24 2.40998 0.552682
0.242 2.39125 0.553205
0.244 2.2944 0.540717
0.246 2.12672 0.516553
0.248 1.89858 0.482589
0.25 1.62285 0.44113
0.252 1.31414 0.394768
0.254 0.988037 0.34623
0.256 0.660329 0.298216
0.258 0.34616 0.253249
0.26 0.0592941 0.213525
0.262 -0.188548 0.18079
0.264 -0.388248 0.156244
0.266 -0.533696 0.140465
0.268 -0.622042 0.133382
0.27 -0.653779 0.134275
0.272 -0.632652 0.141813
0.274 -0.565398 0.15413
0.276 -0.461343 0.168929
0.278 -0.331861 0.183613
0.28 -0.189736 0.195431
0.282 -0.0484505 0.201645
0.284 0.0785576 0.199684
0.286 0.178636 0.18731
0.288 0.240616 0.162752
0.29 0.25544 0.124834
0.292 0.216674 0.0730617
0.294 0.120894 0.00768283
0.296 -0.0320859 -0.0702942
0.298 -0.239151 -0.159118
0.3 -0.493987 -0.256353
0.302 -0.787351 -0.358972
0.304 -1.10749 -0.46348
0.306 -1.44068 -0.566072
0.308 -1.77191 -0.662796
0.31 -2.08557 -0.749737
0.312 -2.36623 -0.823199
0.314 -2.59938 -0.87988
0.316 -2.77216 -0.91703
0.318 -2.87402 -0.932584
0.32 -2.89719 -0.925272
0.322 -2.83715 -0.894682
0.324 -2.69285 -0.841297
0.326 -2.46678 -0.766478
0.328 -2.16492 -0.672419
0.33 -1.79645 -0.562059
0.332 -1.37342 -0.438959
0.334 -0.910143 -0.307153
0.336 -0.422606 -0.170981
0.338 0.0722511 -0.0349067
0.34 0.557289 0.0966727
0.342 1.01592 0.219605
0.344 1.43285 0.330155
0.346 1.79468 0.425151
0.348 2.09056 0.50211
0.35 2.31251 0.559323
0.352 2.4558 0.595911
0.354 2.51906 0.611839
0.356 2.50424 0.607892
0.358 2.41644 0.585613
0.36 2.26362 0.54721
0.362 2.05611 0.495434
0.364 1.80608 0.433434
0.366 1.5269 0.364597
0.368 1.23249 0.292385
0.37 0.936656 0.220169
0.372 0.652392 0.151076
0.374 0.391333 0.0878491
0.376 0.163225 0.032738
0.378 -0.0244741 -0.0125893
0.38 -0.166872 -0.0470983
0.382 -0.261778 -0.0704059
0.384 -0.309699 -0.0827656
0.386 -0.313702 -0.085018
0.388 -0.279137 -0.0785134
0.39 -0.213261 -0.0650086
0.392 -0.124759 -0.0465452
0.394 -0.0232101 -0.0253164
0.396 0.0814879 -0.00352816
0.398 0.179694 0.0167362
0.4 0.262575 0.0336411
0.402 0.322606 0.045708
0.404 0.35398 0.0519009
0.406 0.35293 0.0516863
0.408 0.317922 0.0450624
0.41 0.249727 0.0325567
0.412 0.15136 0.0151936
0.414 0.0278965 -0.00556842
0.416 -0.113829 -0.0279246
0.418 -0.265619 -0.049833
0.42 -0.418395 -0.0691385
0.422 -0.562713 -0.0837052
0.424 -0.689318 -0.0915497
0.426 -0.789682 -0.0909691
0.428 -0.856503 -0.0806554
0.43 -0.884148 -0.0597911
0.432 -0.868998 -0.0281203
0.434 -0.809693 0.0140086
0.436 -0.707255 0.0656314
0.438 -0.565084 0.125189
0.44 -0.388822 0.190577
0.442 -0.186104 0.259233
0.444 0.033811 0.328237
0.446 0.260485 0.394443
0.448 0.482823 0.45462
0.45 0.689638 0.505602
0.452 0.870211 0.54444
0.454 1.01486 0.568543
0.456 1.11542 0.575813
0.458 1.16573 0.564747
0.46 1.16191 0.534527
0.462 1.10264 0.485069
0.464 0.989235 0.417045
0.466 0.825635 0.331872
0.468 0.618245 0.231658
0.47 0.375652 0.119129
0.472 0.10824 -0.00248442
0.474 -0.172289 -0.129574
0.476 -0.453469 -0.258305
0.478 -0.722655 -0.384771
0.48 -0.96763 -0.505161
0.482 -1.17719 -0.615909
0.484 -1.34169 -0.713842
0.486 -1.45352 -0.796308
0.488 -1.50747 -0.86127
0.49 -1.50099 -0.907385
0.492 -1.43435 -0.934039
0.494 -1.31061 -0.941357
0.496 -1.1355 -0.930171
0.498 -0.917149 -0.901966
0.4 0.0130611 0.0136736
0.8 0.0136055 0.0139066
1.2 0.0145083 0.0142921
1.6 0.0157624 0.0148257
2 0.0173583 0.0155016
2.4 0.0192837 0.0163123
2.8 0.0215238 0.0172489
3.2 0.0240616 0.018301
3.6 0.0268775 0.0194571
4 0.0299502 0.0207047
4.4 0.0332562 0.0220301
4.8 0.0367704 0.0234191
5.2 0.0404663 0.0248567
5.6 0.0443159 0.0263278
6 0.0482904 0.0278167
6.4 0.0523601 0.0293079
6.8 0.0564948 0.030786
7.2 0.0606639 0.0322359
7.6 0.064837 0.0336431
8 0.0689839 0.0349937
8.4 0.0730748 0.0362747
8.8 0.0770808 0.0374741
9.2 0.080974 0.0385808
9.6 0.0847277 0.0395853
10 0.0883167 0.040479
10.4 0.0917176 0.0412552
10.8 0.0949089 0.0419082
11.2 0.0978709 0.0424342
11.6 0.100586 0.0428306
12 0.10304 0.0430966
12.4 0.10522 0.0432328
12.8 0.107116 0.0432412
13.2 0.108721 0.0431254
13.6 0.110028 0.0428901
14 0.111037 0.0425415
14.4 0.111748 0.0420868
14.8 0.112162 0.0415342
15.2 0.112285 0.0408929
15.6 0.112124 0.0401727
16 0.111689 0.0393843
16.4 0.11099 0.0385384
16.8 0.11004 0.0376465
17.2 0.108854 0.0367199
17.6 0.107448 0.03577
18 0.105838 0.034808
18.4 0.104043 0.0338448
18.8 0.102081 0.0328911
19.2 0.0999703 0.0319568
19.6 0.0977308 0.031051
20 0.0953813 0.0301823
20.4 0.0929407 0.0293583
20.8 0.0904276 0.0285857
21.2 0.0878599 0.0278702
21.6 0.0852547 0.0272162
22 0.0826284 0.0266275
22.4 0.0799962 0.0261063
22.8 0.0773722 0.025654
23.2 0.0747695 0.0252707
23.6 0.0721997 0.0249558
24 0.0696734 0.0247073
24.4 0.0671998 0.0245224
24.8 0.0647866 0.0243973
25.2 0.0624406 0.0243276
25.6 0.0601672 0.0243079
26 0.0579707 0.0243324
26.4 0.0558543 0.0243945
26.8 0.0538203 0.0244873
27.2 0.05187 0.0246034
27.6 0.050004 0.0247354
28 0.048222 0.0248755
28.4 0.0465234 0.0250161
28.8 0.0449069 0.0251494
29.2 0.0433709 0.0252681
29.6 0.0419133 0.0253647
30 0.0405321 0.0254326
30.4 0.0392249 0.0254652
30.8 0.0379892 0.0254566
31.2 0.0368225 0.0254014
31.6 0.0357225 0.025295
32 0.0346866 0.0251333
32.4 0.0337126 0.0249129
32.8 0.032798 0.0246315
33.2 0.0319405 0.0242872
33.6 0.0311381 0.0238792
34 0.0303884 0.0234074
34.4 0.0296893 0.0228725
34.8 0.0290386 0.022276
35.2 0.0284341 0.0216203
35.6 0.0278733 0.0209085
36 0.027354 0.0201442
36.4 0.0268736 0.0193321
36.8 0.0264292 0.0184772
37.2 0.0260182 0.0175851
37.6 0.0256374 0.016662
38 0.0252837 0.0157144
38.4 0.0249537 0.0147493
38.8 0.024644 0.0137737
39.2 0.0243508 0.0127951
39.6 0.0240706 0.0118208
40 0.0237996 0.0108581
40.4 0.0235343 0.00991447
40.8 0.0232709 0.00899691
41.2 0.0230061 0.00811225
41.6 0.0227366 0.00726693
42 0.0224596 0.00646694
42.4 0.0221725 0.00571774
42.8 0.021873 0.00502417
43.2 0.0215597 0.0043904
43.6 0.0212314 0.0038199
44 0.0208876 0.00331533
44.4 0.0205285 0.00287855
44.8 0.0201549 0.0025106
45.2 0.0197683 0.00221164
45.6 0.0193708 0.00198098
46 0.0189654 0.00181711
46.4 0.0185557 0.00171768
46.8 0.0181457 0.00167954
47.2 0.0177402 0.00169882
47.6 0.0173443 0.00177097
48 0.0169638 0.00189081
48.4 0.0166046 0.00205266
48.8 0.0162728 0.00225037
49.2 0.0159748 0.00247746
49.6 0.0157168 0.0027272
50 0.0155051 0.00299273
50.4 0.0153456 0.00326716
50.8 0.0152439 0.00354368
51.2 0.0152052 0.00381568
51.6 0.015234 0.00407684
52 0.0153343 0.00432123
52.4 0.0155093 0.00454345
52.8 0.0157612 0.00473865
53.2 0.0160916 0.00490263
53.6 0.0165011 0.00503195
54 0.0169892 0.0051239
54.4 0.0175547 0.00517663
54.8 0.0181952 0.00518908
55.2 0.0189076 0.00516109
55.6 0.0196879 0.00509331
56 0.0205312 0.00498723
56.4 0.021432 0.00484512
56.8 0.022384 0.00467003
57.2 0.0233807 0.00446565
57.6 0.024415 0.00423632
58 0.0254793 0.00398689
58.4 0.0265662 0.00372267
58.8 0.0276682 0.0034493
59.2 0.0287775 0.00317268
59.6 0.0298871 0.00289884
60 0.0309898 0.00263384
60.4 0.0320791 0.00238366
60.8 0.0331489 0.00215413
61.2 0.0341938 0.00195079
61.6 0.0352089 0.0017788
62 0.0361901 0.0016429
62.4 0.037134 0.00154729
62.8 0.038038 0.00149559
63.2 0.0389001 0.00149076
63.6 0.0397191 0.00153511
64 0.0404945 0.00163021
64.4 0.0412263 0.00177691
64.8 0.0419151 0.00197535
65.2 0.0425621 0.00222491
65.6 0.0431686 0.0025243
66 0.0437363 0.00287153
66.4 0.0442673 0.00326399
66.8 0.0447633 0.00369849
67.2 0.0452263 0.00417128
67.6 0.0456579 0.00467817
68 0.0460598 0.00521455
68.4 0.0464331 0.00577549
68.8 0.0467785 0.00635579
69.2 0.0470963 0.00695004
69.6 0.0473862 0.00755274
70 0.0476475 0.00815832
70.4 0.0478787 0.00876124
70.8 0.0480778 0.00935602
71.2 0.0482425 0.00993734
71.6 0.0483695 0.0105001
72 0.0484553 0.0110393
72.4 0.0484961 0.0115504
72.8 0.0484876 0.012029
73.2 0.0484252 0.0124714
73.6 0.0483044 0.0128738
74 0.0481205 0.0132331
74.4 0.047869 0.0135465
74.8 0.0475456 0.0138118
75.2 0.0471463 0.014027
75.6 0.0466675 0.0141908
76 0.0461064 0.014302
76.4 0.0454606 0.0143603
76.8 0.0447288 0.0143653
77.2 0.0439102 0.0143175
77.6 0.0430051 0.0142177
78 0.0420148 0.0140669
78.4 0.0409416 0.0138669
78.8 0.0397887 0.0136195
79.2 0.0385605 0.0133272
79.6 0.0372622 0.0129928
80 0.0359003 0.0126194
80.4 0.0344818 0.0122105
80.8 0.0330148 0.0117698
81.2 0.0315082 0.0113016
81.6 0.0299714 0.0108102
82 0.0284145 0.0103002
82.4 0.0268477 0.00977654
82.8 0.025282 0.00924428
83.2 0.0237281 0.00870857
83.6 0.0221969 0.00817472
84 0.0206993 0.00764804
84.4 0.0192457 0.00713388
84.8 0.0178464 0.0066375
85.2 0.0165109 0.00616405
85.6 0.0152483 0.00571851
86 0.0140669 0.00530563
86.4 0.0129741 0.00492984
86.8 0.0119764 0.00459523
87.2 0.0110794 0.00430547
87.6 0.0102876 0.00406376
88 0.00960448 0.00387276
88.4 0.00903238 0.00373457
88.8 0.00857252 0.00365067
89.2 0.00822505 0.0036219
89.6 0.00798899 0.00364841
90 0.00786237 0.00372967
90.4 0.00784215 0.00386445
90.8 0.0079244 0.00405079
91.2 0.00810426 0.00428607
91.6 0.00837609 0.004567
92 0.00873352 0.00488963
92.4 0.00916954 0.00524945
92.8 0.00967661 0.00564138
93.2 0.0102467 0.00605986
93.6 0.0108715 0.00649894
94 0.0115425 0.00695229
94.4 0.0122508 0.00741337
94.8 0.0129876 0.00787543
95.2 0.0137442 0.00833167
95.6 0.0145119 0.00877528
96 0.0152822 0.00919957
96.4 0.0160469 0.00959803
96.8 0.0167982 0.00996445
97.2 0.0175287 0.010293
97.6 0.0182313 0.0105782
98 0.0188996 0.0108152
98.4 0.0195275 0.0109998
98.8 0.0201099 0.0111282
99.2 0.0206419 0.0111975
99.6 0.0211194 0.0112054
100 0.021539 0.0111504
100.4 0.0218977 0.0110318
100.8 0.0221934 0.0108496
101.2 0.0224244 0.0106046
101.6 0.0225898 0.0102982
102 0.0226893 0.00993274
102.4 0.0227229 0.00951107
102.8 0.0226914 0.00903671
103.2 0.022596 0.00851376
103.6 0.0224384 0.0079468
104 0.0222207 0.00734089
104.4 0.0219454 0.00670142
104.8 0.0216154 0.0060341
105.2 0.0212337 0.00534487
105.6 0.0208038 0.00463977
106 0.0203293 0.00392494
106.4 0.0198139 0.00320649
106.8 0.0192616 0.00249046
107.2 0.0186762 0.0017827
107.6 0.0180618 0.00108887
108 0.0174225 0.000414335
108.4 0.016762 -0.000235883
108.8 0.0160844 -0.000857144
109.2 0.0153935 -0.00144524
109.6 0.0146928 -0.00199644
110 0.0139859 -0.00250748
110.4 0.0132762 -0.00297564
110.8 0.0125668 -0.00339872
111.2 0.0118606 -0.00377503
111.6 0.0111605 -0.00410346
112 0.0104689 -0.00438339
112.4 0.00978815 -0.00461473
112.8 0.00912039 -0.00479789
113.2 0.00846751 -0.00493374
113.6 0.00783117 -0.00502361
114 0.00721287 -0.00506923
114.4 0.00661391 -0.0050727
114.8 0.00603541 -0.00503646
115.2 0.0054783 -0.00496325
115.6 0.0049434 -0.00485603
116 0.00443134 -0.00471799
116.4 0.00394265 -0.00455246
116.8 0.00347771 -0.0043629
117.2 0.00303683 -0.00415281
117.6 0.00262018 -0.00392573
118 0.00222785 -0.00368517
118.4 0.00185987 -0.00343458
118.8 0.00151616 -0.00317731
119.2 0.00119658 -0.00291658
119.6 0.000900927 -0.00265543
120 0.000628925 -0.0023967
120.4 0.000380234 -0.00214304
120.8 0.000154449 -0.00189681
121.2 -4.88968e-05 -0.00166016
121.6 -0.000230336 -0.00143493
122 -0.000390465 -0.0012227
122.4 -0.000529948 -0.00102476
122.8 -0.000649511 -0.000842103
123.2 -0.000749949 -0.000675467
123.6 -0.00083212 -0.0005253
124 -0.000896945 -0.000391792
124.4 -0.000945403 -0.000274888
124.8 -0.00097853 -0.000174303
125.2 -0.000997415 -8.95415e-05
125.6 -0.00100319 -1.99244e-05
126 -0.000997015 3.53917e-05
126.4 -0.000980096 7.73872e-05
126.8 -0.000953645 0.000107154
127.2 -0.000918887 0.000125867
127.6 -0.000877045 0.000134763
128 -0.000829329 0.00013511
128.4 -0.000776924 0.000128182
128.8 -0.000720979 0.000115243
129.2 -0.000662598 9.75167e-05
129.6 -0.000602828 7.61741e-05
130 -0.000542648 5.23131e-05
130.4 -0.000482964 2.69449e-05
130.8 -0.000424602 9.83401e-07
131.2 -0.000368297 -2.47646e-05
131.6 -0.000314696 -4.96045e-05
132 -0.000264349 -7.29574e-05
132.4 -0.000217714 -9.43601e-05
132.8 -0.000175152 -0.000113463
133.2 -0.000136934 -0.000130025
133.6 -0.000103241 -0.000143909
134 -7.41719e-05 -0.00015507
134.4 -4.97474e-05 -0.000163548
134.8 -2.99192e-05 -0.000169454
135.2 -1.45771e-05 -0.000172962
135.6 -3.55764e-06 -0.000174294
136 3.34695e-06 -0.000173706
136.4 6.37988e-06 -0.000171479
136.8 5.81094e-06 -0.000167907
137.2 1.92809e-06 -0.000163282
137.6 -4.97035e-06 -0.00015789
138 -1.45828e-05 -0.000151997
138.4 -2.66107e-05 -0.000145845
138.8 -4.07636e-05 -0.000139647
139.2 -5.67635e-05 -0.000133579
139.6 -7.43479e-05 -0.00012778
140 -9.32716e-05 -0.000122352
140.4 -0.000113308 -0.000117357
140.8 -0.000134249 -0.000112824
141.2 -0.000155905 -0.000108745
141.6 -0.000178099 -0.000105085
142 -0.000200672 -0.000101785
142.4 -0.000223475 -9.87637e-05
142.8 -0.000246365 -9.59294e-05
143.2 -0.000269207 -9.31808e-05
143.6 -0.000291868 -9.0415e-05
144 -0.000314214 -8.75325e-05
144.4 -0.00033611 -8.44419e-05
144.8 -0.000357415 -8.10647e-05
145.2 -0.000377985 -7.73385e-05
145.6 -0.000397668 -7.322e-05
146 -0.000416308 -6.86868e-05
146.4 -0.000433744 -6.37383e-05
146.8 -0.00044981 -5.8396e-05
147.2 -0.000464342 -5.27022e-05
147.6 -0.000477176 -4.67183e-05
148 -0.000488153 -4.05231e-05
148.4 -0.000497123 -3.42089e-05
148.8 -0.000503948 -2.78787e-05
149.2 -0.000508507 -2.16417e-05
149.6 -0.000510698 -1.56102e-05
150 -0.000510442 -9.89476e-06
150.4 -0.000507688 -4.60083e-06
150.8 -0.000502414 1.75125e-07
151.2 -0.000494629 4.3488e-06
151.6 -0.000484376 7.85082e-06
152 -0.000471729 1.06289e-05
152.4 -0.000456798 1.26495e-05
152.8 -0.000439725 1.38985e-05
153.2 -0.000420682 1.43817e-05
153.6 -0.000399871 1.41239e-05
154 -0.000377518 1.31684e-05
154.4 -0.000353869 1.15746e-05
154.8 -0.00032919 9.41645e-06
155.2 -0.000303758 6.77938e-06
155.6 -0.000277855 3.75759e-06
156 -0.000251768 4.50909e-07
156.4 -0.00022578 -3.03845e-06
156.8 -0.000200165 -6.60903e-06
157.2 -0.000175183 -1.01632e-05
157.6 -0.00015108 -1.36098e-05
158 -0.000128076 -1.6867e-05
158.4 -0.00010637 -1.98639e-05
158.8 -8.61317e-05 -2.25424e-05
159.2 -6.75018e-05 -2.48584e-05
159.6 -5.05902e-05 -2.6782e-05
160 -3.54757e-05 -2.82982e-05
160.4 -2.2206e-05 -2.94058e-05
160.8 -1.07991e-05 -3.0117e-05
161.2 -1.244e-06 -3.04558e-05
161.6 6.49628e-06 -3.04566e-05
162 1.24827e-05 -3.0162e-05
162.4 1.67972e-05 -2.96208e-05
162.8 1.9539e-05 -2.88856e-05
163.2 2.08218e-05 -2.80109e-05
163.6 2.07699e-05 -2.70503e-05
164 1.9515e-05 -2.60549e-05
164.4 1.71925e-05 -2.50713e-05
164.8 1.39391e-05 -2.41398e-05
165.2 9.88913e-06 -2.32935e-05
165.6 5.17295e-06 -2.2557e-05
166 -8.57017e-08 -2.19462e-05
166.4 -5.77106e-06 -2.14677e-05
166.8 -1.17766e-05 -2.11197e-05
167.2 -1.80059e-05 -2.0892e-05
167.6 -2.43728e-05 -2.07669e-05
168 -3.08015e-05 -2.07209e-05
168.4 -3.72262e-05 -2.07254e-05
168.8 -4.35906e-05 -2.07488e-05
169.2 -4.98469e-05 -2.07577e-05
169.6 -5.59545e-05 -2.07189e-05
170 -6.18797e-05 -2.06007e-05
170.4 -6.75936e-05 -2.03746e-05
170.8 -7.30718e-05 -2.00166e-05
171.2 -7.82926e-05 -1.95082e-05
171.6 -8.32369e-05 -1.88375e-05
172 -8.78867e-05 -1.79995e-05
172.4 -9.22251e-05 -1.69966e-05
172.8 -9.62357e-05 -1.58387e-05
173.2 -9.99022e-05 -1.45423e-05
173.6 -0.000103209 -1.31307e-05
174 -0.000106141 -1.16326e-05
174.4 -0.000108684 -1.00813e-05
174.8 -0.000110826 -8.51322e-06
175.2 -0.000112556 -6.96698e-06
175.6 -0.000113866 -5.48153e-06
176 -0.000114753 -4.09498e-06
176.4 -0.000115216 -2.84315e-06
176.8 -0.000115261 -1.75827e-06
177.2 -0.000114895 -8.67843e-07
177.6 -0.000114135 -1.93683e-07
178 -0.000113 2.48854e-07
178.4 -0.000111517 4.5137e-07
178.8 -0.000109715 4.12688e-07
179.2 -0.000107631 1.38844e-07
179.6 -0.000105302 -3.57165e-07
180 -0.000102772 -1.05589e-06
180.4 -0.000100085 -1.93213e-06
180.8 -9.72862e-05 -2.95587e-06
181.2 -9.4421e-05 -4.09332e-06
181.6 -9.15337e-05 -5.30807e-06
182 -8.86659e-05 -6.56238e-06
182.4 -8.5856e-05 -7.81836e-06
182.8 -8.31377e-05 -9.03929e-06
183.2 -8.05394e-05 -1.01907e-05
183.6 -7.80833e-05 -1.12414e-05
184 -7.57851e-05 -1.21645e-05
184.4 -7.36535e-05 -1.29382e-05
184.8 -7.16902e-05 -1.35459e-05
185.2 -6.98901e-05 -1.39772e-05
185.6 -6.82418e-05 -1.42272e-05
186 -6.67278e-05 -1.42973e-05
186.4 -6.53255e-05 -1.41941e-05
186.8 -6.40083e-05 -1.39294e-05
187.2 -6.27465e-05 -1.35194e-05
187.6 -6.15084e-05 -1.29836e-05
188 -6.02616e-05 -1.23447e-05
188.4 -5.89742e-05 -1.16269e-05
188.8 -5.76159e-05 -1.0855e-05
189.2 -5.61592e-05 -1.0054e-05
189.6 -5.45806e-05 -9.24759e-06
190 -5.28607e-05 -8.45752e-06
190.4 -5.09856e-05 -7.70297e-06
190.8 -4.89473e-05 -6.99984e-06
191.2 -4.67432e-05 -6.36035e-06
191.6 -4.43772e-05 -5.79277e-06
192 -4.18587e-05 -5.3013e-06
192.4 -3.92024e-05 -4.88615e-06
192.8 -3.64281e-05 -4.54374e-06
193.2 -3.35594e-05 -4.2671e-06
193.6 -3.06233e-05 -4.04632e-06
194 -2.76489e-05 -3.86921e-06
194.4 -2.46666e-05 -3.7219e-06
194.8 -2.17069e-05 -3.58964e-06
195.2 -1.87994e-05 -3.45747e-06
195.6 -1.5972e-05 -3.31097e-06
196 -1.32498e-05 -3.13696e-06
196.4 -1.06542e-05 -2.92406e-06
196.8 -8.20278e-06 -2.66326e-06
197.2 -5.90835e-06 -2.34829e-06
197.6 -3.77899e-06 -1.9759e-06
198 -1.81783e-06 -1.54605e-06
198.4 -2.32074e-08 -1.06184e-06
198.8 1.61105e-06 -5.29437e-07
199.2 3.09517e-06 4.21863e-08
199.6 4.44286e-06 6.41646e-07
200 5.67053e-06 1.2556e-06
200.4 6.79657e-06 1.86932e-06
200.8 7.84041e-06 2.46725e-06
201.2 8.82169e-06 3.03367e-06
201.6 9.75933e-06 3.55336e-06
202 1.06708e-05 4.01213e-06
202.4 1.15712e-05 4.39749e-06
202.8 1.24728e-05 4.69904e-06
203.2 1.33844e-05 4.90899e-06
203.6 1.43111e-05 5.02241e-06
204 1.52539e-05 5.0374e-06
204.4 1.62098e-05 4.95526e-06
204.8 1.7172e-05 4.78035e-06
205.2 1.81298e-05 4.51999e-06
205.6 1.90695e-05 4.18414e-06
206 1.99748e-05 3.78508e-06
206.4 2.08274e-05 3.33692e-06
206.8 2.16076e-05 2.85509e-06
207.2 2.22957e-05 2.35578e-06
207.6 2.28721e-05 1.85535e-06
208 2.33184e-05 1.36977e-06
208.4 2.36184e-05 9.14022e-07
208.8 2.37586e-05 5.0162e-07
209.2 2.37285e-05 1.44143e-07
209.6 2.35218e-05 -1.49134e-07
210 2.3136e-05 -3.71521e-07
210.4 2.25733e-05 -5.19091e-07
210.8 2.184e-05 -5.90746e-07
211.2 2.09468e-05 -5.88191e-07
211.6 1.99087e-05 -5.15784e-07
212 1.8744e-05 -3.80304e-07
212.4 1.74743e-05 -1.90627e-07
212.8 1.61239e-05 4.26731e-08
213.2 1.47186e-05 3.0777e-07
213.6 1.32857e-05 5.92079e-07
214 1.18524e-05 8.82762e-07
214.4 1.04457e-05 1.16723e-06
214.8 9.09116e-06 1.43363e-06
215.2 7.81241e-06 1.67128e-06
215.6 6.63053e-06 1.87109e-06
216 5.56346e-06 2.02581e-06
216.4 4.62555e-06 2.13036e-06
216.8 3.82735e-06 2.1819e-06
217.2 3.17533e-06 2.17993e-06
217.6 2.67197e-06 2.12623e-06
218 2.31578e-06 2.02477e-06
218.4 2.10155e-06 1.88145e-06
218.8 2.02071e-06 1.70386e-06
219.2 2.06176e-06 1.50091e-06
219.6 2.2108e-06 1.28248e-06
220 2.45207e-06 1.05894e-06
220.4 2.76864e-06 8.40753e-07
220.8 3.14297e-06 6.38059e-07
221.2 3.55757e-06 4.60237e-07
221.6 3.99557e-06 3.15547e-07
222 4.44124e-06 2.10806e-07
222.4 4.88049e-06 1.51127e-07
222.8 5.30122e-06 1.39736e-07
223.2 5.69361e-06 1.77854e-07
223.6 6.05029e-06 2.64669e-07
224 6.36642e-06 3.97391e-07
224.4 6.63967e-06 5.71372e-07
224.8 6.87007e-06 7.80309e-07
225.2 7.05981e-06 1.0165e-06
225.6 7.21291e-06 1.27118e-06
226 7.33489e-06 1.53481e-06
226.4 7.43238e-06 1.79754e-06
226.8 7.51261e-06 2.0495e-06
227.2 7.58307e-06 2.28124e-06
227.6 7.65099e-06 2.48406e-06
228 7.72297e-06 2.65035e-06
228.4 7.80464e-06 2.77383e-06
228.8 7.90033e-06 2.84981e-06
229.2 8.01283e-06 2.87532e-06
229.6 8.14326e-06 2.8492e-06
230 8.29098e-06 2.77212e-06
230.4 8.45359e-06 2.64655e-06
230.8 8.62705e-06 2.47657e-06
231.2 8.80583e-06 2.26778e-06
231.6 8.98315e-06 2.02699e-06
232 9.15127e-06 1.76197e-06
232.4 9.30183e-06 1.48114e-06
232.8 9.42622e-06 1.19324e-06
233.2 9.51595e-06 9.06986e-07
233.6 9.56305e-06 6.30762e-07
234 9.5604e-06 3.72289e-07
234.4 9.50209e-06 1.38366e-07
234.8 9.38367e-06 -6.53742e-08
235.2 9.20239e-06 -2.34641e-07
235.6 8.95736e-06 -3.6662e-07
236 8.64962e-06 -4.60035e-07
236.4 8.28217e-06 -5.15155e-07
236.8 7.8599e-06 -5.3374e-07
237.2 7.38944e-06 -5.18927e-07
237.6 6.87896e-06 -4.75062e-07
238 6.33792e-06 -4.07494e-07
238.4 5.77675e-06 -3.22325e-07
238.8 5.20651e-06 -2.26145e-07
239.2 4.63853e-06 -1.25743e-07
239.6 4.084e-06 -2.78249e-08
240 3.55363e-06 6.12679e-08
240.4 3.05733e-06 1.35813e-07
240.8 2.60383e-06 1.90937e-07
241.2 2.20045e-06 2.22799e-07
241.6 1.8529e-06 2.2874e-07
242 1.56509e-06 2.07371e-07
242.4 1.33905e-06 1.58617e-07
242.8 1.17495e-06 8.36954e-08
243.2 1.07111e-06 -1.49447e-08
243.6 1.02413e-06 -1.33744e-07
244 1.02909e-06 -2.6819e-07
244.4 1.07973e-06 -4.13018e-07
244.8 1.16876e-06 -5.62435e-07
245.2 1.28815e-06 -7.10362e-07
245.6 1.42948e-06 -8.50691e-07
246 1.58419e-06 -9.77536e-07
246.4 1.744e-06 -1.08547e-06
246.8 1.90114e-06 -1.16976e-06
247.2 2.04865e-06 -1.22652e-06
247.6 2.18062e-06 -1.25291e-06
248 2.29234e-06 -1.24722e-06
248.4 2.38049e-06 -1.20893e-06
248.8 2.44315e-06 -1.13875e-06
249.2 2.47985e-06 -1.03856e-06
249.6 2.49151e-06 -9.11356e-07
250 2.48035e-06 -7.61106e-07
250.4 2.44972e-06 -5.92604e-07
250.8 2.40391e-06 -4.11277e-07
251.2 2.34793e-06 -2.22967e-07
251.6 2.28726e-06 -3.371e-08
252 2.22754e-06 1.50504e-07
252.4 2.17436e-06 3.23954e-07
252.8 2.13296e-06 4.81406e-07
253.2 2.10801e-06 6.18309e-07
253.6 2.10337e-06 7.30955e-07
254 2.12193e-06 8.16614e-07
254.4 2.16549e-06 8.73623e-07
254.8 2.23466e-06 9.0143e-07
255.2 2.32883e-06 9.00603e-07
255.6 2.4462e-06 8.72785e-07
256 2.58386e-06 8.20612e-07
256.4 2.73785e-06 7.47596e-07
256.8 2.90342e-06 6.57968e-07
257.2 3.07514e-06 5.565e-07
257.6 3.24714e-06 4.48309e-07
258 3.41341e-06 3.38644e-07
258.4 3.56795e-06 2.32679e-07
258.8 3.70508e-06 1.35304e-07
259.2 3.81968e-06 5.09345e-08
259.6 3.90734e-06 -1.66572e-08
260 3.96459e-06 -6.4486e-08
260.4 3.98904e-06 -9.04623e-08
260.8 3.97944e-06 -9.3464e-08
261.2 3.9358e-06 -7.33691e-08
261.6 3.85933e-06 -3.10479e-08
262 3.75243e-06 3.16844e-08
262.4 3.61861e-06 1.12152e-07
262.8 3.46232e-06 2.06938e-07
263.2 3.28883e-06 3.12026e-07
263.6 3.10399e-06 4.22977e-07
264 2.91404e-06 5.35105e-07
264.4 2.72535e-06 6.43672e-07
264.8 2.5442e-06 7.44084e-07
265.2 2.37653e-06 8.32066e-07
265.6 2.22773e-06 9.03844e-07
266 2.10245e-06 9.56282e-07
266.4 2.00441e-06 9.87013e-07
266.8 1.93629e-06 9.94525e-07
267.2 1.89962e-06 9.78215e-07
267.6 1.89476e-06 9.38413e-07
268 1.92086e-06 8.76363e-07
268.4 1.97595e-06 7.94165e-07
268.8 2.05699e-06 6.94695e-07
269.2 2.15999e-06 5.81484e-07
269.6 2.28021e-06 4.58576e-07
270 2.41231e-06 3.30371e-07
270.4 2.55058e-06 2.01452e-07
270.8 2.68912e-06 7.64033e-08
271.2 2.82211e-06 -4.03627e-08
271.6 2.944e-06 -1.44776e-07
272 3.0497e-06 -2.33261e-07
272.4 3.13479e-06 -3.0287e-07
272.8 3.19564e-06 -3.5139e-07
273.2 3.22956e-06 -3.77422e-07
273.6 3.23488e-06 -3.80422e-07
274 3.21097e-06 -3.60715e-07
274.4 3.15826e-06 -3.19473e-07
274.8 3.0782e-06 -2.58656e-07
275.2 2.97316e-06 -1.80934e-07
275.6 2.84637e-06 -8.95667e-08
276 2.70173e-06 1.17218e-08
276.4 2.54367e-06 1.18898e-07
276.8 2.37694e-06 2.27774e-07
277.2 2.20646e-06 3.34177e-07
277.6 2.03712e-06 4.34104e-07
278 1.87354e-06 5.23877e-07
278.4 1.71996e-06 6.00279e-07
278.8 1.58006e-06 6.60673e-07
279.2 1.45682e-06 7.03095e-07
279.6 1.35244e-06 7.26318e-07
280 1.26826e-06 7.29889e-07
280.4 1.20473e-06 7.14134e-07
280.8 1.16144e-06 6.8013e-07
281.2 1.13712e-06 6.29656e-07
281.6 1.12975e-06 5.65105e-07
282 1.13664e-06 4.89382e-07
282.4 1.15458e-06 4.05781e-07
282.8 1.17996e-06 3.17848e-07
283.2 1.20897e-06 2.29234e-07
283.6 1.23773e-06 1.43552e-07
284 1.26247e-06 6.42275e-08
284.4 1.2797e-06 -5.63048e-09
284.8 1.28635e-06 -6.33519e-08
285.2 1.27988e-06 -1.06806e-07
285.6 1.25842e-06 -1.34478e-07
286 1.22081e-06 -1.45525e-07
286.4 1.16666e-06 -1.39796e-07
286.8 1.09634e-06 -1.17832e-07
287.2 1.01102e-06 -8.08349e-08
287.6 9.12537e-07 -3.06118e-08
288 8.03375e-07 3.05074e-08
288.4 6.86535e-07 9.97682e-08
288.8 5.65414e-07 1.74108e-07
289.2 4.43662e-07 2.50284e-07
289.6 3.25036e-07 3.25004e-07
290 2.13242e-07 3.95059e-07
290.4 1.11783e-07 4.57456e-07
290.8 2.38241e-08 5.09532e-07
291.2 -4.79434e-08 5.4906e-07
291.6 -1.01404e-07 5.74334e-07
292 -1.35104e-07 5.84233e-07
292.4 -1.48307e-07 5.78263e-07
292.8 -1.41024e-07 5.56567e-07
293.2 -1.1401e-07 5.19919e-07
293.6 -6.87329e-08 4.69684e-07
294 -7.31235e-09 4.07762e-07
294.4 6.75633e-08 3.36506e-07
294.8 1.52745e-07 2.58626e-07
295.2 2.44748e-07 1.77076e-07
295.6 3.39887e-07 9.494e-08
296 4.34422e-07 1.53034e-08
296.4 5.24701e-07 -5.88659e-08
296.8 6.07304e-07 -1.24835e-07
297.2 6.79166e-07 -1.80211e-07
297.6 7.37699e-07 -2.23035e-07
298 7.80883e-07 -2.5185e-07
298.4 8.07338e-07 -2.65762e-07
298.8 8.16371e-07 -2.64462e-07
299.2 8.07994e-07 -2.48238e-07
299.6 7.82914e-07 -2.17955e-07
300 7.42498e-07 -1.75018e-07
300.4 6.88709e-07 -1.21309e-07
300.8 6.2402e-07 -5.91104e-08
301.2 5.51312e-07 8.99067e-09
301.6 4.73753e-07 8.02064e-08
302 3.94667e-07 1.5166e-07
302.4 3.17401e-07 2.20501e-07
302.8 2.45191e-07 2.84016e-07
303.2 1.81034e-07 3.39735e-07
303.6 1.27567e-07 3.85526e-07
304 8.69711e-08 4.19674e-07
304.4 6.08817e-08 4.40948e-07
304.8 5.03332e-08 4.48642e-07
305.2 5.57208e-08 4.42595e-07
305.6 7.67905e-08 4.23197e-07
306 1.12655e-07 3.91361e-07
306.4 1.61835e-07 3.48487e-07
306.8 2.22321e-07 2.96399e-07
307.2 2.91661e-07 2.37267e-07
307.6 3.6706e-07 1.73517e-07
308 4.45494e-07 1.07737e-07
308.4 5.23832e-07 4.2565e-08
308.8 5.98963e-07 -1.94102e-08
309.2 6.67919e-07 -7.57545e-08
309.6 7.2799e-07 -1.24283e-07
310 7.76834e-07 -1.63142e-07
310.4 8.1256e-07 -1.90885e-07
310.8 8.3381e-07 -2.0652e-07
311.2 8.39798e-07 -2.09546e-07
311.6 8.30346e-07 -1.99972e-07
312 8.05881e-07 -1.78307e-07
312.4 7.67413e-07 -1.45535e-07
312.8 7.16499e-07 -1.03076e-07
313.2 6.55165e-07 -5.27188e-08
313.6 5.85833e-07 3.44792e-09
314 5.11219e-07 6.31253e-08
314.4 4.34222e-07 1.23896e-07
314.8 3.5781e-07 1.83322e-07
315.2 2.84902e-07 2.39042e-07
315.6 2.18257e-07 2.88862e-07
316 1.60362e-07 3.30847e-07
316.4 1.13338e-07 3.63388e-07
316.8 7.88621e-08 3.85269e-07
317.2 5.81023e-08 3.95708e-07
317.6 5.1678e-08 3.94385e-07
318 5.96398e-08 3.81454e-07
318.4 8.14723e-08 3.57526e-07
318.8 1.1612e-07 3.23646e-07
319.2 1.62032e-07 2.81245e-07
319.6 2.1723e-07 2.32081e-07
320 2.79388e-07 1.78164e-07
320.4 3.45927e-07 1.21677e-07
320.8 4.1412e-07 6.48849e-08
321.2 4.81198e-07 1.00462e-08
321.6 5.44464e-07 -4.06791e-08
322 6.01391e-07 -8.53128e-08
322.4 6.49726e-07 -1.22136e-07
322.8 6.87575e-07 -1.49756e-07
323.2 7.13471e-07 -1.67157e-07
323.6 7.26431e-07 -1.73739e-07
324 7.25986e-07 -1.69336e-07
324.4 7.12201e-07 -1.54221e-07
324.8 6.8566e-07 -1.29091e-07
325.2 6.47442e-07 -9.50344e-08
325.6 5.99076e-07 -5.34864e-08
326 5.42468e-07 -6.16717e-09
326.4 4.79834e-07 4.49873e-08
326.8 4.13599e-07 9.79045e-08
327.2 3.46307e-07 1.50459e-07
327.6 2.80516e-07 2.00555e-07
328 2.187e-07 2.46213e-07
328.4 1.63149e-07 2.85643e-07
328.8 1.15885e-07 3.17319e-07
329.2 7.85815e-08 3.4003e-07
329.6 5.2505e-08 3.52933e-07
330 3.8467e-08 3.55578e-07
330.4 3.67987e-08 3.47923e-07
330.8 4.73422e-08 3.30335e-07
331.2 6.94632e-08 3.0357e-07
331.6 1.02081e-07 2.68738e-07
332 1.43717e-07 2.2726e-07
332.4 1.92555e-07 1.80807e-07
332.8 2.46524e-07 1.31228e-07
333.2 3.03374e-07 8.04822e-08
333.6 3.60775e-07 3.05557e-08
334 4.16408e-07 -1.66165e-08
334.4 4.68054e-07 -5.92263e-08
334.8 5.13688e-07 -9.5663e-08
335.2 5.51551e-07 -1.24576e-07
335.6 5.80223e-07 -1.44924e-07
336 5.98672e-07 -1.56018e-07
336.4 6.06293e-07 -1.5754e-07
336.8 6.02927e-07 -1.49557e-07
337.2 5.88863e-07 -1.3251e-07
337.6 5.64824e-07 -1.07198e-07
338 5.31929e-07 -7.47419e-08
338.4 4.91649e-07 -3.65348e-08
338.8 4.45742e-07 5.81356e-09
339.2 3.96181e-07 5.0543e-08
339.6 3.45072e-07 9.58144e-08
340 2.94567e-07 1.39783e-07
340.4 2.4678e-07 1.80674e-07
340.8 2.037e-07 2.16847e-07
341.2 1.67112e-07 2.46867e-07
341.6 1.38531e-07 2.69555e-07
342 1.19135e-07 2.84034e-07
342.4 1.09728e-07 2.89762e-07
342.8 1.10706e-07 2.8655e-07
343.2 1.22044e-07 2.74568e-07
343.6 1.43304e-07 2.54332e-07
344 1.73649e-07 2.26685e-07
344.4 2.11882e-07 1.92758e-07
344.8 2.56496e-07 1.53924e-07
345.2 3.05737e-07 1.11741e-07
345.6 3.57672e-07 6.7888e-08
346 4.1027e-07 2.41001e-08
346.4 4.61482e-07 -1.79039e-08
346.8 5.0932e-07 -5.64883e-08
347.2 5.51941e-07 -9.01646e-08
347.6 5.87712e-07 -1.17649e-07
348 6.1528e-07 -1.37914e-07
348.4 6.33616e-07 -1.50223e-07
348.8 6.42061e-07 -1.54162e-07
349.2 6.40343e-07 -1.49648e-07
349.6 6.28588e-07 -1.36936e-07
350 6.07312e-07 -1.16601e-07
350.4 5.77397e-07 -8.95152e-08
350.8 5.40053e-07 -5.68098e-08
351.2 4.96769e-07 -1.98293e-08
351.6 4.4925e-07 1.99243e-08
352 3.99351e-07 6.08521e-08
352.4 3.48998e-07 1.01322e-07
352.8 3.00118e-07 1.39735e-07
353.2 2.54557e-07 1.74586e-07
353.6 2.14011e-07 2.04526e-07
354 1.79959e-07 2.2841e-07
354.4 1.5361e-07 2.45344e-07
354.8 1.35852e-07 2.54717e-07
355.2 1.27225e-07 2.56225e-07
355.6 1.27901e-07 2.49877e-07
356 1.37679e-07 2.35994e-07
356.4 1.55999e-07 2.15195e-07
356.8 1.81969e-07 1.88365e-07
357.2 2.14398e-07 1.56625e-07
357.6 2.51851e-07 1.2128e-07
358 2.92708e-07 8.3768e-08
358.4 3.35228e-07 4.56001e-08
358.8 3.7762e-07 8.30189e-09
359.2 4.18118e-07 -2.66484e-08
359.6 4.55045e-07 -5.78781e-08
360 4.86886e-07 -8.41738e-08
360.4 5.12344e-07 -1.04528e-07
360.8 5.30388e-07 -1.18178e-07
361.2 5.40297e-07 -1.24634e-07
361.6 5.41681e-07 -1.23697e-07
362 5.34498e-07 -1.15463e-07
362.4 5.19051e-07 -1.00318e-07
362.8 4.95974e-07 -7.89212e-08
363.2 4.66205e-07 -5.21742e-08
363.6 4.30945e-07 -2.11861e-08
364 3.91607e-07 1.27741e-08
364.4 3.49762e-07 4.83281e-08
364.8 3.07073e-07 8.40445e-08
365.2 2.65229e-07 1.18496e-07
365.6 2.25874e-07 1.50315e-07
366 1.90549e-07 1.78249e-07
366.4 1.60623e-07 2.0121e-07
366.8 1.37247e-07 2.18313e-07
367.2 1.21306e-07 2.28914e-07
367.6 1.13386e-07 2.3263e-07
368 1.13753e-07 2.29356e-07
368.4 1.22345e-07 2.19263e-07
368.8 1.38776e-07 2.02792e-07
369.2 1.62356e-07 1.80635e-07
369.6 1.92115e-07 1.53702e-07
370 2.26849e-07 1.23087e-07
370.4 2.65166e-07 9.00224e-08
370.8 3.05545e-07 5.58267e-08
371.2 3.46394e-07 2.18546e-08
371.6 3.86113e-07 -1.05588e-08
372 4.23164e-07 -4.01504e-08
372.4 4.56123e-07 -6.57786e-08
372.8 4.83739e-07 -8.64679e-08
373.2 5.04983e-07 -1.01446e-07
373.6 5.19086e-07 -1.10173e-07
374 5.25566e-07 -1.12363e-07
374.4 5.24248e-07 -1.07988e-07
374.8 5.15264e-07 -9.72849e-08
375.2 4.99051e-07 -8.07377e-08
375.6 4.76324e-07 -5.90593e-08
376 4.48053e-07 -3.31611e-08
376.4 4.15415e-07 -4.11501e-09
376.8 3.79753e-07 2.68903e-08
377.2 3.42516e-07 5.85973e-08
377.6 3.05202e-07 8.97302e-08
378 2.69299e-07 1.19046e-07
378.4 2.36225e-07 1.45382e-07
378.8 2.07274e-07 1.67704e-07
379.2 1.83562e-07 1.85146e-07
379.6 1.65987e-07 1.97041e-07
380 1.55196e-07 2.02948e-07
380.4 1.51558e-07 2.02667e-07
380.8 1.55152e-07 1.96248e-07
381.2 1.65769e-07 1.83981e-07
381.6 1.82919e-07 1.6639e-07
382 2.05856e-07 1.44206e-07
382.4 2.33605e-07 1.18336e-07
382.8 2.65009e-07 8.98295e-08
383.2 2.98769e-07 5.98325e-08
383.6 3.33505e-07 2.95421e-08
384 3.67801e-07 1.59087e-10
384.4 4.00274e-07 -2.71604e-08
384.8 4.29618e-07 -5.135e-08
385.2 4.54661e-07 -7.14753e-08
385.6 4.74411e-07 -8.67695e-08
386 4.88091e-07 -9.66633e-08
386.4 4.95169e-07 -1.00806e-07
386.8 4.95382e-07 -9.90764e-08
387.2 4.88738e-07 -9.15892e-08
387.6 4.75518e-07 -7.86856e-08
388 4.56263e-07 -6.09198e-08
388.4 4.31746e-07 -3.90349e-08
388.8 4.02946e-07 -1.39325e-08
389.2 3.71004e-07 1.33644e-08
389.6 3.37178e-07 4.17533e-08
390 3.0279e-07 7.00957e-08
390.4 2.69177e-07 9.72634e-08
390.8 2.37632e-07 1.22183e-07
391.2 2.0936e-07 1.43877e-07
391.6 1.85425e-07 1.61504e-07
392 1.66712e-07 1.7439e-07
392.4 1.53891e-07 1.82054e-07
392.8 1.47396e-07 1.84225e-07
393.2 1.47402e-07 1.80854e-07
393.6 1.53829e-07 1.7211e-07
394 1.66339e-07 1.58377e-07
394.4 1.84358e-07 1.40232e-07
394.8 2.07094e-07 1.18425e-07
395.2 2.33576e-07 9.38446e-08
395.6 2.6269e-07 6.74856e-08
396 2.93227e-07 4.04049e-08
396.4 3.23927e-07 1.3681e-08
396.8 3.53537e-07 -1.16293e-08
397.2 3.80853e-07 -3.45324e-08
397.6 4.04773e-07 -5.41378e-08
398 4.24338e-07 -6.96918e-08
398.4 4.38768e-07 -8.0607e-08
398.8 4.47496e-07 -8.64848e-08
399.2 4.50183e-07 -8.7129e-08
399.6 4.46736e-07 -8.25531e-08
400 4.37304e-07 -7.29779e-08
