-0.498 1.02414 0.825831
-0.496 1.24609 0.855779
-0.494 1.42042 0.869571
-0.492 1.53904 0.865755
-0.49 1.59639 0.843486
-0.488 1.58975 0.802584
-0.486 1.51929 0.743568
-0.484 1.38816 0.667654
-0.482 1.20221 0.576723
-0.48 0.969812 0.473254
-0.478 0.701367 0.360235
-0.476 0.408857 0.241043
-0.474 0.105251 0.119309
-0.472 -0.196115 -0.00123298
-0.47 -0.482161 -0.1169
-0.468 -0.740683 -0.224214
-0.466 -0.96092 -0.320043
-0.464 -1.13404 -0.401733
-0.462 -1.25355 -0.467215
-0.46 -1.31555 -0.515081
-0.458 -1.31891 -0.544636
-0.456 -1.26524 -0.555912
-0.454 -1.15884 -0.549654
-0.452 -1.00636 -0.527266
-0.45 -0.816489 -0.490737
-0.448 -0.599498 -0.44253
-0.446 -0.366669 -0.385465
-0.444 -0.129738 -0.322573
-0.442 0.0997036 -0.256953
-0.44 0.310798 -0.191629
-0.438 0.493952 -0.129411
-0.436 0.641311 -0.0727681
-0.434 0.747124 -0.0237303
-0.432 0.80801 0.0161927
-0.43 0.823085 0.0460614
-0.428 0.79396 0.0655251
-0.426 0.724608 0.0748112
-0.424 0.621102 0.0746828
-0.422 0.491239 0.0663703
-0.42 0.344078 0.0514791
-0.418 0.189406 0.0318791
-0.416 0.0371663 0.00958227
-0.414 -0.103114 -0.0133857
-0.412 -0.222882 -0.0351112
-0.41 -0.315056 -0.0539115
-0.408 -0.374442 -0.0684372
-0.406 -0.398047 -0.0777555
-0.404 -0.385265 -0.0814076
-0.402 -0.337941 -0.0794384
-0.4 -0.260283 -0.0723953
-0.398 -0.15865 -0.061298
-0.396 -0.0412155 -0.047578
-0.394 0.0824768 -0.0329937
-0.392 0.202044 -0.0195232
-0.39 0.306844 -0.00924153
-0.388 0.386593 -0.00418867
-0.386 0.431962 -0.00623506
-0.384 0.435152 -0.0169525
-0.382 0.390387 -0.037497
-0.38 0.294322 -0.0685114
-0.378 0.146326 -0.110051
-0.376 -0.0513661 -0.161542
-0.374 -0.293649 -0.221767
-0.372 -0.572688 -0.288891
-0.37 -0.878209 -0.360515
-0.368 -1.19791 -0.433769
-0.366 -1.51802 -0.505426
-0.364 -1.82387 -0.572039
-0.362 -2.10063 -0.630105
-0.36 -2.33399 -0.676225
-0.358 -2.51088 -0.707271
-0.356 -2.62011 -0.720549
-0.354 -2.65298 -0.713939
-0.352 -2.60375 -0.686022
-0.35 -2.46999 -0.636168
-0.348 -2.25278 -0.564598
-0.346 -1.95674 -0.472403
-0.344 -1.58992 -0.361532
-0.342 -1.16348 -0.234727
-0.34 -0.691263 -0.0954346
-0.338 -0.189214 0.0523219
-0.336 0.325309 0.204099
-0.334 0.834281 0.355208
-0.332 1.31981 0.500903
-0.33 1.76492 0.636578
-0.328 2.15432 0.757952
-0.326 2.47505 0.861248
-0.324 2.71709 0.943347
-0.322 2.87377 1.00192
-0.32 2.94205 1.0355
-0.318 2.92262 1.04356
-0.316 2.81984 1.02654
-0.314 2.64147 0.985748
-0.312 2.3983 0.923374
-0.31 2.10358 0.842332
-0.308 1.77235 0.746137
-0.306 1.42073 0.638739
-0.304 1.06512 0.524344
-0.302 0.721397 0.407221
-0.3 0.404161 0.291515
-0.298 0.126064 0.181064
-0.296 -0.102789 0.0792411
-0.294 -0.275288 -0.0111829
-0.292 -0.387616 -0.0881428
-0.29 -0.43938 -0.150345
-0.288 -0.43357 -0.197295
-0.286 -0.376342 -0.229283
-0.284 -0.276652 -0.247334
-0.282 -0.145737 -0.253117
-0.28 0.0035064 -0.248827
-0.278 0.157231 -0.237046
-0.276 0.301395 -0.22058
-0.274 0.422531 -0.202297
-0.272 0.508475 -0.184959
-0.27 0.549041 -0.171066
-0.268 0.536589 -0.162723
-0.266 0.466471 -0.161521
-0.264 0.337317 -0.168458
-0.262 0.151166 -0.183886
-0.26 -0.08659 -0.207505
-0.258 -0.367424 -0.238381
-0.256 -0.680059 -0.27501
-0.254 -1.01101 -0.315409
-0.252 -1.34521 -0.357234
-0.25 -1.66681 -0.397918
-0.248 -1.95993 -0.434828
-0.246 -2.20949 -0.465416
-0.244 -2.40201 -0.487381
-0.242 -2.52637 -0.498804
-0.24 -2.57437 -0.498278
-0.238 -2.5413 -0.484999
-0.236 -2.42624 -0.458832
-0.234 -2.2322 -0.42034
-0.232 -1.96614 -0.370775
-0.23 -1.63863 -0.312025
-0.228 -1.26353 -0.246536
-0.226 -0.857307 -0.177188
-0.224 -0.43835 -0.107154
-0.222 -0.0260654 -0.0397344
-0.22 0.360037 0.0218165
-0.218 0.701307 0.074471
-0.216 0.980896 0.115597
-0.214 1.18463 0.143113
-0.212 1.30178 0.155616
-0.21 1.32565 0.152481
-0.208 1.25403 0.133921
-0.206 1.0894 0.101002
-0.204 0.838892 0.0556229
-0.202 0.514096 0.000442778
-0.2 0.130568 -0.0612238
-0.198 -0.292816 -0.125552
-0.196 -0.734691 -0.188381
-0.194 -1.17217 -0.245404
-0.192 -1.58188 -0.292381
-0.19 -1.94106 -0.325339
-0.188 -2.22863 -0.340778
-0.186 -2.42619 -0.335848
-0.184 -2.51892 -0.308507
-0.182 -2.49629 -0.257637
-0.18 -2.35263 -0.183124
-0.178 -2.0874 -0.0858898
-0.176 -1.70534 0.032123
-0.174 -1.21626 0.168012
-0.172 -0.634694 0.318024
-0.17 0.0207021 0.477696
-0.168 0.727936 0.642041
-0.166 1.46259 0.80575
-0.164 2.19887 0.963407
-0.162 2.91067 1.10972
-0.16 3.57267 1.23974
-0.158 4.16141 1.34905
-0.156 4.65625 1.43398
-0.154 5.0402 1.4917
-0.152 5.3006 1.52038
-0.15 5.42959 1.5192
-0.148 5.4244 1.48842
-0.146 5.28737 1.42929
-0.144 5.02579 1.34401
-0.142 4.6515 1.23561
-0.14 4.18031 1.10777
-0.138 3.63124 0.964673
-0.136 3.02571 0.810771
-0.134 2.38649 0.650611
-0.132 1.73676 0.488619
-0.13 1.09911 0.328908
-0.128 0.494577 0.175112
-0.126 -0.0582037 0.0302533
-0.124 -0.543722 -0.103366
-0.122 -0.950159 -0.224218
-0.12 -1.26977 -0.331566
-0.118 -1.49909 -0.425435
-0.116 -1.63889 -0.506546
-0.114 -1.69401 -0.576207
-0.112 -1.67297 -0.636174
-0.11 -1.58743 -0.688499
-0.108 -1.45153 -0.735353
-0.106 -1.28115 -0.778854
-0.104 -1.09307 -0.820899
-0.102 -0.90415 -0.863013
-0.1 -0.730527 -0.906226
-0.098 -0.586834 -0.950979
-0.096 -0.485532 -0.997069
-0.094 -0.43634 -1.04364
-0.092 -0.445807 -1.0892
-0.09 -0.51703 -1.13173
-0.088 -0.649541 -1.16874
-0.086 -0.839356 -1.19744
-0.084 -1.07919 -1.21494
-0.082 -1.35883 -1.21837
-0.08 -1.66566 -1.20511
-0.078 -1.98528 -1.17296
-0.076 -2.30221 -1.12032
-0.074 -2.60074 -1.04635
-0.072 -2.86565 -0.951046
-0.07 -3.08307 -0.835326
-0.068 -3.24113 -0.701073
-0.066 -3.33062 -0.551089
-0.064 -3.34545 -0.389033
-0.062 -3.28298 -0.219297
-0.06 -3.14409 -0.0468423
-0.058 -2.93316 0.122999
-0.056 -2.6578 0.284748
-0.054 -2.32838 0.433021
-0.052 -1.95746 0.562776
-0.05 -1.55911 0.669549
-0.048 -1.14812 0.749673
-0.046 -0.739235 0.800466
-0.044 -0.346425 0.820372
-0.042 0.0178353 0.809063
-0.04 0.343109 0.767479
-0.038 0.62143 0.69781
-0.036 0.847566 0.603423
-0.034 1.01911 0.488731
-0.032 1.13638 0.359009
-0.03 1.20221 0.220172
-0.028 1.22153 0.0785133
-0.026 1.2009 -0.0595723
-0.024 1.14792 -0.187881
-0.022 1.07071 -0.300683
-0.02 0.977276 -0.392987
-0.018 0.875061 -0.460775
-0.016 0.770501 -0.501195
-0.014 0.668734 -0.512695
-0.012 0.573429 -0.495103
-0.01 0.486737 -0.449637
-0.008 0.40935 -0.378852
-0.006 0.340659 -0.286521
-0.004 0.278971 -0.177457
-0.002 0.221769 -0.0572878
0 0.165994 0.0678172
0.002 0.108582 0.191432
0.004 0.0460653 0.307199
0.006 -0.0245015 0.409119
0.008 -0.105447 0.491846
0.01 -0.1982 0.550942
0.012 -0.303038 0.583091
0.014 -0.418871 0.58626
0.016 -0.5431 0.559796
0.018 -0.671562 0.504461
0.02 -0.798594 0.422396
0.022 -0.917213 0.31702
0.024 -1.01944 0.192873
0.026 -1.09671 0.0554069
0.028 -1.14041 -0.0892713
0.03 -1.14247 -0.234675
0.032 -1.09591 -0.374235
0.034 -0.995467 -0.501595
0.036 -0.83805 -0.610893
0.038 -0.623162 -0.697018
0.04 -0.353132 -0.755833
0.042 -0.033209 -0.784339
0.044 0.328537 -0.780797
0.046 0.72148 -0.744788
0.048 1.13288 -0.677206
0.05 1.54845 -0.580198
0.052 1.95307 -0.457049
0.054 2.33156 -0.312012
0.056 2.66942 -0.150101
0.058 2.9537 0.0231428
0.06 3.17363 0.201907
0.062 3.32125 0.380369
0.064 3.39188 0.552944
0.066 3.38435 0.714521
0.068 3.30113 0.860665
0.07 3.14819 0.987775
0.072 2.93469 1.09321
0.074 2.67251 1.17533
0.076 2.37564 1.23355
0.078 2.05946 1.26827
0.08 1.73992 1.28078
0.082 1.43275 1.27317
0.084 1.15266 1.24812
0.086 0.912561 1.20877
0.088 0.722978 1.15844
0.09 0.591461 1.10052
0.092 0.522216 1.03819
0.094 0.515869 0.974282
0.096 0.569405 0.911135
0.098 0.676267 0.850461
0.1 0.826643 0.793283
0.102 1.00789 0.739899
0.104 1.2051 0.689903
0.106 1.40181 0.642238
0.108 1.58075 0.595301
0.11 1.72472 0.547072
0.112 1.8174 0.495273
0.114 1.84419 0.437546
0.116 1.79305 0.371636
0.118 1.65507 0.295569
0.12 1.42515 0.207819
0.122 1.10229 0.107451
0.124 0.689854 -0.00576742
0.126 0.195578 -0.131296
0.128 -0.368626 -0.267786
0.13 -0.987056 -0.413098
0.132 -1.64079 -0.564361
0.134 -2.30844 -0.718072
0.136 -2.96698 -0.870232
0.138 -3.59275 -1.01652
0.14 -4.16245 -1.15249
0.142 -4.65415 -1.27376
0.144 -5.04829 -1.37622
0.146 -5.32854 -1.45625
0.148 -5.48257 -1.51088
0.15 -5.50266 -1.53797
0.152 -5.3861 -1.53629
0.154 -5.13536 -1.50562
0.156 -4.75806 -1.44678
0.158 -4.26673 -1.36161
0.16 -3.67833 -1.25291
0.162 -3.01354 -1.12433
0.164 -2.29597 -0.98022
0.166 -1.55115 -0.825446
0.168 -0.80548 -0.665199
0.17 -0.0851326 -0.504767
0.172 0.585073 -0.349309
0.174 1.18269 -0.203644
0.176 1.6886 -0.0720451
0.178 2.08778 0.0419323
0.18 2.36993 0.135592
0.182 2.52986 0.207194
0.184 2.56765 0.256015
0.186 2.48856 0.282346
0.188 2.30274 0.287462
0.19 2.0247 0.273527
0.192 1.67257 0.243474
0.194 1.26722 0.200845
0.196 0.831284 0.149601
0.198 0.388055 0.0939266
0.2 -0.0395611 0.038017
0.202 -0.430114 -0.0141228
0.204 -0.764567 -0.058869
0.206 -1.02713 -0.0931453
0.208 -1.20593 -0.114559
0.21 -1.29347 -0.121501
0.212 -1.28688 -0.1132
0.214 -1.18795 -0.0897393
0.216 -1.00293 -0.0520277
0.218 -0.742088 -0.00172657
0.22 -0.41916 0.0588557
0.222 -0.0505668 0.126902
0.224 0.345431 0.199247
0.226 0.749674 0.272554
0.228 1.14305 0.343494
0.23 1.50742 0.408921
0.232 1.82649 0.466036
0.234 2.08653 0.512529
0.236 2.27699 0.546689
0.238 2.39093 0.567484
0.24 2.42524 0.574599
0.242 2.38073 0.568437
0.244 2.26193 0.550085
0.246 2.07679 0.521233
0.248 1.83619 0.484071
0.25 1.55333 0.441152
0.252 1.24296 0.395247
0.254 0.920645 0.349173
0.256 0.601937 0.305633
0.258 0.30157 0.267058
0.26 0.0327321 0.235462
0.262 -0.193584 0.212322
0.264 -0.369113 0.198491
0.266 -0.488695 0.194139
0.268 -0.5505 0.198735
0.27 -0.556074 0.211069
0.272 -0.510211 0.229312
0.274 -0.420666 0.251113
0.276 -0.297709 0.273719
0.278 -0.153552 0.294132
0.28 -0.00168493 0.309272
0.282 0.143866 0.316155
0.284 0.269301 0.31207
0.286 0.361803 0.294738
0.288 0.410245 0.262463
0.29 0.405813 0.214248
0.292 0.342521 0.149881
0.294 0.217575 0.069986
0.296 0.0315847 -0.0239788
0.298 -0.211396 -0.129751
0.3 -0.504007 -0.244346
0.302 -0.835884 -0.364168
0.304 -1.19412 -0.485164
0.306 -1.56383 -0.602994
0.308 -1.9289 -0.713224
0.31 -2.27266 -0.811525
0.312 -2.57879 -0.893872
0.314 -2.83199 -0.956732
0.316 -3.01883 -0.997232
0.318 -3.12832 -1.0133
0.32 -3.15254 -1.00376
0.322 -3.08701 -0.96842
0.324 -2.9309 -0.908072
0.326 -2.6872 -0.824477
0.328 -2.36253 -0.720301
0.33 -1.96691 -0.599006
0.332 -1.51332 -0.464709
0.334 -1.01716 -0.322009
0.336 -0.4955 -0.175794
0.338 0.0335857 -0.0310377
0.34 0.551872 0.107411
0.342 1.04176 0.235031
0.344 1.48704 0.34781
0.346 1.87358 0.442413
0.348 2.18992 0.516308
0.35 2.42772 0.567857
0.352 2.58204 0.596375
0.354 2.65152 0.602128
0.356 2.63833 0.586307
0.358 2.54797 0.550946
0.36 2.38891 0.49881
0.362 2.17214 0.433252
0.364 1.91056 0.358041
0.366 1.61831 0.277184
0.368 1.31008 0.194728
0.37 1.00038 0.114576
0.372 0.702862 0.0403097
0.374 0.429674 -0.0249688
0.376 0.190957 -0.0787644
0.378 -0.00558633 -0.119287
0.38 -0.154974 -0.145509
0.382 -0.255077 -0.157189
0.384 -0.306603 -0.154848
0.386 -0.31294 -0.139714
0.388 -0.279859 -0.113631
0.39 -0.215098 -0.0789371
0.392 -0.127861 -0.0383217
0.394 -0.0282444 0.00533118
0.396 0.0733723 0.0491073
0.398 0.166932 0.0902235
0.4 0.24328 0.126179
0.402 0.294686 0.154889
0.404 0.315276 0.174789
0.406 0.301358 0.184921
0.408 0.25162 0.184967
0.41 0.167198 0.175266
0.412 0.0516054 0.156785
0.414 -0.089473 0.131055
0.416 -0.248504 0.100082
0.418 -0.416536 0.0662302
0.42 -0.583702 0.0320849
0.422 -0.739786 0.000304367
0.424 -0.874807 -0.0265319
0.426 -0.979588 -0.0460725
0.428 -1.0463 -0.0563312
0.43 -1.06892 -0.0558063
0.432 -1.04363 -0.0435753
0.434 -0.969052 -0.01936
0.436 -0.846392 0.0164412
0.438 -0.679451 0.0627546
0.44 -0.474477 0.117869
0.442 -0.239902 0.179504
0.444 0.0140467 0.244912
0.446 0.275822 0.310999
0.448 0.53312 0.374471
0.45 0.773483 0.431987
0.452 0.984922 0.480322
0.454 1.15652 0.516518
0.456 1.27899 0.538035
0.458 1.34517 0.542871
0.46 1.35041 0.529671
0.462 1.29282 0.497796
0.464 1.17343 0.44736
0.466 0.996184 0.379242
0.468 0.767756 0.29505
0.47 0.497304 0.197056
0.472 0.19605 0.0881065
0.474 -0.123232 -0.028503
0.476 -0.446798 -0.149166
0.478 -0.760579 -0.27012
0.48 -1.05083 -0.387604
0.482 -1.30479 -0.498018
0.484 -1.51128 -0.598073
0.486 -1.66121 -0.684916
0.488 -1.74805 -0.75625
0.49 -1.76813 -0.810408
0.492 -1.72079 -0.846407
0.494 -1.60846 -0.86397
0.496 -1.4365 -0.863509
0.498 -1.21299 -0.846081
0.4 0.0160476 0.00502934
0.8 0.0162046 0.00503907
1.2 0.016463 0.00505478
1.6 0.0168183 0.00507569
2 0.0172641 0.0051008
2.4 0.0177925 0.00512886
2.8 0.0183938 0.00515845
3.2 0.0190574 0.005188
3.6 0.0197715 0.0052159
4 0.0205231 0.00524051
4.4 0.021299 0.00526029
4.8 0.0220852 0.00527379
5.2 0.0228676 0.00527979
5.6 0.0236323 0.00527732
6 0.0243654 0.00526575
6.4 0.0250537 0.00524481
6.8 0.0256848 0.00521466
7.2 0.0262469 0.00517593
7.6 0.0267296 0.00512972
8 0.0271235 0.00507764
8.4 0.0274208 0.00502179
8.8 0.027615 0.00496474
9.2 0.0277011 0.00490955
9.6 0.0276757 0.00485967
10 0.0275371 0.00481891
10.4 0.027285 0.00479138
10.8 0.0269208 0.00478142
11.2 0.0264472 0.00479348
11.6 0.0258683 0.00483206
12 0.0251896 0.00490157
12.4 0.0244176 0.00500625
12.8 0.0235599 0.00515007
13.2 0.0226249 0.0053366
13.6 0.0216218 0.00556889
14 0.0205602 0.0058494
14.4 0.0194503 0.00617991
14.8 0.0183025 0.0065614
15.2 0.0171272 0.00699401
15.6 0.0159348 0.00747695
16 0.0147357 0.00800852
16.4 0.0135398 0.00858599
16.8 0.0123568 0.0092057
17.2 0.0111958 0.00986298
17.6 0.0100654 0.0105522
18 0.00897361 0.011267
18.4 0.0079276 0.012
18.8 0.00693399 0.0127431
19.2 0.00599859 0.0134878
19.6 0.00512644 0.0142248
20 0.00432183 0.0149447
20.4 0.00358822 0.0156377
20.8 0.00292834 0.016294
21.2 0.00234413 0.0169039
21.6 0.00183678 0.017458
22 0.00140676 0.0179471
22.4 0.00105383 0.0183629
22.8 0.000777031 0.0186975
23.2 0.000574783 0.0189442
23.6 0.000444849 0.0190971
24 0.000384387 0.0191515
24.4 0.000389982 0.0191038
24.8 0.00045767 0.0189518
25.2 0.000582981 0.0186947
25.6 0.000760975 0.018333
26 0.000986279 0.0178686
26.4 0.00125314 0.0173049
26.8 0.00155549 0.0166463
27.2 0.00188695 0.015899
27.6 0.00224098 0.0150699
28 0.00261087 0.0141673
28.4 0.00298984 0.0132003
28.8 0.00337116 0.0121789
29.2 0.00374817 0.0111137
29.6 0.00411442 0.0100157
30 0.00446373 0.00889633
30.4 0.00479032 0.00776705
30.8 0.00508887 0.00663925
31.2 0.00535462 0.00552405
31.6 0.00558348 0.00443214
32 0.00577209 0.00337357
32.4 0.00591789 0.00235759
32.8 0.00601919 0.00139257
33.2 0.00607522 0.000485766
33.6 0.00608619 -0.000356683
34 0.00605324 -0.0011299
34.4 0.00597851 -0.00183033
34.8 0.00586508 -0.00245574
35.2 0.00571695 -0.00300526
35.6 0.00553899 -0.00347935
36 0.00533681 -0.00387977
36.4 0.00511675 -0.00420951
36.8 0.00488567 -0.00447268
37.2 0.0046509 -0.00467444
37.6 0.00442004 -0.00482084
38 0.00420083 -0.00491869
38.4 0.00400099 -0.0049754
38.8 0.00382806 -0.00499878
39.2 0.00368918 -0.00499692
39.6 0.003591 -0.00497798
40 0.00353948 -0.00495003
40.4 0.00353975 -0.00492085
40.8 0.00359598 -0.00489779
41.2 0.00371126 -0.00488764
41.6 0.00388754 -0.00489642
42 0.00412552 -0.00492935
42.4 0.00442462 -0.00499067
42.8 0.00478301 -0.00508364
43.2 0.00519757 -0.0052104
43.6 0.00566396 -0.00537199
44 0.00617671 -0.00556835
44.4 0.0067293 -0.00579832
44.8 0.0073143 -0.00605966
45.2 0.00792353 -0.00634915
45.6 0.00854824 -0.00666269
46 0.00917928 -0.00699536
46.4 0.00980732 -0.00734157
46.8 0.010423 -0.00769519
47.2 0.0110174 -0.00804973
47.6 0.0115818 -0.00839844
48 0.0121083 -0.00873455
48.4 0.0125899 -0.00905134
48.8 0.0130205 -0.00934239
49.2 0.0133952 -0.00960167
49.6 0.0137106 -0.00982373
50 0.0139645 -0.0100038
50.4 0.0141563 -0.0101379
50.8 0.014287 -0.010223
51.2 0.0143589 -0.0102571
51.6 0.0143759 -0.010239
52 0.0143434 -0.0101689
52.4 0.0142679 -0.0100478
52.8 0.0141571 -0.00987796
53.2 0.0140197 -0.00966249
53.6 0.0138652 -0.00940555
54 0.0137035 -0.00911214
54.4 0.013545 -0.008788
54.8 0.0133999 -0.00843952
55.2 0.0132783 -0.00807355
55.6 0.01319 -0.00769729
56 0.0131439 -0.00731809
56.4 0.0131478 -0.00694333
56.8 0.0132087 -0.0065802
57.2 0.0133319 -0.00623557
57.6 0.0135213 -0.00591581
58 0.013779 -0.00562665
58.4 0.0141054 -0.00537304
58.8 0.0144992 -0.00515901
59.2 0.0149569 -0.00498762
59.6 0.0154735 -0.0048608
60 0.0160419 -0.00477937
60.4 0.0166536 -0.00474295
60.8 0.0172985 -0.00474999
61.2 0.0179651 -0.00479778
61.6 0.0186409 -0.00488248
62 0.0193122 -0.0049992
62.4 0.019965 -0.00514212
62.8 0.0205848 -0.00530455
63.2 0.0211572 -0.00547913
63.6 0.0216678 -0.00565793
64 0.022103 -0.00583264
64.4 0.0224499 -0.00599476
64.8 0.0226966 -0.00613574
65.2 0.0228327 -0.0062472
65.6 0.0228494 -0.00632108
66 0.0227396 -0.00634986
66.4 0.0224981 -0.00632667
66.8 0.0221218 -0.00624551
67.2 0.0216098 -0.00610129
67.6 0.0209633 -0.00589005
68 0.0201856 -0.00560896
68.4 0.0192822 -0.00525648
68.8 0.0182607 -0.0048323
69.2 0.0171306 -0.00433744
69.6 0.015903 -0.00377419
70 0.0145905 -0.00314609
70.4 0.0132073 -0.00245784
70.8 0.0117685 -0.00171525
71.2 0.0102899 -0.00092507
71.6 0.00878789 -9.49174e-05
72 0.00727923 0.000766922
72.4 0.0057805 0.00165164
72.8 0.00430799 0.00255008
73.2 0.00287739 0.00345293
73.6 0.00150359 0.00435088
74 0.000200371 0.00523485
74.4 -0.00101971 0.0060961
74.8 -0.00214557 0.00692647
75.2 -0.00316767 0.00771845
75.6 -0.00407817 0.0084654
76 -0.004871 0.00916157
76.4 -0.00554185 0.0098023
76.8 -0.00608821 0.010384
77.2 -0.00650934 0.0109041
77.6 -0.00680616 0.0113615
78 -0.00698121 0.0117559
78.4 -0.0070385 0.0120884
78.8 -0.00698334 0.0123608
79.2 -0.00682226 0.0125762
79.6 -0.00656273 0.0127384
80 -0.00621305 0.012852
80.4 -0.00578215 0.012922
80.8 -0.00527935 0.0129542
81.2 -0.00471425 0.0129543
81.6 -0.00409647 0.0129285
82 -0.00343553 0.0128827
82.4 -0.00274071 0.0128227
82.8 -0.00202087 0.0127541
83.2 -0.00128434 0.0126818
83.6 -0.000538876 0.0126103
84 0.00020849 0.0125433
84.4 0.000951449 0.0124839
84.8 0.00168446 0.0124343
85.2 0.00240278 0.0123956
85.6 0.0031024 0.0123685
86 0.00378009 0.0123524
86.4 0.0044333 0.0123461
86.8 0.00506011 0.0123476
87.2 0.00565918 0.0123542
87.6 0.00622966 0.0123626
88 0.00677113 0.0123689
88.4 0.00728348 0.0123691
88.8 0.00776685 0.0123588
89.2 0.00822155 0.0123335
89.6 0.00864798 0.0122888
90 0.00904657 0.0122206
90.4 0.00941773 0.0121249
90.8 0.00976175 0.0119985
91.2 0.0100789 0.0118384
91.6 0.0103691 0.0116425
92 0.0106324 0.0114094
92.4 0.0108685 0.0111386
92.8 0.011077 0.0108303
93.2 0.0112574 0.0104857
93.6 0.0114091 0.0101068
94 0.0115315 0.00969647
94.4 0.0116238 0.00925842
94.8 0.0116854 0.00879704
95.2 0.0117158 0.00831739
95.6 0.0117143 0.00782503
96 0.0116809 0.00732599
96.4 0.0116152 0.00682656
96.8 0.0115175 0.00633318
97.2 0.0113882 0.00585232
97.6 0.0112279 0.00539032
98 0.0110376 0.00495323
98.4 0.0108186 0.00454671
98.8 0.0105725 0.0041759
99.2 0.0103012 0.0038453
99.6 0.0100067 0.00355864
100 0.00969153 0.00331888
100.4 0.00935812 0.00312806
100.8 0.00900924 0.00298731
101.2 0.0086477 0.00289682
101.6 0.0082764 0.00285583
102 0.00789824 0.00286266
102.4 0.00751608 0.00291474
102.8 0.00713268 0.00300868
103.2 0.00675067 0.00314036
103.6 0.0063725 0.00330498
104 0.00600041 0.00349722
104.4 0.00563638 0.00371131
104.8 0.00528212 0.0039412
105.2 0.00493907 0.00418064
105.6 0.00460833 0.00442334
106 0.00429074 0.00466309
106.4 0.00398683 0.00489391
106.8 0.00369683 0.00511011
107.2 0.00342074 0.00530644
107.6 0.0031583 0.00547818
108 0.00290907 0.00562123
108.4 0.0026724 0.00573215
108.8 0.00244754 0.00580822
109.2 0.00223363 0.0058475
109.6 0.00202975 0.00584879
110 0.00183497 0.00581169
110.4 0.00164836 0.00573656
110.8 0.00146906 0.00562444
111.2 0.00129627 0.00547709
111.6 0.00112929 0.00529686
112 0.000967572 0.00508663
112.4 0.000810666 0.00484975
112.8 0.000658286 0.00458994
113.2 0.000510287 0.0043112
113.6 0.000366664 0.00401772
114 0.000227547 0.00371376
114.4 9.31857e-05 0.00340359
114.8 -3.60685e-05 0.00309141
115.2 -0.000159783 0.00278122
115.6 -0.000277468 0.0024768
116 -0.000388601 0.00218159
116.4 -0.000492653 0.00189869
116.8 -0.000589115 0.0016308
117.2 -0.000677522 0.00138017
117.6 -0.000757477 0.00114859
118 -0.000828671 0.000937373
118.4 -0.000890899 0.000747393
118.8 -0.000944073 0.000579053
119.2 -0.000988235 0.000432332
119.6 -0.00102356 0.00030681
120 -0.00105035 0.000201708
120.4 -0.00106904 0.000115929
120.8 -0.0010802 4.81119e-05
121.2 -0.00108447 -3.32255e-06
121.6 -0.00108263 -4.01147e-05
122 -0.0010755 -6.41139e-05
122.4 -0.00106398 -7.72267e-05
122.8 -0.00104898 -8.13667e-05
123.2 -0.00103144 -7.84093e-05
123.6 -0.00101228 -7.01495e-05
124 -0.000992367 -5.82664e-05
124.4 -0.000972541 -4.42924e-05
124.8 -0.000953549 -2.95896e-05
125.2 -0.000936046 -1.53317e-05
125.6 -0.000920585 -2.49359e-06
126 -0.000907597 8.15444e-06
126.4 -0.000897392 1.60449e-05
126.8 -0.000890151 2.08071e-05
127.2 -0.000885928 2.22553e-05
127.6 -0.000884652 2.03734e-05
128 -0.000886136 1.52961e-05
128.4 -0.000890088 7.28687e-06
128.8 -0.00089612 -3.28515e-06
129.2 -0.000903766 -1.59696e-05
129.6 -0.000912502 -3.02594e-05
130 -0.000921757 -4.56149e-05
130.4 -0.000930936 -6.14866e-05
130.8 -0.000939441 -7.73358e-05
131.2 -0.000946682 -9.26538e-05
131.6 -0.000952104 -0.000106978
132 -0.000955192 -0.000119903
132.4 -0.000955495 -0.000131094
132.8 -0.00095263 -0.00014029
133.2 -0.000946295 -0.000147311
133.6 -0.000936276 -0.000152055
134 -0.000922446 -0.000154497
134.4 -0.000904774 -0.000154686
134.8 -0.000883314 -0.000152737
135.2 -0.000858208 -0.000148821
135.6 -0.000829676 -0.000143159
136 -0.000798011 -0.000136006
136.4 -0.000763562 -0.000127647
136.8 -0.000726732 -0.000118378
137.2 -0.000687958 -0.000108499
137.6 -0.000647702 -9.83075e-05
138 -0.000606438 -8.80808e-05
138.4 -0.00056464 -7.80755e-05
138.8 -0.000522769 -6.85172e-05
139.2 -0.000481261 -5.95967e-05
139.6 -0.000440522 -5.14663e-05
140 -0.000400918 -4.42376e-05
140.4 -0.000362764 -3.79818e-05
140.8 -0.000326328 -3.27303e-05
141.2 -0.000291822 -2.84774e-05
141.6 -0.000259401 -2.51833e-05
142 -0.000229168 -2.27792e-05
142.4 -0.000201171 -2.1172e-05
142.8 -0.00017541 -2.02496e-05
143.2 -0.000151842 -1.98873e-05
143.6 -0.000130382 -1.9953e-05
144 -0.000110916 -2.0313e-05
144.4 -9.33022e-05 -2.08372e-05
144.8 -7.73824e-05 -2.14038e-05
145.2 -6.29857e-05 -2.1903e-05
145.6 -4.99366e-05 -2.22404e-05
146 -3.80614e-05 -2.23394e-05
146.4 -2.71934e-05 -2.21424e-05
146.8 -1.71777e-05 -2.16121e-05
147.2 -7.87513e-06 -2.07306e-05
147.6 8.34903e-07 -1.9499e-05
148 9.05241e-06 -1.79358e-05
148.4 1.68559e-05 -1.60748e-05
148.8 2.43025e-05 -1.39624e-05
149.2 3.14285e-05 -1.1655e-05
149.6 3.82512e-05 -9.2159e-06
150 4.47709e-05 -6.71229e-06
150.4 5.09739e-05 -4.21227e-06
150.8 5.68351e-05 -1.78208e-06
151.2 6.23216e-05 5.1645e-07
151.6 6.73954e-05 2.62801e-06
152 7.20172e-05 4.50557e-06
152.4 7.61489e-05 6.11169e-06
152.8 7.97562e-05 7.41929e-06
153.2 8.28108e-05 8.41204e-06
153.6 8.5292e-05 9.08425e-06
154 8.71881e-05 9.44032e-06
154.4 8.84966e-05 9.49392e-06
154.8 8.92247e-05 9.26677e-06
155.2 8.93888e-05 8.78724e-06
155.6 8.90135e-05 8.08879e-06
156 8.81305e-05 7.20831e-06
156.4 8.67772e-05 6.18448e-06
156.8 8.49951e-05 5.05615e-06
157.2 8.28278e-05 3.86091e-06
157.6 8.03195e-05 2.63378e-06
158 7.7513e-05 1.40618e-06
158.4 7.44486e-05 2.05084e-07
158.8 7.11625e-05 -9.47504e-07
159.2 6.76858e-05 -2.03479e-06
159.6 6.40444e-05 -3.04521e-06
160 6.02579e-05 -3.97213e-06
160.4 5.63405e-05 -4.81341e-06
160.8 5.23008e-05 -5.57069e-06
161.2 4.81431e-05 -6.24861e-06
161.6 4.38682e-05 -6.85389e-06
162 3.94745e-05 -7.39439e-06
162.4 3.49598e-05 -7.87815e-06
162.8 3.03226e-05 -8.3125e-06
163.2 2.55636e-05 -8.70327e-06
163.6 2.06875e-05 -9.05412e-06
164 1.57035e-05 -9.36604e-06
164.4 1.06272e-05 -9.63699e-06
164.8 5.48086e-06 -9.86184e-06
165.2 2.94096e-07 -1.00324e-05
165.6 -4.89615e-06 -1.01376e-05
166 -1.00458e-05 -1.01641e-05
166.4 -1.51045e-05 -1.00969e-05
166.8 -2.00161e-05 -9.91964e-06
167.2 -2.4721e-05 -9.61611e-06
167.6 -2.91566e-05 -9.17055e-06
168 -3.32603e-05 -8.56876e-06
168.4 -3.69706e-05 -7.79896e-06
168.8 -4.02298e-05 -6.85258e-06
169.2 -4.29861e-05 -5.72491e-06
169.6 -4.51953e-05 -4.41574e-06
170 -4.68231e-05 -2.92971e-06
170.4 -4.78463e-05 -1.27659e-06
170.8 -4.82547e-05 5.28699e-07
171.2 -4.80514e-05 2.46622e-06
171.6 -4.72541e-05 4.51135e-06
172 -4.58947e-05 6.63528e-06
172.4 -4.40189e-05 8.80572e-06
172.8 -4.16861e-05 1.09877e-05
173.2 -3.89671e-05 1.31444e-05
173.6 -3.59436e-05 1.52383e-05
174 -3.27053e-05 1.7232e-05
174.4 -2.93479e-05 1.90897e-05
174.8 -2.59708e-05 2.07776e-05
175.2 -2.26741e-05 2.22652e-05
175.6 -1.95558e-05 2.35261e-05
176 -1.67096e-05 2.45387e-05
176.4 -1.42215e-05 2.52867e-05
176.8 -1.21682e-05 2.57597e-05
177.2 -1.06142e-05 2.59531e-05
177.6 -9.61061e-06 2.58684e-05
178 -9.19348e-06 2.55128e-05
178.4 -9.38285e-06 2.48992e-05
178.8 -1.01823e-05 2.40454e-05
179.2 -1.15789e-05 2.29738e-05
179.6 -1.3544e-05 2.17103e-05
180 -1.60335e-05 2.02839e-05
180.4 -1.89902e-05 1.87254e-05
180.8 -2.23446e-05 1.70667e-05
181.2 -2.60179e-05 1.53401e-05
181.6 -2.99234e-05 1.35769e-05
182 -3.397e-05 1.18073e-05
182.4 -3.80642e-05 1.0059e-05
182.8 -4.21128e-05 8.35689e-06
183.2 -4.6026e-05 6.72279e-06
183.6 -4.97192e-05 5.17468e-06
184 -5.31155e-05 3.72675e-06
184.4 -5.61479e-05 2.38921e-06
184.8 -5.87603e-05 1.16844e-06
185.2 -6.09096e-05 6.71342e-08
185.6 -6.25656e-05 -9.15364e-07
186 -6.3712e-05 -1.78268e-06
186.4 -6.43464e-05 -2.54091e-06
186.8 -6.44795e-05 -3.1981e-06
187.2 -6.41347e-05 -3.76365e-06
187.6 -6.33465e-05 -4.24777e-06
188 -6.21597e-05 -4.66091e-06
188.4 -6.06268e-05 -5.01325e-06
188.8 -5.8807e-05 -5.3142e-06
189.2 -5.67637e-05 -5.57205e-06
189.6 -5.45625e-05 -5.79364e-06
190 -5.22693e-05 -5.98414e-06
190.4 -4.99481e-05 -6.14694e-06
190.8 -4.76597e-05 -6.28363e-06
191.2 -4.54593e-05 -6.39408e-06
191.6 -4.33958e-05 -6.47657e-06
192 -4.15103e-05 -6.52806e-06
192.4 -3.98355e-05 -6.5445e-06
192.8 -3.83949e-05 -6.52115e-06
193.2 -3.72029e-05 -6.45295e-06
193.6 -3.62647e-05 -6.33496e-06
194 -3.55767e-05 -6.1627e-06
194.4 -3.51274e-05 -5.93254e-06
194.8 -3.48979e-05 -5.64202e-06
195.2 -3.48631e-05 -5.29012e-06
195.6 -3.49928e-05 -4.87746e-06
196 -3.52534e-05 -4.40647e-06
196.4 -3.56086e-05 -3.8814e-06
196.8 -3.60213e-05 -3.30837e-06
197.2 -3.64543e-05 -2.6952e-06
197.6 -3.68721e-05 -2.05128e-06
198 -3.72415e-05 -1.3873e-06
198.4 -3.75327e-05 -7.1501e-07
198.8 -3.772e-05 -4.67995e-08
199.2 -3.77823e-05 6.04623e-07
199.6 -3.77037e-05 1.22664e-06
200 -3.7473e-05 1.80712e-06
200.4 -3.70846e-05 2.33478e-06
200.8 -3.65372e-05 2.79958e-06
201.2 -3.58344e-05 3.193e-06
201.6 -3.49836e-05 3.50829e-06
202 -3.39955e-05 3.74073e-06
202.4 -3.28835e-05 3.88768e-06
202.8 -3.1663e-05 3.94872e-06
203.2 -3.03506e-05 3.92557e-06
203.6 -2.89633e-05 3.82208e-06
204 -2.75181e-05 3.64397e-06
204.4 -2.60311e-05 3.39875e-06
204.8 -2.45173e-05 3.09533e-06
205.2 -2.29899e-05 2.7438e-06
205.6 -2.14603e-05 2.35503e-06
206 -1.99379e-05 1.94038e-06
206.4 -1.84298e-05 1.51128e-06
206.8 -1.69413e-05 1.0789e-06
207.2 -1.54756e-05 6.53832e-07
207.6 -1.40344e-05 2.45768e-07
208 -1.26182e-05 -1.36741e-07
208.4 -1.12265e-05 -4.86503e-07
208.8 -9.85839e-06 -7.97834e-07
209.2 -8.51267e-06 -1.06666e-06
209.6 -7.18858e-06 -1.29054e-06
210 -5.88591e-06 -1.46865e-06
210.4 -4.60538e-06 -1.6017e-06
210.8 -3.34889e-06 -1.69181e-06
211.2 -2.11959e-06 -1.74233e-06
211.6 -9.22043e-07 -1.7576e-06
212 2.37865e-07 -1.74278e-06
212.4 1.35299e-06 -1.7035e-06
212.8 2.41514e-06 -1.64571e-06
213.2 3.4153e-06 -1.57533e-06
213.6 4.34396e-06 -1.49806e-06
214 5.19147e-06 -1.41915e-06
214.4 5.94842e-06 -1.34322e-06
214.8 6.60605e-06 -1.27408e-06
215.2 7.1566e-06 -1.21465e-06
215.6 7.59369e-06 -1.16691e-06
216 7.91266e-06 -1.1318e-06
216.4 8.11078e-06 -1.10936e-06
216.8 8.1875e-06 -1.09869e-06
217.2 8.14454e-06 -1.09811e-06
217.6 7.98592e-06 -1.10529e-06
218 7.71792e-06 -1.11737e-06
218.4 7.34897e-06 -1.13117e-06
218.8 6.88941e-06 -1.14338e-06
219.2 6.35122e-06 -1.15071e-06
219.6 5.74769e-06 -1.1501e-06
220 5.09302e-06 -1.13884e-06
220.4 4.40192e-06 -1.11478e-06
220.8 3.68916e-06 -1.07638e-06
221.2 2.96914e-06 -1.02281e-06
221.6 2.25548e-06 -9.54036e-07
222 1.56064e-06 -8.70785e-07
222.4 8.95585e-07 -7.74547e-07
222.8 2.69492e-07 -6.67519e-07
223.2 -3.10429e-07 -5.5251e-07
223.6 -8.39087e-07 -4.32832e-07
224 -1.31355e-06 -3.12164e-07
224.4 -1.73303e-06 -1.94399e-07
224.8 -2.09875e-06 -8.34811e-08
225.2 -2.4138e-06 1.67537e-08
225.6 -2.68287e-06 1.0274e-07
226 -2.91197e-06 1.71329e-07
226.4 -3.10808e-06 2.1992e-07
226.8 -3.27878e-06 2.4657e-07
227.2 -3.43191e-06 2.50076e-07
227.6 -3.57516e-06 2.30025e-07
228 -3.71576e-06 1.86819e-07
228.4 -3.86009e-06 1.21661e-07
228.8 -4.01349e-06 3.65141e-08
229.2 -4.17995e-06 -6.59693e-08
229.6 -4.36202e-06 -1.82547e-07
230 -4.56066e-06 -3.09507e-07
230.4 -4.77525e-06 -4.42804e-07
230.8 -5.00362e-06 -5.78209e-07
231.2 -5.24217e-06 -7.11463e-07
231.6 -5.48604e-06 -8.38432e-07
232 -5.72933e-06 -9.55256e-07
232.4 -5.96538e-06 -1.05848e-06
232.8 -6.18704e-06 -1.14519e-06
233.2 -6.38704e-06 -1.21307e-06
233.6 -6.55826e-06 -1.26052e-06
234 -6.69407e-06 -1.28668e-06
234.4 -6.78862e-06 -1.29144e-06
234.8 -6.83712e-06 -1.27542e-06
235.2 -6.83601e-06 -1.23997e-06
235.6 -6.78316e-06 -1.18704e-06
236 -6.678e-06 -1.11916e-06
236.4 -6.5215e-06 -1.03926e-06
236.8 -6.31623e-06 -9.50609e-07
237.2 -6.06623e-06 -8.56631e-07
237.6 -5.77687e-06 -7.60803e-07
238 -5.45473e-06 -6.66508e-07
238.4 -5.10728e-06 -5.76901e-07
238.8 -4.74267e-06 -4.94798e-07
239.2 -4.36941e-06 -4.22573e-07
239.6 -3.99609e-06 -3.62076e-07
240 -3.63108e-06 -3.14573e-07
240.4 -3.2822e-06 -2.80713e-07
240.8 -2.95648e-06 -2.60517e-07
241.2 -2.65996e-06 -2.53396e-07
241.6 -2.39742e-06 -2.58186e-07
242 -2.17232e-06 -2.73218e-07
242.4 -1.98663e-06 -2.96392e-07
242.8 -1.84087e-06 -3.25279e-07
243.2 -1.73411e-06 -3.57226e-07
243.6 -1.66403e-06 -3.89478e-07
244 -1.62708e-06 -4.19287e-07
244.4 -1.61865e-06 -4.44038e-07
244.8 -1.63329e-06 -4.6135e-07
245.2 -1.66494e-06 -4.69177e-07
245.6 -1.70722e-06 -4.65892e-07
246 -1.75368e-06 -4.50347e-07
246.4 -1.79809e-06 -4.21923e-07
246.8 -1.83467e-06 -3.80551e-07
247.2 -1.85833e-06 -3.26709e-07
247.6 -1.8649e-06 -2.61405e-07
248 -1.85124e-06 -1.86132e-07
248.4 -1.81539e-06 -1.02806e-07
248.8 -1.75663e-06 -1.36895e-08
249.2 -1.67546e-06 7.86983e-08
249.6 -1.57361e-06 1.71683e-07
250 -1.45394e-06 2.62541e-07
250.4 -1.32027e-06 3.486e-07
250.8 -1.17725e-06 4.27347e-07
251.2 -1.03015e-06 4.96523e-07
251.6 -8.84623e-07 5.54204e-07
252 -7.4646e-07 5.98873e-07
252.4 -6.21371e-07 6.29475e-07
252.8 -5.14728e-07 6.4545e-07
253.2 -4.31346e-07 6.4675e-07
253.6 -3.75292e-07 6.33835e-07
254 -3.49711e-07 6.07647e-07
254.4 -3.56702e-07 5.69568e-07
254.8 -3.97234e-07 5.21365e-07
255.2 -4.71106e-07 4.65112e-07
255.6 -5.76955e-07 4.03112e-07
256 -7.12308e-07 3.37804e-07
256.4 -8.73685e-07 2.71668e-07
256.8 -1.05673e-06 2.07131e-07
257.2 -1.2564e-06 1.46478e-07
257.6 -1.46713e-06 9.1766e-08
258 -1.68306e-06 4.47523e-08
258.4 -1.89829e-06 6.83378e-09
258.8 -2.10707e-06 -2.09983e-08
259.2 -2.30402e-06 -3.81865e-08
259.6 -2.48434e-06 -4.46188e-08
260 -2.644e-06 -4.06211e-08
260.4 -2.77985e-06 -2.69341e-08
260.8 -2.88974e-06 -4.67321e-09
261.2 -2.97261e-06 2.47246e-08
261.6 -3.02848e-06 5.95664e-08
262 -3.05846e-06 9.7978e-08
262.4 -3.06465e-06 1.37983e-07
262.8 -3.05008e-06 1.77587e-07
263.2 -3.01855e-06 2.14858e-07
263.6 -2.97449e-06 2.48006e-07
264 -2.92272e-06 2.75452e-07
264.4 -2.86831e-06 2.95893e-07
264.8 -2.81634e-06 3.08345e-07
265.2 -2.77169e-06 3.12187e-07
265.6 -2.73885e-06 3.07175e-07
266 -2.72175e-06 2.93449e-07
266.4 -2.72359e-06 2.71525e-07
266.8 -2.74673e-06 2.42266e-07
267.2 -2.79258e-06 2.06846e-07
267.6 -2.86157e-06 1.66698e-07
268 -2.95314e-06 1.23453e-07
268.4 -3.06573e-06 7.88745e-08
268.8 -3.1969e-06 3.47824e-08
269.2 -3.34341e-06 -7.01716e-09
269.6 -3.50131e-06 -4.48053e-08
270 -3.6662e-06 -7.70184e-08
270.4 -3.83328e-06 -1.02309e-07
270.8 -3.99765e-06 -1.19597e-07
271.2 -4.15443e-06 -1.2811e-07
271.6 -4.29898e-06 -1.27414e-07
272 -4.4271e-06 -1.17424e-07
272.4 -4.53512e-06 -9.84053e-08
272.8 -4.62012e-06 -7.09623e-08
273.2 -4.67998e-06 -3.60095e-08
273.6 -4.71348e-06 5.26561e-09
274 -4.72034e-06 5.14513e-08
274.4 -4.7012e-06 1.00969e-07
274.8 -4.65761e-06 1.52134e-07
275.2 -4.59196e-06 2.03223e-07
275.6 -4.50738e-06 2.52543e-07
276 -4.40758e-06 2.98488e-07
276.4 -4.29675e-06 3.39608e-07
276.8 -4.17934e-06 3.74658e-07
277.2 -4.05996e-06 4.02642e-07
277.6 -3.94311e-06 4.22848e-07
278 -3.83308e-06 4.34873e-07
278.4 -3.73376e-06 4.38628e-07
278.8 -3.64849e-06 4.34343e-07
279.2 -3.57994e-06 4.22545e-07
279.6 -3.53005e-06 4.04038e-07
280 -3.49991e-06 3.79862e-07
280.4 -3.48978e-06 3.51252e-07
280.8 -3.49908e-06 3.19583e-07
281.2 -3.52641e-06 2.86315e-07
281.6 -3.56962e-06 2.52934e-07
282 -3.62594e-06 2.20892e-07
282.4 -3.69208e-06 1.9155e-07
282.8 -3.76434e-06 1.66126e-07
283.2 -3.83882e-06 1.45651e-07
283.6 -3.91154e-06 1.30928e-07
284 -3.97862e-06 1.22507e-07
284.4 -4.03642e-06 1.20666e-07
284.8 -4.0817e-06 1.25403e-07
285.2 -4.11172e-06 1.36443e-07
285.6 -4.12441e-06 1.53254e-07
286 -4.11835e-06 1.7507e-07
286.4 -4.09291e-06 2.00927e-07
286.8 -4.04822e-06 2.29704e-07
287.2 -3.98517e-06 2.60171e-07
287.6 -3.90538e-06 2.9104e-07
288 -3.8111e-06 3.21019e-07
288.4 -3.70518e-06 3.4886e-07
288.8 -3.59087e-06 3.73413e-07
289.2 -3.47175e-06 3.93668e-07
289.6 -3.35159e-06 4.08797e-07
290 -3.23414e-06 4.18181e-07
290.4 -3.12307e-06 4.21435e-07
290.8 -3.02176e-06 4.18418e-07
291.2 -2.9332e-06 4.09239e-07
291.6 -2.85989e-06 3.94247e-07
292 -2.80372e-06 3.74016e-07
292.4 -2.76594e-06 3.49316e-07
292.8 -2.74709e-06 3.21083e-07
293.2 -2.74698e-06 2.90379e-07
293.6 -2.76476e-06 2.58348e-07
294 -2.7989e-06 2.26166e-07
294.4 -2.84731e-06 1.95e-07
294.8 -2.90738e-06 1.65956e-07
295.2 -2.97613e-06 1.40037e-07
295.6 -3.05032e-06 1.18106e-07
296 -3.12657e-06 1.00852e-07
296.4 -3.2015e-06 8.8763e-08
296.8 -3.27186e-06 8.21107e-08
297.2 -3.33467e-06 8.09422e-08
297.6 -3.3873e-06 8.50801e-08
298 -3.4276e-06 9.41326e-08
298.4 -3.45395e-06 1.07512e-07
298.8 -3.46535e-06 1.24459e-07
299.2 -3.4614e-06 1.44077e-07
299.6 -3.44233e-06 1.65369e-07
300 -3.40901e-06 1.8728e-07
300.4 -3.36283e-06 2.08737e-07
300.8 -3.3057e-06 2.28694e-07
301.2 -3.23993e-06 2.46175e-07
301.6 -3.16815e-06 2.60313e-07
302 -3.09317e-06 2.7038e-07
302.4 -3.01788e-06 2.75819e-07
302.8 -2.94514e-06 2.76264e-07
303.2 -2.87762e-06 2.71554e-07
303.6 -2.81776e-06 2.61735e-07
304 -2.76758e-06 2.47061e-07
304.4 -2.72871e-06 2.27978e-07
304.8 -2.70223e-06 2.05109e-07
305.2 -2.6887e-06 1.79228e-07
305.6 -2.68807e-06 1.51224e-07
306 -2.69978e-06 1.2207e-07
306.4 -2.72272e-06 9.27845e-08
306.8 -2.75528e-06 6.43866e-08
307.2 -2.79545e-06 3.78609e-08
307.6 -2.84091e-06 1.41173e-08
308 -2.88908e-06 -6.04311e-09
308.4 -2.93729e-06 -2.19587e-08
308.8 -2.98284e-06 -3.31314e-08
309.2 -3.02313e-06 -3.92445e-08
309.6 -3.05577e-06 -4.01731e-08
310 -3.07868e-06 -3.59872e-08
310.4 -3.09017e-06 -2.69468e-08
310.8 -3.08899e-06 -1.34899e-08
311.2 -3.0744e-06 3.7867e-09
311.6 -3.0462e-06 2.4152e-08
312 -3.00475e-06 4.67708e-08
312.4 -2.9509e-06 7.07373e-08
312.8 -2.88603e-06 9.51108e-08
313.2 -2.81193e-06 1.18953e-07
313.6 -2.73078e-06 1.41363e-07
314 -2.64503e-06 1.61515e-07
314.4 -2.55731e-06 1.78684e-07
314.8 -2.47036e-06 1.92278e-07
315.2 -2.38685e-06 2.01854e-07
315.6 -2.30936e-06 2.07137e-07
316 -2.24024e-06 2.08026e-07
316.4 -2.18149e-06 2.04595e-07
316.8 -2.13476e-06 1.9709e-07
317.2 -2.10122e-06 1.85911e-07
317.6 -2.08155e-06 1.71602e-07
318 -2.07593e-06 1.54817e-07
318.4 -2.08399e-06 1.363e-07
318.8 -2.10488e-06 1.16854e-07
319.2 -2.13729e-06 9.73004e-08
319.6 -2.17947e-06 7.84547e-08
320 -2.22938e-06 6.10885e-08
320.4 -2.28468e-06 4.59011e-08
320.8 -2.34288e-06 3.34917e-08
321.2 -2.40145e-06 2.43371e-08
321.6 -2.45785e-06 1.87733e-08
322 -2.50971e-06 1.69843e-08
322.4 -2.55487e-06 1.89964e-08
322.8 -2.59146e-06 2.46786e-08
323.2 -2.61798e-06 3.375e-08
323.6 -2.63338e-06 4.57926e-08
324 -2.63705e-06 6.02695e-08
324.4 -2.62886e-06 7.65479e-08
324.8 -2.60915e-06 9.39254e-08
325.2 -2.57873e-06 1.11659e-07
325.6 -2.53881e-06 1.28996e-07
326 -2.49096e-06 1.45202e-07
326.4 -2.43708e-06 1.59594e-07
326.8 -2.37924e-06 1.71564e-07
327.2 -2.31967e-06 1.80605e-07
327.6 -2.26063e-06 1.8633e-07
328 -2.20432e-06 1.88484e-07
328.4 -2.15282e-06 1.86957e-07
328.8 -2.10797e-06 1.81785e-07
329.2 -2.07133e-06 1.7315e-07
329.6 -2.04411e-06 1.61367e-07
330 -2.02712e-06 1.46874e-07
330.4 -2.02074e-06 1.30215e-07
330.8 -2.02491e-06 1.12013e-07
331.2 -2.03917e-06 9.29489e-08
331.6 -2.06263e-06 7.37325e-08
332 -2.09403e-06 5.50747e-08
332.4 -2.13182e-06 3.7659e-08
332.8 -2.1742e-06 2.21152e-08
333.2 -2.21917e-06 8.99547e-09
333.6 -2.26468e-06 -1.24757e-09
334 -2.30866e-06 -8.27698e-09
334.4 -2.34909e-06 -1.18841e-08
334.8 -2.38415e-06 -1.19953e-08
335.2 -2.41222e-06 -8.67383e-09
335.6 -2.43199e-06 -2.11603e-09
336 -2.44247e-06 7.35783e-09
336.4 -2.44307e-06 1.93172e-08
336.8 -2.43358e-06 3.32391e-08
337.2 -2.41422e-06 4.853e-08
337.6 -2.38557e-06 6.45492e-08
338 -2.34861e-06 8.06351e-08
338.4 -2.30463e-06 9.61308e-08
338.8 -2.25517e-06 1.10411e-07
339.2 -2.202e-06 1.22903e-07
339.6 -2.14702e-06 1.33115e-07
340 -2.09219e-06 1.40646e-07
340.4 -2.03944e-06 1.45209e-07
340.8 -1.99061e-06 1.46636e-07
341.2 -1.94735e-06 1.44884e-07
341.6 -1.91109e-06 1.40035e-07
342 -1.88298e-06 1.32296e-07
342.4 -1.86382e-06 1.21981e-07
342.8 -1.85405e-06 1.09507e-07
343.2 -1.85373e-06 9.53676e-08
343.6 -1.86254e-06 8.01195e-08
344 -1.87982e-06 6.43559e-08
344.4 -1.90455e-06 4.86841e-08
344.8 -1.93542e-06 3.37012e-08
345.2 -1.97092e-06 1.99703e-08
345.6 -2.00933e-06 7.9991e-09
346 -2.04885e-06 -1.78003e-09
346.4 -2.08764e-06 -9.02614e-09
346.8 -2.12389e-06 -1.35022e-08
347.2 -2.15594e-06 -1.50836e-08
347.6 -2.18227e-06 -1.37614e-08
348 -2.20163e-06 -9.64201e-09
348.4 -2.21305e-06 -2.94137e-09
348.8 -2.21586e-06 6.02462e-09
349.2 -2.20979e-06 1.68537e-08
349.6 -2.19486e-06 2.90742e-08
350 -2.1715e-06 4.21644e-08
350.4 -2.14044e-06 5.55737e-08
350.8 -2.10273e-06 6.87449e-08
351.2 -2.05966e-06 8.11364e-08
351.6 -2.01275e-06 9.22436e-08
352 -1.96363e-06 1.01618e-07
352.4 -1.91404e-06 1.08887e-07
352.8 -1.8657e-06 1.13762e-07
353.2 -1.8203e-06 1.16057e-07
353.6 -1.77938e-06 1.1569e-07
354 -1.74429e-06 1.12684e-07
354.4 -1.71616e-06 1.0717e-07
354.8 -1.69584e-06 9.93778e-08
355.2 -1.68384e-06 8.96253e-08
355.6 -1.68037e-06 7.83066e-08
356 -1.68528e-06 6.58754e-08
356.4 -1.69812e-06 5.28256e-08
356.8 -1.7181e-06 3.96724e-08
357.2 -1.74419e-06 2.69308e-08
357.6 -1.77511e-06 1.50955e-08
358 -1.8094e-06 4.62156e-09
358.4 -1.84551e-06 -4.09361e-09
358.8 -1.8818e-06 -1.07253e-08
359.2 -1.91666e-06 -1.50337e-08
359.6 -1.94856e-06 -1.68731e-08
360 -1.9761e-06 -1.61961e-08
360.4 -1.99804e-06 -1.30554e-08
360.8 -2.01343e-06 -7.6004e-09
361.2 -2.02155e-06 -7.06195e-11
361.6 -2.022e-06 9.21463e-09
362 -2.01467e-06 1.98695e-08
362.4 -1.9998e-06 3.14576e-08
362.8 -1.97788e-06 4.35095e-08
363.2 -1.94974e-06 5.55415e-08
363.6 -1.91639e-06 6.70754e-08
364 -1.8791e-06 7.76566e-08
364.4 -1.83924e-06 8.68725e-08
364.8 -1.7983e-06 9.43681e-08
365.2 -1.7578e-06 9.98595e-08
365.6 -1.71922e-06 1.03145e-07
366 -1.68397e-06 1.04111e-07
366.4 -1.65329e-06 1.02737e-07
366.8 -1.62825e-06 9.90965e-08
367.2 -1.60968e-06 9.33497e-08
367.6 -1.59815e-06 8.574e-08
368 -1.59393e-06 7.65818e-08
368.4 -1.59702e-06 6.62478e-08
368.8 -1.60709e-06 5.5154e-08
369.2 -1.62358e-06 4.37425e-08
369.6 -1.64564e-06 3.24639e-08
370 -1.67221e-06 2.17595e-08
370.4 -1.70208e-06 1.20437e-08
370.8 -1.73388e-06 3.68819e-09
371.2 -1.76619e-06 -2.99266e-09
371.6 -1.79759e-06 -7.7536e-09
372 -1.82667e-06 -1.04276e-08
372.4 -1.85217e-06 -1.09316e-08
372.8 -1.87293e-06 -9.26937e-09
373.2 -1.88802e-06 -5.53029e-09
373.6 -1.89672e-06 1.14897e-10
374 -1.89858e-06 7.42152e-09
374.4 -1.89341e-06 1.60814e-08
374.8 -1.88133e-06 2.57354e-08
375.2 -1.8627e-06 3.59886e-08
375.6 -1.83815e-06 4.64257e-08
376 -1.80854e-06 5.66279e-08
376.4 -1.77492e-06 6.61895e-08
376.8 -1.7385e-06 7.47339e-08
377.2 -1.70058e-06 8.1928e-08
377.6 -1.66253e-06 8.74954e-08
378 -1.62569e-06 9.12264e-08
378.4 -1.59136e-06 9.29861e-08
378.8 -1.56073e-06 9.2719e-08
379.2 -1.53482e-06 9.045e-08
379.6 -1.51447e-06 8.62835e-08
380 -1.5003e-06 8.0398e-08
380.4 -1.49266e-06 7.30385e-08
380.8 -1.49165e-06 6.45064e-08
381.2 -1.4971e-06 5.51468e-08
381.6 -1.50861e-06 4.53344e-08
382 -1.52552e-06 3.5459e-08
382.4 -1.54696e-06 2.59089e-08
382.8 -1.57191e-06 1.70566e-08
383.2 -1.59919e-06 9.24323e-09
383.6 -1.62757e-06 2.7661e-09
384 -1.65576e-06 -2.13326e-09
384.4 -1.6825e-06 -5.27794e-09
384.8 -1.70661e-06 -6.56215e-09
385.2 -1.72701e-06 -5.95482e-09
385.6 -1.74277e-06 -3.50017e-09
386 -1.75319e-06 6.84678e-10
386.4 -1.75776e-06 6.41499e-09
386.8 -1.7562e-06 1.34463e-08
387.2 -1.74851e-06 2.14846e-08
387.6 -1.73492e-06 3.01984e-08
388 -1.71588e-06 3.92324e-08
388.4 -1.69209e-06 4.82214e-08
388.8 -1.66441e-06 5.68052e-08
389.2 -1.63386e-06 6.46427e-08
389.6 -1.60157e-06 7.14253e-08
390 -1.56872e-06 7.68888e-08
390.4 -1.53654e-06 8.08238e-08
390.8 -1.50618e-06 8.3083e-08
391.2 -1.47875e-06 8.35872e-08
391.6 -1.45522e-06 8.23274e-08
392 -1.4364e-06 7.93647e-08
392.4 -1.42291e-06 7.48275e-08
392.8 -1.41516e-06 6.89055e-08
393.2 -1.41333e-06 6.18422e-08
393.6 -1.41735e-06 5.39242e-08
394 -1.42693e-06 4.547e-08
394.4 -1.44157e-06 3.68168e-08
394.8 -1.46055e-06 2.83073e-08
395.2 -1.483e-06 2.02756e-08
395.6 -1.50792e-06 1.30345e-08
396 -1.53421e-06 6.86287e-09
396.4 -1.56073e-06 1.99522e-09
396.8 -1.58632e-06 -1.38753e-09
397.2 -1.60989e-06 -3.16468e-09
397.6 -1.63043e-06 -3.28009e-09
398 -1.64705e-06 -1.74389e-09
398.4 -1.65901e-06 1.3684e-09
398.8 -1.6658e-06 5.91939e-09
399.2 -1.66707e-06 1.17157e-08
399.6 -1.66272e-06 1.85161e-08
400 -1.65287e-06 2.60414e-08
